#
# A fatal error has been detected by the Java Runtime Environment:
#
#  SIGSEGV (0xb) at pc=0x00007f0e6108007d, pid=12558, tid=0x00007f0e0e442700
#
# JRE version: OpenJDK Runtime Environment (8.0_181-b13) (build 1.8.0_181-8u181-b13-2~deb9u1-b13)
# Java VM: OpenJDK 64-Bit Server VM (25.181-b13 mixed mode linux-amd64 compressed oops)
# Problematic frame:
# V  [libjvm.so+0x68107d]
#
# Failed to write core dump. Core dumps have been disabled. To enable core dumping, try "ulimit -c unlimited" before starting Java again
#
# If you would like to submit a bug report, please visit:
#   http://bugreport.java.com/bugreport/crash.jsp
#

---------------  T H R E A D  ---------------

Current thread (0x00007f0e5c24b800):  JavaThread "JavaFX Application Thread" [_thread_in_vm, id=12581, stack(0x00007f0e0e342000,0x00007f0e0e443000)]

siginfo: si_signo: 11 (SIGSEGV), si_code: 1 (SEGV_MAPERR), si_addr: 0x0000000000000035

Registers:
RAX=0x0000000000000000, RBX=0x00007f0e5c24b800, RCX=0x00007f0e5c210258, RDX=0x0000000000000035
RSP=0x00007f0e0e441230, RBP=0x00007f0e0e4413b0, RSI=0x00007f0e0e4413d0, RDI=0x00007f0e5c24b9e0
R8 =0x00007f0e0e441400, R9 =0x00007f0e5c24b800, R10=0x00007f0e00000bf0, R11=0x00007f0e4c450500
R12=0x00007f0e5c24b9e0, R13=0x00007f0e5c24b800, R14=0x00007f0e0e441490, R15=0x0000000000000035
RIP=0x00007f0e6108007d, EFLAGS=0x0000000000010206, CSGSFS=0x002b000000000033, ERR=0x0000000000000004
  TRAPNO=0x000000000000000e

Top of Stack: (sp=0x00007f0e0e441230)
0x00007f0e0e441230:   00007f0e0e441340 00007f0e610671d3
0x00007f0e0e441240:   00007f0e470d7c68 00007f0e0e441280
0x00007f0e0e441250:   00007f0e0000000e 00007f0e5c24b9e0
0x00007f0e0e441260:   00007f0e0e441270 00007f0e0e4413d0
0x00007f0e0e441270:   00007f0e4703acc0 00007f0e5c24b800
0x00007f0e0e441280:   00007f0e4703acc0 00007f0e5c24b800
0x00007f0e0e441290:   00007f0e5c24ad50 00007f0e2c000e60
0x00007f0e0e4412a0:   00007f0e2c000e70 00007f0e2c001248
0x00007f0e0e4412b0:   00000000000003d8 00007f0e5c24ad90
0x00007f0e0e4412c0:   00007f0e4703acc0 00007f0e5c24b800
0x00007f0e0e4412d0:   0000000047030c30 00000000d94001d0
0x00007f0e0e4412e0:   0000000000000000 00007f0e4bf86e1b
0x00007f0e0e4412f0:   00007f0e4703acc0 00007f0e5c24b800
0x00007f0e0e441300:   0000000000000000 00000000d9400190
0x00007f0e0e441310:   00007f0e0000006f 00007f0e0000000a
0x00007f0e0e441320:   00000000d7e95308 00007f0e00000000
0x00007f0e0e441330:   00007f0e0e441420 00007f0e0e4413e0
0x00007f0e0e441340:   00007f0e0e4414d0 0000000100000180
0x00007f0e0e441350:   0000000000000002 00007f0e0e441308
0x00007f0e0e441360:   00007f0e0e441349 0000000800000005
0x00007f0e0e441370:   00007f0e00000000 8a40861bd26c9700
0x00007f0e0e441380:   00007f0e0e441390 00007f0e5c24b800
0x00007f0e0e441390:   00007f0e5c24b9e0 00007f0e5c210258
0x00007f0e0e4413a0:   00007f0e0e441490 0000000000000035
0x00007f0e0e4413b0:   00007f0e0e441480 00007f0e610836aa
0x00007f0e0e4413c0:   00007f0e002993b0 00007f0e0e441400
0x00007f0e0e4413d0:   000000000000000e 00007f0e00000000
0x00007f0e0e4413e0:   00007f0e5c24b800 0000000000000000
0x00007f0e0e4413f0:   0000000000000067 8a40861bd26c9700
0x00007f0e0e441400:   00007f0e61869938 00007f0e625937e0
0x00007f0e0e441410:   000000005c22b8a0 00007f0e00000063
0x00007f0e0e441420:   0000000000000000 0000003000000018 

Instructions: (pc=0x00007f0e6108007d)
0x00007f0e6108005d:   ff 48 89 b5 b8 fe ff ff 64 48 8b 04 25 28 00 00
0x00007f0e6108006d:   00 48 89 45 c8 31 c0 48 85 d2 0f 84 3b 03 00 00
0x00007f0e6108007d:   4c 8b 32 4d 85 f6 0f 84 2f 03 00 00 49 8b b9 20
0x00007f0e6108008d:   01 00 00 48 89 cb 4d 89 c4 e8 f5 4c ff ff 4c 89 

Register to memory mapping:

RAX=0x0000000000000000 is an unknown value
RBX=0x00007f0e5c24b800 is a thread
RCX=0x00007f0e5c210258 is an unknown value
RDX=0x0000000000000035 is an unknown value
RSP=0x00007f0e0e441230 is pointing into the stack for thread: 0x00007f0e5c24b800
RBP=0x00007f0e0e4413b0 is pointing into the stack for thread: 0x00007f0e5c24b800
RSI=0x00007f0e0e4413d0 is pointing into the stack for thread: 0x00007f0e5c24b800
RDI=0x00007f0e5c24b9e0 is an unknown value
R8 =0x00007f0e0e441400 is pointing into the stack for thread: 0x00007f0e5c24b800
R9 =0x00007f0e5c24b800 is a thread
R10=0x00007f0e00000bf0 is an unknown value
R11=0x00007f0e4c450500 is at entry_point+32 in (nmethod*)0x00007f0e4c450390
R12=0x00007f0e5c24b9e0 is an unknown value
R13=0x00007f0e5c24b800 is a thread
R14=0x00007f0e0e441490 is pointing into the stack for thread: 0x00007f0e5c24b800
R15=0x0000000000000035 is an unknown value


Stack: [0x00007f0e0e342000,0x00007f0e0e443000],  sp=0x00007f0e0e441230,  free space=1020k
Native frames: (J=compiled Java code, j=interpreted, Vv=VM code, C=native code)
V  [libjvm.so+0x68107d]
V  [libjvm.so+0x6846aa]
C  [libglass.so+0x12d33]  JNIEnv_::CallVoidMethod(_jobject*, _jmethodID*, ...)+0x93
C  [libglass.so+0x1ccf6]  WindowContextBase::process_key(_GdkEventKey*)+0x226
C  [libglass.so+0x1a9c0]  WindowContextBase::im_filter_keypress(_GdkEventKey*)+0x1f0
C  [libglass.so+0x23094]
C  [libgdk-x11-2.0.so.0+0x5acbc]

Java frames: (J=compiled Java code, j=interpreted, Vv=VM code)
j  com.sun.glass.ui.gtk.GtkApplication._runLoop(Ljava/lang/Runnable;Z)V+0
j  com.sun.glass.ui.gtk.GtkApplication.lambda$null$5(Ljava/lang/Runnable;Z)V+7
j  com.sun.glass.ui.gtk.GtkApplication$$Lambda$41.run()V+12
j  java.lang.Thread.run()V+11
v  ~StubRoutines::call_stub

---------------  P R O C E S S  ---------------

Java Threads: ( => current thread )
  0x00007f0e002f3800 JavaThread "mysql-cj-abandoned-connection-cleanup" daemon [_thread_blocked, id=12599, stack(0x00007f0dfc447000,0x00007f0dfc548000)]
  0x00007f0e00272800 JavaThread "Prism Font Disposer" daemon [_thread_blocked, id=12589, stack(0x00007f0e0c027000,0x00007f0e0c128000)]
  0x00007f0e5c24f000 JavaThread "JavaFX-Launcher" [_thread_blocked, id=12583, stack(0x00007f0e0d8ff000,0x00007f0e0da00000)]
=>0x00007f0e5c24b800 JavaThread "JavaFX Application Thread" [_thread_in_vm, id=12581, stack(0x00007f0e0e342000,0x00007f0e0e443000)]
  0x00007f0e5c247000 JavaThread "Thread-1" daemon [_thread_blocked, id=12580, stack(0x00007f0e0e443000,0x00007f0e0e544000)]
  0x00007f0e5c1f9000 JavaThread "QuantumRenderer-0" daemon [_thread_blocked, id=12575, stack(0x00007f0e4544a000,0x00007f0e4554b000)]
  0x00007f0e5c0c4000 JavaThread "Service Thread" daemon [_thread_blocked, id=12573, stack(0x00007f0e45718000,0x00007f0e45819000)]
  0x00007f0e5c0b7000 JavaThread "C1 CompilerThread1" daemon [_thread_blocked, id=12572, stack(0x00007f0e45819000,0x00007f0e4591a000)]
  0x00007f0e5c0b4000 JavaThread "C2 CompilerThread0" daemon [_thread_in_native, id=12571, stack(0x00007f0e4591a000,0x00007f0e45a1b000)]
  0x00007f0e5c0b2800 JavaThread "Signal Dispatcher" daemon [_thread_blocked, id=12570, stack(0x00007f0e45a1b000,0x00007f0e45b1c000)]
  0x00007f0e5c080000 JavaThread "Finalizer" daemon [_thread_blocked, id=12569, stack(0x00007f0e45cb7000,0x00007f0e45db8000)]
  0x00007f0e5c07d800 JavaThread "Reference Handler" daemon [_thread_blocked, id=12568, stack(0x00007f0e45db8000,0x00007f0e45eb9000)]
  0x00007f0e5c00a800 JavaThread "main" [_thread_blocked, id=12563, stack(0x00007f0e62637000,0x00007f0e62738000)]

Other Threads:
  0x00007f0e5c074000 VMThread [stack: 0x00007f0e45eb9000,0x00007f0e45fba000] [id=12567]
  0x00007f0e5c0c6000 WatcherThread [stack: 0x00007f0e45617000,0x00007f0e45718000] [id=12574]

VM state:not at safepoint (normal execution)

VM Mutex/Monitor currently owned by a thread: None

Heap:
 PSYoungGen      total 36864K, used 28664K [0x00000000d7380000, 0x00000000dbb80000, 0x0000000100000000)
  eden space 31744K, 74% used [0x00000000d7380000,0x00000000d8a7f138,0x00000000d9280000)
  from space 5120K, 99% used [0x00000000d9280000,0x00000000d977f060,0x00000000d9780000)
  to   space 5120K, 0% used [0x00000000db680000,0x00000000db680000,0x00000000dbb80000)
 ParOldGen       total 84992K, used 1979K [0x0000000085a00000, 0x000000008ad00000, 0x00000000d7380000)
  object space 84992K, 2% used [0x0000000085a00000,0x0000000085beef40,0x000000008ad00000)
 Metaspace       used 19803K, capacity 20544K, committed 20864K, reserved 1067008K
  class space    used 2653K, capacity 2823K, committed 2944K, reserved 1048576K

Card table byte_map: [0x00007f0e4b7db000,0x00007f0e4bbaf000] byte_map_base: 0x00007f0e4b3ae000

Marking Bits: (ParMarkBitMap*) 0x00007f0e6192d3a0
 Begin Bits: [0x00007f0e4771d000, 0x00007f0e495b5000)
 End Bits:   [0x00007f0e495b5000, 0x00007f0e4b44d000)

Polling page: 0x00007f0e62752000

CodeCache: size=245760Kb used=5936Kb max_used=5936Kb free=239823Kb
 bounds [0x00007f0e4bf6f000, 0x00007f0e4c53f000, 0x00007f0e5af6f000]
 total_blobs=2661 nmethods=1968 adapters=608
 compilation: enabled

Compilation events (10 events):
Event: 11.472 Thread 0x00007f0e5c0b7000 1966       3       sun.text.normalizer.UTF16::charAt (116 bytes)
Event: 11.486 Thread 0x00007f0e5c0b7000 nmethod 1966 0x00007f0e4c53b790 code [0x00007f0e4c53b960, 0x00007f0e4c53c108]
Event: 11.486 Thread 0x00007f0e5c0b7000 1969       3       java.lang.StrictMath::floorOrCeil (128 bytes)
Event: 11.487 Thread 0x00007f0e5c0b7000 nmethod 1969 0x00007f0e4c53c3d0 code [0x00007f0e4c53c560, 0x00007f0e4c53c9f0]
Event: 11.487 Thread 0x00007f0e5c0b7000 1965       3       java.lang.Boolean::<init> (10 bytes)
Event: 11.487 Thread 0x00007f0e5c0b7000 nmethod 1965 0x00007f0e4c53cad0 code [0x00007f0e4c53cc40, 0x00007f0e4c53cdf0]
Event: 11.487 Thread 0x00007f0e5c0b7000 1967       1       javafx.scene.text.Font::impl_getNativeFont (5 bytes)
Event: 11.487 Thread 0x00007f0e5c0b7000 nmethod 1967 0x00007f0e4c53ce90 code [0x00007f0e4c53cfe0, 0x00007f0e4c53d0f0]
Event: 11.487 Thread 0x00007f0e5c0b7000 1968       1       com.sun.javafx.font.PrismFontFile::getDefaultAAMode (2 bytes)
Event: 11.488 Thread 0x00007f0e5c0b7000 nmethod 1968 0x00007f0e4c53d150 code [0x00007f0e4c53d2a0, 0x00007f0e4c53d3b0]

GC Heap History (6 events):
Event: 1.916 GC heap before
{Heap before GC invocations=1 (full 0):
 PSYoungGen      total 36864K, used 31744K [0x00000000d7380000, 0x00000000d9c80000, 0x0000000100000000)
  eden space 31744K, 100% used [0x00000000d7380000,0x00000000d9280000,0x00000000d9280000)
  from space 5120K, 0% used [0x00000000d9780000,0x00000000d9780000,0x00000000d9c80000)
  to   space 5120K, 0% used [0x00000000d9280000,0x00000000d9280000,0x00000000d9780000)
 ParOldGen       total 84992K, used 0K [0x0000000085a00000, 0x000000008ad00000, 0x00000000d7380000)
  object space 84992K, 0% used [0x0000000085a00000,0x0000000085a00000,0x000000008ad00000)
 Metaspace       used 8736K, capacity 9046K, committed 9088K, reserved 1056768K
  class space    used 1042K, capacity 1139K, committed 1152K, reserved 1048576K
Event: 1.933 GC heap after
Heap after GC invocations=1 (full 0):
 PSYoungGen      total 36864K, used 4501K [0x00000000d7380000, 0x00000000d9c80000, 0x0000000100000000)
  eden space 31744K, 0% used [0x00000000d7380000,0x00000000d7380000,0x00000000d9280000)
  from space 5120K, 87% used [0x00000000d9280000,0x00000000d96e5618,0x00000000d9780000)
  to   space 5120K, 0% used [0x00000000d9780000,0x00000000d9780000,0x00000000d9c80000)
 ParOldGen       total 84992K, used 8K [0x0000000085a00000, 0x000000008ad00000, 0x00000000d7380000)
  object space 84992K, 0% used [0x0000000085a00000,0x0000000085a02000,0x000000008ad00000)
 Metaspace       used 8736K, capacity 9046K, committed 9088K, reserved 1056768K
  class space    used 1042K, capacity 1139K, committed 1152K, reserved 1048576K
}
Event: 2.492 GC heap before
{Heap before GC invocations=2 (full 0):
 PSYoungGen      total 36864K, used 36245K [0x00000000d7380000, 0x00000000d9c80000, 0x0000000100000000)
  eden space 31744K, 100% used [0x00000000d7380000,0x00000000d9280000,0x00000000d9280000)
  from space 5120K, 87% used [0x00000000d9280000,0x00000000d96e5618,0x00000000d9780000)
  to   space 5120K, 0% used [0x00000000d9780000,0x00000000d9780000,0x00000000d9c80000)
 ParOldGen       total 84992K, used 8K [0x0000000085a00000, 0x000000008ad00000, 0x00000000d7380000)
  object space 84992K, 0% used [0x0000000085a00000,0x0000000085a02000,0x000000008ad00000)
 Metaspace       used 10734K, capacity 11096K, committed 11264K, reserved 1058816K
  class space    used 1363K, capacity 1476K, committed 1536K, reserved 1048576K
Event: 2.509 GC heap after
Heap after GC invocations=2 (full 0):
 PSYoungGen      total 36864K, used 5118K [0x00000000d7380000, 0x00000000dbb80000, 0x0000000100000000)
  eden space 31744K, 0% used [0x00000000d7380000,0x00000000d7380000,0x00000000d9280000)
  from space 5120K, 99% used [0x00000000d9780000,0x00000000d9c7f8d0,0x00000000d9c80000)
  to   space 5120K, 0% used [0x00000000d9280000,0x00000000d9280000,0x00000000d9780000)
 ParOldGen       total 84992K, used 228K [0x0000000085a00000, 0x000000008ad00000, 0x00000000d7380000)
  object space 84992K, 0% used [0x0000000085a00000,0x0000000085a39190,0x000000008ad00000)
 Metaspace       used 10734K, capacity 11096K, committed 11264K, reserved 1058816K
  class space    used 1363K, capacity 1476K, committed 1536K, reserved 1048576K
}
Event: 3.239 GC heap before
{Heap before GC invocations=3 (full 0):
 PSYoungGen      total 36864K, used 36862K [0x00000000d7380000, 0x00000000dbb80000, 0x0000000100000000)
  eden space 31744K, 100% used [0x00000000d7380000,0x00000000d9280000,0x00000000d9280000)
  from space 5120K, 99% used [0x00000000d9780000,0x00000000d9c7f8d0,0x00000000d9c80000)
  to   space 5120K, 0% used [0x00000000d9280000,0x00000000d9280000,0x00000000d9780000)
 ParOldGen       total 84992K, used 228K [0x0000000085a00000, 0x000000008ad00000, 0x00000000d7380000)
  object space 84992K, 0% used [0x0000000085a00000,0x0000000085a39190,0x000000008ad00000)
 Metaspace       used 13207K, capacity 13652K, committed 13824K, reserved 1060864K
  class space    used 1799K, capacity 1928K, committed 2048K, reserved 1048576K
Event: 3.260 GC heap after
Heap after GC invocations=3 (full 0):
 PSYoungGen      total 36864K, used 5116K [0x00000000d7380000, 0x00000000dbb80000, 0x0000000100000000)
  eden space 31744K, 0% used [0x00000000d7380000,0x00000000d7380000,0x00000000d9280000)
  from space 5120K, 99% used [0x00000000d9280000,0x00000000d977f060,0x00000000d9780000)
  to   space 5120K, 0% used [0x00000000db680000,0x00000000db680000,0x00000000dbb80000)
 ParOldGen       total 84992K, used 1979K [0x0000000085a00000, 0x000000008ad00000, 0x00000000d7380000)
  object space 84992K, 2% used [0x0000000085a00000,0x0000000085beef40,0x000000008ad00000)
 Metaspace       used 13207K, capacity 13652K, committed 13824K, reserved 1060864K
  class space    used 1799K, capacity 1928K, committed 2048K, reserved 1048576K
}

Deoptimization events (10 events):
Event: 9.325 Thread 0x00007f0e5c24b800 Uncommon trap: reason=unstable_if action=reinterpret pc=0x00007f0e4c1d9de0 method=java.lang.CharacterData.of(I)Ljava/lang/CharacterData; @ 4
Event: 10.562 Thread 0x00007f0e5c24b800 Uncommon trap: reason=unstable_if action=reinterpret pc=0x00007f0e4c1edcb0 method=java.lang.AbstractStringBuilder.append(Ljava/lang/String;)Ljava/lang/AbstractStringBuilder; @ 1
Event: 10.563 Thread 0x00007f0e002f3800 Uncommon trap: reason=unstable_if action=reinterpret pc=0x00007f0e4c1ce3b8 method=java.util.zip.ZipCoder.getBytes(Ljava/lang/String;)[B @ 32
Event: 10.563 Thread 0x00007f0e002f3800 Uncommon trap: reason=unstable_if action=reinterpret pc=0x00007f0e4c1b361c method=java.util.zip.ZipCoder.getBytes(Ljava/lang/String;)[B @ 32
Event: 10.564 Thread 0x00007f0e002f3800 Uncommon trap: reason=unstable_if action=reinterpret pc=0x00007f0e4c1ac510 method=java.lang.String.lastIndexOf([CII[CIII)I @ 66
Event: 10.564 Thread 0x00007f0e002f3800 Uncommon trap: reason=unstable_if action=reinterpret pc=0x00007f0e4c145ecc method=java.lang.String.indexOf([CII[CIII)I @ 3
Event: 10.874 Thread 0x00007f0e5c24b800 Uncommon trap: reason=unstable_if action=reinterpret pc=0x00007f0e4c4ca240 method=java.util.Properties.loadConvert([CII[C)Ljava/lang/String; @ 4
Event: 10.876 Thread 0x00007f0e5c24b800 Uncommon trap: reason=unstable_if action=reinterpret pc=0x00007f0e4c4d0cf4 method=java.util.Properties$LineReader.readLine()I @ 174
Event: 11.319 Thread 0x00007f0e5c24b800 Uncommon trap: reason=unstable_if action=reinterpret pc=0x00007f0e4c1aa0dc method=sun.nio.cs.UTF_8$Decoder.decode([BII[C)I @ 30
Event: 11.393 Thread 0x00007f0e5c24b800 Uncommon trap: reason=unstable_if action=reinterpret pc=0x00007f0e4c3f2c7c method=java.lang.StrictMath.floorOrCeil(DDDD)D @ 38

Classes redefined (0 events):
No events

Internal exceptions (10 events):
Event: 0.624 Thread 0x00007f0e5c00a800 Exception <a 'java/security/PrivilegedActionException'> (0x00000000d76359c8) thrown at [/build/openjdk-8-8u181-b13/src/hotspot/src/share/vm/prims/jvm.cpp, line 1435]
Event: 0.624 Thread 0x00007f0e5c00a800 Exception <a 'java/security/PrivilegedActionException'> (0x00000000d7635bd8) thrown at [/build/openjdk-8-8u181-b13/src/hotspot/src/share/vm/prims/jvm.cpp, line 1435]
Event: 0.624 Thread 0x00007f0e5c00a800 Exception <a 'java/lang/NullPointerException'> (0x00000000d7637180) thrown at [/build/openjdk-8-8u181-b13/src/hotspot/src/share/vm/interpreter/linkResolver.cpp, line 1185]
Event: 1.508 Thread 0x00007f0e5c24b800 Exception <a 'java/lang/NullPointerException'> (0x00000000d811a5f8) thrown at [/build/openjdk-8-8u181-b13/src/hotspot/src/share/vm/interpreter/linkResolver.cpp, line 1185]
Event: 1.508 Thread 0x00007f0e5c24b800 Exception <a 'java/lang/NullPointerException'> (0x00000000d811a5f8) thrown at [/build/openjdk-8-8u181-b13/src/hotspot/src/share/vm/prims/jvm.cpp, line 1439]
Event: 2.170 Thread 0x00007f0e5c24b800 Exception <a 'java/lang/ArrayIndexOutOfBoundsException'> (0x00000000d8915d38) thrown at [/build/openjdk-8-8u181-b13/src/hotspot/src/share/vm/runtime/sharedRuntime.cpp, line 605]
Event: 2.171 Thread 0x00007f0e5c24b800 Exception <a 'java/lang/ArrayIndexOutOfBoundsException'> (0x00000000d8916a38) thrown at [/build/openjdk-8-8u181-b13/src/hotspot/src/share/vm/runtime/sharedRuntime.cpp, line 605]
Event: 2.172 Thread 0x00007f0e5c24b800 Exception <a 'java/lang/ArrayIndexOutOfBoundsException'> (0x00000000d8917de0) thrown at [/build/openjdk-8-8u181-b13/src/hotspot/src/share/vm/runtime/sharedRuntime.cpp, line 605]
Event: 2.801 Thread 0x00007f0e5c24b800 Implicit null exception at 0x00007f0e4c24f5b5 to 0x00007f0e4c24f795
Event: 10.561 Thread 0x00007f0e5c24b800 Implicit null exception at 0x00007f0e4c1ed8f5 to 0x00007f0e4c1edc9d

Events (10 events):
Event: 11.373 loading class javafx/scene/effect/Reflection$1 done
Event: 11.373 loading class com/sun/javafx/effect/EffectDirtyBits
Event: 11.373 loading class com/sun/javafx/effect/EffectDirtyBits done
Event: 11.374 loading class javafx/scene/Node$MiscProperties$9$1
Event: 11.374 loading class javafx/scene/Node$MiscProperties$9$1 done
Event: 11.393 Thread 0x00007f0e5c24b800 Uncommon trap: trap_request=0xffffff65 fr.pc=0x00007f0e4c3f2c7c
Event: 11.393 Thread 0x00007f0e5c24b800 DEOPT PACKING pc=0x00007f0e4c3f2c7c sp=0x00007f0e0e43f760
Event: 11.393 Thread 0x00007f0e5c24b800 DEOPT UNPACKING pc=0x00007f0e4bfb447a sp=0x00007f0e0e43f6e8 mode 2
Event: 11.488 loading class com/sun/javafx/scene/KeyboardShortcutsHandler$1
Event: 11.488 loading class com/sun/javafx/scene/KeyboardShortcutsHandler$1 done


Dynamic libraries:
85a00000-8ad00000 rw-p 00000000 00:00 0 
8ad00000-d7380000 ---p 00000000 00:00 0 
d7380000-dbb80000 rw-p 00000000 00:00 0 
dbb80000-100000000 ---p 00000000 00:00 0 
100000000-1002e0000 rw-p 00000000 00:00 0 
1002e0000-140000000 ---p 00000000 00:00 0 
558aa57f8000-558aa57f9000 r-xp 00000000 08:08 1715118                    /usr/lib/jvm/java-8-openjdk-amd64/jre/bin/java
558aa59f8000-558aa59f9000 r--p 00000000 08:08 1715118                    /usr/lib/jvm/java-8-openjdk-amd64/jre/bin/java
558aa59f9000-558aa59fa000 rw-p 00001000 08:08 1715118                    /usr/lib/jvm/java-8-openjdk-amd64/jre/bin/java
558aa6d10000-558aa6d31000 rw-p 00000000 00:00 0                          [heap]
7f0dfc047000-7f0dfc1c7000 rw-p 00000000 00:00 0 
7f0dfc1c7000-7f0dfc247000 ---p 00000000 00:00 0 
7f0dfc247000-7f0dfc447000 rw-p 00000000 00:00 0 
7f0dfc447000-7f0dfc44a000 ---p 00000000 00:00 0 
7f0dfc44a000-7f0dfc548000 rw-p 00000000 00:00 0 
7f0dfc548000-7f0dfc54d000 rw-s 00000000 00:18 1777                       /i915 (deleted)
7f0dfc643000-7f0dfc648000 r--s 002f9000 08:08 1715168                    /usr/lib/jvm/java-8-openjdk-amd64/jre/lib/charsets.jar
7f0dfc648000-7f0dfc64d000 r--s 0009d000 08:08 1715201                    /usr/lib/jvm/java-8-openjdk-amd64/jre/lib/jsse.jar
7f0dfc64d000-7f0dfc65d000 rw-s 00000000 00:18 1774                       /i915 (deleted)
7f0dfc65d000-7f0dfc661000 rw-s 00000000 00:18 1772                       /i915 (deleted)
7f0dfc661000-7f0dfc6c1000 rw-s 1012ad000 00:06 344                       /dev/dri/card0
7f0dfc6c1000-7f0dfc881000 rw-s 101e57000 00:06 344                       /dev/dri/card0
7f0dfc881000-7f0dfc8e1000 rw-s 10813e000 00:06 344                       /dev/dri/card0
7f0dfc8e1000-7f0dfc8ef000 rw-s 1064d5000 00:06 344                       /dev/dri/card0
7f0dfc8ef000-7f0dfc8f3000 rw-s 00000000 00:18 1762                       /i915 (deleted)
7f0dfc8f3000-7f0dfc8f8000 rw-s 00000000 00:18 1761                       /i915 (deleted)
7f0dfc8f8000-7f0dfcab8000 rw-s 101bd7000 00:06 344                       /dev/dri/card0
7f0dfcab8000-7f0dfcdb8000 rw-s 106f3e000 00:06 344                       /dev/dri/card0
7f0dfcdb8000-7f0dfcdff000 r--p 00000000 08:08 2491713                    /usr/share/fonts/truetype/noto/NotoSans-BoldItalic.ttf
7f0dfcdff000-7f0dfcfff000 rw-p 00000000 00:00 0 
7f0dfcfff000-7f0e00000000 rw-p 00000000 00:00 0 
7f0e00000000-7f0e0054c000 rw-p 00000000 00:00 0 
7f0e0054c000-7f0e04000000 ---p 00000000 00:00 0 
7f0e04000000-7f0e04021000 rw-p 00000000 00:00 0 
7f0e04021000-7f0e08000000 ---p 00000000 00:00 0 
7f0e08000000-7f0e08021000 rw-p 00000000 00:00 0 
7f0e08021000-7f0e0c000000 ---p 00000000 00:00 0 
7f0e0c000000-7f0e0c001000 rw-s 101950000 00:06 344                       /dev/dri/card0
7f0e0c001000-7f0e0c002000 rw-s 1064e3000 00:06 344                       /dev/dri/card0
7f0e0c002000-7f0e0c012000 rw-s 00000000 00:18 1763                       /i915 (deleted)
7f0e0c012000-7f0e0c017000 rw-s 00000000 00:18 545                        /i915 (deleted)
7f0e0c017000-7f0e0c027000 rw-s 00000000 00:18 1754                       /i915 (deleted)
7f0e0c027000-7f0e0c02a000 ---p 00000000 00:00 0 
7f0e0c02a000-7f0e0c128000 rw-p 00000000 00:00 0 
7f0e0c128000-7f0e0c173000 r--p 00000000 08:08 2491715                    /usr/share/fonts/truetype/noto/NotoSans-Regular.ttf
7f0e0c173000-7f0e0c1a3000 r-xp 00000000 08:08 1973152                    /usr/lib/x86_64-linux-gnu/gtk-2.0/2.10.0/engines/libmurrine.so
7f0e0c1a3000-7f0e0c3a3000 ---p 00030000 08:08 1973152                    /usr/lib/x86_64-linux-gnu/gtk-2.0/2.10.0/engines/libmurrine.so
7f0e0c3a3000-7f0e0c3a4000 r--p 00030000 08:08 1973152                    /usr/lib/x86_64-linux-gnu/gtk-2.0/2.10.0/engines/libmurrine.so
7f0e0c3a4000-7f0e0c3a5000 rw-p 00031000 08:08 1973152                    /usr/lib/x86_64-linux-gnu/gtk-2.0/2.10.0/engines/libmurrine.so
7f0e0c3a5000-7f0e0c3a7000 r-xp 00000000 08:08 1973145                    /usr/lib/x86_64-linux-gnu/gtk-2.0/2.10.0/engines/libadwaita.so
7f0e0c3a7000-7f0e0c5a7000 ---p 00002000 08:08 1973145                    /usr/lib/x86_64-linux-gnu/gtk-2.0/2.10.0/engines/libadwaita.so
7f0e0c5a7000-7f0e0c5a8000 r--p 00002000 08:08 1973145                    /usr/lib/x86_64-linux-gnu/gtk-2.0/2.10.0/engines/libadwaita.so
7f0e0c5a8000-7f0e0c5a9000 rw-p 00003000 08:08 1973145                    /usr/lib/x86_64-linux-gnu/gtk-2.0/2.10.0/engines/libadwaita.so
7f0e0c5a9000-7f0e0c5b3000 r-xp 00000000 08:08 1973153                    /usr/lib/x86_64-linux-gnu/gtk-2.0/2.10.0/engines/libpixmap.so
7f0e0c5b3000-7f0e0c7b2000 ---p 0000a000 08:08 1973153                    /usr/lib/x86_64-linux-gnu/gtk-2.0/2.10.0/engines/libpixmap.so
7f0e0c7b2000-7f0e0c7b3000 r--p 00009000 08:08 1973153                    /usr/lib/x86_64-linux-gnu/gtk-2.0/2.10.0/engines/libpixmap.so
7f0e0c7b3000-7f0e0c7b4000 rw-p 0000a000 08:08 1973153                    /usr/lib/x86_64-linux-gnu/gtk-2.0/2.10.0/engines/libpixmap.so
7f0e0c7b4000-7f0e0c9b4000 rw-p 00000000 00:00 0 
7f0e0c9b4000-7f0e0c9b9000 r-xp 00000000 08:08 1717399                    /usr/lib/jvm/java-8-openjdk-amd64/jre/lib/amd64/libjavafx_font_freetype.so
7f0e0c9b9000-7f0e0cbb8000 ---p 00005000 08:08 1717399                    /usr/lib/jvm/java-8-openjdk-amd64/jre/lib/amd64/libjavafx_font_freetype.so
7f0e0cbb8000-7f0e0cbb9000 r--p 00004000 08:08 1717399                    /usr/lib/jvm/java-8-openjdk-amd64/jre/lib/amd64/libjavafx_font_freetype.so
7f0e0cbb9000-7f0e0cbba000 rw-p 00005000 08:08 1717399                    /usr/lib/jvm/java-8-openjdk-amd64/jre/lib/amd64/libjavafx_font_freetype.so
7f0e0cbba000-7f0e0cbbd000 r-xp 00000000 08:08 1717398                    /usr/lib/jvm/java-8-openjdk-amd64/jre/lib/amd64/libjavafx_font.so
7f0e0cbbd000-7f0e0cdbc000 ---p 00003000 08:08 1717398                    /usr/lib/jvm/java-8-openjdk-amd64/jre/lib/amd64/libjavafx_font.so
7f0e0cdbc000-7f0e0cdbd000 r--p 00002000 08:08 1717398                    /usr/lib/jvm/java-8-openjdk-amd64/jre/lib/amd64/libjavafx_font.so
7f0e0cdbd000-7f0e0cdbe000 rw-p 00003000 08:08 1717398                    /usr/lib/jvm/java-8-openjdk-amd64/jre/lib/amd64/libjavafx_font.so
7f0e0cdbe000-7f0e0ce27000 r-xp 00000000 08:08 1974422                    /usr/lib/x86_64-linux-gnu/libjpeg.so.62.2.0
7f0e0ce27000-7f0e0d027000 ---p 00069000 08:08 1974422                    /usr/lib/x86_64-linux-gnu/libjpeg.so.62.2.0
7f0e0d027000-7f0e0d028000 r--p 00069000 08:08 1974422                    /usr/lib/x86_64-linux-gnu/libjpeg.so.62.2.0
7f0e0d028000-7f0e0d029000 rw-p 0006a000 08:08 1974422                    /usr/lib/x86_64-linux-gnu/libjpeg.so.62.2.0
7f0e0d029000-7f0e0d02d000 r-xp 00000000 08:08 1717401                    /usr/lib/jvm/java-8-openjdk-amd64/jre/lib/amd64/libjavafx_iio.so
7f0e0d02d000-7f0e0d22c000 ---p 00004000 08:08 1717401                    /usr/lib/jvm/java-8-openjdk-amd64/jre/lib/amd64/libjavafx_iio.so
7f0e0d22c000-7f0e0d22d000 r--p 00003000 08:08 1717401                    /usr/lib/jvm/java-8-openjdk-amd64/jre/lib/amd64/libjavafx_iio.so
7f0e0d22d000-7f0e0d22e000 rw-p 00004000 08:08 1717401                    /usr/lib/jvm/java-8-openjdk-amd64/jre/lib/amd64/libjavafx_iio.so
7f0e0d22e000-7f0e0d42e000 rw-p 00000000 00:00 0 
7f0e0d42e000-7f0e0d4d4000 r--s 010bb000 08:09 12980590                   /home/atomx/Desktop/My-Libraries/Java/JavaFX/jfxrt.jar
7f0e0d4d4000-7f0e0d4eb000 r-xp 00000000 08:08 1715156                    /usr/lib/jvm/java-8-openjdk-amd64/jre/lib/amd64/libnet.so
7f0e0d4eb000-7f0e0d6ea000 ---p 00017000 08:08 1715156                    /usr/lib/jvm/java-8-openjdk-amd64/jre/lib/amd64/libnet.so
7f0e0d6ea000-7f0e0d6eb000 r--p 00016000 08:08 1715156                    /usr/lib/jvm/java-8-openjdk-amd64/jre/lib/amd64/libnet.so
7f0e0d6eb000-7f0e0d6ec000 rw-p 00017000 08:08 1715156                    /usr/lib/jvm/java-8-openjdk-amd64/jre/lib/amd64/libnet.so
7f0e0d6ec000-7f0e0d6fd000 r-xp 00000000 08:08 1715157                    /usr/lib/jvm/java-8-openjdk-amd64/jre/lib/amd64/libnio.so
7f0e0d6fd000-7f0e0d8fd000 ---p 00011000 08:08 1715157                    /usr/lib/jvm/java-8-openjdk-amd64/jre/lib/amd64/libnio.so
7f0e0d8fd000-7f0e0d8fe000 r--p 00011000 08:08 1715157                    /usr/lib/jvm/java-8-openjdk-amd64/jre/lib/amd64/libnio.so
7f0e0d8fe000-7f0e0d8ff000 rw-p 00012000 08:08 1715157                    /usr/lib/jvm/java-8-openjdk-amd64/jre/lib/amd64/libnio.so
7f0e0d8ff000-7f0e0d902000 ---p 00000000 00:00 0 
7f0e0d902000-7f0e0da00000 rw-p 00000000 00:00 0 
7f0e0da00000-7f0e0da01000 ---p 00000000 00:00 0 
7f0e0da01000-7f0e0e201000 rw-p 00000000 00:00 0 
7f0e0e201000-7f0e0e342000 rw-s 00000000 08:09 12845132                   /home/atomx/.cache/mesa_shader_cache/index
7f0e0e342000-7f0e0e345000 ---p 00000000 00:00 0 
7f0e0e345000-7f0e0e443000 rw-p 00000000 00:00 0 
7f0e0e443000-7f0e0e446000 ---p 00000000 00:00 0 
7f0e0e446000-7f0e0e544000 rw-p 00000000 00:00 0 
7f0e0e544000-7f0e0e56d000 r-xp 00000000 08:08 1717396                    /usr/lib/jvm/java-8-openjdk-amd64/jre/lib/amd64/libglass.so
7f0e0e56d000-7f0e0e76d000 ---p 00029000 08:08 1717396                    /usr/lib/jvm/java-8-openjdk-amd64/jre/lib/amd64/libglass.so
7f0e0e76d000-7f0e0e76e000 r--p 00029000 08:08 1717396                    /usr/lib/jvm/java-8-openjdk-amd64/jre/lib/amd64/libglass.so
7f0e0e76e000-7f0e0e76f000 rw-p 0002a000 08:08 1717396                    /usr/lib/jvm/java-8-openjdk-amd64/jre/lib/amd64/libglass.so
7f0e0e76f000-7f0e0e770000 rw-p 00000000 00:00 0 
7f0e0e770000-7f0e0e771000 ---p 00000000 00:00 0 
7f0e0e771000-7f0e0ef71000 rw-p 00000000 00:00 0 
7f0e0ef71000-7f0e0ef79000 r-xp 00000000 08:08 1974752                    /usr/lib/x86_64-linux-gnu/libpciaccess.so.0.11.1
7f0e0ef79000-7f0e0f179000 ---p 00008000 08:08 1974752                    /usr/lib/x86_64-linux-gnu/libpciaccess.so.0.11.1
7f0e0f179000-7f0e0f17a000 r--p 00008000 08:08 1974752                    /usr/lib/x86_64-linux-gnu/libpciaccess.so.0.11.1
7f0e0f17a000-7f0e0f17b000 rw-p 00009000 08:08 1974752                    /usr/lib/x86_64-linux-gnu/libpciaccess.so.0.11.1
7f0e0f17b000-7f0e0f186000 r-xp 00000000 08:08 1973844                    /usr/lib/x86_64-linux-gnu/libdrm_radeon.so.1.0.1
7f0e0f186000-7f0e0f385000 ---p 0000b000 08:08 1973844                    /usr/lib/x86_64-linux-gnu/libdrm_radeon.so.1.0.1
7f0e0f385000-7f0e0f386000 r--p 0000a000 08:08 1973844                    /usr/lib/x86_64-linux-gnu/libdrm_radeon.so.1.0.1
7f0e0f386000-7f0e0f387000 rw-p 0000b000 08:08 1973844                    /usr/lib/x86_64-linux-gnu/libdrm_radeon.so.1.0.1
7f0e0f387000-7f0e0f38e000 r-xp 00000000 08:08 1973842                    /usr/lib/x86_64-linux-gnu/libdrm_nouveau.so.2.0.0
7f0e0f38e000-7f0e0f58d000 ---p 00007000 08:08 1973842                    /usr/lib/x86_64-linux-gnu/libdrm_nouveau.so.2.0.0
7f0e0f58d000-7f0e0f58e000 r--p 00006000 08:08 1973842                    /usr/lib/x86_64-linux-gnu/libdrm_nouveau.so.2.0.0
7f0e0f58e000-7f0e0f58f000 rw-p 00007000 08:08 1973842                    /usr/lib/x86_64-linux-gnu/libdrm_nouveau.so.2.0.0
7f0e0f58f000-7f0e0f5b2000 r-xp 00000000 08:08 1973840                    /usr/lib/x86_64-linux-gnu/libdrm_intel.so.1.0.0
7f0e0f5b2000-7f0e0f7b1000 ---p 00023000 08:08 1973840                    /usr/lib/x86_64-linux-gnu/libdrm_intel.so.1.0.0
7f0e0f7b1000-7f0e0f7b2000 r--p 00022000 08:08 1973840                    /usr/lib/x86_64-linux-gnu/libdrm_intel.so.1.0.0
7f0e0f7b2000-7f0e0f7b3000 rw-p 00023000 08:08 1973840                    /usr/lib/x86_64-linux-gnu/libdrm_intel.so.1.0.0
7f0e0f7b3000-7f0e100e2000 r-xp 00000000 08:08 1972506                    /usr/lib/x86_64-linux-gnu/dri/i965_dri.so
7f0e100e2000-7f0e102e1000 ---p 0092f000 08:08 1972506                    /usr/lib/x86_64-linux-gnu/dri/i965_dri.so
7f0e102e1000-7f0e1033b000 r--p 0092e000 08:08 1972506                    /usr/lib/x86_64-linux-gnu/dri/i965_dri.so
7f0e1033b000-7f0e10346000 rw-p 00988000 08:08 1972506                    /usr/lib/x86_64-linux-gnu/dri/i965_dri.so
7f0e10346000-7f0e103f9000 rw-p 00000000 00:00 0 
7f0e103f9000-7f0e10409000 r-xp 00000000 08:08 1973836                    /usr/lib/x86_64-linux-gnu/libdrm.so.2.4.0
7f0e10409000-7f0e10608000 ---p 00010000 08:08 1973836                    /usr/lib/x86_64-linux-gnu/libdrm.so.2.4.0
7f0e10608000-7f0e10609000 r--p 0000f000 08:08 1973836                    /usr/lib/x86_64-linux-gnu/libdrm.so.2.4.0
7f0e10609000-7f0e1060a000 rw-p 00010000 08:08 1973836                    /usr/lib/x86_64-linux-gnu/libdrm.so.2.4.0
7f0e1060a000-7f0e1060e000 r-xp 00000000 08:08 1975194                    /usr/lib/x86_64-linux-gnu/libxcb-dri2.so.0.0.0
7f0e1060e000-7f0e1080d000 ---p 00004000 08:08 1975194                    /usr/lib/x86_64-linux-gnu/libxcb-dri2.so.0.0.0
7f0e1080d000-7f0e1080e000 r--p 00003000 08:08 1975194                    /usr/lib/x86_64-linux-gnu/libxcb-dri2.so.0.0.0
7f0e1080e000-7f0e1080f000 rw-p 00004000 08:08 1975194                    /usr/lib/x86_64-linux-gnu/libxcb-dri2.so.0.0.0
7f0e1080f000-7f0e10827000 r-xp 00000000 08:08 1975200                    /usr/lib/x86_64-linux-gnu/libxcb-glx.so.0.0.0
7f0e10827000-7f0e10a27000 ---p 00018000 08:08 1975200                    /usr/lib/x86_64-linux-gnu/libxcb-glx.so.0.0.0
7f0e10a27000-7f0e10a29000 r--p 00018000 08:08 1975200                    /usr/lib/x86_64-linux-gnu/libxcb-glx.so.0.0.0
7f0e10a29000-7f0e10a2a000 rw-p 0001a000 08:08 1975200                    /usr/lib/x86_64-linux-gnu/libxcb-glx.so.0.0.0
7f0e10a2a000-7f0e10a2b000 r-xp 00000000 08:08 1973515                    /usr/lib/x86_64-linux-gnu/libX11-xcb.so.1.0.0
7f0e10a2b000-7f0e10c2a000 ---p 00001000 08:08 1973515                    /usr/lib/x86_64-linux-gnu/libX11-xcb.so.1.0.0
7f0e10c2a000-7f0e10c2b000 r--p 00000000 08:08 1973515                    /usr/lib/x86_64-linux-gnu/libX11-xcb.so.1.0.0
7f0e10c2b000-7f0e10c2c000 rw-p 00001000 08:08 1973515                    /usr/lib/x86_64-linux-gnu/libX11-xcb.so.1.0.0
7f0e10c2c000-7f0e10c58000 r-xp 00000000 08:08 1974054                    /usr/lib/x86_64-linux-gnu/libglapi.so.0.0.0
7f0e10c58000-7f0e10e57000 ---p 0002c000 08:08 1974054                    /usr/lib/x86_64-linux-gnu/libglapi.so.0.0.0
7f0e10e57000-7f0e10e5b000 r--p 0002b000 08:08 1974054                    /usr/lib/x86_64-linux-gnu/libglapi.so.0.0.0
7f0e10e5b000-7f0e10e5c000 rw-p 0002f000 08:08 1974054                    /usr/lib/x86_64-linux-gnu/libglapi.so.0.0.0
7f0e10e5c000-7f0e10e5d000 rw-p 00000000 00:00 0 
7f0e10e5d000-7f0e10e5e000 r-xp 00000000 08:08 1975250                    /usr/lib/x86_64-linux-gnu/libxshmfence.so.1.0.0
7f0e10e5e000-7f0e1105d000 ---p 00001000 08:08 1975250                    /usr/lib/x86_64-linux-gnu/libxshmfence.so.1.0.0
7f0e1105d000-7f0e1105e000 r--p 00000000 08:08 1975250                    /usr/lib/x86_64-linux-gnu/libxshmfence.so.1.0.0
7f0e1105e000-7f0e1105f000 rw-p 00001000 08:08 1975250                    /usr/lib/x86_64-linux-gnu/libxshmfence.so.1.0.0
7f0e1105f000-7f0e11065000 r-xp 00000000 08:08 1975220                    /usr/lib/x86_64-linux-gnu/libxcb-sync.so.1.0.0
7f0e11065000-7f0e11264000 ---p 00006000 08:08 1975220                    /usr/lib/x86_64-linux-gnu/libxcb-sync.so.1.0.0
7f0e11264000-7f0e11265000 r--p 00005000 08:08 1975220                    /usr/lib/x86_64-linux-gnu/libxcb-sync.so.1.0.0
7f0e11265000-7f0e11266000 rw-p 00006000 08:08 1975220                    /usr/lib/x86_64-linux-gnu/libxcb-sync.so.1.0.0
7f0e11266000-7f0e11268000 r-xp 00000000 08:08 1975208                    /usr/lib/x86_64-linux-gnu/libxcb-present.so.0.0.0
7f0e11268000-7f0e11467000 ---p 00002000 08:08 1975208                    /usr/lib/x86_64-linux-gnu/libxcb-present.so.0.0.0
7f0e11467000-7f0e11468000 r--p 00001000 08:08 1975208                    /usr/lib/x86_64-linux-gnu/libxcb-present.so.0.0.0
7f0e11468000-7f0e11469000 rw-p 00002000 08:08 1975208                    /usr/lib/x86_64-linux-gnu/libxcb-present.so.0.0.0
7f0e11469000-7f0e11470000 r-xp 00000000 08:08 1975224                    /usr/lib/x86_64-linux-gnu/libxcb-xfixes.so.0.0.0
7f0e11470000-7f0e1166f000 ---p 00007000 08:08 1975224                    /usr/lib/x86_64-linux-gnu/libxcb-xfixes.so.0.0.0
7f0e1166f000-7f0e11670000 r--p 00006000 08:08 1975224                    /usr/lib/x86_64-linux-gnu/libxcb-xfixes.so.0.0.0
7f0e11670000-7f0e11671000 rw-p 00007000 08:08 1975224                    /usr/lib/x86_64-linux-gnu/libxcb-xfixes.so.0.0.0
7f0e11671000-7f0e11673000 r-xp 00000000 08:08 1975196                    /usr/lib/x86_64-linux-gnu/libxcb-dri3.so.0.0.0
7f0e11673000-7f0e11872000 ---p 00002000 08:08 1975196                    /usr/lib/x86_64-linux-gnu/libxcb-dri3.so.0.0.0
7f0e11872000-7f0e11873000 r--p 00001000 08:08 1975196                    /usr/lib/x86_64-linux-gnu/libxcb-dri3.so.0.0.0
7f0e11873000-7f0e11874000 rw-p 00002000 08:08 1975196                    /usr/lib/x86_64-linux-gnu/libxcb-dri3.so.0.0.0
7f0e11874000-7f0e118e6000 r-xp 00000000 08:08 1973267                    /usr/lib/x86_64-linux-gnu/libGLX_mesa.so.0.0.0
7f0e118e6000-7f0e11ae5000 ---p 00072000 08:08 1973267                    /usr/lib/x86_64-linux-gnu/libGLX_mesa.so.0.0.0
7f0e11ae5000-7f0e11ae8000 r--p 00071000 08:08 1973267                    /usr/lib/x86_64-linux-gnu/libGLX_mesa.so.0.0.0
7f0e11ae8000-7f0e11ae9000 rw-p 00074000 08:08 1973267                    /usr/lib/x86_64-linux-gnu/libGLX_mesa.so.0.0.0
7f0e11ae9000-7f0e11aea000 rw-p 00000000 00:00 0 
7f0e11aea000-7f0e11aee000 r-xp 00000000 08:08 1975099                    /usr/lib/x86_64-linux-gnu/libuuid.so.1.3.0
7f0e11aee000-7f0e11ced000 ---p 00004000 08:08 1975099                    /usr/lib/x86_64-linux-gnu/libuuid.so.1.3.0
7f0e11ced000-7f0e11cee000 r--p 00003000 08:08 1975099                    /usr/lib/x86_64-linux-gnu/libuuid.so.1.3.0
7f0e11cee000-7f0e11cef000 rw-p 00004000 08:08 1975099                    /usr/lib/x86_64-linux-gnu/libuuid.so.1.3.0
7f0e11cef000-7f0e11d02000 r-xp 00000000 08:08 1973672                    /usr/lib/x86_64-linux-gnu/libbsd.so.0.8.3
7f0e11d02000-7f0e11f02000 ---p 00013000 08:08 1973672                    /usr/lib/x86_64-linux-gnu/libbsd.so.0.8.3
7f0e11f02000-7f0e11f03000 r--p 00013000 08:08 1973672                    /usr/lib/x86_64-linux-gnu/libbsd.so.0.8.3
7f0e11f03000-7f0e11f04000 rw-p 00014000 08:08 1973672                    /usr/lib/x86_64-linux-gnu/libbsd.so.0.8.3
7f0e11f04000-7f0e11f05000 rw-p 00000000 00:00 0 
7f0e11f05000-7f0e11f0c000 r-xp 00000000 08:08 1973762                    /usr/lib/x86_64-linux-gnu/libdatrie.so.1.3.3
7f0e11f0c000-7f0e1210b000 ---p 00007000 08:08 1973762                    /usr/lib/x86_64-linux-gnu/libdatrie.so.1.3.3
7f0e1210b000-7f0e1210c000 r--p 00006000 08:08 1973762                    /usr/lib/x86_64-linux-gnu/libdatrie.so.1.3.3
7f0e1210c000-7f0e1210d000 rw-p 00007000 08:08 1973762                    /usr/lib/x86_64-linux-gnu/libdatrie.so.1.3.3
7f0e1210d000-7f0e12138000 r-xp 00000000 08:08 1974207                    /usr/lib/x86_64-linux-gnu/libgraphite2.so.3.0.1
7f0e12138000-7f0e12337000 ---p 0002b000 08:08 1974207                    /usr/lib/x86_64-linux-gnu/libgraphite2.so.3.0.1
7f0e12337000-7f0e12339000 r--p 0002a000 08:08 1974207                    /usr/lib/x86_64-linux-gnu/libgraphite2.so.3.0.1
7f0e12339000-7f0e1233a000 rw-p 0002c000 08:08 1974207                    /usr/lib/x86_64-linux-gnu/libgraphite2.so.3.0.1
7f0e1233a000-7f0e1237b000 r-xp 00000000 08:08 1973657                    /usr/lib/x86_64-linux-gnu/libblkid.so.1.1.0
7f0e1237b000-7f0e1257a000 ---p 00041000 08:08 1973657                    /usr/lib/x86_64-linux-gnu/libblkid.so.1.1.0
7f0e1257a000-7f0e1257e000 r--p 00040000 08:08 1973657                    /usr/lib/x86_64-linux-gnu/libblkid.so.1.1.0
7f0e1257e000-7f0e1257f000 rw-p 00044000 08:08 1973657                    /usr/lib/x86_64-linux-gnu/libblkid.so.1.1.0
7f0e1257f000-7f0e12580000 rw-p 00000000 00:00 0 
7f0e12580000-7f0e12585000 r-xp 00000000 08:08 1973532                    /usr/lib/x86_64-linux-gnu/libXdmcp.so.6.0.0
7f0e12585000-7f0e12784000 ---p 00005000 08:08 1973532                    /usr/lib/x86_64-linux-gnu/libXdmcp.so.6.0.0
7f0e12784000-7f0e12785000 r--p 00004000 08:08 1973532                    /usr/lib/x86_64-linux-gnu/libXdmcp.so.6.0.0
7f0e12785000-7f0e12786000 rw-p 00005000 08:08 1973532                    /usr/lib/x86_64-linux-gnu/libXdmcp.so.6.0.0
7f0e12786000-7f0e12789000 r-xp 00000000 08:08 1973521                    /usr/lib/x86_64-linux-gnu/libXau.so.6.0.0
7f0e12789000-7f0e12988000 ---p 00003000 08:08 1973521                    /usr/lib/x86_64-linux-gnu/libXau.so.6.0.0
7f0e12988000-7f0e12989000 r--p 00002000 08:08 1973521                    /usr/lib/x86_64-linux-gnu/libXau.so.6.0.0
7f0e12989000-7f0e1298a000 rw-p 00003000 08:08 1973521                    /usr/lib/x86_64-linux-gnu/libXau.so.6.0.0
7f0e1298a000-7f0e129fa000 r-xp 00000000 08:08 1973269                    /usr/lib/x86_64-linux-gnu/libGLdispatch.so.0.0.0
7f0e129fa000-7f0e12bfa000 ---p 00070000 08:08 1973269                    /usr/lib/x86_64-linux-gnu/libGLdispatch.so.0.0.0
7f0e12bfa000-7f0e12c23000 r--p 00070000 08:08 1973269                    /usr/lib/x86_64-linux-gnu/libGLdispatch.so.0.0.0
7f0e12c23000-7f0e12c24000 rw-p 00099000 08:08 1973269                    /usr/lib/x86_64-linux-gnu/libGLdispatch.so.0.0.0
7f0e12c24000-7f0e12c44000 rw-p 00000000 00:00 0 
7f0e12c44000-7f0e12c54000 r-xp 00000000 08:08 1973264                    /usr/lib/x86_64-linux-gnu/libGLX.so.0.0.0
7f0e12c54000-7f0e12e54000 ---p 00010000 08:08 1973264                    /usr/lib/x86_64-linux-gnu/libGLX.so.0.0.0
7f0e12e54000-7f0e12e55000 r--p 00010000 08:08 1973264                    /usr/lib/x86_64-linux-gnu/libGLX.so.0.0.0
7f0e12e55000-7f0e12e56000 rw-p 00011000 08:08 1973264                    /usr/lib/x86_64-linux-gnu/libGLX.so.0.0.0
7f0e12e56000-7f0e12e76000 rw-p 00000000 00:00 0 
7f0e12e76000-7f0e12ee8000 r-xp 00000000 08:08 1974757                    /usr/lib/x86_64-linux-gnu/libpcre.so.3.13.3
7f0e12ee8000-7f0e130e7000 ---p 00072000 08:08 1974757                    /usr/lib/x86_64-linux-gnu/libpcre.so.3.13.3
7f0e130e7000-7f0e130e8000 r--p 00071000 08:08 1974757                    /usr/lib/x86_64-linux-gnu/libpcre.so.3.13.3
7f0e130e8000-7f0e130e9000 rw-p 00072000 08:08 1974757                    /usr/lib/x86_64-linux-gnu/libpcre.so.3.13.3
7f0e130e9000-7f0e13110000 r-xp 00000000 08:08 1973918                    /usr/lib/x86_64-linux-gnu/libexpat.so.1.6.2
7f0e13110000-7f0e13310000 ---p 00027000 08:08 1973918                    /usr/lib/x86_64-linux-gnu/libexpat.so.1.6.2
7f0e13310000-7f0e13312000 r--p 00027000 08:08 1973918                    /usr/lib/x86_64-linux-gnu/libexpat.so.1.6.2
7f0e13312000-7f0e13313000 rw-p 00029000 08:08 1973918                    /usr/lib/x86_64-linux-gnu/libexpat.so.1.6.2
7f0e13313000-7f0e1331a000 r-xp 00000000 08:08 1973938                    /usr/lib/x86_64-linux-gnu/libffi.so.6.0.4
7f0e1331a000-7f0e1351a000 ---p 00007000 08:08 1973938                    /usr/lib/x86_64-linux-gnu/libffi.so.6.0.4
7f0e1351a000-7f0e1351b000 r--p 00007000 08:08 1973938                    /usr/lib/x86_64-linux-gnu/libffi.so.6.0.4
7f0e1351b000-7f0e1351c000 rw-p 00008000 08:08 1973938                    /usr/lib/x86_64-linux-gnu/libffi.so.6.0.4
7f0e1351c000-7f0e13524000 r-xp 00000000 08:08 1975032                    /usr/lib/x86_64-linux-gnu/libthai.so.0.3.0
7f0e13524000-7f0e13724000 ---p 00008000 08:08 1975032                    /usr/lib/x86_64-linux-gnu/libthai.so.0.3.0
7f0e13724000-7f0e13725000 r--p 00008000 08:08 1975032                    /usr/lib/x86_64-linux-gnu/libthai.so.0.3.0
7f0e13725000-7f0e13726000 rw-p 00009000 08:08 1975032                    /usr/lib/x86_64-linux-gnu/libthai.so.0.3.0
7f0e13726000-7f0e137b9000 r-xp 00000000 08:08 1974304                    /usr/lib/x86_64-linux-gnu/libharfbuzz.so.0.10400.2
7f0e137b9000-7f0e139b8000 ---p 00093000 08:08 1974304                    /usr/lib/x86_64-linux-gnu/libharfbuzz.so.0.10400.2
7f0e139b8000-7f0e139ba000 r--p 00092000 08:08 1974304                    /usr/lib/x86_64-linux-gnu/libharfbuzz.so.0.10400.2
7f0e139ba000-7f0e139bb000 rw-p 00094000 08:08 1974304                    /usr/lib/x86_64-linux-gnu/libharfbuzz.so.0.10400.2
7f0e139bb000-7f0e13a05000 r-xp 00000000 08:08 1974545                    /usr/lib/x86_64-linux-gnu/libmount.so.1.1.0
7f0e13a05000-7f0e13c05000 ---p 0004a000 08:08 1974545                    /usr/lib/x86_64-linux-gnu/libmount.so.1.1.0
7f0e13c05000-7f0e13c06000 r--p 0004a000 08:08 1974545                    /usr/lib/x86_64-linux-gnu/libmount.so.1.1.0
7f0e13c06000-7f0e13c07000 rw-p 0004b000 08:08 1974545                    /usr/lib/x86_64-linux-gnu/libmount.so.1.1.0
7f0e13c07000-7f0e13c09000 rw-p 00000000 00:00 0 
7f0e13c09000-7f0e13c1d000 r-xp 00000000 08:08 1974883                    /usr/lib/x86_64-linux-gnu/libresolv-2.24.so
7f0e13c1d000-7f0e13e1c000 ---p 00014000 08:08 1974883                    /usr/lib/x86_64-linux-gnu/libresolv-2.24.so
7f0e13e1c000-7f0e13e1d000 r--p 00013000 08:08 1974883                    /usr/lib/x86_64-linux-gnu/libresolv-2.24.so
7f0e13e1d000-7f0e13e1e000 rw-p 00014000 08:08 1974883                    /usr/lib/x86_64-linux-gnu/libresolv-2.24.so
7f0e13e1e000-7f0e13e20000 rw-p 00000000 00:00 0 
7f0e13e20000-7f0e13e45000 r-xp 00000000 08:08 1974931                    /usr/lib/x86_64-linux-gnu/libselinux.so.1
7f0e13e45000-7f0e14044000 ---p 00025000 08:08 1974931                    /usr/lib/x86_64-linux-gnu/libselinux.so.1
7f0e14044000-7f0e14045000 r--p 00024000 08:08 1974931                    /usr/lib/x86_64-linux-gnu/libselinux.so.1
7f0e14045000-7f0e14046000 rw-p 00025000 08:08 1974931                    /usr/lib/x86_64-linux-gnu/libselinux.so.1
7f0e14046000-7f0e14048000 rw-p 00000000 00:00 0 
7f0e14048000-7f0e14054000 r-xp 00000000 08:08 1975214                    /usr/lib/x86_64-linux-gnu/libxcb-render.so.0.0.0
7f0e14054000-7f0e14254000 ---p 0000c000 08:08 1975214                    /usr/lib/x86_64-linux-gnu/libxcb-render.so.0.0.0
7f0e14254000-7f0e14255000 r--p 0000c000 08:08 1975214                    /usr/lib/x86_64-linux-gnu/libxcb-render.so.0.0.0
7f0e14255000-7f0e14256000 rw-p 0000d000 08:08 1975214                    /usr/lib/x86_64-linux-gnu/libxcb-render.so.0.0.0
7f0e14256000-7f0e1427d000 r-xp 00000000 08:08 1975232                    /usr/lib/x86_64-linux-gnu/libxcb.so.1.1.0
7f0e1427d000-7f0e1447c000 ---p 00027000 08:08 1975232                    /usr/lib/x86_64-linux-gnu/libxcb.so.1.1.0
7f0e1447c000-7f0e1447d000 r--p 00026000 08:08 1975232                    /usr/lib/x86_64-linux-gnu/libxcb.so.1.1.0
7f0e1447d000-7f0e1447e000 rw-p 00027000 08:08 1975232                    /usr/lib/x86_64-linux-gnu/libxcb.so.1.1.0
7f0e1447e000-7f0e14480000 r-xp 00000000 08:08 1975218                    /usr/lib/x86_64-linux-gnu/libxcb-shm.so.0.0.0
7f0e14480000-7f0e14680000 ---p 00002000 08:08 1975218                    /usr/lib/x86_64-linux-gnu/libxcb-shm.so.0.0.0
7f0e14680000-7f0e14681000 r--p 00002000 08:08 1975218                    /usr/lib/x86_64-linux-gnu/libxcb-shm.so.0.0.0
7f0e14681000-7f0e14682000 rw-p 00003000 08:08 1975218                    /usr/lib/x86_64-linux-gnu/libxcb-shm.so.0.0.0
7f0e14682000-7f0e146b3000 r-xp 00000000 08:08 1974804                    /usr/lib/x86_64-linux-gnu/libpng16.so.16.28.0
7f0e146b3000-7f0e148b3000 ---p 00031000 08:08 1974804                    /usr/lib/x86_64-linux-gnu/libpng16.so.16.28.0
7f0e148b3000-7f0e148b4000 r--p 00031000 08:08 1974804                    /usr/lib/x86_64-linux-gnu/libpng16.so.16.28.0
7f0e148b4000-7f0e148b5000 rw-p 00032000 08:08 1974804                    /usr/lib/x86_64-linux-gnu/libpng16.so.16.28.0
7f0e148b5000-7f0e14953000 r-xp 00000000 08:08 1974787                    /usr/lib/x86_64-linux-gnu/libpixman-1.so.0.34.0
7f0e14953000-7f0e14b53000 ---p 0009e000 08:08 1974787                    /usr/lib/x86_64-linux-gnu/libpixman-1.so.0.34.0
7f0e14b53000-7f0e14b5b000 r--p 0009e000 08:08 1974787                    /usr/lib/x86_64-linux-gnu/libpixman-1.so.0.34.0
7f0e14b5b000-7f0e14b5c000 rw-p 000a6000 08:08 1974787                    /usr/lib/x86_64-linux-gnu/libpixman-1.so.0.34.0
7f0e14b5c000-7f0e14b6d000 r-xp 00000000 08:08 1973534                    /usr/lib/x86_64-linux-gnu/libXext.so.6.4.0
7f0e14b6d000-7f0e14d6c000 ---p 00011000 08:08 1973534                    /usr/lib/x86_64-linux-gnu/libXext.so.6.4.0
7f0e14d6c000-7f0e14d6d000 r--p 00010000 08:08 1973534                    /usr/lib/x86_64-linux-gnu/libXext.so.6.4.0
7f0e14d6d000-7f0e14d6e000 rw-p 00011000 08:08 1973534                    /usr/lib/x86_64-linux-gnu/libXext.so.6.4.0
7f0e14d6e000-7f0e14d78000 r-xp 00000000 08:08 1973528                    /usr/lib/x86_64-linux-gnu/libXcursor.so.1.0.2
7f0e14d78000-7f0e14f77000 ---p 0000a000 08:08 1973528                    /usr/lib/x86_64-linux-gnu/libXcursor.so.1.0.2
7f0e14f77000-7f0e14f78000 r--p 00009000 08:08 1973528                    /usr/lib/x86_64-linux-gnu/libXcursor.so.1.0.2
7f0e14f78000-7f0e14f79000 rw-p 0000a000 08:08 1973528                    /usr/lib/x86_64-linux-gnu/libXcursor.so.1.0.2
7f0e14f79000-7f0e14f83000 r-xp 00000000 08:08 1973554                    /usr/lib/x86_64-linux-gnu/libXrandr.so.2.2.0
7f0e14f83000-7f0e15182000 ---p 0000a000 08:08 1973554                    /usr/lib/x86_64-linux-gnu/libXrandr.so.2.2.0
7f0e15182000-7f0e15183000 r--p 00009000 08:08 1973554                    /usr/lib/x86_64-linux-gnu/libXrandr.so.2.2.0
7f0e15183000-7f0e15184000 rw-p 0000a000 08:08 1973554                    /usr/lib/x86_64-linux-gnu/libXrandr.so.2.2.0
7f0e15184000-7f0e15193000 r-xp 00000000 08:08 1973544                    /usr/lib/x86_64-linux-gnu/libXi.so.6.1.0
7f0e15193000-7f0e15392000 ---p 0000f000 08:08 1973544                    /usr/lib/x86_64-linux-gnu/libXi.so.6.1.0
7f0e15392000-7f0e15393000 r--p 0000e000 08:08 1973544                    /usr/lib/x86_64-linux-gnu/libXi.so.6.1.0
7f0e15393000-7f0e15394000 rw-p 0000f000 08:08 1973544                    /usr/lib/x86_64-linux-gnu/libXi.so.6.1.0
7f0e15394000-7f0e15396000 r-xp 00000000 08:08 1973546                    /usr/lib/x86_64-linux-gnu/libXinerama.so.1.0.0
7f0e15396000-7f0e15595000 ---p 00002000 08:08 1973546                    /usr/lib/x86_64-linux-gnu/libXinerama.so.1.0.0
7f0e15595000-7f0e15596000 r--p 00001000 08:08 1973546                    /usr/lib/x86_64-linux-gnu/libXinerama.so.1.0.0
7f0e15596000-7f0e15597000 rw-p 00002000 08:08 1973546                    /usr/lib/x86_64-linux-gnu/libXinerama.so.1.0.0
7f0e15597000-7f0e155a0000 r-xp 00000000 08:08 1973556                    /usr/lib/x86_64-linux-gnu/libXrender.so.1.3.0
7f0e155a0000-7f0e1579f000 ---p 00009000 08:08 1973556                    /usr/lib/x86_64-linux-gnu/libXrender.so.1.3.0
7f0e1579f000-7f0e157a0000 r--p 00008000 08:08 1973556                    /usr/lib/x86_64-linux-gnu/libXrender.so.1.3.0
7f0e157a0000-7f0e157a1000 rw-p 00009000 08:08 1973556                    /usr/lib/x86_64-linux-gnu/libXrender.so.1.3.0
7f0e157a1000-7f0e157a6000 r-xp 00000000 08:08 1973536                    /usr/lib/x86_64-linux-gnu/libXfixes.so.3.1.0
7f0e157a6000-7f0e159a5000 ---p 00005000 08:08 1973536                    /usr/lib/x86_64-linux-gnu/libXfixes.so.3.1.0
7f0e159a5000-7f0e159a6000 r--p 00004000 08:08 1973536                    /usr/lib/x86_64-linux-gnu/libXfixes.so.3.1.0
7f0e159a6000-7f0e159a7000 rw-p 00005000 08:08 1973536                    /usr/lib/x86_64-linux-gnu/libXfixes.so.3.1.0
7f0e159a7000-7f0e159a9000 r-xp 00000000 08:08 1973530                    /usr/lib/x86_64-linux-gnu/libXdamage.so.1.1.0
7f0e159a9000-7f0e15ba8000 ---p 00002000 08:08 1973530                    /usr/lib/x86_64-linux-gnu/libXdamage.so.1.1.0
7f0e15ba8000-7f0e15ba9000 r--p 00001000 08:08 1973530                    /usr/lib/x86_64-linux-gnu/libXdamage.so.1.1.0
7f0e15ba9000-7f0e15baa000 rw-p 00002000 08:08 1973530                    /usr/lib/x86_64-linux-gnu/libXdamage.so.1.1.0
7f0e15baa000-7f0e15bac000 r-xp 00000000 08:08 1973526                    /usr/lib/x86_64-linux-gnu/libXcomposite.so.1.0.0
7f0e15bac000-7f0e15dab000 ---p 00002000 08:08 1973526                    /usr/lib/x86_64-linux-gnu/libXcomposite.so.1.0.0
7f0e15dab000-7f0e15dac000 r--p 00001000 08:08 1973526                    /usr/lib/x86_64-linux-gnu/libXcomposite.so.1.0.0
7f0e15dac000-7f0e15dad000 rw-p 00002000 08:08 1973526                    /usr/lib/x86_64-linux-gnu/libXcomposite.so.1.0.0
7f0e15dad000-7f0e15db0000 r-xp 00000000 08:08 1974072                    /usr/lib/x86_64-linux-gnu/libgmodule-2.0.so.0.5000.3
7f0e15db0000-7f0e15faf000 ---p 00003000 08:08 1974072                    /usr/lib/x86_64-linux-gnu/libgmodule-2.0.so.0.5000.3
7f0e15faf000-7f0e15fb0000 r--p 00002000 08:08 1974072                    /usr/lib/x86_64-linux-gnu/libgmodule-2.0.so.0.5000.3
7f0e15fb0000-7f0e15fb1000 rw-p 00003000 08:08 1974072                    /usr/lib/x86_64-linux-gnu/libgmodule-2.0.so.0.5000.3
7f0e15fb1000-7f0e16026000 r-xp 00000000 08:08 1973258                    /usr/lib/x86_64-linux-gnu/libGL.so.1.7.0
7f0e16026000-7f0e16226000 ---p 00075000 08:08 1973258                    /usr/lib/x86_64-linux-gnu/libGL.so.1.7.0
7f0e16226000-7f0e16240000 r--p 00075000 08:08 1973258                    /usr/lib/x86_64-linux-gnu/libGL.so.1.7.0
7f0e16240000-7f0e16241000 rw-p 0008f000 08:08 1973258                    /usr/lib/x86_64-linux-gnu/libGL.so.1.7.0
7f0e16241000-7f0e16242000 rw-p 00000000 00:00 0 
7f0e16242000-7f0e16247000 r-xp 00000000 08:08 1973572                    /usr/lib/x86_64-linux-gnu/libXxf86vm.so.1.0.0
7f0e16247000-7f0e16446000 ---p 00005000 08:08 1973572                    /usr/lib/x86_64-linux-gnu/libXxf86vm.so.1.0.0
7f0e16446000-7f0e16447000 r--p 00004000 08:08 1973572                    /usr/lib/x86_64-linux-gnu/libXxf86vm.so.1.0.0
7f0e16447000-7f0e16448000 rw-p 00005000 08:08 1973572                    /usr/lib/x86_64-linux-gnu/libXxf86vm.so.1.0.0
7f0e16448000-7f0e16582000 r-xp 00000000 08:08 1973517                    /usr/lib/x86_64-linux-gnu/libX11.so.6.3.0
7f0e16582000-7f0e16782000 ---p 0013a000 08:08 1973517                    /usr/lib/x86_64-linux-gnu/libX11.so.6.3.0
7f0e16782000-7f0e16783000 r--p 0013a000 08:08 1973517                    /usr/lib/x86_64-linux-gnu/libX11.so.6.3.0
7f0e16783000-7f0e16788000 rw-p 0013b000 08:08 1973517                    /usr/lib/x86_64-linux-gnu/libX11.so.6.3.0
7f0e16788000-7f0e1678d000 r-xp 00000000 08:08 1973562                    /usr/lib/x86_64-linux-gnu/libXtst.so.6.1.0
7f0e1678d000-7f0e1698c000 ---p 00005000 08:08 1973562                    /usr/lib/x86_64-linux-gnu/libXtst.so.6.1.0
7f0e1698c000-7f0e1698d000 r--p 00004000 08:08 1973562                    /usr/lib/x86_64-linux-gnu/libXtst.so.6.1.0
7f0e1698d000-7f0e1698e000 rw-p 00005000 08:08 1973562                    /usr/lib/x86_64-linux-gnu/libXtst.so.6.1.0
7f0e1698e000-7f0e16aa0000 r-xp 00000000 08:08 1974060                    /usr/lib/x86_64-linux-gnu/libglib-2.0.so.0.5000.3
7f0e16aa0000-7f0e16c9f000 ---p 00112000 08:08 1974060                    /usr/lib/x86_64-linux-gnu/libglib-2.0.so.0.5000.3
7f0e16c9f000-7f0e16ca0000 r--p 00111000 08:08 1974060                    /usr/lib/x86_64-linux-gnu/libglib-2.0.so.0.5000.3
7f0e16ca0000-7f0e16ca1000 rw-p 00112000 08:08 1974060                    /usr/lib/x86_64-linux-gnu/libglib-2.0.so.0.5000.3
7f0e16ca1000-7f0e16ca2000 rw-p 00000000 00:00 0 
7f0e16ca2000-7f0e16ca3000 r-xp 00000000 08:08 1974280                    /usr/lib/x86_64-linux-gnu/libgthread-2.0.so.0.5000.3
7f0e16ca3000-7f0e16ea2000 ---p 00001000 08:08 1974280                    /usr/lib/x86_64-linux-gnu/libgthread-2.0.so.0.5000.3
7f0e16ea2000-7f0e16ea3000 r--p 00000000 08:08 1974280                    /usr/lib/x86_64-linux-gnu/libgthread-2.0.so.0.5000.3
7f0e16ea3000-7f0e16ea4000 rw-p 00001000 08:08 1974280                    /usr/lib/x86_64-linux-gnu/libgthread-2.0.so.0.5000.3
7f0e16ea4000-7f0e16f4c000 r-xp 00000000 08:08 1973996                    /usr/lib/x86_64-linux-gnu/libfreetype.so.6.12.3
7f0e16f4c000-7f0e1714c000 ---p 000a8000 08:08 1973996                    /usr/lib/x86_64-linux-gnu/libfreetype.so.6.12.3
7f0e1714c000-7f0e17152000 r--p 000a8000 08:08 1973996                    /usr/lib/x86_64-linux-gnu/libfreetype.so.6.12.3
7f0e17152000-7f0e17153000 rw-p 000ae000 08:08 1973996                    /usr/lib/x86_64-linux-gnu/libfreetype.so.6.12.3
7f0e17153000-7f0e1718f000 r-xp 00000000 08:08 1973982                    /usr/lib/x86_64-linux-gnu/libfontconfig.so.1.8.0
7f0e1718f000-7f0e1738e000 ---p 0003c000 08:08 1973982                    /usr/lib/x86_64-linux-gnu/libfontconfig.so.1.8.0
7f0e1738e000-7f0e17390000 r--p 0003b000 08:08 1973982                    /usr/lib/x86_64-linux-gnu/libfontconfig.so.1.8.0
7f0e17390000-7f0e17391000 rw-p 0003d000 08:08 1973982                    /usr/lib/x86_64-linux-gnu/libfontconfig.so.1.8.0
7f0e17391000-7f0e173e3000 r-xp 00000000 08:08 1974112                    /usr/lib/x86_64-linux-gnu/libgobject-2.0.so.0.5000.3
7f0e173e3000-7f0e175e2000 ---p 00052000 08:08 1974112                    /usr/lib/x86_64-linux-gnu/libgobject-2.0.so.0.5000.3
7f0e175e2000-7f0e175e3000 r--p 00051000 08:08 1974112                    /usr/lib/x86_64-linux-gnu/libgobject-2.0.so.0.5000.3
7f0e175e3000-7f0e175e4000 rw-p 00052000 08:08 1974112                    /usr/lib/x86_64-linux-gnu/libgobject-2.0.so.0.5000.3
7f0e175e4000-7f0e1762d000 r-xp 00000000 08:08 1974732                    /usr/lib/x86_64-linux-gnu/libpango-1.0.so.0.4000.5
7f0e1762d000-7f0e1782c000 ---p 00049000 08:08 1974732                    /usr/lib/x86_64-linux-gnu/libpango-1.0.so.0.4000.5
7f0e1782c000-7f0e1782f000 r--p 00048000 08:08 1974732                    /usr/lib/x86_64-linux-gnu/libpango-1.0.so.0.4000.5
7f0e1782f000-7f0e17830000 rw-p 0004b000 08:08 1974732                    /usr/lib/x86_64-linux-gnu/libpango-1.0.so.0.4000.5
7f0e17830000-7f0e17844000 r-xp 00000000 08:08 1974736                    /usr/lib/x86_64-linux-gnu/libpangoft2-1.0.so.0.4000.5
7f0e17844000-7f0e17a44000 ---p 00014000 08:08 1974736                    /usr/lib/x86_64-linux-gnu/libpangoft2-1.0.so.0.4000.5
7f0e17a44000-7f0e17a45000 r--p 00014000 08:08 1974736                    /usr/lib/x86_64-linux-gnu/libpangoft2-1.0.so.0.4000.5
7f0e17a45000-7f0e17a46000 rw-p 00015000 08:08 1974736                    /usr/lib/x86_64-linux-gnu/libpangoft2-1.0.so.0.4000.5
7f0e17a46000-7f0e17bd3000 r-xp 00000000 08:08 1974048                    /usr/lib/x86_64-linux-gnu/libgio-2.0.so.0.5000.3
7f0e17bd3000-7f0e17dd3000 ---p 0018d000 08:08 1974048                    /usr/lib/x86_64-linux-gnu/libgio-2.0.so.0.5000.3
7f0e17dd3000-7f0e17dd8000 r--p 0018d000 08:08 1974048                    /usr/lib/x86_64-linux-gnu/libgio-2.0.so.0.5000.3
7f0e17dd8000-7f0e17ddb000 rw-p 00192000 08:08 1974048                    /usr/lib/x86_64-linux-gnu/libgio-2.0.so.0.5000.3
7f0e17ddb000-7f0e17ddc000 rw-p 00000000 00:00 0 
7f0e17ddc000-7f0e17dfe000 r-xp 00000000 08:08 1974034                    /usr/lib/x86_64-linux-gnu/libgdk_pixbuf-2.0.so.0.3600.5
7f0e17dfe000-7f0e17ffe000 ---p 00022000 08:08 1974034                    /usr/lib/x86_64-linux-gnu/libgdk_pixbuf-2.0.so.0.3600.5
7f0e17ffe000-7f0e17fff000 r--p 00022000 08:08 1974034                    /usr/lib/x86_64-linux-gnu/libgdk_pixbuf-2.0.so.0.3600.5
7f0e17fff000-7f0e18000000 rw-p 00023000 08:08 1974034                    /usr/lib/x86_64-linux-gnu/libgdk_pixbuf-2.0.so.0.3600.5
7f0e18000000-7f0e18021000 rw-p 00000000 00:00 0 
7f0e18021000-7f0e1c000000 ---p 00000000 00:00 0 
7f0e1c000000-7f0e1d8d6000 rw-p 00000000 00:00 0 
7f0e1d8d6000-7f0e20000000 ---p 00000000 00:00 0 
7f0e20000000-7f0e202c1000 rw-p 00000000 00:00 0 
7f0e202c1000-7f0e24000000 ---p 00000000 00:00 0 
7f0e24000000-7f0e24021000 rw-p 00000000 00:00 0 
7f0e24021000-7f0e28000000 ---p 00000000 00:00 0 
7f0e28000000-7f0e28021000 rw-p 00000000 00:00 0 
7f0e28021000-7f0e2c000000 ---p 00000000 00:00 0 
7f0e2c000000-7f0e2c284000 rw-p 00000000 00:00 0 
7f0e2c284000-7f0e30000000 ---p 00000000 00:00 0 
7f0e30000000-7f0e30021000 rw-p 00000000 00:00 0 
7f0e30021000-7f0e34000000 ---p 00000000 00:00 0 
7f0e34000000-7f0e34021000 rw-p 00000000 00:00 0 
7f0e34021000-7f0e38000000 ---p 00000000 00:00 0 
7f0e38000000-7f0e38021000 rw-p 00000000 00:00 0 
7f0e38021000-7f0e3c000000 ---p 00000000 00:00 0 
7f0e3c000000-7f0e3c021000 rw-p 00000000 00:00 0 
7f0e3c021000-7f0e40000000 ---p 00000000 00:00 0 
7f0e40000000-7f0e40021000 rw-p 00000000 00:00 0 
7f0e40021000-7f0e44000000 ---p 00000000 00:00 0 
7f0e44000000-7f0e44001000 rw-s 00000000 00:18 1742                       /i915 (deleted)
7f0e44001000-7f0e44002000 rw-s 00000000 00:18 1741                       /i915 (deleted)
7f0e44002000-7f0e4400e000 rw-s 00000000 00:18 1746                       /i915 (deleted)
7f0e4400e000-7f0e44021000 r--s 00346000 08:08 1715206                    /usr/lib/jvm/java-8-openjdk-amd64/jre/lib/resources.jar
7f0e44021000-7f0e44023000 r--s 00000000 08:08 1590387                    /var/cache/fontconfig/4bb17da730f63117fed329ee42a5d05e-le64.cache-4
7f0e44023000-7f0e44027000 r--s 00000000 08:08 1572907                    /var/cache/fontconfig/0fafd173547752dce4dee1a69e0b3c95-le64.cache-4
7f0e44027000-7f0e44069000 r--s 00000000 08:08 1572909                    /var/cache/fontconfig/0bd3dc0958fa2205aaaa8ebb13e2872b-le64.cache-4
7f0e44069000-7f0e4406a000 r--s 00000000 08:08 1572912                    /var/cache/fontconfig/16c2fda60d1b4b719f4b3d06fd951d25-le64.cache-4
7f0e4406a000-7f0e44070000 r--s 00000000 08:08 1572928                    /var/cache/fontconfig/3047814df9a2f067bd2d96a2b9c36e5a-le64.cache-4
7f0e44070000-7f0e44082000 r--s 00000000 08:08 1572910                    /var/cache/fontconfig/9b89f8e3dae116d678bbf48e5f21f69b-le64.cache-4
7f0e44082000-7f0e4409a000 r--s 0021f000 08:09 12980592                   /home/atomx/Desktop/My-Libraries/Java/MySQL-Connector/mysql-connector-java-8.0.17.jar
7f0e4409a000-7f0e441db000 rw-s 00000000 08:09 12845132                   /home/atomx/.cache/mesa_shader_cache/index
7f0e441db000-7f0e442e9000 r-xp 00000000 08:08 1973694                    /usr/lib/x86_64-linux-gnu/libcairo.so.2.11400.8
7f0e442e9000-7f0e444e9000 ---p 0010e000 08:08 1973694                    /usr/lib/x86_64-linux-gnu/libcairo.so.2.11400.8
7f0e444e9000-7f0e444ec000 r--p 0010e000 08:08 1973694                    /usr/lib/x86_64-linux-gnu/libcairo.so.2.11400.8
7f0e444ec000-7f0e444ed000 rw-p 00111000 08:08 1973694                    /usr/lib/x86_64-linux-gnu/libcairo.so.2.11400.8
7f0e444ed000-7f0e444ef000 rw-p 00000000 00:00 0 
7f0e444ef000-7f0e44512000 r-xp 00000000 08:08 1973616                    /usr/lib/x86_64-linux-gnu/libatk-1.0.so.0.22209.1
7f0e44512000-7f0e44711000 ---p 00023000 08:08 1973616                    /usr/lib/x86_64-linux-gnu/libatk-1.0.so.0.22209.1
7f0e44711000-7f0e44714000 r--p 00022000 08:08 1973616                    /usr/lib/x86_64-linux-gnu/libatk-1.0.so.0.22209.1
7f0e44714000-7f0e44715000 rw-p 00025000 08:08 1973616                    /usr/lib/x86_64-linux-gnu/libatk-1.0.so.0.22209.1
7f0e44715000-7f0e44721000 r-xp 00000000 08:08 1974734                    /usr/lib/x86_64-linux-gnu/libpangocairo-1.0.so.0.4000.5
7f0e44721000-7f0e44920000 ---p 0000c000 08:08 1974734                    /usr/lib/x86_64-linux-gnu/libpangocairo-1.0.so.0.4000.5
7f0e44920000-7f0e44921000 r--p 0000b000 08:08 1974734                    /usr/lib/x86_64-linux-gnu/libpangocairo-1.0.so.0.4000.5
7f0e44921000-7f0e44922000 rw-p 0000c000 08:08 1974734                    /usr/lib/x86_64-linux-gnu/libpangocairo-1.0.so.0.4000.5
7f0e44922000-7f0e449d2000 r-xp 00000000 08:08 1974032                    /usr/lib/x86_64-linux-gnu/libgdk-x11-2.0.so.0.2400.31
7f0e449d2000-7f0e44bd1000 ---p 000b0000 08:08 1974032                    /usr/lib/x86_64-linux-gnu/libgdk-x11-2.0.so.0.2400.31
7f0e44bd1000-7f0e44bd5000 r--p 000af000 08:08 1974032                    /usr/lib/x86_64-linux-gnu/libgdk-x11-2.0.so.0.2400.31
7f0e44bd5000-7f0e44bd7000 rw-p 000b3000 08:08 1974032                    /usr/lib/x86_64-linux-gnu/libgdk-x11-2.0.so.0.2400.31
7f0e44bd7000-7f0e45017000 r-xp 00000000 08:08 1974286                    /usr/lib/x86_64-linux-gnu/libgtk-x11-2.0.so.0.2400.31
7f0e45017000-7f0e45216000 ---p 00440000 08:08 1974286                    /usr/lib/x86_64-linux-gnu/libgtk-x11-2.0.so.0.2400.31
7f0e45216000-7f0e4521d000 r--p 0043f000 08:08 1974286                    /usr/lib/x86_64-linux-gnu/libgtk-x11-2.0.so.0.2400.31
7f0e4521d000-7f0e45221000 rw-p 00446000 08:08 1974286                    /usr/lib/x86_64-linux-gnu/libgtk-x11-2.0.so.0.2400.31
7f0e45221000-7f0e45224000 rw-p 00000000 00:00 0 
7f0e45224000-7f0e45230000 r--s 00000000 08:08 1586852                    /var/cache/fontconfig/d589a48862398ed80a3d6066f4f56f4c-le64.cache-4
7f0e45230000-7f0e45233000 r--s 00000000 08:08 1572923                    /var/cache/fontconfig/47e67d79d01846c7b6efd6b4f03a6092-le64.cache-4
7f0e45233000-7f0e45236000 r--s 00000000 08:08 1590385                    /var/cache/fontconfig/bf6ddb0059d58ea573e04b43f868001f-le64.cache-4
7f0e45236000-7f0e45239000 r--s 00000000 08:08 1572931                    /var/cache/fontconfig/e13b20fdb08344e0e664864cc2ede53d-le64.cache-4
7f0e45239000-7f0e4523d000 rw-s 00000000 00:18 1732                       /i915 (deleted)
7f0e4523d000-7f0e45249000 r-xp 00000000 08:08 1717405                    /usr/lib/jvm/java-8-openjdk-amd64/jre/lib/amd64/libprism_es2.so
7f0e45249000-7f0e45448000 ---p 0000c000 08:08 1717405                    /usr/lib/jvm/java-8-openjdk-amd64/jre/lib/amd64/libprism_es2.so
7f0e45448000-7f0e45449000 r--p 0000b000 08:08 1717405                    /usr/lib/jvm/java-8-openjdk-amd64/jre/lib/amd64/libprism_es2.so
7f0e45449000-7f0e4544a000 rw-p 0000c000 08:08 1717405                    /usr/lib/jvm/java-8-openjdk-amd64/jre/lib/amd64/libprism_es2.so
7f0e4544a000-7f0e4544d000 ---p 00000000 00:00 0 
7f0e4544d000-7f0e4554b000 rw-p 00000000 00:00 0 
7f0e4554b000-7f0e455e1000 r--s 007ce000 08:08 2654625                    /usr/share/java/openjfx/jre/lib/ext/jfxrt.jar
7f0e455e1000-7f0e455fc000 r--s 001d6000 08:08 1715183                    /usr/lib/jvm/java-8-openjdk-amd64/jre/lib/ext/nashorn.jar
7f0e455fc000-7f0e45617000 r--s 00394000 08:08 1715178                    /usr/lib/jvm/java-8-openjdk-amd64/jre/lib/ext/cldrdata.jar
7f0e45617000-7f0e45618000 ---p 00000000 00:00 0 
7f0e45618000-7f0e45718000 rw-p 00000000 00:00 0 
7f0e45718000-7f0e4571b000 ---p 00000000 00:00 0 
7f0e4571b000-7f0e45819000 rw-p 00000000 00:00 0 
7f0e45819000-7f0e4581c000 ---p 00000000 00:00 0 
7f0e4581c000-7f0e4591a000 rw-p 00000000 00:00 0 
7f0e4591a000-7f0e4591d000 ---p 00000000 00:00 0 
7f0e4591d000-7f0e45a1b000 rw-p 00000000 00:00 0 
7f0e45a1b000-7f0e45a1e000 ---p 00000000 00:00 0 
7f0e45a1e000-7f0e45b1c000 rw-p 00000000 00:00 0 
7f0e45b1c000-7f0e45cb7000 r--p 00000000 08:08 1711771                    /usr/lib/locale/locale-archive
7f0e45cb7000-7f0e45cba000 ---p 00000000 00:00 0 
7f0e45cba000-7f0e45db8000 rw-p 00000000 00:00 0 
7f0e45db8000-7f0e45dbb000 ---p 00000000 00:00 0 
7f0e45dbb000-7f0e45eb9000 rw-p 00000000 00:00 0 
7f0e45eb9000-7f0e45eba000 ---p 00000000 00:00 0 
7f0e45eba000-7f0e46905000 rw-p 00000000 00:00 0 
7f0e46905000-7f0e46ad4000 r--s 03c33000 08:08 1715207                    /usr/lib/jvm/java-8-openjdk-amd64/jre/lib/rt.jar
7f0e46ad4000-7f0e4b44d000 rw-p 00000000 00:00 0 
7f0e4b44d000-7f0e4b44e000 ---p 00000000 00:00 0 
7f0e4b44e000-7f0e4b578000 rw-p 00000000 00:00 0 
7f0e4b578000-7f0e4b7db000 ---p 00000000 00:00 0 
7f0e4b7db000-7f0e4b805000 rw-p 00000000 00:00 0 
7f0e4b805000-7f0e4ba67000 ---p 00000000 00:00 0 
7f0e4ba67000-7f0e4ba8c000 rw-p 00000000 00:00 0 
7f0e4ba8c000-7f0e4bbae000 ---p 00000000 00:00 0 
7f0e4bbae000-7f0e4bbc7000 rw-p 00000000 00:00 0 
7f0e4bbc7000-7f0e4bf6f000 ---p 00000000 00:00 0 
7f0e4bf6f000-7f0e4c54f000 rwxp 00000000 00:00 0 
7f0e4c54f000-7f0e5af6f000 ---p 00000000 00:00 0 
7f0e5af6f000-7f0e5af77000 r-xp 00000000 08:08 1715164                    /usr/lib/jvm/java-8-openjdk-amd64/jre/lib/amd64/libzip.so
7f0e5af77000-7f0e5b176000 ---p 00008000 08:08 1715164                    /usr/lib/jvm/java-8-openjdk-amd64/jre/lib/amd64/libzip.so
7f0e5b176000-7f0e5b177000 r--p 00007000 08:08 1715164                    /usr/lib/jvm/java-8-openjdk-amd64/jre/lib/amd64/libzip.so
7f0e5b177000-7f0e5b178000 rw-p 00008000 08:08 1715164                    /usr/lib/jvm/java-8-openjdk-amd64/jre/lib/amd64/libzip.so
7f0e5b178000-7f0e5b182000 r-xp 00000000 08:08 1974648                    /usr/lib/x86_64-linux-gnu/libnss_files-2.24.so
7f0e5b182000-7f0e5b382000 ---p 0000a000 08:08 1974648                    /usr/lib/x86_64-linux-gnu/libnss_files-2.24.so
7f0e5b382000-7f0e5b383000 r--p 0000a000 08:08 1974648                    /usr/lib/x86_64-linux-gnu/libnss_files-2.24.so
7f0e5b383000-7f0e5b384000 rw-p 0000b000 08:08 1974648                    /usr/lib/x86_64-linux-gnu/libnss_files-2.24.so
7f0e5b384000-7f0e5b38a000 rw-p 00000000 00:00 0 
7f0e5b38a000-7f0e5b395000 r-xp 00000000 08:08 1974654                    /usr/lib/x86_64-linux-gnu/libnss_nis-2.24.so
7f0e5b395000-7f0e5b594000 ---p 0000b000 08:08 1974654                    /usr/lib/x86_64-linux-gnu/libnss_nis-2.24.so
7f0e5b594000-7f0e5b595000 r--p 0000a000 08:08 1974654                    /usr/lib/x86_64-linux-gnu/libnss_nis-2.24.so
7f0e5b595000-7f0e5b596000 rw-p 0000b000 08:08 1974654                    /usr/lib/x86_64-linux-gnu/libnss_nis-2.24.so
7f0e5b596000-7f0e5b5aa000 r-xp 00000000 08:08 1974636                    /usr/lib/x86_64-linux-gnu/libnsl-2.24.so
7f0e5b5aa000-7f0e5b7aa000 ---p 00014000 08:08 1974636                    /usr/lib/x86_64-linux-gnu/libnsl-2.24.so
7f0e5b7aa000-7f0e5b7ab000 r--p 00014000 08:08 1974636                    /usr/lib/x86_64-linux-gnu/libnsl-2.24.so
7f0e5b7ab000-7f0e5b7ac000 rw-p 00015000 08:08 1974636                    /usr/lib/x86_64-linux-gnu/libnsl-2.24.so
7f0e5b7ac000-7f0e5b7ae000 rw-p 00000000 00:00 0 
7f0e5b7ae000-7f0e5b7b5000 r-xp 00000000 08:08 1974642                    /usr/lib/x86_64-linux-gnu/libnss_compat-2.24.so
7f0e5b7b5000-7f0e5b9b4000 ---p 00007000 08:08 1974642                    /usr/lib/x86_64-linux-gnu/libnss_compat-2.24.so
7f0e5b9b4000-7f0e5b9b5000 r--p 00006000 08:08 1974642                    /usr/lib/x86_64-linux-gnu/libnss_compat-2.24.so
7f0e5b9b5000-7f0e5b9b6000 rw-p 00007000 08:08 1974642                    /usr/lib/x86_64-linux-gnu/libnss_compat-2.24.so
7f0e5b9b6000-7f0e5b9e3000 r-xp 00000000 08:08 1715145                    /usr/lib/jvm/java-8-openjdk-amd64/jre/lib/amd64/libjava.so
7f0e5b9e3000-7f0e5bbe3000 ---p 0002d000 08:08 1715145                    /usr/lib/jvm/java-8-openjdk-amd64/jre/lib/amd64/libjava.so
7f0e5bbe3000-7f0e5bbe4000 r--p 0002d000 08:08 1715145                    /usr/lib/jvm/java-8-openjdk-amd64/jre/lib/amd64/libjava.so
7f0e5bbe4000-7f0e5bbe6000 rw-p 0002e000 08:08 1715145                    /usr/lib/jvm/java-8-openjdk-amd64/jre/lib/amd64/libjava.so
7f0e5bbe6000-7f0e5bbf5000 r-xp 00000000 08:08 1715163                    /usr/lib/jvm/java-8-openjdk-amd64/jre/lib/amd64/libverify.so
7f0e5bbf5000-7f0e5bdf5000 ---p 0000f000 08:08 1715163                    /usr/lib/jvm/java-8-openjdk-amd64/jre/lib/amd64/libverify.so
7f0e5bdf5000-7f0e5bdf7000 r--p 0000f000 08:08 1715163                    /usr/lib/jvm/java-8-openjdk-amd64/jre/lib/amd64/libverify.so
7f0e5bdf7000-7f0e5bdf8000 rw-p 00011000 08:08 1715163                    /usr/lib/jvm/java-8-openjdk-amd64/jre/lib/amd64/libverify.so
7f0e5bdf8000-7f0e5bdff000 r-xp 00000000 08:08 1974898                    /usr/lib/x86_64-linux-gnu/librt-2.24.so
7f0e5bdff000-7f0e5bffe000 ---p 00007000 08:08 1974898                    /usr/lib/x86_64-linux-gnu/librt-2.24.so
7f0e5bffe000-7f0e5bfff000 r--p 00006000 08:08 1974898                    /usr/lib/x86_64-linux-gnu/librt-2.24.so
7f0e5bfff000-7f0e5c000000 rw-p 00007000 08:08 1974898                    /usr/lib/x86_64-linux-gnu/librt-2.24.so
7f0e5c000000-7f0e5c258000 rw-p 00000000 00:00 0 
7f0e5c258000-7f0e60000000 ---p 00000000 00:00 0 
7f0e60000000-7f0e60001000 r--s 00000000 08:08 1590384                    /var/cache/fontconfig/2736766d4907c6828b9382ebdbe3064b-le64.cache-4
7f0e60001000-7f0e60006000 rw-s 00000000 00:18 1730                       /i915 (deleted)
7f0e60006000-7f0e6000a000 rw-s 00000000 00:18 1734                       /i915 (deleted)
7f0e6000a000-7f0e6000e000 rw-s 00000000 00:18 1702                       /i915 (deleted)
7f0e6000e000-7f0e60013000 rw-s 00000000 00:18 1701                       /i915 (deleted)
7f0e60013000-7f0e60061000 rw-p 00000000 00:00 0 
7f0e60061000-7f0e60062000 ---p 00000000 00:00 0 
7f0e60062000-7f0e60162000 rw-p 00000000 00:00 0 
7f0e60162000-7f0e60178000 r-xp 00000000 08:08 1974006                    /usr/lib/x86_64-linux-gnu/libgcc_s.so.1
7f0e60178000-7f0e60377000 ---p 00016000 08:08 1974006                    /usr/lib/x86_64-linux-gnu/libgcc_s.so.1
7f0e60377000-7f0e60378000 r--p 00015000 08:08 1974006                    /usr/lib/x86_64-linux-gnu/libgcc_s.so.1
7f0e60378000-7f0e60379000 rw-p 00016000 08:08 1974006                    /usr/lib/x86_64-linux-gnu/libgcc_s.so.1
7f0e60379000-7f0e6047c000 r-xp 00000000 08:08 1974512                    /usr/lib/x86_64-linux-gnu/libm-2.24.so
7f0e6047c000-7f0e6067b000 ---p 00103000 08:08 1974512                    /usr/lib/x86_64-linux-gnu/libm-2.24.so
7f0e6067b000-7f0e6067c000 r--p 00102000 08:08 1974512                    /usr/lib/x86_64-linux-gnu/libm-2.24.so
7f0e6067c000-7f0e6067d000 rw-p 00103000 08:08 1974512                    /usr/lib/x86_64-linux-gnu/libm-2.24.so
7f0e6067d000-7f0e607ef000 r-xp 00000000 08:08 1975001                    /usr/lib/x86_64-linux-gnu/libstdc++.so.6.0.22
7f0e607ef000-7f0e609ef000 ---p 00172000 08:08 1975001                    /usr/lib/x86_64-linux-gnu/libstdc++.so.6.0.22
7f0e609ef000-7f0e609f9000 r--p 00172000 08:08 1975001                    /usr/lib/x86_64-linux-gnu/libstdc++.so.6.0.22
7f0e609f9000-7f0e609fb000 rw-p 0017c000 08:08 1975001                    /usr/lib/x86_64-linux-gnu/libstdc++.so.6.0.22
7f0e609fb000-7f0e609ff000 rw-p 00000000 00:00 0 
7f0e609ff000-7f0e6165e000 r-xp 00000000 08:08 1715167                    /usr/lib/jvm/java-8-openjdk-amd64/jre/lib/amd64/server/libjvm.so
7f0e6165e000-7f0e6185d000 ---p 00c5f000 08:08 1715167                    /usr/lib/jvm/java-8-openjdk-amd64/jre/lib/amd64/server/libjvm.so
7f0e6185d000-7f0e618f1000 r--p 00c5e000 08:08 1715167                    /usr/lib/jvm/java-8-openjdk-amd64/jre/lib/amd64/server/libjvm.so
7f0e618f1000-7f0e6191a000 rw-p 00cf2000 08:08 1715167                    /usr/lib/jvm/java-8-openjdk-amd64/jre/lib/amd64/server/libjvm.so
7f0e6191a000-7f0e6194a000 rw-p 00000000 00:00 0 
7f0e6194a000-7f0e61adf000 r-xp 00000000 08:08 1973682                    /usr/lib/x86_64-linux-gnu/libc-2.24.so
7f0e61adf000-7f0e61cdf000 ---p 00195000 08:08 1973682                    /usr/lib/x86_64-linux-gnu/libc-2.24.so
7f0e61cdf000-7f0e61ce3000 r--p 00195000 08:08 1973682                    /usr/lib/x86_64-linux-gnu/libc-2.24.so
7f0e61ce3000-7f0e61ce5000 rw-p 00199000 08:08 1973682                    /usr/lib/x86_64-linux-gnu/libc-2.24.so
7f0e61ce5000-7f0e61ce9000 rw-p 00000000 00:00 0 
7f0e61ce9000-7f0e61cec000 r-xp 00000000 08:08 1973821                    /usr/lib/x86_64-linux-gnu/libdl-2.24.so
7f0e61cec000-7f0e61eeb000 ---p 00003000 08:08 1973821                    /usr/lib/x86_64-linux-gnu/libdl-2.24.so
7f0e61eeb000-7f0e61eec000 r--p 00002000 08:08 1973821                    /usr/lib/x86_64-linux-gnu/libdl-2.24.so
7f0e61eec000-7f0e61eed000 rw-p 00003000 08:08 1973821                    /usr/lib/x86_64-linux-gnu/libdl-2.24.so
7f0e61eed000-7f0e61efa000 r-xp 00000000 08:08 1715131                    /usr/lib/jvm/java-8-openjdk-amd64/jre/lib/amd64/jli/libjli.so
7f0e61efa000-7f0e620fa000 ---p 0000d000 08:08 1715131                    /usr/lib/jvm/java-8-openjdk-amd64/jre/lib/amd64/jli/libjli.so
7f0e620fa000-7f0e620fb000 r--p 0000d000 08:08 1715131                    /usr/lib/jvm/java-8-openjdk-amd64/jre/lib/amd64/jli/libjli.so
7f0e620fb000-7f0e620fc000 rw-p 0000e000 08:08 1715131                    /usr/lib/jvm/java-8-openjdk-amd64/jre/lib/amd64/jli/libjli.so
7f0e620fc000-7f0e62115000 r-xp 00000000 08:08 1975262                    /usr/lib/x86_64-linux-gnu/libz.so.1.2.8
7f0e62115000-7f0e62314000 ---p 00019000 08:08 1975262                    /usr/lib/x86_64-linux-gnu/libz.so.1.2.8
7f0e62314000-7f0e62315000 r--p 00018000 08:08 1975262                    /usr/lib/x86_64-linux-gnu/libz.so.1.2.8
7f0e62315000-7f0e62316000 rw-p 00019000 08:08 1975262                    /usr/lib/x86_64-linux-gnu/libz.so.1.2.8
7f0e62316000-7f0e6232e000 r-xp 00000000 08:08 1974838                    /usr/lib/x86_64-linux-gnu/libpthread-2.24.so
7f0e6232e000-7f0e6252d000 ---p 00018000 08:08 1974838                    /usr/lib/x86_64-linux-gnu/libpthread-2.24.so
7f0e6252d000-7f0e6252e000 r--p 00017000 08:08 1974838                    /usr/lib/x86_64-linux-gnu/libpthread-2.24.so
7f0e6252e000-7f0e6252f000 rw-p 00018000 08:08 1974838                    /usr/lib/x86_64-linux-gnu/libpthread-2.24.so
7f0e6252f000-7f0e62533000 rw-p 00000000 00:00 0 
7f0e62533000-7f0e62556000 r-xp 00000000 08:08 1973230                    /usr/lib/x86_64-linux-gnu/ld-2.24.so
7f0e62556000-7f0e62557000 r--s 00008000 08:09 13369446                   /home/atomx/.eclipse/org.eclipse.platform_4.12.0_1473617060_linux_gtk_x86_64/plugins/org.eclipse.fx.ide.css.jfx8_3.5.0.201902220800.jar
7f0e62558000-7f0e62559000 rwxp 00000000 00:00 0 
7f0e62559000-7f0e6255d000 rw-s 00000000 00:18 1705                       /i915 (deleted)
7f0e6255d000-7f0e62560000 r--s 0000f000 08:08 1715180                    /usr/lib/jvm/java-8-openjdk-amd64/jre/lib/ext/icedtea-sound.jar
7f0e62560000-7f0e62562000 r--s 00001000 08:08 1715179                    /usr/lib/jvm/java-8-openjdk-amd64/jre/lib/ext/dnsns.jar
7f0e62562000-7f0e62564000 r--s 00008000 08:08 1715184                    /usr/lib/jvm/java-8-openjdk-amd64/jre/lib/ext/sunec.jar
7f0e62564000-7f0e6256a000 r--s 0003b000 08:08 1715185                    /usr/lib/jvm/java-8-openjdk-amd64/jre/lib/ext/sunjce_provider.jar
7f0e6256a000-7f0e6256c000 r--s 00007000 08:08 2654545                    /usr/share/java/java-atk-wrapper.jar
7f0e6256c000-7f0e62637000 rw-p 00000000 00:00 0 
7f0e62637000-7f0e6263a000 ---p 00000000 00:00 0 
7f0e6263a000-7f0e6273a000 rw-p 00000000 00:00 0 
7f0e6273a000-7f0e6273b000 r--s 00010000 08:08 1715187                    /usr/lib/jvm/java-8-openjdk-amd64/jre/lib/ext/zipfs.jar
7f0e6273b000-7f0e6273c000 r--s 0000a000 08:08 1715181                    /usr/lib/jvm/java-8-openjdk-amd64/jre/lib/ext/jaccess.jar
7f0e6273c000-7f0e6273f000 r--s 00038000 08:08 1715186                    /usr/lib/jvm/java-8-openjdk-amd64/jre/lib/ext/sunpkcs11.jar
7f0e6273f000-7f0e62749000 r--s 00116000 08:08 1715182                    /usr/lib/jvm/java-8-openjdk-amd64/jre/lib/ext/localedata.jar
7f0e62749000-7f0e62751000 rw-s 00000000 08:08 2116000                    /tmp/hsperfdata_atomx/12558
7f0e62751000-7f0e62752000 rw-p 00000000 00:00 0 
7f0e62752000-7f0e62753000 r--p 00000000 00:00 0 
7f0e62753000-7f0e62756000 rw-p 00000000 00:00 0 
7f0e62756000-7f0e62757000 r--p 00023000 08:08 1973230                    /usr/lib/x86_64-linux-gnu/ld-2.24.so
7f0e62757000-7f0e62758000 rw-p 00024000 08:08 1973230                    /usr/lib/x86_64-linux-gnu/ld-2.24.so
7f0e62758000-7f0e62759000 rw-p 00000000 00:00 0 
7ffdb4f4c000-7ffdb4f6d000 rw-p 00000000 00:00 0                          [stack]
7ffdb4f7e000-7ffdb4f81000 r--p 00000000 00:00 0                          [vvar]
7ffdb4f81000-7ffdb4f83000 r-xp 00000000 00:00 0                          [vdso]
ffffffffff600000-ffffffffff601000 r-xp 00000000 00:00 0                  [vsyscall]

VM Arguments:
jvm_args: -Dfile.encoding=UTF-8 
java_command: application.Main
java_class_path (initial): /home/atomx/eclipse-workspace/Library/bin:/home/atomx/Desktop/My-Libraries/Java/JavaFX/jfxrt.jar:/home/atomx/Desktop/My-Libraries/Java/MySQL-Connector/mysql-connector-java-8.0.17.jar:/home/atomx/.eclipse/org.eclipse.platform_4.12.0_1473617060_linux_gtk_x86_64/plugins/org.eclipse.fx.ide.css.jfx8_3.5.0.201902220800.jar
Launcher Type: SUN_STANDARD

Environment Variables:
PATH=/usr/local/bin:/usr/bin:/bin:/usr/local/games:/usr/games:/sbin:/usr/sbin
SHELL=/bin/bash
DISPLAY=:0

Signal Handlers:
SIGSEGV: [libjvm.so+0xa74b40], sa_mask[0]=11111111011111111101111111111110, sa_flags=SA_RESTART|SA_SIGINFO
SIGBUS: [libjvm.so+0xa74b40], sa_mask[0]=11111111011111111101111111111110, sa_flags=SA_RESTART|SA_SIGINFO
SIGFPE: [libjvm.so+0x8bd510], sa_mask[0]=11111111011111111101111111111110, sa_flags=SA_RESTART|SA_SIGINFO
SIGPIPE: SIG_IGN, sa_mask[0]=00000000000010000000000000000000, sa_flags=SA_RESTART
SIGXFSZ: [libjvm.so+0x8bd510], sa_mask[0]=11111111011111111101111111111110, sa_flags=SA_RESTART|SA_SIGINFO
SIGILL: [libjvm.so+0x8bd510], sa_mask[0]=11111111011111111101111111111110, sa_flags=SA_RESTART|SA_SIGINFO
SIGUSR1: SIG_DFL, sa_mask[0]=00000000000000000000000000000000, sa_flags=none
SIGUSR2: [libjvm.so+0x8bd3c0], sa_mask[0]=00100000000000000000000000000000, sa_flags=SA_RESTART|SA_SIGINFO
SIGHUP: SIG_IGN, sa_mask[0]=00000000000000000000000000000000, sa_flags=none
SIGINT: [libjvm.so+0x8bd870], sa_mask[0]=11111111011111111101111111111110, sa_flags=SA_RESTART|SA_SIGINFO
SIGTERM: [libjvm.so+0x8bd870], sa_mask[0]=11111111011111111101111111111110, sa_flags=SA_RESTART|SA_SIGINFO
SIGQUIT: [libjvm.so+0x8bd870], sa_mask[0]=11111111011111111101111111111110, sa_flags=SA_RESTART|SA_SIGINFO


---------------  S Y S T E M  ---------------

OS:DISTRIB_ID=Deepin
DISTRIB_RELEASE="15.11"
DISTRIB_DESCRIPTION="Deepin 15.11 "
DISTRIB_CODENAME=stable

uname:Linux 4.15.0-30deepin-generic #31 SMP Fri Nov 30 04:29:02 UTC 2018 x86_64
libc:glibc 2.24 NPTL 2.24 
rlimit: STACK 8192k, CORE 0k, NPROC 30921, NOFILE 1048576, AS infinity
load average:1.16 1.12 1.22

/proc/meminfo:
MemTotal:        8018944 kB
MemFree:         1679088 kB
MemAvailable:    3944412 kB
Buffers:          365964 kB
Cached:          2390276 kB
SwapCached:            0 kB
Active:          3952560 kB
Inactive:        1466184 kB
Active(anon):    2663936 kB
Inactive(anon):   371100 kB
Active(file):    1288624 kB
Inactive(file):  1095084 kB
Unevictable:          96 kB
Mlocked:              96 kB
SwapTotal:       2097148 kB
SwapFree:        2097148 kB
Dirty:              3444 kB
Writeback:             0 kB
AnonPages:       2662412 kB
Mapped:          1123120 kB
Shmem:            372544 kB
Slab:             263980 kB
SReclaimable:     191680 kB
SUnreclaim:        72300 kB
KernelStack:       13952 kB
PageTables:        50752 kB
NFS_Unstable:          0 kB
Bounce:                0 kB
WritebackTmp:          0 kB
CommitLimit:     6106620 kB
Committed_AS:    9619536 kB
VmallocTotal:   34359738367 kB
VmallocUsed:           0 kB
VmallocChunk:          0 kB
HardwareCorrupted:     0 kB
AnonHugePages:      2048 kB
ShmemHugePages:        0 kB
ShmemPmdMapped:        0 kB
CmaTotal:              0 kB
CmaFree:               0 kB
HugePages_Total:       0
HugePages_Free:        0
HugePages_Rsvd:        0
HugePages_Surp:        0
Hugepagesize:       2048 kB
DirectMap4k:      418748 kB
DirectMap2M:     7819264 kB


CPU:total 2 (initial active 2) (2 cores per cpu, 1 threads per core) family 6 model 76 stepping 4, cmov, cx8, fxsr, mmx, sse, sse2, sse3, ssse3, sse4.1, sse4.2, popcnt, aes, clmul, erms, 3dnowpref, tsc, tscinvbit

/proc/cpuinfo:
processor	: 0
vendor_id	: GenuineIntel
cpu family	: 6
model		: 76
model name	: Intel(R) Celeron(R) CPU  N3010  @ 1.04GHz
stepping	: 4
microcode	: 0x404
cpu MHz		: 2090.424
cache size	: 1024 KB
physical id	: 0
siblings	: 2
core id		: 0
cpu cores	: 2
apicid		: 0
initial apicid	: 0
fpu		: yes
fpu_exception	: yes
cpuid level	: 11
wp		: yes
flags		: fpu vme de pse tsc msr pae mce cx8 apic sep mtrr pge mca cmov pat pse36 clflush dts acpi mmx fxsr sse sse2 ss ht tm pbe syscall nx rdtscp lm constant_tsc arch_perfmon pebs bts rep_good nopl xtopology tsc_reliable nonstop_tsc cpuid aperfmperf tsc_known_freq pni pclmulqdq dtes64 monitor ds_cpl vmx est tm2 ssse3 cx16 xtpr pdcm sse4_1 sse4_2 movbe popcnt tsc_deadline_timer aes rdrand lahf_lm 3dnowprefetch epb pti tpr_shadow vnmi flexpriority ept vpid tsc_adjust smep erms dtherm ida arat
bugs		: cpu_meltdown spectre_v1 spectre_v2
bogomips	: 2080.00
clflush size	: 64
cache_alignment	: 64
address sizes	: 36 bits physical, 48 bits virtual
power management:

processor	: 1
vendor_id	: GenuineIntel
cpu family	: 6
model		: 76
model name	: Intel(R) Celeron(R) CPU  N3010  @ 1.04GHz
stepping	: 4
microcode	: 0x404
cpu MHz		: 2240.000
cache size	: 1024 KB
physical id	: 0
siblings	: 2
core id		: 2
cpu cores	: 2
apicid		: 4
initial apicid	: 4
fpu		: yes
fpu_exception	: yes
cpuid level	: 11
wp		: yes
flags		: fpu vme de pse tsc msr pae mce cx8 apic sep mtrr pge mca cmov pat pse36 clflush dts acpi mmx fxsr sse sse2 ss ht tm pbe syscall nx rdtscp lm constant_tsc arch_perfmon pebs bts rep_good nopl xtopology tsc_reliable nonstop_tsc cpuid aperfmperf tsc_known_freq pni pclmulqdq dtes64 monitor ds_cpl vmx est tm2 ssse3 cx16 xtpr pdcm sse4_1 sse4_2 movbe popcnt tsc_deadline_timer aes rdrand lahf_lm 3dnowprefetch epb pti tpr_shadow vnmi flexpriority ept vpid tsc_adjust smep erms dtherm ida arat
bugs		: cpu_meltdown spectre_v1 spectre_v2
bogomips	: 2080.00
clflush size	: 64
cache_alignment	: 64
address sizes	: 36 bits physical, 48 bits virtual
power management:



Memory: 4k page, physical 8018944k(1679020k free), swap 2097148k(2097148k free)

vm_info: OpenJDK 64-Bit Server VM (25.181-b13) for linux-amd64 JRE (1.8.0_181-8u181-b13-2~deb9u1-b13), built on Oct 22 2018 18:05:23 by "pbuilder" with gcc 6.3.0 20170516

time: Sat Aug 31 12:44:06 2019
elapsed time: 11 seconds (0d 0h 0m 11s)

