#
# A fatal error has been detected by the Java Runtime Environment:
#
#  SIGSEGV (0xb) at pc=0x00007fd61852c07d, pid=25161, tid=0x00007fd5c5905700
#
# JRE version: OpenJDK Runtime Environment (8.0_181-b13) (build 1.8.0_181-8u181-b13-2~deb9u1-b13)
# Java VM: OpenJDK 64-Bit Server VM (25.181-b13 mixed mode linux-amd64 compressed oops)
# Problematic frame:
# V  [libjvm.so+0x68107d]
#
# Failed to write core dump. Core dumps have been disabled. To enable core dumping, try "ulimit -c unlimited" before starting Java again
#
# If you would like to submit a bug report, please visit:
#   http://bugreport.java.com/bugreport/crash.jsp
#

---------------  T H R E A D  ---------------

Current thread (0x00007fd61027b800):  JavaThread "JavaFX Application Thread" [_thread_in_vm, id=25186, stack(0x00007fd5c5805000,0x00007fd5c5906000)]

siginfo: si_signo: 11 (SIGSEGV), si_code: 128 (SI_KERNEL), si_addr: 0x0000000000000000

Registers:
RAX=0x0000000000000000, RBX=0x00007fd61027b800, RCX=0x00007fd61023f368, RDX=0x776569762f637273
RSP=0x00007fd5c5904230, RBP=0x00007fd5c59043b0, RSI=0x00007fd5c59043d0, RDI=0x00007fd61027b9e0
R8 =0x00007fd5c5904400, R9 =0x00007fd61027b800, R10=0x00007fd5b8000c30, R11=0x00007fd6015c6b80
R12=0x00007fd61027b9e0, R13=0x00007fd61027b800, R14=0x00007fd5c5904490, R15=0x776569762f637273
RIP=0x00007fd61852c07d, EFLAGS=0x0000000000010202, CSGSFS=0x002b000000000033, ERR=0x0000000000000000
  TRAPNO=0x000000000000000d

Top of Stack: (sp=0x00007fd5c5904230)
0x00007fd5c5904230:   00007fd5c5904340 00007fd6185131d3
0x00007fd5c5904240:   00007fd615314ab8 00007fd5c5904280
0x00007fd5c5904250:   00007fd60000000e 00007fd61027b9e0
0x00007fd5c5904260:   00007fd5c5904270 00007fd5c59043d0
0x00007fd5c5904270:   00007fd615277cc0 00007fd61027b800
0x00007fd5c5904280:   00007fd615277cc0 00007fd61027b800
0x00007fd5c5904290:   00007fd61027b150 00007fd5d8009600
0x00007fd5c59042a0:   00007fd5d8009610 00007fd5d80099e8
0x00007fd5c59042b0:   00000000000003d8 00007fd61027b190
0x00007fd5c59042c0:   00007fd615277cc0 00007fd61027b800
0x00007fd5c59042d0:   000000001526dc30 00000000d95b5b98
0x00007fd5c59042e0:   0000000000000000 00007fd601017e1b
0x00007fd5c59042f0:   00007fd615277cc0 00007fd61027b800
0x00007fd5c5904300:   0000000000000000 00000000d95b5c28
0x00007fd5c5904310:   00007fd50000006f 00007fd50000000a
0x00007fd5c5904320:   00000000d8335a90 00007fd600000000
0x00007fd5c5904330:   00007fd5c5904420 00007fd5c59043e0
0x00007fd5c5904340:   00007fd5c59044d0 0000000100000180
0x00007fd5c5904350:   0000000000000002 00007fd5c5904308
0x00007fd5c5904360:   00007fd5c5904349 0000000800000005
0x00007fd5c5904370:   00007fd600000000 779cb7486cd13e00
0x00007fd5c5904380:   00007fd5c5904390 00007fd61027b800
0x00007fd5c5904390:   00007fd61027b9e0 00007fd61023f368
0x00007fd5c59043a0:   00007fd5c5904490 776569762f637273
0x00007fd5c59043b0:   00007fd5c5904480 00007fd61852f6aa
0x00007fd5c59043c0:   00007fd5b82aa250 00007fd5c5904400
0x00007fd5c59043d0:   000000000000000e 00007fd500000000
0x00007fd5c59043e0:   00007fd61027b800 0000000000000000
0x00007fd5c59043f0:   0000000000000067 779cb7486cd13e00
0x00007fd5c5904400:   00007fd618d15938 00007fd619a3f7e0
0x00007fd5c5904410:   000000001025bc00 00007fd500000063
0x00007fd5c5904420:   0000000000000000 0000003000000018 

Instructions: (pc=0x00007fd61852c07d)
0x00007fd61852c05d:   ff 48 89 b5 b8 fe ff ff 64 48 8b 04 25 28 00 00
0x00007fd61852c06d:   00 48 89 45 c8 31 c0 48 85 d2 0f 84 3b 03 00 00
0x00007fd61852c07d:   4c 8b 32 4d 85 f6 0f 84 2f 03 00 00 49 8b b9 20
0x00007fd61852c08d:   01 00 00 48 89 cb 4d 89 c4 e8 f5 4c ff ff 4c 89 

Register to memory mapping:

RAX=0x0000000000000000 is an unknown value
RBX=0x00007fd61027b800 is a thread
RCX=0x00007fd61023f368 is an unknown value
RDX=0x776569762f637273 is an unknown value
RSP=0x00007fd5c5904230 is pointing into the stack for thread: 0x00007fd61027b800
RBP=0x00007fd5c59043b0 is pointing into the stack for thread: 0x00007fd61027b800
RSI=0x00007fd5c59043d0 is pointing into the stack for thread: 0x00007fd61027b800
RDI=0x00007fd61027b9e0 is an unknown value
R8 =0x00007fd5c5904400 is pointing into the stack for thread: 0x00007fd61027b800
R9 =0x00007fd61027b800 is a thread
R10=0x00007fd5b8000c30 is an unknown value
R11=0x00007fd6015c6b80 is at entry_point+32 in (nmethod*)0x00007fd6015c6a10
R12=0x00007fd61027b9e0 is an unknown value
R13=0x00007fd61027b800 is a thread
R14=0x00007fd5c5904490 is pointing into the stack for thread: 0x00007fd61027b800
R15=0x776569762f637273 is an unknown value


Stack: [0x00007fd5c5805000,0x00007fd5c5906000],  sp=0x00007fd5c5904230,  free space=1020k
Native frames: (J=compiled Java code, j=interpreted, Vv=VM code, C=native code)
V  [libjvm.so+0x68107d]
V  [libjvm.so+0x6846aa]
C  [libglass.so+0x12d33]  JNIEnv_::CallVoidMethod(_jobject*, _jmethodID*, ...)+0x93
C  [libglass.so+0x1ccf6]  WindowContextBase::process_key(_GdkEventKey*)+0x226
C  [libglass.so+0x1a9c0]  WindowContextBase::im_filter_keypress(_GdkEventKey*)+0x1f0
C  [libglass.so+0x23094]
C  [libgdk-x11-2.0.so.0+0x5acbc]

Java frames: (J=compiled Java code, j=interpreted, Vv=VM code)
j  com.sun.glass.ui.gtk.GtkApplication._runLoop(Ljava/lang/Runnable;Z)V+0
j  com.sun.glass.ui.gtk.GtkApplication.lambda$null$5(Ljava/lang/Runnable;Z)V+7
j  com.sun.glass.ui.gtk.GtkApplication$$Lambda$41.run()V+12
j  java.lang.Thread.run()V+11
v  ~StubRoutines::call_stub

---------------  P R O C E S S  ---------------

Java Threads: ( => current thread )
  0x00007fd5b83fa000 JavaThread "Prism Font Disposer" daemon [_thread_blocked, id=25198, stack(0x00007fd5c4005000,0x00007fd5c4106000)]
  0x00007fd5b809f000 JavaThread "mysql-cj-abandoned-connection-cleanup" daemon [_thread_blocked, id=25189, stack(0x00007fd5c4c1b000,0x00007fd5c4d1c000)]
  0x00007fd610283000 JavaThread "JavaFX-Launcher" [_thread_blocked, id=25188, stack(0x00007fd5c4dc2000,0x00007fd5c4ec3000)]
=>0x00007fd61027b800 JavaThread "JavaFX Application Thread" [_thread_in_vm, id=25186, stack(0x00007fd5c5805000,0x00007fd5c5906000)]
  0x00007fd610277800 JavaThread "Thread-1" daemon [_thread_blocked, id=25185, stack(0x00007fd5c5906000,0x00007fd5c5a07000)]
  0x00007fd610229000 JavaThread "QuantumRenderer-0" daemon [_thread_blocked, id=25183, stack(0x00007fd5fc897000,0x00007fd5fc998000)]
  0x00007fd6100c1800 JavaThread "Service Thread" daemon [_thread_blocked, id=25177, stack(0x00007fd5fcb2f000,0x00007fd5fcc30000)]
  0x00007fd6100b7000 JavaThread "C1 CompilerThread1" daemon [_thread_blocked, id=25176, stack(0x00007fd5fcc30000,0x00007fd5fcd31000)]
  0x00007fd6100b4000 JavaThread "C2 CompilerThread0" daemon [_thread_blocked, id=25175, stack(0x00007fd5fcd31000,0x00007fd5fce32000)]
  0x00007fd6100b2800 JavaThread "Signal Dispatcher" daemon [_thread_blocked, id=25174, stack(0x00007fd5fce32000,0x00007fd5fcf33000)]
  0x00007fd610080000 JavaThread "Finalizer" daemon [_thread_blocked, id=25173, stack(0x00007fd5fd0ce000,0x00007fd5fd1cf000)]
  0x00007fd61007d800 JavaThread "Reference Handler" daemon [_thread_blocked, id=25172, stack(0x00007fd5fd1cf000,0x00007fd5fd2d0000)]
  0x00007fd61000a800 JavaThread "main" [_thread_blocked, id=25167, stack(0x00007fd619ae3000,0x00007fd619be4000)]

Other Threads:
  0x00007fd610074000 VMThread [stack: 0x00007fd6140a8000,0x00007fd6141a9000] [id=25171]
  0x00007fd6100c4000 WatcherThread [stack: 0x00007fd5fca2e000,0x00007fd5fcb2f000] [id=25178]

VM state:not at safepoint (normal execution)

VM Mutex/Monitor currently owned by a thread: None

Heap:
 PSYoungGen      total 36864K, used 23445K [0x00000000d7380000, 0x00000000dbb80000, 0x0000000100000000)
  eden space 31744K, 57% used [0x00000000d7380000,0x00000000d856c0f0,0x00000000d9280000)
  from space 5120K, 99% used [0x00000000d9280000,0x00000000d9779480,0x00000000d9780000)
  to   space 5120K, 0% used [0x00000000db680000,0x00000000db680000,0x00000000dbb80000)
 ParOldGen       total 84992K, used 6984K [0x0000000085a00000, 0x000000008ad00000, 0x00000000d7380000)
  object space 84992K, 8% used [0x0000000085a00000,0x00000000860d22a0,0x000000008ad00000)
 Metaspace       used 19617K, capacity 20368K, committed 20608K, reserved 1067008K
  class space    used 2630K, capacity 2823K, committed 2944K, reserved 1048576K

Card table byte_map: [0x00007fd615de9000,0x00007fd6161bd000] byte_map_base: 0x00007fd6159bc000

Marking Bits: (ParMarkBitMap*) 0x00007fd618dd93a0
 Begin Bits: [0x00007fd5fd2d0000, 0x00007fd5ff168000)
 End Bits:   [0x00007fd5ff168000, 0x00007fd601000000)

Polling page: 0x00007fd619bfe000

CodeCache: size=245760Kb used=6048Kb max_used=6050Kb free=239711Kb
 bounds [0x00007fd601000000, 0x00007fd6015f0000, 0x00007fd610000000]
 total_blobs=2694 nmethods=2005 adapters=604
 compilation: enabled

Compilation events (10 events):
Event: 16.184 Thread 0x00007fd6100b4000 nmethod 1974 0x00007fd6015e6a50 code [0x00007fd6015e6ba0, 0x00007fd6015e6c18]
Event: 16.184 Thread 0x00007fd6100b4000 1977       4       java.lang.Character::toLowerCase (6 bytes)
Event: 16.187 Thread 0x00007fd6100b4000 nmethod 1977 0x00007fd6015e8a10 code [0x00007fd6015e8c40, 0x00007fd6015e8db8]
Event: 16.188 Thread 0x00007fd6100b7000 nmethod 2002 0x00007fd6015e6d90 code [0x00007fd6015e7000, 0x00007fd6015e8288]
Event: 16.188 Thread 0x00007fd6100b7000 2005       3       java.lang.Math::min (45 bytes)
Event: 16.189 Thread 0x00007fd6100b7000 nmethod 2005 0x00007fd6015e6510 code [0x00007fd6015e6680, 0x00007fd6015e69d0]
Event: 16.189 Thread 0x00007fd6100b7000 2004       1       com.sun.javafx.font.PrismFontFile::getDefaultAAMode (2 bytes)
Event: 16.189 Thread 0x00007fd6100b7000 nmethod 2004 0x00007fd6015e9650 code [0x00007fd6015e97a0, 0x00007fd6015e98b0]
Event: 16.189 Thread 0x00007fd6100b7000 2003       1       javafx.scene.text.Font::impl_getNativeFont (5 bytes)
Event: 16.189 Thread 0x00007fd6100b7000 nmethod 2003 0x00007fd6015e9390 code [0x00007fd6015e94e0, 0x00007fd6015e95f0]

GC Heap History (6 events):
Event: 2.365 GC heap before
{Heap before GC invocations=1 (full 0):
 PSYoungGen      total 36864K, used 31744K [0x00000000d7380000, 0x00000000d9c80000, 0x0000000100000000)
  eden space 31744K, 100% used [0x00000000d7380000,0x00000000d9280000,0x00000000d9280000)
  from space 5120K, 0% used [0x00000000d9780000,0x00000000d9780000,0x00000000d9c80000)
  to   space 5120K, 0% used [0x00000000d9280000,0x00000000d9280000,0x00000000d9780000)
 ParOldGen       total 84992K, used 0K [0x0000000085a00000, 0x000000008ad00000, 0x00000000d7380000)
  object space 84992K, 0% used [0x0000000085a00000,0x0000000085a00000,0x000000008ad00000)
 Metaspace       used 11568K, capacity 12002K, committed 12288K, reserved 1060864K
  class space    used 1353K, capacity 1517K, committed 1536K, reserved 1048576K
Event: 2.384 GC heap after
Heap after GC invocations=1 (full 0):
 PSYoungGen      total 36864K, used 5099K [0x00000000d7380000, 0x00000000d9c80000, 0x0000000100000000)
  eden space 31744K, 0% used [0x00000000d7380000,0x00000000d7380000,0x00000000d9280000)
  from space 5120K, 99% used [0x00000000d9280000,0x00000000d977ac90,0x00000000d9780000)
  to   space 5120K, 0% used [0x00000000d9780000,0x00000000d9780000,0x00000000d9c80000)
 ParOldGen       total 84992K, used 1968K [0x0000000085a00000, 0x000000008ad00000, 0x00000000d7380000)
  object space 84992K, 2% used [0x0000000085a00000,0x0000000085bec0d8,0x000000008ad00000)
 Metaspace       used 11568K, capacity 12002K, committed 12288K, reserved 1060864K
  class space    used 1353K, capacity 1517K, committed 1536K, reserved 1048576K
}
Event: 2.797 GC heap before
{Heap before GC invocations=2 (full 0):
 PSYoungGen      total 36864K, used 36843K [0x00000000d7380000, 0x00000000d9c80000, 0x0000000100000000)
  eden space 31744K, 100% used [0x00000000d7380000,0x00000000d9280000,0x00000000d9280000)
  from space 5120K, 99% used [0x00000000d9280000,0x00000000d977ac90,0x00000000d9780000)
  to   space 5120K, 0% used [0x00000000d9780000,0x00000000d9780000,0x00000000d9c80000)
 ParOldGen       total 84992K, used 1968K [0x0000000085a00000, 0x000000008ad00000, 0x00000000d7380000)
  object space 84992K, 2% used [0x0000000085a00000,0x0000000085bec0d8,0x000000008ad00000)
 Metaspace       used 12845K, capacity 13198K, committed 13568K, reserved 1060864K
  class space    used 1542K, capacity 1680K, committed 1792K, reserved 1048576K
Event: 2.827 GC heap after
Heap after GC invocations=2 (full 0):
 PSYoungGen      total 36864K, used 5101K [0x00000000d7380000, 0x00000000dbb80000, 0x0000000100000000)
  eden space 31744K, 0% used [0x00000000d7380000,0x00000000d7380000,0x00000000d9280000)
  from space 5120K, 99% used [0x00000000d9780000,0x00000000d9c7b410,0x00000000d9c80000)
  to   space 5120K, 0% used [0x00000000d9280000,0x00000000d9280000,0x00000000d9780000)
 ParOldGen       total 84992K, used 2849K [0x0000000085a00000, 0x000000008ad00000, 0x00000000d7380000)
  object space 84992K, 3% used [0x0000000085a00000,0x0000000085cc86d8,0x000000008ad00000)
 Metaspace       used 12845K, capacity 13198K, committed 13568K, reserved 1060864K
  class space    used 1542K, capacity 1680K, committed 1792K, reserved 1048576K
}
Event: 4.208 GC heap before
{Heap before GC invocations=3 (full 0):
 PSYoungGen      total 36864K, used 36845K [0x00000000d7380000, 0x00000000dbb80000, 0x0000000100000000)
  eden space 31744K, 100% used [0x00000000d7380000,0x00000000d9280000,0x00000000d9280000)
  from space 5120K, 99% used [0x00000000d9780000,0x00000000d9c7b410,0x00000000d9c80000)
  to   space 5120K, 0% used [0x00000000d9280000,0x00000000d9280000,0x00000000d9780000)
 ParOldGen       total 84992K, used 2849K [0x0000000085a00000, 0x000000008ad00000, 0x00000000d7380000)
  object space 84992K, 3% used [0x0000000085a00000,0x0000000085cc86d8,0x000000008ad00000)
 Metaspace       used 16138K, capacity 16782K, committed 16896K, reserved 1064960K
  class space    used 2112K, capacity 2304K, committed 2304K, reserved 1048576K
Event: 4.248 GC heap after
Heap after GC invocations=3 (full 0):
 PSYoungGen      total 36864K, used 5093K [0x00000000d7380000, 0x00000000dbb80000, 0x0000000100000000)
  eden space 31744K, 0% used [0x00000000d7380000,0x00000000d7380000,0x00000000d9280000)
  from space 5120K, 99% used [0x00000000d9280000,0x00000000d9779480,0x00000000d9780000)
  to   space 5120K, 0% used [0x00000000db680000,0x00000000db680000,0x00000000dbb80000)
 ParOldGen       total 84992K, used 6984K [0x0000000085a00000, 0x000000008ad00000, 0x00000000d7380000)
  object space 84992K, 8% used [0x0000000085a00000,0x00000000860d22a0,0x000000008ad00000)
 Metaspace       used 16138K, capacity 16782K, committed 16896K, reserved 1064960K
  class space    used 2112K, capacity 2304K, committed 2304K, reserved 1048576K
}

Deoptimization events (10 events):
Event: 3.963 Thread 0x00007fd61027b800 Uncommon trap: reason=class_check action=maybe_recompile pc=0x00007fd6013574f4 method=java.io.DataInputStream.readShort()S @ 4
Event: 3.998 Thread 0x00007fd61027b800 Uncommon trap: reason=class_check action=maybe_recompile pc=0x00007fd601115d60 method=java.lang.String.equals(Ljava/lang/Object;)Z @ 8
Event: 3.998 Thread 0x00007fd61027b800 Uncommon trap: reason=class_check action=maybe_recompile pc=0x00007fd601115d60 method=java.lang.String.equals(Ljava/lang/Object;)Z @ 8
Event: 3.998 Thread 0x00007fd61027b800 Uncommon trap: reason=class_check action=maybe_recompile pc=0x00007fd601115d60 method=java.lang.String.equals(Ljava/lang/Object;)Z @ 8
Event: 4.017 Thread 0x00007fd61027b800 Uncommon trap: reason=class_check action=maybe_recompile pc=0x00007fd601115d60 method=java.lang.String.equals(Ljava/lang/Object;)Z @ 8
Event: 5.339 Thread 0x00007fd61027b800 Uncommon trap: reason=unstable_if action=reinterpret pc=0x00007fd6013d66e4 method=jdk.internal.org.objectweb.asm.Type.getArgumentsAndReturnSizes(Ljava/lang/String;)I @ 47
Event: 6.288 Thread 0x00007fd610229000 Uncommon trap: reason=unstable_if action=reinterpret pc=0x00007fd601465060 method=java.lang.StrictMath.floorOrCeil(DDDD)D @ 115
Event: 14.265 Thread 0x00007fd61027b800 Uncommon trap: reason=unstable_if action=reinterpret pc=0x00007fd6012530a0 method=java.lang.CharacterData.of(I)Ljava/lang/CharacterData; @ 4
Event: 15.879 Thread 0x00007fd61027b800 Uncommon trap: reason=unstable_if action=reinterpret pc=0x00007fd6012d1f9c method=sun.nio.cs.UTF_8$Decoder.decode([BII[C)I @ 30
Event: 16.004 Thread 0x00007fd61027b800 Uncommon trap: reason=unstable_if action=reinterpret pc=0x00007fd6014e24fc method=java.lang.StrictMath.floorOrCeil(DDDD)D @ 38

Classes redefined (0 events):
No events

Internal exceptions (10 events):
Event: 0.712 Thread 0x00007fd61000a800 Exception <a 'java/security/PrivilegedActionException'> (0x00000000d76359c8) thrown at [/build/openjdk-8-8u181-b13/src/hotspot/src/share/vm/prims/jvm.cpp, line 1435]
Event: 0.712 Thread 0x00007fd61000a800 Exception <a 'java/security/PrivilegedActionException'> (0x00000000d7635bd8) thrown at [/build/openjdk-8-8u181-b13/src/hotspot/src/share/vm/prims/jvm.cpp, line 1435]
Event: 0.713 Thread 0x00007fd61000a800 Exception <a 'java/lang/NullPointerException'> (0x00000000d7637180) thrown at [/build/openjdk-8-8u181-b13/src/hotspot/src/share/vm/interpreter/linkResolver.cpp, line 1185]
Event: 2.204 Thread 0x00007fd61027b800 Exception <a 'java/lang/NullPointerException'> (0x00000000d8b465d8) thrown at [/build/openjdk-8-8u181-b13/src/hotspot/src/share/vm/interpreter/linkResolver.cpp, line 1185]
Event: 2.204 Thread 0x00007fd61027b800 Exception <a 'java/lang/NullPointerException'> (0x00000000d8b465d8) thrown at [/build/openjdk-8-8u181-b13/src/hotspot/src/share/vm/prims/jvm.cpp, line 1439]
Event: 2.485 Thread 0x00007fd61027b800 Implicit null exception at 0x00007fd6012e1f57 to 0x00007fd6012e240d
Event: 2.782 Thread 0x00007fd61027b800 Exception <a 'java/lang/ArrayIndexOutOfBoundsException'> (0x00000000d9234040) thrown at [/build/openjdk-8-8u181-b13/src/hotspot/src/share/vm/runtime/sharedRuntime.cpp, line 605]
Event: 2.783 Thread 0x00007fd61027b800 Exception <a 'java/lang/ArrayIndexOutOfBoundsException'> (0x00000000d9234d40) thrown at [/build/openjdk-8-8u181-b13/src/hotspot/src/share/vm/runtime/sharedRuntime.cpp, line 605]
Event: 2.785 Thread 0x00007fd61027b800 Exception <a 'java/lang/ArrayIndexOutOfBoundsException'> (0x00000000d92360e8) thrown at [/build/openjdk-8-8u181-b13/src/hotspot/src/share/vm/runtime/sharedRuntime.cpp, line 605]
Event: 3.527 Thread 0x00007fd61027b800 Implicit null exception at 0x00007fd601362275 to 0x00007fd601362491

Events (10 events):
Event: 15.957 loading class javafx/scene/effect/Reflection$3 done
Event: 15.958 loading class com/sun/javafx/effect/EffectDirtyBits
Event: 15.958 loading class com/sun/javafx/effect/EffectDirtyBits done
Event: 15.959 loading class javafx/scene/Node$MiscProperties$9$1
Event: 15.959 loading class javafx/scene/Node$MiscProperties$9$1 done
Event: 16.004 Thread 0x00007fd61027b800 Uncommon trap: trap_request=0xffffff65 fr.pc=0x00007fd6014e24fc
Event: 16.004 Thread 0x00007fd61027b800 DEOPT PACKING pc=0x00007fd6014e24fc sp=0x00007fd5c5902750
Event: 16.004 Thread 0x00007fd61027b800 DEOPT UNPACKING pc=0x00007fd60104547a sp=0x00007fd5c5902698 mode 2
Event: 16.216 loading class com/sun/javafx/scene/KeyboardShortcutsHandler$1
Event: 16.216 loading class com/sun/javafx/scene/KeyboardShortcutsHandler$1 done


Dynamic libraries:
85a00000-8ad00000 rw-p 00000000 00:00 0 
8ad00000-d7380000 ---p 00000000 00:00 0 
d7380000-dbb80000 rw-p 00000000 00:00 0 
dbb80000-100000000 ---p 00000000 00:00 0 
100000000-1002e0000 rw-p 00000000 00:00 0 
1002e0000-140000000 ---p 00000000 00:00 0 
562f9f3c0000-562f9f3c1000 r-xp 00000000 08:08 1715118                    /usr/lib/jvm/java-8-openjdk-amd64/jre/bin/java
562f9f5c0000-562f9f5c1000 r--p 00000000 08:08 1715118                    /usr/lib/jvm/java-8-openjdk-amd64/jre/bin/java
562f9f5c1000-562f9f5c2000 rw-p 00001000 08:08 1715118                    /usr/lib/jvm/java-8-openjdk-amd64/jre/bin/java
562fa0513000-562fa0534000 rw-p 00000000 00:00 0                          [heap]
7fd5b37ff000-7fd5b393f000 rw-p 00000000 00:00 0 
7fd5b393f000-7fd5b39ff000 ---p 00000000 00:00 0 
7fd5b39ff000-7fd5b3a0f000 rw-s 00000000 00:18 200                        /i915 (deleted)
7fd5b3a0f000-7fd5b3a6f000 rw-s 1045c7000 00:06 344                       /dev/dri/card0
7fd5b3a6f000-7fd5b3c2f000 rw-s 101a57000 00:06 344                       /dev/dri/card0
7fd5b3c2f000-7fd5b3c8f000 rw-s 102117000 00:06 344                       /dev/dri/card0
7fd5b3c8f000-7fd5b3c9d000 rw-s 106732000 00:06 344                       /dev/dri/card0
7fd5b3c9d000-7fd5b3e5d000 rw-s 1031f6000 00:06 344                       /dev/dri/card0
7fd5b3e5d000-7fd5b3e6d000 rw-s 00000000 00:18 174                        /i915 (deleted)
7fd5b3e6d000-7fd5b416d000 rw-s 106323000 00:06 344                       /dev/dri/card0
7fd5b416d000-7fd5b41b4000 r--p 00000000 08:08 2491713                    /usr/share/fonts/truetype/noto/NotoSans-BoldItalic.ttf
7fd5b41b4000-7fd5b43b4000 rw-p 00000000 00:00 0 
7fd5b43b4000-7fd5b43e4000 r-xp 00000000 08:08 1973152                    /usr/lib/x86_64-linux-gnu/gtk-2.0/2.10.0/engines/libmurrine.so
7fd5b43e4000-7fd5b45e4000 ---p 00030000 08:08 1973152                    /usr/lib/x86_64-linux-gnu/gtk-2.0/2.10.0/engines/libmurrine.so
7fd5b45e4000-7fd5b45e5000 r--p 00030000 08:08 1973152                    /usr/lib/x86_64-linux-gnu/gtk-2.0/2.10.0/engines/libmurrine.so
7fd5b45e5000-7fd5b45e6000 rw-p 00031000 08:08 1973152                    /usr/lib/x86_64-linux-gnu/gtk-2.0/2.10.0/engines/libmurrine.so
7fd5b45e6000-7fd5b45e8000 r-xp 00000000 08:08 1973145                    /usr/lib/x86_64-linux-gnu/gtk-2.0/2.10.0/engines/libadwaita.so
7fd5b45e8000-7fd5b47e8000 ---p 00002000 08:08 1973145                    /usr/lib/x86_64-linux-gnu/gtk-2.0/2.10.0/engines/libadwaita.so
7fd5b47e8000-7fd5b47e9000 r--p 00002000 08:08 1973145                    /usr/lib/x86_64-linux-gnu/gtk-2.0/2.10.0/engines/libadwaita.so
7fd5b47e9000-7fd5b47ea000 rw-p 00003000 08:08 1973145                    /usr/lib/x86_64-linux-gnu/gtk-2.0/2.10.0/engines/libadwaita.so
7fd5b47ea000-7fd5b47f4000 r-xp 00000000 08:08 1973153                    /usr/lib/x86_64-linux-gnu/gtk-2.0/2.10.0/engines/libpixmap.so
7fd5b47f4000-7fd5b49f3000 ---p 0000a000 08:08 1973153                    /usr/lib/x86_64-linux-gnu/gtk-2.0/2.10.0/engines/libpixmap.so
7fd5b49f3000-7fd5b49f4000 r--p 00009000 08:08 1973153                    /usr/lib/x86_64-linux-gnu/gtk-2.0/2.10.0/engines/libpixmap.so
7fd5b49f4000-7fd5b49f5000 rw-p 0000a000 08:08 1973153                    /usr/lib/x86_64-linux-gnu/gtk-2.0/2.10.0/engines/libpixmap.so
7fd5b49f5000-7fd5b49fa000 r-xp 00000000 08:08 1717399                    /usr/lib/jvm/java-8-openjdk-amd64/jre/lib/amd64/libjavafx_font_freetype.so
7fd5b49fa000-7fd5b4bf9000 ---p 00005000 08:08 1717399                    /usr/lib/jvm/java-8-openjdk-amd64/jre/lib/amd64/libjavafx_font_freetype.so
7fd5b4bf9000-7fd5b4bfa000 r--p 00004000 08:08 1717399                    /usr/lib/jvm/java-8-openjdk-amd64/jre/lib/amd64/libjavafx_font_freetype.so
7fd5b4bfa000-7fd5b4bfb000 rw-p 00005000 08:08 1717399                    /usr/lib/jvm/java-8-openjdk-amd64/jre/lib/amd64/libjavafx_font_freetype.so
7fd5b4bfb000-7fd5b4dfb000 rw-p 00000000 00:00 0 
7fd5b4dfb000-7fd5b4dfe000 r-xp 00000000 08:08 1717398                    /usr/lib/jvm/java-8-openjdk-amd64/jre/lib/amd64/libjavafx_font.so
7fd5b4dfe000-7fd5b4ffd000 ---p 00003000 08:08 1717398                    /usr/lib/jvm/java-8-openjdk-amd64/jre/lib/amd64/libjavafx_font.so
7fd5b4ffd000-7fd5b4ffe000 r--p 00002000 08:08 1717398                    /usr/lib/jvm/java-8-openjdk-amd64/jre/lib/amd64/libjavafx_font.so
7fd5b4ffe000-7fd5b4fff000 rw-p 00003000 08:08 1717398                    /usr/lib/jvm/java-8-openjdk-amd64/jre/lib/amd64/libjavafx_font.so
7fd5b4fff000-7fd5b8000000 rw-p 00000000 00:00 0 
7fd5b8000000-7fd5b8559000 rw-p 00000000 00:00 0 
7fd5b8559000-7fd5bc000000 ---p 00000000 00:00 0 
7fd5bc000000-7fd5bc021000 rw-p 00000000 00:00 0 
7fd5bc021000-7fd5c0000000 ---p 00000000 00:00 0 
7fd5c0000000-7fd5c0021000 rw-p 00000000 00:00 0 
7fd5c0021000-7fd5c4000000 ---p 00000000 00:00 0 
7fd5c4004000-7fd5c4005000 rw-s 00000000 00:18 160                        /i915 (deleted)
7fd5c4005000-7fd5c4008000 ---p 00000000 00:00 0 
7fd5c4008000-7fd5c4106000 rw-p 00000000 00:00 0 
7fd5c4106000-7fd5c4151000 r--p 00000000 08:08 2491715                    /usr/share/fonts/truetype/noto/NotoSans-Regular.ttf
7fd5c4151000-7fd5c4193000 r--s 00000000 08:08 1572909                    /var/cache/fontconfig/0bd3dc0958fa2205aaaa8ebb13e2872b-le64.cache-4
7fd5c4193000-7fd5c41fc000 r-xp 00000000 08:08 1974422                    /usr/lib/x86_64-linux-gnu/libjpeg.so.62.2.0
7fd5c41fc000-7fd5c43fc000 ---p 00069000 08:08 1974422                    /usr/lib/x86_64-linux-gnu/libjpeg.so.62.2.0
7fd5c43fc000-7fd5c43fd000 r--p 00069000 08:08 1974422                    /usr/lib/x86_64-linux-gnu/libjpeg.so.62.2.0
7fd5c43fd000-7fd5c43fe000 rw-p 0006a000 08:08 1974422                    /usr/lib/x86_64-linux-gnu/libjpeg.so.62.2.0
7fd5c43fe000-7fd5c4402000 r-xp 00000000 08:08 1717401                    /usr/lib/jvm/java-8-openjdk-amd64/jre/lib/amd64/libjavafx_iio.so
7fd5c4402000-7fd5c4601000 ---p 00004000 08:08 1717401                    /usr/lib/jvm/java-8-openjdk-amd64/jre/lib/amd64/libjavafx_iio.so
7fd5c4601000-7fd5c4602000 r--p 00003000 08:08 1717401                    /usr/lib/jvm/java-8-openjdk-amd64/jre/lib/amd64/libjavafx_iio.so
7fd5c4602000-7fd5c4603000 rw-p 00004000 08:08 1717401                    /usr/lib/jvm/java-8-openjdk-amd64/jre/lib/amd64/libjavafx_iio.so
7fd5c4603000-7fd5c4803000 rw-p 00000000 00:00 0 
7fd5c4803000-7fd5c4a03000 rw-p 00000000 00:00 0 
7fd5c4a03000-7fd5c4a1a000 r-xp 00000000 08:08 1715156                    /usr/lib/jvm/java-8-openjdk-amd64/jre/lib/amd64/libnet.so
7fd5c4a1a000-7fd5c4c19000 ---p 00017000 08:08 1715156                    /usr/lib/jvm/java-8-openjdk-amd64/jre/lib/amd64/libnet.so
7fd5c4c19000-7fd5c4c1a000 r--p 00016000 08:08 1715156                    /usr/lib/jvm/java-8-openjdk-amd64/jre/lib/amd64/libnet.so
7fd5c4c1a000-7fd5c4c1b000 rw-p 00017000 08:08 1715156                    /usr/lib/jvm/java-8-openjdk-amd64/jre/lib/amd64/libnet.so
7fd5c4c1b000-7fd5c4c1e000 ---p 00000000 00:00 0 
7fd5c4c1e000-7fd5c4d1c000 rw-p 00000000 00:00 0 
7fd5c4d1c000-7fd5c4dc2000 r--s 010bb000 08:09 14421221                   /home/atomx/eclipse-workspace/Library/lib/jfxrt.jar
7fd5c4dc2000-7fd5c4dc5000 ---p 00000000 00:00 0 
7fd5c4dc5000-7fd5c4ec3000 rw-p 00000000 00:00 0 
7fd5c4ec3000-7fd5c4ec4000 ---p 00000000 00:00 0 
7fd5c4ec4000-7fd5c56c4000 rw-p 00000000 00:00 0 
7fd5c56c4000-7fd5c5805000 rw-s 00000000 08:09 12845132                   /home/atomx/.cache/mesa_shader_cache/index
7fd5c5805000-7fd5c5808000 ---p 00000000 00:00 0 
7fd5c5808000-7fd5c5906000 rw-p 00000000 00:00 0 
7fd5c5906000-7fd5c5909000 ---p 00000000 00:00 0 
7fd5c5909000-7fd5c5a07000 rw-p 00000000 00:00 0 
7fd5c5a07000-7fd5c5a30000 r-xp 00000000 08:08 1717396                    /usr/lib/jvm/java-8-openjdk-amd64/jre/lib/amd64/libglass.so
7fd5c5a30000-7fd5c5c30000 ---p 00029000 08:08 1717396                    /usr/lib/jvm/java-8-openjdk-amd64/jre/lib/amd64/libglass.so
7fd5c5c30000-7fd5c5c31000 r--p 00029000 08:08 1717396                    /usr/lib/jvm/java-8-openjdk-amd64/jre/lib/amd64/libglass.so
7fd5c5c31000-7fd5c5c32000 rw-p 0002a000 08:08 1717396                    /usr/lib/jvm/java-8-openjdk-amd64/jre/lib/amd64/libglass.so
7fd5c5c32000-7fd5c5c33000 rw-p 00000000 00:00 0 
7fd5c5c33000-7fd5c5c34000 ---p 00000000 00:00 0 
7fd5c5c34000-7fd5c6434000 rw-p 00000000 00:00 0 
7fd5c6434000-7fd5c6575000 rw-s 00000000 08:09 12845132                   /home/atomx/.cache/mesa_shader_cache/index
7fd5c6575000-7fd5c657d000 r-xp 00000000 08:08 1974752                    /usr/lib/x86_64-linux-gnu/libpciaccess.so.0.11.1
7fd5c657d000-7fd5c677d000 ---p 00008000 08:08 1974752                    /usr/lib/x86_64-linux-gnu/libpciaccess.so.0.11.1
7fd5c677d000-7fd5c677e000 r--p 00008000 08:08 1974752                    /usr/lib/x86_64-linux-gnu/libpciaccess.so.0.11.1
7fd5c677e000-7fd5c677f000 rw-p 00009000 08:08 1974752                    /usr/lib/x86_64-linux-gnu/libpciaccess.so.0.11.1
7fd5c677f000-7fd5c678a000 r-xp 00000000 08:08 1973844                    /usr/lib/x86_64-linux-gnu/libdrm_radeon.so.1.0.1
7fd5c678a000-7fd5c6989000 ---p 0000b000 08:08 1973844                    /usr/lib/x86_64-linux-gnu/libdrm_radeon.so.1.0.1
7fd5c6989000-7fd5c698a000 r--p 0000a000 08:08 1973844                    /usr/lib/x86_64-linux-gnu/libdrm_radeon.so.1.0.1
7fd5c698a000-7fd5c698b000 rw-p 0000b000 08:08 1973844                    /usr/lib/x86_64-linux-gnu/libdrm_radeon.so.1.0.1
7fd5c698b000-7fd5c6992000 r-xp 00000000 08:08 1973842                    /usr/lib/x86_64-linux-gnu/libdrm_nouveau.so.2.0.0
7fd5c6992000-7fd5c6b91000 ---p 00007000 08:08 1973842                    /usr/lib/x86_64-linux-gnu/libdrm_nouveau.so.2.0.0
7fd5c6b91000-7fd5c6b92000 r--p 00006000 08:08 1973842                    /usr/lib/x86_64-linux-gnu/libdrm_nouveau.so.2.0.0
7fd5c6b92000-7fd5c6b93000 rw-p 00007000 08:08 1973842                    /usr/lib/x86_64-linux-gnu/libdrm_nouveau.so.2.0.0
7fd5c6b93000-7fd5c6bb6000 r-xp 00000000 08:08 1973840                    /usr/lib/x86_64-linux-gnu/libdrm_intel.so.1.0.0
7fd5c6bb6000-7fd5c6db5000 ---p 00023000 08:08 1973840                    /usr/lib/x86_64-linux-gnu/libdrm_intel.so.1.0.0
7fd5c6db5000-7fd5c6db6000 r--p 00022000 08:08 1973840                    /usr/lib/x86_64-linux-gnu/libdrm_intel.so.1.0.0
7fd5c6db6000-7fd5c6db7000 rw-p 00023000 08:08 1973840                    /usr/lib/x86_64-linux-gnu/libdrm_intel.so.1.0.0
7fd5c6db7000-7fd5c76e6000 r-xp 00000000 08:08 1972506                    /usr/lib/x86_64-linux-gnu/dri/i965_dri.so
7fd5c76e6000-7fd5c78e5000 ---p 0092f000 08:08 1972506                    /usr/lib/x86_64-linux-gnu/dri/i965_dri.so
7fd5c78e5000-7fd5c793f000 r--p 0092e000 08:08 1972506                    /usr/lib/x86_64-linux-gnu/dri/i965_dri.so
7fd5c793f000-7fd5c794a000 rw-p 00988000 08:08 1972506                    /usr/lib/x86_64-linux-gnu/dri/i965_dri.so
7fd5c794a000-7fd5c79fd000 rw-p 00000000 00:00 0 
7fd5c79fd000-7fd5c7a0d000 r-xp 00000000 08:08 1973836                    /usr/lib/x86_64-linux-gnu/libdrm.so.2.4.0
7fd5c7a0d000-7fd5c7c0c000 ---p 00010000 08:08 1973836                    /usr/lib/x86_64-linux-gnu/libdrm.so.2.4.0
7fd5c7c0c000-7fd5c7c0d000 r--p 0000f000 08:08 1973836                    /usr/lib/x86_64-linux-gnu/libdrm.so.2.4.0
7fd5c7c0d000-7fd5c7c0e000 rw-p 00010000 08:08 1973836                    /usr/lib/x86_64-linux-gnu/libdrm.so.2.4.0
7fd5c7c0e000-7fd5c7c12000 r-xp 00000000 08:08 1975194                    /usr/lib/x86_64-linux-gnu/libxcb-dri2.so.0.0.0
7fd5c7c12000-7fd5c7e11000 ---p 00004000 08:08 1975194                    /usr/lib/x86_64-linux-gnu/libxcb-dri2.so.0.0.0
7fd5c7e11000-7fd5c7e12000 r--p 00003000 08:08 1975194                    /usr/lib/x86_64-linux-gnu/libxcb-dri2.so.0.0.0
7fd5c7e12000-7fd5c7e13000 rw-p 00004000 08:08 1975194                    /usr/lib/x86_64-linux-gnu/libxcb-dri2.so.0.0.0
7fd5c7e13000-7fd5c7e2b000 r-xp 00000000 08:08 1975200                    /usr/lib/x86_64-linux-gnu/libxcb-glx.so.0.0.0
7fd5c7e2b000-7fd5c802b000 ---p 00018000 08:08 1975200                    /usr/lib/x86_64-linux-gnu/libxcb-glx.so.0.0.0
7fd5c802b000-7fd5c802d000 r--p 00018000 08:08 1975200                    /usr/lib/x86_64-linux-gnu/libxcb-glx.so.0.0.0
7fd5c802d000-7fd5c802e000 rw-p 0001a000 08:08 1975200                    /usr/lib/x86_64-linux-gnu/libxcb-glx.so.0.0.0
7fd5c802e000-7fd5c802f000 r-xp 00000000 08:08 1973515                    /usr/lib/x86_64-linux-gnu/libX11-xcb.so.1.0.0
7fd5c802f000-7fd5c822e000 ---p 00001000 08:08 1973515                    /usr/lib/x86_64-linux-gnu/libX11-xcb.so.1.0.0
7fd5c822e000-7fd5c822f000 r--p 00000000 08:08 1973515                    /usr/lib/x86_64-linux-gnu/libX11-xcb.so.1.0.0
7fd5c822f000-7fd5c8230000 rw-p 00001000 08:08 1973515                    /usr/lib/x86_64-linux-gnu/libX11-xcb.so.1.0.0
7fd5c8230000-7fd5c825c000 r-xp 00000000 08:08 1974054                    /usr/lib/x86_64-linux-gnu/libglapi.so.0.0.0
7fd5c825c000-7fd5c845b000 ---p 0002c000 08:08 1974054                    /usr/lib/x86_64-linux-gnu/libglapi.so.0.0.0
7fd5c845b000-7fd5c845f000 r--p 0002b000 08:08 1974054                    /usr/lib/x86_64-linux-gnu/libglapi.so.0.0.0
7fd5c845f000-7fd5c8460000 rw-p 0002f000 08:08 1974054                    /usr/lib/x86_64-linux-gnu/libglapi.so.0.0.0
7fd5c8460000-7fd5c8461000 rw-p 00000000 00:00 0 
7fd5c8461000-7fd5c8462000 r-xp 00000000 08:08 1975250                    /usr/lib/x86_64-linux-gnu/libxshmfence.so.1.0.0
7fd5c8462000-7fd5c8661000 ---p 00001000 08:08 1975250                    /usr/lib/x86_64-linux-gnu/libxshmfence.so.1.0.0
7fd5c8661000-7fd5c8662000 r--p 00000000 08:08 1975250                    /usr/lib/x86_64-linux-gnu/libxshmfence.so.1.0.0
7fd5c8662000-7fd5c8663000 rw-p 00001000 08:08 1975250                    /usr/lib/x86_64-linux-gnu/libxshmfence.so.1.0.0
7fd5c8663000-7fd5c8669000 r-xp 00000000 08:08 1975220                    /usr/lib/x86_64-linux-gnu/libxcb-sync.so.1.0.0
7fd5c8669000-7fd5c8868000 ---p 00006000 08:08 1975220                    /usr/lib/x86_64-linux-gnu/libxcb-sync.so.1.0.0
7fd5c8868000-7fd5c8869000 r--p 00005000 08:08 1975220                    /usr/lib/x86_64-linux-gnu/libxcb-sync.so.1.0.0
7fd5c8869000-7fd5c886a000 rw-p 00006000 08:08 1975220                    /usr/lib/x86_64-linux-gnu/libxcb-sync.so.1.0.0
7fd5c886a000-7fd5c886c000 r-xp 00000000 08:08 1975208                    /usr/lib/x86_64-linux-gnu/libxcb-present.so.0.0.0
7fd5c886c000-7fd5c8a6b000 ---p 00002000 08:08 1975208                    /usr/lib/x86_64-linux-gnu/libxcb-present.so.0.0.0
7fd5c8a6b000-7fd5c8a6c000 r--p 00001000 08:08 1975208                    /usr/lib/x86_64-linux-gnu/libxcb-present.so.0.0.0
7fd5c8a6c000-7fd5c8a6d000 rw-p 00002000 08:08 1975208                    /usr/lib/x86_64-linux-gnu/libxcb-present.so.0.0.0
7fd5c8a6d000-7fd5c8a74000 r-xp 00000000 08:08 1975224                    /usr/lib/x86_64-linux-gnu/libxcb-xfixes.so.0.0.0
7fd5c8a74000-7fd5c8c73000 ---p 00007000 08:08 1975224                    /usr/lib/x86_64-linux-gnu/libxcb-xfixes.so.0.0.0
7fd5c8c73000-7fd5c8c74000 r--p 00006000 08:08 1975224                    /usr/lib/x86_64-linux-gnu/libxcb-xfixes.so.0.0.0
7fd5c8c74000-7fd5c8c75000 rw-p 00007000 08:08 1975224                    /usr/lib/x86_64-linux-gnu/libxcb-xfixes.so.0.0.0
7fd5c8c75000-7fd5c8c77000 r-xp 00000000 08:08 1975196                    /usr/lib/x86_64-linux-gnu/libxcb-dri3.so.0.0.0
7fd5c8c77000-7fd5c8e76000 ---p 00002000 08:08 1975196                    /usr/lib/x86_64-linux-gnu/libxcb-dri3.so.0.0.0
7fd5c8e76000-7fd5c8e77000 r--p 00001000 08:08 1975196                    /usr/lib/x86_64-linux-gnu/libxcb-dri3.so.0.0.0
7fd5c8e77000-7fd5c8e78000 rw-p 00002000 08:08 1975196                    /usr/lib/x86_64-linux-gnu/libxcb-dri3.so.0.0.0
7fd5c8e78000-7fd5c8eea000 r-xp 00000000 08:08 1973267                    /usr/lib/x86_64-linux-gnu/libGLX_mesa.so.0.0.0
7fd5c8eea000-7fd5c90e9000 ---p 00072000 08:08 1973267                    /usr/lib/x86_64-linux-gnu/libGLX_mesa.so.0.0.0
7fd5c90e9000-7fd5c90ec000 r--p 00071000 08:08 1973267                    /usr/lib/x86_64-linux-gnu/libGLX_mesa.so.0.0.0
7fd5c90ec000-7fd5c90ed000 rw-p 00074000 08:08 1973267                    /usr/lib/x86_64-linux-gnu/libGLX_mesa.so.0.0.0
7fd5c90ed000-7fd5c90ee000 rw-p 00000000 00:00 0 
7fd5c90ee000-7fd5c90f2000 r-xp 00000000 08:08 1975099                    /usr/lib/x86_64-linux-gnu/libuuid.so.1.3.0
7fd5c90f2000-7fd5c92f1000 ---p 00004000 08:08 1975099                    /usr/lib/x86_64-linux-gnu/libuuid.so.1.3.0
7fd5c92f1000-7fd5c92f2000 r--p 00003000 08:08 1975099                    /usr/lib/x86_64-linux-gnu/libuuid.so.1.3.0
7fd5c92f2000-7fd5c92f3000 rw-p 00004000 08:08 1975099                    /usr/lib/x86_64-linux-gnu/libuuid.so.1.3.0
7fd5c92f3000-7fd5c9306000 r-xp 00000000 08:08 1973672                    /usr/lib/x86_64-linux-gnu/libbsd.so.0.8.3
7fd5c9306000-7fd5c9506000 ---p 00013000 08:08 1973672                    /usr/lib/x86_64-linux-gnu/libbsd.so.0.8.3
7fd5c9506000-7fd5c9507000 r--p 00013000 08:08 1973672                    /usr/lib/x86_64-linux-gnu/libbsd.so.0.8.3
7fd5c9507000-7fd5c9508000 rw-p 00014000 08:08 1973672                    /usr/lib/x86_64-linux-gnu/libbsd.so.0.8.3
7fd5c9508000-7fd5c9509000 rw-p 00000000 00:00 0 
7fd5c9509000-7fd5c9510000 r-xp 00000000 08:08 1973762                    /usr/lib/x86_64-linux-gnu/libdatrie.so.1.3.3
7fd5c9510000-7fd5c970f000 ---p 00007000 08:08 1973762                    /usr/lib/x86_64-linux-gnu/libdatrie.so.1.3.3
7fd5c970f000-7fd5c9710000 r--p 00006000 08:08 1973762                    /usr/lib/x86_64-linux-gnu/libdatrie.so.1.3.3
7fd5c9710000-7fd5c9711000 rw-p 00007000 08:08 1973762                    /usr/lib/x86_64-linux-gnu/libdatrie.so.1.3.3
7fd5c9711000-7fd5c973c000 r-xp 00000000 08:08 1974207                    /usr/lib/x86_64-linux-gnu/libgraphite2.so.3.0.1
7fd5c973c000-7fd5c993b000 ---p 0002b000 08:08 1974207                    /usr/lib/x86_64-linux-gnu/libgraphite2.so.3.0.1
7fd5c993b000-7fd5c993d000 r--p 0002a000 08:08 1974207                    /usr/lib/x86_64-linux-gnu/libgraphite2.so.3.0.1
7fd5c993d000-7fd5c993e000 rw-p 0002c000 08:08 1974207                    /usr/lib/x86_64-linux-gnu/libgraphite2.so.3.0.1
7fd5c993e000-7fd5c997f000 r-xp 00000000 08:08 1973657                    /usr/lib/x86_64-linux-gnu/libblkid.so.1.1.0
7fd5c997f000-7fd5c9b7e000 ---p 00041000 08:08 1973657                    /usr/lib/x86_64-linux-gnu/libblkid.so.1.1.0
7fd5c9b7e000-7fd5c9b82000 r--p 00040000 08:08 1973657                    /usr/lib/x86_64-linux-gnu/libblkid.so.1.1.0
7fd5c9b82000-7fd5c9b83000 rw-p 00044000 08:08 1973657                    /usr/lib/x86_64-linux-gnu/libblkid.so.1.1.0
7fd5c9b83000-7fd5c9b84000 rw-p 00000000 00:00 0 
7fd5c9b84000-7fd5c9b89000 r-xp 00000000 08:08 1973532                    /usr/lib/x86_64-linux-gnu/libXdmcp.so.6.0.0
7fd5c9b89000-7fd5c9d88000 ---p 00005000 08:08 1973532                    /usr/lib/x86_64-linux-gnu/libXdmcp.so.6.0.0
7fd5c9d88000-7fd5c9d89000 r--p 00004000 08:08 1973532                    /usr/lib/x86_64-linux-gnu/libXdmcp.so.6.0.0
7fd5c9d89000-7fd5c9d8a000 rw-p 00005000 08:08 1973532                    /usr/lib/x86_64-linux-gnu/libXdmcp.so.6.0.0
7fd5c9d8a000-7fd5c9d8d000 r-xp 00000000 08:08 1973521                    /usr/lib/x86_64-linux-gnu/libXau.so.6.0.0
7fd5c9d8d000-7fd5c9f8c000 ---p 00003000 08:08 1973521                    /usr/lib/x86_64-linux-gnu/libXau.so.6.0.0
7fd5c9f8c000-7fd5c9f8d000 r--p 00002000 08:08 1973521                    /usr/lib/x86_64-linux-gnu/libXau.so.6.0.0
7fd5c9f8d000-7fd5c9f8e000 rw-p 00003000 08:08 1973521                    /usr/lib/x86_64-linux-gnu/libXau.so.6.0.0
7fd5c9f8e000-7fd5c9ffe000 r-xp 00000000 08:08 1973269                    /usr/lib/x86_64-linux-gnu/libGLdispatch.so.0.0.0
7fd5c9ffe000-7fd5ca1fe000 ---p 00070000 08:08 1973269                    /usr/lib/x86_64-linux-gnu/libGLdispatch.so.0.0.0
7fd5ca1fe000-7fd5ca227000 r--p 00070000 08:08 1973269                    /usr/lib/x86_64-linux-gnu/libGLdispatch.so.0.0.0
7fd5ca227000-7fd5ca228000 rw-p 00099000 08:08 1973269                    /usr/lib/x86_64-linux-gnu/libGLdispatch.so.0.0.0
7fd5ca228000-7fd5ca248000 rw-p 00000000 00:00 0 
7fd5ca248000-7fd5ca258000 r-xp 00000000 08:08 1973264                    /usr/lib/x86_64-linux-gnu/libGLX.so.0.0.0
7fd5ca258000-7fd5ca458000 ---p 00010000 08:08 1973264                    /usr/lib/x86_64-linux-gnu/libGLX.so.0.0.0
7fd5ca458000-7fd5ca459000 r--p 00010000 08:08 1973264                    /usr/lib/x86_64-linux-gnu/libGLX.so.0.0.0
7fd5ca459000-7fd5ca45a000 rw-p 00011000 08:08 1973264                    /usr/lib/x86_64-linux-gnu/libGLX.so.0.0.0
7fd5ca45a000-7fd5ca47a000 rw-p 00000000 00:00 0 
7fd5ca47a000-7fd5ca4ec000 r-xp 00000000 08:08 1974757                    /usr/lib/x86_64-linux-gnu/libpcre.so.3.13.3
7fd5ca4ec000-7fd5ca6eb000 ---p 00072000 08:08 1974757                    /usr/lib/x86_64-linux-gnu/libpcre.so.3.13.3
7fd5ca6eb000-7fd5ca6ec000 r--p 00071000 08:08 1974757                    /usr/lib/x86_64-linux-gnu/libpcre.so.3.13.3
7fd5ca6ec000-7fd5ca6ed000 rw-p 00072000 08:08 1974757                    /usr/lib/x86_64-linux-gnu/libpcre.so.3.13.3
7fd5ca6ed000-7fd5ca714000 r-xp 00000000 08:08 1973918                    /usr/lib/x86_64-linux-gnu/libexpat.so.1.6.2
7fd5ca714000-7fd5ca914000 ---p 00027000 08:08 1973918                    /usr/lib/x86_64-linux-gnu/libexpat.so.1.6.2
7fd5ca914000-7fd5ca916000 r--p 00027000 08:08 1973918                    /usr/lib/x86_64-linux-gnu/libexpat.so.1.6.2
7fd5ca916000-7fd5ca917000 rw-p 00029000 08:08 1973918                    /usr/lib/x86_64-linux-gnu/libexpat.so.1.6.2
7fd5ca917000-7fd5ca91e000 r-xp 00000000 08:08 1973938                    /usr/lib/x86_64-linux-gnu/libffi.so.6.0.4
7fd5ca91e000-7fd5cab1e000 ---p 00007000 08:08 1973938                    /usr/lib/x86_64-linux-gnu/libffi.so.6.0.4
7fd5cab1e000-7fd5cab1f000 r--p 00007000 08:08 1973938                    /usr/lib/x86_64-linux-gnu/libffi.so.6.0.4
7fd5cab1f000-7fd5cab20000 rw-p 00008000 08:08 1973938                    /usr/lib/x86_64-linux-gnu/libffi.so.6.0.4
7fd5cab20000-7fd5cab28000 r-xp 00000000 08:08 1975032                    /usr/lib/x86_64-linux-gnu/libthai.so.0.3.0
7fd5cab28000-7fd5cad28000 ---p 00008000 08:08 1975032                    /usr/lib/x86_64-linux-gnu/libthai.so.0.3.0
7fd5cad28000-7fd5cad29000 r--p 00008000 08:08 1975032                    /usr/lib/x86_64-linux-gnu/libthai.so.0.3.0
7fd5cad29000-7fd5cad2a000 rw-p 00009000 08:08 1975032                    /usr/lib/x86_64-linux-gnu/libthai.so.0.3.0
7fd5cad2a000-7fd5cadbd000 r-xp 00000000 08:08 1974304                    /usr/lib/x86_64-linux-gnu/libharfbuzz.so.0.10400.2
7fd5cadbd000-7fd5cafbc000 ---p 00093000 08:08 1974304                    /usr/lib/x86_64-linux-gnu/libharfbuzz.so.0.10400.2
7fd5cafbc000-7fd5cafbe000 r--p 00092000 08:08 1974304                    /usr/lib/x86_64-linux-gnu/libharfbuzz.so.0.10400.2
7fd5cafbe000-7fd5cafbf000 rw-p 00094000 08:08 1974304                    /usr/lib/x86_64-linux-gnu/libharfbuzz.so.0.10400.2
7fd5cafbf000-7fd5cb009000 r-xp 00000000 08:08 1974545                    /usr/lib/x86_64-linux-gnu/libmount.so.1.1.0
7fd5cb009000-7fd5cb209000 ---p 0004a000 08:08 1974545                    /usr/lib/x86_64-linux-gnu/libmount.so.1.1.0
7fd5cb209000-7fd5cb20a000 r--p 0004a000 08:08 1974545                    /usr/lib/x86_64-linux-gnu/libmount.so.1.1.0
7fd5cb20a000-7fd5cb20b000 rw-p 0004b000 08:08 1974545                    /usr/lib/x86_64-linux-gnu/libmount.so.1.1.0
7fd5cb20b000-7fd5cb20d000 rw-p 00000000 00:00 0 
7fd5cb20d000-7fd5cb221000 r-xp 00000000 08:08 1974883                    /usr/lib/x86_64-linux-gnu/libresolv-2.24.so
7fd5cb221000-7fd5cb420000 ---p 00014000 08:08 1974883                    /usr/lib/x86_64-linux-gnu/libresolv-2.24.so
7fd5cb420000-7fd5cb421000 r--p 00013000 08:08 1974883                    /usr/lib/x86_64-linux-gnu/libresolv-2.24.so
7fd5cb421000-7fd5cb422000 rw-p 00014000 08:08 1974883                    /usr/lib/x86_64-linux-gnu/libresolv-2.24.so
7fd5cb422000-7fd5cb424000 rw-p 00000000 00:00 0 
7fd5cb424000-7fd5cb449000 r-xp 00000000 08:08 1974931                    /usr/lib/x86_64-linux-gnu/libselinux.so.1
7fd5cb449000-7fd5cb648000 ---p 00025000 08:08 1974931                    /usr/lib/x86_64-linux-gnu/libselinux.so.1
7fd5cb648000-7fd5cb649000 r--p 00024000 08:08 1974931                    /usr/lib/x86_64-linux-gnu/libselinux.so.1
7fd5cb649000-7fd5cb64a000 rw-p 00025000 08:08 1974931                    /usr/lib/x86_64-linux-gnu/libselinux.so.1
7fd5cb64a000-7fd5cb64c000 rw-p 00000000 00:00 0 
7fd5cb64c000-7fd5cb658000 r-xp 00000000 08:08 1975214                    /usr/lib/x86_64-linux-gnu/libxcb-render.so.0.0.0
7fd5cb658000-7fd5cb858000 ---p 0000c000 08:08 1975214                    /usr/lib/x86_64-linux-gnu/libxcb-render.so.0.0.0
7fd5cb858000-7fd5cb859000 r--p 0000c000 08:08 1975214                    /usr/lib/x86_64-linux-gnu/libxcb-render.so.0.0.0
7fd5cb859000-7fd5cb85a000 rw-p 0000d000 08:08 1975214                    /usr/lib/x86_64-linux-gnu/libxcb-render.so.0.0.0
7fd5cb85a000-7fd5cb881000 r-xp 00000000 08:08 1975232                    /usr/lib/x86_64-linux-gnu/libxcb.so.1.1.0
7fd5cb881000-7fd5cba80000 ---p 00027000 08:08 1975232                    /usr/lib/x86_64-linux-gnu/libxcb.so.1.1.0
7fd5cba80000-7fd5cba81000 r--p 00026000 08:08 1975232                    /usr/lib/x86_64-linux-gnu/libxcb.so.1.1.0
7fd5cba81000-7fd5cba82000 rw-p 00027000 08:08 1975232                    /usr/lib/x86_64-linux-gnu/libxcb.so.1.1.0
7fd5cba82000-7fd5cba84000 r-xp 00000000 08:08 1975218                    /usr/lib/x86_64-linux-gnu/libxcb-shm.so.0.0.0
7fd5cba84000-7fd5cbc84000 ---p 00002000 08:08 1975218                    /usr/lib/x86_64-linux-gnu/libxcb-shm.so.0.0.0
7fd5cbc84000-7fd5cbc85000 r--p 00002000 08:08 1975218                    /usr/lib/x86_64-linux-gnu/libxcb-shm.so.0.0.0
7fd5cbc85000-7fd5cbc86000 rw-p 00003000 08:08 1975218                    /usr/lib/x86_64-linux-gnu/libxcb-shm.so.0.0.0
7fd5cbc86000-7fd5cbcb7000 r-xp 00000000 08:08 1974804                    /usr/lib/x86_64-linux-gnu/libpng16.so.16.28.0
7fd5cbcb7000-7fd5cbeb7000 ---p 00031000 08:08 1974804                    /usr/lib/x86_64-linux-gnu/libpng16.so.16.28.0
7fd5cbeb7000-7fd5cbeb8000 r--p 00031000 08:08 1974804                    /usr/lib/x86_64-linux-gnu/libpng16.so.16.28.0
7fd5cbeb8000-7fd5cbeb9000 rw-p 00032000 08:08 1974804                    /usr/lib/x86_64-linux-gnu/libpng16.so.16.28.0
7fd5cbeb9000-7fd5cbf57000 r-xp 00000000 08:08 1974787                    /usr/lib/x86_64-linux-gnu/libpixman-1.so.0.34.0
7fd5cbf57000-7fd5cc157000 ---p 0009e000 08:08 1974787                    /usr/lib/x86_64-linux-gnu/libpixman-1.so.0.34.0
7fd5cc157000-7fd5cc15f000 r--p 0009e000 08:08 1974787                    /usr/lib/x86_64-linux-gnu/libpixman-1.so.0.34.0
7fd5cc15f000-7fd5cc160000 rw-p 000a6000 08:08 1974787                    /usr/lib/x86_64-linux-gnu/libpixman-1.so.0.34.0
7fd5cc160000-7fd5cc171000 r-xp 00000000 08:08 1973534                    /usr/lib/x86_64-linux-gnu/libXext.so.6.4.0
7fd5cc171000-7fd5cc370000 ---p 00011000 08:08 1973534                    /usr/lib/x86_64-linux-gnu/libXext.so.6.4.0
7fd5cc370000-7fd5cc371000 r--p 00010000 08:08 1973534                    /usr/lib/x86_64-linux-gnu/libXext.so.6.4.0
7fd5cc371000-7fd5cc372000 rw-p 00011000 08:08 1973534                    /usr/lib/x86_64-linux-gnu/libXext.so.6.4.0
7fd5cc372000-7fd5cc37c000 r-xp 00000000 08:08 1973528                    /usr/lib/x86_64-linux-gnu/libXcursor.so.1.0.2
7fd5cc37c000-7fd5cc57b000 ---p 0000a000 08:08 1973528                    /usr/lib/x86_64-linux-gnu/libXcursor.so.1.0.2
7fd5cc57b000-7fd5cc57c000 r--p 00009000 08:08 1973528                    /usr/lib/x86_64-linux-gnu/libXcursor.so.1.0.2
7fd5cc57c000-7fd5cc57d000 rw-p 0000a000 08:08 1973528                    /usr/lib/x86_64-linux-gnu/libXcursor.so.1.0.2
7fd5cc57d000-7fd5cc587000 r-xp 00000000 08:08 1973554                    /usr/lib/x86_64-linux-gnu/libXrandr.so.2.2.0
7fd5cc587000-7fd5cc786000 ---p 0000a000 08:08 1973554                    /usr/lib/x86_64-linux-gnu/libXrandr.so.2.2.0
7fd5cc786000-7fd5cc787000 r--p 00009000 08:08 1973554                    /usr/lib/x86_64-linux-gnu/libXrandr.so.2.2.0
7fd5cc787000-7fd5cc788000 rw-p 0000a000 08:08 1973554                    /usr/lib/x86_64-linux-gnu/libXrandr.so.2.2.0
7fd5cc788000-7fd5cc797000 r-xp 00000000 08:08 1973544                    /usr/lib/x86_64-linux-gnu/libXi.so.6.1.0
7fd5cc797000-7fd5cc996000 ---p 0000f000 08:08 1973544                    /usr/lib/x86_64-linux-gnu/libXi.so.6.1.0
7fd5cc996000-7fd5cc997000 r--p 0000e000 08:08 1973544                    /usr/lib/x86_64-linux-gnu/libXi.so.6.1.0
7fd5cc997000-7fd5cc998000 rw-p 0000f000 08:08 1973544                    /usr/lib/x86_64-linux-gnu/libXi.so.6.1.0
7fd5cc998000-7fd5cc99a000 r-xp 00000000 08:08 1973546                    /usr/lib/x86_64-linux-gnu/libXinerama.so.1.0.0
7fd5cc99a000-7fd5ccb99000 ---p 00002000 08:08 1973546                    /usr/lib/x86_64-linux-gnu/libXinerama.so.1.0.0
7fd5ccb99000-7fd5ccb9a000 r--p 00001000 08:08 1973546                    /usr/lib/x86_64-linux-gnu/libXinerama.so.1.0.0
7fd5ccb9a000-7fd5ccb9b000 rw-p 00002000 08:08 1973546                    /usr/lib/x86_64-linux-gnu/libXinerama.so.1.0.0
7fd5ccb9b000-7fd5ccba4000 r-xp 00000000 08:08 1973556                    /usr/lib/x86_64-linux-gnu/libXrender.so.1.3.0
7fd5ccba4000-7fd5ccda3000 ---p 00009000 08:08 1973556                    /usr/lib/x86_64-linux-gnu/libXrender.so.1.3.0
7fd5ccda3000-7fd5ccda4000 r--p 00008000 08:08 1973556                    /usr/lib/x86_64-linux-gnu/libXrender.so.1.3.0
7fd5ccda4000-7fd5ccda5000 rw-p 00009000 08:08 1973556                    /usr/lib/x86_64-linux-gnu/libXrender.so.1.3.0
7fd5ccda5000-7fd5ccdaa000 r-xp 00000000 08:08 1973536                    /usr/lib/x86_64-linux-gnu/libXfixes.so.3.1.0
7fd5ccdaa000-7fd5ccfa9000 ---p 00005000 08:08 1973536                    /usr/lib/x86_64-linux-gnu/libXfixes.so.3.1.0
7fd5ccfa9000-7fd5ccfaa000 r--p 00004000 08:08 1973536                    /usr/lib/x86_64-linux-gnu/libXfixes.so.3.1.0
7fd5ccfaa000-7fd5ccfab000 rw-p 00005000 08:08 1973536                    /usr/lib/x86_64-linux-gnu/libXfixes.so.3.1.0
7fd5ccfab000-7fd5ccfad000 r-xp 00000000 08:08 1973530                    /usr/lib/x86_64-linux-gnu/libXdamage.so.1.1.0
7fd5ccfad000-7fd5cd1ac000 ---p 00002000 08:08 1973530                    /usr/lib/x86_64-linux-gnu/libXdamage.so.1.1.0
7fd5cd1ac000-7fd5cd1ad000 r--p 00001000 08:08 1973530                    /usr/lib/x86_64-linux-gnu/libXdamage.so.1.1.0
7fd5cd1ad000-7fd5cd1ae000 rw-p 00002000 08:08 1973530                    /usr/lib/x86_64-linux-gnu/libXdamage.so.1.1.0
7fd5cd1ae000-7fd5cd1b0000 r-xp 00000000 08:08 1973526                    /usr/lib/x86_64-linux-gnu/libXcomposite.so.1.0.0
7fd5cd1b0000-7fd5cd3af000 ---p 00002000 08:08 1973526                    /usr/lib/x86_64-linux-gnu/libXcomposite.so.1.0.0
7fd5cd3af000-7fd5cd3b0000 r--p 00001000 08:08 1973526                    /usr/lib/x86_64-linux-gnu/libXcomposite.so.1.0.0
7fd5cd3b0000-7fd5cd3b1000 rw-p 00002000 08:08 1973526                    /usr/lib/x86_64-linux-gnu/libXcomposite.so.1.0.0
7fd5cd3b1000-7fd5cd3b4000 r-xp 00000000 08:08 1974072                    /usr/lib/x86_64-linux-gnu/libgmodule-2.0.so.0.5000.3
7fd5cd3b4000-7fd5cd5b3000 ---p 00003000 08:08 1974072                    /usr/lib/x86_64-linux-gnu/libgmodule-2.0.so.0.5000.3
7fd5cd5b3000-7fd5cd5b4000 r--p 00002000 08:08 1974072                    /usr/lib/x86_64-linux-gnu/libgmodule-2.0.so.0.5000.3
7fd5cd5b4000-7fd5cd5b5000 rw-p 00003000 08:08 1974072                    /usr/lib/x86_64-linux-gnu/libgmodule-2.0.so.0.5000.3
7fd5cd5b5000-7fd5cd62a000 r-xp 00000000 08:08 1973258                    /usr/lib/x86_64-linux-gnu/libGL.so.1.7.0
7fd5cd62a000-7fd5cd82a000 ---p 00075000 08:08 1973258                    /usr/lib/x86_64-linux-gnu/libGL.so.1.7.0
7fd5cd82a000-7fd5cd844000 r--p 00075000 08:08 1973258                    /usr/lib/x86_64-linux-gnu/libGL.so.1.7.0
7fd5cd844000-7fd5cd845000 rw-p 0008f000 08:08 1973258                    /usr/lib/x86_64-linux-gnu/libGL.so.1.7.0
7fd5cd845000-7fd5cd846000 rw-p 00000000 00:00 0 
7fd5cd846000-7fd5cd84b000 r-xp 00000000 08:08 1973572                    /usr/lib/x86_64-linux-gnu/libXxf86vm.so.1.0.0
7fd5cd84b000-7fd5cda4a000 ---p 00005000 08:08 1973572                    /usr/lib/x86_64-linux-gnu/libXxf86vm.so.1.0.0
7fd5cda4a000-7fd5cda4b000 r--p 00004000 08:08 1973572                    /usr/lib/x86_64-linux-gnu/libXxf86vm.so.1.0.0
7fd5cda4b000-7fd5cda4c000 rw-p 00005000 08:08 1973572                    /usr/lib/x86_64-linux-gnu/libXxf86vm.so.1.0.0
7fd5cda4c000-7fd5cdb86000 r-xp 00000000 08:08 1973517                    /usr/lib/x86_64-linux-gnu/libX11.so.6.3.0
7fd5cdb86000-7fd5cdd86000 ---p 0013a000 08:08 1973517                    /usr/lib/x86_64-linux-gnu/libX11.so.6.3.0
7fd5cdd86000-7fd5cdd87000 r--p 0013a000 08:08 1973517                    /usr/lib/x86_64-linux-gnu/libX11.so.6.3.0
7fd5cdd87000-7fd5cdd8c000 rw-p 0013b000 08:08 1973517                    /usr/lib/x86_64-linux-gnu/libX11.so.6.3.0
7fd5cdd8c000-7fd5cdd91000 r-xp 00000000 08:08 1973562                    /usr/lib/x86_64-linux-gnu/libXtst.so.6.1.0
7fd5cdd91000-7fd5cdf90000 ---p 00005000 08:08 1973562                    /usr/lib/x86_64-linux-gnu/libXtst.so.6.1.0
7fd5cdf90000-7fd5cdf91000 r--p 00004000 08:08 1973562                    /usr/lib/x86_64-linux-gnu/libXtst.so.6.1.0
7fd5cdf91000-7fd5cdf92000 rw-p 00005000 08:08 1973562                    /usr/lib/x86_64-linux-gnu/libXtst.so.6.1.0
7fd5cdf92000-7fd5ce0a4000 r-xp 00000000 08:08 1974060                    /usr/lib/x86_64-linux-gnu/libglib-2.0.so.0.5000.3
7fd5ce0a4000-7fd5ce2a3000 ---p 00112000 08:08 1974060                    /usr/lib/x86_64-linux-gnu/libglib-2.0.so.0.5000.3
7fd5ce2a3000-7fd5ce2a4000 r--p 00111000 08:08 1974060                    /usr/lib/x86_64-linux-gnu/libglib-2.0.so.0.5000.3
7fd5ce2a4000-7fd5ce2a5000 rw-p 00112000 08:08 1974060                    /usr/lib/x86_64-linux-gnu/libglib-2.0.so.0.5000.3
7fd5ce2a5000-7fd5ce2a6000 rw-p 00000000 00:00 0 
7fd5ce2a6000-7fd5ce2a7000 r-xp 00000000 08:08 1974280                    /usr/lib/x86_64-linux-gnu/libgthread-2.0.so.0.5000.3
7fd5ce2a7000-7fd5ce4a6000 ---p 00001000 08:08 1974280                    /usr/lib/x86_64-linux-gnu/libgthread-2.0.so.0.5000.3
7fd5ce4a6000-7fd5ce4a7000 r--p 00000000 08:08 1974280                    /usr/lib/x86_64-linux-gnu/libgthread-2.0.so.0.5000.3
7fd5ce4a7000-7fd5ce4a8000 rw-p 00001000 08:08 1974280                    /usr/lib/x86_64-linux-gnu/libgthread-2.0.so.0.5000.3
7fd5ce4a8000-7fd5ce550000 r-xp 00000000 08:08 1973996                    /usr/lib/x86_64-linux-gnu/libfreetype.so.6.12.3
7fd5ce550000-7fd5ce750000 ---p 000a8000 08:08 1973996                    /usr/lib/x86_64-linux-gnu/libfreetype.so.6.12.3
7fd5ce750000-7fd5ce756000 r--p 000a8000 08:08 1973996                    /usr/lib/x86_64-linux-gnu/libfreetype.so.6.12.3
7fd5ce756000-7fd5ce757000 rw-p 000ae000 08:08 1973996                    /usr/lib/x86_64-linux-gnu/libfreetype.so.6.12.3
7fd5ce757000-7fd5ce793000 r-xp 00000000 08:08 1973982                    /usr/lib/x86_64-linux-gnu/libfontconfig.so.1.8.0
7fd5ce793000-7fd5ce992000 ---p 0003c000 08:08 1973982                    /usr/lib/x86_64-linux-gnu/libfontconfig.so.1.8.0
7fd5ce992000-7fd5ce994000 r--p 0003b000 08:08 1973982                    /usr/lib/x86_64-linux-gnu/libfontconfig.so.1.8.0
7fd5ce994000-7fd5ce995000 rw-p 0003d000 08:08 1973982                    /usr/lib/x86_64-linux-gnu/libfontconfig.so.1.8.0
7fd5ce995000-7fd5ce9e7000 r-xp 00000000 08:08 1974112                    /usr/lib/x86_64-linux-gnu/libgobject-2.0.so.0.5000.3
7fd5ce9e7000-7fd5cebe6000 ---p 00052000 08:08 1974112                    /usr/lib/x86_64-linux-gnu/libgobject-2.0.so.0.5000.3
7fd5cebe6000-7fd5cebe7000 r--p 00051000 08:08 1974112                    /usr/lib/x86_64-linux-gnu/libgobject-2.0.so.0.5000.3
7fd5cebe7000-7fd5cebe8000 rw-p 00052000 08:08 1974112                    /usr/lib/x86_64-linux-gnu/libgobject-2.0.so.0.5000.3
7fd5cebe8000-7fd5cec31000 r-xp 00000000 08:08 1974732                    /usr/lib/x86_64-linux-gnu/libpango-1.0.so.0.4000.5
7fd5cec31000-7fd5cee30000 ---p 00049000 08:08 1974732                    /usr/lib/x86_64-linux-gnu/libpango-1.0.so.0.4000.5
7fd5cee30000-7fd5cee33000 r--p 00048000 08:08 1974732                    /usr/lib/x86_64-linux-gnu/libpango-1.0.so.0.4000.5
7fd5cee33000-7fd5cee34000 rw-p 0004b000 08:08 1974732                    /usr/lib/x86_64-linux-gnu/libpango-1.0.so.0.4000.5
7fd5cee34000-7fd5cee48000 r-xp 00000000 08:08 1974736                    /usr/lib/x86_64-linux-gnu/libpangoft2-1.0.so.0.4000.5
7fd5cee48000-7fd5cf048000 ---p 00014000 08:08 1974736                    /usr/lib/x86_64-linux-gnu/libpangoft2-1.0.so.0.4000.5
7fd5cf048000-7fd5cf049000 r--p 00014000 08:08 1974736                    /usr/lib/x86_64-linux-gnu/libpangoft2-1.0.so.0.4000.5
7fd5cf049000-7fd5cf04a000 rw-p 00015000 08:08 1974736                    /usr/lib/x86_64-linux-gnu/libpangoft2-1.0.so.0.4000.5
7fd5cf04a000-7fd5cf1d7000 r-xp 00000000 08:08 1974048                    /usr/lib/x86_64-linux-gnu/libgio-2.0.so.0.5000.3
7fd5cf1d7000-7fd5cf3d7000 ---p 0018d000 08:08 1974048                    /usr/lib/x86_64-linux-gnu/libgio-2.0.so.0.5000.3
7fd5cf3d7000-7fd5cf3dc000 r--p 0018d000 08:08 1974048                    /usr/lib/x86_64-linux-gnu/libgio-2.0.so.0.5000.3
7fd5cf3dc000-7fd5cf3df000 rw-p 00192000 08:08 1974048                    /usr/lib/x86_64-linux-gnu/libgio-2.0.so.0.5000.3
7fd5cf3df000-7fd5cf3e0000 rw-p 00000000 00:00 0 
7fd5cf3e0000-7fd5cf402000 r-xp 00000000 08:08 1974034                    /usr/lib/x86_64-linux-gnu/libgdk_pixbuf-2.0.so.0.3600.5
7fd5cf402000-7fd5cf602000 ---p 00022000 08:08 1974034                    /usr/lib/x86_64-linux-gnu/libgdk_pixbuf-2.0.so.0.3600.5
7fd5cf602000-7fd5cf603000 r--p 00022000 08:08 1974034                    /usr/lib/x86_64-linux-gnu/libgdk_pixbuf-2.0.so.0.3600.5
7fd5cf603000-7fd5cf604000 rw-p 00023000 08:08 1974034                    /usr/lib/x86_64-linux-gnu/libgdk_pixbuf-2.0.so.0.3600.5
7fd5cf604000-7fd5cf712000 r-xp 00000000 08:08 1973694                    /usr/lib/x86_64-linux-gnu/libcairo.so.2.11400.8
7fd5cf712000-7fd5cf912000 ---p 0010e000 08:08 1973694                    /usr/lib/x86_64-linux-gnu/libcairo.so.2.11400.8
7fd5cf912000-7fd5cf915000 r--p 0010e000 08:08 1973694                    /usr/lib/x86_64-linux-gnu/libcairo.so.2.11400.8
7fd5cf915000-7fd5cf916000 rw-p 00111000 08:08 1973694                    /usr/lib/x86_64-linux-gnu/libcairo.so.2.11400.8
7fd5cf916000-7fd5cf918000 rw-p 00000000 00:00 0 
7fd5cf918000-7fd5cf93b000 r-xp 00000000 08:08 1973616                    /usr/lib/x86_64-linux-gnu/libatk-1.0.so.0.22209.1
7fd5cf93b000-7fd5cfb3a000 ---p 00023000 08:08 1973616                    /usr/lib/x86_64-linux-gnu/libatk-1.0.so.0.22209.1
7fd5cfb3a000-7fd5cfb3d000 r--p 00022000 08:08 1973616                    /usr/lib/x86_64-linux-gnu/libatk-1.0.so.0.22209.1
7fd5cfb3d000-7fd5cfb3e000 rw-p 00025000 08:08 1973616                    /usr/lib/x86_64-linux-gnu/libatk-1.0.so.0.22209.1
7fd5cfb3e000-7fd5cfb4a000 r-xp 00000000 08:08 1974734                    /usr/lib/x86_64-linux-gnu/libpangocairo-1.0.so.0.4000.5
7fd5cfb4a000-7fd5cfd49000 ---p 0000c000 08:08 1974734                    /usr/lib/x86_64-linux-gnu/libpangocairo-1.0.so.0.4000.5
7fd5cfd49000-7fd5cfd4a000 r--p 0000b000 08:08 1974734                    /usr/lib/x86_64-linux-gnu/libpangocairo-1.0.so.0.4000.5
7fd5cfd4a000-7fd5cfd4b000 rw-p 0000c000 08:08 1974734                    /usr/lib/x86_64-linux-gnu/libpangocairo-1.0.so.0.4000.5
7fd5cfd4b000-7fd5cfdfb000 r-xp 00000000 08:08 1974032                    /usr/lib/x86_64-linux-gnu/libgdk-x11-2.0.so.0.2400.31
7fd5cfdfb000-7fd5cfffa000 ---p 000b0000 08:08 1974032                    /usr/lib/x86_64-linux-gnu/libgdk-x11-2.0.so.0.2400.31
7fd5cfffa000-7fd5cfffe000 r--p 000af000 08:08 1974032                    /usr/lib/x86_64-linux-gnu/libgdk-x11-2.0.so.0.2400.31
7fd5cfffe000-7fd5d0000000 rw-p 000b3000 08:08 1974032                    /usr/lib/x86_64-linux-gnu/libgdk-x11-2.0.so.0.2400.31
7fd5d0000000-7fd5d0021000 rw-p 00000000 00:00 0 
7fd5d0021000-7fd5d4000000 ---p 00000000 00:00 0 
7fd5d4000000-7fd5d5924000 rw-p 00000000 00:00 0 
7fd5d5924000-7fd5d8000000 ---p 00000000 00:00 0 
7fd5d8000000-7fd5d843f000 rw-p 00000000 00:00 0 
7fd5d843f000-7fd5dc000000 ---p 00000000 00:00 0 
7fd5dc000000-7fd5dc021000 rw-p 00000000 00:00 0 
7fd5dc021000-7fd5e0000000 ---p 00000000 00:00 0 
7fd5e0000000-7fd5e0021000 rw-p 00000000 00:00 0 
7fd5e0021000-7fd5e4000000 ---p 00000000 00:00 0 
7fd5e4000000-7fd5e4224000 rw-p 00000000 00:00 0 
7fd5e4224000-7fd5e8000000 ---p 00000000 00:00 0 
7fd5e8000000-7fd5e8021000 rw-p 00000000 00:00 0 
7fd5e8021000-7fd5ec000000 ---p 00000000 00:00 0 
7fd5ec000000-7fd5ec021000 rw-p 00000000 00:00 0 
7fd5ec021000-7fd5f0000000 ---p 00000000 00:00 0 
7fd5f0000000-7fd5f0021000 rw-p 00000000 00:00 0 
7fd5f0021000-7fd5f4000000 ---p 00000000 00:00 0 
7fd5f4000000-7fd5f4021000 rw-p 00000000 00:00 0 
7fd5f4021000-7fd5f8000000 ---p 00000000 00:00 0 
7fd5f8000000-7fd5f8021000 rw-p 00000000 00:00 0 
7fd5f8021000-7fd5fc000000 ---p 00000000 00:00 0 
7fd5fc000000-7fd5fc004000 rw-s 00000000 00:18 198                        /i915 (deleted)
7fd5fc004000-7fd5fc005000 rw-s 00000000 00:18 159                        /i915 (deleted)
7fd5fc005000-7fd5fc009000 rw-s 00000000 00:18 172                        /i915 (deleted)
7fd5fc009000-7fd5fc00e000 rw-s 00000000 00:18 171                        /i915 (deleted)
7fd5fc00e000-7fd5fc01e000 rw-s 00000000 00:18 168                        /i915 (deleted)
7fd5fc01e000-7fd5fc02a000 rw-s 00000000 00:18 164                        /i915 (deleted)
7fd5fc02a000-7fd5fc03d000 r--s 00346000 08:08 1715206                    /usr/lib/jvm/java-8-openjdk-amd64/jre/lib/resources.jar
7fd5fc03d000-7fd5fc47d000 r-xp 00000000 08:08 1974286                    /usr/lib/x86_64-linux-gnu/libgtk-x11-2.0.so.0.2400.31
7fd5fc47d000-7fd5fc67c000 ---p 00440000 08:08 1974286                    /usr/lib/x86_64-linux-gnu/libgtk-x11-2.0.so.0.2400.31
7fd5fc67c000-7fd5fc683000 r--p 0043f000 08:08 1974286                    /usr/lib/x86_64-linux-gnu/libgtk-x11-2.0.so.0.2400.31
7fd5fc683000-7fd5fc687000 rw-p 00446000 08:08 1974286                    /usr/lib/x86_64-linux-gnu/libgtk-x11-2.0.so.0.2400.31
7fd5fc687000-7fd5fc68a000 rw-p 00000000 00:00 0 
7fd5fc68a000-7fd5fc696000 r-xp 00000000 08:08 1717405                    /usr/lib/jvm/java-8-openjdk-amd64/jre/lib/amd64/libprism_es2.so
7fd5fc696000-7fd5fc895000 ---p 0000c000 08:08 1717405                    /usr/lib/jvm/java-8-openjdk-amd64/jre/lib/amd64/libprism_es2.so
7fd5fc895000-7fd5fc896000 r--p 0000b000 08:08 1717405                    /usr/lib/jvm/java-8-openjdk-amd64/jre/lib/amd64/libprism_es2.so
7fd5fc896000-7fd5fc897000 rw-p 0000c000 08:08 1717405                    /usr/lib/jvm/java-8-openjdk-amd64/jre/lib/amd64/libprism_es2.so
7fd5fc897000-7fd5fc89a000 ---p 00000000 00:00 0 
7fd5fc89a000-7fd5fc998000 rw-p 00000000 00:00 0 
7fd5fc998000-7fd5fca2e000 r--s 007ce000 08:08 2654625                    /usr/share/java/openjfx/jre/lib/ext/jfxrt.jar
7fd5fca2e000-7fd5fca2f000 ---p 00000000 00:00 0 
7fd5fca2f000-7fd5fcb2f000 rw-p 00000000 00:00 0 
7fd5fcb2f000-7fd5fcb32000 ---p 00000000 00:00 0 
7fd5fcb32000-7fd5fcc30000 rw-p 00000000 00:00 0 
7fd5fcc30000-7fd5fcc33000 ---p 00000000 00:00 0 
7fd5fcc33000-7fd5fcd31000 rw-p 00000000 00:00 0 
7fd5fcd31000-7fd5fcd34000 ---p 00000000 00:00 0 
7fd5fcd34000-7fd5fce32000 rw-p 00000000 00:00 0 
7fd5fce32000-7fd5fce35000 ---p 00000000 00:00 0 
7fd5fce35000-7fd5fcf33000 rw-p 00000000 00:00 0 
7fd5fcf33000-7fd5fd0ce000 r--p 00000000 08:08 1711771                    /usr/lib/locale/locale-archive
7fd5fd0ce000-7fd5fd0d1000 ---p 00000000 00:00 0 
7fd5fd0d1000-7fd5fd1cf000 rw-p 00000000 00:00 0 
7fd5fd1cf000-7fd5fd1d2000 ---p 00000000 00:00 0 
7fd5fd1d2000-7fd601000000 rw-p 00000000 00:00 0 
7fd601000000-7fd6015f0000 rwxp 00000000 00:00 0 
7fd6015f0000-7fd610000000 ---p 00000000 00:00 0 
7fd610000000-7fd610288000 rw-p 00000000 00:00 0 
7fd610288000-7fd614000000 ---p 00000000 00:00 0 
7fd614000000-7fd614005000 rw-s 00000000 00:18 163                        /i915 (deleted)
7fd614005000-7fd614007000 r--s 00000000 08:08 1590387                    /var/cache/fontconfig/4bb17da730f63117fed329ee42a5d05e-le64.cache-4
7fd614007000-7fd61400b000 r--s 00000000 08:08 1572907                    /var/cache/fontconfig/0fafd173547752dce4dee1a69e0b3c95-le64.cache-4
7fd61400b000-7fd61400c000 r--s 00000000 08:08 1572912                    /var/cache/fontconfig/16c2fda60d1b4b719f4b3d06fd951d25-le64.cache-4
7fd61400c000-7fd614012000 r--s 00000000 08:08 1572928                    /var/cache/fontconfig/3047814df9a2f067bd2d96a2b9c36e5a-le64.cache-4
7fd614012000-7fd61401e000 r--s 00000000 08:08 1586852                    /var/cache/fontconfig/d589a48862398ed80a3d6066f4f56f4c-le64.cache-4
7fd61401e000-7fd614021000 r--s 00000000 08:08 1572923                    /var/cache/fontconfig/47e67d79d01846c7b6efd6b4f03a6092-le64.cache-4
7fd614021000-7fd614033000 r--s 00000000 08:08 1572910                    /var/cache/fontconfig/9b89f8e3dae116d678bbf48e5f21f69b-le64.cache-4
7fd614033000-7fd614036000 r--s 00000000 08:08 1590385                    /var/cache/fontconfig/bf6ddb0059d58ea573e04b43f868001f-le64.cache-4
7fd614036000-7fd614039000 r--s 00000000 08:08 1572931                    /var/cache/fontconfig/e13b20fdb08344e0e664864cc2ede53d-le64.cache-4
7fd614039000-7fd61403a000 r--s 00000000 08:08 1590384                    /var/cache/fontconfig/2736766d4907c6828b9382ebdbe3064b-le64.cache-4
7fd61403a000-7fd61403f000 r--s 002f9000 08:08 1715168                    /usr/lib/jvm/java-8-openjdk-amd64/jre/lib/charsets.jar
7fd61403f000-7fd614044000 r--s 0009d000 08:08 1715201                    /usr/lib/jvm/java-8-openjdk-amd64/jre/lib/jsse.jar
7fd614044000-7fd61405c000 r--s 0021f000 08:09 14421222                   /home/atomx/eclipse-workspace/Library/lib/mysql-connector-java-8.0.17.jar
7fd61405c000-7fd614060000 rw-s 00000000 00:18 154                        /i915 (deleted)
7fd614060000-7fd614065000 rw-s 00000000 00:18 153                        /i915 (deleted)
7fd614065000-7fd614069000 rw-s 00000000 00:18 156                        /i915 (deleted)
7fd614069000-7fd61406d000 rw-s 00000000 00:18 142                        /i915 (deleted)
7fd61406d000-7fd614072000 rw-s 00000000 00:18 141                        /i915 (deleted)
7fd614072000-7fd61408d000 r--s 001d6000 08:08 1715183                    /usr/lib/jvm/java-8-openjdk-amd64/jre/lib/ext/nashorn.jar
7fd61408d000-7fd6140a8000 r--s 00394000 08:08 1715178                    /usr/lib/jvm/java-8-openjdk-amd64/jre/lib/ext/cldrdata.jar
7fd6140a8000-7fd6140a9000 ---p 00000000 00:00 0 
7fd6140a9000-7fd614b42000 rw-p 00000000 00:00 0 
7fd614b42000-7fd614d11000 r--s 03c33000 08:08 1715207                    /usr/lib/jvm/java-8-openjdk-amd64/jre/lib/rt.jar
7fd614d11000-7fd61595a000 rw-p 00000000 00:00 0 
7fd61595a000-7fd61595b000 ---p 00000000 00:00 0 
7fd61595b000-7fd615a5b000 rw-p 00000000 00:00 0 
7fd615a5b000-7fd615a5c000 ---p 00000000 00:00 0 
7fd615a5c000-7fd615b86000 rw-p 00000000 00:00 0 
7fd615b86000-7fd615de9000 ---p 00000000 00:00 0 
7fd615de9000-7fd615e13000 rw-p 00000000 00:00 0 
7fd615e13000-7fd616075000 ---p 00000000 00:00 0 
7fd616075000-7fd61609a000 rw-p 00000000 00:00 0 
7fd61609a000-7fd6161bc000 ---p 00000000 00:00 0 
7fd6161bc000-7fd6161d5000 rw-p 00000000 00:00 0 
7fd6161d5000-7fd61657d000 ---p 00000000 00:00 0 
7fd61657d000-7fd616585000 r-xp 00000000 08:08 1715164                    /usr/lib/jvm/java-8-openjdk-amd64/jre/lib/amd64/libzip.so
7fd616585000-7fd616784000 ---p 00008000 08:08 1715164                    /usr/lib/jvm/java-8-openjdk-amd64/jre/lib/amd64/libzip.so
7fd616784000-7fd616785000 r--p 00007000 08:08 1715164                    /usr/lib/jvm/java-8-openjdk-amd64/jre/lib/amd64/libzip.so
7fd616785000-7fd616786000 rw-p 00008000 08:08 1715164                    /usr/lib/jvm/java-8-openjdk-amd64/jre/lib/amd64/libzip.so
7fd616786000-7fd616790000 r-xp 00000000 08:08 1974648                    /usr/lib/x86_64-linux-gnu/libnss_files-2.24.so
7fd616790000-7fd616990000 ---p 0000a000 08:08 1974648                    /usr/lib/x86_64-linux-gnu/libnss_files-2.24.so
7fd616990000-7fd616991000 r--p 0000a000 08:08 1974648                    /usr/lib/x86_64-linux-gnu/libnss_files-2.24.so
7fd616991000-7fd616992000 rw-p 0000b000 08:08 1974648                    /usr/lib/x86_64-linux-gnu/libnss_files-2.24.so
7fd616992000-7fd616998000 rw-p 00000000 00:00 0 
7fd616998000-7fd6169a3000 r-xp 00000000 08:08 1974654                    /usr/lib/x86_64-linux-gnu/libnss_nis-2.24.so
7fd6169a3000-7fd616ba2000 ---p 0000b000 08:08 1974654                    /usr/lib/x86_64-linux-gnu/libnss_nis-2.24.so
7fd616ba2000-7fd616ba3000 r--p 0000a000 08:08 1974654                    /usr/lib/x86_64-linux-gnu/libnss_nis-2.24.so
7fd616ba3000-7fd616ba4000 rw-p 0000b000 08:08 1974654                    /usr/lib/x86_64-linux-gnu/libnss_nis-2.24.so
7fd616ba4000-7fd616bb8000 r-xp 00000000 08:08 1974636                    /usr/lib/x86_64-linux-gnu/libnsl-2.24.so
7fd616bb8000-7fd616db8000 ---p 00014000 08:08 1974636                    /usr/lib/x86_64-linux-gnu/libnsl-2.24.so
7fd616db8000-7fd616db9000 r--p 00014000 08:08 1974636                    /usr/lib/x86_64-linux-gnu/libnsl-2.24.so
7fd616db9000-7fd616dba000 rw-p 00015000 08:08 1974636                    /usr/lib/x86_64-linux-gnu/libnsl-2.24.so
7fd616dba000-7fd616dbc000 rw-p 00000000 00:00 0 
7fd616dbc000-7fd616dc3000 r-xp 00000000 08:08 1974642                    /usr/lib/x86_64-linux-gnu/libnss_compat-2.24.so
7fd616dc3000-7fd616fc2000 ---p 00007000 08:08 1974642                    /usr/lib/x86_64-linux-gnu/libnss_compat-2.24.so
7fd616fc2000-7fd616fc3000 r--p 00006000 08:08 1974642                    /usr/lib/x86_64-linux-gnu/libnss_compat-2.24.so
7fd616fc3000-7fd616fc4000 rw-p 00007000 08:08 1974642                    /usr/lib/x86_64-linux-gnu/libnss_compat-2.24.so
7fd616fc4000-7fd616ff1000 r-xp 00000000 08:08 1715145                    /usr/lib/jvm/java-8-openjdk-amd64/jre/lib/amd64/libjava.so
7fd616ff1000-7fd6171f1000 ---p 0002d000 08:08 1715145                    /usr/lib/jvm/java-8-openjdk-amd64/jre/lib/amd64/libjava.so
7fd6171f1000-7fd6171f2000 r--p 0002d000 08:08 1715145                    /usr/lib/jvm/java-8-openjdk-amd64/jre/lib/amd64/libjava.so
7fd6171f2000-7fd6171f4000 rw-p 0002e000 08:08 1715145                    /usr/lib/jvm/java-8-openjdk-amd64/jre/lib/amd64/libjava.so
7fd6171f4000-7fd617203000 r-xp 00000000 08:08 1715163                    /usr/lib/jvm/java-8-openjdk-amd64/jre/lib/amd64/libverify.so
7fd617203000-7fd617403000 ---p 0000f000 08:08 1715163                    /usr/lib/jvm/java-8-openjdk-amd64/jre/lib/amd64/libverify.so
7fd617403000-7fd617405000 r--p 0000f000 08:08 1715163                    /usr/lib/jvm/java-8-openjdk-amd64/jre/lib/amd64/libverify.so
7fd617405000-7fd617406000 rw-p 00011000 08:08 1715163                    /usr/lib/jvm/java-8-openjdk-amd64/jre/lib/amd64/libverify.so
7fd617406000-7fd61740d000 r-xp 00000000 08:08 1974898                    /usr/lib/x86_64-linux-gnu/librt-2.24.so
7fd61740d000-7fd61760c000 ---p 00007000 08:08 1974898                    /usr/lib/x86_64-linux-gnu/librt-2.24.so
7fd61760c000-7fd61760d000 r--p 00006000 08:08 1974898                    /usr/lib/x86_64-linux-gnu/librt-2.24.so
7fd61760d000-7fd61760e000 rw-p 00007000 08:08 1974898                    /usr/lib/x86_64-linux-gnu/librt-2.24.so
7fd61760e000-7fd617624000 r-xp 00000000 08:08 1974006                    /usr/lib/x86_64-linux-gnu/libgcc_s.so.1
7fd617624000-7fd617823000 ---p 00016000 08:08 1974006                    /usr/lib/x86_64-linux-gnu/libgcc_s.so.1
7fd617823000-7fd617824000 r--p 00015000 08:08 1974006                    /usr/lib/x86_64-linux-gnu/libgcc_s.so.1
7fd617824000-7fd617825000 rw-p 00016000 08:08 1974006                    /usr/lib/x86_64-linux-gnu/libgcc_s.so.1
7fd617825000-7fd617928000 r-xp 00000000 08:08 1974512                    /usr/lib/x86_64-linux-gnu/libm-2.24.so
7fd617928000-7fd617b27000 ---p 00103000 08:08 1974512                    /usr/lib/x86_64-linux-gnu/libm-2.24.so
7fd617b27000-7fd617b28000 r--p 00102000 08:08 1974512                    /usr/lib/x86_64-linux-gnu/libm-2.24.so
7fd617b28000-7fd617b29000 rw-p 00103000 08:08 1974512                    /usr/lib/x86_64-linux-gnu/libm-2.24.so
7fd617b29000-7fd617c9b000 r-xp 00000000 08:08 1975001                    /usr/lib/x86_64-linux-gnu/libstdc++.so.6.0.22
7fd617c9b000-7fd617e9b000 ---p 00172000 08:08 1975001                    /usr/lib/x86_64-linux-gnu/libstdc++.so.6.0.22
7fd617e9b000-7fd617ea5000 r--p 00172000 08:08 1975001                    /usr/lib/x86_64-linux-gnu/libstdc++.so.6.0.22
7fd617ea5000-7fd617ea7000 rw-p 0017c000 08:08 1975001                    /usr/lib/x86_64-linux-gnu/libstdc++.so.6.0.22
7fd617ea7000-7fd617eab000 rw-p 00000000 00:00 0 
7fd617eab000-7fd618b0a000 r-xp 00000000 08:08 1715167                    /usr/lib/jvm/java-8-openjdk-amd64/jre/lib/amd64/server/libjvm.so
7fd618b0a000-7fd618d09000 ---p 00c5f000 08:08 1715167                    /usr/lib/jvm/java-8-openjdk-amd64/jre/lib/amd64/server/libjvm.so
7fd618d09000-7fd618d9d000 r--p 00c5e000 08:08 1715167                    /usr/lib/jvm/java-8-openjdk-amd64/jre/lib/amd64/server/libjvm.so
7fd618d9d000-7fd618dc6000 rw-p 00cf2000 08:08 1715167                    /usr/lib/jvm/java-8-openjdk-amd64/jre/lib/amd64/server/libjvm.so
7fd618dc6000-7fd618df6000 rw-p 00000000 00:00 0 
7fd618df6000-7fd618f8b000 r-xp 00000000 08:08 1973682                    /usr/lib/x86_64-linux-gnu/libc-2.24.so
7fd618f8b000-7fd61918b000 ---p 00195000 08:08 1973682                    /usr/lib/x86_64-linux-gnu/libc-2.24.so
7fd61918b000-7fd61918f000 r--p 00195000 08:08 1973682                    /usr/lib/x86_64-linux-gnu/libc-2.24.so
7fd61918f000-7fd619191000 rw-p 00199000 08:08 1973682                    /usr/lib/x86_64-linux-gnu/libc-2.24.so
7fd619191000-7fd619195000 rw-p 00000000 00:00 0 
7fd619195000-7fd619198000 r-xp 00000000 08:08 1973821                    /usr/lib/x86_64-linux-gnu/libdl-2.24.so
7fd619198000-7fd619397000 ---p 00003000 08:08 1973821                    /usr/lib/x86_64-linux-gnu/libdl-2.24.so
7fd619397000-7fd619398000 r--p 00002000 08:08 1973821                    /usr/lib/x86_64-linux-gnu/libdl-2.24.so
7fd619398000-7fd619399000 rw-p 00003000 08:08 1973821                    /usr/lib/x86_64-linux-gnu/libdl-2.24.so
7fd619399000-7fd6193a6000 r-xp 00000000 08:08 1715131                    /usr/lib/jvm/java-8-openjdk-amd64/jre/lib/amd64/jli/libjli.so
7fd6193a6000-7fd6195a6000 ---p 0000d000 08:08 1715131                    /usr/lib/jvm/java-8-openjdk-amd64/jre/lib/amd64/jli/libjli.so
7fd6195a6000-7fd6195a7000 r--p 0000d000 08:08 1715131                    /usr/lib/jvm/java-8-openjdk-amd64/jre/lib/amd64/jli/libjli.so
7fd6195a7000-7fd6195a8000 rw-p 0000e000 08:08 1715131                    /usr/lib/jvm/java-8-openjdk-amd64/jre/lib/amd64/jli/libjli.so
7fd6195a8000-7fd6195c1000 r-xp 00000000 08:08 1975262                    /usr/lib/x86_64-linux-gnu/libz.so.1.2.8
7fd6195c1000-7fd6197c0000 ---p 00019000 08:08 1975262                    /usr/lib/x86_64-linux-gnu/libz.so.1.2.8
7fd6197c0000-7fd6197c1000 r--p 00018000 08:08 1975262                    /usr/lib/x86_64-linux-gnu/libz.so.1.2.8
7fd6197c1000-7fd6197c2000 rw-p 00019000 08:08 1975262                    /usr/lib/x86_64-linux-gnu/libz.so.1.2.8
7fd6197c2000-7fd6197da000 r-xp 00000000 08:08 1974838                    /usr/lib/x86_64-linux-gnu/libpthread-2.24.so
7fd6197da000-7fd6199d9000 ---p 00018000 08:08 1974838                    /usr/lib/x86_64-linux-gnu/libpthread-2.24.so
7fd6199d9000-7fd6199da000 r--p 00017000 08:08 1974838                    /usr/lib/x86_64-linux-gnu/libpthread-2.24.so
7fd6199da000-7fd6199db000 rw-p 00018000 08:08 1974838                    /usr/lib/x86_64-linux-gnu/libpthread-2.24.so
7fd6199db000-7fd6199df000 rw-p 00000000 00:00 0 
7fd6199df000-7fd619a02000 r-xp 00000000 08:08 1973230                    /usr/lib/x86_64-linux-gnu/ld-2.24.so
7fd619a02000-7fd619a03000 r--s 00008000 08:09 13369446                   /home/atomx/.eclipse/org.eclipse.platform_4.12.0_1473617060_linux_gtk_x86_64/plugins/org.eclipse.fx.ide.css.jfx8_3.5.0.201902220800.jar
7fd619a04000-7fd619a05000 rwxp 00000000 00:00 0 
7fd619a05000-7fd619a09000 rw-s 00000000 00:18 145                        /i915 (deleted)
7fd619a09000-7fd619a0c000 r--s 0000f000 08:08 1715180                    /usr/lib/jvm/java-8-openjdk-amd64/jre/lib/ext/icedtea-sound.jar
7fd619a0c000-7fd619a0e000 r--s 00001000 08:08 1715179                    /usr/lib/jvm/java-8-openjdk-amd64/jre/lib/ext/dnsns.jar
7fd619a0e000-7fd619a10000 r--s 00008000 08:08 1715184                    /usr/lib/jvm/java-8-openjdk-amd64/jre/lib/ext/sunec.jar
7fd619a10000-7fd619a16000 r--s 0003b000 08:08 1715185                    /usr/lib/jvm/java-8-openjdk-amd64/jre/lib/ext/sunjce_provider.jar
7fd619a16000-7fd619a18000 r--s 00007000 08:08 2654545                    /usr/share/java/java-atk-wrapper.jar
7fd619a18000-7fd619ae3000 rw-p 00000000 00:00 0 
7fd619ae3000-7fd619ae6000 ---p 00000000 00:00 0 
7fd619ae6000-7fd619be6000 rw-p 00000000 00:00 0 
7fd619be6000-7fd619be7000 r--s 00010000 08:08 1715187                    /usr/lib/jvm/java-8-openjdk-amd64/jre/lib/ext/zipfs.jar
7fd619be7000-7fd619be8000 r--s 0000a000 08:08 1715181                    /usr/lib/jvm/java-8-openjdk-amd64/jre/lib/ext/jaccess.jar
7fd619be8000-7fd619beb000 r--s 00038000 08:08 1715186                    /usr/lib/jvm/java-8-openjdk-amd64/jre/lib/ext/sunpkcs11.jar
7fd619beb000-7fd619bf5000 r--s 00116000 08:08 1715182                    /usr/lib/jvm/java-8-openjdk-amd64/jre/lib/ext/localedata.jar
7fd619bf5000-7fd619bfd000 rw-s 00000000 08:08 2104380                    /tmp/hsperfdata_atomx/25161
7fd619bfd000-7fd619bfe000 rw-p 00000000 00:00 0 
7fd619bfe000-7fd619bff000 ---p 00000000 00:00 0 
7fd619bff000-7fd619c02000 rw-p 00000000 00:00 0 
7fd619c02000-7fd619c03000 r--p 00023000 08:08 1973230                    /usr/lib/x86_64-linux-gnu/ld-2.24.so
7fd619c03000-7fd619c04000 rw-p 00024000 08:08 1973230                    /usr/lib/x86_64-linux-gnu/ld-2.24.so
7fd619c04000-7fd619c05000 rw-p 00000000 00:00 0 
7ffd8a852000-7ffd8a873000 rw-p 00000000 00:00 0                          [stack]
7ffd8a87c000-7ffd8a87f000 r--p 00000000 00:00 0                          [vvar]
7ffd8a87f000-7ffd8a881000 r-xp 00000000 00:00 0                          [vdso]
ffffffffff600000-ffffffffff601000 r-xp 00000000 00:00 0                  [vsyscall]

VM Arguments:
jvm_args: -Dfile.encoding=UTF-8 
java_command: application.Main
java_class_path (initial): /home/atomx/eclipse-workspace/Library/bin:/home/atomx/.eclipse/org.eclipse.platform_4.12.0_1473617060_linux_gtk_x86_64/plugins/org.eclipse.fx.ide.css.jfx8_3.5.0.201902220800.jar:/home/atomx/eclipse-workspace/Library/lib/jfxrt.jar:/home/atomx/eclipse-workspace/Library/lib/mysql-connector-java-8.0.17.jar
Launcher Type: SUN_STANDARD

Environment Variables:
PATH=/usr/local/bin:/usr/bin:/bin:/usr/local/games:/usr/games:/sbin:/usr/sbin
SHELL=/bin/bash
DISPLAY=:0

Signal Handlers:
SIGSEGV: [libjvm.so+0xa74b40], sa_mask[0]=11111111011111111101111111111110, sa_flags=SA_RESTART|SA_SIGINFO
SIGBUS: [libjvm.so+0xa74b40], sa_mask[0]=11111111011111111101111111111110, sa_flags=SA_RESTART|SA_SIGINFO
SIGFPE: [libjvm.so+0x8bd510], sa_mask[0]=11111111011111111101111111111110, sa_flags=SA_RESTART|SA_SIGINFO
SIGPIPE: SIG_IGN, sa_mask[0]=00000000000010000000000000000000, sa_flags=SA_RESTART
SIGXFSZ: [libjvm.so+0x8bd510], sa_mask[0]=11111111011111111101111111111110, sa_flags=SA_RESTART|SA_SIGINFO
SIGILL: [libjvm.so+0x8bd510], sa_mask[0]=11111111011111111101111111111110, sa_flags=SA_RESTART|SA_SIGINFO
SIGUSR1: SIG_DFL, sa_mask[0]=00000000000000000000000000000000, sa_flags=none
SIGUSR2: [libjvm.so+0x8bd3c0], sa_mask[0]=00100000000000000000000000000000, sa_flags=SA_RESTART|SA_SIGINFO
SIGHUP: SIG_IGN, sa_mask[0]=00000000000000000000000000000000, sa_flags=none
SIGINT: [libjvm.so+0x8bd870], sa_mask[0]=11111111011111111101111111111110, sa_flags=SA_RESTART|SA_SIGINFO
SIGTERM: [libjvm.so+0x8bd870], sa_mask[0]=11111111011111111101111111111110, sa_flags=SA_RESTART|SA_SIGINFO
SIGQUIT: [libjvm.so+0x8bd870], sa_mask[0]=11111111011111111101111111111110, sa_flags=SA_RESTART|SA_SIGINFO


---------------  S Y S T E M  ---------------

OS:DISTRIB_ID=Deepin
DISTRIB_RELEASE="15.11"
DISTRIB_DESCRIPTION="Deepin 15.11 "
DISTRIB_CODENAME=stable

uname:Linux 4.15.0-30deepin-generic #31 SMP Fri Nov 30 04:29:02 UTC 2018 x86_64
libc:glibc 2.24 NPTL 2.24 
rlimit: STACK 8192k, CORE 0k, NPROC 30921, NOFILE 1048576, AS infinity
load average:3.22 2.03 1.49

/proc/meminfo:
MemTotal:        8018944 kB
MemFree:         1717300 kB
MemAvailable:    4407256 kB
Buffers:          390268 kB
Cached:          2546124 kB
SwapCached:            0 kB
Active:          4521396 kB
Inactive:        1378736 kB
Active(anon):    2965200 kB
Inactive(anon):   145096 kB
Active(file):    1556196 kB
Inactive(file):  1233640 kB
Unevictable:         112 kB
Mlocked:             112 kB
SwapTotal:       2097148 kB
SwapFree:        2097148 kB
Dirty:              1112 kB
Writeback:             0 kB
AnonPages:       2963760 kB
Mapped:           577744 kB
Shmem:            146568 kB
Slab:             276780 kB
SReclaimable:     210184 kB
SUnreclaim:        66596 kB
KernelStack:       13360 kB
PageTables:        50168 kB
NFS_Unstable:          0 kB
Bounce:                0 kB
WritebackTmp:          0 kB
CommitLimit:     6106620 kB
Committed_AS:    9114000 kB
VmallocTotal:   34359738367 kB
VmallocUsed:           0 kB
VmallocChunk:          0 kB
HardwareCorrupted:     0 kB
AnonHugePages:     14336 kB
ShmemHugePages:        0 kB
ShmemPmdMapped:        0 kB
CmaTotal:              0 kB
CmaFree:               0 kB
HugePages_Total:       0
HugePages_Free:        0
HugePages_Rsvd:        0
HugePages_Surp:        0
Hugepagesize:       2048 kB
DirectMap4k:      443324 kB
DirectMap2M:     7794688 kB


CPU:total 2 (initial active 2) (2 cores per cpu, 1 threads per core) family 6 model 76 stepping 4, cmov, cx8, fxsr, mmx, sse, sse2, sse3, ssse3, sse4.1, sse4.2, popcnt, aes, clmul, erms, 3dnowpref, tsc, tscinvbit

/proc/cpuinfo:
processor	: 0
vendor_id	: GenuineIntel
cpu family	: 6
model		: 76
model name	: Intel(R) Celeron(R) CPU  N3010  @ 1.04GHz
stepping	: 4
microcode	: 0x404
cpu MHz		: 2240.000
cache size	: 1024 KB
physical id	: 0
siblings	: 2
core id		: 0
cpu cores	: 2
apicid		: 0
initial apicid	: 0
fpu		: yes
fpu_exception	: yes
cpuid level	: 11
wp		: yes
flags		: fpu vme de pse tsc msr pae mce cx8 apic sep mtrr pge mca cmov pat pse36 clflush dts acpi mmx fxsr sse sse2 ss ht tm pbe syscall nx rdtscp lm constant_tsc arch_perfmon pebs bts rep_good nopl xtopology tsc_reliable nonstop_tsc cpuid aperfmperf tsc_known_freq pni pclmulqdq dtes64 monitor ds_cpl vmx est tm2 ssse3 cx16 xtpr pdcm sse4_1 sse4_2 movbe popcnt tsc_deadline_timer aes rdrand lahf_lm 3dnowprefetch epb pti tpr_shadow vnmi flexpriority ept vpid tsc_adjust smep erms dtherm ida arat
bugs		: cpu_meltdown spectre_v1 spectre_v2
bogomips	: 2080.00
clflush size	: 64
cache_alignment	: 64
address sizes	: 36 bits physical, 48 bits virtual
power management:

processor	: 1
vendor_id	: GenuineIntel
cpu family	: 6
model		: 76
model name	: Intel(R) Celeron(R) CPU  N3010  @ 1.04GHz
stepping	: 4
microcode	: 0x404
cpu MHz		: 2240.000
cache size	: 1024 KB
physical id	: 0
siblings	: 2
core id		: 2
cpu cores	: 2
apicid		: 4
initial apicid	: 4
fpu		: yes
fpu_exception	: yes
cpuid level	: 11
wp		: yes
flags		: fpu vme de pse tsc msr pae mce cx8 apic sep mtrr pge mca cmov pat pse36 clflush dts acpi mmx fxsr sse sse2 ss ht tm pbe syscall nx rdtscp lm constant_tsc arch_perfmon pebs bts rep_good nopl xtopology tsc_reliable nonstop_tsc cpuid aperfmperf tsc_known_freq pni pclmulqdq dtes64 monitor ds_cpl vmx est tm2 ssse3 cx16 xtpr pdcm sse4_1 sse4_2 movbe popcnt tsc_deadline_timer aes rdrand lahf_lm 3dnowprefetch epb pti tpr_shadow vnmi flexpriority ept vpid tsc_adjust smep erms dtherm ida arat
bugs		: cpu_meltdown spectre_v1 spectre_v2
bogomips	: 2080.00
clflush size	: 64
cache_alignment	: 64
address sizes	: 36 bits physical, 48 bits virtual
power management:



Memory: 4k page, physical 8018944k(1717300k free), swap 2097148k(2097148k free)

vm_info: OpenJDK 64-Bit Server VM (25.181-b13) for linux-amd64 JRE (1.8.0_181-8u181-b13-2~deb9u1-b13), built on Oct 22 2018 18:05:23 by "pbuilder" with gcc 6.3.0 20170516

time: Sat Aug 31 14:16:14 2019
elapsed time: 16 seconds (0d 0h 0m 16s)

