#
# A fatal error has been detected by the Java Runtime Environment:
#
#  SIGSEGV (0xb) at pc=0x00007f89e2fe907d, pid=14277, tid=0x00007f8990451700
#
# JRE version: OpenJDK Runtime Environment (8.0_181-b13) (build 1.8.0_181-8u181-b13-2~deb9u1-b13)
# Java VM: OpenJDK 64-Bit Server VM (25.181-b13 mixed mode linux-amd64 compressed oops)
# Problematic frame:
# V  [libjvm.so+0x68107d]
#
# Failed to write core dump. Core dumps have been disabled. To enable core dumping, try "ulimit -c unlimited" before starting Java again
#
# If you would like to submit a bug report, please visit:
#   http://bugreport.java.com/bugreport/crash.jsp
#

---------------  T H R E A D  ---------------

Current thread (0x00007f89dc26b800):  JavaThread "JavaFX Application Thread" [_thread_in_vm, id=14301, stack(0x00007f8990351000,0x00007f8990452000)]

siginfo: si_signo: 11 (SIGSEGV), si_code: 1 (SEGV_MAPERR), si_addr: 0x0000000000000035

Registers:
RAX=0x0000000000000000, RBX=0x00007f89dc26b800, RCX=0x00007f89dc22ef78, RDX=0x0000000000000035
RSP=0x00007f8990450230, RBP=0x00007f89904503b0, RSI=0x00007f89904503d0, RDI=0x00007f89dc26b9e0
R8 =0x00007f8990450400, R9 =0x00007f89dc26b800, R10=0x00007f8984000c60, R11=0x00007f89cd537fc0
R12=0x00007f89dc26b9e0, R13=0x00007f89dc26b800, R14=0x00007f8990450490, R15=0x0000000000000035
RIP=0x00007f89e2fe907d, EFLAGS=0x0000000000010206, CSGSFS=0x002b000000000033, ERR=0x0000000000000004
  TRAPNO=0x000000000000000e

Top of Stack: (sp=0x00007f8990450230)
0x00007f8990450230:   00007f8990450340 00007f89e2fd01d3
0x00007f8990450240:   00007f89c905ce88 00007f8990450280
0x00007f8990450250:   00007f890000000e 00007f89dc26b9e0
0x00007f8990450260:   00007f8990450270 00007f89904503d0
0x00007f8990450270:   00007f89c8fc0cc0 00007f89dc26b800
0x00007f8990450280:   00007f89c8fc0cc0 00007f89dc26b800
0x00007f8990450290:   00007f89dc26acf0 00007f89ac011a60
0x00007f89904502a0:   00007f89ac011a70 00007f89ac011e48
0x00007f89904502b0:   00000000000003d8 00007f89dc26ad30
0x00007f89904502c0:   00007f89c8fc0cc0 00007f89dc26b800
0x00007f89904502d0:   00000000c8fb6c30 00000000d92cef40
0x00007f89904502e0:   0000000000000000 00007f89cd017e1b
0x00007f89904502f0:   00007f89c8fc0cc0 00007f89dc26b800
0x00007f8990450300:   0000000000000000 00000000d92cefd0
0x00007f8990450310:   00007f890000006f 00007f890000000a
0x00007f8990450320:   00000000d7f35d08 00007f8900000000
0x00007f8990450330:   00007f8990450420 00007f89904503e0
0x00007f8990450340:   00007f89904504d0 0000000100000180
0x00007f8990450350:   0000000000000002 00007f8990450308
0x00007f8990450360:   00007f8990450349 0000000800000005
0x00007f8990450370:   00007f8900000000 0d2f9a9d77845300
0x00007f8990450380:   00007f8990450390 00007f89dc26b800
0x00007f8990450390:   00007f89dc26b9e0 00007f89dc22ef78
0x00007f89904503a0:   00007f8990450490 0000000000000035
0x00007f89904503b0:   00007f8990450480 00007f89e2fec6aa
0x00007f89904503c0:   00007f89842aeea0 00007f8990450400
0x00007f89904503d0:   000000000000000e 00007f8900000000
0x00007f89904503e0:   00007f89dc26b800 0000000000000000
0x00007f89904503f0:   0000000000000067 0d2f9a9d77845300
0x00007f8990450400:   00007f89e37d2938 00007f89e44fc7e0
0x00007f8990450410:   00000000dc24b800 00007f8900000063
0x00007f8990450420:   0000000000000000 0000003000000018 

Instructions: (pc=0x00007f89e2fe907d)
0x00007f89e2fe905d:   ff 48 89 b5 b8 fe ff ff 64 48 8b 04 25 28 00 00
0x00007f89e2fe906d:   00 48 89 45 c8 31 c0 48 85 d2 0f 84 3b 03 00 00
0x00007f89e2fe907d:   4c 8b 32 4d 85 f6 0f 84 2f 03 00 00 49 8b b9 20
0x00007f89e2fe908d:   01 00 00 48 89 cb 4d 89 c4 e8 f5 4c ff ff 4c 89 

Register to memory mapping:

RAX=0x0000000000000000 is an unknown value
RBX=0x00007f89dc26b800 is a thread
RCX=0x00007f89dc22ef78 is an unknown value
RDX=0x0000000000000035 is an unknown value
RSP=0x00007f8990450230 is pointing into the stack for thread: 0x00007f89dc26b800
RBP=0x00007f89904503b0 is pointing into the stack for thread: 0x00007f89dc26b800
RSI=0x00007f89904503d0 is pointing into the stack for thread: 0x00007f89dc26b800
RDI=0x00007f89dc26b9e0 is an unknown value
R8 =0x00007f8990450400 is pointing into the stack for thread: 0x00007f89dc26b800
R9 =0x00007f89dc26b800 is a thread
R10=0x00007f8984000c60 is an unknown value
R11=0x00007f89cd537fc0 is at entry_point+32 in (nmethod*)0x00007f89cd537e50
R12=0x00007f89dc26b9e0 is an unknown value
R13=0x00007f89dc26b800 is a thread
R14=0x00007f8990450490 is pointing into the stack for thread: 0x00007f89dc26b800
R15=0x0000000000000035 is an unknown value


Stack: [0x00007f8990351000,0x00007f8990452000],  sp=0x00007f8990450230,  free space=1020k
Native frames: (J=compiled Java code, j=interpreted, Vv=VM code, C=native code)
V  [libjvm.so+0x68107d]
V  [libjvm.so+0x6846aa]
C  [libglass.so+0x12d33]  JNIEnv_::CallVoidMethod(_jobject*, _jmethodID*, ...)+0x93
C  [libglass.so+0x1ccf6]  WindowContextBase::process_key(_GdkEventKey*)+0x226
C  [libglass.so+0x1a9c0]  WindowContextBase::im_filter_keypress(_GdkEventKey*)+0x1f0
C  [libglass.so+0x23094]
C  [libgdk-x11-2.0.so.0+0x5acbc]

Java frames: (J=compiled Java code, j=interpreted, Vv=VM code)
j  com.sun.glass.ui.gtk.GtkApplication._runLoop(Ljava/lang/Runnable;Z)V+0
j  com.sun.glass.ui.gtk.GtkApplication.lambda$null$5(Ljava/lang/Runnable;Z)V+7
j  com.sun.glass.ui.gtk.GtkApplication$$Lambda$41.run()V+12
j  java.lang.Thread.run()V+11
v  ~StubRoutines::call_stub

---------------  P R O C E S S  ---------------

Java Threads: ( => current thread )
  0x00007f898438c800 JavaThread "mysql-cj-abandoned-connection-cleanup" daemon [_thread_blocked, id=14331, stack(0x00007f897e4ad000,0x00007f897e5ae000)]
  0x00007f898427e000 JavaThread "Prism Font Disposer" daemon [_thread_blocked, id=14307, stack(0x00007f8988045000,0x00007f8988146000)]
  0x00007f89dc26f000 JavaThread "JavaFX-Launcher" [_thread_blocked, id=14303, stack(0x00007f899010f000,0x00007f8990210000)]
=>0x00007f89dc26b800 JavaThread "JavaFX Application Thread" [_thread_in_vm, id=14301, stack(0x00007f8990351000,0x00007f8990452000)]
  0x00007f89dc267000 JavaThread "Thread-1" daemon [_thread_blocked, id=14300, stack(0x00007f89c0004000,0x00007f89c0105000)]
  0x00007f89dc219000 JavaThread "QuantumRenderer-0" daemon [_thread_blocked, id=14295, stack(0x00007f89c33aa000,0x00007f89c34ab000)]
  0x00007f89dc0b9800 JavaThread "Service Thread" daemon [_thread_blocked, id=14293, stack(0x00007f89c365d000,0x00007f89c375e000)]
  0x00007f89dc0b7000 JavaThread "C1 CompilerThread1" daemon [_thread_blocked, id=14292, stack(0x00007f89c375e000,0x00007f89c385f000)]
  0x00007f89dc0b4000 JavaThread "C2 CompilerThread0" daemon [_thread_blocked, id=14291, stack(0x00007f89c385f000,0x00007f89c3960000)]
  0x00007f89dc0b2800 JavaThread "Signal Dispatcher" daemon [_thread_blocked, id=14290, stack(0x00007f89c3960000,0x00007f89c3a61000)]
  0x00007f89dc080000 JavaThread "Finalizer" daemon [_thread_blocked, id=14289, stack(0x00007f89c3bfc000,0x00007f89c3cfd000)]
  0x00007f89dc07d800 JavaThread "Reference Handler" daemon [_thread_blocked, id=14288, stack(0x00007f89c3cfd000,0x00007f89c3dfe000)]
  0x00007f89dc00a800 JavaThread "main" [_thread_blocked, id=14282, stack(0x00007f89e45a0000,0x00007f89e46a1000)]

Other Threads:
  0x00007f89dc074000 VMThread [stack: 0x00007f89c3dfe000,0x00007f89c3eff000] [id=14287]
  0x00007f89dc0bc000 WatcherThread [stack: 0x00007f89c355c000,0x00007f89c365d000] [id=14294]

VM state:not at safepoint (normal execution)

VM Mutex/Monitor currently owned by a thread: None

Heap:
 PSYoungGen      total 36864K, used 29195K [0x00000000d7380000, 0x00000000dbb80000, 0x0000000100000000)
  eden space 31744K, 75% used [0x00000000d7380000,0x00000000d8b07c08,0x00000000d9280000)
  from space 5120K, 99% used [0x00000000d9280000,0x00000000d977b080,0x00000000d9780000)
  to   space 5120K, 0% used [0x00000000db680000,0x00000000db680000,0x00000000dbb80000)
 ParOldGen       total 84992K, used 2002K [0x0000000085a00000, 0x000000008ad00000, 0x00000000d7380000)
  object space 84992K, 2% used [0x0000000085a00000,0x0000000085bf4b40,0x000000008ad00000)
 Metaspace       used 19842K, capacity 20576K, committed 20864K, reserved 1067008K
  class space    used 2654K, capacity 2833K, committed 2944K, reserved 1048576K

Card table byte_map: [0x00007f89e08a6000,0x00007f89e0c7a000] byte_map_base: 0x00007f89e0479000

Marking Bits: (ParMarkBitMap*) 0x00007f89e38963a0
 Begin Bits: [0x00007f89c92d0000, 0x00007f89cb168000)
 End Bits:   [0x00007f89cb168000, 0x00007f89cd000000)

Polling page: 0x00007f89e46bb000

CodeCache: size=245760Kb used=6163Kb max_used=6163Kb free=239596Kb
 bounds [0x00007f89cd000000, 0x00007f89cd610000, 0x00007f89dc000000]
 total_blobs=2779 nmethods=2082 adapters=612
 compilation: enabled

Compilation events (10 events):
Event: 18.989 Thread 0x00007f89dc0b7000 2089       3       com.sun.javafx.css.PseudoClassState::equals (6 bytes)
Event: 18.991 Thread 0x00007f89dc0b7000 nmethod 2089 0x00007f89cd607490 code [0x00007f89cd607600, 0x00007f89cd607788]
Event: 18.991 Thread 0x00007f89dc0b7000 2092       1       javafx.scene.text.Font::impl_getNativeFont (5 bytes)
Event: 19.001 Thread 0x00007f89dc0b7000 nmethod 2092 0x00007f89cd607810 code [0x00007f89cd607960, 0x00007f89cd607a70]
Event: 19.004 Thread 0x00007f89dc0b7000 2093       1       com.sun.javafx.font.PrismFontFile::getDefaultAAMode (2 bytes)
Event: 19.015 Thread 0x00007f89dc0b7000 nmethod 2093 0x00007f89cd607ad0 code [0x00007f89cd607c20, 0x00007f89cd607d30]
Event: 19.015 Thread 0x00007f89dc0b7000 2088       1       com.sun.javafx.scene.NodeEventDispatcher::getEventHandlerManager (5 bytes)
Event: 19.019 Thread 0x00007f89dc0b7000 nmethod 2088 0x00007f89cd607d90 code [0x00007f89cd607ee0, 0x00007f89cd607ff0]
Event: 19.024 Thread 0x00007f89dc0b7000 2095       1       com.sun.javafx.stage.WindowEventDispatcher::getLastDispatcher (5 bytes)
Event: 19.024 Thread 0x00007f89dc0b7000 nmethod 2095 0x00007f89cd608050 code [0x00007f89cd6081a0, 0x00007f89cd6082b0]

GC Heap History (6 events):
Event: 2.575 GC heap before
{Heap before GC invocations=1 (full 0):
 PSYoungGen      total 36864K, used 31744K [0x00000000d7380000, 0x00000000d9c80000, 0x0000000100000000)
  eden space 31744K, 100% used [0x00000000d7380000,0x00000000d9280000,0x00000000d9280000)
  from space 5120K, 0% used [0x00000000d9780000,0x00000000d9780000,0x00000000d9c80000)
  to   space 5120K, 0% used [0x00000000d9280000,0x00000000d9280000,0x00000000d9780000)
 ParOldGen       total 84992K, used 0K [0x0000000085a00000, 0x000000008ad00000, 0x00000000d7380000)
  object space 84992K, 0% used [0x0000000085a00000,0x0000000085a00000,0x000000008ad00000)
 Metaspace       used 8738K, capacity 9050K, committed 9088K, reserved 1056768K
  class space    used 1042K, capacity 1139K, committed 1152K, reserved 1048576K
Event: 2.590 GC heap after
Heap after GC invocations=1 (full 0):
 PSYoungGen      total 36864K, used 4485K [0x00000000d7380000, 0x00000000d9c80000, 0x0000000100000000)
  eden space 31744K, 0% used [0x00000000d7380000,0x00000000d7380000,0x00000000d9280000)
  from space 5120K, 87% used [0x00000000d9280000,0x00000000d96e17e0,0x00000000d9780000)
  to   space 5120K, 0% used [0x00000000d9780000,0x00000000d9780000,0x00000000d9c80000)
 ParOldGen       total 84992K, used 8K [0x0000000085a00000, 0x000000008ad00000, 0x00000000d7380000)
  object space 84992K, 0% used [0x0000000085a00000,0x0000000085a02000,0x000000008ad00000)
 Metaspace       used 8738K, capacity 9050K, committed 9088K, reserved 1056768K
  class space    used 1042K, capacity 1139K, committed 1152K, reserved 1048576K
}
Event: 3.463 GC heap before
{Heap before GC invocations=2 (full 0):
 PSYoungGen      total 36864K, used 36229K [0x00000000d7380000, 0x00000000d9c80000, 0x0000000100000000)
  eden space 31744K, 100% used [0x00000000d7380000,0x00000000d9280000,0x00000000d9280000)
  from space 5120K, 87% used [0x00000000d9280000,0x00000000d96e17e0,0x00000000d9780000)
  to   space 5120K, 0% used [0x00000000d9780000,0x00000000d9780000,0x00000000d9c80000)
 ParOldGen       total 84992K, used 8K [0x0000000085a00000, 0x000000008ad00000, 0x00000000d7380000)
  object space 84992K, 0% used [0x0000000085a00000,0x0000000085a02000,0x000000008ad00000)
 Metaspace       used 10736K, capacity 11100K, committed 11264K, reserved 1058816K
  class space    used 1363K, capacity 1476K, committed 1536K, reserved 1048576K
Event: 3.482 GC heap after
Heap after GC invocations=2 (full 0):
 PSYoungGen      total 36864K, used 5096K [0x00000000d7380000, 0x00000000dbb80000, 0x0000000100000000)
  eden space 31744K, 0% used [0x00000000d7380000,0x00000000d7380000,0x00000000d9280000)
  from space 5120K, 99% used [0x00000000d9780000,0x00000000d9c7a3d8,0x00000000d9c80000)
  to   space 5120K, 0% used [0x00000000d9280000,0x00000000d9280000,0x00000000d9780000)
 ParOldGen       total 84992K, used 243K [0x0000000085a00000, 0x000000008ad00000, 0x00000000d7380000)
  object space 84992K, 0% used [0x0000000085a00000,0x0000000085a3cd98,0x000000008ad00000)
 Metaspace       used 10736K, capacity 11100K, committed 11264K, reserved 1058816K
  class space    used 1363K, capacity 1476K, committed 1536K, reserved 1048576K
}
Event: 4.638 GC heap before
{Heap before GC invocations=3 (full 0):
 PSYoungGen      total 36864K, used 36840K [0x00000000d7380000, 0x00000000dbb80000, 0x0000000100000000)
  eden space 31744K, 100% used [0x00000000d7380000,0x00000000d9280000,0x00000000d9280000)
  from space 5120K, 99% used [0x00000000d9780000,0x00000000d9c7a3d8,0x00000000d9c80000)
  to   space 5120K, 0% used [0x00000000d9280000,0x00000000d9280000,0x00000000d9780000)
 ParOldGen       total 84992K, used 243K [0x0000000085a00000, 0x000000008ad00000, 0x00000000d7380000)
  object space 84992K, 0% used [0x0000000085a00000,0x0000000085a3cd98,0x000000008ad00000)
 Metaspace       used 13208K, capacity 13656K, committed 13824K, reserved 1060864K
  class space    used 1799K, capacity 1928K, committed 2048K, reserved 1048576K
Event: 4.662 GC heap after
Heap after GC invocations=3 (full 0):
 PSYoungGen      total 36864K, used 5100K [0x00000000d7380000, 0x00000000dbb80000, 0x0000000100000000)
  eden space 31744K, 0% used [0x00000000d7380000,0x00000000d7380000,0x00000000d9280000)
  from space 5120K, 99% used [0x00000000d9280000,0x00000000d977b080,0x00000000d9780000)
  to   space 5120K, 0% used [0x00000000db680000,0x00000000db680000,0x00000000dbb80000)
 ParOldGen       total 84992K, used 2002K [0x0000000085a00000, 0x000000008ad00000, 0x00000000d7380000)
  object space 84992K, 2% used [0x0000000085a00000,0x0000000085bf4b40,0x000000008ad00000)
 Metaspace       used 13208K, capacity 13656K, committed 13824K, reserved 1060864K
  class space    used 1799K, capacity 1928K, committed 2048K, reserved 1048576K
}

Deoptimization events (10 events):
Event: 18.009 Thread 0x00007f89dc26b800 Uncommon trap: reason=unstable_if action=reinterpret pc=0x00007f89cd277f70 method=java.lang.AbstractStringBuilder.append(Ljava/lang/String;)Ljava/lang/AbstractStringBuilder; @ 1
Event: 18.009 Thread 0x00007f898438c800 Uncommon trap: reason=unstable_if action=reinterpret pc=0x00007f89cd25c1b8 method=java.util.zip.ZipCoder.getBytes(Ljava/lang/String;)[B @ 32
Event: 18.009 Thread 0x00007f898438c800 Uncommon trap: reason=unstable_if action=reinterpret pc=0x00007f89cd2e741c method=java.util.zip.ZipCoder.getBytes(Ljava/lang/String;)[B @ 32
Event: 18.010 Thread 0x00007f898438c800 Uncommon trap: reason=unstable_if action=reinterpret pc=0x00007f89cd23ae90 method=java.lang.String.lastIndexOf([CII[CIII)I @ 66
Event: 18.010 Thread 0x00007f898438c800 Uncommon trap: reason=unstable_if action=reinterpret pc=0x00007f89cd1d498c method=java.lang.String.indexOf([CII[CIII)I @ 3
Event: 18.391 Thread 0x00007f89dc26b800 Uncommon trap: reason=unstable_if action=reinterpret pc=0x00007f89cd58e74c method=java.util.Properties.loadConvert([CII[C)Ljava/lang/String; @ 4
Event: 18.393 Thread 0x00007f89dc26b800 Uncommon trap: reason=unstable_if action=reinterpret pc=0x00007f89cd59ff34 method=java.util.Properties$LineReader.readLine()I @ 174
Event: 18.764 Thread 0x00007f89dc26b800 Uncommon trap: reason=unstable_if action=reinterpret pc=0x00007f89cd22d55c method=sun.nio.cs.UTF_8$Decoder.decode([BII[C)I @ 30
Event: 18.874 Thread 0x00007f89dc26b800 Uncommon trap: reason=unstable_if action=reinterpret pc=0x00007f89cd46ce7c method=java.lang.StrictMath.floorOrCeil(DDDD)D @ 38
Event: 18.889 Thread 0x00007f89dc26b800 Uncommon trap: reason=unstable_if action=reinterpret pc=0x00007f89cd54c834 method=javafx.scene.Node.updateLocalToParentTransform()V @ 4

Classes redefined (0 events):
No events

Internal exceptions (10 events):
Event: 0.549 Thread 0x00007f89dc00a800 Exception <a 'java/security/PrivilegedActionException'> (0x00000000d76359c8) thrown at [/build/openjdk-8-8u181-b13/src/hotspot/src/share/vm/prims/jvm.cpp, line 1435]
Event: 0.549 Thread 0x00007f89dc00a800 Exception <a 'java/security/PrivilegedActionException'> (0x00000000d7635bd8) thrown at [/build/openjdk-8-8u181-b13/src/hotspot/src/share/vm/prims/jvm.cpp, line 1435]
Event: 0.550 Thread 0x00007f89dc00a800 Exception <a 'java/lang/NullPointerException'> (0x00000000d7637180) thrown at [/build/openjdk-8-8u181-b13/src/hotspot/src/share/vm/interpreter/linkResolver.cpp, line 1185]
Event: 1.900 Thread 0x00007f89dc26b800 Exception <a 'java/lang/NullPointerException'> (0x00000000d811a5f8) thrown at [/build/openjdk-8-8u181-b13/src/hotspot/src/share/vm/interpreter/linkResolver.cpp, line 1185]
Event: 1.900 Thread 0x00007f89dc26b800 Exception <a 'java/lang/NullPointerException'> (0x00000000d811a5f8) thrown at [/build/openjdk-8-8u181-b13/src/hotspot/src/share/vm/prims/jvm.cpp, line 1439]
Event: 2.877 Thread 0x00007f89dc26b800 Exception <a 'java/lang/ArrayIndexOutOfBoundsException'> (0x00000000d8915e28) thrown at [/build/openjdk-8-8u181-b13/src/hotspot/src/share/vm/runtime/sharedRuntime.cpp, line 605]
Event: 2.879 Thread 0x00007f89dc26b800 Exception <a 'java/lang/ArrayIndexOutOfBoundsException'> (0x00000000d8916b28) thrown at [/build/openjdk-8-8u181-b13/src/hotspot/src/share/vm/runtime/sharedRuntime.cpp, line 605]
Event: 2.879 Thread 0x00007f89dc26b800 Exception <a 'java/lang/ArrayIndexOutOfBoundsException'> (0x00000000d8917ed0) thrown at [/build/openjdk-8-8u181-b13/src/hotspot/src/share/vm/runtime/sharedRuntime.cpp, line 605]
Event: 3.848 Thread 0x00007f89dc26b800 Implicit null exception at 0x00007f89cd2db735 to 0x00007f89cd2db951
Event: 18.009 Thread 0x00007f89dc26b800 Implicit null exception at 0x00007f89cd277bb5 to 0x00007f89cd277f5d

Events (10 events):
Event: 18.852 loading class javafx/scene/Node$MiscProperties$9$1
Event: 18.852 loading class javafx/scene/Node$MiscProperties$9$1 done
Event: 18.873 Thread 0x00007f89dc26b800 Uncommon trap: trap_request=0xffffff65 fr.pc=0x00007f89cd46ce7c
Event: 18.874 Thread 0x00007f89dc26b800 DEOPT PACKING pc=0x00007f89cd46ce7c sp=0x00007f899044e830
Event: 18.876 Thread 0x00007f89dc26b800 DEOPT UNPACKING pc=0x00007f89cd04547a sp=0x00007f899044e778 mode 2
Event: 18.889 Thread 0x00007f89dc26b800 Uncommon trap: trap_request=0xffffff65 fr.pc=0x00007f89cd54c834
Event: 18.889 Thread 0x00007f89dc26b800 DEOPT PACKING pc=0x00007f89cd54c834 sp=0x00007f899044e4b0
Event: 18.889 Thread 0x00007f89dc26b800 DEOPT UNPACKING pc=0x00007f89cd04547a sp=0x00007f899044e430 mode 2
Event: 19.022 loading class com/sun/javafx/scene/KeyboardShortcutsHandler$1
Event: 19.022 loading class com/sun/javafx/scene/KeyboardShortcutsHandler$1 done


Dynamic libraries:
85a00000-8ad00000 rw-p 00000000 00:00 0 
8ad00000-d7380000 ---p 00000000 00:00 0 
d7380000-dbb80000 rw-p 00000000 00:00 0 
dbb80000-100000000 ---p 00000000 00:00 0 
100000000-1002e0000 rw-p 00000000 00:00 0 
1002e0000-140000000 ---p 00000000 00:00 0 
55700848d000-55700848e000 r-xp 00000000 08:08 1715118                    /usr/lib/jvm/java-8-openjdk-amd64/jre/bin/java
55700868d000-55700868e000 r--p 00000000 08:08 1715118                    /usr/lib/jvm/java-8-openjdk-amd64/jre/bin/java
55700868e000-55700868f000 rw-p 00001000 08:08 1715118                    /usr/lib/jvm/java-8-openjdk-amd64/jre/bin/java
55700a19c000-55700a1bd000 rw-p 00000000 00:00 0                          [heap]
7f897e0a8000-7f897e0ad000 r--s 002f9000 08:08 1715168                    /usr/lib/jvm/java-8-openjdk-amd64/jre/lib/charsets.jar
7f897e0ad000-7f897e22d000 rw-p 00000000 00:00 0 
7f897e22d000-7f897e2ad000 ---p 00000000 00:00 0 
7f897e2ad000-7f897e4ad000 rw-p 00000000 00:00 0 
7f897e4ad000-7f897e4b0000 ---p 00000000 00:00 0 
7f897e4b0000-7f897e5ae000 rw-p 00000000 00:00 0 
7f897e5ae000-7f897e5be000 rw-s 00000000 00:18 1870                       /i915 (deleted)
7f897e5be000-7f897e61e000 rw-s 10969a000 00:06 344                       /dev/dri/card0
7f897e61e000-7f897e7de000 rw-s 109dba000 00:06 344                       /dev/dri/card0
7f897e7de000-7f897e83e000 rw-s 104f36000 00:06 344                       /dev/dri/card0
7f897e83e000-7f897e9fe000 rw-s 10857e000 00:06 344                       /dev/dri/card0
7f897e9fe000-7f897ecfe000 rw-s 10827e000 00:06 344                       /dev/dri/card0
7f897ecfe000-7f897ed45000 r--p 00000000 08:08 2491713                    /usr/share/fonts/truetype/noto/NotoSans-BoldItalic.ttf
7f897ed45000-7f897ef45000 rw-p 00000000 00:00 0 
7f897ef45000-7f897ef75000 r-xp 00000000 08:08 1973152                    /usr/lib/x86_64-linux-gnu/gtk-2.0/2.10.0/engines/libmurrine.so
7f897ef75000-7f897f175000 ---p 00030000 08:08 1973152                    /usr/lib/x86_64-linux-gnu/gtk-2.0/2.10.0/engines/libmurrine.so
7f897f175000-7f897f176000 r--p 00030000 08:08 1973152                    /usr/lib/x86_64-linux-gnu/gtk-2.0/2.10.0/engines/libmurrine.so
7f897f176000-7f897f177000 rw-p 00031000 08:08 1973152                    /usr/lib/x86_64-linux-gnu/gtk-2.0/2.10.0/engines/libmurrine.so
7f897f177000-7f897f179000 r-xp 00000000 08:08 1973145                    /usr/lib/x86_64-linux-gnu/gtk-2.0/2.10.0/engines/libadwaita.so
7f897f179000-7f897f379000 ---p 00002000 08:08 1973145                    /usr/lib/x86_64-linux-gnu/gtk-2.0/2.10.0/engines/libadwaita.so
7f897f379000-7f897f37a000 r--p 00002000 08:08 1973145                    /usr/lib/x86_64-linux-gnu/gtk-2.0/2.10.0/engines/libadwaita.so
7f897f37a000-7f897f37b000 rw-p 00003000 08:08 1973145                    /usr/lib/x86_64-linux-gnu/gtk-2.0/2.10.0/engines/libadwaita.so
7f897f37b000-7f897f385000 r-xp 00000000 08:08 1973153                    /usr/lib/x86_64-linux-gnu/gtk-2.0/2.10.0/engines/libpixmap.so
7f897f385000-7f897f584000 ---p 0000a000 08:08 1973153                    /usr/lib/x86_64-linux-gnu/gtk-2.0/2.10.0/engines/libpixmap.so
7f897f584000-7f897f585000 r--p 00009000 08:08 1973153                    /usr/lib/x86_64-linux-gnu/gtk-2.0/2.10.0/engines/libpixmap.so
7f897f585000-7f897f586000 rw-p 0000a000 08:08 1973153                    /usr/lib/x86_64-linux-gnu/gtk-2.0/2.10.0/engines/libpixmap.so
7f897f586000-7f897f786000 rw-p 00000000 00:00 0 
7f897f786000-7f897f78b000 r-xp 00000000 08:08 1717399                    /usr/lib/jvm/java-8-openjdk-amd64/jre/lib/amd64/libjavafx_font_freetype.so
7f897f78b000-7f897f98a000 ---p 00005000 08:08 1717399                    /usr/lib/jvm/java-8-openjdk-amd64/jre/lib/amd64/libjavafx_font_freetype.so
7f897f98a000-7f897f98b000 r--p 00004000 08:08 1717399                    /usr/lib/jvm/java-8-openjdk-amd64/jre/lib/amd64/libjavafx_font_freetype.so
7f897f98b000-7f897f98c000 rw-p 00005000 08:08 1717399                    /usr/lib/jvm/java-8-openjdk-amd64/jre/lib/amd64/libjavafx_font_freetype.so
7f897f98c000-7f897f98f000 r-xp 00000000 08:08 1717398                    /usr/lib/jvm/java-8-openjdk-amd64/jre/lib/amd64/libjavafx_font.so
7f897f98f000-7f897fb8e000 ---p 00003000 08:08 1717398                    /usr/lib/jvm/java-8-openjdk-amd64/jre/lib/amd64/libjavafx_font.so
7f897fb8e000-7f897fb8f000 r--p 00002000 08:08 1717398                    /usr/lib/jvm/java-8-openjdk-amd64/jre/lib/amd64/libjavafx_font.so
7f897fb8f000-7f897fb90000 rw-p 00003000 08:08 1717398                    /usr/lib/jvm/java-8-openjdk-amd64/jre/lib/amd64/libjavafx_font.so
7f897fb90000-7f897fbf9000 r-xp 00000000 08:08 1974422                    /usr/lib/x86_64-linux-gnu/libjpeg.so.62.2.0
7f897fbf9000-7f897fdf9000 ---p 00069000 08:08 1974422                    /usr/lib/x86_64-linux-gnu/libjpeg.so.62.2.0
7f897fdf9000-7f897fdfa000 r--p 00069000 08:08 1974422                    /usr/lib/x86_64-linux-gnu/libjpeg.so.62.2.0
7f897fdfa000-7f897fdfb000 rw-p 0006a000 08:08 1974422                    /usr/lib/x86_64-linux-gnu/libjpeg.so.62.2.0
7f897fdfb000-7f897fdff000 r-xp 00000000 08:08 1717401                    /usr/lib/jvm/java-8-openjdk-amd64/jre/lib/amd64/libjavafx_iio.so
7f897fdff000-7f897fffe000 ---p 00004000 08:08 1717401                    /usr/lib/jvm/java-8-openjdk-amd64/jre/lib/amd64/libjavafx_iio.so
7f897fffe000-7f897ffff000 r--p 00003000 08:08 1717401                    /usr/lib/jvm/java-8-openjdk-amd64/jre/lib/amd64/libjavafx_iio.so
7f897ffff000-7f8980000000 rw-p 00004000 08:08 1717401                    /usr/lib/jvm/java-8-openjdk-amd64/jre/lib/amd64/libjavafx_iio.so
7f8980000000-7f8980021000 rw-p 00000000 00:00 0 
7f8980021000-7f8984000000 ---p 00000000 00:00 0 
7f8984000000-7f89844ed000 rw-p 00000000 00:00 0 
7f89844ed000-7f8988000000 ---p 00000000 00:00 0 
7f8988001000-7f8988006000 r--s 0009d000 08:08 1715201                    /usr/lib/jvm/java-8-openjdk-amd64/jre/lib/jsse.jar
7f8988006000-7f8988007000 rw-s 10351b000 00:06 344                       /dev/dri/card0
7f8988007000-7f8988008000 rw-s 1062ac000 00:06 344                       /dev/dri/card0
7f8988008000-7f8988009000 rw-s 10464e000 00:06 344                       /dev/dri/card0
7f8988009000-7f898800a000 rw-s 10347b000 00:06 344                       /dev/dri/card0
7f898800a000-7f898800e000 rw-s 00000000 00:18 1862                       /i915 (deleted)
7f898800e000-7f898801c000 rw-s 104b9f000 00:06 344                       /dev/dri/card0
7f898801c000-7f8988020000 rw-s 00000000 00:18 1739                       /i915 (deleted)
7f8988020000-7f8988025000 rw-s 00000000 00:18 1705                       /i915 (deleted)
7f8988025000-7f8988035000 rw-s 00000000 00:18 1666                       /i915 (deleted)
7f8988035000-7f8988045000 rw-s 00000000 00:18 1576                       /i915 (deleted)
7f8988045000-7f8988048000 ---p 00000000 00:00 0 
7f8988048000-7f8988146000 rw-p 00000000 00:00 0 
7f8988146000-7f8988191000 r--p 00000000 08:08 2491715                    /usr/share/fonts/truetype/noto/NotoSans-Regular.ttf
7f8988191000-7f89881d3000 r--s 00000000 08:08 1572909                    /var/cache/fontconfig/0bd3dc0958fa2205aaaa8ebb13e2872b-le64.cache-4
7f89881d3000-7f89883d3000 rw-p 00000000 00:00 0 
7f89883d3000-7f898b3d4000 rw-p 00000000 00:00 0 
7f898b3d4000-7f898b3eb000 r-xp 00000000 08:08 1715156                    /usr/lib/jvm/java-8-openjdk-amd64/jre/lib/amd64/libnet.so
7f898b3eb000-7f898b5ea000 ---p 00017000 08:08 1715156                    /usr/lib/jvm/java-8-openjdk-amd64/jre/lib/amd64/libnet.so
7f898b5ea000-7f898b5eb000 r--p 00016000 08:08 1715156                    /usr/lib/jvm/java-8-openjdk-amd64/jre/lib/amd64/libnet.so
7f898b5eb000-7f898b5ec000 rw-p 00017000 08:08 1715156                    /usr/lib/jvm/java-8-openjdk-amd64/jre/lib/amd64/libnet.so
7f898b5ec000-7f898b5fd000 r-xp 00000000 08:08 1715157                    /usr/lib/jvm/java-8-openjdk-amd64/jre/lib/amd64/libnio.so
7f898b5fd000-7f898b7fd000 ---p 00011000 08:08 1715157                    /usr/lib/jvm/java-8-openjdk-amd64/jre/lib/amd64/libnio.so
7f898b7fd000-7f898b7fe000 r--p 00011000 08:08 1715157                    /usr/lib/jvm/java-8-openjdk-amd64/jre/lib/amd64/libnio.so
7f898b7fe000-7f898b7ff000 rw-p 00012000 08:08 1715157                    /usr/lib/jvm/java-8-openjdk-amd64/jre/lib/amd64/libnio.so
7f898b7ff000-7f898b800000 ---p 00000000 00:00 0 
7f898b800000-7f898c000000 rw-p 00000000 00:00 0 
7f898c000000-7f898c021000 rw-p 00000000 00:00 0 
7f898c021000-7f8990000000 ---p 00000000 00:00 0 
7f8990000000-7f8990005000 rw-s 00000000 00:18 1859                       /i915 (deleted)
7f8990005000-7f8990011000 rw-s 00000000 00:18 1860                       /i915 (deleted)
7f8990011000-7f8990024000 r--s 00346000 08:08 1715206                    /usr/lib/jvm/java-8-openjdk-amd64/jre/lib/resources.jar
7f8990024000-7f8990026000 r--s 00000000 08:08 1590387                    /var/cache/fontconfig/4bb17da730f63117fed329ee42a5d05e-le64.cache-4
7f8990026000-7f899002a000 r--s 00000000 08:08 1572907                    /var/cache/fontconfig/0fafd173547752dce4dee1a69e0b3c95-le64.cache-4
7f899002a000-7f8990030000 r--s 00000000 08:08 1572928                    /var/cache/fontconfig/3047814df9a2f067bd2d96a2b9c36e5a-le64.cache-4
7f8990030000-7f899003c000 r--s 00000000 08:08 1586852                    /var/cache/fontconfig/d589a48862398ed80a3d6066f4f56f4c-le64.cache-4
7f899003c000-7f899003f000 r--s 00000000 08:08 1572923                    /var/cache/fontconfig/47e67d79d01846c7b6efd6b4f03a6092-le64.cache-4
7f899003f000-7f8990051000 r--s 00000000 08:08 1572910                    /var/cache/fontconfig/9b89f8e3dae116d678bbf48e5f21f69b-le64.cache-4
7f8990051000-7f8990069000 r--s 0021f000 08:09 12980592                   /home/atomx/Desktop/My-Libraries/Java/MySQL-Connector/mysql-connector-java-8.0.17.jar
7f8990069000-7f899010f000 r--s 010bb000 08:09 12980590                   /home/atomx/Desktop/My-Libraries/Java/JavaFX/jfxrt.jar
7f899010f000-7f8990112000 ---p 00000000 00:00 0 
7f8990112000-7f8990210000 rw-p 00000000 00:00 0 
7f8990210000-7f8990351000 rw-s 00000000 08:09 12845132                   /home/atomx/.cache/mesa_shader_cache/index
7f8990351000-7f8990354000 ---p 00000000 00:00 0 
7f8990354000-7f8990452000 rw-p 00000000 00:00 0 
7f8990452000-7f899047b000 r-xp 00000000 08:08 1717396                    /usr/lib/jvm/java-8-openjdk-amd64/jre/lib/amd64/libglass.so
7f899047b000-7f899067b000 ---p 00029000 08:08 1717396                    /usr/lib/jvm/java-8-openjdk-amd64/jre/lib/amd64/libglass.so
7f899067b000-7f899067c000 r--p 00029000 08:08 1717396                    /usr/lib/jvm/java-8-openjdk-amd64/jre/lib/amd64/libglass.so
7f899067c000-7f899067d000 rw-p 0002a000 08:08 1717396                    /usr/lib/jvm/java-8-openjdk-amd64/jre/lib/amd64/libglass.so
7f899067d000-7f899067e000 rw-p 00000000 00:00 0 
7f899067e000-7f899067f000 ---p 00000000 00:00 0 
7f899067f000-7f8990e7f000 rw-p 00000000 00:00 0 
7f8990e7f000-7f8990fc0000 rw-s 00000000 08:09 12845132                   /home/atomx/.cache/mesa_shader_cache/index
7f8990fc0000-7f8990fc8000 r-xp 00000000 08:08 1974752                    /usr/lib/x86_64-linux-gnu/libpciaccess.so.0.11.1
7f8990fc8000-7f89911c8000 ---p 00008000 08:08 1974752                    /usr/lib/x86_64-linux-gnu/libpciaccess.so.0.11.1
7f89911c8000-7f89911c9000 r--p 00008000 08:08 1974752                    /usr/lib/x86_64-linux-gnu/libpciaccess.so.0.11.1
7f89911c9000-7f89911ca000 rw-p 00009000 08:08 1974752                    /usr/lib/x86_64-linux-gnu/libpciaccess.so.0.11.1
7f89911ca000-7f89911d5000 r-xp 00000000 08:08 1973844                    /usr/lib/x86_64-linux-gnu/libdrm_radeon.so.1.0.1
7f89911d5000-7f89913d4000 ---p 0000b000 08:08 1973844                    /usr/lib/x86_64-linux-gnu/libdrm_radeon.so.1.0.1
7f89913d4000-7f89913d5000 r--p 0000a000 08:08 1973844                    /usr/lib/x86_64-linux-gnu/libdrm_radeon.so.1.0.1
7f89913d5000-7f89913d6000 rw-p 0000b000 08:08 1973844                    /usr/lib/x86_64-linux-gnu/libdrm_radeon.so.1.0.1
7f89913d6000-7f89913dd000 r-xp 00000000 08:08 1973842                    /usr/lib/x86_64-linux-gnu/libdrm_nouveau.so.2.0.0
7f89913dd000-7f89915dc000 ---p 00007000 08:08 1973842                    /usr/lib/x86_64-linux-gnu/libdrm_nouveau.so.2.0.0
7f89915dc000-7f89915dd000 r--p 00006000 08:08 1973842                    /usr/lib/x86_64-linux-gnu/libdrm_nouveau.so.2.0.0
7f89915dd000-7f89915de000 rw-p 00007000 08:08 1973842                    /usr/lib/x86_64-linux-gnu/libdrm_nouveau.so.2.0.0
7f89915de000-7f8991601000 r-xp 00000000 08:08 1973840                    /usr/lib/x86_64-linux-gnu/libdrm_intel.so.1.0.0
7f8991601000-7f8991800000 ---p 00023000 08:08 1973840                    /usr/lib/x86_64-linux-gnu/libdrm_intel.so.1.0.0
7f8991800000-7f8991801000 r--p 00022000 08:08 1973840                    /usr/lib/x86_64-linux-gnu/libdrm_intel.so.1.0.0
7f8991801000-7f8991802000 rw-p 00023000 08:08 1973840                    /usr/lib/x86_64-linux-gnu/libdrm_intel.so.1.0.0
7f8991802000-7f8992131000 r-xp 00000000 08:08 1972506                    /usr/lib/x86_64-linux-gnu/dri/i965_dri.so
7f8992131000-7f8992330000 ---p 0092f000 08:08 1972506                    /usr/lib/x86_64-linux-gnu/dri/i965_dri.so
7f8992330000-7f899238a000 r--p 0092e000 08:08 1972506                    /usr/lib/x86_64-linux-gnu/dri/i965_dri.so
7f899238a000-7f8992395000 rw-p 00988000 08:08 1972506                    /usr/lib/x86_64-linux-gnu/dri/i965_dri.so
7f8992395000-7f8992448000 rw-p 00000000 00:00 0 
7f8992448000-7f8992458000 r-xp 00000000 08:08 1973836                    /usr/lib/x86_64-linux-gnu/libdrm.so.2.4.0
7f8992458000-7f8992657000 ---p 00010000 08:08 1973836                    /usr/lib/x86_64-linux-gnu/libdrm.so.2.4.0
7f8992657000-7f8992658000 r--p 0000f000 08:08 1973836                    /usr/lib/x86_64-linux-gnu/libdrm.so.2.4.0
7f8992658000-7f8992659000 rw-p 00010000 08:08 1973836                    /usr/lib/x86_64-linux-gnu/libdrm.so.2.4.0
7f8992659000-7f899265d000 r-xp 00000000 08:08 1975194                    /usr/lib/x86_64-linux-gnu/libxcb-dri2.so.0.0.0
7f899265d000-7f899285c000 ---p 00004000 08:08 1975194                    /usr/lib/x86_64-linux-gnu/libxcb-dri2.so.0.0.0
7f899285c000-7f899285d000 r--p 00003000 08:08 1975194                    /usr/lib/x86_64-linux-gnu/libxcb-dri2.so.0.0.0
7f899285d000-7f899285e000 rw-p 00004000 08:08 1975194                    /usr/lib/x86_64-linux-gnu/libxcb-dri2.so.0.0.0
7f899285e000-7f8992876000 r-xp 00000000 08:08 1975200                    /usr/lib/x86_64-linux-gnu/libxcb-glx.so.0.0.0
7f8992876000-7f8992a76000 ---p 00018000 08:08 1975200                    /usr/lib/x86_64-linux-gnu/libxcb-glx.so.0.0.0
7f8992a76000-7f8992a78000 r--p 00018000 08:08 1975200                    /usr/lib/x86_64-linux-gnu/libxcb-glx.so.0.0.0
7f8992a78000-7f8992a79000 rw-p 0001a000 08:08 1975200                    /usr/lib/x86_64-linux-gnu/libxcb-glx.so.0.0.0
7f8992a79000-7f8992a7a000 r-xp 00000000 08:08 1973515                    /usr/lib/x86_64-linux-gnu/libX11-xcb.so.1.0.0
7f8992a7a000-7f8992c79000 ---p 00001000 08:08 1973515                    /usr/lib/x86_64-linux-gnu/libX11-xcb.so.1.0.0
7f8992c79000-7f8992c7a000 r--p 00000000 08:08 1973515                    /usr/lib/x86_64-linux-gnu/libX11-xcb.so.1.0.0
7f8992c7a000-7f8992c7b000 rw-p 00001000 08:08 1973515                    /usr/lib/x86_64-linux-gnu/libX11-xcb.so.1.0.0
7f8992c7b000-7f8992ca7000 r-xp 00000000 08:08 1974054                    /usr/lib/x86_64-linux-gnu/libglapi.so.0.0.0
7f8992ca7000-7f8992ea6000 ---p 0002c000 08:08 1974054                    /usr/lib/x86_64-linux-gnu/libglapi.so.0.0.0
7f8992ea6000-7f8992eaa000 r--p 0002b000 08:08 1974054                    /usr/lib/x86_64-linux-gnu/libglapi.so.0.0.0
7f8992eaa000-7f8992eab000 rw-p 0002f000 08:08 1974054                    /usr/lib/x86_64-linux-gnu/libglapi.so.0.0.0
7f8992eab000-7f8992eac000 rw-p 00000000 00:00 0 
7f8992eac000-7f8992ead000 r-xp 00000000 08:08 1975250                    /usr/lib/x86_64-linux-gnu/libxshmfence.so.1.0.0
7f8992ead000-7f89930ac000 ---p 00001000 08:08 1975250                    /usr/lib/x86_64-linux-gnu/libxshmfence.so.1.0.0
7f89930ac000-7f89930ad000 r--p 00000000 08:08 1975250                    /usr/lib/x86_64-linux-gnu/libxshmfence.so.1.0.0
7f89930ad000-7f89930ae000 rw-p 00001000 08:08 1975250                    /usr/lib/x86_64-linux-gnu/libxshmfence.so.1.0.0
7f89930ae000-7f89930b4000 r-xp 00000000 08:08 1975220                    /usr/lib/x86_64-linux-gnu/libxcb-sync.so.1.0.0
7f89930b4000-7f89932b3000 ---p 00006000 08:08 1975220                    /usr/lib/x86_64-linux-gnu/libxcb-sync.so.1.0.0
7f89932b3000-7f89932b4000 r--p 00005000 08:08 1975220                    /usr/lib/x86_64-linux-gnu/libxcb-sync.so.1.0.0
7f89932b4000-7f89932b5000 rw-p 00006000 08:08 1975220                    /usr/lib/x86_64-linux-gnu/libxcb-sync.so.1.0.0
7f89932b5000-7f89932b7000 r-xp 00000000 08:08 1975208                    /usr/lib/x86_64-linux-gnu/libxcb-present.so.0.0.0
7f89932b7000-7f89934b6000 ---p 00002000 08:08 1975208                    /usr/lib/x86_64-linux-gnu/libxcb-present.so.0.0.0
7f89934b6000-7f89934b7000 r--p 00001000 08:08 1975208                    /usr/lib/x86_64-linux-gnu/libxcb-present.so.0.0.0
7f89934b7000-7f89934b8000 rw-p 00002000 08:08 1975208                    /usr/lib/x86_64-linux-gnu/libxcb-present.so.0.0.0
7f89934b8000-7f89934bf000 r-xp 00000000 08:08 1975224                    /usr/lib/x86_64-linux-gnu/libxcb-xfixes.so.0.0.0
7f89934bf000-7f89936be000 ---p 00007000 08:08 1975224                    /usr/lib/x86_64-linux-gnu/libxcb-xfixes.so.0.0.0
7f89936be000-7f89936bf000 r--p 00006000 08:08 1975224                    /usr/lib/x86_64-linux-gnu/libxcb-xfixes.so.0.0.0
7f89936bf000-7f89936c0000 rw-p 00007000 08:08 1975224                    /usr/lib/x86_64-linux-gnu/libxcb-xfixes.so.0.0.0
7f89936c0000-7f89936c2000 r-xp 00000000 08:08 1975196                    /usr/lib/x86_64-linux-gnu/libxcb-dri3.so.0.0.0
7f89936c2000-7f89938c1000 ---p 00002000 08:08 1975196                    /usr/lib/x86_64-linux-gnu/libxcb-dri3.so.0.0.0
7f89938c1000-7f89938c2000 r--p 00001000 08:08 1975196                    /usr/lib/x86_64-linux-gnu/libxcb-dri3.so.0.0.0
7f89938c2000-7f89938c3000 rw-p 00002000 08:08 1975196                    /usr/lib/x86_64-linux-gnu/libxcb-dri3.so.0.0.0
7f89938c3000-7f8993935000 r-xp 00000000 08:08 1973267                    /usr/lib/x86_64-linux-gnu/libGLX_mesa.so.0.0.0
7f8993935000-7f8993b34000 ---p 00072000 08:08 1973267                    /usr/lib/x86_64-linux-gnu/libGLX_mesa.so.0.0.0
7f8993b34000-7f8993b37000 r--p 00071000 08:08 1973267                    /usr/lib/x86_64-linux-gnu/libGLX_mesa.so.0.0.0
7f8993b37000-7f8993b38000 rw-p 00074000 08:08 1973267                    /usr/lib/x86_64-linux-gnu/libGLX_mesa.so.0.0.0
7f8993b38000-7f8993b39000 rw-p 00000000 00:00 0 
7f8993b39000-7f8993b3d000 r-xp 00000000 08:08 1975099                    /usr/lib/x86_64-linux-gnu/libuuid.so.1.3.0
7f8993b3d000-7f8993d3c000 ---p 00004000 08:08 1975099                    /usr/lib/x86_64-linux-gnu/libuuid.so.1.3.0
7f8993d3c000-7f8993d3d000 r--p 00003000 08:08 1975099                    /usr/lib/x86_64-linux-gnu/libuuid.so.1.3.0
7f8993d3d000-7f8993d3e000 rw-p 00004000 08:08 1975099                    /usr/lib/x86_64-linux-gnu/libuuid.so.1.3.0
7f8993d3e000-7f8993d51000 r-xp 00000000 08:08 1973672                    /usr/lib/x86_64-linux-gnu/libbsd.so.0.8.3
7f8993d51000-7f8993f51000 ---p 00013000 08:08 1973672                    /usr/lib/x86_64-linux-gnu/libbsd.so.0.8.3
7f8993f51000-7f8993f52000 r--p 00013000 08:08 1973672                    /usr/lib/x86_64-linux-gnu/libbsd.so.0.8.3
7f8993f52000-7f8993f53000 rw-p 00014000 08:08 1973672                    /usr/lib/x86_64-linux-gnu/libbsd.so.0.8.3
7f8993f53000-7f8993f54000 rw-p 00000000 00:00 0 
7f8993f54000-7f8993f5b000 r-xp 00000000 08:08 1973762                    /usr/lib/x86_64-linux-gnu/libdatrie.so.1.3.3
7f8993f5b000-7f899415a000 ---p 00007000 08:08 1973762                    /usr/lib/x86_64-linux-gnu/libdatrie.so.1.3.3
7f899415a000-7f899415b000 r--p 00006000 08:08 1973762                    /usr/lib/x86_64-linux-gnu/libdatrie.so.1.3.3
7f899415b000-7f899415c000 rw-p 00007000 08:08 1973762                    /usr/lib/x86_64-linux-gnu/libdatrie.so.1.3.3
7f899415c000-7f8994187000 r-xp 00000000 08:08 1974207                    /usr/lib/x86_64-linux-gnu/libgraphite2.so.3.0.1
7f8994187000-7f8994386000 ---p 0002b000 08:08 1974207                    /usr/lib/x86_64-linux-gnu/libgraphite2.so.3.0.1
7f8994386000-7f8994388000 r--p 0002a000 08:08 1974207                    /usr/lib/x86_64-linux-gnu/libgraphite2.so.3.0.1
7f8994388000-7f8994389000 rw-p 0002c000 08:08 1974207                    /usr/lib/x86_64-linux-gnu/libgraphite2.so.3.0.1
7f8994389000-7f89943ca000 r-xp 00000000 08:08 1973657                    /usr/lib/x86_64-linux-gnu/libblkid.so.1.1.0
7f89943ca000-7f89945c9000 ---p 00041000 08:08 1973657                    /usr/lib/x86_64-linux-gnu/libblkid.so.1.1.0
7f89945c9000-7f89945cd000 r--p 00040000 08:08 1973657                    /usr/lib/x86_64-linux-gnu/libblkid.so.1.1.0
7f89945cd000-7f89945ce000 rw-p 00044000 08:08 1973657                    /usr/lib/x86_64-linux-gnu/libblkid.so.1.1.0
7f89945ce000-7f89945cf000 rw-p 00000000 00:00 0 
7f89945cf000-7f89945d4000 r-xp 00000000 08:08 1973532                    /usr/lib/x86_64-linux-gnu/libXdmcp.so.6.0.0
7f89945d4000-7f89947d3000 ---p 00005000 08:08 1973532                    /usr/lib/x86_64-linux-gnu/libXdmcp.so.6.0.0
7f89947d3000-7f89947d4000 r--p 00004000 08:08 1973532                    /usr/lib/x86_64-linux-gnu/libXdmcp.so.6.0.0
7f89947d4000-7f89947d5000 rw-p 00005000 08:08 1973532                    /usr/lib/x86_64-linux-gnu/libXdmcp.so.6.0.0
7f89947d5000-7f89947d8000 r-xp 00000000 08:08 1973521                    /usr/lib/x86_64-linux-gnu/libXau.so.6.0.0
7f89947d8000-7f89949d7000 ---p 00003000 08:08 1973521                    /usr/lib/x86_64-linux-gnu/libXau.so.6.0.0
7f89949d7000-7f89949d8000 r--p 00002000 08:08 1973521                    /usr/lib/x86_64-linux-gnu/libXau.so.6.0.0
7f89949d8000-7f89949d9000 rw-p 00003000 08:08 1973521                    /usr/lib/x86_64-linux-gnu/libXau.so.6.0.0
7f89949d9000-7f8994a49000 r-xp 00000000 08:08 1973269                    /usr/lib/x86_64-linux-gnu/libGLdispatch.so.0.0.0
7f8994a49000-7f8994c49000 ---p 00070000 08:08 1973269                    /usr/lib/x86_64-linux-gnu/libGLdispatch.so.0.0.0
7f8994c49000-7f8994c72000 r--p 00070000 08:08 1973269                    /usr/lib/x86_64-linux-gnu/libGLdispatch.so.0.0.0
7f8994c72000-7f8994c73000 rw-p 00099000 08:08 1973269                    /usr/lib/x86_64-linux-gnu/libGLdispatch.so.0.0.0
7f8994c73000-7f8994c93000 rw-p 00000000 00:00 0 
7f8994c93000-7f8994ca3000 r-xp 00000000 08:08 1973264                    /usr/lib/x86_64-linux-gnu/libGLX.so.0.0.0
7f8994ca3000-7f8994ea3000 ---p 00010000 08:08 1973264                    /usr/lib/x86_64-linux-gnu/libGLX.so.0.0.0
7f8994ea3000-7f8994ea4000 r--p 00010000 08:08 1973264                    /usr/lib/x86_64-linux-gnu/libGLX.so.0.0.0
7f8994ea4000-7f8994ea5000 rw-p 00011000 08:08 1973264                    /usr/lib/x86_64-linux-gnu/libGLX.so.0.0.0
7f8994ea5000-7f8994ec5000 rw-p 00000000 00:00 0 
7f8994ec5000-7f8994f37000 r-xp 00000000 08:08 1974757                    /usr/lib/x86_64-linux-gnu/libpcre.so.3.13.3
7f8994f37000-7f8995136000 ---p 00072000 08:08 1974757                    /usr/lib/x86_64-linux-gnu/libpcre.so.3.13.3
7f8995136000-7f8995137000 r--p 00071000 08:08 1974757                    /usr/lib/x86_64-linux-gnu/libpcre.so.3.13.3
7f8995137000-7f8995138000 rw-p 00072000 08:08 1974757                    /usr/lib/x86_64-linux-gnu/libpcre.so.3.13.3
7f8995138000-7f899515f000 r-xp 00000000 08:08 1973918                    /usr/lib/x86_64-linux-gnu/libexpat.so.1.6.2
7f899515f000-7f899535f000 ---p 00027000 08:08 1973918                    /usr/lib/x86_64-linux-gnu/libexpat.so.1.6.2
7f899535f000-7f8995361000 r--p 00027000 08:08 1973918                    /usr/lib/x86_64-linux-gnu/libexpat.so.1.6.2
7f8995361000-7f8995362000 rw-p 00029000 08:08 1973918                    /usr/lib/x86_64-linux-gnu/libexpat.so.1.6.2
7f8995362000-7f8995369000 r-xp 00000000 08:08 1973938                    /usr/lib/x86_64-linux-gnu/libffi.so.6.0.4
7f8995369000-7f8995569000 ---p 00007000 08:08 1973938                    /usr/lib/x86_64-linux-gnu/libffi.so.6.0.4
7f8995569000-7f899556a000 r--p 00007000 08:08 1973938                    /usr/lib/x86_64-linux-gnu/libffi.so.6.0.4
7f899556a000-7f899556b000 rw-p 00008000 08:08 1973938                    /usr/lib/x86_64-linux-gnu/libffi.so.6.0.4
7f899556b000-7f8995573000 r-xp 00000000 08:08 1975032                    /usr/lib/x86_64-linux-gnu/libthai.so.0.3.0
7f8995573000-7f8995773000 ---p 00008000 08:08 1975032                    /usr/lib/x86_64-linux-gnu/libthai.so.0.3.0
7f8995773000-7f8995774000 r--p 00008000 08:08 1975032                    /usr/lib/x86_64-linux-gnu/libthai.so.0.3.0
7f8995774000-7f8995775000 rw-p 00009000 08:08 1975032                    /usr/lib/x86_64-linux-gnu/libthai.so.0.3.0
7f8995775000-7f8995808000 r-xp 00000000 08:08 1974304                    /usr/lib/x86_64-linux-gnu/libharfbuzz.so.0.10400.2
7f8995808000-7f8995a07000 ---p 00093000 08:08 1974304                    /usr/lib/x86_64-linux-gnu/libharfbuzz.so.0.10400.2
7f8995a07000-7f8995a09000 r--p 00092000 08:08 1974304                    /usr/lib/x86_64-linux-gnu/libharfbuzz.so.0.10400.2
7f8995a09000-7f8995a0a000 rw-p 00094000 08:08 1974304                    /usr/lib/x86_64-linux-gnu/libharfbuzz.so.0.10400.2
7f8995a0a000-7f8995a54000 r-xp 00000000 08:08 1974545                    /usr/lib/x86_64-linux-gnu/libmount.so.1.1.0
7f8995a54000-7f8995c54000 ---p 0004a000 08:08 1974545                    /usr/lib/x86_64-linux-gnu/libmount.so.1.1.0
7f8995c54000-7f8995c55000 r--p 0004a000 08:08 1974545                    /usr/lib/x86_64-linux-gnu/libmount.so.1.1.0
7f8995c55000-7f8995c56000 rw-p 0004b000 08:08 1974545                    /usr/lib/x86_64-linux-gnu/libmount.so.1.1.0
7f8995c56000-7f8995c58000 rw-p 00000000 00:00 0 
7f8995c58000-7f8995c6c000 r-xp 00000000 08:08 1974883                    /usr/lib/x86_64-linux-gnu/libresolv-2.24.so
7f8995c6c000-7f8995e6b000 ---p 00014000 08:08 1974883                    /usr/lib/x86_64-linux-gnu/libresolv-2.24.so
7f8995e6b000-7f8995e6c000 r--p 00013000 08:08 1974883                    /usr/lib/x86_64-linux-gnu/libresolv-2.24.so
7f8995e6c000-7f8995e6d000 rw-p 00014000 08:08 1974883                    /usr/lib/x86_64-linux-gnu/libresolv-2.24.so
7f8995e6d000-7f8995e6f000 rw-p 00000000 00:00 0 
7f8995e6f000-7f8995e94000 r-xp 00000000 08:08 1974931                    /usr/lib/x86_64-linux-gnu/libselinux.so.1
7f8995e94000-7f8996093000 ---p 00025000 08:08 1974931                    /usr/lib/x86_64-linux-gnu/libselinux.so.1
7f8996093000-7f8996094000 r--p 00024000 08:08 1974931                    /usr/lib/x86_64-linux-gnu/libselinux.so.1
7f8996094000-7f8996095000 rw-p 00025000 08:08 1974931                    /usr/lib/x86_64-linux-gnu/libselinux.so.1
7f8996095000-7f8996097000 rw-p 00000000 00:00 0 
7f8996097000-7f89960a3000 r-xp 00000000 08:08 1975214                    /usr/lib/x86_64-linux-gnu/libxcb-render.so.0.0.0
7f89960a3000-7f89962a3000 ---p 0000c000 08:08 1975214                    /usr/lib/x86_64-linux-gnu/libxcb-render.so.0.0.0
7f89962a3000-7f89962a4000 r--p 0000c000 08:08 1975214                    /usr/lib/x86_64-linux-gnu/libxcb-render.so.0.0.0
7f89962a4000-7f89962a5000 rw-p 0000d000 08:08 1975214                    /usr/lib/x86_64-linux-gnu/libxcb-render.so.0.0.0
7f89962a5000-7f89962cc000 r-xp 00000000 08:08 1975232                    /usr/lib/x86_64-linux-gnu/libxcb.so.1.1.0
7f89962cc000-7f89964cb000 ---p 00027000 08:08 1975232                    /usr/lib/x86_64-linux-gnu/libxcb.so.1.1.0
7f89964cb000-7f89964cc000 r--p 00026000 08:08 1975232                    /usr/lib/x86_64-linux-gnu/libxcb.so.1.1.0
7f89964cc000-7f89964cd000 rw-p 00027000 08:08 1975232                    /usr/lib/x86_64-linux-gnu/libxcb.so.1.1.0
7f89964cd000-7f89964cf000 r-xp 00000000 08:08 1975218                    /usr/lib/x86_64-linux-gnu/libxcb-shm.so.0.0.0
7f89964cf000-7f89966cf000 ---p 00002000 08:08 1975218                    /usr/lib/x86_64-linux-gnu/libxcb-shm.so.0.0.0
7f89966cf000-7f89966d0000 r--p 00002000 08:08 1975218                    /usr/lib/x86_64-linux-gnu/libxcb-shm.so.0.0.0
7f89966d0000-7f89966d1000 rw-p 00003000 08:08 1975218                    /usr/lib/x86_64-linux-gnu/libxcb-shm.so.0.0.0
7f89966d1000-7f8996702000 r-xp 00000000 08:08 1974804                    /usr/lib/x86_64-linux-gnu/libpng16.so.16.28.0
7f8996702000-7f8996902000 ---p 00031000 08:08 1974804                    /usr/lib/x86_64-linux-gnu/libpng16.so.16.28.0
7f8996902000-7f8996903000 r--p 00031000 08:08 1974804                    /usr/lib/x86_64-linux-gnu/libpng16.so.16.28.0
7f8996903000-7f8996904000 rw-p 00032000 08:08 1974804                    /usr/lib/x86_64-linux-gnu/libpng16.so.16.28.0
7f8996904000-7f89969a2000 r-xp 00000000 08:08 1974787                    /usr/lib/x86_64-linux-gnu/libpixman-1.so.0.34.0
7f89969a2000-7f8996ba2000 ---p 0009e000 08:08 1974787                    /usr/lib/x86_64-linux-gnu/libpixman-1.so.0.34.0
7f8996ba2000-7f8996baa000 r--p 0009e000 08:08 1974787                    /usr/lib/x86_64-linux-gnu/libpixman-1.so.0.34.0
7f8996baa000-7f8996bab000 rw-p 000a6000 08:08 1974787                    /usr/lib/x86_64-linux-gnu/libpixman-1.so.0.34.0
7f8996bab000-7f8996bbc000 r-xp 00000000 08:08 1973534                    /usr/lib/x86_64-linux-gnu/libXext.so.6.4.0
7f8996bbc000-7f8996dbb000 ---p 00011000 08:08 1973534                    /usr/lib/x86_64-linux-gnu/libXext.so.6.4.0
7f8996dbb000-7f8996dbc000 r--p 00010000 08:08 1973534                    /usr/lib/x86_64-linux-gnu/libXext.so.6.4.0
7f8996dbc000-7f8996dbd000 rw-p 00011000 08:08 1973534                    /usr/lib/x86_64-linux-gnu/libXext.so.6.4.0
7f8996dbd000-7f8996dc7000 r-xp 00000000 08:08 1973528                    /usr/lib/x86_64-linux-gnu/libXcursor.so.1.0.2
7f8996dc7000-7f8996fc6000 ---p 0000a000 08:08 1973528                    /usr/lib/x86_64-linux-gnu/libXcursor.so.1.0.2
7f8996fc6000-7f8996fc7000 r--p 00009000 08:08 1973528                    /usr/lib/x86_64-linux-gnu/libXcursor.so.1.0.2
7f8996fc7000-7f8996fc8000 rw-p 0000a000 08:08 1973528                    /usr/lib/x86_64-linux-gnu/libXcursor.so.1.0.2
7f8996fc8000-7f8996fd2000 r-xp 00000000 08:08 1973554                    /usr/lib/x86_64-linux-gnu/libXrandr.so.2.2.0
7f8996fd2000-7f89971d1000 ---p 0000a000 08:08 1973554                    /usr/lib/x86_64-linux-gnu/libXrandr.so.2.2.0
7f89971d1000-7f89971d2000 r--p 00009000 08:08 1973554                    /usr/lib/x86_64-linux-gnu/libXrandr.so.2.2.0
7f89971d2000-7f89971d3000 rw-p 0000a000 08:08 1973554                    /usr/lib/x86_64-linux-gnu/libXrandr.so.2.2.0
7f89971d3000-7f89971e2000 r-xp 00000000 08:08 1973544                    /usr/lib/x86_64-linux-gnu/libXi.so.6.1.0
7f89971e2000-7f89973e1000 ---p 0000f000 08:08 1973544                    /usr/lib/x86_64-linux-gnu/libXi.so.6.1.0
7f89973e1000-7f89973e2000 r--p 0000e000 08:08 1973544                    /usr/lib/x86_64-linux-gnu/libXi.so.6.1.0
7f89973e2000-7f89973e3000 rw-p 0000f000 08:08 1973544                    /usr/lib/x86_64-linux-gnu/libXi.so.6.1.0
7f89973e3000-7f89973e5000 r-xp 00000000 08:08 1973546                    /usr/lib/x86_64-linux-gnu/libXinerama.so.1.0.0
7f89973e5000-7f89975e4000 ---p 00002000 08:08 1973546                    /usr/lib/x86_64-linux-gnu/libXinerama.so.1.0.0
7f89975e4000-7f89975e5000 r--p 00001000 08:08 1973546                    /usr/lib/x86_64-linux-gnu/libXinerama.so.1.0.0
7f89975e5000-7f89975e6000 rw-p 00002000 08:08 1973546                    /usr/lib/x86_64-linux-gnu/libXinerama.so.1.0.0
7f89975e6000-7f89975ef000 r-xp 00000000 08:08 1973556                    /usr/lib/x86_64-linux-gnu/libXrender.so.1.3.0
7f89975ef000-7f89977ee000 ---p 00009000 08:08 1973556                    /usr/lib/x86_64-linux-gnu/libXrender.so.1.3.0
7f89977ee000-7f89977ef000 r--p 00008000 08:08 1973556                    /usr/lib/x86_64-linux-gnu/libXrender.so.1.3.0
7f89977ef000-7f89977f0000 rw-p 00009000 08:08 1973556                    /usr/lib/x86_64-linux-gnu/libXrender.so.1.3.0
7f89977f0000-7f89977f5000 r-xp 00000000 08:08 1973536                    /usr/lib/x86_64-linux-gnu/libXfixes.so.3.1.0
7f89977f5000-7f89979f4000 ---p 00005000 08:08 1973536                    /usr/lib/x86_64-linux-gnu/libXfixes.so.3.1.0
7f89979f4000-7f89979f5000 r--p 00004000 08:08 1973536                    /usr/lib/x86_64-linux-gnu/libXfixes.so.3.1.0
7f89979f5000-7f89979f6000 rw-p 00005000 08:08 1973536                    /usr/lib/x86_64-linux-gnu/libXfixes.so.3.1.0
7f89979f6000-7f89979f8000 r-xp 00000000 08:08 1973530                    /usr/lib/x86_64-linux-gnu/libXdamage.so.1.1.0
7f89979f8000-7f8997bf7000 ---p 00002000 08:08 1973530                    /usr/lib/x86_64-linux-gnu/libXdamage.so.1.1.0
7f8997bf7000-7f8997bf8000 r--p 00001000 08:08 1973530                    /usr/lib/x86_64-linux-gnu/libXdamage.so.1.1.0
7f8997bf8000-7f8997bf9000 rw-p 00002000 08:08 1973530                    /usr/lib/x86_64-linux-gnu/libXdamage.so.1.1.0
7f8997bf9000-7f8997bfb000 r-xp 00000000 08:08 1973526                    /usr/lib/x86_64-linux-gnu/libXcomposite.so.1.0.0
7f8997bfb000-7f8997dfa000 ---p 00002000 08:08 1973526                    /usr/lib/x86_64-linux-gnu/libXcomposite.so.1.0.0
7f8997dfa000-7f8997dfb000 r--p 00001000 08:08 1973526                    /usr/lib/x86_64-linux-gnu/libXcomposite.so.1.0.0
7f8997dfb000-7f8997dfc000 rw-p 00002000 08:08 1973526                    /usr/lib/x86_64-linux-gnu/libXcomposite.so.1.0.0
7f8997dfc000-7f8997dff000 r-xp 00000000 08:08 1974072                    /usr/lib/x86_64-linux-gnu/libgmodule-2.0.so.0.5000.3
7f8997dff000-7f8997ffe000 ---p 00003000 08:08 1974072                    /usr/lib/x86_64-linux-gnu/libgmodule-2.0.so.0.5000.3
7f8997ffe000-7f8997fff000 r--p 00002000 08:08 1974072                    /usr/lib/x86_64-linux-gnu/libgmodule-2.0.so.0.5000.3
7f8997fff000-7f8998000000 rw-p 00003000 08:08 1974072                    /usr/lib/x86_64-linux-gnu/libgmodule-2.0.so.0.5000.3
7f8998000000-7f8998021000 rw-p 00000000 00:00 0 
7f8998021000-7f899c000000 ---p 00000000 00:00 0 
7f899c000000-7f899d8f0000 rw-p 00000000 00:00 0 
7f899d8f0000-7f89a0000000 ---p 00000000 00:00 0 
7f89a0000000-7f89a03b1000 rw-p 00000000 00:00 0 
7f89a03b1000-7f89a4000000 ---p 00000000 00:00 0 
7f89a4000000-7f89a4021000 rw-p 00000000 00:00 0 
7f89a4021000-7f89a8000000 ---p 00000000 00:00 0 
7f89a8000000-7f89a8021000 rw-p 00000000 00:00 0 
7f89a8021000-7f89ac000000 ---p 00000000 00:00 0 
7f89ac000000-7f89ac204000 rw-p 00000000 00:00 0 
7f89ac204000-7f89b0000000 ---p 00000000 00:00 0 
7f89b0000000-7f89b0021000 rw-p 00000000 00:00 0 
7f89b0021000-7f89b4000000 ---p 00000000 00:00 0 
7f89b4000000-7f89b4021000 rw-p 00000000 00:00 0 
7f89b4021000-7f89b8000000 ---p 00000000 00:00 0 
7f89b8000000-7f89b8021000 rw-p 00000000 00:00 0 
7f89b8021000-7f89bc000000 ---p 00000000 00:00 0 
7f89bc000000-7f89bc021000 rw-p 00000000 00:00 0 
7f89bc021000-7f89c0000000 ---p 00000000 00:00 0 
7f89c0000000-7f89c0001000 rw-s 00000000 00:18 1848                       /i915 (deleted)
7f89c0001000-7f89c0004000 r--s 00000000 08:08 1590385                    /var/cache/fontconfig/bf6ddb0059d58ea573e04b43f868001f-le64.cache-4
7f89c0004000-7f89c0007000 ---p 00000000 00:00 0 
7f89c0007000-7f89c0105000 rw-p 00000000 00:00 0 
7f89c0105000-7f89c017a000 r-xp 00000000 08:08 1973258                    /usr/lib/x86_64-linux-gnu/libGL.so.1.7.0
7f89c017a000-7f89c037a000 ---p 00075000 08:08 1973258                    /usr/lib/x86_64-linux-gnu/libGL.so.1.7.0
7f89c037a000-7f89c0394000 r--p 00075000 08:08 1973258                    /usr/lib/x86_64-linux-gnu/libGL.so.1.7.0
7f89c0394000-7f89c0395000 rw-p 0008f000 08:08 1973258                    /usr/lib/x86_64-linux-gnu/libGL.so.1.7.0
7f89c0395000-7f89c0396000 rw-p 00000000 00:00 0 
7f89c0396000-7f89c039b000 r-xp 00000000 08:08 1973572                    /usr/lib/x86_64-linux-gnu/libXxf86vm.so.1.0.0
7f89c039b000-7f89c059a000 ---p 00005000 08:08 1973572                    /usr/lib/x86_64-linux-gnu/libXxf86vm.so.1.0.0
7f89c059a000-7f89c059b000 r--p 00004000 08:08 1973572                    /usr/lib/x86_64-linux-gnu/libXxf86vm.so.1.0.0
7f89c059b000-7f89c059c000 rw-p 00005000 08:08 1973572                    /usr/lib/x86_64-linux-gnu/libXxf86vm.so.1.0.0
7f89c059c000-7f89c06d6000 r-xp 00000000 08:08 1973517                    /usr/lib/x86_64-linux-gnu/libX11.so.6.3.0
7f89c06d6000-7f89c08d6000 ---p 0013a000 08:08 1973517                    /usr/lib/x86_64-linux-gnu/libX11.so.6.3.0
7f89c08d6000-7f89c08d7000 r--p 0013a000 08:08 1973517                    /usr/lib/x86_64-linux-gnu/libX11.so.6.3.0
7f89c08d7000-7f89c08dc000 rw-p 0013b000 08:08 1973517                    /usr/lib/x86_64-linux-gnu/libX11.so.6.3.0
7f89c08dc000-7f89c08e1000 r-xp 00000000 08:08 1973562                    /usr/lib/x86_64-linux-gnu/libXtst.so.6.1.0
7f89c08e1000-7f89c0ae0000 ---p 00005000 08:08 1973562                    /usr/lib/x86_64-linux-gnu/libXtst.so.6.1.0
7f89c0ae0000-7f89c0ae1000 r--p 00004000 08:08 1973562                    /usr/lib/x86_64-linux-gnu/libXtst.so.6.1.0
7f89c0ae1000-7f89c0ae2000 rw-p 00005000 08:08 1973562                    /usr/lib/x86_64-linux-gnu/libXtst.so.6.1.0
7f89c0ae2000-7f89c0bf4000 r-xp 00000000 08:08 1974060                    /usr/lib/x86_64-linux-gnu/libglib-2.0.so.0.5000.3
7f89c0bf4000-7f89c0df3000 ---p 00112000 08:08 1974060                    /usr/lib/x86_64-linux-gnu/libglib-2.0.so.0.5000.3
7f89c0df3000-7f89c0df4000 r--p 00111000 08:08 1974060                    /usr/lib/x86_64-linux-gnu/libglib-2.0.so.0.5000.3
7f89c0df4000-7f89c0df5000 rw-p 00112000 08:08 1974060                    /usr/lib/x86_64-linux-gnu/libglib-2.0.so.0.5000.3
7f89c0df5000-7f89c0df6000 rw-p 00000000 00:00 0 
7f89c0df6000-7f89c0df7000 r-xp 00000000 08:08 1974280                    /usr/lib/x86_64-linux-gnu/libgthread-2.0.so.0.5000.3
7f89c0df7000-7f89c0ff6000 ---p 00001000 08:08 1974280                    /usr/lib/x86_64-linux-gnu/libgthread-2.0.so.0.5000.3
7f89c0ff6000-7f89c0ff7000 r--p 00000000 08:08 1974280                    /usr/lib/x86_64-linux-gnu/libgthread-2.0.so.0.5000.3
7f89c0ff7000-7f89c0ff8000 rw-p 00001000 08:08 1974280                    /usr/lib/x86_64-linux-gnu/libgthread-2.0.so.0.5000.3
7f89c0ff8000-7f89c10a0000 r-xp 00000000 08:08 1973996                    /usr/lib/x86_64-linux-gnu/libfreetype.so.6.12.3
7f89c10a0000-7f89c12a0000 ---p 000a8000 08:08 1973996                    /usr/lib/x86_64-linux-gnu/libfreetype.so.6.12.3
7f89c12a0000-7f89c12a6000 r--p 000a8000 08:08 1973996                    /usr/lib/x86_64-linux-gnu/libfreetype.so.6.12.3
7f89c12a6000-7f89c12a7000 rw-p 000ae000 08:08 1973996                    /usr/lib/x86_64-linux-gnu/libfreetype.so.6.12.3
7f89c12a7000-7f89c12e3000 r-xp 00000000 08:08 1973982                    /usr/lib/x86_64-linux-gnu/libfontconfig.so.1.8.0
7f89c12e3000-7f89c14e2000 ---p 0003c000 08:08 1973982                    /usr/lib/x86_64-linux-gnu/libfontconfig.so.1.8.0
7f89c14e2000-7f89c14e4000 r--p 0003b000 08:08 1973982                    /usr/lib/x86_64-linux-gnu/libfontconfig.so.1.8.0
7f89c14e4000-7f89c14e5000 rw-p 0003d000 08:08 1973982                    /usr/lib/x86_64-linux-gnu/libfontconfig.so.1.8.0
7f89c14e5000-7f89c1537000 r-xp 00000000 08:08 1974112                    /usr/lib/x86_64-linux-gnu/libgobject-2.0.so.0.5000.3
7f89c1537000-7f89c1736000 ---p 00052000 08:08 1974112                    /usr/lib/x86_64-linux-gnu/libgobject-2.0.so.0.5000.3
7f89c1736000-7f89c1737000 r--p 00051000 08:08 1974112                    /usr/lib/x86_64-linux-gnu/libgobject-2.0.so.0.5000.3
7f89c1737000-7f89c1738000 rw-p 00052000 08:08 1974112                    /usr/lib/x86_64-linux-gnu/libgobject-2.0.so.0.5000.3
7f89c1738000-7f89c1781000 r-xp 00000000 08:08 1974732                    /usr/lib/x86_64-linux-gnu/libpango-1.0.so.0.4000.5
7f89c1781000-7f89c1980000 ---p 00049000 08:08 1974732                    /usr/lib/x86_64-linux-gnu/libpango-1.0.so.0.4000.5
7f89c1980000-7f89c1983000 r--p 00048000 08:08 1974732                    /usr/lib/x86_64-linux-gnu/libpango-1.0.so.0.4000.5
7f89c1983000-7f89c1984000 rw-p 0004b000 08:08 1974732                    /usr/lib/x86_64-linux-gnu/libpango-1.0.so.0.4000.5
7f89c1984000-7f89c1998000 r-xp 00000000 08:08 1974736                    /usr/lib/x86_64-linux-gnu/libpangoft2-1.0.so.0.4000.5
7f89c1998000-7f89c1b98000 ---p 00014000 08:08 1974736                    /usr/lib/x86_64-linux-gnu/libpangoft2-1.0.so.0.4000.5
7f89c1b98000-7f89c1b99000 r--p 00014000 08:08 1974736                    /usr/lib/x86_64-linux-gnu/libpangoft2-1.0.so.0.4000.5
7f89c1b99000-7f89c1b9a000 rw-p 00015000 08:08 1974736                    /usr/lib/x86_64-linux-gnu/libpangoft2-1.0.so.0.4000.5
7f89c1b9a000-7f89c1d27000 r-xp 00000000 08:08 1974048                    /usr/lib/x86_64-linux-gnu/libgio-2.0.so.0.5000.3
7f89c1d27000-7f89c1f27000 ---p 0018d000 08:08 1974048                    /usr/lib/x86_64-linux-gnu/libgio-2.0.so.0.5000.3
7f89c1f27000-7f89c1f2c000 r--p 0018d000 08:08 1974048                    /usr/lib/x86_64-linux-gnu/libgio-2.0.so.0.5000.3
7f89c1f2c000-7f89c1f2f000 rw-p 00192000 08:08 1974048                    /usr/lib/x86_64-linux-gnu/libgio-2.0.so.0.5000.3
7f89c1f2f000-7f89c1f30000 rw-p 00000000 00:00 0 
7f89c1f30000-7f89c1f52000 r-xp 00000000 08:08 1974034                    /usr/lib/x86_64-linux-gnu/libgdk_pixbuf-2.0.so.0.3600.5
7f89c1f52000-7f89c2152000 ---p 00022000 08:08 1974034                    /usr/lib/x86_64-linux-gnu/libgdk_pixbuf-2.0.so.0.3600.5
7f89c2152000-7f89c2153000 r--p 00022000 08:08 1974034                    /usr/lib/x86_64-linux-gnu/libgdk_pixbuf-2.0.so.0.3600.5
7f89c2153000-7f89c2154000 rw-p 00023000 08:08 1974034                    /usr/lib/x86_64-linux-gnu/libgdk_pixbuf-2.0.so.0.3600.5
7f89c2154000-7f89c2262000 r-xp 00000000 08:08 1973694                    /usr/lib/x86_64-linux-gnu/libcairo.so.2.11400.8
7f89c2262000-7f89c2462000 ---p 0010e000 08:08 1973694                    /usr/lib/x86_64-linux-gnu/libcairo.so.2.11400.8
7f89c2462000-7f89c2465000 r--p 0010e000 08:08 1973694                    /usr/lib/x86_64-linux-gnu/libcairo.so.2.11400.8
7f89c2465000-7f89c2466000 rw-p 00111000 08:08 1973694                    /usr/lib/x86_64-linux-gnu/libcairo.so.2.11400.8
7f89c2466000-7f89c2468000 rw-p 00000000 00:00 0 
7f89c2468000-7f89c248b000 r-xp 00000000 08:08 1973616                    /usr/lib/x86_64-linux-gnu/libatk-1.0.so.0.22209.1
7f89c248b000-7f89c268a000 ---p 00023000 08:08 1973616                    /usr/lib/x86_64-linux-gnu/libatk-1.0.so.0.22209.1
7f89c268a000-7f89c268d000 r--p 00022000 08:08 1973616                    /usr/lib/x86_64-linux-gnu/libatk-1.0.so.0.22209.1
7f89c268d000-7f89c268e000 rw-p 00025000 08:08 1973616                    /usr/lib/x86_64-linux-gnu/libatk-1.0.so.0.22209.1
7f89c268e000-7f89c269a000 r-xp 00000000 08:08 1974734                    /usr/lib/x86_64-linux-gnu/libpangocairo-1.0.so.0.4000.5
7f89c269a000-7f89c2899000 ---p 0000c000 08:08 1974734                    /usr/lib/x86_64-linux-gnu/libpangocairo-1.0.so.0.4000.5
7f89c2899000-7f89c289a000 r--p 0000b000 08:08 1974734                    /usr/lib/x86_64-linux-gnu/libpangocairo-1.0.so.0.4000.5
7f89c289a000-7f89c289b000 rw-p 0000c000 08:08 1974734                    /usr/lib/x86_64-linux-gnu/libpangocairo-1.0.so.0.4000.5
7f89c289b000-7f89c294b000 r-xp 00000000 08:08 1974032                    /usr/lib/x86_64-linux-gnu/libgdk-x11-2.0.so.0.2400.31
7f89c294b000-7f89c2b4a000 ---p 000b0000 08:08 1974032                    /usr/lib/x86_64-linux-gnu/libgdk-x11-2.0.so.0.2400.31
7f89c2b4a000-7f89c2b4e000 r--p 000af000 08:08 1974032                    /usr/lib/x86_64-linux-gnu/libgdk-x11-2.0.so.0.2400.31
7f89c2b4e000-7f89c2b50000 rw-p 000b3000 08:08 1974032                    /usr/lib/x86_64-linux-gnu/libgdk-x11-2.0.so.0.2400.31
7f89c2b50000-7f89c2f90000 r-xp 00000000 08:08 1974286                    /usr/lib/x86_64-linux-gnu/libgtk-x11-2.0.so.0.2400.31
7f89c2f90000-7f89c318f000 ---p 00440000 08:08 1974286                    /usr/lib/x86_64-linux-gnu/libgtk-x11-2.0.so.0.2400.31
7f89c318f000-7f89c3196000 r--p 0043f000 08:08 1974286                    /usr/lib/x86_64-linux-gnu/libgtk-x11-2.0.so.0.2400.31
7f89c3196000-7f89c319a000 rw-p 00446000 08:08 1974286                    /usr/lib/x86_64-linux-gnu/libgtk-x11-2.0.so.0.2400.31
7f89c319a000-7f89c319d000 rw-p 00000000 00:00 0 
7f89c319d000-7f89c31a9000 r-xp 00000000 08:08 1717405                    /usr/lib/jvm/java-8-openjdk-amd64/jre/lib/amd64/libprism_es2.so
7f89c31a9000-7f89c33a8000 ---p 0000c000 08:08 1717405                    /usr/lib/jvm/java-8-openjdk-amd64/jre/lib/amd64/libprism_es2.so
7f89c33a8000-7f89c33a9000 r--p 0000b000 08:08 1717405                    /usr/lib/jvm/java-8-openjdk-amd64/jre/lib/amd64/libprism_es2.so
7f89c33a9000-7f89c33aa000 rw-p 0000c000 08:08 1717405                    /usr/lib/jvm/java-8-openjdk-amd64/jre/lib/amd64/libprism_es2.so
7f89c33aa000-7f89c33ad000 ---p 00000000 00:00 0 
7f89c33ad000-7f89c34ab000 rw-p 00000000 00:00 0 
7f89c34ab000-7f89c3541000 r--s 007ce000 08:08 2654625                    /usr/share/java/openjfx/jre/lib/ext/jfxrt.jar
7f89c3541000-7f89c355c000 r--s 001d6000 08:08 1715183                    /usr/lib/jvm/java-8-openjdk-amd64/jre/lib/ext/nashorn.jar
7f89c355c000-7f89c355d000 ---p 00000000 00:00 0 
7f89c355d000-7f89c365d000 rw-p 00000000 00:00 0 
7f89c365d000-7f89c3660000 ---p 00000000 00:00 0 
7f89c3660000-7f89c375e000 rw-p 00000000 00:00 0 
7f89c375e000-7f89c3761000 ---p 00000000 00:00 0 
7f89c3761000-7f89c385f000 rw-p 00000000 00:00 0 
7f89c385f000-7f89c3862000 ---p 00000000 00:00 0 
7f89c3862000-7f89c3960000 rw-p 00000000 00:00 0 
7f89c3960000-7f89c3963000 ---p 00000000 00:00 0 
7f89c3963000-7f89c3a61000 rw-p 00000000 00:00 0 
7f89c3a61000-7f89c3bfc000 r--p 00000000 08:08 1711771                    /usr/lib/locale/locale-archive
7f89c3bfc000-7f89c3bff000 ---p 00000000 00:00 0 
7f89c3bff000-7f89c3cfd000 rw-p 00000000 00:00 0 
7f89c3cfd000-7f89c3d00000 ---p 00000000 00:00 0 
7f89c3d00000-7f89c3dfe000 rw-p 00000000 00:00 0 
7f89c3dfe000-7f89c3dff000 ---p 00000000 00:00 0 
7f89c3dff000-7f89c4000000 rw-p 00000000 00:00 0 
7f89c4000000-7f89c4021000 rw-p 00000000 00:00 0 
7f89c4021000-7f89c8000000 ---p 00000000 00:00 0 
7f89c8000000-7f89c8001000 rw-s 00000000 00:18 1846                       /i915 (deleted)
7f89c8001000-7f89c8004000 r--s 00000000 08:08 1572931                    /var/cache/fontconfig/e13b20fdb08344e0e664864cc2ede53d-le64.cache-4
7f89c8004000-7f89c8008000 rw-s 00000000 00:18 1647                       /i915 (deleted)
7f89c8008000-7f89c800d000 rw-s 00000000 00:18 1074                       /i915 (deleted)
7f89c800d000-7f89c8011000 rw-s 00000000 00:18 1839                       /i915 (deleted)
7f89c8011000-7f89c8015000 rw-s 00000000 00:18 1810                       /i915 (deleted)
7f89c8015000-7f89c801a000 rw-s 00000000 00:18 1803                       /i915 (deleted)
7f89c801a000-7f89c8035000 r--s 00394000 08:08 1715178                    /usr/lib/jvm/java-8-openjdk-amd64/jre/lib/ext/cldrdata.jar
7f89c8035000-7f89c888b000 rw-p 00000000 00:00 0 
7f89c888b000-7f89c8a5a000 r--s 03c33000 08:08 1715207                    /usr/lib/jvm/java-8-openjdk-amd64/jre/lib/rt.jar
7f89c8a5a000-7f89cd000000 rw-p 00000000 00:00 0 
7f89cd000000-7f89cd610000 rwxp 00000000 00:00 0 
7f89cd610000-7f89dc000000 ---p 00000000 00:00 0 
7f89dc000000-7f89dc278000 rw-p 00000000 00:00 0 
7f89dc278000-7f89e0000000 ---p 00000000 00:00 0 
7f89e0000000-7f89e0001000 r--s 00000000 08:08 1572912                    /var/cache/fontconfig/16c2fda60d1b4b719f4b3d06fd951d25-le64.cache-4
7f89e0001000-7f89e0002000 r--s 00000000 08:08 1590384                    /var/cache/fontconfig/2736766d4907c6828b9382ebdbe3064b-le64.cache-4
7f89e0002000-7f89e0417000 rw-p 00000000 00:00 0 
7f89e0417000-7f89e0418000 ---p 00000000 00:00 0 
7f89e0418000-7f89e0518000 rw-p 00000000 00:00 0 
7f89e0518000-7f89e0519000 ---p 00000000 00:00 0 
7f89e0519000-7f89e0643000 rw-p 00000000 00:00 0 
7f89e0643000-7f89e08a6000 ---p 00000000 00:00 0 
7f89e08a6000-7f89e08d0000 rw-p 00000000 00:00 0 
7f89e08d0000-7f89e0b32000 ---p 00000000 00:00 0 
7f89e0b32000-7f89e0b57000 rw-p 00000000 00:00 0 
7f89e0b57000-7f89e0c79000 ---p 00000000 00:00 0 
7f89e0c79000-7f89e0c93000 rw-p 00000000 00:00 0 
7f89e0c93000-7f89e103a000 ---p 00000000 00:00 0 
7f89e103a000-7f89e1042000 r-xp 00000000 08:08 1715164                    /usr/lib/jvm/java-8-openjdk-amd64/jre/lib/amd64/libzip.so
7f89e1042000-7f89e1241000 ---p 00008000 08:08 1715164                    /usr/lib/jvm/java-8-openjdk-amd64/jre/lib/amd64/libzip.so
7f89e1241000-7f89e1242000 r--p 00007000 08:08 1715164                    /usr/lib/jvm/java-8-openjdk-amd64/jre/lib/amd64/libzip.so
7f89e1242000-7f89e1243000 rw-p 00008000 08:08 1715164                    /usr/lib/jvm/java-8-openjdk-amd64/jre/lib/amd64/libzip.so
7f89e1243000-7f89e124d000 r-xp 00000000 08:08 1974648                    /usr/lib/x86_64-linux-gnu/libnss_files-2.24.so
7f89e124d000-7f89e144d000 ---p 0000a000 08:08 1974648                    /usr/lib/x86_64-linux-gnu/libnss_files-2.24.so
7f89e144d000-7f89e144e000 r--p 0000a000 08:08 1974648                    /usr/lib/x86_64-linux-gnu/libnss_files-2.24.so
7f89e144e000-7f89e144f000 rw-p 0000b000 08:08 1974648                    /usr/lib/x86_64-linux-gnu/libnss_files-2.24.so
7f89e144f000-7f89e1455000 rw-p 00000000 00:00 0 
7f89e1455000-7f89e1460000 r-xp 00000000 08:08 1974654                    /usr/lib/x86_64-linux-gnu/libnss_nis-2.24.so
7f89e1460000-7f89e165f000 ---p 0000b000 08:08 1974654                    /usr/lib/x86_64-linux-gnu/libnss_nis-2.24.so
7f89e165f000-7f89e1660000 r--p 0000a000 08:08 1974654                    /usr/lib/x86_64-linux-gnu/libnss_nis-2.24.so
7f89e1660000-7f89e1661000 rw-p 0000b000 08:08 1974654                    /usr/lib/x86_64-linux-gnu/libnss_nis-2.24.so
7f89e1661000-7f89e1675000 r-xp 00000000 08:08 1974636                    /usr/lib/x86_64-linux-gnu/libnsl-2.24.so
7f89e1675000-7f89e1875000 ---p 00014000 08:08 1974636                    /usr/lib/x86_64-linux-gnu/libnsl-2.24.so
7f89e1875000-7f89e1876000 r--p 00014000 08:08 1974636                    /usr/lib/x86_64-linux-gnu/libnsl-2.24.so
7f89e1876000-7f89e1877000 rw-p 00015000 08:08 1974636                    /usr/lib/x86_64-linux-gnu/libnsl-2.24.so
7f89e1877000-7f89e1879000 rw-p 00000000 00:00 0 
7f89e1879000-7f89e1880000 r-xp 00000000 08:08 1974642                    /usr/lib/x86_64-linux-gnu/libnss_compat-2.24.so
7f89e1880000-7f89e1a7f000 ---p 00007000 08:08 1974642                    /usr/lib/x86_64-linux-gnu/libnss_compat-2.24.so
7f89e1a7f000-7f89e1a80000 r--p 00006000 08:08 1974642                    /usr/lib/x86_64-linux-gnu/libnss_compat-2.24.so
7f89e1a80000-7f89e1a81000 rw-p 00007000 08:08 1974642                    /usr/lib/x86_64-linux-gnu/libnss_compat-2.24.so
7f89e1a81000-7f89e1aae000 r-xp 00000000 08:08 1715145                    /usr/lib/jvm/java-8-openjdk-amd64/jre/lib/amd64/libjava.so
7f89e1aae000-7f89e1cae000 ---p 0002d000 08:08 1715145                    /usr/lib/jvm/java-8-openjdk-amd64/jre/lib/amd64/libjava.so
7f89e1cae000-7f89e1caf000 r--p 0002d000 08:08 1715145                    /usr/lib/jvm/java-8-openjdk-amd64/jre/lib/amd64/libjava.so
7f89e1caf000-7f89e1cb1000 rw-p 0002e000 08:08 1715145                    /usr/lib/jvm/java-8-openjdk-amd64/jre/lib/amd64/libjava.so
7f89e1cb1000-7f89e1cc0000 r-xp 00000000 08:08 1715163                    /usr/lib/jvm/java-8-openjdk-amd64/jre/lib/amd64/libverify.so
7f89e1cc0000-7f89e1ec0000 ---p 0000f000 08:08 1715163                    /usr/lib/jvm/java-8-openjdk-amd64/jre/lib/amd64/libverify.so
7f89e1ec0000-7f89e1ec2000 r--p 0000f000 08:08 1715163                    /usr/lib/jvm/java-8-openjdk-amd64/jre/lib/amd64/libverify.so
7f89e1ec2000-7f89e1ec3000 rw-p 00011000 08:08 1715163                    /usr/lib/jvm/java-8-openjdk-amd64/jre/lib/amd64/libverify.so
7f89e1ec3000-7f89e1eca000 r-xp 00000000 08:08 1974898                    /usr/lib/x86_64-linux-gnu/librt-2.24.so
7f89e1eca000-7f89e20c9000 ---p 00007000 08:08 1974898                    /usr/lib/x86_64-linux-gnu/librt-2.24.so
7f89e20c9000-7f89e20ca000 r--p 00006000 08:08 1974898                    /usr/lib/x86_64-linux-gnu/librt-2.24.so
7f89e20ca000-7f89e20cb000 rw-p 00007000 08:08 1974898                    /usr/lib/x86_64-linux-gnu/librt-2.24.so
7f89e20cb000-7f89e20e1000 r-xp 00000000 08:08 1974006                    /usr/lib/x86_64-linux-gnu/libgcc_s.so.1
7f89e20e1000-7f89e22e0000 ---p 00016000 08:08 1974006                    /usr/lib/x86_64-linux-gnu/libgcc_s.so.1
7f89e22e0000-7f89e22e1000 r--p 00015000 08:08 1974006                    /usr/lib/x86_64-linux-gnu/libgcc_s.so.1
7f89e22e1000-7f89e22e2000 rw-p 00016000 08:08 1974006                    /usr/lib/x86_64-linux-gnu/libgcc_s.so.1
7f89e22e2000-7f89e23e5000 r-xp 00000000 08:08 1974512                    /usr/lib/x86_64-linux-gnu/libm-2.24.so
7f89e23e5000-7f89e25e4000 ---p 00103000 08:08 1974512                    /usr/lib/x86_64-linux-gnu/libm-2.24.so
7f89e25e4000-7f89e25e5000 r--p 00102000 08:08 1974512                    /usr/lib/x86_64-linux-gnu/libm-2.24.so
7f89e25e5000-7f89e25e6000 rw-p 00103000 08:08 1974512                    /usr/lib/x86_64-linux-gnu/libm-2.24.so
7f89e25e6000-7f89e2758000 r-xp 00000000 08:08 1975001                    /usr/lib/x86_64-linux-gnu/libstdc++.so.6.0.22
7f89e2758000-7f89e2958000 ---p 00172000 08:08 1975001                    /usr/lib/x86_64-linux-gnu/libstdc++.so.6.0.22
7f89e2958000-7f89e2962000 r--p 00172000 08:08 1975001                    /usr/lib/x86_64-linux-gnu/libstdc++.so.6.0.22
7f89e2962000-7f89e2964000 rw-p 0017c000 08:08 1975001                    /usr/lib/x86_64-linux-gnu/libstdc++.so.6.0.22
7f89e2964000-7f89e2968000 rw-p 00000000 00:00 0 
7f89e2968000-7f89e35c7000 r-xp 00000000 08:08 1715167                    /usr/lib/jvm/java-8-openjdk-amd64/jre/lib/amd64/server/libjvm.so
7f89e35c7000-7f89e37c6000 ---p 00c5f000 08:08 1715167                    /usr/lib/jvm/java-8-openjdk-amd64/jre/lib/amd64/server/libjvm.so
7f89e37c6000-7f89e385a000 r--p 00c5e000 08:08 1715167                    /usr/lib/jvm/java-8-openjdk-amd64/jre/lib/amd64/server/libjvm.so
7f89e385a000-7f89e3883000 rw-p 00cf2000 08:08 1715167                    /usr/lib/jvm/java-8-openjdk-amd64/jre/lib/amd64/server/libjvm.so
7f89e3883000-7f89e38b3000 rw-p 00000000 00:00 0 
7f89e38b3000-7f89e3a48000 r-xp 00000000 08:08 1973682                    /usr/lib/x86_64-linux-gnu/libc-2.24.so
7f89e3a48000-7f89e3c48000 ---p 00195000 08:08 1973682                    /usr/lib/x86_64-linux-gnu/libc-2.24.so
7f89e3c48000-7f89e3c4c000 r--p 00195000 08:08 1973682                    /usr/lib/x86_64-linux-gnu/libc-2.24.so
7f89e3c4c000-7f89e3c4e000 rw-p 00199000 08:08 1973682                    /usr/lib/x86_64-linux-gnu/libc-2.24.so
7f89e3c4e000-7f89e3c52000 rw-p 00000000 00:00 0 
7f89e3c52000-7f89e3c55000 r-xp 00000000 08:08 1973821                    /usr/lib/x86_64-linux-gnu/libdl-2.24.so
7f89e3c55000-7f89e3e54000 ---p 00003000 08:08 1973821                    /usr/lib/x86_64-linux-gnu/libdl-2.24.so
7f89e3e54000-7f89e3e55000 r--p 00002000 08:08 1973821                    /usr/lib/x86_64-linux-gnu/libdl-2.24.so
7f89e3e55000-7f89e3e56000 rw-p 00003000 08:08 1973821                    /usr/lib/x86_64-linux-gnu/libdl-2.24.so
7f89e3e56000-7f89e3e63000 r-xp 00000000 08:08 1715131                    /usr/lib/jvm/java-8-openjdk-amd64/jre/lib/amd64/jli/libjli.so
7f89e3e63000-7f89e4063000 ---p 0000d000 08:08 1715131                    /usr/lib/jvm/java-8-openjdk-amd64/jre/lib/amd64/jli/libjli.so
7f89e4063000-7f89e4064000 r--p 0000d000 08:08 1715131                    /usr/lib/jvm/java-8-openjdk-amd64/jre/lib/amd64/jli/libjli.so
7f89e4064000-7f89e4065000 rw-p 0000e000 08:08 1715131                    /usr/lib/jvm/java-8-openjdk-amd64/jre/lib/amd64/jli/libjli.so
7f89e4065000-7f89e407e000 r-xp 00000000 08:08 1975262                    /usr/lib/x86_64-linux-gnu/libz.so.1.2.8
7f89e407e000-7f89e427d000 ---p 00019000 08:08 1975262                    /usr/lib/x86_64-linux-gnu/libz.so.1.2.8
7f89e427d000-7f89e427e000 r--p 00018000 08:08 1975262                    /usr/lib/x86_64-linux-gnu/libz.so.1.2.8
7f89e427e000-7f89e427f000 rw-p 00019000 08:08 1975262                    /usr/lib/x86_64-linux-gnu/libz.so.1.2.8
7f89e427f000-7f89e4297000 r-xp 00000000 08:08 1974838                    /usr/lib/x86_64-linux-gnu/libpthread-2.24.so
7f89e4297000-7f89e4496000 ---p 00018000 08:08 1974838                    /usr/lib/x86_64-linux-gnu/libpthread-2.24.so
7f89e4496000-7f89e4497000 r--p 00017000 08:08 1974838                    /usr/lib/x86_64-linux-gnu/libpthread-2.24.so
7f89e4497000-7f89e4498000 rw-p 00018000 08:08 1974838                    /usr/lib/x86_64-linux-gnu/libpthread-2.24.so
7f89e4498000-7f89e449c000 rw-p 00000000 00:00 0 
7f89e449c000-7f89e44bf000 r-xp 00000000 08:08 1973230                    /usr/lib/x86_64-linux-gnu/ld-2.24.so
7f89e44bf000-7f89e44c0000 r--s 00008000 08:09 13369446                   /home/atomx/.eclipse/org.eclipse.platform_4.12.0_1473617060_linux_gtk_x86_64/plugins/org.eclipse.fx.ide.css.jfx8_3.5.0.201902220800.jar
7f89e44c1000-7f89e44c2000 rwxp 00000000 00:00 0 
7f89e44c2000-7f89e44c6000 rw-s 00000000 00:18 1814                       /i915 (deleted)
7f89e44c6000-7f89e44c9000 r--s 0000f000 08:08 1715180                    /usr/lib/jvm/java-8-openjdk-amd64/jre/lib/ext/icedtea-sound.jar
7f89e44c9000-7f89e44cb000 r--s 00001000 08:08 1715179                    /usr/lib/jvm/java-8-openjdk-amd64/jre/lib/ext/dnsns.jar
7f89e44cb000-7f89e44cd000 r--s 00008000 08:08 1715184                    /usr/lib/jvm/java-8-openjdk-amd64/jre/lib/ext/sunec.jar
7f89e44cd000-7f89e44d3000 r--s 0003b000 08:08 1715185                    /usr/lib/jvm/java-8-openjdk-amd64/jre/lib/ext/sunjce_provider.jar
7f89e44d3000-7f89e44d5000 r--s 00007000 08:08 2654545                    /usr/share/java/java-atk-wrapper.jar
7f89e44d5000-7f89e45a0000 rw-p 00000000 00:00 0 
7f89e45a0000-7f89e45a3000 ---p 00000000 00:00 0 
7f89e45a3000-7f89e46a3000 rw-p 00000000 00:00 0 
7f89e46a3000-7f89e46a4000 r--s 00010000 08:08 1715187                    /usr/lib/jvm/java-8-openjdk-amd64/jre/lib/ext/zipfs.jar
7f89e46a4000-7f89e46a5000 r--s 0000a000 08:08 1715181                    /usr/lib/jvm/java-8-openjdk-amd64/jre/lib/ext/jaccess.jar
7f89e46a5000-7f89e46a8000 r--s 00038000 08:08 1715186                    /usr/lib/jvm/java-8-openjdk-amd64/jre/lib/ext/sunpkcs11.jar
7f89e46a8000-7f89e46b2000 r--s 00116000 08:08 1715182                    /usr/lib/jvm/java-8-openjdk-amd64/jre/lib/ext/localedata.jar
7f89e46b2000-7f89e46ba000 rw-s 00000000 08:08 2116000                    /tmp/hsperfdata_atomx/14277
7f89e46ba000-7f89e46bb000 rw-p 00000000 00:00 0 
7f89e46bb000-7f89e46bc000 r--p 00000000 00:00 0 
7f89e46bc000-7f89e46bf000 rw-p 00000000 00:00 0 
7f89e46bf000-7f89e46c0000 r--p 00023000 08:08 1973230                    /usr/lib/x86_64-linux-gnu/ld-2.24.so
7f89e46c0000-7f89e46c1000 rw-p 00024000 08:08 1973230                    /usr/lib/x86_64-linux-gnu/ld-2.24.so
7f89e46c1000-7f89e46c2000 rw-p 00000000 00:00 0 
7ffd1e2af000-7ffd1e2d0000 rw-p 00000000 00:00 0                          [stack]
7ffd1e3bc000-7ffd1e3bf000 r--p 00000000 00:00 0                          [vvar]
7ffd1e3bf000-7ffd1e3c1000 r-xp 00000000 00:00 0                          [vdso]
ffffffffff600000-ffffffffff601000 r-xp 00000000 00:00 0                  [vsyscall]

VM Arguments:
jvm_args: -Dfile.encoding=UTF-8 
java_command: application.Main
java_class_path (initial): /home/atomx/eclipse-workspace/Library/bin:/home/atomx/Desktop/My-Libraries/Java/JavaFX/jfxrt.jar:/home/atomx/Desktop/My-Libraries/Java/MySQL-Connector/mysql-connector-java-8.0.17.jar:/home/atomx/.eclipse/org.eclipse.platform_4.12.0_1473617060_linux_gtk_x86_64/plugins/org.eclipse.fx.ide.css.jfx8_3.5.0.201902220800.jar
Launcher Type: SUN_STANDARD

Environment Variables:
PATH=/usr/local/bin:/usr/bin:/bin:/usr/local/games:/usr/games:/sbin:/usr/sbin
SHELL=/bin/bash
DISPLAY=:0

Signal Handlers:
SIGSEGV: [libjvm.so+0xa74b40], sa_mask[0]=11111111011111111101111111111110, sa_flags=SA_RESTART|SA_SIGINFO
SIGBUS: [libjvm.so+0xa74b40], sa_mask[0]=11111111011111111101111111111110, sa_flags=SA_RESTART|SA_SIGINFO
SIGFPE: [libjvm.so+0x8bd510], sa_mask[0]=11111111011111111101111111111110, sa_flags=SA_RESTART|SA_SIGINFO
SIGPIPE: SIG_IGN, sa_mask[0]=00000000000010000000000000000000, sa_flags=SA_RESTART
SIGXFSZ: [libjvm.so+0x8bd510], sa_mask[0]=11111111011111111101111111111110, sa_flags=SA_RESTART|SA_SIGINFO
SIGILL: [libjvm.so+0x8bd510], sa_mask[0]=11111111011111111101111111111110, sa_flags=SA_RESTART|SA_SIGINFO
SIGUSR1: SIG_DFL, sa_mask[0]=00000000000000000000000000000000, sa_flags=none
SIGUSR2: [libjvm.so+0x8bd3c0], sa_mask[0]=00100000000000000000000000000000, sa_flags=SA_RESTART|SA_SIGINFO
SIGHUP: SIG_IGN, sa_mask[0]=00000000000000000000000000000000, sa_flags=none
SIGINT: [libjvm.so+0x8bd870], sa_mask[0]=11111111011111111101111111111110, sa_flags=SA_RESTART|SA_SIGINFO
SIGTERM: [libjvm.so+0x8bd870], sa_mask[0]=11111111011111111101111111111110, sa_flags=SA_RESTART|SA_SIGINFO
SIGQUIT: [libjvm.so+0x8bd870], sa_mask[0]=11111111011111111101111111111110, sa_flags=SA_RESTART|SA_SIGINFO


---------------  S Y S T E M  ---------------

OS:DISTRIB_ID=Deepin
DISTRIB_RELEASE="15.11"
DISTRIB_DESCRIPTION="Deepin 15.11 "
DISTRIB_CODENAME=stable

uname:Linux 4.15.0-30deepin-generic #31 SMP Fri Nov 30 04:29:02 UTC 2018 x86_64
libc:glibc 2.24 NPTL 2.24 
rlimit: STACK 8192k, CORE 0k, NPROC 30921, NOFILE 1048576, AS infinity
load average:4.45 2.18 1.66

/proc/meminfo:
MemTotal:        8018944 kB
MemFree:         1567808 kB
MemAvailable:    3844880 kB
Buffers:          369048 kB
Cached:          2419240 kB
SwapCached:            0 kB
Active:          4034972 kB
Inactive:        1489592 kB
Active(anon):    2737712 kB
Inactive(anon):   392136 kB
Active(file):    1297260 kB
Inactive(file):  1097456 kB
Unevictable:          96 kB
Mlocked:              96 kB
SwapTotal:       2097148 kB
SwapFree:        2097148 kB
Dirty:              1340 kB
Writeback:             0 kB
AnonPages:       2736336 kB
Mapped:          1139008 kB
Shmem:            393584 kB
Slab:             265316 kB
SReclaimable:     192420 kB
SUnreclaim:        72896 kB
KernelStack:       14432 kB
PageTables:        53324 kB
NFS_Unstable:          0 kB
Bounce:                0 kB
WritebackTmp:          0 kB
CommitLimit:     6106620 kB
Committed_AS:    9962280 kB
VmallocTotal:   34359738367 kB
VmallocUsed:           0 kB
VmallocChunk:          0 kB
HardwareCorrupted:     0 kB
AnonHugePages:      2048 kB
ShmemHugePages:        0 kB
ShmemPmdMapped:        0 kB
CmaTotal:              0 kB
CmaFree:               0 kB
HugePages_Total:       0
HugePages_Free:        0
HugePages_Rsvd:        0
HugePages_Surp:        0
Hugepagesize:       2048 kB
DirectMap4k:      420796 kB
DirectMap2M:     7817216 kB


CPU:total 2 (initial active 2) (2 cores per cpu, 1 threads per core) family 6 model 76 stepping 4, cmov, cx8, fxsr, mmx, sse, sse2, sse3, ssse3, sse4.1, sse4.2, popcnt, aes, clmul, erms, 3dnowpref, tsc, tscinvbit

/proc/cpuinfo:
processor	: 0
vendor_id	: GenuineIntel
cpu family	: 6
model		: 76
model name	: Intel(R) Celeron(R) CPU  N3010  @ 1.04GHz
stepping	: 4
microcode	: 0x404
cpu MHz		: 2240.000
cache size	: 1024 KB
physical id	: 0
siblings	: 2
core id		: 0
cpu cores	: 2
apicid		: 0
initial apicid	: 0
fpu		: yes
fpu_exception	: yes
cpuid level	: 11
wp		: yes
flags		: fpu vme de pse tsc msr pae mce cx8 apic sep mtrr pge mca cmov pat pse36 clflush dts acpi mmx fxsr sse sse2 ss ht tm pbe syscall nx rdtscp lm constant_tsc arch_perfmon pebs bts rep_good nopl xtopology tsc_reliable nonstop_tsc cpuid aperfmperf tsc_known_freq pni pclmulqdq dtes64 monitor ds_cpl vmx est tm2 ssse3 cx16 xtpr pdcm sse4_1 sse4_2 movbe popcnt tsc_deadline_timer aes rdrand lahf_lm 3dnowprefetch epb pti tpr_shadow vnmi flexpriority ept vpid tsc_adjust smep erms dtherm ida arat
bugs		: cpu_meltdown spectre_v1 spectre_v2
bogomips	: 2080.00
clflush size	: 64
cache_alignment	: 64
address sizes	: 36 bits physical, 48 bits virtual
power management:

processor	: 1
vendor_id	: GenuineIntel
cpu family	: 6
model		: 76
model name	: Intel(R) Celeron(R) CPU  N3010  @ 1.04GHz
stepping	: 4
microcode	: 0x404
cpu MHz		: 2090.837
cache size	: 1024 KB
physical id	: 0
siblings	: 2
core id		: 2
cpu cores	: 2
apicid		: 4
initial apicid	: 4
fpu		: yes
fpu_exception	: yes
cpuid level	: 11
wp		: yes
flags		: fpu vme de pse tsc msr pae mce cx8 apic sep mtrr pge mca cmov pat pse36 clflush dts acpi mmx fxsr sse sse2 ss ht tm pbe syscall nx rdtscp lm constant_tsc arch_perfmon pebs bts rep_good nopl xtopology tsc_reliable nonstop_tsc cpuid aperfmperf tsc_known_freq pni pclmulqdq dtes64 monitor ds_cpl vmx est tm2 ssse3 cx16 xtpr pdcm sse4_1 sse4_2 movbe popcnt tsc_deadline_timer aes rdrand lahf_lm 3dnowprefetch epb pti tpr_shadow vnmi flexpriority ept vpid tsc_adjust smep erms dtherm ida arat
bugs		: cpu_meltdown spectre_v1 spectre_v2
bogomips	: 2080.00
clflush size	: 64
cache_alignment	: 64
address sizes	: 36 bits physical, 48 bits virtual
power management:



Memory: 4k page, physical 8018944k(1567808k free), swap 2097148k(2097148k free)

vm_info: OpenJDK 64-Bit Server VM (25.181-b13) for linux-amd64 JRE (1.8.0_181-8u181-b13-2~deb9u1-b13), built on Oct 22 2018 18:05:23 by "pbuilder" with gcc 6.3.0 20170516

time: Sat Aug 31 12:59:02 2019
elapsed time: 19 seconds (0d 0h 0m 19s)

