#
# A fatal error has been detected by the Java Runtime Environment:
#
#  SIGSEGV (0xb) at pc=0x00007f559b2be07d, pid=12255, tid=0x00007f554863e700
#
# JRE version: OpenJDK Runtime Environment (8.0_181-b13) (build 1.8.0_181-8u181-b13-2~deb9u1-b13)
# Java VM: OpenJDK 64-Bit Server VM (25.181-b13 mixed mode linux-amd64 compressed oops)
# Problematic frame:
# V  [libjvm.so+0x68107d]
#
# Failed to write core dump. Core dumps have been disabled. To enable core dumping, try "ulimit -c unlimited" before starting Java again
#
# If you would like to submit a bug report, please visit:
#   http://bugreport.java.com/bugreport/crash.jsp
#

---------------  T H R E A D  ---------------

Current thread (0x00007f559426c000):  JavaThread "JavaFX Application Thread" [_thread_in_vm, id=12274, stack(0x00007f554853e000,0x00007f554863f000)]

siginfo: si_signo: 11 (SIGSEGV), si_code: 128 (SI_KERNEL), si_addr: 0x0000000000000000

Registers:
RAX=0x0000000000000000, RBX=0x00007f559426c000, RCX=0x00007f559422fbc8, RDX=0x706d616c43746567
RSP=0x00007f554863d230, RBP=0x00007f554863d3b0, RSI=0x00007f554863d3d0, RDI=0x00007f559426c1e0
R8 =0x00007f554863d400, R9 =0x00007f559426c000, R10=0x00007f553c000bf0, R11=0x00007f55854f3d00
R12=0x00007f559426c1e0, R13=0x00007f559426c000, R14=0x00007f554863d490, R15=0x706d616c43746567
RIP=0x00007f559b2be07d, EFLAGS=0x0000000000010202, CSGSFS=0x002b000000000033, ERR=0x0000000000000000
  TRAPNO=0x000000000000000d

Top of Stack: (sp=0x00007f554863d230)
0x00007f554863d230:   00007f554863d340 00007f559b2a51d3
0x00007f554863d240:   00007f558105f070 00007f554863d280
0x00007f554863d250:   00007f550000000e 00007f559426c1e0
0x00007f554863d260:   00007f554863d270 00007f554863d3d0
0x00007f554863d270:   00007f5580fc0cc0 00007f559426c000
0x00007f554863d280:   00007f5580fc0cc0 00007f559426c000
0x00007f554863d290:   00007f559426ba00 00007f555c011670
0x00007f554863d2a0:   00007f555c011680 00007f555c011a58
0x00007f554863d2b0:   00000000000003d8 00007f559426ba40
0x00007f554863d2c0:   00007f5580fc0cc0 00007f559426c000
0x00007f554863d2d0:   0000000080fb6c30 00000000d9417fe0
0x00007f554863d2e0:   0000000000000000 00007f5585017e1b
0x00007f554863d2f0:   00007f5580fc0cc0 00007f559426c000
0x00007f554863d300:   0000000000000000 00000000d9417fa0
0x00007f554863d310:   00007f550000006f 00007f550000000a
0x00007f554863d320:   00000000d7e9cd38 00007f5500000000
0x00007f554863d330:   00007f554863d420 00007f554863d3e0
0x00007f554863d340:   00007f554863d4d0 0000000100000180
0x00007f554863d350:   0000000000000002 00007f554863d308
0x00007f554863d360:   00007f554863d349 0000000800000005
0x00007f554863d370:   00007f5500000000 ef53f8a0e2e4c600
0x00007f554863d380:   00007f554863d390 00007f559426c000
0x00007f554863d390:   00007f559426c1e0 00007f559422fbc8
0x00007f554863d3a0:   00007f554863d490 706d616c43746567
0x00007f554863d3b0:   00007f554863d480 00007f559b2c16aa
0x00007f554863d3c0:   00007f553c2c2980 00007f554863d400
0x00007f554863d3d0:   000000000000000e 00007f5500000000
0x00007f554863d3e0:   00007f559426c000 0000000000000000
0x00007f554863d3f0:   0000000000000067 ef53f8a0e2e4c600
0x00007f554863d400:   00007f559baa7938 00007f559c7d17e0
0x00007f554863d410:   000000009424c400 00007f5500000063
0x00007f554863d420:   0000000000000000 0000003000000018 

Instructions: (pc=0x00007f559b2be07d)
0x00007f559b2be05d:   ff 48 89 b5 b8 fe ff ff 64 48 8b 04 25 28 00 00
0x00007f559b2be06d:   00 48 89 45 c8 31 c0 48 85 d2 0f 84 3b 03 00 00
0x00007f559b2be07d:   4c 8b 32 4d 85 f6 0f 84 2f 03 00 00 49 8b b9 20
0x00007f559b2be08d:   01 00 00 48 89 cb 4d 89 c4 e8 f5 4c ff ff 4c 89 

Register to memory mapping:

RAX=0x0000000000000000 is an unknown value
RBX=0x00007f559426c000 is a thread
RCX=0x00007f559422fbc8 is an unknown value
RDX=0x706d616c43746567 is an unknown value
RSP=0x00007f554863d230 is pointing into the stack for thread: 0x00007f559426c000
RBP=0x00007f554863d3b0 is pointing into the stack for thread: 0x00007f559426c000
RSI=0x00007f554863d3d0 is pointing into the stack for thread: 0x00007f559426c000
RDI=0x00007f559426c1e0 is an unknown value
R8 =0x00007f554863d400 is pointing into the stack for thread: 0x00007f559426c000
R9 =0x00007f559426c000 is a thread
R10=0x00007f553c000bf0 is an unknown value
R11=0x00007f55854f3d00 is at entry_point+32 in (nmethod*)0x00007f55854f3b90
R12=0x00007f559426c1e0 is an unknown value
R13=0x00007f559426c000 is a thread
R14=0x00007f554863d490 is pointing into the stack for thread: 0x00007f559426c000
R15=0x706d616c43746567 is an unknown value


Stack: [0x00007f554853e000,0x00007f554863f000],  sp=0x00007f554863d230,  free space=1020k
Native frames: (J=compiled Java code, j=interpreted, Vv=VM code, C=native code)
V  [libjvm.so+0x68107d]
V  [libjvm.so+0x6846aa]
C  [libglass.so+0x12d33]  JNIEnv_::CallVoidMethod(_jobject*, _jmethodID*, ...)+0x93
C  [libglass.so+0x1ccf6]  WindowContextBase::process_key(_GdkEventKey*)+0x226
C  [libglass.so+0x1a9c0]  WindowContextBase::im_filter_keypress(_GdkEventKey*)+0x1f0
C  [libglass.so+0x23094]
C  [libgdk-x11-2.0.so.0+0x5acbc]

Java frames: (J=compiled Java code, j=interpreted, Vv=VM code)
j  com.sun.glass.ui.gtk.GtkApplication._runLoop(Ljava/lang/Runnable;Z)V+0
j  com.sun.glass.ui.gtk.GtkApplication.lambda$null$5(Ljava/lang/Runnable;Z)V+7
j  com.sun.glass.ui.gtk.GtkApplication$$Lambda$41.run()V+12
j  java.lang.Thread.run()V+11
v  ~StubRoutines::call_stub

---------------  P R O C E S S  ---------------

Java Threads: ( => current thread )
  0x00007f553c2ee000 JavaThread "mysql-cj-abandoned-connection-cleanup" daemon [_thread_blocked, id=12290, stack(0x00007f5536769000,0x00007f553686a000)]
  0x00007f553c272800 JavaThread "Prism Font Disposer" daemon [_thread_blocked, id=12280, stack(0x00007f55400e0000,0x00007f55401e1000)]
  0x00007f559426f800 JavaThread "JavaFX-Launcher" [_thread_blocked, id=12276, stack(0x00007f55482fc000,0x00007f55483fd000)]
=>0x00007f559426c000 JavaThread "JavaFX Application Thread" [_thread_in_vm, id=12274, stack(0x00007f554853e000,0x00007f554863f000)]
  0x00007f5594268000 JavaThread "Thread-1" daemon [_thread_blocked, id=12273, stack(0x00007f5550057000,0x00007f5550158000)]
  0x00007f5594219800 JavaThread "QuantumRenderer-0" daemon [_thread_blocked, id=12271, stack(0x00007f557365d000,0x00007f557375e000)]
  0x00007f55940b9800 JavaThread "Service Thread" daemon [_thread_blocked, id=12269, stack(0x00007f557385f000,0x00007f5573960000)]
  0x00007f55940b7000 JavaThread "C1 CompilerThread1" daemon [_thread_blocked, id=12268, stack(0x00007f5573960000,0x00007f5573a61000)]
  0x00007f55940b4000 JavaThread "C2 CompilerThread0" daemon [_thread_blocked, id=12267, stack(0x00007f5573a61000,0x00007f5573b62000)]
  0x00007f55940b2800 JavaThread "Signal Dispatcher" daemon [_thread_blocked, id=12266, stack(0x00007f5573b62000,0x00007f5573c63000)]
  0x00007f5594080000 JavaThread "Finalizer" daemon [_thread_blocked, id=12265, stack(0x00007f5573dfe000,0x00007f5573eff000)]
  0x00007f559407d800 JavaThread "Reference Handler" daemon [_thread_blocked, id=12264, stack(0x00007f5573eff000,0x00007f5574000000)]
  0x00007f559400a800 JavaThread "main" [_thread_blocked, id=12258, stack(0x00007f559c875000,0x00007f559c976000)]

Other Threads:
  0x00007f5594074000 VMThread [stack: 0x00007f55800c6000,0x00007f55801c7000] [id=12263]
  0x00007f55940bc800 WatcherThread [stack: 0x00007f557375e000,0x00007f557385f000] [id=12270]

VM state:not at safepoint (normal execution)

VM Mutex/Monitor currently owned by a thread: None

Heap:
 PSYoungGen      total 36864K, used 29276K [0x00000000d7380000, 0x00000000dbb80000, 0x0000000100000000)
  eden space 31744K, 76% used [0x00000000d7380000,0x00000000d8b18148,0x00000000d9280000)
  from space 5120K, 99% used [0x00000000d9280000,0x00000000d977f050,0x00000000d9780000)
  to   space 5120K, 0% used [0x00000000db680000,0x00000000db680000,0x00000000dbb80000)
 ParOldGen       total 84992K, used 1937K [0x0000000085a00000, 0x000000008ad00000, 0x00000000d7380000)
  object space 84992K, 2% used [0x0000000085a00000,0x0000000085be45e0,0x000000008ad00000)
 Metaspace       used 19857K, capacity 20584K, committed 20864K, reserved 1067008K
  class space    used 2658K, capacity 2833K, committed 2944K, reserved 1048576K

Card table byte_map: [0x00007f5598b7b000,0x00007f5598f4f000] byte_map_base: 0x00007f559874e000

Marking Bits: (ParMarkBitMap*) 0x00007f559bb6b3a0
 Begin Bits: [0x00007f55812d0000, 0x00007f5583168000)
 End Bits:   [0x00007f5583168000, 0x00007f5585000000)

Polling page: 0x00007f559c990000

CodeCache: size=245760Kb used=6171Kb max_used=6171Kb free=239588Kb
 bounds [0x00007f5585000000, 0x00007f5585610000, 0x00007f5594000000]
 total_blobs=2773 nmethods=2076 adapters=612
 compilation: enabled

Compilation events (10 events):
Event: 13.156 Thread 0x00007f55940b7000 2072       3       javafx.beans.property.BooleanPropertyBase::markInvalid (21 bytes)
Event: 13.156 Thread 0x00007f55940b7000 nmethod 2072 0x00007f55856079d0 code [0x00007f5585607b60, 0x00007f5585607e78]
Event: 13.156 Thread 0x00007f55940b7000 2075       1       javafx.scene.text.Font::impl_getNativeFont (5 bytes)
Event: 13.156 Thread 0x00007f55940b7000 nmethod 2075 0x00007f5585607f10 code [0x00007f5585608060, 0x00007f5585608170]
Event: 13.159 Thread 0x00007f55940b7000 2078       3       java.lang.Math::min (45 bytes)
Event: 13.160 Thread 0x00007f55940b7000 nmethod 2078 0x00007f55856081d0 code [0x00007f5585608340, 0x00007f5585608690]
Event: 13.160 Thread 0x00007f55940b7000 2077       3       com.sun.javafx.text.PrismTextLayout::isMirrored (81 bytes)
Event: 13.161 Thread 0x00007f55940b7000 nmethod 2077 0x00007f5585608710 code [0x00007f5585608880, 0x00007f5585608ab0]
Event: 13.161 Thread 0x00007f55940b7000 2076       1       com.sun.javafx.font.PrismFontFile::getDefaultAAMode (2 bytes)
Event: 13.161 Thread 0x00007f55940b7000 nmethod 2076 0x00007f5585608b50 code [0x00007f5585608ca0, 0x00007f5585608db0]

GC Heap History (6 events):
Event: 1.723 GC heap before
{Heap before GC invocations=1 (full 0):
 PSYoungGen      total 36864K, used 31744K [0x00000000d7380000, 0x00000000d9c80000, 0x0000000100000000)
  eden space 31744K, 100% used [0x00000000d7380000,0x00000000d9280000,0x00000000d9280000)
  from space 5120K, 0% used [0x00000000d9780000,0x00000000d9780000,0x00000000d9c80000)
  to   space 5120K, 0% used [0x00000000d9280000,0x00000000d9280000,0x00000000d9780000)
 ParOldGen       total 84992K, used 0K [0x0000000085a00000, 0x000000008ad00000, 0x00000000d7380000)
  object space 84992K, 0% used [0x0000000085a00000,0x0000000085a00000,0x000000008ad00000)
 Metaspace       used 8752K, capacity 9058K, committed 9088K, reserved 1056768K
  class space    used 1042K, capacity 1139K, committed 1152K, reserved 1048576K
Event: 1.734 GC heap after
Heap after GC invocations=1 (full 0):
 PSYoungGen      total 36864K, used 4453K [0x00000000d7380000, 0x00000000d9c80000, 0x0000000100000000)
  eden space 31744K, 0% used [0x00000000d7380000,0x00000000d7380000,0x00000000d9280000)
  from space 5120K, 86% used [0x00000000d9280000,0x00000000d96d9628,0x00000000d9780000)
  to   space 5120K, 0% used [0x00000000d9780000,0x00000000d9780000,0x00000000d9c80000)
 ParOldGen       total 84992K, used 8K [0x0000000085a00000, 0x000000008ad00000, 0x00000000d7380000)
  object space 84992K, 0% used [0x0000000085a00000,0x0000000085a02000,0x000000008ad00000)
 Metaspace       used 8752K, capacity 9058K, committed 9088K, reserved 1056768K
  class space    used 1042K, capacity 1139K, committed 1152K, reserved 1048576K
}
Event: 2.321 GC heap before
{Heap before GC invocations=2 (full 0):
 PSYoungGen      total 36864K, used 36197K [0x00000000d7380000, 0x00000000d9c80000, 0x0000000100000000)
  eden space 31744K, 100% used [0x00000000d7380000,0x00000000d9280000,0x00000000d9280000)
  from space 5120K, 86% used [0x00000000d9280000,0x00000000d96d9628,0x00000000d9780000)
  to   space 5120K, 0% used [0x00000000d9780000,0x00000000d9780000,0x00000000d9c80000)
 ParOldGen       total 84992K, used 8K [0x0000000085a00000, 0x000000008ad00000, 0x00000000d7380000)
  object space 84992K, 0% used [0x0000000085a00000,0x0000000085a02000,0x000000008ad00000)
 Metaspace       used 10747K, capacity 11108K, committed 11264K, reserved 1058816K
  class space    used 1363K, capacity 1476K, committed 1536K, reserved 1048576K
Event: 2.334 GC heap after
Heap after GC invocations=2 (full 0):
 PSYoungGen      total 36864K, used 5102K [0x00000000d7380000, 0x00000000dbb80000, 0x0000000100000000)
  eden space 31744K, 0% used [0x00000000d7380000,0x00000000d7380000,0x00000000d9280000)
  from space 5120K, 99% used [0x00000000d9780000,0x00000000d9c7b8b0,0x00000000d9c80000)
  to   space 5120K, 0% used [0x00000000d9280000,0x00000000d9280000,0x00000000d9780000)
 ParOldGen       total 84992K, used 237K [0x0000000085a00000, 0x000000008ad00000, 0x00000000d7380000)
  object space 84992K, 0% used [0x0000000085a00000,0x0000000085a3b598,0x000000008ad00000)
 Metaspace       used 10747K, capacity 11108K, committed 11264K, reserved 1058816K
  class space    used 1363K, capacity 1476K, committed 1536K, reserved 1048576K
}
Event: 3.133 GC heap before
{Heap before GC invocations=3 (full 0):
 PSYoungGen      total 36864K, used 36846K [0x00000000d7380000, 0x00000000dbb80000, 0x0000000100000000)
  eden space 31744K, 100% used [0x00000000d7380000,0x00000000d9280000,0x00000000d9280000)
  from space 5120K, 99% used [0x00000000d9780000,0x00000000d9c7b8b0,0x00000000d9c80000)
  to   space 5120K, 0% used [0x00000000d9280000,0x00000000d9280000,0x00000000d9780000)
 ParOldGen       total 84992K, used 237K [0x0000000085a00000, 0x000000008ad00000, 0x00000000d7380000)
  object space 84992K, 0% used [0x0000000085a00000,0x0000000085a3b598,0x000000008ad00000)
 Metaspace       used 13205K, capacity 13596K, committed 13824K, reserved 1060864K
  class space    used 1799K, capacity 1928K, committed 2048K, reserved 1048576K
Event: 3.154 GC heap after
Heap after GC invocations=3 (full 0):
 PSYoungGen      total 36864K, used 5116K [0x00000000d7380000, 0x00000000dbb80000, 0x0000000100000000)
  eden space 31744K, 0% used [0x00000000d7380000,0x00000000d7380000,0x00000000d9280000)
  from space 5120K, 99% used [0x00000000d9280000,0x00000000d977f050,0x00000000d9780000)
  to   space 5120K, 0% used [0x00000000db680000,0x00000000db680000,0x00000000dbb80000)
 ParOldGen       total 84992K, used 1937K [0x0000000085a00000, 0x000000008ad00000, 0x00000000d7380000)
  object space 84992K, 2% used [0x0000000085a00000,0x0000000085be45e0,0x000000008ad00000)
 Metaspace       used 13205K, capacity 13596K, committed 13824K, reserved 1060864K
  class space    used 1799K, capacity 1928K, committed 2048K, reserved 1048576K
}

Deoptimization events (10 events):
Event: 12.327 Thread 0x00007f559426c000 Uncommon trap: reason=unstable_if action=reinterpret pc=0x00007f5585308cb0 method=java.lang.AbstractStringBuilder.append(Ljava/lang/String;)Ljava/lang/AbstractStringBuilder; @ 1
Event: 12.328 Thread 0x00007f553c2ee000 Uncommon trap: reason=unstable_if action=reinterpret pc=0x00007f558526f6a4 method=java.util.zip.ZipCoder.getBytes(Ljava/lang/String;)[B @ 32
Event: 12.328 Thread 0x00007f553c2ee000 Uncommon trap: reason=unstable_if action=reinterpret pc=0x00007f55853128dc method=java.util.zip.ZipCoder.getBytes(Ljava/lang/String;)[B @ 32
Event: 12.328 Thread 0x00007f553c2ee000 Uncommon trap: reason=unstable_if action=reinterpret pc=0x00007f5585242710 method=java.lang.String.lastIndexOf([CII[CIII)I @ 66
Event: 12.328 Thread 0x00007f553c2ee000 Uncommon trap: reason=unstable_if action=reinterpret pc=0x00007f55851d84cc method=java.lang.String.indexOf([CII[CIII)I @ 3
Event: 12.642 Thread 0x00007f559426c000 Uncommon trap: reason=unstable_if action=reinterpret pc=0x00007f55855888cc method=java.util.Properties.loadConvert([CII[C)Ljava/lang/String; @ 4
Event: 12.642 Thread 0x00007f559426c000 Uncommon trap: reason=unstable_if action=reinterpret pc=0x00007f5585595074 method=java.util.Properties$LineReader.readLine()I @ 174
Event: 12.980 Thread 0x00007f559426c000 Uncommon trap: reason=unstable_if action=reinterpret pc=0x00007f558523651c method=sun.nio.cs.UTF_8$Decoder.decode([BII[C)I @ 30
Event: 13.051 Thread 0x00007f559426c000 Uncommon trap: reason=unstable_if action=reinterpret pc=0x00007f558547d9fc method=java.lang.StrictMath.floorOrCeil(DDDD)D @ 38
Event: 13.086 Thread 0x00007f559426c000 Uncommon trap: reason=unstable_if action=reinterpret pc=0x00007f558552e434 method=javafx.scene.Node.updateLocalToParentTransform()V @ 4

Classes redefined (0 events):
No events

Internal exceptions (10 events):
Event: 0.483 Thread 0x00007f559400a800 Exception <a 'java/security/PrivilegedActionException'> (0x00000000d76359c8) thrown at [/build/openjdk-8-8u181-b13/src/hotspot/src/share/vm/prims/jvm.cpp, line 1435]
Event: 0.483 Thread 0x00007f559400a800 Exception <a 'java/security/PrivilegedActionException'> (0x00000000d7635bd8) thrown at [/build/openjdk-8-8u181-b13/src/hotspot/src/share/vm/prims/jvm.cpp, line 1435]
Event: 0.488 Thread 0x00007f559400a800 Exception <a 'java/lang/NullPointerException'> (0x00000000d7637180) thrown at [/build/openjdk-8-8u181-b13/src/hotspot/src/share/vm/interpreter/linkResolver.cpp, line 1185]
Event: 1.341 Thread 0x00007f559426c000 Exception <a 'java/lang/NullPointerException'> (0x00000000d811a5f8) thrown at [/build/openjdk-8-8u181-b13/src/hotspot/src/share/vm/interpreter/linkResolver.cpp, line 1185]
Event: 1.341 Thread 0x00007f559426c000 Exception <a 'java/lang/NullPointerException'> (0x00000000d811a5f8) thrown at [/build/openjdk-8-8u181-b13/src/hotspot/src/share/vm/prims/jvm.cpp, line 1439]
Event: 1.991 Thread 0x00007f559426c000 Exception <a 'java/lang/ArrayIndexOutOfBoundsException'> (0x00000000d8915e68) thrown at [/build/openjdk-8-8u181-b13/src/hotspot/src/share/vm/runtime/sharedRuntime.cpp, line 605]
Event: 1.991 Thread 0x00007f559426c000 Exception <a 'java/lang/ArrayIndexOutOfBoundsException'> (0x00000000d8916b68) thrown at [/build/openjdk-8-8u181-b13/src/hotspot/src/share/vm/runtime/sharedRuntime.cpp, line 605]
Event: 1.992 Thread 0x00007f559426c000 Exception <a 'java/lang/ArrayIndexOutOfBoundsException'> (0x00000000d8917f10) thrown at [/build/openjdk-8-8u181-b13/src/hotspot/src/share/vm/runtime/sharedRuntime.cpp, line 605]
Event: 2.617 Thread 0x00007f559426c000 Implicit null exception at 0x00007f55852d5a35 to 0x00007f55852d5c15
Event: 12.327 Thread 0x00007f559426c000 Implicit null exception at 0x00007f55853088f5 to 0x00007f5585308c9d

Events (10 events):
Event: 13.034 loading class javafx/scene/Node$MiscProperties$9$1
Event: 13.034 loading class javafx/scene/Node$MiscProperties$9$1 done
Event: 13.051 Thread 0x00007f559426c000 Uncommon trap: trap_request=0xffffff65 fr.pc=0x00007f558547d9fc
Event: 13.051 Thread 0x00007f559426c000 DEOPT PACKING pc=0x00007f558547d9fc sp=0x00007f554863b7c0
Event: 13.051 Thread 0x00007f559426c000 DEOPT UNPACKING pc=0x00007f558504547a sp=0x00007f554863b708 mode 2
Event: 13.086 Thread 0x00007f559426c000 Uncommon trap: trap_request=0xffffff65 fr.pc=0x00007f558552e434
Event: 13.086 Thread 0x00007f559426c000 DEOPT PACKING pc=0x00007f558552e434 sp=0x00007f554863b440
Event: 13.086 Thread 0x00007f559426c000 DEOPT UNPACKING pc=0x00007f558504547a sp=0x00007f554863b3c0 mode 2
Event: 13.163 loading class com/sun/javafx/scene/KeyboardShortcutsHandler$1
Event: 13.163 loading class com/sun/javafx/scene/KeyboardShortcutsHandler$1 done


Dynamic libraries:
85a00000-8ad00000 rw-p 00000000 00:00 0 
8ad00000-d7380000 ---p 00000000 00:00 0 
d7380000-dbb80000 rw-p 00000000 00:00 0 
dbb80000-100000000 ---p 00000000 00:00 0 
100000000-1002e0000 rw-p 00000000 00:00 0 
1002e0000-140000000 ---p 00000000 00:00 0 
55bca0562000-55bca0563000 r-xp 00000000 08:08 1715118                    /usr/lib/jvm/java-8-openjdk-amd64/jre/bin/java
55bca0762000-55bca0763000 r--p 00000000 08:08 1715118                    /usr/lib/jvm/java-8-openjdk-amd64/jre/bin/java
55bca0763000-55bca0764000 rw-p 00001000 08:08 1715118                    /usr/lib/jvm/java-8-openjdk-amd64/jre/bin/java
55bca106b000-55bca108c000 rw-p 00000000 00:00 0                          [heap]
7f5536369000-7f55364e9000 rw-p 00000000 00:00 0 
7f55364e9000-7f5536569000 ---p 00000000 00:00 0 
7f5536569000-7f5536769000 rw-p 00000000 00:00 0 
7f5536769000-7f553676c000 ---p 00000000 00:00 0 
7f553676c000-7f553686a000 rw-p 00000000 00:00 0 
7f553686a000-7f55368ca000 rw-s 1012ad000 00:06 344                       /dev/dri/card0
7f55368ca000-7f5536a8a000 rw-s 101e57000 00:06 344                       /dev/dri/card0
7f5536a8a000-7f5536c4a000 rw-s 101bd7000 00:06 344                       /dev/dri/card0
7f5536c4a000-7f5536f4a000 rw-s 106f3e000 00:06 344                       /dev/dri/card0
7f5536f4a000-7f553714a000 rw-p 00000000 00:00 0 
7f553714a000-7f553717a000 r-xp 00000000 08:08 1973152                    /usr/lib/x86_64-linux-gnu/gtk-2.0/2.10.0/engines/libmurrine.so
7f553717a000-7f553737a000 ---p 00030000 08:08 1973152                    /usr/lib/x86_64-linux-gnu/gtk-2.0/2.10.0/engines/libmurrine.so
7f553737a000-7f553737b000 r--p 00030000 08:08 1973152                    /usr/lib/x86_64-linux-gnu/gtk-2.0/2.10.0/engines/libmurrine.so
7f553737b000-7f553737c000 rw-p 00031000 08:08 1973152                    /usr/lib/x86_64-linux-gnu/gtk-2.0/2.10.0/engines/libmurrine.so
7f553737c000-7f553737e000 r-xp 00000000 08:08 1973145                    /usr/lib/x86_64-linux-gnu/gtk-2.0/2.10.0/engines/libadwaita.so
7f553737e000-7f553757e000 ---p 00002000 08:08 1973145                    /usr/lib/x86_64-linux-gnu/gtk-2.0/2.10.0/engines/libadwaita.so
7f553757e000-7f553757f000 r--p 00002000 08:08 1973145                    /usr/lib/x86_64-linux-gnu/gtk-2.0/2.10.0/engines/libadwaita.so
7f553757f000-7f5537580000 rw-p 00003000 08:08 1973145                    /usr/lib/x86_64-linux-gnu/gtk-2.0/2.10.0/engines/libadwaita.so
7f5537580000-7f553758a000 r-xp 00000000 08:08 1973153                    /usr/lib/x86_64-linux-gnu/gtk-2.0/2.10.0/engines/libpixmap.so
7f553758a000-7f5537789000 ---p 0000a000 08:08 1973153                    /usr/lib/x86_64-linux-gnu/gtk-2.0/2.10.0/engines/libpixmap.so
7f5537789000-7f553778a000 r--p 00009000 08:08 1973153                    /usr/lib/x86_64-linux-gnu/gtk-2.0/2.10.0/engines/libpixmap.so
7f553778a000-7f553778b000 rw-p 0000a000 08:08 1973153                    /usr/lib/x86_64-linux-gnu/gtk-2.0/2.10.0/engines/libpixmap.so
7f553778b000-7f553798b000 rw-p 00000000 00:00 0 
7f553798b000-7f5537990000 r-xp 00000000 08:08 1717399                    /usr/lib/jvm/java-8-openjdk-amd64/jre/lib/amd64/libjavafx_font_freetype.so
7f5537990000-7f5537b8f000 ---p 00005000 08:08 1717399                    /usr/lib/jvm/java-8-openjdk-amd64/jre/lib/amd64/libjavafx_font_freetype.so
7f5537b8f000-7f5537b90000 r--p 00004000 08:08 1717399                    /usr/lib/jvm/java-8-openjdk-amd64/jre/lib/amd64/libjavafx_font_freetype.so
7f5537b90000-7f5537b91000 rw-p 00005000 08:08 1717399                    /usr/lib/jvm/java-8-openjdk-amd64/jre/lib/amd64/libjavafx_font_freetype.so
7f5537b91000-7f5537b94000 r-xp 00000000 08:08 1717398                    /usr/lib/jvm/java-8-openjdk-amd64/jre/lib/amd64/libjavafx_font.so
7f5537b94000-7f5537d93000 ---p 00003000 08:08 1717398                    /usr/lib/jvm/java-8-openjdk-amd64/jre/lib/amd64/libjavafx_font.so
7f5537d93000-7f5537d94000 r--p 00002000 08:08 1717398                    /usr/lib/jvm/java-8-openjdk-amd64/jre/lib/amd64/libjavafx_font.so
7f5537d94000-7f5537d95000 rw-p 00003000 08:08 1717398                    /usr/lib/jvm/java-8-openjdk-amd64/jre/lib/amd64/libjavafx_font.so
7f5537d95000-7f5537dfe000 r-xp 00000000 08:08 1974422                    /usr/lib/x86_64-linux-gnu/libjpeg.so.62.2.0
7f5537dfe000-7f5537ffe000 ---p 00069000 08:08 1974422                    /usr/lib/x86_64-linux-gnu/libjpeg.so.62.2.0
7f5537ffe000-7f5537fff000 r--p 00069000 08:08 1974422                    /usr/lib/x86_64-linux-gnu/libjpeg.so.62.2.0
7f5537fff000-7f5538000000 rw-p 0006a000 08:08 1974422                    /usr/lib/x86_64-linux-gnu/libjpeg.so.62.2.0
7f5538000000-7f5538021000 rw-p 00000000 00:00 0 
7f5538021000-7f553c000000 ---p 00000000 00:00 0 
7f553c000000-7f553c4ff000 rw-p 00000000 00:00 0 
7f553c4ff000-7f5540000000 ---p 00000000 00:00 0 
7f5540010000-7f5540015000 r--s 002f9000 08:08 1715168                    /usr/lib/jvm/java-8-openjdk-amd64/jre/lib/charsets.jar
7f5540015000-7f554001a000 r--s 0009d000 08:08 1715201                    /usr/lib/jvm/java-8-openjdk-amd64/jre/lib/jsse.jar
7f554001a000-7f554001b000 rw-s 100a4c000 00:06 344                       /dev/dri/card0
7f554001b000-7f554002b000 rw-s 00000000 00:18 1759                       /i915 (deleted)
7f554002b000-7f554008b000 rw-s 1073fe000 00:06 344                       /dev/dri/card0
7f554008b000-7f5540099000 rw-s 1061f4000 00:06 344                       /dev/dri/card0
7f5540099000-7f55400e0000 r--p 00000000 08:08 2491713                    /usr/share/fonts/truetype/noto/NotoSans-BoldItalic.ttf
7f55400e0000-7f55400e3000 ---p 00000000 00:00 0 
7f55400e3000-7f55401e1000 rw-p 00000000 00:00 0 
7f55401e1000-7f55401e5000 r-xp 00000000 08:08 1717401                    /usr/lib/jvm/java-8-openjdk-amd64/jre/lib/amd64/libjavafx_iio.so
7f55401e5000-7f55403e4000 ---p 00004000 08:08 1717401                    /usr/lib/jvm/java-8-openjdk-amd64/jre/lib/amd64/libjavafx_iio.so
7f55403e4000-7f55403e5000 r--p 00003000 08:08 1717401                    /usr/lib/jvm/java-8-openjdk-amd64/jre/lib/amd64/libjavafx_iio.so
7f55403e5000-7f55403e6000 rw-p 00004000 08:08 1717401                    /usr/lib/jvm/java-8-openjdk-amd64/jre/lib/amd64/libjavafx_iio.so
7f55403e6000-7f55405e6000 rw-p 00000000 00:00 0 
7f55405e6000-7f55435e7000 rw-p 00000000 00:00 0 
7f55435e7000-7f55435fe000 r-xp 00000000 08:08 1715156                    /usr/lib/jvm/java-8-openjdk-amd64/jre/lib/amd64/libnet.so
7f55435fe000-7f55437fd000 ---p 00017000 08:08 1715156                    /usr/lib/jvm/java-8-openjdk-amd64/jre/lib/amd64/libnet.so
7f55437fd000-7f55437fe000 r--p 00016000 08:08 1715156                    /usr/lib/jvm/java-8-openjdk-amd64/jre/lib/amd64/libnet.so
7f55437fe000-7f55437ff000 rw-p 00017000 08:08 1715156                    /usr/lib/jvm/java-8-openjdk-amd64/jre/lib/amd64/libnet.so
7f55437ff000-7f5543800000 ---p 00000000 00:00 0 
7f5543800000-7f5544000000 rw-p 00000000 00:00 0 
7f5544000000-7f5544021000 rw-p 00000000 00:00 0 
7f5544021000-7f5548000000 ---p 00000000 00:00 0 
7f5548000000-7f5548001000 rw-s 1031e9000 00:06 344                       /dev/dri/card0
7f5548003000-7f5548008000 rw-s 00000000 00:18 1763                       /i915 (deleted)
7f5548008000-7f554800c000 rw-s 00000000 00:18 1752                       /i915 (deleted)
7f554800c000-7f5548010000 rw-s 00000000 00:18 1737                       /i915 (deleted)
7f5548010000-7f5548020000 rw-s 00000000 00:18 1740                       /i915 (deleted)
7f5548020000-7f5548030000 rw-s 00000000 00:18 1713                       /i915 (deleted)
7f5548030000-7f5548043000 r--s 00346000 08:08 1715206                    /usr/lib/jvm/java-8-openjdk-amd64/jre/lib/resources.jar
7f5548043000-7f55480e9000 r--s 010bb000 08:09 12980590                   /home/atomx/Desktop/My-Libraries/Java/JavaFX/jfxrt.jar
7f55480e9000-7f55480fa000 r-xp 00000000 08:08 1715157                    /usr/lib/jvm/java-8-openjdk-amd64/jre/lib/amd64/libnio.so
7f55480fa000-7f55482fa000 ---p 00011000 08:08 1715157                    /usr/lib/jvm/java-8-openjdk-amd64/jre/lib/amd64/libnio.so
7f55482fa000-7f55482fb000 r--p 00011000 08:08 1715157                    /usr/lib/jvm/java-8-openjdk-amd64/jre/lib/amd64/libnio.so
7f55482fb000-7f55482fc000 rw-p 00012000 08:08 1715157                    /usr/lib/jvm/java-8-openjdk-amd64/jre/lib/amd64/libnio.so
7f55482fc000-7f55482ff000 ---p 00000000 00:00 0 
7f55482ff000-7f55483fd000 rw-p 00000000 00:00 0 
7f55483fd000-7f554853e000 rw-s 00000000 08:09 12845132                   /home/atomx/.cache/mesa_shader_cache/index
7f554853e000-7f5548541000 ---p 00000000 00:00 0 
7f5548541000-7f554863f000 rw-p 00000000 00:00 0 
7f554863f000-7f5548668000 r-xp 00000000 08:08 1717396                    /usr/lib/jvm/java-8-openjdk-amd64/jre/lib/amd64/libglass.so
7f5548668000-7f5548868000 ---p 00029000 08:08 1717396                    /usr/lib/jvm/java-8-openjdk-amd64/jre/lib/amd64/libglass.so
7f5548868000-7f5548869000 r--p 00029000 08:08 1717396                    /usr/lib/jvm/java-8-openjdk-amd64/jre/lib/amd64/libglass.so
7f5548869000-7f554886a000 rw-p 0002a000 08:08 1717396                    /usr/lib/jvm/java-8-openjdk-amd64/jre/lib/amd64/libglass.so
7f554886a000-7f554886b000 rw-p 00000000 00:00 0 
7f554886b000-7f554886c000 ---p 00000000 00:00 0 
7f554886c000-7f554906c000 rw-p 00000000 00:00 0 
7f554906c000-7f5549074000 r-xp 00000000 08:08 1974752                    /usr/lib/x86_64-linux-gnu/libpciaccess.so.0.11.1
7f5549074000-7f5549274000 ---p 00008000 08:08 1974752                    /usr/lib/x86_64-linux-gnu/libpciaccess.so.0.11.1
7f5549274000-7f5549275000 r--p 00008000 08:08 1974752                    /usr/lib/x86_64-linux-gnu/libpciaccess.so.0.11.1
7f5549275000-7f5549276000 rw-p 00009000 08:08 1974752                    /usr/lib/x86_64-linux-gnu/libpciaccess.so.0.11.1
7f5549276000-7f5549281000 r-xp 00000000 08:08 1973844                    /usr/lib/x86_64-linux-gnu/libdrm_radeon.so.1.0.1
7f5549281000-7f5549480000 ---p 0000b000 08:08 1973844                    /usr/lib/x86_64-linux-gnu/libdrm_radeon.so.1.0.1
7f5549480000-7f5549481000 r--p 0000a000 08:08 1973844                    /usr/lib/x86_64-linux-gnu/libdrm_radeon.so.1.0.1
7f5549481000-7f5549482000 rw-p 0000b000 08:08 1973844                    /usr/lib/x86_64-linux-gnu/libdrm_radeon.so.1.0.1
7f5549482000-7f5549489000 r-xp 00000000 08:08 1973842                    /usr/lib/x86_64-linux-gnu/libdrm_nouveau.so.2.0.0
7f5549489000-7f5549688000 ---p 00007000 08:08 1973842                    /usr/lib/x86_64-linux-gnu/libdrm_nouveau.so.2.0.0
7f5549688000-7f5549689000 r--p 00006000 08:08 1973842                    /usr/lib/x86_64-linux-gnu/libdrm_nouveau.so.2.0.0
7f5549689000-7f554968a000 rw-p 00007000 08:08 1973842                    /usr/lib/x86_64-linux-gnu/libdrm_nouveau.so.2.0.0
7f554968a000-7f55496ad000 r-xp 00000000 08:08 1973840                    /usr/lib/x86_64-linux-gnu/libdrm_intel.so.1.0.0
7f55496ad000-7f55498ac000 ---p 00023000 08:08 1973840                    /usr/lib/x86_64-linux-gnu/libdrm_intel.so.1.0.0
7f55498ac000-7f55498ad000 r--p 00022000 08:08 1973840                    /usr/lib/x86_64-linux-gnu/libdrm_intel.so.1.0.0
7f55498ad000-7f55498ae000 rw-p 00023000 08:08 1973840                    /usr/lib/x86_64-linux-gnu/libdrm_intel.so.1.0.0
7f55498ae000-7f554a1dd000 r-xp 00000000 08:08 1972506                    /usr/lib/x86_64-linux-gnu/dri/i965_dri.so
7f554a1dd000-7f554a3dc000 ---p 0092f000 08:08 1972506                    /usr/lib/x86_64-linux-gnu/dri/i965_dri.so
7f554a3dc000-7f554a436000 r--p 0092e000 08:08 1972506                    /usr/lib/x86_64-linux-gnu/dri/i965_dri.so
7f554a436000-7f554a441000 rw-p 00988000 08:08 1972506                    /usr/lib/x86_64-linux-gnu/dri/i965_dri.so
7f554a441000-7f554a4f4000 rw-p 00000000 00:00 0 
7f554a4f4000-7f554a504000 r-xp 00000000 08:08 1973836                    /usr/lib/x86_64-linux-gnu/libdrm.so.2.4.0
7f554a504000-7f554a703000 ---p 00010000 08:08 1973836                    /usr/lib/x86_64-linux-gnu/libdrm.so.2.4.0
7f554a703000-7f554a704000 r--p 0000f000 08:08 1973836                    /usr/lib/x86_64-linux-gnu/libdrm.so.2.4.0
7f554a704000-7f554a705000 rw-p 00010000 08:08 1973836                    /usr/lib/x86_64-linux-gnu/libdrm.so.2.4.0
7f554a705000-7f554a709000 r-xp 00000000 08:08 1975194                    /usr/lib/x86_64-linux-gnu/libxcb-dri2.so.0.0.0
7f554a709000-7f554a908000 ---p 00004000 08:08 1975194                    /usr/lib/x86_64-linux-gnu/libxcb-dri2.so.0.0.0
7f554a908000-7f554a909000 r--p 00003000 08:08 1975194                    /usr/lib/x86_64-linux-gnu/libxcb-dri2.so.0.0.0
7f554a909000-7f554a90a000 rw-p 00004000 08:08 1975194                    /usr/lib/x86_64-linux-gnu/libxcb-dri2.so.0.0.0
7f554a90a000-7f554a922000 r-xp 00000000 08:08 1975200                    /usr/lib/x86_64-linux-gnu/libxcb-glx.so.0.0.0
7f554a922000-7f554ab22000 ---p 00018000 08:08 1975200                    /usr/lib/x86_64-linux-gnu/libxcb-glx.so.0.0.0
7f554ab22000-7f554ab24000 r--p 00018000 08:08 1975200                    /usr/lib/x86_64-linux-gnu/libxcb-glx.so.0.0.0
7f554ab24000-7f554ab25000 rw-p 0001a000 08:08 1975200                    /usr/lib/x86_64-linux-gnu/libxcb-glx.so.0.0.0
7f554ab25000-7f554ab26000 r-xp 00000000 08:08 1973515                    /usr/lib/x86_64-linux-gnu/libX11-xcb.so.1.0.0
7f554ab26000-7f554ad25000 ---p 00001000 08:08 1973515                    /usr/lib/x86_64-linux-gnu/libX11-xcb.so.1.0.0
7f554ad25000-7f554ad26000 r--p 00000000 08:08 1973515                    /usr/lib/x86_64-linux-gnu/libX11-xcb.so.1.0.0
7f554ad26000-7f554ad27000 rw-p 00001000 08:08 1973515                    /usr/lib/x86_64-linux-gnu/libX11-xcb.so.1.0.0
7f554ad27000-7f554ad53000 r-xp 00000000 08:08 1974054                    /usr/lib/x86_64-linux-gnu/libglapi.so.0.0.0
7f554ad53000-7f554af52000 ---p 0002c000 08:08 1974054                    /usr/lib/x86_64-linux-gnu/libglapi.so.0.0.0
7f554af52000-7f554af56000 r--p 0002b000 08:08 1974054                    /usr/lib/x86_64-linux-gnu/libglapi.so.0.0.0
7f554af56000-7f554af57000 rw-p 0002f000 08:08 1974054                    /usr/lib/x86_64-linux-gnu/libglapi.so.0.0.0
7f554af57000-7f554af58000 rw-p 00000000 00:00 0 
7f554af58000-7f554af59000 r-xp 00000000 08:08 1975250                    /usr/lib/x86_64-linux-gnu/libxshmfence.so.1.0.0
7f554af59000-7f554b158000 ---p 00001000 08:08 1975250                    /usr/lib/x86_64-linux-gnu/libxshmfence.so.1.0.0
7f554b158000-7f554b159000 r--p 00000000 08:08 1975250                    /usr/lib/x86_64-linux-gnu/libxshmfence.so.1.0.0
7f554b159000-7f554b15a000 rw-p 00001000 08:08 1975250                    /usr/lib/x86_64-linux-gnu/libxshmfence.so.1.0.0
7f554b15a000-7f554b160000 r-xp 00000000 08:08 1975220                    /usr/lib/x86_64-linux-gnu/libxcb-sync.so.1.0.0
7f554b160000-7f554b35f000 ---p 00006000 08:08 1975220                    /usr/lib/x86_64-linux-gnu/libxcb-sync.so.1.0.0
7f554b35f000-7f554b360000 r--p 00005000 08:08 1975220                    /usr/lib/x86_64-linux-gnu/libxcb-sync.so.1.0.0
7f554b360000-7f554b361000 rw-p 00006000 08:08 1975220                    /usr/lib/x86_64-linux-gnu/libxcb-sync.so.1.0.0
7f554b361000-7f554b363000 r-xp 00000000 08:08 1975208                    /usr/lib/x86_64-linux-gnu/libxcb-present.so.0.0.0
7f554b363000-7f554b562000 ---p 00002000 08:08 1975208                    /usr/lib/x86_64-linux-gnu/libxcb-present.so.0.0.0
7f554b562000-7f554b563000 r--p 00001000 08:08 1975208                    /usr/lib/x86_64-linux-gnu/libxcb-present.so.0.0.0
7f554b563000-7f554b564000 rw-p 00002000 08:08 1975208                    /usr/lib/x86_64-linux-gnu/libxcb-present.so.0.0.0
7f554b564000-7f554b56b000 r-xp 00000000 08:08 1975224                    /usr/lib/x86_64-linux-gnu/libxcb-xfixes.so.0.0.0
7f554b56b000-7f554b76a000 ---p 00007000 08:08 1975224                    /usr/lib/x86_64-linux-gnu/libxcb-xfixes.so.0.0.0
7f554b76a000-7f554b76b000 r--p 00006000 08:08 1975224                    /usr/lib/x86_64-linux-gnu/libxcb-xfixes.so.0.0.0
7f554b76b000-7f554b76c000 rw-p 00007000 08:08 1975224                    /usr/lib/x86_64-linux-gnu/libxcb-xfixes.so.0.0.0
7f554b76c000-7f554b76e000 r-xp 00000000 08:08 1975196                    /usr/lib/x86_64-linux-gnu/libxcb-dri3.so.0.0.0
7f554b76e000-7f554b96d000 ---p 00002000 08:08 1975196                    /usr/lib/x86_64-linux-gnu/libxcb-dri3.so.0.0.0
7f554b96d000-7f554b96e000 r--p 00001000 08:08 1975196                    /usr/lib/x86_64-linux-gnu/libxcb-dri3.so.0.0.0
7f554b96e000-7f554b96f000 rw-p 00002000 08:08 1975196                    /usr/lib/x86_64-linux-gnu/libxcb-dri3.so.0.0.0
7f554b96f000-7f554b9e1000 r-xp 00000000 08:08 1973267                    /usr/lib/x86_64-linux-gnu/libGLX_mesa.so.0.0.0
7f554b9e1000-7f554bbe0000 ---p 00072000 08:08 1973267                    /usr/lib/x86_64-linux-gnu/libGLX_mesa.so.0.0.0
7f554bbe0000-7f554bbe3000 r--p 00071000 08:08 1973267                    /usr/lib/x86_64-linux-gnu/libGLX_mesa.so.0.0.0
7f554bbe3000-7f554bbe4000 rw-p 00074000 08:08 1973267                    /usr/lib/x86_64-linux-gnu/libGLX_mesa.so.0.0.0
7f554bbe4000-7f554bbe5000 rw-p 00000000 00:00 0 
7f554bbe5000-7f554bbe9000 r-xp 00000000 08:08 1975099                    /usr/lib/x86_64-linux-gnu/libuuid.so.1.3.0
7f554bbe9000-7f554bde8000 ---p 00004000 08:08 1975099                    /usr/lib/x86_64-linux-gnu/libuuid.so.1.3.0
7f554bde8000-7f554bde9000 r--p 00003000 08:08 1975099                    /usr/lib/x86_64-linux-gnu/libuuid.so.1.3.0
7f554bde9000-7f554bdea000 rw-p 00004000 08:08 1975099                    /usr/lib/x86_64-linux-gnu/libuuid.so.1.3.0
7f554bdea000-7f554bdfd000 r-xp 00000000 08:08 1973672                    /usr/lib/x86_64-linux-gnu/libbsd.so.0.8.3
7f554bdfd000-7f554bffd000 ---p 00013000 08:08 1973672                    /usr/lib/x86_64-linux-gnu/libbsd.so.0.8.3
7f554bffd000-7f554bffe000 r--p 00013000 08:08 1973672                    /usr/lib/x86_64-linux-gnu/libbsd.so.0.8.3
7f554bffe000-7f554bfff000 rw-p 00014000 08:08 1973672                    /usr/lib/x86_64-linux-gnu/libbsd.so.0.8.3
7f554bfff000-7f554c000000 rw-p 00000000 00:00 0 
7f554c000000-7f554d8d4000 rw-p 00000000 00:00 0 
7f554d8d4000-7f5550000000 ---p 00000000 00:00 0 
7f5550000000-7f5550001000 rw-s 00000000 00:18 1667                       /i915 (deleted)
7f5550001000-7f5550002000 rw-s 00000000 00:18 1666                       /i915 (deleted)
7f5550002000-7f5550007000 rw-s 00000000 00:18 1733                       /i915 (deleted)
7f5550007000-7f555000c000 rw-s 00000000 00:18 1671                       /i915 (deleted)
7f555000c000-7f5550057000 r--p 00000000 08:08 2491715                    /usr/share/fonts/truetype/noto/NotoSans-Regular.ttf
7f5550057000-7f555005a000 ---p 00000000 00:00 0 
7f555005a000-7f5550158000 rw-p 00000000 00:00 0 
7f5550158000-7f555015f000 r-xp 00000000 08:08 1973762                    /usr/lib/x86_64-linux-gnu/libdatrie.so.1.3.3
7f555015f000-7f555035e000 ---p 00007000 08:08 1973762                    /usr/lib/x86_64-linux-gnu/libdatrie.so.1.3.3
7f555035e000-7f555035f000 r--p 00006000 08:08 1973762                    /usr/lib/x86_64-linux-gnu/libdatrie.so.1.3.3
7f555035f000-7f5550360000 rw-p 00007000 08:08 1973762                    /usr/lib/x86_64-linux-gnu/libdatrie.so.1.3.3
7f5550360000-7f555038b000 r-xp 00000000 08:08 1974207                    /usr/lib/x86_64-linux-gnu/libgraphite2.so.3.0.1
7f555038b000-7f555058a000 ---p 0002b000 08:08 1974207                    /usr/lib/x86_64-linux-gnu/libgraphite2.so.3.0.1
7f555058a000-7f555058c000 r--p 0002a000 08:08 1974207                    /usr/lib/x86_64-linux-gnu/libgraphite2.so.3.0.1
7f555058c000-7f555058d000 rw-p 0002c000 08:08 1974207                    /usr/lib/x86_64-linux-gnu/libgraphite2.so.3.0.1
7f555058d000-7f55505ce000 r-xp 00000000 08:08 1973657                    /usr/lib/x86_64-linux-gnu/libblkid.so.1.1.0
7f55505ce000-7f55507cd000 ---p 00041000 08:08 1973657                    /usr/lib/x86_64-linux-gnu/libblkid.so.1.1.0
7f55507cd000-7f55507d1000 r--p 00040000 08:08 1973657                    /usr/lib/x86_64-linux-gnu/libblkid.so.1.1.0
7f55507d1000-7f55507d2000 rw-p 00044000 08:08 1973657                    /usr/lib/x86_64-linux-gnu/libblkid.so.1.1.0
7f55507d2000-7f55507d3000 rw-p 00000000 00:00 0 
7f55507d3000-7f55507d8000 r-xp 00000000 08:08 1973532                    /usr/lib/x86_64-linux-gnu/libXdmcp.so.6.0.0
7f55507d8000-7f55509d7000 ---p 00005000 08:08 1973532                    /usr/lib/x86_64-linux-gnu/libXdmcp.so.6.0.0
7f55509d7000-7f55509d8000 r--p 00004000 08:08 1973532                    /usr/lib/x86_64-linux-gnu/libXdmcp.so.6.0.0
7f55509d8000-7f55509d9000 rw-p 00005000 08:08 1973532                    /usr/lib/x86_64-linux-gnu/libXdmcp.so.6.0.0
7f55509d9000-7f55509dc000 r-xp 00000000 08:08 1973521                    /usr/lib/x86_64-linux-gnu/libXau.so.6.0.0
7f55509dc000-7f5550bdb000 ---p 00003000 08:08 1973521                    /usr/lib/x86_64-linux-gnu/libXau.so.6.0.0
7f5550bdb000-7f5550bdc000 r--p 00002000 08:08 1973521                    /usr/lib/x86_64-linux-gnu/libXau.so.6.0.0
7f5550bdc000-7f5550bdd000 rw-p 00003000 08:08 1973521                    /usr/lib/x86_64-linux-gnu/libXau.so.6.0.0
7f5550bdd000-7f5550c4d000 r-xp 00000000 08:08 1973269                    /usr/lib/x86_64-linux-gnu/libGLdispatch.so.0.0.0
7f5550c4d000-7f5550e4d000 ---p 00070000 08:08 1973269                    /usr/lib/x86_64-linux-gnu/libGLdispatch.so.0.0.0
7f5550e4d000-7f5550e76000 r--p 00070000 08:08 1973269                    /usr/lib/x86_64-linux-gnu/libGLdispatch.so.0.0.0
7f5550e76000-7f5550e77000 rw-p 00099000 08:08 1973269                    /usr/lib/x86_64-linux-gnu/libGLdispatch.so.0.0.0
7f5550e77000-7f5550e97000 rw-p 00000000 00:00 0 
7f5550e97000-7f5550ea7000 r-xp 00000000 08:08 1973264                    /usr/lib/x86_64-linux-gnu/libGLX.so.0.0.0
7f5550ea7000-7f55510a7000 ---p 00010000 08:08 1973264                    /usr/lib/x86_64-linux-gnu/libGLX.so.0.0.0
7f55510a7000-7f55510a8000 r--p 00010000 08:08 1973264                    /usr/lib/x86_64-linux-gnu/libGLX.so.0.0.0
7f55510a8000-7f55510a9000 rw-p 00011000 08:08 1973264                    /usr/lib/x86_64-linux-gnu/libGLX.so.0.0.0
7f55510a9000-7f55510c9000 rw-p 00000000 00:00 0 
7f55510c9000-7f555113b000 r-xp 00000000 08:08 1974757                    /usr/lib/x86_64-linux-gnu/libpcre.so.3.13.3
7f555113b000-7f555133a000 ---p 00072000 08:08 1974757                    /usr/lib/x86_64-linux-gnu/libpcre.so.3.13.3
7f555133a000-7f555133b000 r--p 00071000 08:08 1974757                    /usr/lib/x86_64-linux-gnu/libpcre.so.3.13.3
7f555133b000-7f555133c000 rw-p 00072000 08:08 1974757                    /usr/lib/x86_64-linux-gnu/libpcre.so.3.13.3
7f555133c000-7f5551363000 r-xp 00000000 08:08 1973918                    /usr/lib/x86_64-linux-gnu/libexpat.so.1.6.2
7f5551363000-7f5551563000 ---p 00027000 08:08 1973918                    /usr/lib/x86_64-linux-gnu/libexpat.so.1.6.2
7f5551563000-7f5551565000 r--p 00027000 08:08 1973918                    /usr/lib/x86_64-linux-gnu/libexpat.so.1.6.2
7f5551565000-7f5551566000 rw-p 00029000 08:08 1973918                    /usr/lib/x86_64-linux-gnu/libexpat.so.1.6.2
7f5551566000-7f555156d000 r-xp 00000000 08:08 1973938                    /usr/lib/x86_64-linux-gnu/libffi.so.6.0.4
7f555156d000-7f555176d000 ---p 00007000 08:08 1973938                    /usr/lib/x86_64-linux-gnu/libffi.so.6.0.4
7f555176d000-7f555176e000 r--p 00007000 08:08 1973938                    /usr/lib/x86_64-linux-gnu/libffi.so.6.0.4
7f555176e000-7f555176f000 rw-p 00008000 08:08 1973938                    /usr/lib/x86_64-linux-gnu/libffi.so.6.0.4
7f555176f000-7f5551777000 r-xp 00000000 08:08 1975032                    /usr/lib/x86_64-linux-gnu/libthai.so.0.3.0
7f5551777000-7f5551977000 ---p 00008000 08:08 1975032                    /usr/lib/x86_64-linux-gnu/libthai.so.0.3.0
7f5551977000-7f5551978000 r--p 00008000 08:08 1975032                    /usr/lib/x86_64-linux-gnu/libthai.so.0.3.0
7f5551978000-7f5551979000 rw-p 00009000 08:08 1975032                    /usr/lib/x86_64-linux-gnu/libthai.so.0.3.0
7f5551979000-7f5551a0c000 r-xp 00000000 08:08 1974304                    /usr/lib/x86_64-linux-gnu/libharfbuzz.so.0.10400.2
7f5551a0c000-7f5551c0b000 ---p 00093000 08:08 1974304                    /usr/lib/x86_64-linux-gnu/libharfbuzz.so.0.10400.2
7f5551c0b000-7f5551c0d000 r--p 00092000 08:08 1974304                    /usr/lib/x86_64-linux-gnu/libharfbuzz.so.0.10400.2
7f5551c0d000-7f5551c0e000 rw-p 00094000 08:08 1974304                    /usr/lib/x86_64-linux-gnu/libharfbuzz.so.0.10400.2
7f5551c0e000-7f5551c58000 r-xp 00000000 08:08 1974545                    /usr/lib/x86_64-linux-gnu/libmount.so.1.1.0
7f5551c58000-7f5551e58000 ---p 0004a000 08:08 1974545                    /usr/lib/x86_64-linux-gnu/libmount.so.1.1.0
7f5551e58000-7f5551e59000 r--p 0004a000 08:08 1974545                    /usr/lib/x86_64-linux-gnu/libmount.so.1.1.0
7f5551e59000-7f5551e5a000 rw-p 0004b000 08:08 1974545                    /usr/lib/x86_64-linux-gnu/libmount.so.1.1.0
7f5551e5a000-7f5551e5c000 rw-p 00000000 00:00 0 
7f5551e5c000-7f5551e70000 r-xp 00000000 08:08 1974883                    /usr/lib/x86_64-linux-gnu/libresolv-2.24.so
7f5551e70000-7f555206f000 ---p 00014000 08:08 1974883                    /usr/lib/x86_64-linux-gnu/libresolv-2.24.so
7f555206f000-7f5552070000 r--p 00013000 08:08 1974883                    /usr/lib/x86_64-linux-gnu/libresolv-2.24.so
7f5552070000-7f5552071000 rw-p 00014000 08:08 1974883                    /usr/lib/x86_64-linux-gnu/libresolv-2.24.so
7f5552071000-7f5552073000 rw-p 00000000 00:00 0 
7f5552073000-7f5552098000 r-xp 00000000 08:08 1974931                    /usr/lib/x86_64-linux-gnu/libselinux.so.1
7f5552098000-7f5552297000 ---p 00025000 08:08 1974931                    /usr/lib/x86_64-linux-gnu/libselinux.so.1
7f5552297000-7f5552298000 r--p 00024000 08:08 1974931                    /usr/lib/x86_64-linux-gnu/libselinux.so.1
7f5552298000-7f5552299000 rw-p 00025000 08:08 1974931                    /usr/lib/x86_64-linux-gnu/libselinux.so.1
7f5552299000-7f555229b000 rw-p 00000000 00:00 0 
7f555229b000-7f55522a7000 r-xp 00000000 08:08 1975214                    /usr/lib/x86_64-linux-gnu/libxcb-render.so.0.0.0
7f55522a7000-7f55524a7000 ---p 0000c000 08:08 1975214                    /usr/lib/x86_64-linux-gnu/libxcb-render.so.0.0.0
7f55524a7000-7f55524a8000 r--p 0000c000 08:08 1975214                    /usr/lib/x86_64-linux-gnu/libxcb-render.so.0.0.0
7f55524a8000-7f55524a9000 rw-p 0000d000 08:08 1975214                    /usr/lib/x86_64-linux-gnu/libxcb-render.so.0.0.0
7f55524a9000-7f55524d0000 r-xp 00000000 08:08 1975232                    /usr/lib/x86_64-linux-gnu/libxcb.so.1.1.0
7f55524d0000-7f55526cf000 ---p 00027000 08:08 1975232                    /usr/lib/x86_64-linux-gnu/libxcb.so.1.1.0
7f55526cf000-7f55526d0000 r--p 00026000 08:08 1975232                    /usr/lib/x86_64-linux-gnu/libxcb.so.1.1.0
7f55526d0000-7f55526d1000 rw-p 00027000 08:08 1975232                    /usr/lib/x86_64-linux-gnu/libxcb.so.1.1.0
7f55526d1000-7f55526d3000 r-xp 00000000 08:08 1975218                    /usr/lib/x86_64-linux-gnu/libxcb-shm.so.0.0.0
7f55526d3000-7f55528d3000 ---p 00002000 08:08 1975218                    /usr/lib/x86_64-linux-gnu/libxcb-shm.so.0.0.0
7f55528d3000-7f55528d4000 r--p 00002000 08:08 1975218                    /usr/lib/x86_64-linux-gnu/libxcb-shm.so.0.0.0
7f55528d4000-7f55528d5000 rw-p 00003000 08:08 1975218                    /usr/lib/x86_64-linux-gnu/libxcb-shm.so.0.0.0
7f55528d5000-7f5552906000 r-xp 00000000 08:08 1974804                    /usr/lib/x86_64-linux-gnu/libpng16.so.16.28.0
7f5552906000-7f5552b06000 ---p 00031000 08:08 1974804                    /usr/lib/x86_64-linux-gnu/libpng16.so.16.28.0
7f5552b06000-7f5552b07000 r--p 00031000 08:08 1974804                    /usr/lib/x86_64-linux-gnu/libpng16.so.16.28.0
7f5552b07000-7f5552b08000 rw-p 00032000 08:08 1974804                    /usr/lib/x86_64-linux-gnu/libpng16.so.16.28.0
7f5552b08000-7f5552ba6000 r-xp 00000000 08:08 1974787                    /usr/lib/x86_64-linux-gnu/libpixman-1.so.0.34.0
7f5552ba6000-7f5552da6000 ---p 0009e000 08:08 1974787                    /usr/lib/x86_64-linux-gnu/libpixman-1.so.0.34.0
7f5552da6000-7f5552dae000 r--p 0009e000 08:08 1974787                    /usr/lib/x86_64-linux-gnu/libpixman-1.so.0.34.0
7f5552dae000-7f5552daf000 rw-p 000a6000 08:08 1974787                    /usr/lib/x86_64-linux-gnu/libpixman-1.so.0.34.0
7f5552daf000-7f5552dc0000 r-xp 00000000 08:08 1973534                    /usr/lib/x86_64-linux-gnu/libXext.so.6.4.0
7f5552dc0000-7f5552fbf000 ---p 00011000 08:08 1973534                    /usr/lib/x86_64-linux-gnu/libXext.so.6.4.0
7f5552fbf000-7f5552fc0000 r--p 00010000 08:08 1973534                    /usr/lib/x86_64-linux-gnu/libXext.so.6.4.0
7f5552fc0000-7f5552fc1000 rw-p 00011000 08:08 1973534                    /usr/lib/x86_64-linux-gnu/libXext.so.6.4.0
7f5552fc1000-7f5552fcb000 r-xp 00000000 08:08 1973528                    /usr/lib/x86_64-linux-gnu/libXcursor.so.1.0.2
7f5552fcb000-7f55531ca000 ---p 0000a000 08:08 1973528                    /usr/lib/x86_64-linux-gnu/libXcursor.so.1.0.2
7f55531ca000-7f55531cb000 r--p 00009000 08:08 1973528                    /usr/lib/x86_64-linux-gnu/libXcursor.so.1.0.2
7f55531cb000-7f55531cc000 rw-p 0000a000 08:08 1973528                    /usr/lib/x86_64-linux-gnu/libXcursor.so.1.0.2
7f55531cc000-7f55531d6000 r-xp 00000000 08:08 1973554                    /usr/lib/x86_64-linux-gnu/libXrandr.so.2.2.0
7f55531d6000-7f55533d5000 ---p 0000a000 08:08 1973554                    /usr/lib/x86_64-linux-gnu/libXrandr.so.2.2.0
7f55533d5000-7f55533d6000 r--p 00009000 08:08 1973554                    /usr/lib/x86_64-linux-gnu/libXrandr.so.2.2.0
7f55533d6000-7f55533d7000 rw-p 0000a000 08:08 1973554                    /usr/lib/x86_64-linux-gnu/libXrandr.so.2.2.0
7f55533d7000-7f55533e6000 r-xp 00000000 08:08 1973544                    /usr/lib/x86_64-linux-gnu/libXi.so.6.1.0
7f55533e6000-7f55535e5000 ---p 0000f000 08:08 1973544                    /usr/lib/x86_64-linux-gnu/libXi.so.6.1.0
7f55535e5000-7f55535e6000 r--p 0000e000 08:08 1973544                    /usr/lib/x86_64-linux-gnu/libXi.so.6.1.0
7f55535e6000-7f55535e7000 rw-p 0000f000 08:08 1973544                    /usr/lib/x86_64-linux-gnu/libXi.so.6.1.0
7f55535e7000-7f55535e9000 r-xp 00000000 08:08 1973546                    /usr/lib/x86_64-linux-gnu/libXinerama.so.1.0.0
7f55535e9000-7f55537e8000 ---p 00002000 08:08 1973546                    /usr/lib/x86_64-linux-gnu/libXinerama.so.1.0.0
7f55537e8000-7f55537e9000 r--p 00001000 08:08 1973546                    /usr/lib/x86_64-linux-gnu/libXinerama.so.1.0.0
7f55537e9000-7f55537ea000 rw-p 00002000 08:08 1973546                    /usr/lib/x86_64-linux-gnu/libXinerama.so.1.0.0
7f55537ea000-7f55537f3000 r-xp 00000000 08:08 1973556                    /usr/lib/x86_64-linux-gnu/libXrender.so.1.3.0
7f55537f3000-7f55539f2000 ---p 00009000 08:08 1973556                    /usr/lib/x86_64-linux-gnu/libXrender.so.1.3.0
7f55539f2000-7f55539f3000 r--p 00008000 08:08 1973556                    /usr/lib/x86_64-linux-gnu/libXrender.so.1.3.0
7f55539f3000-7f55539f4000 rw-p 00009000 08:08 1973556                    /usr/lib/x86_64-linux-gnu/libXrender.so.1.3.0
7f55539f4000-7f55539f9000 r-xp 00000000 08:08 1973536                    /usr/lib/x86_64-linux-gnu/libXfixes.so.3.1.0
7f55539f9000-7f5553bf8000 ---p 00005000 08:08 1973536                    /usr/lib/x86_64-linux-gnu/libXfixes.so.3.1.0
7f5553bf8000-7f5553bf9000 r--p 00004000 08:08 1973536                    /usr/lib/x86_64-linux-gnu/libXfixes.so.3.1.0
7f5553bf9000-7f5553bfa000 rw-p 00005000 08:08 1973536                    /usr/lib/x86_64-linux-gnu/libXfixes.so.3.1.0
7f5553bfa000-7f5553bfc000 r-xp 00000000 08:08 1973530                    /usr/lib/x86_64-linux-gnu/libXdamage.so.1.1.0
7f5553bfc000-7f5553dfb000 ---p 00002000 08:08 1973530                    /usr/lib/x86_64-linux-gnu/libXdamage.so.1.1.0
7f5553dfb000-7f5553dfc000 r--p 00001000 08:08 1973530                    /usr/lib/x86_64-linux-gnu/libXdamage.so.1.1.0
7f5553dfc000-7f5553dfd000 rw-p 00002000 08:08 1973530                    /usr/lib/x86_64-linux-gnu/libXdamage.so.1.1.0
7f5553dfd000-7f5553dff000 r-xp 00000000 08:08 1973526                    /usr/lib/x86_64-linux-gnu/libXcomposite.so.1.0.0
7f5553dff000-7f5553ffe000 ---p 00002000 08:08 1973526                    /usr/lib/x86_64-linux-gnu/libXcomposite.so.1.0.0
7f5553ffe000-7f5553fff000 r--p 00001000 08:08 1973526                    /usr/lib/x86_64-linux-gnu/libXcomposite.so.1.0.0
7f5553fff000-7f5554000000 rw-p 00002000 08:08 1973526                    /usr/lib/x86_64-linux-gnu/libXcomposite.so.1.0.0
7f5554000000-7f5554021000 rw-p 00000000 00:00 0 
7f5554021000-7f5558000000 ---p 00000000 00:00 0 
7f5558000000-7f5558021000 rw-p 00000000 00:00 0 
7f5558021000-7f555c000000 ---p 00000000 00:00 0 
7f555c000000-7f555c212000 rw-p 00000000 00:00 0 
7f555c212000-7f5560000000 ---p 00000000 00:00 0 
7f5560000000-7f55603aa000 rw-p 00000000 00:00 0 
7f55603aa000-7f5564000000 ---p 00000000 00:00 0 
7f5564000000-7f5564021000 rw-p 00000000 00:00 0 
7f5564021000-7f5568000000 ---p 00000000 00:00 0 
7f5568000000-7f5568021000 rw-p 00000000 00:00 0 
7f5568021000-7f556c000000 ---p 00000000 00:00 0 
7f556c000000-7f556c021000 rw-p 00000000 00:00 0 
7f556c021000-7f5570000000 ---p 00000000 00:00 0 
7f5570000000-7f557000c000 rw-s 00000000 00:18 1673                       /i915 (deleted)
7f557000c000-7f557000e000 r--s 00000000 08:08 1590387                    /var/cache/fontconfig/4bb17da730f63117fed329ee42a5d05e-le64.cache-4
7f557000e000-7f5570012000 r--s 00000000 08:08 1572907                    /var/cache/fontconfig/0fafd173547752dce4dee1a69e0b3c95-le64.cache-4
7f5570012000-7f5570054000 r--s 00000000 08:08 1572909                    /var/cache/fontconfig/0bd3dc0958fa2205aaaa8ebb13e2872b-le64.cache-4
7f5570054000-7f5570055000 r--s 00000000 08:08 1572912                    /var/cache/fontconfig/16c2fda60d1b4b719f4b3d06fd951d25-le64.cache-4
7f5570055000-7f5570061000 r--s 00000000 08:08 1586852                    /var/cache/fontconfig/d589a48862398ed80a3d6066f4f56f4c-le64.cache-4
7f5570061000-7f5570073000 r--s 00000000 08:08 1572910                    /var/cache/fontconfig/9b89f8e3dae116d678bbf48e5f21f69b-le64.cache-4
7f5570073000-7f55701b4000 rw-s 00000000 08:09 12845132                   /home/atomx/.cache/mesa_shader_cache/index
7f55701b4000-7f55701b7000 r-xp 00000000 08:08 1974072                    /usr/lib/x86_64-linux-gnu/libgmodule-2.0.so.0.5000.3
7f55701b7000-7f55703b6000 ---p 00003000 08:08 1974072                    /usr/lib/x86_64-linux-gnu/libgmodule-2.0.so.0.5000.3
7f55703b6000-7f55703b7000 r--p 00002000 08:08 1974072                    /usr/lib/x86_64-linux-gnu/libgmodule-2.0.so.0.5000.3
7f55703b7000-7f55703b8000 rw-p 00003000 08:08 1974072                    /usr/lib/x86_64-linux-gnu/libgmodule-2.0.so.0.5000.3
7f55703b8000-7f557042d000 r-xp 00000000 08:08 1973258                    /usr/lib/x86_64-linux-gnu/libGL.so.1.7.0
7f557042d000-7f557062d000 ---p 00075000 08:08 1973258                    /usr/lib/x86_64-linux-gnu/libGL.so.1.7.0
7f557062d000-7f5570647000 r--p 00075000 08:08 1973258                    /usr/lib/x86_64-linux-gnu/libGL.so.1.7.0
7f5570647000-7f5570648000 rw-p 0008f000 08:08 1973258                    /usr/lib/x86_64-linux-gnu/libGL.so.1.7.0
7f5570648000-7f5570649000 rw-p 00000000 00:00 0 
7f5570649000-7f557064e000 r-xp 00000000 08:08 1973572                    /usr/lib/x86_64-linux-gnu/libXxf86vm.so.1.0.0
7f557064e000-7f557084d000 ---p 00005000 08:08 1973572                    /usr/lib/x86_64-linux-gnu/libXxf86vm.so.1.0.0
7f557084d000-7f557084e000 r--p 00004000 08:08 1973572                    /usr/lib/x86_64-linux-gnu/libXxf86vm.so.1.0.0
7f557084e000-7f557084f000 rw-p 00005000 08:08 1973572                    /usr/lib/x86_64-linux-gnu/libXxf86vm.so.1.0.0
7f557084f000-7f5570989000 r-xp 00000000 08:08 1973517                    /usr/lib/x86_64-linux-gnu/libX11.so.6.3.0
7f5570989000-7f5570b89000 ---p 0013a000 08:08 1973517                    /usr/lib/x86_64-linux-gnu/libX11.so.6.3.0
7f5570b89000-7f5570b8a000 r--p 0013a000 08:08 1973517                    /usr/lib/x86_64-linux-gnu/libX11.so.6.3.0
7f5570b8a000-7f5570b8f000 rw-p 0013b000 08:08 1973517                    /usr/lib/x86_64-linux-gnu/libX11.so.6.3.0
7f5570b8f000-7f5570b94000 r-xp 00000000 08:08 1973562                    /usr/lib/x86_64-linux-gnu/libXtst.so.6.1.0
7f5570b94000-7f5570d93000 ---p 00005000 08:08 1973562                    /usr/lib/x86_64-linux-gnu/libXtst.so.6.1.0
7f5570d93000-7f5570d94000 r--p 00004000 08:08 1973562                    /usr/lib/x86_64-linux-gnu/libXtst.so.6.1.0
7f5570d94000-7f5570d95000 rw-p 00005000 08:08 1973562                    /usr/lib/x86_64-linux-gnu/libXtst.so.6.1.0
7f5570d95000-7f5570ea7000 r-xp 00000000 08:08 1974060                    /usr/lib/x86_64-linux-gnu/libglib-2.0.so.0.5000.3
7f5570ea7000-7f55710a6000 ---p 00112000 08:08 1974060                    /usr/lib/x86_64-linux-gnu/libglib-2.0.so.0.5000.3
7f55710a6000-7f55710a7000 r--p 00111000 08:08 1974060                    /usr/lib/x86_64-linux-gnu/libglib-2.0.so.0.5000.3
7f55710a7000-7f55710a8000 rw-p 00112000 08:08 1974060                    /usr/lib/x86_64-linux-gnu/libglib-2.0.so.0.5000.3
7f55710a8000-7f55710a9000 rw-p 00000000 00:00 0 
7f55710a9000-7f55710aa000 r-xp 00000000 08:08 1974280                    /usr/lib/x86_64-linux-gnu/libgthread-2.0.so.0.5000.3
7f55710aa000-7f55712a9000 ---p 00001000 08:08 1974280                    /usr/lib/x86_64-linux-gnu/libgthread-2.0.so.0.5000.3
7f55712a9000-7f55712aa000 r--p 00000000 08:08 1974280                    /usr/lib/x86_64-linux-gnu/libgthread-2.0.so.0.5000.3
7f55712aa000-7f55712ab000 rw-p 00001000 08:08 1974280                    /usr/lib/x86_64-linux-gnu/libgthread-2.0.so.0.5000.3
7f55712ab000-7f5571353000 r-xp 00000000 08:08 1973996                    /usr/lib/x86_64-linux-gnu/libfreetype.so.6.12.3
7f5571353000-7f5571553000 ---p 000a8000 08:08 1973996                    /usr/lib/x86_64-linux-gnu/libfreetype.so.6.12.3
7f5571553000-7f5571559000 r--p 000a8000 08:08 1973996                    /usr/lib/x86_64-linux-gnu/libfreetype.so.6.12.3
7f5571559000-7f557155a000 rw-p 000ae000 08:08 1973996                    /usr/lib/x86_64-linux-gnu/libfreetype.so.6.12.3
7f557155a000-7f5571596000 r-xp 00000000 08:08 1973982                    /usr/lib/x86_64-linux-gnu/libfontconfig.so.1.8.0
7f5571596000-7f5571795000 ---p 0003c000 08:08 1973982                    /usr/lib/x86_64-linux-gnu/libfontconfig.so.1.8.0
7f5571795000-7f5571797000 r--p 0003b000 08:08 1973982                    /usr/lib/x86_64-linux-gnu/libfontconfig.so.1.8.0
7f5571797000-7f5571798000 rw-p 0003d000 08:08 1973982                    /usr/lib/x86_64-linux-gnu/libfontconfig.so.1.8.0
7f5571798000-7f55717ea000 r-xp 00000000 08:08 1974112                    /usr/lib/x86_64-linux-gnu/libgobject-2.0.so.0.5000.3
7f55717ea000-7f55719e9000 ---p 00052000 08:08 1974112                    /usr/lib/x86_64-linux-gnu/libgobject-2.0.so.0.5000.3
7f55719e9000-7f55719ea000 r--p 00051000 08:08 1974112                    /usr/lib/x86_64-linux-gnu/libgobject-2.0.so.0.5000.3
7f55719ea000-7f55719eb000 rw-p 00052000 08:08 1974112                    /usr/lib/x86_64-linux-gnu/libgobject-2.0.so.0.5000.3
7f55719eb000-7f5571a34000 r-xp 00000000 08:08 1974732                    /usr/lib/x86_64-linux-gnu/libpango-1.0.so.0.4000.5
7f5571a34000-7f5571c33000 ---p 00049000 08:08 1974732                    /usr/lib/x86_64-linux-gnu/libpango-1.0.so.0.4000.5
7f5571c33000-7f5571c36000 r--p 00048000 08:08 1974732                    /usr/lib/x86_64-linux-gnu/libpango-1.0.so.0.4000.5
7f5571c36000-7f5571c37000 rw-p 0004b000 08:08 1974732                    /usr/lib/x86_64-linux-gnu/libpango-1.0.so.0.4000.5
7f5571c37000-7f5571c4b000 r-xp 00000000 08:08 1974736                    /usr/lib/x86_64-linux-gnu/libpangoft2-1.0.so.0.4000.5
7f5571c4b000-7f5571e4b000 ---p 00014000 08:08 1974736                    /usr/lib/x86_64-linux-gnu/libpangoft2-1.0.so.0.4000.5
7f5571e4b000-7f5571e4c000 r--p 00014000 08:08 1974736                    /usr/lib/x86_64-linux-gnu/libpangoft2-1.0.so.0.4000.5
7f5571e4c000-7f5571e4d000 rw-p 00015000 08:08 1974736                    /usr/lib/x86_64-linux-gnu/libpangoft2-1.0.so.0.4000.5
7f5571e4d000-7f5571fda000 r-xp 00000000 08:08 1974048                    /usr/lib/x86_64-linux-gnu/libgio-2.0.so.0.5000.3
7f5571fda000-7f55721da000 ---p 0018d000 08:08 1974048                    /usr/lib/x86_64-linux-gnu/libgio-2.0.so.0.5000.3
7f55721da000-7f55721df000 r--p 0018d000 08:08 1974048                    /usr/lib/x86_64-linux-gnu/libgio-2.0.so.0.5000.3
7f55721df000-7f55721e2000 rw-p 00192000 08:08 1974048                    /usr/lib/x86_64-linux-gnu/libgio-2.0.so.0.5000.3
7f55721e2000-7f55721e3000 rw-p 00000000 00:00 0 
7f55721e3000-7f5572205000 r-xp 00000000 08:08 1974034                    /usr/lib/x86_64-linux-gnu/libgdk_pixbuf-2.0.so.0.3600.5
7f5572205000-7f5572405000 ---p 00022000 08:08 1974034                    /usr/lib/x86_64-linux-gnu/libgdk_pixbuf-2.0.so.0.3600.5
7f5572405000-7f5572406000 r--p 00022000 08:08 1974034                    /usr/lib/x86_64-linux-gnu/libgdk_pixbuf-2.0.so.0.3600.5
7f5572406000-7f5572407000 rw-p 00023000 08:08 1974034                    /usr/lib/x86_64-linux-gnu/libgdk_pixbuf-2.0.so.0.3600.5
7f5572407000-7f5572515000 r-xp 00000000 08:08 1973694                    /usr/lib/x86_64-linux-gnu/libcairo.so.2.11400.8
7f5572515000-7f5572715000 ---p 0010e000 08:08 1973694                    /usr/lib/x86_64-linux-gnu/libcairo.so.2.11400.8
7f5572715000-7f5572718000 r--p 0010e000 08:08 1973694                    /usr/lib/x86_64-linux-gnu/libcairo.so.2.11400.8
7f5572718000-7f5572719000 rw-p 00111000 08:08 1973694                    /usr/lib/x86_64-linux-gnu/libcairo.so.2.11400.8
7f5572719000-7f557271b000 rw-p 00000000 00:00 0 
7f557271b000-7f557273e000 r-xp 00000000 08:08 1973616                    /usr/lib/x86_64-linux-gnu/libatk-1.0.so.0.22209.1
7f557273e000-7f557293d000 ---p 00023000 08:08 1973616                    /usr/lib/x86_64-linux-gnu/libatk-1.0.so.0.22209.1
7f557293d000-7f5572940000 r--p 00022000 08:08 1973616                    /usr/lib/x86_64-linux-gnu/libatk-1.0.so.0.22209.1
7f5572940000-7f5572941000 rw-p 00025000 08:08 1973616                    /usr/lib/x86_64-linux-gnu/libatk-1.0.so.0.22209.1
7f5572941000-7f557294d000 r-xp 00000000 08:08 1974734                    /usr/lib/x86_64-linux-gnu/libpangocairo-1.0.so.0.4000.5
7f557294d000-7f5572b4c000 ---p 0000c000 08:08 1974734                    /usr/lib/x86_64-linux-gnu/libpangocairo-1.0.so.0.4000.5
7f5572b4c000-7f5572b4d000 r--p 0000b000 08:08 1974734                    /usr/lib/x86_64-linux-gnu/libpangocairo-1.0.so.0.4000.5
7f5572b4d000-7f5572b4e000 rw-p 0000c000 08:08 1974734                    /usr/lib/x86_64-linux-gnu/libpangocairo-1.0.so.0.4000.5
7f5572b4e000-7f5572bfe000 r-xp 00000000 08:08 1974032                    /usr/lib/x86_64-linux-gnu/libgdk-x11-2.0.so.0.2400.31
7f5572bfe000-7f5572dfd000 ---p 000b0000 08:08 1974032                    /usr/lib/x86_64-linux-gnu/libgdk-x11-2.0.so.0.2400.31
7f5572dfd000-7f5572e01000 r--p 000af000 08:08 1974032                    /usr/lib/x86_64-linux-gnu/libgdk-x11-2.0.so.0.2400.31
7f5572e01000-7f5572e03000 rw-p 000b3000 08:08 1974032                    /usr/lib/x86_64-linux-gnu/libgdk-x11-2.0.so.0.2400.31
7f5572e03000-7f5573243000 r-xp 00000000 08:08 1974286                    /usr/lib/x86_64-linux-gnu/libgtk-x11-2.0.so.0.2400.31
7f5573243000-7f5573442000 ---p 00440000 08:08 1974286                    /usr/lib/x86_64-linux-gnu/libgtk-x11-2.0.so.0.2400.31
7f5573442000-7f5573449000 r--p 0043f000 08:08 1974286                    /usr/lib/x86_64-linux-gnu/libgtk-x11-2.0.so.0.2400.31
7f5573449000-7f557344d000 rw-p 00446000 08:08 1974286                    /usr/lib/x86_64-linux-gnu/libgtk-x11-2.0.so.0.2400.31
7f557344d000-7f5573450000 rw-p 00000000 00:00 0 
7f5573450000-7f557345c000 r-xp 00000000 08:08 1717405                    /usr/lib/jvm/java-8-openjdk-amd64/jre/lib/amd64/libprism_es2.so
7f557345c000-7f557365b000 ---p 0000c000 08:08 1717405                    /usr/lib/jvm/java-8-openjdk-amd64/jre/lib/amd64/libprism_es2.so
7f557365b000-7f557365c000 r--p 0000b000 08:08 1717405                    /usr/lib/jvm/java-8-openjdk-amd64/jre/lib/amd64/libprism_es2.so
7f557365c000-7f557365d000 rw-p 0000c000 08:08 1717405                    /usr/lib/jvm/java-8-openjdk-amd64/jre/lib/amd64/libprism_es2.so
7f557365d000-7f5573660000 ---p 00000000 00:00 0 
7f5573660000-7f557375e000 rw-p 00000000 00:00 0 
7f557375e000-7f557375f000 ---p 00000000 00:00 0 
7f557375f000-7f557385f000 rw-p 00000000 00:00 0 
7f557385f000-7f5573862000 ---p 00000000 00:00 0 
7f5573862000-7f5573960000 rw-p 00000000 00:00 0 
7f5573960000-7f5573963000 ---p 00000000 00:00 0 
7f5573963000-7f5573a61000 rw-p 00000000 00:00 0 
7f5573a61000-7f5573a64000 ---p 00000000 00:00 0 
7f5573a64000-7f5573b62000 rw-p 00000000 00:00 0 
7f5573b62000-7f5573b65000 ---p 00000000 00:00 0 
7f5573b65000-7f5573c63000 rw-p 00000000 00:00 0 
7f5573c63000-7f5573dfe000 r--p 00000000 08:08 1711771                    /usr/lib/locale/locale-archive
7f5573dfe000-7f5573e01000 ---p 00000000 00:00 0 
7f5573e01000-7f5573eff000 rw-p 00000000 00:00 0 
7f5573eff000-7f5573f02000 ---p 00000000 00:00 0 
7f5573f02000-7f5574000000 rw-p 00000000 00:00 0 
7f5574000000-7f5574021000 rw-p 00000000 00:00 0 
7f5574021000-7f5578000000 ---p 00000000 00:00 0 
7f5578000000-7f5578021000 rw-p 00000000 00:00 0 
7f5578021000-7f557c000000 ---p 00000000 00:00 0 
7f557c000000-7f557c021000 rw-p 00000000 00:00 0 
7f557c021000-7f5580000000 ---p 00000000 00:00 0 
7f5580000000-7f5580006000 r--s 00000000 08:08 1572928                    /var/cache/fontconfig/3047814df9a2f067bd2d96a2b9c36e5a-le64.cache-4
7f5580006000-7f5580009000 r--s 00000000 08:08 1572923                    /var/cache/fontconfig/47e67d79d01846c7b6efd6b4f03a6092-le64.cache-4
7f5580009000-7f558000c000 r--s 00000000 08:08 1590385                    /var/cache/fontconfig/bf6ddb0059d58ea573e04b43f868001f-le64.cache-4
7f558000c000-7f558000f000 r--s 00000000 08:08 1572931                    /var/cache/fontconfig/e13b20fdb08344e0e664864cc2ede53d-le64.cache-4
7f558000f000-7f5580027000 r--s 0021f000 08:09 12980592                   /home/atomx/Desktop/My-Libraries/Java/MySQL-Connector/mysql-connector-java-8.0.17.jar
7f5580027000-7f558002b000 rw-s 00000000 00:18 1606                       /i915 (deleted)
7f558002b000-7f5580030000 rw-s 00000000 00:18 1604                       /i915 (deleted)
7f5580030000-7f55800c6000 r--s 007ce000 08:08 2654625                    /usr/share/java/openjfx/jre/lib/ext/jfxrt.jar
7f55800c6000-7f55800c7000 ---p 00000000 00:00 0 
7f55800c7000-7f5585000000 rw-p 00000000 00:00 0 
7f5585000000-7f5585610000 rwxp 00000000 00:00 0 
7f5585610000-7f5594000000 ---p 00000000 00:00 0 
7f5594000000-7f5594279000 rw-p 00000000 00:00 0 
7f5594279000-7f5598000000 ---p 00000000 00:00 0 
7f5598000000-7f5598001000 r--s 00000000 08:08 1590384                    /var/cache/fontconfig/2736766d4907c6828b9382ebdbe3064b-le64.cache-4
7f5598001000-7f5598005000 rw-s 00000000 00:18 1616                       /i915 (deleted)
7f5598005000-7f5598009000 rw-s 00000000 00:18 1259                       /i915 (deleted)
7f5598009000-7f559800e000 rw-s 00000000 00:18 1064                       /i915 (deleted)
7f559800e000-7f5598029000 r--s 001d6000 08:08 1715183                    /usr/lib/jvm/java-8-openjdk-amd64/jre/lib/ext/nashorn.jar
7f5598029000-7f5598044000 r--s 00394000 08:08 1715178                    /usr/lib/jvm/java-8-openjdk-amd64/jre/lib/ext/cldrdata.jar
7f5598044000-7f55980d4000 rw-p 00000000 00:00 0 
7f55980d4000-7f55982a3000 r--s 03c33000 08:08 1715207                    /usr/lib/jvm/java-8-openjdk-amd64/jre/lib/rt.jar
7f55982a3000-7f55986ec000 rw-p 00000000 00:00 0 
7f55986ec000-7f55986ed000 ---p 00000000 00:00 0 
7f55986ed000-7f55987ed000 rw-p 00000000 00:00 0 
7f55987ed000-7f55987ee000 ---p 00000000 00:00 0 
7f55987ee000-7f5598918000 rw-p 00000000 00:00 0 
7f5598918000-7f5598b7b000 ---p 00000000 00:00 0 
7f5598b7b000-7f5598ba5000 rw-p 00000000 00:00 0 
7f5598ba5000-7f5598e07000 ---p 00000000 00:00 0 
7f5598e07000-7f5598e2c000 rw-p 00000000 00:00 0 
7f5598e2c000-7f5598f4e000 ---p 00000000 00:00 0 
7f5598f4e000-7f5598f68000 rw-p 00000000 00:00 0 
7f5598f68000-7f559930f000 ---p 00000000 00:00 0 
7f559930f000-7f5599317000 r-xp 00000000 08:08 1715164                    /usr/lib/jvm/java-8-openjdk-amd64/jre/lib/amd64/libzip.so
7f5599317000-7f5599516000 ---p 00008000 08:08 1715164                    /usr/lib/jvm/java-8-openjdk-amd64/jre/lib/amd64/libzip.so
7f5599516000-7f5599517000 r--p 00007000 08:08 1715164                    /usr/lib/jvm/java-8-openjdk-amd64/jre/lib/amd64/libzip.so
7f5599517000-7f5599518000 rw-p 00008000 08:08 1715164                    /usr/lib/jvm/java-8-openjdk-amd64/jre/lib/amd64/libzip.so
7f5599518000-7f5599522000 r-xp 00000000 08:08 1974648                    /usr/lib/x86_64-linux-gnu/libnss_files-2.24.so
7f5599522000-7f5599722000 ---p 0000a000 08:08 1974648                    /usr/lib/x86_64-linux-gnu/libnss_files-2.24.so
7f5599722000-7f5599723000 r--p 0000a000 08:08 1974648                    /usr/lib/x86_64-linux-gnu/libnss_files-2.24.so
7f5599723000-7f5599724000 rw-p 0000b000 08:08 1974648                    /usr/lib/x86_64-linux-gnu/libnss_files-2.24.so
7f5599724000-7f559972a000 rw-p 00000000 00:00 0 
7f559972a000-7f5599735000 r-xp 00000000 08:08 1974654                    /usr/lib/x86_64-linux-gnu/libnss_nis-2.24.so
7f5599735000-7f5599934000 ---p 0000b000 08:08 1974654                    /usr/lib/x86_64-linux-gnu/libnss_nis-2.24.so
7f5599934000-7f5599935000 r--p 0000a000 08:08 1974654                    /usr/lib/x86_64-linux-gnu/libnss_nis-2.24.so
7f5599935000-7f5599936000 rw-p 0000b000 08:08 1974654                    /usr/lib/x86_64-linux-gnu/libnss_nis-2.24.so
7f5599936000-7f559994a000 r-xp 00000000 08:08 1974636                    /usr/lib/x86_64-linux-gnu/libnsl-2.24.so
7f559994a000-7f5599b4a000 ---p 00014000 08:08 1974636                    /usr/lib/x86_64-linux-gnu/libnsl-2.24.so
7f5599b4a000-7f5599b4b000 r--p 00014000 08:08 1974636                    /usr/lib/x86_64-linux-gnu/libnsl-2.24.so
7f5599b4b000-7f5599b4c000 rw-p 00015000 08:08 1974636                    /usr/lib/x86_64-linux-gnu/libnsl-2.24.so
7f5599b4c000-7f5599b4e000 rw-p 00000000 00:00 0 
7f5599b4e000-7f5599b55000 r-xp 00000000 08:08 1974642                    /usr/lib/x86_64-linux-gnu/libnss_compat-2.24.so
7f5599b55000-7f5599d54000 ---p 00007000 08:08 1974642                    /usr/lib/x86_64-linux-gnu/libnss_compat-2.24.so
7f5599d54000-7f5599d55000 r--p 00006000 08:08 1974642                    /usr/lib/x86_64-linux-gnu/libnss_compat-2.24.so
7f5599d55000-7f5599d56000 rw-p 00007000 08:08 1974642                    /usr/lib/x86_64-linux-gnu/libnss_compat-2.24.so
7f5599d56000-7f5599d83000 r-xp 00000000 08:08 1715145                    /usr/lib/jvm/java-8-openjdk-amd64/jre/lib/amd64/libjava.so
7f5599d83000-7f5599f83000 ---p 0002d000 08:08 1715145                    /usr/lib/jvm/java-8-openjdk-amd64/jre/lib/amd64/libjava.so
7f5599f83000-7f5599f84000 r--p 0002d000 08:08 1715145                    /usr/lib/jvm/java-8-openjdk-amd64/jre/lib/amd64/libjava.so
7f5599f84000-7f5599f86000 rw-p 0002e000 08:08 1715145                    /usr/lib/jvm/java-8-openjdk-amd64/jre/lib/amd64/libjava.so
7f5599f86000-7f5599f95000 r-xp 00000000 08:08 1715163                    /usr/lib/jvm/java-8-openjdk-amd64/jre/lib/amd64/libverify.so
7f5599f95000-7f559a195000 ---p 0000f000 08:08 1715163                    /usr/lib/jvm/java-8-openjdk-amd64/jre/lib/amd64/libverify.so
7f559a195000-7f559a197000 r--p 0000f000 08:08 1715163                    /usr/lib/jvm/java-8-openjdk-amd64/jre/lib/amd64/libverify.so
7f559a197000-7f559a198000 rw-p 00011000 08:08 1715163                    /usr/lib/jvm/java-8-openjdk-amd64/jre/lib/amd64/libverify.so
7f559a198000-7f559a19f000 r-xp 00000000 08:08 1974898                    /usr/lib/x86_64-linux-gnu/librt-2.24.so
7f559a19f000-7f559a39e000 ---p 00007000 08:08 1974898                    /usr/lib/x86_64-linux-gnu/librt-2.24.so
7f559a39e000-7f559a39f000 r--p 00006000 08:08 1974898                    /usr/lib/x86_64-linux-gnu/librt-2.24.so
7f559a39f000-7f559a3a0000 rw-p 00007000 08:08 1974898                    /usr/lib/x86_64-linux-gnu/librt-2.24.so
7f559a3a0000-7f559a3b6000 r-xp 00000000 08:08 1974006                    /usr/lib/x86_64-linux-gnu/libgcc_s.so.1
7f559a3b6000-7f559a5b5000 ---p 00016000 08:08 1974006                    /usr/lib/x86_64-linux-gnu/libgcc_s.so.1
7f559a5b5000-7f559a5b6000 r--p 00015000 08:08 1974006                    /usr/lib/x86_64-linux-gnu/libgcc_s.so.1
7f559a5b6000-7f559a5b7000 rw-p 00016000 08:08 1974006                    /usr/lib/x86_64-linux-gnu/libgcc_s.so.1
7f559a5b7000-7f559a6ba000 r-xp 00000000 08:08 1974512                    /usr/lib/x86_64-linux-gnu/libm-2.24.so
7f559a6ba000-7f559a8b9000 ---p 00103000 08:08 1974512                    /usr/lib/x86_64-linux-gnu/libm-2.24.so
7f559a8b9000-7f559a8ba000 r--p 00102000 08:08 1974512                    /usr/lib/x86_64-linux-gnu/libm-2.24.so
7f559a8ba000-7f559a8bb000 rw-p 00103000 08:08 1974512                    /usr/lib/x86_64-linux-gnu/libm-2.24.so
7f559a8bb000-7f559aa2d000 r-xp 00000000 08:08 1975001                    /usr/lib/x86_64-linux-gnu/libstdc++.so.6.0.22
7f559aa2d000-7f559ac2d000 ---p 00172000 08:08 1975001                    /usr/lib/x86_64-linux-gnu/libstdc++.so.6.0.22
7f559ac2d000-7f559ac37000 r--p 00172000 08:08 1975001                    /usr/lib/x86_64-linux-gnu/libstdc++.so.6.0.22
7f559ac37000-7f559ac39000 rw-p 0017c000 08:08 1975001                    /usr/lib/x86_64-linux-gnu/libstdc++.so.6.0.22
7f559ac39000-7f559ac3d000 rw-p 00000000 00:00 0 
7f559ac3d000-7f559b89c000 r-xp 00000000 08:08 1715167                    /usr/lib/jvm/java-8-openjdk-amd64/jre/lib/amd64/server/libjvm.so
7f559b89c000-7f559ba9b000 ---p 00c5f000 08:08 1715167                    /usr/lib/jvm/java-8-openjdk-amd64/jre/lib/amd64/server/libjvm.so
7f559ba9b000-7f559bb2f000 r--p 00c5e000 08:08 1715167                    /usr/lib/jvm/java-8-openjdk-amd64/jre/lib/amd64/server/libjvm.so
7f559bb2f000-7f559bb58000 rw-p 00cf2000 08:08 1715167                    /usr/lib/jvm/java-8-openjdk-amd64/jre/lib/amd64/server/libjvm.so
7f559bb58000-7f559bb88000 rw-p 00000000 00:00 0 
7f559bb88000-7f559bd1d000 r-xp 00000000 08:08 1973682                    /usr/lib/x86_64-linux-gnu/libc-2.24.so
7f559bd1d000-7f559bf1d000 ---p 00195000 08:08 1973682                    /usr/lib/x86_64-linux-gnu/libc-2.24.so
7f559bf1d000-7f559bf21000 r--p 00195000 08:08 1973682                    /usr/lib/x86_64-linux-gnu/libc-2.24.so
7f559bf21000-7f559bf23000 rw-p 00199000 08:08 1973682                    /usr/lib/x86_64-linux-gnu/libc-2.24.so
7f559bf23000-7f559bf27000 rw-p 00000000 00:00 0 
7f559bf27000-7f559bf2a000 r-xp 00000000 08:08 1973821                    /usr/lib/x86_64-linux-gnu/libdl-2.24.so
7f559bf2a000-7f559c129000 ---p 00003000 08:08 1973821                    /usr/lib/x86_64-linux-gnu/libdl-2.24.so
7f559c129000-7f559c12a000 r--p 00002000 08:08 1973821                    /usr/lib/x86_64-linux-gnu/libdl-2.24.so
7f559c12a000-7f559c12b000 rw-p 00003000 08:08 1973821                    /usr/lib/x86_64-linux-gnu/libdl-2.24.so
7f559c12b000-7f559c138000 r-xp 00000000 08:08 1715131                    /usr/lib/jvm/java-8-openjdk-amd64/jre/lib/amd64/jli/libjli.so
7f559c138000-7f559c338000 ---p 0000d000 08:08 1715131                    /usr/lib/jvm/java-8-openjdk-amd64/jre/lib/amd64/jli/libjli.so
7f559c338000-7f559c339000 r--p 0000d000 08:08 1715131                    /usr/lib/jvm/java-8-openjdk-amd64/jre/lib/amd64/jli/libjli.so
7f559c339000-7f559c33a000 rw-p 0000e000 08:08 1715131                    /usr/lib/jvm/java-8-openjdk-amd64/jre/lib/amd64/jli/libjli.so
7f559c33a000-7f559c353000 r-xp 00000000 08:08 1975262                    /usr/lib/x86_64-linux-gnu/libz.so.1.2.8
7f559c353000-7f559c552000 ---p 00019000 08:08 1975262                    /usr/lib/x86_64-linux-gnu/libz.so.1.2.8
7f559c552000-7f559c553000 r--p 00018000 08:08 1975262                    /usr/lib/x86_64-linux-gnu/libz.so.1.2.8
7f559c553000-7f559c554000 rw-p 00019000 08:08 1975262                    /usr/lib/x86_64-linux-gnu/libz.so.1.2.8
7f559c554000-7f559c56c000 r-xp 00000000 08:08 1974838                    /usr/lib/x86_64-linux-gnu/libpthread-2.24.so
7f559c56c000-7f559c76b000 ---p 00018000 08:08 1974838                    /usr/lib/x86_64-linux-gnu/libpthread-2.24.so
7f559c76b000-7f559c76c000 r--p 00017000 08:08 1974838                    /usr/lib/x86_64-linux-gnu/libpthread-2.24.so
7f559c76c000-7f559c76d000 rw-p 00018000 08:08 1974838                    /usr/lib/x86_64-linux-gnu/libpthread-2.24.so
7f559c76d000-7f559c771000 rw-p 00000000 00:00 0 
7f559c771000-7f559c794000 r-xp 00000000 08:08 1973230                    /usr/lib/x86_64-linux-gnu/ld-2.24.so
7f559c794000-7f559c795000 r--s 00008000 08:09 13369446                   /home/atomx/.eclipse/org.eclipse.platform_4.12.0_1473617060_linux_gtk_x86_64/plugins/org.eclipse.fx.ide.css.jfx8_3.5.0.201902220800.jar
7f559c796000-7f559c797000 rwxp 00000000 00:00 0 
7f559c797000-7f559c79b000 rw-s 00000000 00:18 1530                       /i915 (deleted)
7f559c79b000-7f559c79e000 r--s 0000f000 08:08 1715180                    /usr/lib/jvm/java-8-openjdk-amd64/jre/lib/ext/icedtea-sound.jar
7f559c79e000-7f559c7a0000 r--s 00001000 08:08 1715179                    /usr/lib/jvm/java-8-openjdk-amd64/jre/lib/ext/dnsns.jar
7f559c7a0000-7f559c7a2000 r--s 00008000 08:08 1715184                    /usr/lib/jvm/java-8-openjdk-amd64/jre/lib/ext/sunec.jar
7f559c7a2000-7f559c7a8000 r--s 0003b000 08:08 1715185                    /usr/lib/jvm/java-8-openjdk-amd64/jre/lib/ext/sunjce_provider.jar
7f559c7a8000-7f559c7aa000 r--s 00007000 08:08 2654545                    /usr/share/java/java-atk-wrapper.jar
7f559c7aa000-7f559c875000 rw-p 00000000 00:00 0 
7f559c875000-7f559c878000 ---p 00000000 00:00 0 
7f559c878000-7f559c978000 rw-p 00000000 00:00 0 
7f559c978000-7f559c979000 r--s 00010000 08:08 1715187                    /usr/lib/jvm/java-8-openjdk-amd64/jre/lib/ext/zipfs.jar
7f559c979000-7f559c97a000 r--s 0000a000 08:08 1715181                    /usr/lib/jvm/java-8-openjdk-amd64/jre/lib/ext/jaccess.jar
7f559c97a000-7f559c97d000 r--s 00038000 08:08 1715186                    /usr/lib/jvm/java-8-openjdk-amd64/jre/lib/ext/sunpkcs11.jar
7f559c97d000-7f559c987000 r--s 00116000 08:08 1715182                    /usr/lib/jvm/java-8-openjdk-amd64/jre/lib/ext/localedata.jar
7f559c987000-7f559c98f000 rw-s 00000000 08:08 2116000                    /tmp/hsperfdata_atomx/12255
7f559c98f000-7f559c990000 rw-p 00000000 00:00 0 
7f559c990000-7f559c991000 r--p 00000000 00:00 0 
7f559c991000-7f559c994000 rw-p 00000000 00:00 0 
7f559c994000-7f559c995000 r--p 00023000 08:08 1973230                    /usr/lib/x86_64-linux-gnu/ld-2.24.so
7f559c995000-7f559c996000 rw-p 00024000 08:08 1973230                    /usr/lib/x86_64-linux-gnu/ld-2.24.so
7f559c996000-7f559c997000 rw-p 00000000 00:00 0 
7fffa7eb0000-7fffa7ed1000 rw-p 00000000 00:00 0                          [stack]
7fffa7ede000-7fffa7ee1000 r--p 00000000 00:00 0                          [vvar]
7fffa7ee1000-7fffa7ee3000 r-xp 00000000 00:00 0                          [vdso]
ffffffffff600000-ffffffffff601000 r-xp 00000000 00:00 0                  [vsyscall]

VM Arguments:
jvm_args: -Dfile.encoding=UTF-8 
java_command: application.Main
java_class_path (initial): /home/atomx/eclipse-workspace/Library/bin:/home/atomx/Desktop/My-Libraries/Java/JavaFX/jfxrt.jar:/home/atomx/Desktop/My-Libraries/Java/MySQL-Connector/mysql-connector-java-8.0.17.jar:/home/atomx/.eclipse/org.eclipse.platform_4.12.0_1473617060_linux_gtk_x86_64/plugins/org.eclipse.fx.ide.css.jfx8_3.5.0.201902220800.jar
Launcher Type: SUN_STANDARD

Environment Variables:
PATH=/usr/local/bin:/usr/bin:/bin:/usr/local/games:/usr/games:/sbin:/usr/sbin
SHELL=/bin/bash
DISPLAY=:0

Signal Handlers:
SIGSEGV: [libjvm.so+0xa74b40], sa_mask[0]=11111111011111111101111111111110, sa_flags=SA_RESTART|SA_SIGINFO
SIGBUS: [libjvm.so+0xa74b40], sa_mask[0]=11111111011111111101111111111110, sa_flags=SA_RESTART|SA_SIGINFO
SIGFPE: [libjvm.so+0x8bd510], sa_mask[0]=11111111011111111101111111111110, sa_flags=SA_RESTART|SA_SIGINFO
SIGPIPE: SIG_IGN, sa_mask[0]=00000000000010000000000000000000, sa_flags=SA_RESTART
SIGXFSZ: [libjvm.so+0x8bd510], sa_mask[0]=11111111011111111101111111111110, sa_flags=SA_RESTART|SA_SIGINFO
SIGILL: [libjvm.so+0x8bd510], sa_mask[0]=11111111011111111101111111111110, sa_flags=SA_RESTART|SA_SIGINFO
SIGUSR1: SIG_DFL, sa_mask[0]=00000000000000000000000000000000, sa_flags=none
SIGUSR2: [libjvm.so+0x8bd3c0], sa_mask[0]=00100000000000000000000000000000, sa_flags=SA_RESTART|SA_SIGINFO
SIGHUP: SIG_IGN, sa_mask[0]=00000000000000000000000000000000, sa_flags=none
SIGINT: [libjvm.so+0x8bd870], sa_mask[0]=11111111011111111101111111111110, sa_flags=SA_RESTART|SA_SIGINFO
SIGTERM: [libjvm.so+0x8bd870], sa_mask[0]=11111111011111111101111111111110, sa_flags=SA_RESTART|SA_SIGINFO
SIGQUIT: [libjvm.so+0x8bd870], sa_mask[0]=11111111011111111101111111111110, sa_flags=SA_RESTART|SA_SIGINFO


---------------  S Y S T E M  ---------------

OS:DISTRIB_ID=Deepin
DISTRIB_RELEASE="15.11"
DISTRIB_DESCRIPTION="Deepin 15.11 "
DISTRIB_CODENAME=stable

uname:Linux 4.15.0-30deepin-generic #31 SMP Fri Nov 30 04:29:02 UTC 2018 x86_64
libc:glibc 2.24 NPTL 2.24 
rlimit: STACK 8192k, CORE 0k, NPROC 30921, NOFILE 1048576, AS infinity
load average:1.05 1.09 1.22

/proc/meminfo:
MemTotal:        8018944 kB
MemFree:         1645768 kB
MemAvailable:    3910580 kB
Buffers:          365844 kB
Cached:          2392408 kB
SwapCached:            0 kB
Active:          3984328 kB
Inactive:        1468296 kB
Active(anon):    2695980 kB
Inactive(anon):   373184 kB
Active(file):    1288348 kB
Inactive(file):  1095112 kB
Unevictable:          96 kB
Mlocked:              96 kB
SwapTotal:       2097148 kB
SwapFree:        2097148 kB
Dirty:               756 kB
Writeback:             0 kB
AnonPages:       2694636 kB
Mapped:          1122856 kB
Shmem:            374632 kB
Slab:             263736 kB
SReclaimable:     191416 kB
SUnreclaim:        72320 kB
KernelStack:       14000 kB
PageTables:        50812 kB
NFS_Unstable:          0 kB
Bounce:                0 kB
WritebackTmp:          0 kB
CommitLimit:     6106620 kB
Committed_AS:    9638544 kB
VmallocTotal:   34359738367 kB
VmallocUsed:           0 kB
VmallocChunk:          0 kB
HardwareCorrupted:     0 kB
AnonHugePages:      2048 kB
ShmemHugePages:        0 kB
ShmemPmdMapped:        0 kB
CmaTotal:              0 kB
CmaFree:               0 kB
HugePages_Total:       0
HugePages_Free:        0
HugePages_Rsvd:        0
HugePages_Surp:        0
Hugepagesize:       2048 kB
DirectMap4k:      414652 kB
DirectMap2M:     7823360 kB


CPU:total 2 (initial active 2) (2 cores per cpu, 1 threads per core) family 6 model 76 stepping 4, cmov, cx8, fxsr, mmx, sse, sse2, sse3, ssse3, sse4.1, sse4.2, popcnt, aes, clmul, erms, 3dnowpref, tsc, tscinvbit

/proc/cpuinfo:
processor	: 0
vendor_id	: GenuineIntel
cpu family	: 6
model		: 76
model name	: Intel(R) Celeron(R) CPU  N3010  @ 1.04GHz
stepping	: 4
microcode	: 0x404
cpu MHz		: 2240.000
cache size	: 1024 KB
physical id	: 0
siblings	: 2
core id		: 0
cpu cores	: 2
apicid		: 0
initial apicid	: 0
fpu		: yes
fpu_exception	: yes
cpuid level	: 11
wp		: yes
flags		: fpu vme de pse tsc msr pae mce cx8 apic sep mtrr pge mca cmov pat pse36 clflush dts acpi mmx fxsr sse sse2 ss ht tm pbe syscall nx rdtscp lm constant_tsc arch_perfmon pebs bts rep_good nopl xtopology tsc_reliable nonstop_tsc cpuid aperfmperf tsc_known_freq pni pclmulqdq dtes64 monitor ds_cpl vmx est tm2 ssse3 cx16 xtpr pdcm sse4_1 sse4_2 movbe popcnt tsc_deadline_timer aes rdrand lahf_lm 3dnowprefetch epb pti tpr_shadow vnmi flexpriority ept vpid tsc_adjust smep erms dtherm ida arat
bugs		: cpu_meltdown spectre_v1 spectre_v2
bogomips	: 2080.00
clflush size	: 64
cache_alignment	: 64
address sizes	: 36 bits physical, 48 bits virtual
power management:

processor	: 1
vendor_id	: GenuineIntel
cpu family	: 6
model		: 76
model name	: Intel(R) Celeron(R) CPU  N3010  @ 1.04GHz
stepping	: 4
microcode	: 0x404
cpu MHz		: 2062.350
cache size	: 1024 KB
physical id	: 0
siblings	: 2
core id		: 2
cpu cores	: 2
apicid		: 4
initial apicid	: 4
fpu		: yes
fpu_exception	: yes
cpuid level	: 11
wp		: yes
flags		: fpu vme de pse tsc msr pae mce cx8 apic sep mtrr pge mca cmov pat pse36 clflush dts acpi mmx fxsr sse sse2 ss ht tm pbe syscall nx rdtscp lm constant_tsc arch_perfmon pebs bts rep_good nopl xtopology tsc_reliable nonstop_tsc cpuid aperfmperf tsc_known_freq pni pclmulqdq dtes64 monitor ds_cpl vmx est tm2 ssse3 cx16 xtpr pdcm sse4_1 sse4_2 movbe popcnt tsc_deadline_timer aes rdrand lahf_lm 3dnowprefetch epb pti tpr_shadow vnmi flexpriority ept vpid tsc_adjust smep erms dtherm ida arat
bugs		: cpu_meltdown spectre_v1 spectre_v2
bogomips	: 2080.00
clflush size	: 64
cache_alignment	: 64
address sizes	: 36 bits physical, 48 bits virtual
power management:



Memory: 4k page, physical 8018944k(1645768k free), swap 2097148k(2097148k free)

vm_info: OpenJDK 64-Bit Server VM (25.181-b13) for linux-amd64 JRE (1.8.0_181-8u181-b13-2~deb9u1-b13), built on Oct 22 2018 18:05:23 by "pbuilder" with gcc 6.3.0 20170516

time: Sat Aug 31 12:43:36 2019
elapsed time: 13 seconds (0d 0h 0m 13s)

