#
# A fatal error has been detected by the Java Runtime Environment:
#
#  SIGSEGV (0xb) at pc=0x00007f24f085c07d, pid=26202, tid=0x00007f249dcbb700
#
# JRE version: OpenJDK Runtime Environment (8.0_181-b13) (build 1.8.0_181-8u181-b13-2~deb9u1-b13)
# Java VM: OpenJDK 64-Bit Server VM (25.181-b13 mixed mode linux-amd64 compressed oops)
# Problematic frame:
# V  [libjvm.so+0x68107d]
#
# Failed to write core dump. Core dumps have been disabled. To enable core dumping, try "ulimit -c unlimited" before starting Java again
#
# If you would like to submit a bug report, please visit:
#   http://bugreport.java.com/bugreport/crash.jsp
#

---------------  T H R E A D  ---------------

Current thread (0x00007f24e827b800):  JavaThread "JavaFX Application Thread" [_thread_in_vm, id=26222, stack(0x00007f249dbbb000,0x00007f249dcbc000)]

siginfo: si_signo: 11 (SIGSEGV), si_code: 128 (SI_KERNEL), si_addr: 0x0000000000000000

Registers:
RAX=0x0000000000000000, RBX=0x00007f24e827b800, RCX=0x00007f24e8238788, RDX=0x732f78666176616a
RSP=0x00007f249dcba230, RBP=0x00007f249dcba3b0, RSI=0x00007f249dcba3d0, RDI=0x00007f24e827b9e0
R8 =0x00007f249dcba400, R9 =0x00007f24e827b800, R10=0x00007f2490000bd0, R11=0x00007f24d9520d80
R12=0x00007f24e827b9e0, R13=0x00007f24e827b800, R14=0x00007f249dcba490, R15=0x732f78666176616a
RIP=0x00007f24f085c07d, EFLAGS=0x0000000000010206, CSGSFS=0x002b000000000033, ERR=0x0000000000000000
  TRAPNO=0x000000000000000d

Top of Stack: (sp=0x00007f249dcba230)
0x00007f249dcba230:   00007f249dcba340 00007f24f08431d3
0x00007f249dcba240:   00007f24ed646070 00007f249dcba280
0x00007f249dcba250:   00007f240000000e 00007f24e827b9e0
0x00007f249dcba260:   00007f249dcba270 00007f249dcba3d0
0x00007f249dcba270:   00007f24ed5a7cc0 00007f24e827b800
0x00007f249dcba280:   00007f24ed5a7cc0 00007f24e827b800
0x00007f249dcba290:   00007f24e827af10 00007f24bc044fe0
0x00007f249dcba2a0:   00007f24bc044ff0 00007f24bc0453c8
0x00007f249dcba2b0:   00000000000003d8 00007f24e827af50
0x00007f249dcba2c0:   00007f24ed5a7cc0 00007f24e827b800
0x00007f249dcba2d0:   00000000ed59dc30 00000000d9038c50
0x00007f249dcba2e0:   0000000000000000 00007f24d9017e1b
0x00007f249dcba2f0:   00007f24ed5a7cc0 00007f24e827b800
0x00007f249dcba300:   0000000000000000 00000000d9082038
0x00007f249dcba310:   00007f240000006f 00007f240000000a
0x00007f249dcba320:   00000000da2d8510 00007f2400000000
0x00007f249dcba330:   00007f249dcba420 00007f249dcba3e0
0x00007f249dcba340:   00007f249dcba4d0 0000000100000180
0x00007f249dcba350:   0000000000000002 00007f249dcba308
0x00007f249dcba360:   00007f249dcba349 0000000800000005
0x00007f249dcba370:   00007f2400000000 45b3e931bd6eb500
0x00007f249dcba380:   00007f249dcba390 00007f24e827b800
0x00007f249dcba390:   00007f24e827b9e0 00007f24e8238788
0x00007f249dcba3a0:   00007f249dcba490 732f78666176616a
0x00007f249dcba3b0:   00007f249dcba480 00007f24f085f6aa
0x00007f249dcba3c0:   000000000000ff0d 00007f249dcba400
0x00007f249dcba3d0:   000000000000000e 00007f2400000000
0x00007f249dcba3e0:   00007f24e827b800 0000000000000000
0x00007f249dcba3f0:   0000000000000067 45b3e931bd6eb500
0x00007f249dcba400:   00007f24f1045938 00007f24f1d6f7e0
0x00007f249dcba410:   00000000e825b800 00007f2400000063
0x00007f249dcba420:   0000000000000000 0000003000000018 

Instructions: (pc=0x00007f24f085c07d)
0x00007f24f085c05d:   ff 48 89 b5 b8 fe ff ff 64 48 8b 04 25 28 00 00
0x00007f24f085c06d:   00 48 89 45 c8 31 c0 48 85 d2 0f 84 3b 03 00 00
0x00007f24f085c07d:   4c 8b 32 4d 85 f6 0f 84 2f 03 00 00 49 8b b9 20
0x00007f24f085c08d:   01 00 00 48 89 cb 4d 89 c4 e8 f5 4c ff ff 4c 89 

Register to memory mapping:

RAX=0x0000000000000000 is an unknown value
RBX=0x00007f24e827b800 is a thread
RCX=0x00007f24e8238788 is an unknown value
RDX=0x732f78666176616a is an unknown value
RSP=0x00007f249dcba230 is pointing into the stack for thread: 0x00007f24e827b800
RBP=0x00007f249dcba3b0 is pointing into the stack for thread: 0x00007f24e827b800
RSI=0x00007f249dcba3d0 is pointing into the stack for thread: 0x00007f24e827b800
RDI=0x00007f24e827b9e0 is an unknown value
R8 =0x00007f249dcba400 is pointing into the stack for thread: 0x00007f24e827b800
R9 =0x00007f24e827b800 is a thread
R10=0x00007f2490000bd0 is an unknown value
R11=0x00007f24d9520d80 is at entry_point+32 in (nmethod*)0x00007f24d9520c10
R12=0x00007f24e827b9e0 is an unknown value
R13=0x00007f24e827b800 is a thread
R14=0x00007f249dcba490 is pointing into the stack for thread: 0x00007f24e827b800
R15=0x732f78666176616a is an unknown value


Stack: [0x00007f249dbbb000,0x00007f249dcbc000],  sp=0x00007f249dcba230,  free space=1020k
Native frames: (J=compiled Java code, j=interpreted, Vv=VM code, C=native code)
V  [libjvm.so+0x68107d]
V  [libjvm.so+0x6846aa]
C  [libglass.so+0x12d33]  JNIEnv_::CallVoidMethod(_jobject*, _jmethodID*, ...)+0x93
C  [libglass.so+0x1ccf6]  WindowContextBase::process_key(_GdkEventKey*)+0x226
C  [libglass.so+0x1a9c0]  WindowContextBase::im_filter_keypress(_GdkEventKey*)+0x1f0
C  [libglass.so+0x23094]
C  [libgdk-x11-2.0.so.0+0x5acbc]

Java frames: (J=compiled Java code, j=interpreted, Vv=VM code)
j  com.sun.glass.ui.gtk.GtkApplication._runLoop(Ljava/lang/Runnable;Z)V+0
j  com.sun.glass.ui.gtk.GtkApplication.lambda$null$5(Ljava/lang/Runnable;Z)V+7
j  com.sun.glass.ui.gtk.GtkApplication$$Lambda$41.run()V+12
j  java.lang.Thread.run()V+11
v  ~StubRoutines::call_stub

---------------  P R O C E S S  ---------------

Java Threads: ( => current thread )
  0x00007f24903d2000 JavaThread "Prism Font Disposer" daemon [_thread_blocked, id=26229, stack(0x00007f248c4b7000,0x00007f248c5b8000)]
  0x00007f249009f000 JavaThread "mysql-cj-abandoned-connection-cleanup" daemon [_thread_blocked, id=26225, stack(0x00007f249cfb9000,0x00007f249d0ba000)]
  0x00007f24e8282800 JavaThread "JavaFX-Launcher" [_thread_blocked, id=26224, stack(0x00007f249d178000,0x00007f249d279000)]
=>0x00007f24e827b800 JavaThread "JavaFX Application Thread" [_thread_in_vm, id=26222, stack(0x00007f249dbbb000,0x00007f249dcbc000)]
  0x00007f24e8277800 JavaThread "Thread-1" daemon [_thread_blocked, id=26221, stack(0x00007f24d400b000,0x00007f24d410c000)]
  0x00007f24e8229000 JavaThread "QuantumRenderer-0" daemon [_thread_blocked, id=26219, stack(0x00007f24d4c34000,0x00007f24d4d35000)]
  0x00007f24e80b9800 JavaThread "Service Thread" daemon [_thread_blocked, id=26217, stack(0x00007f24d4ecc000,0x00007f24d4fcd000)]
  0x00007f24e80b7000 JavaThread "C1 CompilerThread1" daemon [_thread_blocked, id=26216, stack(0x00007f24d4fcd000,0x00007f24d50ce000)]
  0x00007f24e80b4000 JavaThread "C2 CompilerThread0" daemon [_thread_blocked, id=26215, stack(0x00007f24d50ce000,0x00007f24d51cf000)]
  0x00007f24e80b2800 JavaThread "Signal Dispatcher" daemon [_thread_blocked, id=26214, stack(0x00007f24d51cf000,0x00007f24d52d0000)]
  0x00007f24e8080000 JavaThread "Finalizer" daemon [_thread_blocked, id=26213, stack(0x00007f24ec1d6000,0x00007f24ec2d7000)]
  0x00007f24e807d800 JavaThread "Reference Handler" daemon [_thread_blocked, id=26212, stack(0x00007f24ec2d7000,0x00007f24ec3d8000)]
  0x00007f24e800a800 JavaThread "main" [_thread_blocked, id=26207, stack(0x00007f24f1e13000,0x00007f24f1f14000)]

Other Threads:
  0x00007f24e8074000 VMThread [stack: 0x00007f24ec3d8000,0x00007f24ec4d9000] [id=26211]
  0x00007f24e80bc000 WatcherThread [stack: 0x00007f24d4dcb000,0x00007f24d4ecc000] [id=26218]

VM state:synchronizing (normal execution)

VM Mutex/Monitor currently owned by a thread:  ([mutex/lock_event])
[0x00007f24e8006f10] Threads_lock - owner thread: 0x00007f24e8074000

Heap:
 PSYoungGen      total 68608K, used 57902K [0x00000000d7380000, 0x00000000dbb80000, 0x0000000100000000)
  eden space 63488K, 83% used [0x00000000d7380000,0x00000000da70c2d0,0x00000000db180000)
  from space 5120K, 99% used [0x00000000db680000,0x00000000dbb7f5e0,0x00000000dbb80000)
  to   space 5120K, 0% used [0x00000000db180000,0x00000000db180000,0x00000000db680000)
 ParOldGen       total 84992K, used 2809K [0x0000000085a00000, 0x000000008ad00000, 0x00000000d7380000)
  object space 84992K, 3% used [0x0000000085a00000,0x0000000085cbe488,0x000000008ad00000)
 Metaspace       used 19587K, capacity 20304K, committed 20608K, reserved 1067008K
  class space    used 2630K, capacity 2823K, committed 2944K, reserved 1048576K

Card table byte_map: [0x00007f24ee119000,0x00007f24ee4ed000] byte_map_base: 0x00007f24edcec000

Marking Bits: (ParMarkBitMap*) 0x00007f24f11093a0
 Begin Bits: [0x00007f24d52d0000, 0x00007f24d7168000)
 End Bits:   [0x00007f24d7168000, 0x00007f24d9000000)

Polling page: 0x00007f24f1f2e000

CodeCache: size=245760Kb used=5921Kb max_used=5921Kb free=239838Kb
 bounds [0x00007f24d9000000, 0x00007f24d95d0000, 0x00007f24e8000000]
 total_blobs=2655 nmethods=1964 adapters=604
 compilation: enabled

Compilation events (10 events):
Event: 12.696 Thread 0x00007f24e80b7000 1964   !   3       com.sun.javafx.font.PrismFontFile::getAdvance (159 bytes)
Event: 12.710 Thread 0x00007f24e80b7000 nmethod 1964 0x00007f24d95c5c90 code [0x00007f24d95c5e40, 0x00007f24d95c6658]
Event: 12.710 Thread 0x00007f24e80b7000 1963       3       java.lang.Boolean::<init> (10 bytes)
Event: 12.714 Thread 0x00007f24e80b7000 nmethod 1963 0x00007f24d95c6a50 code [0x00007f24d95c6bc0, 0x00007f24d95c6d70]
Event: 12.714 Thread 0x00007f24e80b7000 1962       3       sun.text.normalizer.UTF16::isSurrogate (18 bytes)
Event: 12.716 Thread 0x00007f24e80b7000 nmethod 1962 0x00007f24d95c6e10 code [0x00007f24d95c6f80, 0x00007f24d95c7150]
Event: 12.716 Thread 0x00007f24e80b7000 1966       1       javafx.scene.text.Font::impl_getNativeFont (5 bytes)
Event: 12.716 Thread 0x00007f24e80b7000 nmethod 1966 0x00007f24d95c71d0 code [0x00007f24d95c7320, 0x00007f24d95c7430]
Event: 12.721 Thread 0x00007f24e80b7000 1967       1       com.sun.javafx.font.PrismFontFile::getDefaultAAMode (2 bytes)
Event: 12.722 Thread 0x00007f24e80b7000 nmethod 1967 0x00007f24d95c7490 code [0x00007f24d95c75e0, 0x00007f24d95c76f0]

GC Heap History (4 events):
Event: 2.230 GC heap before
{Heap before GC invocations=1 (full 0):
 PSYoungGen      total 36864K, used 31744K [0x00000000d7380000, 0x00000000d9c80000, 0x0000000100000000)
  eden space 31744K, 100% used [0x00000000d7380000,0x00000000d9280000,0x00000000d9280000)
  from space 5120K, 0% used [0x00000000d9780000,0x00000000d9780000,0x00000000d9c80000)
  to   space 5120K, 0% used [0x00000000d9280000,0x00000000d9280000,0x00000000d9780000)
 ParOldGen       total 84992K, used 0K [0x0000000085a00000, 0x000000008ad00000, 0x00000000d7380000)
  object space 84992K, 0% used [0x0000000085a00000,0x0000000085a00000,0x000000008ad00000)
 Metaspace       used 11571K, capacity 12002K, committed 12288K, reserved 1060864K
  class space    used 1353K, capacity 1517K, committed 1536K, reserved 1048576K
Event: 2.256 GC heap after
Heap after GC invocations=1 (full 0):
 PSYoungGen      total 36864K, used 5113K [0x00000000d7380000, 0x00000000dbb80000, 0x0000000100000000)
  eden space 31744K, 0% used [0x00000000d7380000,0x00000000d7380000,0x00000000d9280000)
  from space 5120K, 99% used [0x00000000d9280000,0x00000000d977e680,0x00000000d9780000)
  to   space 5120K, 0% used [0x00000000db680000,0x00000000db680000,0x00000000dbb80000)
 ParOldGen       total 84992K, used 1917K [0x0000000085a00000, 0x000000008ad00000, 0x00000000d7380000)
  object space 84992K, 2% used [0x0000000085a00000,0x0000000085bdf518,0x000000008ad00000)
 Metaspace       used 11571K, capacity 12002K, committed 12288K, reserved 1060864K
  class space    used 1353K, capacity 1517K, committed 1536K, reserved 1048576K
}
Event: 2.600 GC heap before
{Heap before GC invocations=2 (full 0):
 PSYoungGen      total 36864K, used 36857K [0x00000000d7380000, 0x00000000dbb80000, 0x0000000100000000)
  eden space 31744K, 100% used [0x00000000d7380000,0x00000000d9280000,0x00000000d9280000)
  from space 5120K, 99% used [0x00000000d9280000,0x00000000d977e680,0x00000000d9780000)
  to   space 5120K, 0% used [0x00000000db680000,0x00000000db680000,0x00000000dbb80000)
 ParOldGen       total 84992K, used 1917K [0x0000000085a00000, 0x000000008ad00000, 0x00000000d7380000)
  object space 84992K, 2% used [0x0000000085a00000,0x0000000085bdf518,0x000000008ad00000)
 Metaspace       used 12849K, capacity 13198K, committed 13568K, reserved 1060864K
  class space    used 1542K, capacity 1680K, committed 1792K, reserved 1048576K
Event: 2.614 GC heap after
Heap after GC invocations=2 (full 0):
 PSYoungGen      total 68608K, used 5117K [0x00000000d7380000, 0x00000000dbb80000, 0x0000000100000000)
  eden space 63488K, 0% used [0x00000000d7380000,0x00000000d7380000,0x00000000db180000)
  from space 5120K, 99% used [0x00000000db680000,0x00000000dbb7f5e0,0x00000000dbb80000)
  to   space 5120K, 0% used [0x00000000db180000,0x00000000db180000,0x00000000db680000)
 ParOldGen       total 84992K, used 2809K [0x0000000085a00000, 0x000000008ad00000, 0x00000000d7380000)
  object space 84992K, 3% used [0x0000000085a00000,0x0000000085cbe488,0x000000008ad00000)
 Metaspace       used 12849K, capacity 13198K, committed 13568K, reserved 1060864K
  class space    used 1542K, capacity 1680K, committed 1792K, reserved 1048576K
}

Deoptimization events (10 events):
Event: 3.643 Thread 0x00007f24e827b800 Uncommon trap: reason=class_check action=maybe_recompile pc=0x00007f24d9113960 method=java.lang.String.equals(Ljava/lang/Object;)Z @ 8
Event: 3.643 Thread 0x00007f24e827b800 Uncommon trap: reason=class_check action=maybe_recompile pc=0x00007f24d9113960 method=java.lang.String.equals(Ljava/lang/Object;)Z @ 8
Event: 3.649 Thread 0x00007f24e827b800 Uncommon trap: reason=class_check action=maybe_recompile pc=0x00007f24d9113960 method=java.lang.String.equals(Ljava/lang/Object;)Z @ 8
Event: 3.779 Thread 0x00007f24e827b800 Uncommon trap: reason=unstable_if action=reinterpret pc=0x00007f24d9395f6c method=java.lang.ClassLoader.checkName(Ljava/lang/String;)Z @ 20
Event: 4.340 Thread 0x00007f24e827b800 Uncommon trap: reason=unstable_if action=reinterpret pc=0x00007f24d93c4a64 method=jdk.internal.org.objectweb.asm.Type.getArgumentsAndReturnSizes(Ljava/lang/String;)I @ 47
Event: 5.042 Thread 0x00007f24e8229000 Uncommon trap: reason=unstable_if action=reinterpret pc=0x00007f24d944b3a0 method=java.lang.StrictMath.floorOrCeil(DDDD)D @ 115
Event: 9.753 Thread 0x00007f24e827b800 Uncommon trap: reason=unstable_if action=reinterpret pc=0x00007f24d92a2ea0 method=java.lang.CharacterData.of(I)Ljava/lang/CharacterData; @ 4
Event: 12.548 Thread 0x00007f24e827b800 Uncommon trap: reason=unstable_if action=reinterpret pc=0x00007f24d92dc41c method=sun.nio.cs.UTF_8$Decoder.decode([BII[C)I @ 30
Event: 12.606 Thread 0x00007f24e827b800 Uncommon trap: reason=unstable_if action=reinterpret pc=0x00007f24d94c7abc method=java.lang.StrictMath.floorOrCeil(DDDD)D @ 38
Event: 12.607 Thread 0x00007f24e827b800 Uncommon trap: reason=unstable_if action=reinterpret pc=0x00007f24d9556134 method=javafx.scene.Node.updateLocalToParentTransform()V @ 4

Classes redefined (0 events):
No events

Internal exceptions (10 events):
Event: 0.441 Thread 0x00007f24e800a800 Exception <a 'java/security/PrivilegedActionException'> (0x00000000d7634ef0) thrown at [/build/openjdk-8-8u181-b13/src/hotspot/src/share/vm/prims/jvm.cpp, line 1435]
Event: 0.441 Thread 0x00007f24e800a800 Exception <a 'java/security/PrivilegedActionException'> (0x00000000d76359c8) thrown at [/build/openjdk-8-8u181-b13/src/hotspot/src/share/vm/prims/jvm.cpp, line 1435]
Event: 0.441 Thread 0x00007f24e800a800 Exception <a 'java/security/PrivilegedActionException'> (0x00000000d7635bd8) thrown at [/build/openjdk-8-8u181-b13/src/hotspot/src/share/vm/prims/jvm.cpp, line 1435]
Event: 0.442 Thread 0x00007f24e800a800 Exception <a 'java/lang/NullPointerException'> (0x00000000d7637180) thrown at [/build/openjdk-8-8u181-b13/src/hotspot/src/share/vm/interpreter/linkResolver.cpp, line 1185]
Event: 2.070 Thread 0x00007f24e827b800 Exception <a 'java/lang/NullPointerException'> (0x00000000d8b46180) thrown at [/build/openjdk-8-8u181-b13/src/hotspot/src/share/vm/interpreter/linkResolver.cpp, line 1185]
Event: 2.070 Thread 0x00007f24e827b800 Exception <a 'java/lang/NullPointerException'> (0x00000000d8b46180) thrown at [/build/openjdk-8-8u181-b13/src/hotspot/src/share/vm/prims/jvm.cpp, line 1439]
Event: 2.590 Thread 0x00007f24e827b800 Exception <a 'java/lang/ArrayIndexOutOfBoundsException'> (0x00000000d9235918) thrown at [/build/openjdk-8-8u181-b13/src/hotspot/src/share/vm/runtime/sharedRuntime.cpp, line 605]
Event: 2.591 Thread 0x00007f24e827b800 Exception <a 'java/lang/ArrayIndexOutOfBoundsException'> (0x00000000d9236618) thrown at [/build/openjdk-8-8u181-b13/src/hotspot/src/share/vm/runtime/sharedRuntime.cpp, line 605]
Event: 2.592 Thread 0x00007f24e827b800 Exception <a 'java/lang/ArrayIndexOutOfBoundsException'> (0x00000000d92379c0) thrown at [/build/openjdk-8-8u181-b13/src/hotspot/src/share/vm/runtime/sharedRuntime.cpp, line 605]
Event: 3.341 Thread 0x00007f24e827b800 Implicit null exception at 0x00007f24d9354f75 to 0x00007f24d9355191

Events (10 events):
Event: 12.597 loading class javafx/scene/Node$MiscProperties$9$1
Event: 12.597 loading class javafx/scene/Node$MiscProperties$9$1 done
Event: 12.606 Thread 0x00007f24e827b800 Uncommon trap: trap_request=0xffffff65 fr.pc=0x00007f24d94c7abc
Event: 12.606 Thread 0x00007f24e827b800 DEOPT PACKING pc=0x00007f24d94c7abc sp=0x00007f249dcb87d0
Event: 12.606 Thread 0x00007f24e827b800 DEOPT UNPACKING pc=0x00007f24d904547a sp=0x00007f249dcb8718 mode 2
Event: 12.607 Thread 0x00007f24e827b800 Uncommon trap: trap_request=0xffffff65 fr.pc=0x00007f24d9556134
Event: 12.607 Thread 0x00007f24e827b800 DEOPT PACKING pc=0x00007f24d9556134 sp=0x00007f249dcb8480
Event: 12.607 Thread 0x00007f24e827b800 DEOPT UNPACKING pc=0x00007f24d904547a sp=0x00007f249dcb8400 mode 2
Event: 12.726 loading class com/sun/javafx/scene/KeyboardShortcutsHandler$1
Event: 12.726 loading class com/sun/javafx/scene/KeyboardShortcutsHandler$1 done


Dynamic libraries:
85a00000-8ad00000 rw-p 00000000 00:00 0 
8ad00000-d7380000 ---p 00000000 00:00 0 
d7380000-dbb80000 rw-p 00000000 00:00 0 
dbb80000-100000000 ---p 00000000 00:00 0 
100000000-1002e0000 rw-p 00000000 00:00 0 
1002e0000-140000000 ---p 00000000 00:00 0 
5606cfd99000-5606cfd9a000 r-xp 00000000 08:08 1715118                    /usr/lib/jvm/java-8-openjdk-amd64/jre/bin/java
5606cff99000-5606cff9a000 r--p 00000000 08:08 1715118                    /usr/lib/jvm/java-8-openjdk-amd64/jre/bin/java
5606cff9a000-5606cff9b000 rw-p 00001000 08:08 1715118                    /usr/lib/jvm/java-8-openjdk-amd64/jre/bin/java
5606d065c000-5606d067d000 rw-p 00000000 00:00 0                          [heap]
7f248ba2f000-7f248ba30000 rw-s 1031ea000 00:06 344                       /dev/dri/card0
7f248ba30000-7f248ba31000 rw-s 1004cd000 00:06 344                       /dev/dri/card0
7f248bb31000-7f248bc71000 rw-p 00000000 00:00 0 
7f248bc71000-7f248bd31000 ---p 00000000 00:00 0 
7f248bd31000-7f248bd41000 rw-s 00000000 00:18 191                        /i915 (deleted)
7f248bd41000-7f248bd45000 rw-s 00000000 00:18 187                        /i915 (deleted)
7f248bd45000-7f248bda5000 rw-s 104a2a000 00:06 344                       /dev/dri/card0
7f248bda5000-7f248bf65000 rw-s 1063e3000 00:06 344                       /dev/dri/card0
7f248bf65000-7f248bfc5000 rw-s 104f76000 00:06 344                       /dev/dri/card0
7f248bfc5000-7f248bfd3000 rw-s 106732000 00:06 344                       /dev/dri/card0
7f248bfd3000-7f248bfd7000 rw-s 00000000 00:18 172                        /i915 (deleted)
7f248bfd7000-7f248c197000 rw-s 104b9f000 00:06 344                       /dev/dri/card0
7f248c197000-7f248c1a7000 rw-s 00000000 00:18 173                        /i915 (deleted)
7f248c1a7000-7f248c1b7000 rw-s 00000000 00:18 162                        /i915 (deleted)
7f248c1b7000-7f248c4b7000 rw-s 10156d000 00:06 344                       /dev/dri/card0
7f248c4b7000-7f248c4ba000 ---p 00000000 00:00 0 
7f248c4ba000-7f248c7b8000 rw-p 00000000 00:00 0 
7f248c7b8000-7f248c7e8000 r-xp 00000000 08:08 1973152                    /usr/lib/x86_64-linux-gnu/gtk-2.0/2.10.0/engines/libmurrine.so
7f248c7e8000-7f248c9e8000 ---p 00030000 08:08 1973152                    /usr/lib/x86_64-linux-gnu/gtk-2.0/2.10.0/engines/libmurrine.so
7f248c9e8000-7f248c9e9000 r--p 00030000 08:08 1973152                    /usr/lib/x86_64-linux-gnu/gtk-2.0/2.10.0/engines/libmurrine.so
7f248c9e9000-7f248c9ea000 rw-p 00031000 08:08 1973152                    /usr/lib/x86_64-linux-gnu/gtk-2.0/2.10.0/engines/libmurrine.so
7f248c9ea000-7f248c9ec000 r-xp 00000000 08:08 1973145                    /usr/lib/x86_64-linux-gnu/gtk-2.0/2.10.0/engines/libadwaita.so
7f248c9ec000-7f248cbec000 ---p 00002000 08:08 1973145                    /usr/lib/x86_64-linux-gnu/gtk-2.0/2.10.0/engines/libadwaita.so
7f248cbec000-7f248cbed000 r--p 00002000 08:08 1973145                    /usr/lib/x86_64-linux-gnu/gtk-2.0/2.10.0/engines/libadwaita.so
7f248cbed000-7f248cbee000 rw-p 00003000 08:08 1973145                    /usr/lib/x86_64-linux-gnu/gtk-2.0/2.10.0/engines/libadwaita.so
7f248cbee000-7f248cbf8000 r-xp 00000000 08:08 1973153                    /usr/lib/x86_64-linux-gnu/gtk-2.0/2.10.0/engines/libpixmap.so
7f248cbf8000-7f248cdf7000 ---p 0000a000 08:08 1973153                    /usr/lib/x86_64-linux-gnu/gtk-2.0/2.10.0/engines/libpixmap.so
7f248cdf7000-7f248cdf8000 r--p 00009000 08:08 1973153                    /usr/lib/x86_64-linux-gnu/gtk-2.0/2.10.0/engines/libpixmap.so
7f248cdf8000-7f248cdf9000 rw-p 0000a000 08:08 1973153                    /usr/lib/x86_64-linux-gnu/gtk-2.0/2.10.0/engines/libpixmap.so
7f248cdf9000-7f248cdfe000 r-xp 00000000 08:08 1717399                    /usr/lib/jvm/java-8-openjdk-amd64/jre/lib/amd64/libjavafx_font_freetype.so
7f248cdfe000-7f248cffd000 ---p 00005000 08:08 1717399                    /usr/lib/jvm/java-8-openjdk-amd64/jre/lib/amd64/libjavafx_font_freetype.so
7f248cffd000-7f248cffe000 r--p 00004000 08:08 1717399                    /usr/lib/jvm/java-8-openjdk-amd64/jre/lib/amd64/libjavafx_font_freetype.so
7f248cffe000-7f248cfff000 rw-p 00005000 08:08 1717399                    /usr/lib/jvm/java-8-openjdk-amd64/jre/lib/amd64/libjavafx_font_freetype.so
7f248cfff000-7f2490000000 rw-p 00000000 00:00 0 
7f2490000000-7f2490579000 rw-p 00000000 00:00 0 
7f2490579000-7f2494000000 ---p 00000000 00:00 0 
7f2494000000-7f2494021000 rw-p 00000000 00:00 0 
7f2494021000-7f2498000000 ---p 00000000 00:00 0 
7f2498000000-7f2498021000 rw-p 00000000 00:00 0 
7f2498021000-7f249c000000 ---p 00000000 00:00 0 
7f249c000000-7f249c001000 rw-s 104634000 00:06 344                       /dev/dri/card0
7f249c001000-7f249c002000 rw-s 10620d000 00:06 344                       /dev/dri/card0
7f249c002000-7f249c003000 rw-s 00000000 00:18 155                        /i915 (deleted)
7f249c003000-7f249c008000 rw-s 00000000 00:18 170                        /i915 (deleted)
7f249c008000-7f249c00d000 rw-s 00000000 00:18 160                        /i915 (deleted)
7f249c00d000-7f249c019000 rw-s 00000000 00:18 27                         /i915 (deleted)
7f249c019000-7f249c02c000 r--s 00346000 08:08 1715206                    /usr/lib/jvm/java-8-openjdk-amd64/jre/lib/resources.jar
7f249c02c000-7f249c073000 r--p 00000000 08:08 2491713                    /usr/share/fonts/truetype/noto/NotoSans-BoldItalic.ttf
7f249c073000-7f249c0be000 r--p 00000000 08:08 2491715                    /usr/share/fonts/truetype/noto/NotoSans-Regular.ttf
7f249c0be000-7f249c0c0000 r--s 00000000 08:08 1590387                    /var/cache/fontconfig/4bb17da730f63117fed329ee42a5d05e-le64.cache-4
7f249c0c0000-7f249c102000 r--s 00000000 08:08 1572909                    /var/cache/fontconfig/0bd3dc0958fa2205aaaa8ebb13e2872b-le64.cache-4
7f249c102000-7f249c108000 r--s 00000000 08:08 1572928                    /var/cache/fontconfig/3047814df9a2f067bd2d96a2b9c36e5a-le64.cache-4
7f249c108000-7f249c114000 r--s 00000000 08:08 1586852                    /var/cache/fontconfig/d589a48862398ed80a3d6066f4f56f4c-le64.cache-4
7f249c114000-7f249c314000 rw-p 00000000 00:00 0 
7f249c314000-7f249c317000 r-xp 00000000 08:08 1717398                    /usr/lib/jvm/java-8-openjdk-amd64/jre/lib/amd64/libjavafx_font.so
7f249c317000-7f249c516000 ---p 00003000 08:08 1717398                    /usr/lib/jvm/java-8-openjdk-amd64/jre/lib/amd64/libjavafx_font.so
7f249c516000-7f249c517000 r--p 00002000 08:08 1717398                    /usr/lib/jvm/java-8-openjdk-amd64/jre/lib/amd64/libjavafx_font.so
7f249c517000-7f249c518000 rw-p 00003000 08:08 1717398                    /usr/lib/jvm/java-8-openjdk-amd64/jre/lib/amd64/libjavafx_font.so
7f249c518000-7f249c581000 r-xp 00000000 08:08 1974422                    /usr/lib/x86_64-linux-gnu/libjpeg.so.62.2.0
7f249c581000-7f249c781000 ---p 00069000 08:08 1974422                    /usr/lib/x86_64-linux-gnu/libjpeg.so.62.2.0
7f249c781000-7f249c782000 r--p 00069000 08:08 1974422                    /usr/lib/x86_64-linux-gnu/libjpeg.so.62.2.0
7f249c782000-7f249c783000 rw-p 0006a000 08:08 1974422                    /usr/lib/x86_64-linux-gnu/libjpeg.so.62.2.0
7f249c783000-7f249c787000 r--s 00000000 08:08 1572907                    /var/cache/fontconfig/0fafd173547752dce4dee1a69e0b3c95-le64.cache-4
7f249c787000-7f249c78a000 r--s 00000000 08:08 1572923                    /var/cache/fontconfig/47e67d79d01846c7b6efd6b4f03a6092-le64.cache-4
7f249c78a000-7f249c79c000 r--s 00000000 08:08 1572910                    /var/cache/fontconfig/9b89f8e3dae116d678bbf48e5f21f69b-le64.cache-4
7f249c79c000-7f249c7a0000 r-xp 00000000 08:08 1717401                    /usr/lib/jvm/java-8-openjdk-amd64/jre/lib/amd64/libjavafx_iio.so
7f249c7a0000-7f249c99f000 ---p 00004000 08:08 1717401                    /usr/lib/jvm/java-8-openjdk-amd64/jre/lib/amd64/libjavafx_iio.so
7f249c99f000-7f249c9a0000 r--p 00003000 08:08 1717401                    /usr/lib/jvm/java-8-openjdk-amd64/jre/lib/amd64/libjavafx_iio.so
7f249c9a0000-7f249c9a1000 rw-p 00004000 08:08 1717401                    /usr/lib/jvm/java-8-openjdk-amd64/jre/lib/amd64/libjavafx_iio.so
7f249c9a1000-7f249cba1000 rw-p 00000000 00:00 0 
7f249cba1000-7f249cda1000 rw-p 00000000 00:00 0 
7f249cda1000-7f249cdb8000 r-xp 00000000 08:08 1715156                    /usr/lib/jvm/java-8-openjdk-amd64/jre/lib/amd64/libnet.so
7f249cdb8000-7f249cfb7000 ---p 00017000 08:08 1715156                    /usr/lib/jvm/java-8-openjdk-amd64/jre/lib/amd64/libnet.so
7f249cfb7000-7f249cfb8000 r--p 00016000 08:08 1715156                    /usr/lib/jvm/java-8-openjdk-amd64/jre/lib/amd64/libnet.so
7f249cfb8000-7f249cfb9000 rw-p 00017000 08:08 1715156                    /usr/lib/jvm/java-8-openjdk-amd64/jre/lib/amd64/libnet.so
7f249cfb9000-7f249cfbc000 ---p 00000000 00:00 0 
7f249cfbc000-7f249d0ba000 rw-p 00000000 00:00 0 
7f249d0ba000-7f249d0d2000 r--s 0021f000 08:09 14421222                   /home/atomx/eclipse-workspace/Library/lib/mysql-connector-java-8.0.17.jar
7f249d0d2000-7f249d178000 r--s 010bb000 08:09 14421221                   /home/atomx/eclipse-workspace/Library/lib/jfxrt.jar
7f249d178000-7f249d17b000 ---p 00000000 00:00 0 
7f249d17b000-7f249d279000 rw-p 00000000 00:00 0 
7f249d279000-7f249d27a000 ---p 00000000 00:00 0 
7f249d27a000-7f249da7a000 rw-p 00000000 00:00 0 
7f249da7a000-7f249dbbb000 rw-s 00000000 08:09 12845132                   /home/atomx/.cache/mesa_shader_cache/index
7f249dbbb000-7f249dbbe000 ---p 00000000 00:00 0 
7f249dbbe000-7f249dcbc000 rw-p 00000000 00:00 0 
7f249dcbc000-7f249dce5000 r-xp 00000000 08:08 1717396                    /usr/lib/jvm/java-8-openjdk-amd64/jre/lib/amd64/libglass.so
7f249dce5000-7f249dee5000 ---p 00029000 08:08 1717396                    /usr/lib/jvm/java-8-openjdk-amd64/jre/lib/amd64/libglass.so
7f249dee5000-7f249dee6000 r--p 00029000 08:08 1717396                    /usr/lib/jvm/java-8-openjdk-amd64/jre/lib/amd64/libglass.so
7f249dee6000-7f249dee7000 rw-p 0002a000 08:08 1717396                    /usr/lib/jvm/java-8-openjdk-amd64/jre/lib/amd64/libglass.so
7f249dee7000-7f249dee8000 rw-p 00000000 00:00 0 
7f249dee8000-7f249dee9000 ---p 00000000 00:00 0 
7f249dee9000-7f249e6e9000 rw-p 00000000 00:00 0 
7f249e6e9000-7f249e82a000 rw-s 00000000 08:09 12845132                   /home/atomx/.cache/mesa_shader_cache/index
7f249e82a000-7f249e832000 r-xp 00000000 08:08 1974752                    /usr/lib/x86_64-linux-gnu/libpciaccess.so.0.11.1
7f249e832000-7f249ea32000 ---p 00008000 08:08 1974752                    /usr/lib/x86_64-linux-gnu/libpciaccess.so.0.11.1
7f249ea32000-7f249ea33000 r--p 00008000 08:08 1974752                    /usr/lib/x86_64-linux-gnu/libpciaccess.so.0.11.1
7f249ea33000-7f249ea34000 rw-p 00009000 08:08 1974752                    /usr/lib/x86_64-linux-gnu/libpciaccess.so.0.11.1
7f249ea34000-7f249ea3f000 r-xp 00000000 08:08 1973844                    /usr/lib/x86_64-linux-gnu/libdrm_radeon.so.1.0.1
7f249ea3f000-7f249ec3e000 ---p 0000b000 08:08 1973844                    /usr/lib/x86_64-linux-gnu/libdrm_radeon.so.1.0.1
7f249ec3e000-7f249ec3f000 r--p 0000a000 08:08 1973844                    /usr/lib/x86_64-linux-gnu/libdrm_radeon.so.1.0.1
7f249ec3f000-7f249ec40000 rw-p 0000b000 08:08 1973844                    /usr/lib/x86_64-linux-gnu/libdrm_radeon.so.1.0.1
7f249ec40000-7f249ec47000 r-xp 00000000 08:08 1973842                    /usr/lib/x86_64-linux-gnu/libdrm_nouveau.so.2.0.0
7f249ec47000-7f249ee46000 ---p 00007000 08:08 1973842                    /usr/lib/x86_64-linux-gnu/libdrm_nouveau.so.2.0.0
7f249ee46000-7f249ee47000 r--p 00006000 08:08 1973842                    /usr/lib/x86_64-linux-gnu/libdrm_nouveau.so.2.0.0
7f249ee47000-7f249ee48000 rw-p 00007000 08:08 1973842                    /usr/lib/x86_64-linux-gnu/libdrm_nouveau.so.2.0.0
7f249ee48000-7f249ee6b000 r-xp 00000000 08:08 1973840                    /usr/lib/x86_64-linux-gnu/libdrm_intel.so.1.0.0
7f249ee6b000-7f249f06a000 ---p 00023000 08:08 1973840                    /usr/lib/x86_64-linux-gnu/libdrm_intel.so.1.0.0
7f249f06a000-7f249f06b000 r--p 00022000 08:08 1973840                    /usr/lib/x86_64-linux-gnu/libdrm_intel.so.1.0.0
7f249f06b000-7f249f06c000 rw-p 00023000 08:08 1973840                    /usr/lib/x86_64-linux-gnu/libdrm_intel.so.1.0.0
7f249f06c000-7f249f99b000 r-xp 00000000 08:08 1972506                    /usr/lib/x86_64-linux-gnu/dri/i965_dri.so
7f249f99b000-7f249fb9a000 ---p 0092f000 08:08 1972506                    /usr/lib/x86_64-linux-gnu/dri/i965_dri.so
7f249fb9a000-7f249fbf4000 r--p 0092e000 08:08 1972506                    /usr/lib/x86_64-linux-gnu/dri/i965_dri.so
7f249fbf4000-7f249fbff000 rw-p 00988000 08:08 1972506                    /usr/lib/x86_64-linux-gnu/dri/i965_dri.so
7f249fbff000-7f249fcb2000 rw-p 00000000 00:00 0 
7f249fcb2000-7f249fcc2000 r-xp 00000000 08:08 1973836                    /usr/lib/x86_64-linux-gnu/libdrm.so.2.4.0
7f249fcc2000-7f249fec1000 ---p 00010000 08:08 1973836                    /usr/lib/x86_64-linux-gnu/libdrm.so.2.4.0
7f249fec1000-7f249fec2000 r--p 0000f000 08:08 1973836                    /usr/lib/x86_64-linux-gnu/libdrm.so.2.4.0
7f249fec2000-7f249fec3000 rw-p 00010000 08:08 1973836                    /usr/lib/x86_64-linux-gnu/libdrm.so.2.4.0
7f249fec3000-7f249fec7000 r-xp 00000000 08:08 1975194                    /usr/lib/x86_64-linux-gnu/libxcb-dri2.so.0.0.0
7f249fec7000-7f24a00c6000 ---p 00004000 08:08 1975194                    /usr/lib/x86_64-linux-gnu/libxcb-dri2.so.0.0.0
7f24a00c6000-7f24a00c7000 r--p 00003000 08:08 1975194                    /usr/lib/x86_64-linux-gnu/libxcb-dri2.so.0.0.0
7f24a00c7000-7f24a00c8000 rw-p 00004000 08:08 1975194                    /usr/lib/x86_64-linux-gnu/libxcb-dri2.so.0.0.0
7f24a00c8000-7f24a00e0000 r-xp 00000000 08:08 1975200                    /usr/lib/x86_64-linux-gnu/libxcb-glx.so.0.0.0
7f24a00e0000-7f24a02e0000 ---p 00018000 08:08 1975200                    /usr/lib/x86_64-linux-gnu/libxcb-glx.so.0.0.0
7f24a02e0000-7f24a02e2000 r--p 00018000 08:08 1975200                    /usr/lib/x86_64-linux-gnu/libxcb-glx.so.0.0.0
7f24a02e2000-7f24a02e3000 rw-p 0001a000 08:08 1975200                    /usr/lib/x86_64-linux-gnu/libxcb-glx.so.0.0.0
7f24a02e3000-7f24a02e4000 r-xp 00000000 08:08 1973515                    /usr/lib/x86_64-linux-gnu/libX11-xcb.so.1.0.0
7f24a02e4000-7f24a04e3000 ---p 00001000 08:08 1973515                    /usr/lib/x86_64-linux-gnu/libX11-xcb.so.1.0.0
7f24a04e3000-7f24a04e4000 r--p 00000000 08:08 1973515                    /usr/lib/x86_64-linux-gnu/libX11-xcb.so.1.0.0
7f24a04e4000-7f24a04e5000 rw-p 00001000 08:08 1973515                    /usr/lib/x86_64-linux-gnu/libX11-xcb.so.1.0.0
7f24a04e5000-7f24a0511000 r-xp 00000000 08:08 1974054                    /usr/lib/x86_64-linux-gnu/libglapi.so.0.0.0
7f24a0511000-7f24a0710000 ---p 0002c000 08:08 1974054                    /usr/lib/x86_64-linux-gnu/libglapi.so.0.0.0
7f24a0710000-7f24a0714000 r--p 0002b000 08:08 1974054                    /usr/lib/x86_64-linux-gnu/libglapi.so.0.0.0
7f24a0714000-7f24a0715000 rw-p 0002f000 08:08 1974054                    /usr/lib/x86_64-linux-gnu/libglapi.so.0.0.0
7f24a0715000-7f24a0716000 rw-p 00000000 00:00 0 
7f24a0716000-7f24a0717000 r-xp 00000000 08:08 1975250                    /usr/lib/x86_64-linux-gnu/libxshmfence.so.1.0.0
7f24a0717000-7f24a0916000 ---p 00001000 08:08 1975250                    /usr/lib/x86_64-linux-gnu/libxshmfence.so.1.0.0
7f24a0916000-7f24a0917000 r--p 00000000 08:08 1975250                    /usr/lib/x86_64-linux-gnu/libxshmfence.so.1.0.0
7f24a0917000-7f24a0918000 rw-p 00001000 08:08 1975250                    /usr/lib/x86_64-linux-gnu/libxshmfence.so.1.0.0
7f24a0918000-7f24a091e000 r-xp 00000000 08:08 1975220                    /usr/lib/x86_64-linux-gnu/libxcb-sync.so.1.0.0
7f24a091e000-7f24a0b1d000 ---p 00006000 08:08 1975220                    /usr/lib/x86_64-linux-gnu/libxcb-sync.so.1.0.0
7f24a0b1d000-7f24a0b1e000 r--p 00005000 08:08 1975220                    /usr/lib/x86_64-linux-gnu/libxcb-sync.so.1.0.0
7f24a0b1e000-7f24a0b1f000 rw-p 00006000 08:08 1975220                    /usr/lib/x86_64-linux-gnu/libxcb-sync.so.1.0.0
7f24a0b1f000-7f24a0b21000 r-xp 00000000 08:08 1975208                    /usr/lib/x86_64-linux-gnu/libxcb-present.so.0.0.0
7f24a0b21000-7f24a0d20000 ---p 00002000 08:08 1975208                    /usr/lib/x86_64-linux-gnu/libxcb-present.so.0.0.0
7f24a0d20000-7f24a0d21000 r--p 00001000 08:08 1975208                    /usr/lib/x86_64-linux-gnu/libxcb-present.so.0.0.0
7f24a0d21000-7f24a0d22000 rw-p 00002000 08:08 1975208                    /usr/lib/x86_64-linux-gnu/libxcb-present.so.0.0.0
7f24a0d22000-7f24a0d29000 r-xp 00000000 08:08 1975224                    /usr/lib/x86_64-linux-gnu/libxcb-xfixes.so.0.0.0
7f24a0d29000-7f24a0f28000 ---p 00007000 08:08 1975224                    /usr/lib/x86_64-linux-gnu/libxcb-xfixes.so.0.0.0
7f24a0f28000-7f24a0f29000 r--p 00006000 08:08 1975224                    /usr/lib/x86_64-linux-gnu/libxcb-xfixes.so.0.0.0
7f24a0f29000-7f24a0f2a000 rw-p 00007000 08:08 1975224                    /usr/lib/x86_64-linux-gnu/libxcb-xfixes.so.0.0.0
7f24a0f2a000-7f24a0f2c000 r-xp 00000000 08:08 1975196                    /usr/lib/x86_64-linux-gnu/libxcb-dri3.so.0.0.0
7f24a0f2c000-7f24a112b000 ---p 00002000 08:08 1975196                    /usr/lib/x86_64-linux-gnu/libxcb-dri3.so.0.0.0
7f24a112b000-7f24a112c000 r--p 00001000 08:08 1975196                    /usr/lib/x86_64-linux-gnu/libxcb-dri3.so.0.0.0
7f24a112c000-7f24a112d000 rw-p 00002000 08:08 1975196                    /usr/lib/x86_64-linux-gnu/libxcb-dri3.so.0.0.0
7f24a112d000-7f24a119f000 r-xp 00000000 08:08 1973267                    /usr/lib/x86_64-linux-gnu/libGLX_mesa.so.0.0.0
7f24a119f000-7f24a139e000 ---p 00072000 08:08 1973267                    /usr/lib/x86_64-linux-gnu/libGLX_mesa.so.0.0.0
7f24a139e000-7f24a13a1000 r--p 00071000 08:08 1973267                    /usr/lib/x86_64-linux-gnu/libGLX_mesa.so.0.0.0
7f24a13a1000-7f24a13a2000 rw-p 00074000 08:08 1973267                    /usr/lib/x86_64-linux-gnu/libGLX_mesa.so.0.0.0
7f24a13a2000-7f24a13a3000 rw-p 00000000 00:00 0 
7f24a13a3000-7f24a13a7000 r-xp 00000000 08:08 1975099                    /usr/lib/x86_64-linux-gnu/libuuid.so.1.3.0
7f24a13a7000-7f24a15a6000 ---p 00004000 08:08 1975099                    /usr/lib/x86_64-linux-gnu/libuuid.so.1.3.0
7f24a15a6000-7f24a15a7000 r--p 00003000 08:08 1975099                    /usr/lib/x86_64-linux-gnu/libuuid.so.1.3.0
7f24a15a7000-7f24a15a8000 rw-p 00004000 08:08 1975099                    /usr/lib/x86_64-linux-gnu/libuuid.so.1.3.0
7f24a15a8000-7f24a15bb000 r-xp 00000000 08:08 1973672                    /usr/lib/x86_64-linux-gnu/libbsd.so.0.8.3
7f24a15bb000-7f24a17bb000 ---p 00013000 08:08 1973672                    /usr/lib/x86_64-linux-gnu/libbsd.so.0.8.3
7f24a17bb000-7f24a17bc000 r--p 00013000 08:08 1973672                    /usr/lib/x86_64-linux-gnu/libbsd.so.0.8.3
7f24a17bc000-7f24a17bd000 rw-p 00014000 08:08 1973672                    /usr/lib/x86_64-linux-gnu/libbsd.so.0.8.3
7f24a17bd000-7f24a17be000 rw-p 00000000 00:00 0 
7f24a17be000-7f24a17c5000 r-xp 00000000 08:08 1973762                    /usr/lib/x86_64-linux-gnu/libdatrie.so.1.3.3
7f24a17c5000-7f24a19c4000 ---p 00007000 08:08 1973762                    /usr/lib/x86_64-linux-gnu/libdatrie.so.1.3.3
7f24a19c4000-7f24a19c5000 r--p 00006000 08:08 1973762                    /usr/lib/x86_64-linux-gnu/libdatrie.so.1.3.3
7f24a19c5000-7f24a19c6000 rw-p 00007000 08:08 1973762                    /usr/lib/x86_64-linux-gnu/libdatrie.so.1.3.3
7f24a19c6000-7f24a19f1000 r-xp 00000000 08:08 1974207                    /usr/lib/x86_64-linux-gnu/libgraphite2.so.3.0.1
7f24a19f1000-7f24a1bf0000 ---p 0002b000 08:08 1974207                    /usr/lib/x86_64-linux-gnu/libgraphite2.so.3.0.1
7f24a1bf0000-7f24a1bf2000 r--p 0002a000 08:08 1974207                    /usr/lib/x86_64-linux-gnu/libgraphite2.so.3.0.1
7f24a1bf2000-7f24a1bf3000 rw-p 0002c000 08:08 1974207                    /usr/lib/x86_64-linux-gnu/libgraphite2.so.3.0.1
7f24a1bf3000-7f24a1c34000 r-xp 00000000 08:08 1973657                    /usr/lib/x86_64-linux-gnu/libblkid.so.1.1.0
7f24a1c34000-7f24a1e33000 ---p 00041000 08:08 1973657                    /usr/lib/x86_64-linux-gnu/libblkid.so.1.1.0
7f24a1e33000-7f24a1e37000 r--p 00040000 08:08 1973657                    /usr/lib/x86_64-linux-gnu/libblkid.so.1.1.0
7f24a1e37000-7f24a1e38000 rw-p 00044000 08:08 1973657                    /usr/lib/x86_64-linux-gnu/libblkid.so.1.1.0
7f24a1e38000-7f24a1e39000 rw-p 00000000 00:00 0 
7f24a1e39000-7f24a1e3e000 r-xp 00000000 08:08 1973532                    /usr/lib/x86_64-linux-gnu/libXdmcp.so.6.0.0
7f24a1e3e000-7f24a203d000 ---p 00005000 08:08 1973532                    /usr/lib/x86_64-linux-gnu/libXdmcp.so.6.0.0
7f24a203d000-7f24a203e000 r--p 00004000 08:08 1973532                    /usr/lib/x86_64-linux-gnu/libXdmcp.so.6.0.0
7f24a203e000-7f24a203f000 rw-p 00005000 08:08 1973532                    /usr/lib/x86_64-linux-gnu/libXdmcp.so.6.0.0
7f24a203f000-7f24a2042000 r-xp 00000000 08:08 1973521                    /usr/lib/x86_64-linux-gnu/libXau.so.6.0.0
7f24a2042000-7f24a2241000 ---p 00003000 08:08 1973521                    /usr/lib/x86_64-linux-gnu/libXau.so.6.0.0
7f24a2241000-7f24a2242000 r--p 00002000 08:08 1973521                    /usr/lib/x86_64-linux-gnu/libXau.so.6.0.0
7f24a2242000-7f24a2243000 rw-p 00003000 08:08 1973521                    /usr/lib/x86_64-linux-gnu/libXau.so.6.0.0
7f24a2243000-7f24a22b3000 r-xp 00000000 08:08 1973269                    /usr/lib/x86_64-linux-gnu/libGLdispatch.so.0.0.0
7f24a22b3000-7f24a24b3000 ---p 00070000 08:08 1973269                    /usr/lib/x86_64-linux-gnu/libGLdispatch.so.0.0.0
7f24a24b3000-7f24a24dc000 r--p 00070000 08:08 1973269                    /usr/lib/x86_64-linux-gnu/libGLdispatch.so.0.0.0
7f24a24dc000-7f24a24dd000 rw-p 00099000 08:08 1973269                    /usr/lib/x86_64-linux-gnu/libGLdispatch.so.0.0.0
7f24a24dd000-7f24a24fd000 rw-p 00000000 00:00 0 
7f24a24fd000-7f24a250d000 r-xp 00000000 08:08 1973264                    /usr/lib/x86_64-linux-gnu/libGLX.so.0.0.0
7f24a250d000-7f24a270d000 ---p 00010000 08:08 1973264                    /usr/lib/x86_64-linux-gnu/libGLX.so.0.0.0
7f24a270d000-7f24a270e000 r--p 00010000 08:08 1973264                    /usr/lib/x86_64-linux-gnu/libGLX.so.0.0.0
7f24a270e000-7f24a270f000 rw-p 00011000 08:08 1973264                    /usr/lib/x86_64-linux-gnu/libGLX.so.0.0.0
7f24a270f000-7f24a272f000 rw-p 00000000 00:00 0 
7f24a272f000-7f24a27a1000 r-xp 00000000 08:08 1974757                    /usr/lib/x86_64-linux-gnu/libpcre.so.3.13.3
7f24a27a1000-7f24a29a0000 ---p 00072000 08:08 1974757                    /usr/lib/x86_64-linux-gnu/libpcre.so.3.13.3
7f24a29a0000-7f24a29a1000 r--p 00071000 08:08 1974757                    /usr/lib/x86_64-linux-gnu/libpcre.so.3.13.3
7f24a29a1000-7f24a29a2000 rw-p 00072000 08:08 1974757                    /usr/lib/x86_64-linux-gnu/libpcre.so.3.13.3
7f24a29a2000-7f24a29c9000 r-xp 00000000 08:08 1973918                    /usr/lib/x86_64-linux-gnu/libexpat.so.1.6.2
7f24a29c9000-7f24a2bc9000 ---p 00027000 08:08 1973918                    /usr/lib/x86_64-linux-gnu/libexpat.so.1.6.2
7f24a2bc9000-7f24a2bcb000 r--p 00027000 08:08 1973918                    /usr/lib/x86_64-linux-gnu/libexpat.so.1.6.2
7f24a2bcb000-7f24a2bcc000 rw-p 00029000 08:08 1973918                    /usr/lib/x86_64-linux-gnu/libexpat.so.1.6.2
7f24a2bcc000-7f24a2bd3000 r-xp 00000000 08:08 1973938                    /usr/lib/x86_64-linux-gnu/libffi.so.6.0.4
7f24a2bd3000-7f24a2dd3000 ---p 00007000 08:08 1973938                    /usr/lib/x86_64-linux-gnu/libffi.so.6.0.4
7f24a2dd3000-7f24a2dd4000 r--p 00007000 08:08 1973938                    /usr/lib/x86_64-linux-gnu/libffi.so.6.0.4
7f24a2dd4000-7f24a2dd5000 rw-p 00008000 08:08 1973938                    /usr/lib/x86_64-linux-gnu/libffi.so.6.0.4
7f24a2dd5000-7f24a2ddd000 r-xp 00000000 08:08 1975032                    /usr/lib/x86_64-linux-gnu/libthai.so.0.3.0
7f24a2ddd000-7f24a2fdd000 ---p 00008000 08:08 1975032                    /usr/lib/x86_64-linux-gnu/libthai.so.0.3.0
7f24a2fdd000-7f24a2fde000 r--p 00008000 08:08 1975032                    /usr/lib/x86_64-linux-gnu/libthai.so.0.3.0
7f24a2fde000-7f24a2fdf000 rw-p 00009000 08:08 1975032                    /usr/lib/x86_64-linux-gnu/libthai.so.0.3.0
7f24a2fdf000-7f24a3072000 r-xp 00000000 08:08 1974304                    /usr/lib/x86_64-linux-gnu/libharfbuzz.so.0.10400.2
7f24a3072000-7f24a3271000 ---p 00093000 08:08 1974304                    /usr/lib/x86_64-linux-gnu/libharfbuzz.so.0.10400.2
7f24a3271000-7f24a3273000 r--p 00092000 08:08 1974304                    /usr/lib/x86_64-linux-gnu/libharfbuzz.so.0.10400.2
7f24a3273000-7f24a3274000 rw-p 00094000 08:08 1974304                    /usr/lib/x86_64-linux-gnu/libharfbuzz.so.0.10400.2
7f24a3274000-7f24a32be000 r-xp 00000000 08:08 1974545                    /usr/lib/x86_64-linux-gnu/libmount.so.1.1.0
7f24a32be000-7f24a34be000 ---p 0004a000 08:08 1974545                    /usr/lib/x86_64-linux-gnu/libmount.so.1.1.0
7f24a34be000-7f24a34bf000 r--p 0004a000 08:08 1974545                    /usr/lib/x86_64-linux-gnu/libmount.so.1.1.0
7f24a34bf000-7f24a34c0000 rw-p 0004b000 08:08 1974545                    /usr/lib/x86_64-linux-gnu/libmount.so.1.1.0
7f24a34c0000-7f24a34c2000 rw-p 00000000 00:00 0 
7f24a34c2000-7f24a34d6000 r-xp 00000000 08:08 1974883                    /usr/lib/x86_64-linux-gnu/libresolv-2.24.so
7f24a34d6000-7f24a36d5000 ---p 00014000 08:08 1974883                    /usr/lib/x86_64-linux-gnu/libresolv-2.24.so
7f24a36d5000-7f24a36d6000 r--p 00013000 08:08 1974883                    /usr/lib/x86_64-linux-gnu/libresolv-2.24.so
7f24a36d6000-7f24a36d7000 rw-p 00014000 08:08 1974883                    /usr/lib/x86_64-linux-gnu/libresolv-2.24.so
7f24a36d7000-7f24a36d9000 rw-p 00000000 00:00 0 
7f24a36d9000-7f24a36fe000 r-xp 00000000 08:08 1974931                    /usr/lib/x86_64-linux-gnu/libselinux.so.1
7f24a36fe000-7f24a38fd000 ---p 00025000 08:08 1974931                    /usr/lib/x86_64-linux-gnu/libselinux.so.1
7f24a38fd000-7f24a38fe000 r--p 00024000 08:08 1974931                    /usr/lib/x86_64-linux-gnu/libselinux.so.1
7f24a38fe000-7f24a38ff000 rw-p 00025000 08:08 1974931                    /usr/lib/x86_64-linux-gnu/libselinux.so.1
7f24a38ff000-7f24a3901000 rw-p 00000000 00:00 0 
7f24a3901000-7f24a390d000 r-xp 00000000 08:08 1975214                    /usr/lib/x86_64-linux-gnu/libxcb-render.so.0.0.0
7f24a390d000-7f24a3b0d000 ---p 0000c000 08:08 1975214                    /usr/lib/x86_64-linux-gnu/libxcb-render.so.0.0.0
7f24a3b0d000-7f24a3b0e000 r--p 0000c000 08:08 1975214                    /usr/lib/x86_64-linux-gnu/libxcb-render.so.0.0.0
7f24a3b0e000-7f24a3b0f000 rw-p 0000d000 08:08 1975214                    /usr/lib/x86_64-linux-gnu/libxcb-render.so.0.0.0
7f24a3b0f000-7f24a3b36000 r-xp 00000000 08:08 1975232                    /usr/lib/x86_64-linux-gnu/libxcb.so.1.1.0
7f24a3b36000-7f24a3d35000 ---p 00027000 08:08 1975232                    /usr/lib/x86_64-linux-gnu/libxcb.so.1.1.0
7f24a3d35000-7f24a3d36000 r--p 00026000 08:08 1975232                    /usr/lib/x86_64-linux-gnu/libxcb.so.1.1.0
7f24a3d36000-7f24a3d37000 rw-p 00027000 08:08 1975232                    /usr/lib/x86_64-linux-gnu/libxcb.so.1.1.0
7f24a3d37000-7f24a3d39000 r-xp 00000000 08:08 1975218                    /usr/lib/x86_64-linux-gnu/libxcb-shm.so.0.0.0
7f24a3d39000-7f24a3f39000 ---p 00002000 08:08 1975218                    /usr/lib/x86_64-linux-gnu/libxcb-shm.so.0.0.0
7f24a3f39000-7f24a3f3a000 r--p 00002000 08:08 1975218                    /usr/lib/x86_64-linux-gnu/libxcb-shm.so.0.0.0
7f24a3f3a000-7f24a3f3b000 rw-p 00003000 08:08 1975218                    /usr/lib/x86_64-linux-gnu/libxcb-shm.so.0.0.0
7f24a3f3b000-7f24a3f6c000 r-xp 00000000 08:08 1974804                    /usr/lib/x86_64-linux-gnu/libpng16.so.16.28.0
7f24a3f6c000-7f24a416c000 ---p 00031000 08:08 1974804                    /usr/lib/x86_64-linux-gnu/libpng16.so.16.28.0
7f24a416c000-7f24a416d000 r--p 00031000 08:08 1974804                    /usr/lib/x86_64-linux-gnu/libpng16.so.16.28.0
7f24a416d000-7f24a416e000 rw-p 00032000 08:08 1974804                    /usr/lib/x86_64-linux-gnu/libpng16.so.16.28.0
7f24a416e000-7f24a420c000 r-xp 00000000 08:08 1974787                    /usr/lib/x86_64-linux-gnu/libpixman-1.so.0.34.0
7f24a420c000-7f24a440c000 ---p 0009e000 08:08 1974787                    /usr/lib/x86_64-linux-gnu/libpixman-1.so.0.34.0
7f24a440c000-7f24a4414000 r--p 0009e000 08:08 1974787                    /usr/lib/x86_64-linux-gnu/libpixman-1.so.0.34.0
7f24a4414000-7f24a4415000 rw-p 000a6000 08:08 1974787                    /usr/lib/x86_64-linux-gnu/libpixman-1.so.0.34.0
7f24a4415000-7f24a4426000 r-xp 00000000 08:08 1973534                    /usr/lib/x86_64-linux-gnu/libXext.so.6.4.0
7f24a4426000-7f24a4625000 ---p 00011000 08:08 1973534                    /usr/lib/x86_64-linux-gnu/libXext.so.6.4.0
7f24a4625000-7f24a4626000 r--p 00010000 08:08 1973534                    /usr/lib/x86_64-linux-gnu/libXext.so.6.4.0
7f24a4626000-7f24a4627000 rw-p 00011000 08:08 1973534                    /usr/lib/x86_64-linux-gnu/libXext.so.6.4.0
7f24a4627000-7f24a4631000 r-xp 00000000 08:08 1973528                    /usr/lib/x86_64-linux-gnu/libXcursor.so.1.0.2
7f24a4631000-7f24a4830000 ---p 0000a000 08:08 1973528                    /usr/lib/x86_64-linux-gnu/libXcursor.so.1.0.2
7f24a4830000-7f24a4831000 r--p 00009000 08:08 1973528                    /usr/lib/x86_64-linux-gnu/libXcursor.so.1.0.2
7f24a4831000-7f24a4832000 rw-p 0000a000 08:08 1973528                    /usr/lib/x86_64-linux-gnu/libXcursor.so.1.0.2
7f24a4832000-7f24a483c000 r-xp 00000000 08:08 1973554                    /usr/lib/x86_64-linux-gnu/libXrandr.so.2.2.0
7f24a483c000-7f24a4a3b000 ---p 0000a000 08:08 1973554                    /usr/lib/x86_64-linux-gnu/libXrandr.so.2.2.0
7f24a4a3b000-7f24a4a3c000 r--p 00009000 08:08 1973554                    /usr/lib/x86_64-linux-gnu/libXrandr.so.2.2.0
7f24a4a3c000-7f24a4a3d000 rw-p 0000a000 08:08 1973554                    /usr/lib/x86_64-linux-gnu/libXrandr.so.2.2.0
7f24a4a3d000-7f24a4a4c000 r-xp 00000000 08:08 1973544                    /usr/lib/x86_64-linux-gnu/libXi.so.6.1.0
7f24a4a4c000-7f24a4c4b000 ---p 0000f000 08:08 1973544                    /usr/lib/x86_64-linux-gnu/libXi.so.6.1.0
7f24a4c4b000-7f24a4c4c000 r--p 0000e000 08:08 1973544                    /usr/lib/x86_64-linux-gnu/libXi.so.6.1.0
7f24a4c4c000-7f24a4c4d000 rw-p 0000f000 08:08 1973544                    /usr/lib/x86_64-linux-gnu/libXi.so.6.1.0
7f24a4c4d000-7f24a4c4f000 r-xp 00000000 08:08 1973546                    /usr/lib/x86_64-linux-gnu/libXinerama.so.1.0.0
7f24a4c4f000-7f24a4e4e000 ---p 00002000 08:08 1973546                    /usr/lib/x86_64-linux-gnu/libXinerama.so.1.0.0
7f24a4e4e000-7f24a4e4f000 r--p 00001000 08:08 1973546                    /usr/lib/x86_64-linux-gnu/libXinerama.so.1.0.0
7f24a4e4f000-7f24a4e50000 rw-p 00002000 08:08 1973546                    /usr/lib/x86_64-linux-gnu/libXinerama.so.1.0.0
7f24a4e50000-7f24a4e59000 r-xp 00000000 08:08 1973556                    /usr/lib/x86_64-linux-gnu/libXrender.so.1.3.0
7f24a4e59000-7f24a5058000 ---p 00009000 08:08 1973556                    /usr/lib/x86_64-linux-gnu/libXrender.so.1.3.0
7f24a5058000-7f24a5059000 r--p 00008000 08:08 1973556                    /usr/lib/x86_64-linux-gnu/libXrender.so.1.3.0
7f24a5059000-7f24a505a000 rw-p 00009000 08:08 1973556                    /usr/lib/x86_64-linux-gnu/libXrender.so.1.3.0
7f24a505a000-7f24a505f000 r-xp 00000000 08:08 1973536                    /usr/lib/x86_64-linux-gnu/libXfixes.so.3.1.0
7f24a505f000-7f24a525e000 ---p 00005000 08:08 1973536                    /usr/lib/x86_64-linux-gnu/libXfixes.so.3.1.0
7f24a525e000-7f24a525f000 r--p 00004000 08:08 1973536                    /usr/lib/x86_64-linux-gnu/libXfixes.so.3.1.0
7f24a525f000-7f24a5260000 rw-p 00005000 08:08 1973536                    /usr/lib/x86_64-linux-gnu/libXfixes.so.3.1.0
7f24a5260000-7f24a5262000 r-xp 00000000 08:08 1973530                    /usr/lib/x86_64-linux-gnu/libXdamage.so.1.1.0
7f24a5262000-7f24a5461000 ---p 00002000 08:08 1973530                    /usr/lib/x86_64-linux-gnu/libXdamage.so.1.1.0
7f24a5461000-7f24a5462000 r--p 00001000 08:08 1973530                    /usr/lib/x86_64-linux-gnu/libXdamage.so.1.1.0
7f24a5462000-7f24a5463000 rw-p 00002000 08:08 1973530                    /usr/lib/x86_64-linux-gnu/libXdamage.so.1.1.0
7f24a5463000-7f24a5465000 r-xp 00000000 08:08 1973526                    /usr/lib/x86_64-linux-gnu/libXcomposite.so.1.0.0
7f24a5465000-7f24a5664000 ---p 00002000 08:08 1973526                    /usr/lib/x86_64-linux-gnu/libXcomposite.so.1.0.0
7f24a5664000-7f24a5665000 r--p 00001000 08:08 1973526                    /usr/lib/x86_64-linux-gnu/libXcomposite.so.1.0.0
7f24a5665000-7f24a5666000 rw-p 00002000 08:08 1973526                    /usr/lib/x86_64-linux-gnu/libXcomposite.so.1.0.0
7f24a5666000-7f24a5669000 r-xp 00000000 08:08 1974072                    /usr/lib/x86_64-linux-gnu/libgmodule-2.0.so.0.5000.3
7f24a5669000-7f24a5868000 ---p 00003000 08:08 1974072                    /usr/lib/x86_64-linux-gnu/libgmodule-2.0.so.0.5000.3
7f24a5868000-7f24a5869000 r--p 00002000 08:08 1974072                    /usr/lib/x86_64-linux-gnu/libgmodule-2.0.so.0.5000.3
7f24a5869000-7f24a586a000 rw-p 00003000 08:08 1974072                    /usr/lib/x86_64-linux-gnu/libgmodule-2.0.so.0.5000.3
7f24a586a000-7f24a58df000 r-xp 00000000 08:08 1973258                    /usr/lib/x86_64-linux-gnu/libGL.so.1.7.0
7f24a58df000-7f24a5adf000 ---p 00075000 08:08 1973258                    /usr/lib/x86_64-linux-gnu/libGL.so.1.7.0
7f24a5adf000-7f24a5af9000 r--p 00075000 08:08 1973258                    /usr/lib/x86_64-linux-gnu/libGL.so.1.7.0
7f24a5af9000-7f24a5afa000 rw-p 0008f000 08:08 1973258                    /usr/lib/x86_64-linux-gnu/libGL.so.1.7.0
7f24a5afa000-7f24a5afb000 rw-p 00000000 00:00 0 
7f24a5afb000-7f24a5b00000 r-xp 00000000 08:08 1973572                    /usr/lib/x86_64-linux-gnu/libXxf86vm.so.1.0.0
7f24a5b00000-7f24a5cff000 ---p 00005000 08:08 1973572                    /usr/lib/x86_64-linux-gnu/libXxf86vm.so.1.0.0
7f24a5cff000-7f24a5d00000 r--p 00004000 08:08 1973572                    /usr/lib/x86_64-linux-gnu/libXxf86vm.so.1.0.0
7f24a5d00000-7f24a5d01000 rw-p 00005000 08:08 1973572                    /usr/lib/x86_64-linux-gnu/libXxf86vm.so.1.0.0
7f24a5d01000-7f24a5e3b000 r-xp 00000000 08:08 1973517                    /usr/lib/x86_64-linux-gnu/libX11.so.6.3.0
7f24a5e3b000-7f24a603b000 ---p 0013a000 08:08 1973517                    /usr/lib/x86_64-linux-gnu/libX11.so.6.3.0
7f24a603b000-7f24a603c000 r--p 0013a000 08:08 1973517                    /usr/lib/x86_64-linux-gnu/libX11.so.6.3.0
7f24a603c000-7f24a6041000 rw-p 0013b000 08:08 1973517                    /usr/lib/x86_64-linux-gnu/libX11.so.6.3.0
7f24a6041000-7f24a6046000 r-xp 00000000 08:08 1973562                    /usr/lib/x86_64-linux-gnu/libXtst.so.6.1.0
7f24a6046000-7f24a6245000 ---p 00005000 08:08 1973562                    /usr/lib/x86_64-linux-gnu/libXtst.so.6.1.0
7f24a6245000-7f24a6246000 r--p 00004000 08:08 1973562                    /usr/lib/x86_64-linux-gnu/libXtst.so.6.1.0
7f24a6246000-7f24a6247000 rw-p 00005000 08:08 1973562                    /usr/lib/x86_64-linux-gnu/libXtst.so.6.1.0
7f24a6247000-7f24a6359000 r-xp 00000000 08:08 1974060                    /usr/lib/x86_64-linux-gnu/libglib-2.0.so.0.5000.3
7f24a6359000-7f24a6558000 ---p 00112000 08:08 1974060                    /usr/lib/x86_64-linux-gnu/libglib-2.0.so.0.5000.3
7f24a6558000-7f24a6559000 r--p 00111000 08:08 1974060                    /usr/lib/x86_64-linux-gnu/libglib-2.0.so.0.5000.3
7f24a6559000-7f24a655a000 rw-p 00112000 08:08 1974060                    /usr/lib/x86_64-linux-gnu/libglib-2.0.so.0.5000.3
7f24a655a000-7f24a655b000 rw-p 00000000 00:00 0 
7f24a655b000-7f24a655c000 r-xp 00000000 08:08 1974280                    /usr/lib/x86_64-linux-gnu/libgthread-2.0.so.0.5000.3
7f24a655c000-7f24a675b000 ---p 00001000 08:08 1974280                    /usr/lib/x86_64-linux-gnu/libgthread-2.0.so.0.5000.3
7f24a675b000-7f24a675c000 r--p 00000000 08:08 1974280                    /usr/lib/x86_64-linux-gnu/libgthread-2.0.so.0.5000.3
7f24a675c000-7f24a675d000 rw-p 00001000 08:08 1974280                    /usr/lib/x86_64-linux-gnu/libgthread-2.0.so.0.5000.3
7f24a675d000-7f24a6805000 r-xp 00000000 08:08 1973996                    /usr/lib/x86_64-linux-gnu/libfreetype.so.6.12.3
7f24a6805000-7f24a6a05000 ---p 000a8000 08:08 1973996                    /usr/lib/x86_64-linux-gnu/libfreetype.so.6.12.3
7f24a6a05000-7f24a6a0b000 r--p 000a8000 08:08 1973996                    /usr/lib/x86_64-linux-gnu/libfreetype.so.6.12.3
7f24a6a0b000-7f24a6a0c000 rw-p 000ae000 08:08 1973996                    /usr/lib/x86_64-linux-gnu/libfreetype.so.6.12.3
7f24a6a0c000-7f24a6a48000 r-xp 00000000 08:08 1973982                    /usr/lib/x86_64-linux-gnu/libfontconfig.so.1.8.0
7f24a6a48000-7f24a6c47000 ---p 0003c000 08:08 1973982                    /usr/lib/x86_64-linux-gnu/libfontconfig.so.1.8.0
7f24a6c47000-7f24a6c49000 r--p 0003b000 08:08 1973982                    /usr/lib/x86_64-linux-gnu/libfontconfig.so.1.8.0
7f24a6c49000-7f24a6c4a000 rw-p 0003d000 08:08 1973982                    /usr/lib/x86_64-linux-gnu/libfontconfig.so.1.8.0
7f24a6c4a000-7f24a6c9c000 r-xp 00000000 08:08 1974112                    /usr/lib/x86_64-linux-gnu/libgobject-2.0.so.0.5000.3
7f24a6c9c000-7f24a6e9b000 ---p 00052000 08:08 1974112                    /usr/lib/x86_64-linux-gnu/libgobject-2.0.so.0.5000.3
7f24a6e9b000-7f24a6e9c000 r--p 00051000 08:08 1974112                    /usr/lib/x86_64-linux-gnu/libgobject-2.0.so.0.5000.3
7f24a6e9c000-7f24a6e9d000 rw-p 00052000 08:08 1974112                    /usr/lib/x86_64-linux-gnu/libgobject-2.0.so.0.5000.3
7f24a6e9d000-7f24a6ee6000 r-xp 00000000 08:08 1974732                    /usr/lib/x86_64-linux-gnu/libpango-1.0.so.0.4000.5
7f24a6ee6000-7f24a70e5000 ---p 00049000 08:08 1974732                    /usr/lib/x86_64-linux-gnu/libpango-1.0.so.0.4000.5
7f24a70e5000-7f24a70e8000 r--p 00048000 08:08 1974732                    /usr/lib/x86_64-linux-gnu/libpango-1.0.so.0.4000.5
7f24a70e8000-7f24a70e9000 rw-p 0004b000 08:08 1974732                    /usr/lib/x86_64-linux-gnu/libpango-1.0.so.0.4000.5
7f24a70e9000-7f24a70fd000 r-xp 00000000 08:08 1974736                    /usr/lib/x86_64-linux-gnu/libpangoft2-1.0.so.0.4000.5
7f24a70fd000-7f24a72fd000 ---p 00014000 08:08 1974736                    /usr/lib/x86_64-linux-gnu/libpangoft2-1.0.so.0.4000.5
7f24a72fd000-7f24a72fe000 r--p 00014000 08:08 1974736                    /usr/lib/x86_64-linux-gnu/libpangoft2-1.0.so.0.4000.5
7f24a72fe000-7f24a72ff000 rw-p 00015000 08:08 1974736                    /usr/lib/x86_64-linux-gnu/libpangoft2-1.0.so.0.4000.5
7f24a72ff000-7f24a748c000 r-xp 00000000 08:08 1974048                    /usr/lib/x86_64-linux-gnu/libgio-2.0.so.0.5000.3
7f24a748c000-7f24a768c000 ---p 0018d000 08:08 1974048                    /usr/lib/x86_64-linux-gnu/libgio-2.0.so.0.5000.3
7f24a768c000-7f24a7691000 r--p 0018d000 08:08 1974048                    /usr/lib/x86_64-linux-gnu/libgio-2.0.so.0.5000.3
7f24a7691000-7f24a7694000 rw-p 00192000 08:08 1974048                    /usr/lib/x86_64-linux-gnu/libgio-2.0.so.0.5000.3
7f24a7694000-7f24a7695000 rw-p 00000000 00:00 0 
7f24a7695000-7f24a76b7000 r-xp 00000000 08:08 1974034                    /usr/lib/x86_64-linux-gnu/libgdk_pixbuf-2.0.so.0.3600.5
7f24a76b7000-7f24a78b7000 ---p 00022000 08:08 1974034                    /usr/lib/x86_64-linux-gnu/libgdk_pixbuf-2.0.so.0.3600.5
7f24a78b7000-7f24a78b8000 r--p 00022000 08:08 1974034                    /usr/lib/x86_64-linux-gnu/libgdk_pixbuf-2.0.so.0.3600.5
7f24a78b8000-7f24a78b9000 rw-p 00023000 08:08 1974034                    /usr/lib/x86_64-linux-gnu/libgdk_pixbuf-2.0.so.0.3600.5
7f24a78b9000-7f24a79c7000 r-xp 00000000 08:08 1973694                    /usr/lib/x86_64-linux-gnu/libcairo.so.2.11400.8
7f24a79c7000-7f24a7bc7000 ---p 0010e000 08:08 1973694                    /usr/lib/x86_64-linux-gnu/libcairo.so.2.11400.8
7f24a7bc7000-7f24a7bca000 r--p 0010e000 08:08 1973694                    /usr/lib/x86_64-linux-gnu/libcairo.so.2.11400.8
7f24a7bca000-7f24a7bcb000 rw-p 00111000 08:08 1973694                    /usr/lib/x86_64-linux-gnu/libcairo.so.2.11400.8
7f24a7bcb000-7f24a7bcd000 rw-p 00000000 00:00 0 
7f24a7bcd000-7f24a7bf0000 r-xp 00000000 08:08 1973616                    /usr/lib/x86_64-linux-gnu/libatk-1.0.so.0.22209.1
7f24a7bf0000-7f24a7def000 ---p 00023000 08:08 1973616                    /usr/lib/x86_64-linux-gnu/libatk-1.0.so.0.22209.1
7f24a7def000-7f24a7df2000 r--p 00022000 08:08 1973616                    /usr/lib/x86_64-linux-gnu/libatk-1.0.so.0.22209.1
7f24a7df2000-7f24a7df3000 rw-p 00025000 08:08 1973616                    /usr/lib/x86_64-linux-gnu/libatk-1.0.so.0.22209.1
7f24a7df3000-7f24a7dff000 r-xp 00000000 08:08 1974734                    /usr/lib/x86_64-linux-gnu/libpangocairo-1.0.so.0.4000.5
7f24a7dff000-7f24a7ffe000 ---p 0000c000 08:08 1974734                    /usr/lib/x86_64-linux-gnu/libpangocairo-1.0.so.0.4000.5
7f24a7ffe000-7f24a7fff000 r--p 0000b000 08:08 1974734                    /usr/lib/x86_64-linux-gnu/libpangocairo-1.0.so.0.4000.5
7f24a7fff000-7f24a8000000 rw-p 0000c000 08:08 1974734                    /usr/lib/x86_64-linux-gnu/libpangocairo-1.0.so.0.4000.5
7f24a8000000-7f24a8021000 rw-p 00000000 00:00 0 
7f24a8021000-7f24ac000000 ---p 00000000 00:00 0 
7f24ac000000-7f24ad8d3000 rw-p 00000000 00:00 0 
7f24ad8d3000-7f24b0000000 ---p 00000000 00:00 0 
7f24b0000000-7f24b03cf000 rw-p 00000000 00:00 0 
7f24b03cf000-7f24b4000000 ---p 00000000 00:00 0 
7f24b4000000-7f24b4021000 rw-p 00000000 00:00 0 
7f24b4021000-7f24b8000000 ---p 00000000 00:00 0 
7f24b8000000-7f24b8021000 rw-p 00000000 00:00 0 
7f24b8021000-7f24bc000000 ---p 00000000 00:00 0 
7f24bc000000-7f24bc294000 rw-p 00000000 00:00 0 
7f24bc294000-7f24c0000000 ---p 00000000 00:00 0 
7f24c0000000-7f24c0021000 rw-p 00000000 00:00 0 
7f24c0021000-7f24c4000000 ---p 00000000 00:00 0 
7f24c4000000-7f24c4021000 rw-p 00000000 00:00 0 
7f24c4021000-7f24c8000000 ---p 00000000 00:00 0 
7f24c8000000-7f24c8021000 rw-p 00000000 00:00 0 
7f24c8021000-7f24cc000000 ---p 00000000 00:00 0 
7f24cc000000-7f24cc021000 rw-p 00000000 00:00 0 
7f24cc021000-7f24d0000000 ---p 00000000 00:00 0 
7f24d0000000-7f24d0021000 rw-p 00000000 00:00 0 
7f24d0021000-7f24d4000000 ---p 00000000 00:00 0 
7f24d4000000-7f24d4003000 r--s 00000000 08:08 1590385                    /var/cache/fontconfig/bf6ddb0059d58ea573e04b43f868001f-le64.cache-4
7f24d4003000-7f24d4006000 r--s 00000000 08:08 1572931                    /var/cache/fontconfig/e13b20fdb08344e0e664864cc2ede53d-le64.cache-4
7f24d4006000-7f24d400b000 r--s 002f9000 08:08 1715168                    /usr/lib/jvm/java-8-openjdk-amd64/jre/lib/charsets.jar
7f24d400b000-7f24d400e000 ---p 00000000 00:00 0 
7f24d400e000-7f24d410c000 rw-p 00000000 00:00 0 
7f24d410c000-7f24d41bc000 r-xp 00000000 08:08 1974032                    /usr/lib/x86_64-linux-gnu/libgdk-x11-2.0.so.0.2400.31
7f24d41bc000-7f24d43bb000 ---p 000b0000 08:08 1974032                    /usr/lib/x86_64-linux-gnu/libgdk-x11-2.0.so.0.2400.31
7f24d43bb000-7f24d43bf000 r--p 000af000 08:08 1974032                    /usr/lib/x86_64-linux-gnu/libgdk-x11-2.0.so.0.2400.31
7f24d43bf000-7f24d43c1000 rw-p 000b3000 08:08 1974032                    /usr/lib/x86_64-linux-gnu/libgdk-x11-2.0.so.0.2400.31
7f24d43c1000-7f24d4801000 r-xp 00000000 08:08 1974286                    /usr/lib/x86_64-linux-gnu/libgtk-x11-2.0.so.0.2400.31
7f24d4801000-7f24d4a00000 ---p 00440000 08:08 1974286                    /usr/lib/x86_64-linux-gnu/libgtk-x11-2.0.so.0.2400.31
7f24d4a00000-7f24d4a07000 r--p 0043f000 08:08 1974286                    /usr/lib/x86_64-linux-gnu/libgtk-x11-2.0.so.0.2400.31
7f24d4a07000-7f24d4a0b000 rw-p 00446000 08:08 1974286                    /usr/lib/x86_64-linux-gnu/libgtk-x11-2.0.so.0.2400.31
7f24d4a0b000-7f24d4a0e000 rw-p 00000000 00:00 0 
7f24d4a0e000-7f24d4a0f000 rw-s 00000000 00:18 154                        /i915 (deleted)
7f24d4a0f000-7f24d4a10000 r--s 00000000 08:08 1572912                    /var/cache/fontconfig/16c2fda60d1b4b719f4b3d06fd951d25-le64.cache-4
7f24d4a10000-7f24d4a11000 r--s 00000000 08:08 1590384                    /var/cache/fontconfig/2736766d4907c6828b9382ebdbe3064b-le64.cache-4
7f24d4a11000-7f24d4a16000 r--s 0009d000 08:08 1715201                    /usr/lib/jvm/java-8-openjdk-amd64/jre/lib/jsse.jar
7f24d4a16000-7f24d4a1a000 rw-s 00000000 00:18 131                        /i915 (deleted)
7f24d4a1a000-7f24d4a1f000 rw-s 00000000 00:18 126                        /i915 (deleted)
7f24d4a1f000-7f24d4a23000 rw-s 00000000 00:18 149                        /i915 (deleted)
7f24d4a23000-7f24d4a27000 rw-s 00000000 00:18 139                        /i915 (deleted)
7f24d4a27000-7f24d4a33000 r-xp 00000000 08:08 1717405                    /usr/lib/jvm/java-8-openjdk-amd64/jre/lib/amd64/libprism_es2.so
7f24d4a33000-7f24d4c32000 ---p 0000c000 08:08 1717405                    /usr/lib/jvm/java-8-openjdk-amd64/jre/lib/amd64/libprism_es2.so
7f24d4c32000-7f24d4c33000 r--p 0000b000 08:08 1717405                    /usr/lib/jvm/java-8-openjdk-amd64/jre/lib/amd64/libprism_es2.so
7f24d4c33000-7f24d4c34000 rw-p 0000c000 08:08 1717405                    /usr/lib/jvm/java-8-openjdk-amd64/jre/lib/amd64/libprism_es2.so
7f24d4c34000-7f24d4c37000 ---p 00000000 00:00 0 
7f24d4c37000-7f24d4d35000 rw-p 00000000 00:00 0 
7f24d4d35000-7f24d4dcb000 r--s 007ce000 08:08 2654625                    /usr/share/java/openjfx/jre/lib/ext/jfxrt.jar
7f24d4dcb000-7f24d4dcc000 ---p 00000000 00:00 0 
7f24d4dcc000-7f24d4ecc000 rw-p 00000000 00:00 0 
7f24d4ecc000-7f24d4ecf000 ---p 00000000 00:00 0 
7f24d4ecf000-7f24d4fcd000 rw-p 00000000 00:00 0 
7f24d4fcd000-7f24d4fd0000 ---p 00000000 00:00 0 
7f24d4fd0000-7f24d50ce000 rw-p 00000000 00:00 0 
7f24d50ce000-7f24d50d1000 ---p 00000000 00:00 0 
7f24d50d1000-7f24d51cf000 rw-p 00000000 00:00 0 
7f24d51cf000-7f24d51d2000 ---p 00000000 00:00 0 
7f24d51d2000-7f24d9000000 rw-p 00000000 00:00 0 
7f24d9000000-7f24d95d0000 rwxp 00000000 00:00 0 
7f24d95d0000-7f24e8000000 ---p 00000000 00:00 0 
7f24e8000000-7f24e8288000 rw-p 00000000 00:00 0 
7f24e8288000-7f24ec000000 ---p 00000000 00:00 0 
7f24ec000000-7f24ec005000 rw-s 00000000 00:18 138                        /i915 (deleted)
7f24ec005000-7f24ec020000 r--s 001d6000 08:08 1715183                    /usr/lib/jvm/java-8-openjdk-amd64/jre/lib/ext/nashorn.jar
7f24ec020000-7f24ec03b000 r--s 00394000 08:08 1715178                    /usr/lib/jvm/java-8-openjdk-amd64/jre/lib/ext/cldrdata.jar
7f24ec03b000-7f24ec1d6000 r--p 00000000 08:08 1711771                    /usr/lib/locale/locale-archive
7f24ec1d6000-7f24ec1d9000 ---p 00000000 00:00 0 
7f24ec1d9000-7f24ec2d7000 rw-p 00000000 00:00 0 
7f24ec2d7000-7f24ec2da000 ---p 00000000 00:00 0 
7f24ec2da000-7f24ec3d8000 rw-p 00000000 00:00 0 
7f24ec3d8000-7f24ec3d9000 ---p 00000000 00:00 0 
7f24ec3d9000-7f24ece72000 rw-p 00000000 00:00 0 
7f24ece72000-7f24ed041000 r--s 03c33000 08:08 1715207                    /usr/lib/jvm/java-8-openjdk-amd64/jre/lib/rt.jar
7f24ed041000-7f24edc8a000 rw-p 00000000 00:00 0 
7f24edc8a000-7f24edc8b000 ---p 00000000 00:00 0 
7f24edc8b000-7f24edd8b000 rw-p 00000000 00:00 0 
7f24edd8b000-7f24edd8c000 ---p 00000000 00:00 0 
7f24edd8c000-7f24edeb6000 rw-p 00000000 00:00 0 
7f24edeb6000-7f24ee119000 ---p 00000000 00:00 0 
7f24ee119000-7f24ee143000 rw-p 00000000 00:00 0 
7f24ee143000-7f24ee3a5000 ---p 00000000 00:00 0 
7f24ee3a5000-7f24ee3ca000 rw-p 00000000 00:00 0 
7f24ee3ca000-7f24ee4ec000 ---p 00000000 00:00 0 
7f24ee4ec000-7f24ee505000 rw-p 00000000 00:00 0 
7f24ee505000-7f24ee8ad000 ---p 00000000 00:00 0 
7f24ee8ad000-7f24ee8b5000 r-xp 00000000 08:08 1715164                    /usr/lib/jvm/java-8-openjdk-amd64/jre/lib/amd64/libzip.so
7f24ee8b5000-7f24eeab4000 ---p 00008000 08:08 1715164                    /usr/lib/jvm/java-8-openjdk-amd64/jre/lib/amd64/libzip.so
7f24eeab4000-7f24eeab5000 r--p 00007000 08:08 1715164                    /usr/lib/jvm/java-8-openjdk-amd64/jre/lib/amd64/libzip.so
7f24eeab5000-7f24eeab6000 rw-p 00008000 08:08 1715164                    /usr/lib/jvm/java-8-openjdk-amd64/jre/lib/amd64/libzip.so
7f24eeab6000-7f24eeac0000 r-xp 00000000 08:08 1974648                    /usr/lib/x86_64-linux-gnu/libnss_files-2.24.so
7f24eeac0000-7f24eecc0000 ---p 0000a000 08:08 1974648                    /usr/lib/x86_64-linux-gnu/libnss_files-2.24.so
7f24eecc0000-7f24eecc1000 r--p 0000a000 08:08 1974648                    /usr/lib/x86_64-linux-gnu/libnss_files-2.24.so
7f24eecc1000-7f24eecc2000 rw-p 0000b000 08:08 1974648                    /usr/lib/x86_64-linux-gnu/libnss_files-2.24.so
7f24eecc2000-7f24eecc8000 rw-p 00000000 00:00 0 
7f24eecc8000-7f24eecd3000 r-xp 00000000 08:08 1974654                    /usr/lib/x86_64-linux-gnu/libnss_nis-2.24.so
7f24eecd3000-7f24eeed2000 ---p 0000b000 08:08 1974654                    /usr/lib/x86_64-linux-gnu/libnss_nis-2.24.so
7f24eeed2000-7f24eeed3000 r--p 0000a000 08:08 1974654                    /usr/lib/x86_64-linux-gnu/libnss_nis-2.24.so
7f24eeed3000-7f24eeed4000 rw-p 0000b000 08:08 1974654                    /usr/lib/x86_64-linux-gnu/libnss_nis-2.24.so
7f24eeed4000-7f24eeee8000 r-xp 00000000 08:08 1974636                    /usr/lib/x86_64-linux-gnu/libnsl-2.24.so
7f24eeee8000-7f24ef0e8000 ---p 00014000 08:08 1974636                    /usr/lib/x86_64-linux-gnu/libnsl-2.24.so
7f24ef0e8000-7f24ef0e9000 r--p 00014000 08:08 1974636                    /usr/lib/x86_64-linux-gnu/libnsl-2.24.so
7f24ef0e9000-7f24ef0ea000 rw-p 00015000 08:08 1974636                    /usr/lib/x86_64-linux-gnu/libnsl-2.24.so
7f24ef0ea000-7f24ef0ec000 rw-p 00000000 00:00 0 
7f24ef0ec000-7f24ef0f3000 r-xp 00000000 08:08 1974642                    /usr/lib/x86_64-linux-gnu/libnss_compat-2.24.so
7f24ef0f3000-7f24ef2f2000 ---p 00007000 08:08 1974642                    /usr/lib/x86_64-linux-gnu/libnss_compat-2.24.so
7f24ef2f2000-7f24ef2f3000 r--p 00006000 08:08 1974642                    /usr/lib/x86_64-linux-gnu/libnss_compat-2.24.so
7f24ef2f3000-7f24ef2f4000 rw-p 00007000 08:08 1974642                    /usr/lib/x86_64-linux-gnu/libnss_compat-2.24.so
7f24ef2f4000-7f24ef321000 r-xp 00000000 08:08 1715145                    /usr/lib/jvm/java-8-openjdk-amd64/jre/lib/amd64/libjava.so
7f24ef321000-7f24ef521000 ---p 0002d000 08:08 1715145                    /usr/lib/jvm/java-8-openjdk-amd64/jre/lib/amd64/libjava.so
7f24ef521000-7f24ef522000 r--p 0002d000 08:08 1715145                    /usr/lib/jvm/java-8-openjdk-amd64/jre/lib/amd64/libjava.so
7f24ef522000-7f24ef524000 rw-p 0002e000 08:08 1715145                    /usr/lib/jvm/java-8-openjdk-amd64/jre/lib/amd64/libjava.so
7f24ef524000-7f24ef533000 r-xp 00000000 08:08 1715163                    /usr/lib/jvm/java-8-openjdk-amd64/jre/lib/amd64/libverify.so
7f24ef533000-7f24ef733000 ---p 0000f000 08:08 1715163                    /usr/lib/jvm/java-8-openjdk-amd64/jre/lib/amd64/libverify.so
7f24ef733000-7f24ef735000 r--p 0000f000 08:08 1715163                    /usr/lib/jvm/java-8-openjdk-amd64/jre/lib/amd64/libverify.so
7f24ef735000-7f24ef736000 rw-p 00011000 08:08 1715163                    /usr/lib/jvm/java-8-openjdk-amd64/jre/lib/amd64/libverify.so
7f24ef736000-7f24ef73d000 r-xp 00000000 08:08 1974898                    /usr/lib/x86_64-linux-gnu/librt-2.24.so
7f24ef73d000-7f24ef93c000 ---p 00007000 08:08 1974898                    /usr/lib/x86_64-linux-gnu/librt-2.24.so
7f24ef93c000-7f24ef93d000 r--p 00006000 08:08 1974898                    /usr/lib/x86_64-linux-gnu/librt-2.24.so
7f24ef93d000-7f24ef93e000 rw-p 00007000 08:08 1974898                    /usr/lib/x86_64-linux-gnu/librt-2.24.so
7f24ef93e000-7f24ef954000 r-xp 00000000 08:08 1974006                    /usr/lib/x86_64-linux-gnu/libgcc_s.so.1
7f24ef954000-7f24efb53000 ---p 00016000 08:08 1974006                    /usr/lib/x86_64-linux-gnu/libgcc_s.so.1
7f24efb53000-7f24efb54000 r--p 00015000 08:08 1974006                    /usr/lib/x86_64-linux-gnu/libgcc_s.so.1
7f24efb54000-7f24efb55000 rw-p 00016000 08:08 1974006                    /usr/lib/x86_64-linux-gnu/libgcc_s.so.1
7f24efb55000-7f24efc58000 r-xp 00000000 08:08 1974512                    /usr/lib/x86_64-linux-gnu/libm-2.24.so
7f24efc58000-7f24efe57000 ---p 00103000 08:08 1974512                    /usr/lib/x86_64-linux-gnu/libm-2.24.so
7f24efe57000-7f24efe58000 r--p 00102000 08:08 1974512                    /usr/lib/x86_64-linux-gnu/libm-2.24.so
7f24efe58000-7f24efe59000 rw-p 00103000 08:08 1974512                    /usr/lib/x86_64-linux-gnu/libm-2.24.so
7f24efe59000-7f24effcb000 r-xp 00000000 08:08 1975001                    /usr/lib/x86_64-linux-gnu/libstdc++.so.6.0.22
7f24effcb000-7f24f01cb000 ---p 00172000 08:08 1975001                    /usr/lib/x86_64-linux-gnu/libstdc++.so.6.0.22
7f24f01cb000-7f24f01d5000 r--p 00172000 08:08 1975001                    /usr/lib/x86_64-linux-gnu/libstdc++.so.6.0.22
7f24f01d5000-7f24f01d7000 rw-p 0017c000 08:08 1975001                    /usr/lib/x86_64-linux-gnu/libstdc++.so.6.0.22
7f24f01d7000-7f24f01db000 rw-p 00000000 00:00 0 
7f24f01db000-7f24f0e3a000 r-xp 00000000 08:08 1715167                    /usr/lib/jvm/java-8-openjdk-amd64/jre/lib/amd64/server/libjvm.so
7f24f0e3a000-7f24f1039000 ---p 00c5f000 08:08 1715167                    /usr/lib/jvm/java-8-openjdk-amd64/jre/lib/amd64/server/libjvm.so
7f24f1039000-7f24f10cd000 r--p 00c5e000 08:08 1715167                    /usr/lib/jvm/java-8-openjdk-amd64/jre/lib/amd64/server/libjvm.so
7f24f10cd000-7f24f10f6000 rw-p 00cf2000 08:08 1715167                    /usr/lib/jvm/java-8-openjdk-amd64/jre/lib/amd64/server/libjvm.so
7f24f10f6000-7f24f1126000 rw-p 00000000 00:00 0 
7f24f1126000-7f24f12bb000 r-xp 00000000 08:08 1973682                    /usr/lib/x86_64-linux-gnu/libc-2.24.so
7f24f12bb000-7f24f14bb000 ---p 00195000 08:08 1973682                    /usr/lib/x86_64-linux-gnu/libc-2.24.so
7f24f14bb000-7f24f14bf000 r--p 00195000 08:08 1973682                    /usr/lib/x86_64-linux-gnu/libc-2.24.so
7f24f14bf000-7f24f14c1000 rw-p 00199000 08:08 1973682                    /usr/lib/x86_64-linux-gnu/libc-2.24.so
7f24f14c1000-7f24f14c5000 rw-p 00000000 00:00 0 
7f24f14c5000-7f24f14c8000 r-xp 00000000 08:08 1973821                    /usr/lib/x86_64-linux-gnu/libdl-2.24.so
7f24f14c8000-7f24f16c7000 ---p 00003000 08:08 1973821                    /usr/lib/x86_64-linux-gnu/libdl-2.24.so
7f24f16c7000-7f24f16c8000 r--p 00002000 08:08 1973821                    /usr/lib/x86_64-linux-gnu/libdl-2.24.so
7f24f16c8000-7f24f16c9000 rw-p 00003000 08:08 1973821                    /usr/lib/x86_64-linux-gnu/libdl-2.24.so
7f24f16c9000-7f24f16d6000 r-xp 00000000 08:08 1715131                    /usr/lib/jvm/java-8-openjdk-amd64/jre/lib/amd64/jli/libjli.so
7f24f16d6000-7f24f18d6000 ---p 0000d000 08:08 1715131                    /usr/lib/jvm/java-8-openjdk-amd64/jre/lib/amd64/jli/libjli.so
7f24f18d6000-7f24f18d7000 r--p 0000d000 08:08 1715131                    /usr/lib/jvm/java-8-openjdk-amd64/jre/lib/amd64/jli/libjli.so
7f24f18d7000-7f24f18d8000 rw-p 0000e000 08:08 1715131                    /usr/lib/jvm/java-8-openjdk-amd64/jre/lib/amd64/jli/libjli.so
7f24f18d8000-7f24f18f1000 r-xp 00000000 08:08 1975262                    /usr/lib/x86_64-linux-gnu/libz.so.1.2.8
7f24f18f1000-7f24f1af0000 ---p 00019000 08:08 1975262                    /usr/lib/x86_64-linux-gnu/libz.so.1.2.8
7f24f1af0000-7f24f1af1000 r--p 00018000 08:08 1975262                    /usr/lib/x86_64-linux-gnu/libz.so.1.2.8
7f24f1af1000-7f24f1af2000 rw-p 00019000 08:08 1975262                    /usr/lib/x86_64-linux-gnu/libz.so.1.2.8
7f24f1af2000-7f24f1b0a000 r-xp 00000000 08:08 1974838                    /usr/lib/x86_64-linux-gnu/libpthread-2.24.so
7f24f1b0a000-7f24f1d09000 ---p 00018000 08:08 1974838                    /usr/lib/x86_64-linux-gnu/libpthread-2.24.so
7f24f1d09000-7f24f1d0a000 r--p 00017000 08:08 1974838                    /usr/lib/x86_64-linux-gnu/libpthread-2.24.so
7f24f1d0a000-7f24f1d0b000 rw-p 00018000 08:08 1974838                    /usr/lib/x86_64-linux-gnu/libpthread-2.24.so
7f24f1d0b000-7f24f1d0f000 rw-p 00000000 00:00 0 
7f24f1d0f000-7f24f1d32000 r-xp 00000000 08:08 1973230                    /usr/lib/x86_64-linux-gnu/ld-2.24.so
7f24f1d32000-7f24f1d33000 r--s 00008000 08:09 13369446                   /home/atomx/.eclipse/org.eclipse.platform_4.12.0_1473617060_linux_gtk_x86_64/plugins/org.eclipse.fx.ide.css.jfx8_3.5.0.201902220800.jar
7f24f1d34000-7f24f1d35000 rwxp 00000000 00:00 0 
7f24f1d35000-7f24f1d39000 rw-s 00000000 00:18 143                        /i915 (deleted)
7f24f1d39000-7f24f1d3c000 r--s 0000f000 08:08 1715180                    /usr/lib/jvm/java-8-openjdk-amd64/jre/lib/ext/icedtea-sound.jar
7f24f1d3c000-7f24f1d3e000 r--s 00001000 08:08 1715179                    /usr/lib/jvm/java-8-openjdk-amd64/jre/lib/ext/dnsns.jar
7f24f1d3e000-7f24f1d40000 r--s 00008000 08:08 1715184                    /usr/lib/jvm/java-8-openjdk-amd64/jre/lib/ext/sunec.jar
7f24f1d40000-7f24f1d46000 r--s 0003b000 08:08 1715185                    /usr/lib/jvm/java-8-openjdk-amd64/jre/lib/ext/sunjce_provider.jar
7f24f1d46000-7f24f1d48000 r--s 00007000 08:08 2654545                    /usr/share/java/java-atk-wrapper.jar
7f24f1d48000-7f24f1e13000 rw-p 00000000 00:00 0 
7f24f1e13000-7f24f1e16000 ---p 00000000 00:00 0 
7f24f1e16000-7f24f1f16000 rw-p 00000000 00:00 0 
7f24f1f16000-7f24f1f17000 r--s 00010000 08:08 1715187                    /usr/lib/jvm/java-8-openjdk-amd64/jre/lib/ext/zipfs.jar
7f24f1f17000-7f24f1f18000 r--s 0000a000 08:08 1715181                    /usr/lib/jvm/java-8-openjdk-amd64/jre/lib/ext/jaccess.jar
7f24f1f18000-7f24f1f1b000 r--s 00038000 08:08 1715186                    /usr/lib/jvm/java-8-openjdk-amd64/jre/lib/ext/sunpkcs11.jar
7f24f1f1b000-7f24f1f25000 r--s 00116000 08:08 1715182                    /usr/lib/jvm/java-8-openjdk-amd64/jre/lib/ext/localedata.jar
7f24f1f25000-7f24f1f2d000 rw-s 00000000 08:08 2104380                    /tmp/hsperfdata_atomx/26202
7f24f1f2d000-7f24f1f2e000 rw-p 00000000 00:00 0 
7f24f1f2e000-7f24f1f2f000 ---p 00000000 00:00 0 
7f24f1f2f000-7f24f1f32000 rw-p 00000000 00:00 0 
7f24f1f32000-7f24f1f33000 r--p 00023000 08:08 1973230                    /usr/lib/x86_64-linux-gnu/ld-2.24.so
7f24f1f33000-7f24f1f34000 rw-p 00024000 08:08 1973230                    /usr/lib/x86_64-linux-gnu/ld-2.24.so
7f24f1f34000-7f24f1f35000 rw-p 00000000 00:00 0 
7ffee89e9000-7ffee8a0a000 rw-p 00000000 00:00 0                          [stack]
7ffee8b66000-7ffee8b69000 r--p 00000000 00:00 0                          [vvar]
7ffee8b69000-7ffee8b6b000 r-xp 00000000 00:00 0                          [vdso]
ffffffffff600000-ffffffffff601000 r-xp 00000000 00:00 0                  [vsyscall]

VM Arguments:
jvm_args: -Dfile.encoding=UTF-8 
java_command: application.Main
java_class_path (initial): /home/atomx/eclipse-workspace/Library/bin:/home/atomx/.eclipse/org.eclipse.platform_4.12.0_1473617060_linux_gtk_x86_64/plugins/org.eclipse.fx.ide.css.jfx8_3.5.0.201902220800.jar:/home/atomx/eclipse-workspace/Library/lib/jfxrt.jar:/home/atomx/eclipse-workspace/Library/lib/mysql-connector-java-8.0.17.jar
Launcher Type: SUN_STANDARD

Environment Variables:
PATH=/usr/local/bin:/usr/bin:/bin:/usr/local/games:/usr/games:/sbin:/usr/sbin
SHELL=/bin/bash
DISPLAY=:0

Signal Handlers:
SIGSEGV: [libjvm.so+0xa74b40], sa_mask[0]=11111111011111111101111111111110, sa_flags=SA_RESTART|SA_SIGINFO
SIGBUS: [libjvm.so+0xa74b40], sa_mask[0]=11111111011111111101111111111110, sa_flags=SA_RESTART|SA_SIGINFO
SIGFPE: [libjvm.so+0x8bd510], sa_mask[0]=11111111011111111101111111111110, sa_flags=SA_RESTART|SA_SIGINFO
SIGPIPE: SIG_IGN, sa_mask[0]=00000000000010000000000000000000, sa_flags=SA_RESTART
SIGXFSZ: [libjvm.so+0x8bd510], sa_mask[0]=11111111011111111101111111111110, sa_flags=SA_RESTART|SA_SIGINFO
SIGILL: [libjvm.so+0x8bd510], sa_mask[0]=11111111011111111101111111111110, sa_flags=SA_RESTART|SA_SIGINFO
SIGUSR1: SIG_DFL, sa_mask[0]=00000000000000000000000000000000, sa_flags=none
SIGUSR2: [libjvm.so+0x8bd3c0], sa_mask[0]=00100000000000000000000000000000, sa_flags=SA_RESTART|SA_SIGINFO
SIGHUP: SIG_IGN, sa_mask[0]=00000000000000000000000000000000, sa_flags=none
SIGINT: [libjvm.so+0x8bd870], sa_mask[0]=11111111011111111101111111111110, sa_flags=SA_RESTART|SA_SIGINFO
SIGTERM: [libjvm.so+0x8bd870], sa_mask[0]=11111111011111111101111111111110, sa_flags=SA_RESTART|SA_SIGINFO
SIGQUIT: [libjvm.so+0x8bd870], sa_mask[0]=11111111011111111101111111111110, sa_flags=SA_RESTART|SA_SIGINFO


---------------  S Y S T E M  ---------------

OS:DISTRIB_ID=Deepin
DISTRIB_RELEASE="15.11"
DISTRIB_DESCRIPTION="Deepin 15.11 "
DISTRIB_CODENAME=stable

uname:Linux 4.15.0-30deepin-generic #31 SMP Fri Nov 30 04:29:02 UTC 2018 x86_64
libc:glibc 2.24 NPTL 2.24 
rlimit: STACK 8192k, CORE 0k, NPROC 30921, NOFILE 1048576, AS infinity
load average:0.92 1.14 1.28

/proc/meminfo:
MemTotal:        8018944 kB
MemFree:         1757688 kB
MemAvailable:    4455104 kB
Buffers:          391728 kB
Cached:          2526868 kB
SwapCached:            0 kB
Active:          4505760 kB
Inactive:        1355636 kB
Active(anon):    2944272 kB
Inactive(anon):   119920 kB
Active(file):    1561488 kB
Inactive(file):  1235716 kB
Unevictable:         112 kB
Mlocked:             112 kB
SwapTotal:       2097148 kB
SwapFree:        2097148 kB
Dirty:               468 kB
Writeback:             0 kB
AnonPages:       2942804 kB
Mapped:           543268 kB
Shmem:            121400 kB
Slab:             276440 kB
SReclaimable:     210276 kB
SUnreclaim:        66164 kB
KernelStack:       13040 kB
PageTables:        49392 kB
NFS_Unstable:          0 kB
Bounce:                0 kB
WritebackTmp:          0 kB
CommitLimit:     6106620 kB
Committed_AS:    8938052 kB
VmallocTotal:   34359738367 kB
VmallocUsed:           0 kB
VmallocChunk:          0 kB
HardwareCorrupted:     0 kB
AnonHugePages:      2048 kB
ShmemHugePages:        0 kB
ShmemPmdMapped:        0 kB
CmaTotal:              0 kB
CmaFree:               0 kB
HugePages_Total:       0
HugePages_Free:        0
HugePages_Rsvd:        0
HugePages_Surp:        0
Hugepagesize:       2048 kB
DirectMap4k:      445372 kB
DirectMap2M:     7792640 kB


CPU:total 2 (initial active 2) (2 cores per cpu, 1 threads per core) family 6 model 76 stepping 4, cmov, cx8, fxsr, mmx, sse, sse2, sse3, ssse3, sse4.1, sse4.2, popcnt, aes, clmul, erms, 3dnowpref, tsc, tscinvbit

/proc/cpuinfo:
processor	: 0
vendor_id	: GenuineIntel
cpu family	: 6
model		: 76
model name	: Intel(R) Celeron(R) CPU  N3010  @ 1.04GHz
stepping	: 4
microcode	: 0x404
cpu MHz		: 1829.471
cache size	: 1024 KB
physical id	: 0
siblings	: 2
core id		: 0
cpu cores	: 2
apicid		: 0
initial apicid	: 0
fpu		: yes
fpu_exception	: yes
cpuid level	: 11
wp		: yes
flags		: fpu vme de pse tsc msr pae mce cx8 apic sep mtrr pge mca cmov pat pse36 clflush dts acpi mmx fxsr sse sse2 ss ht tm pbe syscall nx rdtscp lm constant_tsc arch_perfmon pebs bts rep_good nopl xtopology tsc_reliable nonstop_tsc cpuid aperfmperf tsc_known_freq pni pclmulqdq dtes64 monitor ds_cpl vmx est tm2 ssse3 cx16 xtpr pdcm sse4_1 sse4_2 movbe popcnt tsc_deadline_timer aes rdrand lahf_lm 3dnowprefetch epb pti tpr_shadow vnmi flexpriority ept vpid tsc_adjust smep erms dtherm ida arat
bugs		: cpu_meltdown spectre_v1 spectre_v2
bogomips	: 2080.00
clflush size	: 64
cache_alignment	: 64
address sizes	: 36 bits physical, 48 bits virtual
power management:

processor	: 1
vendor_id	: GenuineIntel
cpu family	: 6
model		: 76
model name	: Intel(R) Celeron(R) CPU  N3010  @ 1.04GHz
stepping	: 4
microcode	: 0x404
cpu MHz		: 2211.013
cache size	: 1024 KB
physical id	: 0
siblings	: 2
core id		: 2
cpu cores	: 2
apicid		: 4
initial apicid	: 4
fpu		: yes
fpu_exception	: yes
cpuid level	: 11
wp		: yes
flags		: fpu vme de pse tsc msr pae mce cx8 apic sep mtrr pge mca cmov pat pse36 clflush dts acpi mmx fxsr sse sse2 ss ht tm pbe syscall nx rdtscp lm constant_tsc arch_perfmon pebs bts rep_good nopl xtopology tsc_reliable nonstop_tsc cpuid aperfmperf tsc_known_freq pni pclmulqdq dtes64 monitor ds_cpl vmx est tm2 ssse3 cx16 xtpr pdcm sse4_1 sse4_2 movbe popcnt tsc_deadline_timer aes rdrand lahf_lm 3dnowprefetch epb pti tpr_shadow vnmi flexpriority ept vpid tsc_adjust smep erms dtherm ida arat
bugs		: cpu_meltdown spectre_v1 spectre_v2
bogomips	: 2080.00
clflush size	: 64
cache_alignment	: 64
address sizes	: 36 bits physical, 48 bits virtual
power management:



Memory: 4k page, physical 8018944k(1757688k free), swap 2097148k(2097148k free)

vm_info: OpenJDK 64-Bit Server VM (25.181-b13) for linux-amd64 JRE (1.8.0_181-8u181-b13-2~deb9u1-b13), built on Oct 22 2018 18:05:23 by "pbuilder" with gcc 6.3.0 20170516

time: Sat Aug 31 14:25:22 2019
elapsed time: 12 seconds (0d 0h 0m 12s)

