#
# A fatal error has been detected by the Java Runtime Environment:
#
#  SIGSEGV (0xb) at pc=0x00007efcd850707d, pid=29656, tid=0x00007efc85905700
#
# JRE version: OpenJDK Runtime Environment (8.0_181-b13) (build 1.8.0_181-8u181-b13-2~deb9u1-b13)
# Java VM: OpenJDK 64-Bit Server VM (25.181-b13 mixed mode linux-amd64 compressed oops)
# Problematic frame:
# V  [libjvm.so+0x68107d]
#
# Failed to write core dump. Core dumps have been disabled. To enable core dumping, try "ulimit -c unlimited" before starting Java again
#
# If you would like to submit a bug report, please visit:
#   http://bugreport.java.com/bugreport/crash.jsp
#

---------------  T H R E A D  ---------------

Current thread (0x00007efcd0293800):  JavaThread "JavaFX Application Thread" [_thread_in_vm, id=29676, stack(0x00007efc85805000,0x00007efc85906000)]

siginfo: si_signo: 11 (SIGSEGV), si_code: 1 (SEGV_MAPERR), si_addr: 0x0000000000000035

Registers:
RAX=0x0000000000000000, RBX=0x00007efcd0293800, RCX=0x00007efcd02502d8, RDX=0x0000000000000035
RSP=0x00007efc85904230, RBP=0x00007efc859043b0, RSI=0x00007efc859043d0, RDI=0x00007efcd02939e0
R8 =0x00007efc85904400, R9 =0x00007efcd0293800, R10=0x00007efc78000bd0, R11=0x00007efcc153cb80
R12=0x00007efcd02939e0, R13=0x00007efcd0293800, R14=0x00007efc85904490, R15=0x0000000000000035
RIP=0x00007efcd850707d, EFLAGS=0x0000000000010206, CSGSFS=0x002b000000000033, ERR=0x0000000000000004
  TRAPNO=0x000000000000000e

Top of Stack: (sp=0x00007efc85904230)
0x00007efc85904230:   00007efc85904340 00007efcd84ee1d3
0x00007efc85904240:   00007efcd52eff38 00007efc85904280
0x00007efc85904250:   00007efc0000000e 00007efcd02939e0
0x00007efc85904260:   00007efc85904270 00007efc859043d0
0x00007efc85904270:   00007efcd5252cc0 00007efcd0293800
0x00007efc85904280:   00007efcd5252cc0 00007efcd0293800
0x00007efc85904290:   00007efcd0292ff0 00007efca4011280
0x00007efc859042a0:   00007efca4011290 00007efca4011668
0x00007efc859042b0:   00000000000003d8 00007efcd0293030
0x00007efc859042c0:   00007efcd5252cc0 00007efcd0293800
0x00007efc859042d0:   00000000d5248c30 00000000d9404618
0x00007efc859042e0:   0000000000000000 00007efcc1017e1b
0x00007efc859042f0:   00007efcd5252cc0 00007efcd0293800
0x00007efc85904300:   0000000000000000 00000000d94045d8
0x00007efc85904310:   00007efc0000006f 00007efc0000000a
0x00007efc85904320:   00000000d8479700 00007efc00000000
0x00007efc85904330:   00007efc85904420 00007efc859043e0
0x00007efc85904340:   00007efc859044d0 0000000100000180
0x00007efc85904350:   0000000000000002 00007efc85904308
0x00007efc85904360:   00007efc85904349 0000000800000005
0x00007efc85904370:   00007efc00000000 331141a5a54f7200
0x00007efc85904380:   00007efc85904390 00007efcd0293800
0x00007efc85904390:   00007efcd02939e0 00007efcd02502d8
0x00007efc859043a0:   00007efc85904490 0000000000000035
0x00007efc859043b0:   00007efc85904480 00007efcd850a6aa
0x00007efc859043c0:   00007efc78177780 00007efc85904400
0x00007efc859043d0:   000000000000000e 00007efc00000000
0x00007efc859043e0:   00007efcd0293800 0000000000000000
0x00007efc859043f0:   0000000000000067 331141a5a54f7200
0x00007efc85904400:   00007efcd8cf0938 00007efcd9a1a7e0
0x00007efc85904410:   00000000d02738a0 00007efc00000063
0x00007efc85904420:   0000000000000000 0000003000000018 

Instructions: (pc=0x00007efcd850707d)
0x00007efcd850705d:   ff 48 89 b5 b8 fe ff ff 64 48 8b 04 25 28 00 00
0x00007efcd850706d:   00 48 89 45 c8 31 c0 48 85 d2 0f 84 3b 03 00 00
0x00007efcd850707d:   4c 8b 32 4d 85 f6 0f 84 2f 03 00 00 49 8b b9 20
0x00007efcd850708d:   01 00 00 48 89 cb 4d 89 c4 e8 f5 4c ff ff 4c 89 

Register to memory mapping:

RAX=0x0000000000000000 is an unknown value
RBX=0x00007efcd0293800 is a thread
RCX=0x00007efcd02502d8 is an unknown value
RDX=0x0000000000000035 is an unknown value
RSP=0x00007efc85904230 is pointing into the stack for thread: 0x00007efcd0293800
RBP=0x00007efc859043b0 is pointing into the stack for thread: 0x00007efcd0293800
RSI=0x00007efc859043d0 is pointing into the stack for thread: 0x00007efcd0293800
RDI=0x00007efcd02939e0 is an unknown value
R8 =0x00007efc85904400 is pointing into the stack for thread: 0x00007efcd0293800
R9 =0x00007efcd0293800 is a thread
R10=0x00007efc78000bd0 is an unknown value
R11=0x00007efcc153cb80 is at entry_point+32 in (nmethod*)0x00007efcc153ca10
R12=0x00007efcd02939e0 is an unknown value
R13=0x00007efcd0293800 is a thread
R14=0x00007efc85904490 is pointing into the stack for thread: 0x00007efcd0293800
R15=0x0000000000000035 is an unknown value


Stack: [0x00007efc85805000,0x00007efc85906000],  sp=0x00007efc85904230,  free space=1020k
Native frames: (J=compiled Java code, j=interpreted, Vv=VM code, C=native code)
V  [libjvm.so+0x68107d]
V  [libjvm.so+0x6846aa]
C  [libglass.so+0x12d33]  JNIEnv_::CallVoidMethod(_jobject*, _jmethodID*, ...)+0x93
C  [libglass.so+0x1ccf6]  WindowContextBase::process_key(_GdkEventKey*)+0x226
C  [libglass.so+0x1a9c0]  WindowContextBase::im_filter_keypress(_GdkEventKey*)+0x1f0
C  [libglass.so+0x23094]
C  [libgdk-x11-2.0.so.0+0x5acbc]

Java frames: (J=compiled Java code, j=interpreted, Vv=VM code)
j  com.sun.glass.ui.gtk.GtkApplication._runLoop(Ljava/lang/Runnable;Z)V+0
j  com.sun.glass.ui.gtk.GtkApplication.lambda$null$5(Ljava/lang/Runnable;Z)V+7
j  com.sun.glass.ui.gtk.GtkApplication$$Lambda$41.run()V+12
j  java.lang.Thread.run()V+11
v  ~StubRoutines::call_stub

---------------  P R O C E S S  ---------------

Java Threads: ( => current thread )
  0x00007efc783cc800 JavaThread "Prism Font Disposer" daemon [_thread_blocked, id=29683, stack(0x00007efc84005000,0x00007efc84106000)]
  0x00007efc780ae800 JavaThread "mysql-cj-abandoned-connection-cleanup" daemon [_thread_blocked, id=29679, stack(0x00007efc84c1b000,0x00007efc84d1c000)]
  0x00007efcd029b000 JavaThread "JavaFX-Launcher" [_thread_blocked, id=29678, stack(0x00007efc84dc2000,0x00007efc84ec3000)]
=>0x00007efcd0293800 JavaThread "JavaFX Application Thread" [_thread_in_vm, id=29676, stack(0x00007efc85805000,0x00007efc85906000)]
  0x00007efcd028f800 JavaThread "Thread-1" daemon [_thread_blocked, id=29675, stack(0x00007efc85906000,0x00007efc85a07000)]
  0x00007efcd0241000 JavaThread "QuantumRenderer-0" daemon [_thread_blocked, id=29673, stack(0x00007efcbc897000,0x00007efcbc998000)]
  0x00007efcd00b9800 JavaThread "Service Thread" daemon [_thread_blocked, id=29671, stack(0x00007efcbcb2f000,0x00007efcbcc30000)]
  0x00007efcd00b7000 JavaThread "C1 CompilerThread1" daemon [_thread_blocked, id=29670, stack(0x00007efcbcc30000,0x00007efcbcd31000)]
  0x00007efcd00b4000 JavaThread "C2 CompilerThread0" daemon [_thread_blocked, id=29669, stack(0x00007efcbcd31000,0x00007efcbce32000)]
  0x00007efcd00b2800 JavaThread "Signal Dispatcher" daemon [_thread_blocked, id=29668, stack(0x00007efcbce32000,0x00007efcbcf33000)]
  0x00007efcd0080000 JavaThread "Finalizer" daemon [_thread_blocked, id=29667, stack(0x00007efcbd0ce000,0x00007efcbd1cf000)]
  0x00007efcd007d800 JavaThread "Reference Handler" daemon [_thread_blocked, id=29666, stack(0x00007efcbd1cf000,0x00007efcbd2d0000)]
  0x00007efcd000a800 JavaThread "main" [_thread_blocked, id=29660, stack(0x00007efcd9abe000,0x00007efcd9bbf000)]

Other Threads:
  0x00007efcd0074000 VMThread [stack: 0x00007efcd4083000,0x00007efcd4184000] [id=29665]
  0x00007efcd00bc000 WatcherThread [stack: 0x00007efcbca2e000,0x00007efcbcb2f000] [id=29672]

VM state:not at safepoint (normal execution)

VM Mutex/Monitor currently owned by a thread: None

Heap:
 PSYoungGen      total 36864K, used 24614K [0x00000000d7380000, 0x00000000dbb80000, 0x0000000100000000)
  eden space 31744K, 61% used [0x00000000d7380000,0x00000000d868aa70,0x00000000d9280000)
  from space 5120K, 99% used [0x00000000d9280000,0x00000000d977f070,0x00000000d9780000)
  to   space 5120K, 0% used [0x00000000db680000,0x00000000db680000,0x00000000dbb80000)
 ParOldGen       total 84992K, used 6775K [0x0000000085a00000, 0x000000008ad00000, 0x00000000d7380000)
  object space 84992K, 7% used [0x0000000085a00000,0x000000008609ddc0,0x000000008ad00000)
 Metaspace       used 19647K, capacity 20414K, committed 20608K, reserved 1067008K
  class space    used 2639K, capacity 2836K, committed 2944K, reserved 1048576K

Card table byte_map: [0x00007efcd5dc4000,0x00007efcd6198000] byte_map_base: 0x00007efcd5997000

Marking Bits: (ParMarkBitMap*) 0x00007efcd8db43a0
 Begin Bits: [0x00007efcbd2d0000, 0x00007efcbf168000)
 End Bits:   [0x00007efcbf168000, 0x00007efcc1000000)

Polling page: 0x00007efcd9bd9000

CodeCache: size=245760Kb used=6021Kb max_used=6021Kb free=239739Kb
 bounds [0x00007efcc1000000, 0x00007efcc15f0000, 0x00007efcd0000000]
 total_blobs=2721 nmethods=2028 adapters=608
 compilation: enabled

Compilation events (10 events):
Event: 18.195 Thread 0x00007efcd00b7000 nmethod 2025 0x00007efcc15dbd10 code [0x00007efcc15dbee0, 0x00007efcc15dc688]
Event: 18.195 Thread 0x00007efcd00b7000 2026       1       javafx.scene.text.Font::impl_getNativeFont (5 bytes)
Event: 18.195 Thread 0x00007efcd00b7000 nmethod 2026 0x00007efcc15daed0 code [0x00007efcc15db020, 0x00007efcc15db130]
Event: 18.195 Thread 0x00007efcd00b7000 2024       3       com.sun.javafx.css.PseudoClassState::equals (6 bytes)
Event: 18.195 Thread 0x00007efcd00b7000 nmethod 2024 0x00007efcc15dab50 code [0x00007efcc15dacc0, 0x00007efcc15dae48]
Event: 18.195 Thread 0x00007efcd00b7000 2027       1       com.sun.javafx.font.PrismFontFile::getDefaultAAMode (2 bytes)
Event: 18.195 Thread 0x00007efcd00b7000 nmethod 2027 0x00007efcc15da890 code [0x00007efcc15da9e0, 0x00007efcc15daaf0]
Event: 18.251 Thread 0x00007efcd00b7000 2029       3       javafx.event.Event::fireEvent (35 bytes)
Event: 18.252 Thread 0x00007efcd00b7000 nmethod 2029 0x00007efcc15da250 code [0x00007efcc15da3e0, 0x00007efcc15da728]
Event: 18.252 Thread 0x00007efcd00b7000 2030   !   3       com.sun.javafx.event.EventUtil::fireEvent (81 bytes)

GC Heap History (6 events):
Event: 2.445 GC heap before
{Heap before GC invocations=1 (full 0):
 PSYoungGen      total 36864K, used 31744K [0x00000000d7380000, 0x00000000d9c80000, 0x0000000100000000)
  eden space 31744K, 100% used [0x00000000d7380000,0x00000000d9280000,0x00000000d9280000)
  from space 5120K, 0% used [0x00000000d9780000,0x00000000d9780000,0x00000000d9c80000)
  to   space 5120K, 0% used [0x00000000d9280000,0x00000000d9280000,0x00000000d9780000)
 ParOldGen       total 84992K, used 0K [0x0000000085a00000, 0x000000008ad00000, 0x00000000d7380000)
  object space 84992K, 0% used [0x0000000085a00000,0x0000000085a00000,0x000000008ad00000)
 Metaspace       used 11560K, capacity 11938K, committed 12032K, reserved 1060864K
  class space    used 1353K, capacity 1517K, committed 1536K, reserved 1048576K
Event: 2.464 GC heap after
Heap after GC invocations=1 (full 0):
 PSYoungGen      total 36864K, used 5113K [0x00000000d7380000, 0x00000000d9c80000, 0x0000000100000000)
  eden space 31744K, 0% used [0x00000000d7380000,0x00000000d7380000,0x00000000d9280000)
  from space 5120K, 99% used [0x00000000d9280000,0x00000000d977e680,0x00000000d9780000)
  to   space 5120K, 0% used [0x00000000d9780000,0x00000000d9780000,0x00000000d9c80000)
 ParOldGen       total 84992K, used 1917K [0x0000000085a00000, 0x000000008ad00000, 0x00000000d7380000)
  object space 84992K, 2% used [0x0000000085a00000,0x0000000085bdf518,0x000000008ad00000)
 Metaspace       used 11560K, capacity 11938K, committed 12032K, reserved 1060864K
  class space    used 1353K, capacity 1517K, committed 1536K, reserved 1048576K
}
Event: 2.816 GC heap before
{Heap before GC invocations=2 (full 0):
 PSYoungGen      total 36864K, used 36857K [0x00000000d7380000, 0x00000000d9c80000, 0x0000000100000000)
  eden space 31744K, 100% used [0x00000000d7380000,0x00000000d9280000,0x00000000d9280000)
  from space 5120K, 99% used [0x00000000d9280000,0x00000000d977e680,0x00000000d9780000)
  to   space 5120K, 0% used [0x00000000d9780000,0x00000000d9780000,0x00000000d9c80000)
 ParOldGen       total 84992K, used 1917K [0x0000000085a00000, 0x000000008ad00000, 0x00000000d7380000)
  object space 84992K, 2% used [0x0000000085a00000,0x0000000085bdf518,0x000000008ad00000)
 Metaspace       used 12835K, capacity 13198K, committed 13568K, reserved 1060864K
  class space    used 1544K, capacity 1680K, committed 1792K, reserved 1048576K
Event: 2.829 GC heap after
Heap after GC invocations=2 (full 0):
 PSYoungGen      total 36864K, used 5101K [0x00000000d7380000, 0x00000000dbb80000, 0x0000000100000000)
  eden space 31744K, 0% used [0x00000000d7380000,0x00000000d7380000,0x00000000d9280000)
  from space 5120K, 99% used [0x00000000d9780000,0x00000000d9c7b5f0,0x00000000d9c80000)
  to   space 5120K, 0% used [0x00000000d9280000,0x00000000d9280000,0x00000000d9780000)
 ParOldGen       total 84992K, used 2810K [0x0000000085a00000, 0x000000008ad00000, 0x00000000d7380000)
  object space 84992K, 3% used [0x0000000085a00000,0x0000000085cbeb30,0x000000008ad00000)
 Metaspace       used 12835K, capacity 13198K, committed 13568K, reserved 1060864K
  class space    used 1544K, capacity 1680K, committed 1792K, reserved 1048576K
}
Event: 4.032 GC heap before
{Heap before GC invocations=3 (full 0):
 PSYoungGen      total 36864K, used 36845K [0x00000000d7380000, 0x00000000dbb80000, 0x0000000100000000)
  eden space 31744K, 100% used [0x00000000d7380000,0x00000000d9280000,0x00000000d9280000)
  from space 5120K, 99% used [0x00000000d9780000,0x00000000d9c7b5f0,0x00000000d9c80000)
  to   space 5120K, 0% used [0x00000000d9280000,0x00000000d9280000,0x00000000d9780000)
 ParOldGen       total 84992K, used 2810K [0x0000000085a00000, 0x000000008ad00000, 0x00000000d7380000)
  object space 84992K, 3% used [0x0000000085a00000,0x0000000085cbeb30,0x000000008ad00000)
 Metaspace       used 15949K, capacity 16418K, committed 16640K, reserved 1062912K
  class space    used 2062K, capacity 2232K, committed 2304K, reserved 1048576K
Event: 4.061 GC heap after
Heap after GC invocations=3 (full 0):
 PSYoungGen      total 36864K, used 5116K [0x00000000d7380000, 0x00000000dbb80000, 0x0000000100000000)
  eden space 31744K, 0% used [0x00000000d7380000,0x00000000d7380000,0x00000000d9280000)
  from space 5120K, 99% used [0x00000000d9280000,0x00000000d977f070,0x00000000d9780000)
  to   space 5120K, 0% used [0x00000000db680000,0x00000000db680000,0x00000000dbb80000)
 ParOldGen       total 84992K, used 6775K [0x0000000085a00000, 0x000000008ad00000, 0x00000000d7380000)
  object space 84992K, 7% used [0x0000000085a00000,0x000000008609ddc0,0x000000008ad00000)
 Metaspace       used 15949K, capacity 16418K, committed 16640K, reserved 1062912K
  class space    used 2062K, capacity 2232K, committed 2304K, reserved 1048576K
}

Deoptimization events (10 events):
Event: 3.984 Thread 0x00007efcd0293800 Uncommon trap: reason=class_check action=maybe_recompile pc=0x00007efcc1115f60 method=java.lang.String.equals(Ljava/lang/Object;)Z @ 8
Event: 3.984 Thread 0x00007efcd0293800 Uncommon trap: reason=class_check action=maybe_recompile pc=0x00007efcc1115f60 method=java.lang.String.equals(Ljava/lang/Object;)Z @ 8
Event: 3.984 Thread 0x00007efcd0293800 Uncommon trap: reason=class_check action=maybe_recompile pc=0x00007efcc1115f60 method=java.lang.String.equals(Ljava/lang/Object;)Z @ 8
Event: 3.996 Thread 0x00007efcd0293800 Uncommon trap: reason=class_check action=maybe_recompile pc=0x00007efcc1115f60 method=java.lang.String.equals(Ljava/lang/Object;)Z @ 8
Event: 4.157 Thread 0x00007efcd0293800 Uncommon trap: reason=unstable_if action=reinterpret pc=0x00007efcc138b7ac method=java.lang.ClassLoader.checkName(Ljava/lang/String;)Z @ 20
Event: 5.059 Thread 0x00007efcd0293800 Uncommon trap: reason=unstable_if action=reinterpret pc=0x00007efcc136d864 method=jdk.internal.org.objectweb.asm.Type.getArgumentsAndReturnSizes(Ljava/lang/String;)I @ 47
Event: 6.044 Thread 0x00007efcd0241000 Uncommon trap: reason=unstable_if action=reinterpret pc=0x00007efcc14413a0 method=java.lang.StrictMath.floorOrCeil(DDDD)D @ 115
Event: 15.468 Thread 0x00007efcd0293800 Uncommon trap: reason=unstable_if action=reinterpret pc=0x00007efcc125bda0 method=java.lang.CharacterData.of(I)Ljava/lang/CharacterData; @ 4
Event: 17.481 Thread 0x00007efcd0293800 Uncommon trap: reason=unstable_if action=reinterpret pc=0x00007efcc12dc59c method=sun.nio.cs.UTF_8$Decoder.decode([BII[C)I @ 30
Event: 17.853 Thread 0x00007efcd0293800 Uncommon trap: reason=unstable_if action=reinterpret pc=0x00007efcc150f8fc method=java.lang.StrictMath.floorOrCeil(DDDD)D @ 38

Classes redefined (0 events):
No events

Internal exceptions (10 events):
Event: 0.396 Thread 0x00007efcd000a800 Exception <a 'java/security/PrivilegedActionException'> (0x00000000d7634ef0) thrown at [/build/openjdk-8-8u181-b13/src/hotspot/src/share/vm/prims/jvm.cpp, line 1435]
Event: 0.396 Thread 0x00007efcd000a800 Exception <a 'java/security/PrivilegedActionException'> (0x00000000d76359c8) thrown at [/build/openjdk-8-8u181-b13/src/hotspot/src/share/vm/prims/jvm.cpp, line 1435]
Event: 0.396 Thread 0x00007efcd000a800 Exception <a 'java/security/PrivilegedActionException'> (0x00000000d7635bd8) thrown at [/build/openjdk-8-8u181-b13/src/hotspot/src/share/vm/prims/jvm.cpp, line 1435]
Event: 0.396 Thread 0x00007efcd000a800 Exception <a 'java/lang/NullPointerException'> (0x00000000d7637180) thrown at [/build/openjdk-8-8u181-b13/src/hotspot/src/share/vm/interpreter/linkResolver.cpp, line 1185]
Event: 2.252 Thread 0x00007efcd0293800 Exception <a 'java/lang/NullPointerException'> (0x00000000d8b46288) thrown at [/build/openjdk-8-8u181-b13/src/hotspot/src/share/vm/interpreter/linkResolver.cpp, line 1185]
Event: 2.252 Thread 0x00007efcd0293800 Exception <a 'java/lang/NullPointerException'> (0x00000000d8b46288) thrown at [/build/openjdk-8-8u181-b13/src/hotspot/src/share/vm/prims/jvm.cpp, line 1439]
Event: 2.806 Thread 0x00007efcd0293800 Exception <a 'java/lang/ArrayIndexOutOfBoundsException'> (0x00000000d9233dd8) thrown at [/build/openjdk-8-8u181-b13/src/hotspot/src/share/vm/runtime/sharedRuntime.cpp, line 605]
Event: 2.807 Thread 0x00007efcd0293800 Exception <a 'java/lang/ArrayIndexOutOfBoundsException'> (0x00000000d9234ad8) thrown at [/build/openjdk-8-8u181-b13/src/hotspot/src/share/vm/runtime/sharedRuntime.cpp, line 605]
Event: 2.807 Thread 0x00007efcd0293800 Exception <a 'java/lang/ArrayIndexOutOfBoundsException'> (0x00000000d9235e80) thrown at [/build/openjdk-8-8u181-b13/src/hotspot/src/share/vm/runtime/sharedRuntime.cpp, line 605]
Event: 3.621 Thread 0x00007efcd0293800 Implicit null exception at 0x00007efcc134a3f5 to 0x00007efcc134a611

Events (10 events):
Event: 17.720 loading class javafx/scene/effect/Reflection$1 done
Event: 17.743 loading class com/sun/javafx/effect/EffectDirtyBits
Event: 17.743 loading class com/sun/javafx/effect/EffectDirtyBits done
Event: 17.772 loading class javafx/scene/Node$MiscProperties$9$1
Event: 17.772 loading class javafx/scene/Node$MiscProperties$9$1 done
Event: 17.852 Thread 0x00007efcd0293800 Uncommon trap: trap_request=0xffffff65 fr.pc=0x00007efcc150f8fc
Event: 17.853 Thread 0x00007efcd0293800 DEOPT PACKING pc=0x00007efcc150f8fc sp=0x00007efc859027d0
Event: 17.853 Thread 0x00007efcd0293800 DEOPT UNPACKING pc=0x00007efcc104547a sp=0x00007efc85902718 mode 2
Event: 18.252 loading class com/sun/javafx/scene/KeyboardShortcutsHandler$1
Event: 18.252 loading class com/sun/javafx/scene/KeyboardShortcutsHandler$1 done


Dynamic libraries:
85a00000-8ad00000 rw-p 00000000 00:00 0 
8ad00000-d7380000 ---p 00000000 00:00 0 
d7380000-dbb80000 rw-p 00000000 00:00 0 
dbb80000-100000000 ---p 00000000 00:00 0 
100000000-1002e0000 rw-p 00000000 00:00 0 
1002e0000-140000000 ---p 00000000 00:00 0 
55ac32e22000-55ac32e23000 r-xp 00000000 08:08 1715118                    /usr/lib/jvm/java-8-openjdk-amd64/jre/bin/java
55ac33022000-55ac33023000 r--p 00000000 08:08 1715118                    /usr/lib/jvm/java-8-openjdk-amd64/jre/bin/java
55ac33023000-55ac33024000 rw-p 00001000 08:08 1715118                    /usr/lib/jvm/java-8-openjdk-amd64/jre/bin/java
55ac341af000-55ac341d0000 rw-p 00000000 00:00 0                          [heap]
7efc736d5000-7efc736d6000 rw-s 104e74000 00:06 344                       /dev/dri/card0
7efc736d6000-7efc736d7000 rw-s 1031ea000 00:06 344                       /dev/dri/card0
7efc736d7000-7efc736dc000 rw-s 00000000 00:18 26                         /i915 (deleted)
7efc736dc000-7efc7381c000 rw-p 00000000 00:00 0 
7efc7381c000-7efc738dc000 ---p 00000000 00:00 0 
7efc738dc000-7efc738dd000 rw-s 105c8f000 00:06 344                       /dev/dri/card0
7efc738dd000-7efc738de000 rw-s 105c8e000 00:06 344                       /dev/dri/card0
7efc739de000-7efc739ee000 rw-s 00000000 00:18 228                        /i915 (deleted)
7efc739ee000-7efc739ef000 rw-s 00000000 00:18 152                        /i915 (deleted)
7efc739ef000-7efc739f3000 rw-s 00000000 00:18 226                        /i915 (deleted)
7efc739f3000-7efc73a53000 rw-s 1045c7000 00:06 344                       /dev/dri/card0
7efc73a53000-7efc73c13000 rw-s 1063e3000 00:06 344                       /dev/dri/card0
7efc73c13000-7efc73c73000 rw-s 104eba000 00:06 344                       /dev/dri/card0
7efc73c73000-7efc73c81000 rw-s 105c80000 00:06 344                       /dev/dri/card0
7efc73c81000-7efc73e41000 rw-s 104b9f000 00:06 344                       /dev/dri/card0
7efc73e41000-7efc73e51000 rw-s 00000000 00:18 217                        /i915 (deleted)
7efc73e51000-7efc73e61000 rw-s 00000000 00:18 200                        /i915 (deleted)
7efc73e61000-7efc73e6d000 rw-s 00000000 00:18 156                        /i915 (deleted)
7efc73e6d000-7efc7416d000 rw-s 105816000 00:06 344                       /dev/dri/card0
7efc7416d000-7efc741b4000 r--p 00000000 08:08 2491713                    /usr/share/fonts/truetype/noto/NotoSans-BoldItalic.ttf
7efc741b4000-7efc743b4000 rw-p 00000000 00:00 0 
7efc743b4000-7efc743e4000 r-xp 00000000 08:08 1973152                    /usr/lib/x86_64-linux-gnu/gtk-2.0/2.10.0/engines/libmurrine.so
7efc743e4000-7efc745e4000 ---p 00030000 08:08 1973152                    /usr/lib/x86_64-linux-gnu/gtk-2.0/2.10.0/engines/libmurrine.so
7efc745e4000-7efc745e5000 r--p 00030000 08:08 1973152                    /usr/lib/x86_64-linux-gnu/gtk-2.0/2.10.0/engines/libmurrine.so
7efc745e5000-7efc745e6000 rw-p 00031000 08:08 1973152                    /usr/lib/x86_64-linux-gnu/gtk-2.0/2.10.0/engines/libmurrine.so
7efc745e6000-7efc745e8000 r-xp 00000000 08:08 1973145                    /usr/lib/x86_64-linux-gnu/gtk-2.0/2.10.0/engines/libadwaita.so
7efc745e8000-7efc747e8000 ---p 00002000 08:08 1973145                    /usr/lib/x86_64-linux-gnu/gtk-2.0/2.10.0/engines/libadwaita.so
7efc747e8000-7efc747e9000 r--p 00002000 08:08 1973145                    /usr/lib/x86_64-linux-gnu/gtk-2.0/2.10.0/engines/libadwaita.so
7efc747e9000-7efc747ea000 rw-p 00003000 08:08 1973145                    /usr/lib/x86_64-linux-gnu/gtk-2.0/2.10.0/engines/libadwaita.so
7efc747ea000-7efc747f4000 r-xp 00000000 08:08 1973153                    /usr/lib/x86_64-linux-gnu/gtk-2.0/2.10.0/engines/libpixmap.so
7efc747f4000-7efc749f3000 ---p 0000a000 08:08 1973153                    /usr/lib/x86_64-linux-gnu/gtk-2.0/2.10.0/engines/libpixmap.so
7efc749f3000-7efc749f4000 r--p 00009000 08:08 1973153                    /usr/lib/x86_64-linux-gnu/gtk-2.0/2.10.0/engines/libpixmap.so
7efc749f4000-7efc749f5000 rw-p 0000a000 08:08 1973153                    /usr/lib/x86_64-linux-gnu/gtk-2.0/2.10.0/engines/libpixmap.so
7efc749f5000-7efc749fa000 r-xp 00000000 08:08 1717399                    /usr/lib/jvm/java-8-openjdk-amd64/jre/lib/amd64/libjavafx_font_freetype.so
7efc749fa000-7efc74bf9000 ---p 00005000 08:08 1717399                    /usr/lib/jvm/java-8-openjdk-amd64/jre/lib/amd64/libjavafx_font_freetype.so
7efc74bf9000-7efc74bfa000 r--p 00004000 08:08 1717399                    /usr/lib/jvm/java-8-openjdk-amd64/jre/lib/amd64/libjavafx_font_freetype.so
7efc74bfa000-7efc74bfb000 rw-p 00005000 08:08 1717399                    /usr/lib/jvm/java-8-openjdk-amd64/jre/lib/amd64/libjavafx_font_freetype.so
7efc74bfb000-7efc74dfb000 rw-p 00000000 00:00 0 
7efc74dfb000-7efc74dfe000 r-xp 00000000 08:08 1717398                    /usr/lib/jvm/java-8-openjdk-amd64/jre/lib/amd64/libjavafx_font.so
7efc74dfe000-7efc74ffd000 ---p 00003000 08:08 1717398                    /usr/lib/jvm/java-8-openjdk-amd64/jre/lib/amd64/libjavafx_font.so
7efc74ffd000-7efc74ffe000 r--p 00002000 08:08 1717398                    /usr/lib/jvm/java-8-openjdk-amd64/jre/lib/amd64/libjavafx_font.so
7efc74ffe000-7efc74fff000 rw-p 00003000 08:08 1717398                    /usr/lib/jvm/java-8-openjdk-amd64/jre/lib/amd64/libjavafx_font.so
7efc74fff000-7efc78000000 rw-p 00000000 00:00 0 
7efc78000000-7efc78576000 rw-p 00000000 00:00 0 
7efc78576000-7efc7c000000 ---p 00000000 00:00 0 
7efc7c000000-7efc7c021000 rw-p 00000000 00:00 0 
7efc7c021000-7efc80000000 ---p 00000000 00:00 0 
7efc80000000-7efc80021000 rw-p 00000000 00:00 0 
7efc80021000-7efc84000000 ---p 00000000 00:00 0 
7efc84000000-7efc84001000 rw-s 00000000 00:18 149                        /i915 (deleted)
7efc84001000-7efc84005000 rw-s 00000000 00:18 211                        /i915 (deleted)
7efc84005000-7efc84008000 ---p 00000000 00:00 0 
7efc84008000-7efc84106000 rw-p 00000000 00:00 0 
7efc84106000-7efc84151000 r--p 00000000 08:08 2491715                    /usr/share/fonts/truetype/noto/NotoSans-Regular.ttf
7efc84151000-7efc84193000 r--s 00000000 08:08 1572909                    /var/cache/fontconfig/0bd3dc0958fa2205aaaa8ebb13e2872b-le64.cache-4
7efc84193000-7efc841fc000 r-xp 00000000 08:08 1974422                    /usr/lib/x86_64-linux-gnu/libjpeg.so.62.2.0
7efc841fc000-7efc843fc000 ---p 00069000 08:08 1974422                    /usr/lib/x86_64-linux-gnu/libjpeg.so.62.2.0
7efc843fc000-7efc843fd000 r--p 00069000 08:08 1974422                    /usr/lib/x86_64-linux-gnu/libjpeg.so.62.2.0
7efc843fd000-7efc843fe000 rw-p 0006a000 08:08 1974422                    /usr/lib/x86_64-linux-gnu/libjpeg.so.62.2.0
7efc843fe000-7efc84402000 r-xp 00000000 08:08 1717401                    /usr/lib/jvm/java-8-openjdk-amd64/jre/lib/amd64/libjavafx_iio.so
7efc84402000-7efc84601000 ---p 00004000 08:08 1717401                    /usr/lib/jvm/java-8-openjdk-amd64/jre/lib/amd64/libjavafx_iio.so
7efc84601000-7efc84602000 r--p 00003000 08:08 1717401                    /usr/lib/jvm/java-8-openjdk-amd64/jre/lib/amd64/libjavafx_iio.so
7efc84602000-7efc84603000 rw-p 00004000 08:08 1717401                    /usr/lib/jvm/java-8-openjdk-amd64/jre/lib/amd64/libjavafx_iio.so
7efc84603000-7efc84803000 rw-p 00000000 00:00 0 
7efc84803000-7efc84a03000 rw-p 00000000 00:00 0 
7efc84a03000-7efc84a1a000 r-xp 00000000 08:08 1715156                    /usr/lib/jvm/java-8-openjdk-amd64/jre/lib/amd64/libnet.so
7efc84a1a000-7efc84c19000 ---p 00017000 08:08 1715156                    /usr/lib/jvm/java-8-openjdk-amd64/jre/lib/amd64/libnet.so
7efc84c19000-7efc84c1a000 r--p 00016000 08:08 1715156                    /usr/lib/jvm/java-8-openjdk-amd64/jre/lib/amd64/libnet.so
7efc84c1a000-7efc84c1b000 rw-p 00017000 08:08 1715156                    /usr/lib/jvm/java-8-openjdk-amd64/jre/lib/amd64/libnet.so
7efc84c1b000-7efc84c1e000 ---p 00000000 00:00 0 
7efc84c1e000-7efc84d1c000 rw-p 00000000 00:00 0 
7efc84d1c000-7efc84dc2000 r--s 010bb000 08:09 14421221                   /home/atomx/eclipse-workspace/Library/lib/jfxrt.jar
7efc84dc2000-7efc84dc5000 ---p 00000000 00:00 0 
7efc84dc5000-7efc84ec3000 rw-p 00000000 00:00 0 
7efc84ec3000-7efc84ec4000 ---p 00000000 00:00 0 
7efc84ec4000-7efc856c4000 rw-p 00000000 00:00 0 
7efc856c4000-7efc85805000 rw-s 00000000 08:09 12845132                   /home/atomx/.cache/mesa_shader_cache/index
7efc85805000-7efc85808000 ---p 00000000 00:00 0 
7efc85808000-7efc85906000 rw-p 00000000 00:00 0 
7efc85906000-7efc85909000 ---p 00000000 00:00 0 
7efc85909000-7efc85a07000 rw-p 00000000 00:00 0 
7efc85a07000-7efc85a30000 r-xp 00000000 08:08 1717396                    /usr/lib/jvm/java-8-openjdk-amd64/jre/lib/amd64/libglass.so
7efc85a30000-7efc85c30000 ---p 00029000 08:08 1717396                    /usr/lib/jvm/java-8-openjdk-amd64/jre/lib/amd64/libglass.so
7efc85c30000-7efc85c31000 r--p 00029000 08:08 1717396                    /usr/lib/jvm/java-8-openjdk-amd64/jre/lib/amd64/libglass.so
7efc85c31000-7efc85c32000 rw-p 0002a000 08:08 1717396                    /usr/lib/jvm/java-8-openjdk-amd64/jre/lib/amd64/libglass.so
7efc85c32000-7efc85c33000 rw-p 00000000 00:00 0 
7efc85c33000-7efc85c34000 ---p 00000000 00:00 0 
7efc85c34000-7efc86434000 rw-p 00000000 00:00 0 
7efc86434000-7efc86575000 rw-s 00000000 08:09 12845132                   /home/atomx/.cache/mesa_shader_cache/index
7efc86575000-7efc8657d000 r-xp 00000000 08:08 1974752                    /usr/lib/x86_64-linux-gnu/libpciaccess.so.0.11.1
7efc8657d000-7efc8677d000 ---p 00008000 08:08 1974752                    /usr/lib/x86_64-linux-gnu/libpciaccess.so.0.11.1
7efc8677d000-7efc8677e000 r--p 00008000 08:08 1974752                    /usr/lib/x86_64-linux-gnu/libpciaccess.so.0.11.1
7efc8677e000-7efc8677f000 rw-p 00009000 08:08 1974752                    /usr/lib/x86_64-linux-gnu/libpciaccess.so.0.11.1
7efc8677f000-7efc8678a000 r-xp 00000000 08:08 1973844                    /usr/lib/x86_64-linux-gnu/libdrm_radeon.so.1.0.1
7efc8678a000-7efc86989000 ---p 0000b000 08:08 1973844                    /usr/lib/x86_64-linux-gnu/libdrm_radeon.so.1.0.1
7efc86989000-7efc8698a000 r--p 0000a000 08:08 1973844                    /usr/lib/x86_64-linux-gnu/libdrm_radeon.so.1.0.1
7efc8698a000-7efc8698b000 rw-p 0000b000 08:08 1973844                    /usr/lib/x86_64-linux-gnu/libdrm_radeon.so.1.0.1
7efc8698b000-7efc86992000 r-xp 00000000 08:08 1973842                    /usr/lib/x86_64-linux-gnu/libdrm_nouveau.so.2.0.0
7efc86992000-7efc86b91000 ---p 00007000 08:08 1973842                    /usr/lib/x86_64-linux-gnu/libdrm_nouveau.so.2.0.0
7efc86b91000-7efc86b92000 r--p 00006000 08:08 1973842                    /usr/lib/x86_64-linux-gnu/libdrm_nouveau.so.2.0.0
7efc86b92000-7efc86b93000 rw-p 00007000 08:08 1973842                    /usr/lib/x86_64-linux-gnu/libdrm_nouveau.so.2.0.0
7efc86b93000-7efc86bb6000 r-xp 00000000 08:08 1973840                    /usr/lib/x86_64-linux-gnu/libdrm_intel.so.1.0.0
7efc86bb6000-7efc86db5000 ---p 00023000 08:08 1973840                    /usr/lib/x86_64-linux-gnu/libdrm_intel.so.1.0.0
7efc86db5000-7efc86db6000 r--p 00022000 08:08 1973840                    /usr/lib/x86_64-linux-gnu/libdrm_intel.so.1.0.0
7efc86db6000-7efc86db7000 rw-p 00023000 08:08 1973840                    /usr/lib/x86_64-linux-gnu/libdrm_intel.so.1.0.0
7efc86db7000-7efc876e6000 r-xp 00000000 08:08 1972506                    /usr/lib/x86_64-linux-gnu/dri/i965_dri.so
7efc876e6000-7efc878e5000 ---p 0092f000 08:08 1972506                    /usr/lib/x86_64-linux-gnu/dri/i965_dri.so
7efc878e5000-7efc8793f000 r--p 0092e000 08:08 1972506                    /usr/lib/x86_64-linux-gnu/dri/i965_dri.so
7efc8793f000-7efc8794a000 rw-p 00988000 08:08 1972506                    /usr/lib/x86_64-linux-gnu/dri/i965_dri.so
7efc8794a000-7efc879fd000 rw-p 00000000 00:00 0 
7efc879fd000-7efc87a0d000 r-xp 00000000 08:08 1973836                    /usr/lib/x86_64-linux-gnu/libdrm.so.2.4.0
7efc87a0d000-7efc87c0c000 ---p 00010000 08:08 1973836                    /usr/lib/x86_64-linux-gnu/libdrm.so.2.4.0
7efc87c0c000-7efc87c0d000 r--p 0000f000 08:08 1973836                    /usr/lib/x86_64-linux-gnu/libdrm.so.2.4.0
7efc87c0d000-7efc87c0e000 rw-p 00010000 08:08 1973836                    /usr/lib/x86_64-linux-gnu/libdrm.so.2.4.0
7efc87c0e000-7efc87c12000 r-xp 00000000 08:08 1975194                    /usr/lib/x86_64-linux-gnu/libxcb-dri2.so.0.0.0
7efc87c12000-7efc87e11000 ---p 00004000 08:08 1975194                    /usr/lib/x86_64-linux-gnu/libxcb-dri2.so.0.0.0
7efc87e11000-7efc87e12000 r--p 00003000 08:08 1975194                    /usr/lib/x86_64-linux-gnu/libxcb-dri2.so.0.0.0
7efc87e12000-7efc87e13000 rw-p 00004000 08:08 1975194                    /usr/lib/x86_64-linux-gnu/libxcb-dri2.so.0.0.0
7efc87e13000-7efc87e2b000 r-xp 00000000 08:08 1975200                    /usr/lib/x86_64-linux-gnu/libxcb-glx.so.0.0.0
7efc87e2b000-7efc8802b000 ---p 00018000 08:08 1975200                    /usr/lib/x86_64-linux-gnu/libxcb-glx.so.0.0.0
7efc8802b000-7efc8802d000 r--p 00018000 08:08 1975200                    /usr/lib/x86_64-linux-gnu/libxcb-glx.so.0.0.0
7efc8802d000-7efc8802e000 rw-p 0001a000 08:08 1975200                    /usr/lib/x86_64-linux-gnu/libxcb-glx.so.0.0.0
7efc8802e000-7efc8802f000 r-xp 00000000 08:08 1973515                    /usr/lib/x86_64-linux-gnu/libX11-xcb.so.1.0.0
7efc8802f000-7efc8822e000 ---p 00001000 08:08 1973515                    /usr/lib/x86_64-linux-gnu/libX11-xcb.so.1.0.0
7efc8822e000-7efc8822f000 r--p 00000000 08:08 1973515                    /usr/lib/x86_64-linux-gnu/libX11-xcb.so.1.0.0
7efc8822f000-7efc88230000 rw-p 00001000 08:08 1973515                    /usr/lib/x86_64-linux-gnu/libX11-xcb.so.1.0.0
7efc88230000-7efc8825c000 r-xp 00000000 08:08 1974054                    /usr/lib/x86_64-linux-gnu/libglapi.so.0.0.0
7efc8825c000-7efc8845b000 ---p 0002c000 08:08 1974054                    /usr/lib/x86_64-linux-gnu/libglapi.so.0.0.0
7efc8845b000-7efc8845f000 r--p 0002b000 08:08 1974054                    /usr/lib/x86_64-linux-gnu/libglapi.so.0.0.0
7efc8845f000-7efc88460000 rw-p 0002f000 08:08 1974054                    /usr/lib/x86_64-linux-gnu/libglapi.so.0.0.0
7efc88460000-7efc88461000 rw-p 00000000 00:00 0 
7efc88461000-7efc88462000 r-xp 00000000 08:08 1975250                    /usr/lib/x86_64-linux-gnu/libxshmfence.so.1.0.0
7efc88462000-7efc88661000 ---p 00001000 08:08 1975250                    /usr/lib/x86_64-linux-gnu/libxshmfence.so.1.0.0
7efc88661000-7efc88662000 r--p 00000000 08:08 1975250                    /usr/lib/x86_64-linux-gnu/libxshmfence.so.1.0.0
7efc88662000-7efc88663000 rw-p 00001000 08:08 1975250                    /usr/lib/x86_64-linux-gnu/libxshmfence.so.1.0.0
7efc88663000-7efc88669000 r-xp 00000000 08:08 1975220                    /usr/lib/x86_64-linux-gnu/libxcb-sync.so.1.0.0
7efc88669000-7efc88868000 ---p 00006000 08:08 1975220                    /usr/lib/x86_64-linux-gnu/libxcb-sync.so.1.0.0
7efc88868000-7efc88869000 r--p 00005000 08:08 1975220                    /usr/lib/x86_64-linux-gnu/libxcb-sync.so.1.0.0
7efc88869000-7efc8886a000 rw-p 00006000 08:08 1975220                    /usr/lib/x86_64-linux-gnu/libxcb-sync.so.1.0.0
7efc8886a000-7efc8886c000 r-xp 00000000 08:08 1975208                    /usr/lib/x86_64-linux-gnu/libxcb-present.so.0.0.0
7efc8886c000-7efc88a6b000 ---p 00002000 08:08 1975208                    /usr/lib/x86_64-linux-gnu/libxcb-present.so.0.0.0
7efc88a6b000-7efc88a6c000 r--p 00001000 08:08 1975208                    /usr/lib/x86_64-linux-gnu/libxcb-present.so.0.0.0
7efc88a6c000-7efc88a6d000 rw-p 00002000 08:08 1975208                    /usr/lib/x86_64-linux-gnu/libxcb-present.so.0.0.0
7efc88a6d000-7efc88a74000 r-xp 00000000 08:08 1975224                    /usr/lib/x86_64-linux-gnu/libxcb-xfixes.so.0.0.0
7efc88a74000-7efc88c73000 ---p 00007000 08:08 1975224                    /usr/lib/x86_64-linux-gnu/libxcb-xfixes.so.0.0.0
7efc88c73000-7efc88c74000 r--p 00006000 08:08 1975224                    /usr/lib/x86_64-linux-gnu/libxcb-xfixes.so.0.0.0
7efc88c74000-7efc88c75000 rw-p 00007000 08:08 1975224                    /usr/lib/x86_64-linux-gnu/libxcb-xfixes.so.0.0.0
7efc88c75000-7efc88c77000 r-xp 00000000 08:08 1975196                    /usr/lib/x86_64-linux-gnu/libxcb-dri3.so.0.0.0
7efc88c77000-7efc88e76000 ---p 00002000 08:08 1975196                    /usr/lib/x86_64-linux-gnu/libxcb-dri3.so.0.0.0
7efc88e76000-7efc88e77000 r--p 00001000 08:08 1975196                    /usr/lib/x86_64-linux-gnu/libxcb-dri3.so.0.0.0
7efc88e77000-7efc88e78000 rw-p 00002000 08:08 1975196                    /usr/lib/x86_64-linux-gnu/libxcb-dri3.so.0.0.0
7efc88e78000-7efc88eea000 r-xp 00000000 08:08 1973267                    /usr/lib/x86_64-linux-gnu/libGLX_mesa.so.0.0.0
7efc88eea000-7efc890e9000 ---p 00072000 08:08 1973267                    /usr/lib/x86_64-linux-gnu/libGLX_mesa.so.0.0.0
7efc890e9000-7efc890ec000 r--p 00071000 08:08 1973267                    /usr/lib/x86_64-linux-gnu/libGLX_mesa.so.0.0.0
7efc890ec000-7efc890ed000 rw-p 00074000 08:08 1973267                    /usr/lib/x86_64-linux-gnu/libGLX_mesa.so.0.0.0
7efc890ed000-7efc890ee000 rw-p 00000000 00:00 0 
7efc890ee000-7efc890f2000 r-xp 00000000 08:08 1975099                    /usr/lib/x86_64-linux-gnu/libuuid.so.1.3.0
7efc890f2000-7efc892f1000 ---p 00004000 08:08 1975099                    /usr/lib/x86_64-linux-gnu/libuuid.so.1.3.0
7efc892f1000-7efc892f2000 r--p 00003000 08:08 1975099                    /usr/lib/x86_64-linux-gnu/libuuid.so.1.3.0
7efc892f2000-7efc892f3000 rw-p 00004000 08:08 1975099                    /usr/lib/x86_64-linux-gnu/libuuid.so.1.3.0
7efc892f3000-7efc89306000 r-xp 00000000 08:08 1973672                    /usr/lib/x86_64-linux-gnu/libbsd.so.0.8.3
7efc89306000-7efc89506000 ---p 00013000 08:08 1973672                    /usr/lib/x86_64-linux-gnu/libbsd.so.0.8.3
7efc89506000-7efc89507000 r--p 00013000 08:08 1973672                    /usr/lib/x86_64-linux-gnu/libbsd.so.0.8.3
7efc89507000-7efc89508000 rw-p 00014000 08:08 1973672                    /usr/lib/x86_64-linux-gnu/libbsd.so.0.8.3
7efc89508000-7efc89509000 rw-p 00000000 00:00 0 
7efc89509000-7efc89510000 r-xp 00000000 08:08 1973762                    /usr/lib/x86_64-linux-gnu/libdatrie.so.1.3.3
7efc89510000-7efc8970f000 ---p 00007000 08:08 1973762                    /usr/lib/x86_64-linux-gnu/libdatrie.so.1.3.3
7efc8970f000-7efc89710000 r--p 00006000 08:08 1973762                    /usr/lib/x86_64-linux-gnu/libdatrie.so.1.3.3
7efc89710000-7efc89711000 rw-p 00007000 08:08 1973762                    /usr/lib/x86_64-linux-gnu/libdatrie.so.1.3.3
7efc89711000-7efc8973c000 r-xp 00000000 08:08 1974207                    /usr/lib/x86_64-linux-gnu/libgraphite2.so.3.0.1
7efc8973c000-7efc8993b000 ---p 0002b000 08:08 1974207                    /usr/lib/x86_64-linux-gnu/libgraphite2.so.3.0.1
7efc8993b000-7efc8993d000 r--p 0002a000 08:08 1974207                    /usr/lib/x86_64-linux-gnu/libgraphite2.so.3.0.1
7efc8993d000-7efc8993e000 rw-p 0002c000 08:08 1974207                    /usr/lib/x86_64-linux-gnu/libgraphite2.so.3.0.1
7efc8993e000-7efc8997f000 r-xp 00000000 08:08 1973657                    /usr/lib/x86_64-linux-gnu/libblkid.so.1.1.0
7efc8997f000-7efc89b7e000 ---p 00041000 08:08 1973657                    /usr/lib/x86_64-linux-gnu/libblkid.so.1.1.0
7efc89b7e000-7efc89b82000 r--p 00040000 08:08 1973657                    /usr/lib/x86_64-linux-gnu/libblkid.so.1.1.0
7efc89b82000-7efc89b83000 rw-p 00044000 08:08 1973657                    /usr/lib/x86_64-linux-gnu/libblkid.so.1.1.0
7efc89b83000-7efc89b84000 rw-p 00000000 00:00 0 
7efc89b84000-7efc89b89000 r-xp 00000000 08:08 1973532                    /usr/lib/x86_64-linux-gnu/libXdmcp.so.6.0.0
7efc89b89000-7efc89d88000 ---p 00005000 08:08 1973532                    /usr/lib/x86_64-linux-gnu/libXdmcp.so.6.0.0
7efc89d88000-7efc89d89000 r--p 00004000 08:08 1973532                    /usr/lib/x86_64-linux-gnu/libXdmcp.so.6.0.0
7efc89d89000-7efc89d8a000 rw-p 00005000 08:08 1973532                    /usr/lib/x86_64-linux-gnu/libXdmcp.so.6.0.0
7efc89d8a000-7efc89d8d000 r-xp 00000000 08:08 1973521                    /usr/lib/x86_64-linux-gnu/libXau.so.6.0.0
7efc89d8d000-7efc89f8c000 ---p 00003000 08:08 1973521                    /usr/lib/x86_64-linux-gnu/libXau.so.6.0.0
7efc89f8c000-7efc89f8d000 r--p 00002000 08:08 1973521                    /usr/lib/x86_64-linux-gnu/libXau.so.6.0.0
7efc89f8d000-7efc89f8e000 rw-p 00003000 08:08 1973521                    /usr/lib/x86_64-linux-gnu/libXau.so.6.0.0
7efc89f8e000-7efc89ffe000 r-xp 00000000 08:08 1973269                    /usr/lib/x86_64-linux-gnu/libGLdispatch.so.0.0.0
7efc89ffe000-7efc8a1fe000 ---p 00070000 08:08 1973269                    /usr/lib/x86_64-linux-gnu/libGLdispatch.so.0.0.0
7efc8a1fe000-7efc8a227000 r--p 00070000 08:08 1973269                    /usr/lib/x86_64-linux-gnu/libGLdispatch.so.0.0.0
7efc8a227000-7efc8a228000 rw-p 00099000 08:08 1973269                    /usr/lib/x86_64-linux-gnu/libGLdispatch.so.0.0.0
7efc8a228000-7efc8a248000 rw-p 00000000 00:00 0 
7efc8a248000-7efc8a258000 r-xp 00000000 08:08 1973264                    /usr/lib/x86_64-linux-gnu/libGLX.so.0.0.0
7efc8a258000-7efc8a458000 ---p 00010000 08:08 1973264                    /usr/lib/x86_64-linux-gnu/libGLX.so.0.0.0
7efc8a458000-7efc8a459000 r--p 00010000 08:08 1973264                    /usr/lib/x86_64-linux-gnu/libGLX.so.0.0.0
7efc8a459000-7efc8a45a000 rw-p 00011000 08:08 1973264                    /usr/lib/x86_64-linux-gnu/libGLX.so.0.0.0
7efc8a45a000-7efc8a47a000 rw-p 00000000 00:00 0 
7efc8a47a000-7efc8a4ec000 r-xp 00000000 08:08 1974757                    /usr/lib/x86_64-linux-gnu/libpcre.so.3.13.3
7efc8a4ec000-7efc8a6eb000 ---p 00072000 08:08 1974757                    /usr/lib/x86_64-linux-gnu/libpcre.so.3.13.3
7efc8a6eb000-7efc8a6ec000 r--p 00071000 08:08 1974757                    /usr/lib/x86_64-linux-gnu/libpcre.so.3.13.3
7efc8a6ec000-7efc8a6ed000 rw-p 00072000 08:08 1974757                    /usr/lib/x86_64-linux-gnu/libpcre.so.3.13.3
7efc8a6ed000-7efc8a714000 r-xp 00000000 08:08 1973918                    /usr/lib/x86_64-linux-gnu/libexpat.so.1.6.2
7efc8a714000-7efc8a914000 ---p 00027000 08:08 1973918                    /usr/lib/x86_64-linux-gnu/libexpat.so.1.6.2
7efc8a914000-7efc8a916000 r--p 00027000 08:08 1973918                    /usr/lib/x86_64-linux-gnu/libexpat.so.1.6.2
7efc8a916000-7efc8a917000 rw-p 00029000 08:08 1973918                    /usr/lib/x86_64-linux-gnu/libexpat.so.1.6.2
7efc8a917000-7efc8a91e000 r-xp 00000000 08:08 1973938                    /usr/lib/x86_64-linux-gnu/libffi.so.6.0.4
7efc8a91e000-7efc8ab1e000 ---p 00007000 08:08 1973938                    /usr/lib/x86_64-linux-gnu/libffi.so.6.0.4
7efc8ab1e000-7efc8ab1f000 r--p 00007000 08:08 1973938                    /usr/lib/x86_64-linux-gnu/libffi.so.6.0.4
7efc8ab1f000-7efc8ab20000 rw-p 00008000 08:08 1973938                    /usr/lib/x86_64-linux-gnu/libffi.so.6.0.4
7efc8ab20000-7efc8ab28000 r-xp 00000000 08:08 1975032                    /usr/lib/x86_64-linux-gnu/libthai.so.0.3.0
7efc8ab28000-7efc8ad28000 ---p 00008000 08:08 1975032                    /usr/lib/x86_64-linux-gnu/libthai.so.0.3.0
7efc8ad28000-7efc8ad29000 r--p 00008000 08:08 1975032                    /usr/lib/x86_64-linux-gnu/libthai.so.0.3.0
7efc8ad29000-7efc8ad2a000 rw-p 00009000 08:08 1975032                    /usr/lib/x86_64-linux-gnu/libthai.so.0.3.0
7efc8ad2a000-7efc8adbd000 r-xp 00000000 08:08 1974304                    /usr/lib/x86_64-linux-gnu/libharfbuzz.so.0.10400.2
7efc8adbd000-7efc8afbc000 ---p 00093000 08:08 1974304                    /usr/lib/x86_64-linux-gnu/libharfbuzz.so.0.10400.2
7efc8afbc000-7efc8afbe000 r--p 00092000 08:08 1974304                    /usr/lib/x86_64-linux-gnu/libharfbuzz.so.0.10400.2
7efc8afbe000-7efc8afbf000 rw-p 00094000 08:08 1974304                    /usr/lib/x86_64-linux-gnu/libharfbuzz.so.0.10400.2
7efc8afbf000-7efc8b009000 r-xp 00000000 08:08 1974545                    /usr/lib/x86_64-linux-gnu/libmount.so.1.1.0
7efc8b009000-7efc8b209000 ---p 0004a000 08:08 1974545                    /usr/lib/x86_64-linux-gnu/libmount.so.1.1.0
7efc8b209000-7efc8b20a000 r--p 0004a000 08:08 1974545                    /usr/lib/x86_64-linux-gnu/libmount.so.1.1.0
7efc8b20a000-7efc8b20b000 rw-p 0004b000 08:08 1974545                    /usr/lib/x86_64-linux-gnu/libmount.so.1.1.0
7efc8b20b000-7efc8b20d000 rw-p 00000000 00:00 0 
7efc8b20d000-7efc8b221000 r-xp 00000000 08:08 1974883                    /usr/lib/x86_64-linux-gnu/libresolv-2.24.so
7efc8b221000-7efc8b420000 ---p 00014000 08:08 1974883                    /usr/lib/x86_64-linux-gnu/libresolv-2.24.so
7efc8b420000-7efc8b421000 r--p 00013000 08:08 1974883                    /usr/lib/x86_64-linux-gnu/libresolv-2.24.so
7efc8b421000-7efc8b422000 rw-p 00014000 08:08 1974883                    /usr/lib/x86_64-linux-gnu/libresolv-2.24.so
7efc8b422000-7efc8b424000 rw-p 00000000 00:00 0 
7efc8b424000-7efc8b449000 r-xp 00000000 08:08 1974931                    /usr/lib/x86_64-linux-gnu/libselinux.so.1
7efc8b449000-7efc8b648000 ---p 00025000 08:08 1974931                    /usr/lib/x86_64-linux-gnu/libselinux.so.1
7efc8b648000-7efc8b649000 r--p 00024000 08:08 1974931                    /usr/lib/x86_64-linux-gnu/libselinux.so.1
7efc8b649000-7efc8b64a000 rw-p 00025000 08:08 1974931                    /usr/lib/x86_64-linux-gnu/libselinux.so.1
7efc8b64a000-7efc8b64c000 rw-p 00000000 00:00 0 
7efc8b64c000-7efc8b658000 r-xp 00000000 08:08 1975214                    /usr/lib/x86_64-linux-gnu/libxcb-render.so.0.0.0
7efc8b658000-7efc8b858000 ---p 0000c000 08:08 1975214                    /usr/lib/x86_64-linux-gnu/libxcb-render.so.0.0.0
7efc8b858000-7efc8b859000 r--p 0000c000 08:08 1975214                    /usr/lib/x86_64-linux-gnu/libxcb-render.so.0.0.0
7efc8b859000-7efc8b85a000 rw-p 0000d000 08:08 1975214                    /usr/lib/x86_64-linux-gnu/libxcb-render.so.0.0.0
7efc8b85a000-7efc8b881000 r-xp 00000000 08:08 1975232                    /usr/lib/x86_64-linux-gnu/libxcb.so.1.1.0
7efc8b881000-7efc8ba80000 ---p 00027000 08:08 1975232                    /usr/lib/x86_64-linux-gnu/libxcb.so.1.1.0
7efc8ba80000-7efc8ba81000 r--p 00026000 08:08 1975232                    /usr/lib/x86_64-linux-gnu/libxcb.so.1.1.0
7efc8ba81000-7efc8ba82000 rw-p 00027000 08:08 1975232                    /usr/lib/x86_64-linux-gnu/libxcb.so.1.1.0
7efc8ba82000-7efc8ba84000 r-xp 00000000 08:08 1975218                    /usr/lib/x86_64-linux-gnu/libxcb-shm.so.0.0.0
7efc8ba84000-7efc8bc84000 ---p 00002000 08:08 1975218                    /usr/lib/x86_64-linux-gnu/libxcb-shm.so.0.0.0
7efc8bc84000-7efc8bc85000 r--p 00002000 08:08 1975218                    /usr/lib/x86_64-linux-gnu/libxcb-shm.so.0.0.0
7efc8bc85000-7efc8bc86000 rw-p 00003000 08:08 1975218                    /usr/lib/x86_64-linux-gnu/libxcb-shm.so.0.0.0
7efc8bc86000-7efc8bcb7000 r-xp 00000000 08:08 1974804                    /usr/lib/x86_64-linux-gnu/libpng16.so.16.28.0
7efc8bcb7000-7efc8beb7000 ---p 00031000 08:08 1974804                    /usr/lib/x86_64-linux-gnu/libpng16.so.16.28.0
7efc8beb7000-7efc8beb8000 r--p 00031000 08:08 1974804                    /usr/lib/x86_64-linux-gnu/libpng16.so.16.28.0
7efc8beb8000-7efc8beb9000 rw-p 00032000 08:08 1974804                    /usr/lib/x86_64-linux-gnu/libpng16.so.16.28.0
7efc8beb9000-7efc8bf57000 r-xp 00000000 08:08 1974787                    /usr/lib/x86_64-linux-gnu/libpixman-1.so.0.34.0
7efc8bf57000-7efc8c157000 ---p 0009e000 08:08 1974787                    /usr/lib/x86_64-linux-gnu/libpixman-1.so.0.34.0
7efc8c157000-7efc8c15f000 r--p 0009e000 08:08 1974787                    /usr/lib/x86_64-linux-gnu/libpixman-1.so.0.34.0
7efc8c15f000-7efc8c160000 rw-p 000a6000 08:08 1974787                    /usr/lib/x86_64-linux-gnu/libpixman-1.so.0.34.0
7efc8c160000-7efc8c171000 r-xp 00000000 08:08 1973534                    /usr/lib/x86_64-linux-gnu/libXext.so.6.4.0
7efc8c171000-7efc8c370000 ---p 00011000 08:08 1973534                    /usr/lib/x86_64-linux-gnu/libXext.so.6.4.0
7efc8c370000-7efc8c371000 r--p 00010000 08:08 1973534                    /usr/lib/x86_64-linux-gnu/libXext.so.6.4.0
7efc8c371000-7efc8c372000 rw-p 00011000 08:08 1973534                    /usr/lib/x86_64-linux-gnu/libXext.so.6.4.0
7efc8c372000-7efc8c37c000 r-xp 00000000 08:08 1973528                    /usr/lib/x86_64-linux-gnu/libXcursor.so.1.0.2
7efc8c37c000-7efc8c57b000 ---p 0000a000 08:08 1973528                    /usr/lib/x86_64-linux-gnu/libXcursor.so.1.0.2
7efc8c57b000-7efc8c57c000 r--p 00009000 08:08 1973528                    /usr/lib/x86_64-linux-gnu/libXcursor.so.1.0.2
7efc8c57c000-7efc8c57d000 rw-p 0000a000 08:08 1973528                    /usr/lib/x86_64-linux-gnu/libXcursor.so.1.0.2
7efc8c57d000-7efc8c587000 r-xp 00000000 08:08 1973554                    /usr/lib/x86_64-linux-gnu/libXrandr.so.2.2.0
7efc8c587000-7efc8c786000 ---p 0000a000 08:08 1973554                    /usr/lib/x86_64-linux-gnu/libXrandr.so.2.2.0
7efc8c786000-7efc8c787000 r--p 00009000 08:08 1973554                    /usr/lib/x86_64-linux-gnu/libXrandr.so.2.2.0
7efc8c787000-7efc8c788000 rw-p 0000a000 08:08 1973554                    /usr/lib/x86_64-linux-gnu/libXrandr.so.2.2.0
7efc8c788000-7efc8c797000 r-xp 00000000 08:08 1973544                    /usr/lib/x86_64-linux-gnu/libXi.so.6.1.0
7efc8c797000-7efc8c996000 ---p 0000f000 08:08 1973544                    /usr/lib/x86_64-linux-gnu/libXi.so.6.1.0
7efc8c996000-7efc8c997000 r--p 0000e000 08:08 1973544                    /usr/lib/x86_64-linux-gnu/libXi.so.6.1.0
7efc8c997000-7efc8c998000 rw-p 0000f000 08:08 1973544                    /usr/lib/x86_64-linux-gnu/libXi.so.6.1.0
7efc8c998000-7efc8c99a000 r-xp 00000000 08:08 1973546                    /usr/lib/x86_64-linux-gnu/libXinerama.so.1.0.0
7efc8c99a000-7efc8cb99000 ---p 00002000 08:08 1973546                    /usr/lib/x86_64-linux-gnu/libXinerama.so.1.0.0
7efc8cb99000-7efc8cb9a000 r--p 00001000 08:08 1973546                    /usr/lib/x86_64-linux-gnu/libXinerama.so.1.0.0
7efc8cb9a000-7efc8cb9b000 rw-p 00002000 08:08 1973546                    /usr/lib/x86_64-linux-gnu/libXinerama.so.1.0.0
7efc8cb9b000-7efc8cba4000 r-xp 00000000 08:08 1973556                    /usr/lib/x86_64-linux-gnu/libXrender.so.1.3.0
7efc8cba4000-7efc8cda3000 ---p 00009000 08:08 1973556                    /usr/lib/x86_64-linux-gnu/libXrender.so.1.3.0
7efc8cda3000-7efc8cda4000 r--p 00008000 08:08 1973556                    /usr/lib/x86_64-linux-gnu/libXrender.so.1.3.0
7efc8cda4000-7efc8cda5000 rw-p 00009000 08:08 1973556                    /usr/lib/x86_64-linux-gnu/libXrender.so.1.3.0
7efc8cda5000-7efc8cdaa000 r-xp 00000000 08:08 1973536                    /usr/lib/x86_64-linux-gnu/libXfixes.so.3.1.0
7efc8cdaa000-7efc8cfa9000 ---p 00005000 08:08 1973536                    /usr/lib/x86_64-linux-gnu/libXfixes.so.3.1.0
7efc8cfa9000-7efc8cfaa000 r--p 00004000 08:08 1973536                    /usr/lib/x86_64-linux-gnu/libXfixes.so.3.1.0
7efc8cfaa000-7efc8cfab000 rw-p 00005000 08:08 1973536                    /usr/lib/x86_64-linux-gnu/libXfixes.so.3.1.0
7efc8cfab000-7efc8cfad000 r-xp 00000000 08:08 1973530                    /usr/lib/x86_64-linux-gnu/libXdamage.so.1.1.0
7efc8cfad000-7efc8d1ac000 ---p 00002000 08:08 1973530                    /usr/lib/x86_64-linux-gnu/libXdamage.so.1.1.0
7efc8d1ac000-7efc8d1ad000 r--p 00001000 08:08 1973530                    /usr/lib/x86_64-linux-gnu/libXdamage.so.1.1.0
7efc8d1ad000-7efc8d1ae000 rw-p 00002000 08:08 1973530                    /usr/lib/x86_64-linux-gnu/libXdamage.so.1.1.0
7efc8d1ae000-7efc8d1b0000 r-xp 00000000 08:08 1973526                    /usr/lib/x86_64-linux-gnu/libXcomposite.so.1.0.0
7efc8d1b0000-7efc8d3af000 ---p 00002000 08:08 1973526                    /usr/lib/x86_64-linux-gnu/libXcomposite.so.1.0.0
7efc8d3af000-7efc8d3b0000 r--p 00001000 08:08 1973526                    /usr/lib/x86_64-linux-gnu/libXcomposite.so.1.0.0
7efc8d3b0000-7efc8d3b1000 rw-p 00002000 08:08 1973526                    /usr/lib/x86_64-linux-gnu/libXcomposite.so.1.0.0
7efc8d3b1000-7efc8d3b4000 r-xp 00000000 08:08 1974072                    /usr/lib/x86_64-linux-gnu/libgmodule-2.0.so.0.5000.3
7efc8d3b4000-7efc8d5b3000 ---p 00003000 08:08 1974072                    /usr/lib/x86_64-linux-gnu/libgmodule-2.0.so.0.5000.3
7efc8d5b3000-7efc8d5b4000 r--p 00002000 08:08 1974072                    /usr/lib/x86_64-linux-gnu/libgmodule-2.0.so.0.5000.3
7efc8d5b4000-7efc8d5b5000 rw-p 00003000 08:08 1974072                    /usr/lib/x86_64-linux-gnu/libgmodule-2.0.so.0.5000.3
7efc8d5b5000-7efc8d62a000 r-xp 00000000 08:08 1973258                    /usr/lib/x86_64-linux-gnu/libGL.so.1.7.0
7efc8d62a000-7efc8d82a000 ---p 00075000 08:08 1973258                    /usr/lib/x86_64-linux-gnu/libGL.so.1.7.0
7efc8d82a000-7efc8d844000 r--p 00075000 08:08 1973258                    /usr/lib/x86_64-linux-gnu/libGL.so.1.7.0
7efc8d844000-7efc8d845000 rw-p 0008f000 08:08 1973258                    /usr/lib/x86_64-linux-gnu/libGL.so.1.7.0
7efc8d845000-7efc8d846000 rw-p 00000000 00:00 0 
7efc8d846000-7efc8d84b000 r-xp 00000000 08:08 1973572                    /usr/lib/x86_64-linux-gnu/libXxf86vm.so.1.0.0
7efc8d84b000-7efc8da4a000 ---p 00005000 08:08 1973572                    /usr/lib/x86_64-linux-gnu/libXxf86vm.so.1.0.0
7efc8da4a000-7efc8da4b000 r--p 00004000 08:08 1973572                    /usr/lib/x86_64-linux-gnu/libXxf86vm.so.1.0.0
7efc8da4b000-7efc8da4c000 rw-p 00005000 08:08 1973572                    /usr/lib/x86_64-linux-gnu/libXxf86vm.so.1.0.0
7efc8da4c000-7efc8db86000 r-xp 00000000 08:08 1973517                    /usr/lib/x86_64-linux-gnu/libX11.so.6.3.0
7efc8db86000-7efc8dd86000 ---p 0013a000 08:08 1973517                    /usr/lib/x86_64-linux-gnu/libX11.so.6.3.0
7efc8dd86000-7efc8dd87000 r--p 0013a000 08:08 1973517                    /usr/lib/x86_64-linux-gnu/libX11.so.6.3.0
7efc8dd87000-7efc8dd8c000 rw-p 0013b000 08:08 1973517                    /usr/lib/x86_64-linux-gnu/libX11.so.6.3.0
7efc8dd8c000-7efc8dd91000 r-xp 00000000 08:08 1973562                    /usr/lib/x86_64-linux-gnu/libXtst.so.6.1.0
7efc8dd91000-7efc8df90000 ---p 00005000 08:08 1973562                    /usr/lib/x86_64-linux-gnu/libXtst.so.6.1.0
7efc8df90000-7efc8df91000 r--p 00004000 08:08 1973562                    /usr/lib/x86_64-linux-gnu/libXtst.so.6.1.0
7efc8df91000-7efc8df92000 rw-p 00005000 08:08 1973562                    /usr/lib/x86_64-linux-gnu/libXtst.so.6.1.0
7efc8df92000-7efc8e0a4000 r-xp 00000000 08:08 1974060                    /usr/lib/x86_64-linux-gnu/libglib-2.0.so.0.5000.3
7efc8e0a4000-7efc8e2a3000 ---p 00112000 08:08 1974060                    /usr/lib/x86_64-linux-gnu/libglib-2.0.so.0.5000.3
7efc8e2a3000-7efc8e2a4000 r--p 00111000 08:08 1974060                    /usr/lib/x86_64-linux-gnu/libglib-2.0.so.0.5000.3
7efc8e2a4000-7efc8e2a5000 rw-p 00112000 08:08 1974060                    /usr/lib/x86_64-linux-gnu/libglib-2.0.so.0.5000.3
7efc8e2a5000-7efc8e2a6000 rw-p 00000000 00:00 0 
7efc8e2a6000-7efc8e2a7000 r-xp 00000000 08:08 1974280                    /usr/lib/x86_64-linux-gnu/libgthread-2.0.so.0.5000.3
7efc8e2a7000-7efc8e4a6000 ---p 00001000 08:08 1974280                    /usr/lib/x86_64-linux-gnu/libgthread-2.0.so.0.5000.3
7efc8e4a6000-7efc8e4a7000 r--p 00000000 08:08 1974280                    /usr/lib/x86_64-linux-gnu/libgthread-2.0.so.0.5000.3
7efc8e4a7000-7efc8e4a8000 rw-p 00001000 08:08 1974280                    /usr/lib/x86_64-linux-gnu/libgthread-2.0.so.0.5000.3
7efc8e4a8000-7efc8e550000 r-xp 00000000 08:08 1973996                    /usr/lib/x86_64-linux-gnu/libfreetype.so.6.12.3
7efc8e550000-7efc8e750000 ---p 000a8000 08:08 1973996                    /usr/lib/x86_64-linux-gnu/libfreetype.so.6.12.3
7efc8e750000-7efc8e756000 r--p 000a8000 08:08 1973996                    /usr/lib/x86_64-linux-gnu/libfreetype.so.6.12.3
7efc8e756000-7efc8e757000 rw-p 000ae000 08:08 1973996                    /usr/lib/x86_64-linux-gnu/libfreetype.so.6.12.3
7efc8e757000-7efc8e793000 r-xp 00000000 08:08 1973982                    /usr/lib/x86_64-linux-gnu/libfontconfig.so.1.8.0
7efc8e793000-7efc8e992000 ---p 0003c000 08:08 1973982                    /usr/lib/x86_64-linux-gnu/libfontconfig.so.1.8.0
7efc8e992000-7efc8e994000 r--p 0003b000 08:08 1973982                    /usr/lib/x86_64-linux-gnu/libfontconfig.so.1.8.0
7efc8e994000-7efc8e995000 rw-p 0003d000 08:08 1973982                    /usr/lib/x86_64-linux-gnu/libfontconfig.so.1.8.0
7efc8e995000-7efc8e9e7000 r-xp 00000000 08:08 1974112                    /usr/lib/x86_64-linux-gnu/libgobject-2.0.so.0.5000.3
7efc8e9e7000-7efc8ebe6000 ---p 00052000 08:08 1974112                    /usr/lib/x86_64-linux-gnu/libgobject-2.0.so.0.5000.3
7efc8ebe6000-7efc8ebe7000 r--p 00051000 08:08 1974112                    /usr/lib/x86_64-linux-gnu/libgobject-2.0.so.0.5000.3
7efc8ebe7000-7efc8ebe8000 rw-p 00052000 08:08 1974112                    /usr/lib/x86_64-linux-gnu/libgobject-2.0.so.0.5000.3
7efc8ebe8000-7efc8ec31000 r-xp 00000000 08:08 1974732                    /usr/lib/x86_64-linux-gnu/libpango-1.0.so.0.4000.5
7efc8ec31000-7efc8ee30000 ---p 00049000 08:08 1974732                    /usr/lib/x86_64-linux-gnu/libpango-1.0.so.0.4000.5
7efc8ee30000-7efc8ee33000 r--p 00048000 08:08 1974732                    /usr/lib/x86_64-linux-gnu/libpango-1.0.so.0.4000.5
7efc8ee33000-7efc8ee34000 rw-p 0004b000 08:08 1974732                    /usr/lib/x86_64-linux-gnu/libpango-1.0.so.0.4000.5
7efc8ee34000-7efc8ee48000 r-xp 00000000 08:08 1974736                    /usr/lib/x86_64-linux-gnu/libpangoft2-1.0.so.0.4000.5
7efc8ee48000-7efc8f048000 ---p 00014000 08:08 1974736                    /usr/lib/x86_64-linux-gnu/libpangoft2-1.0.so.0.4000.5
7efc8f048000-7efc8f049000 r--p 00014000 08:08 1974736                    /usr/lib/x86_64-linux-gnu/libpangoft2-1.0.so.0.4000.5
7efc8f049000-7efc8f04a000 rw-p 00015000 08:08 1974736                    /usr/lib/x86_64-linux-gnu/libpangoft2-1.0.so.0.4000.5
7efc8f04a000-7efc8f1d7000 r-xp 00000000 08:08 1974048                    /usr/lib/x86_64-linux-gnu/libgio-2.0.so.0.5000.3
7efc8f1d7000-7efc8f3d7000 ---p 0018d000 08:08 1974048                    /usr/lib/x86_64-linux-gnu/libgio-2.0.so.0.5000.3
7efc8f3d7000-7efc8f3dc000 r--p 0018d000 08:08 1974048                    /usr/lib/x86_64-linux-gnu/libgio-2.0.so.0.5000.3
7efc8f3dc000-7efc8f3df000 rw-p 00192000 08:08 1974048                    /usr/lib/x86_64-linux-gnu/libgio-2.0.so.0.5000.3
7efc8f3df000-7efc8f3e0000 rw-p 00000000 00:00 0 
7efc8f3e0000-7efc8f402000 r-xp 00000000 08:08 1974034                    /usr/lib/x86_64-linux-gnu/libgdk_pixbuf-2.0.so.0.3600.5
7efc8f402000-7efc8f602000 ---p 00022000 08:08 1974034                    /usr/lib/x86_64-linux-gnu/libgdk_pixbuf-2.0.so.0.3600.5
7efc8f602000-7efc8f603000 r--p 00022000 08:08 1974034                    /usr/lib/x86_64-linux-gnu/libgdk_pixbuf-2.0.so.0.3600.5
7efc8f603000-7efc8f604000 rw-p 00023000 08:08 1974034                    /usr/lib/x86_64-linux-gnu/libgdk_pixbuf-2.0.so.0.3600.5
7efc8f604000-7efc8f712000 r-xp 00000000 08:08 1973694                    /usr/lib/x86_64-linux-gnu/libcairo.so.2.11400.8
7efc8f712000-7efc8f912000 ---p 0010e000 08:08 1973694                    /usr/lib/x86_64-linux-gnu/libcairo.so.2.11400.8
7efc8f912000-7efc8f915000 r--p 0010e000 08:08 1973694                    /usr/lib/x86_64-linux-gnu/libcairo.so.2.11400.8
7efc8f915000-7efc8f916000 rw-p 00111000 08:08 1973694                    /usr/lib/x86_64-linux-gnu/libcairo.so.2.11400.8
7efc8f916000-7efc8f918000 rw-p 00000000 00:00 0 
7efc8f918000-7efc8f93b000 r-xp 00000000 08:08 1973616                    /usr/lib/x86_64-linux-gnu/libatk-1.0.so.0.22209.1
7efc8f93b000-7efc8fb3a000 ---p 00023000 08:08 1973616                    /usr/lib/x86_64-linux-gnu/libatk-1.0.so.0.22209.1
7efc8fb3a000-7efc8fb3d000 r--p 00022000 08:08 1973616                    /usr/lib/x86_64-linux-gnu/libatk-1.0.so.0.22209.1
7efc8fb3d000-7efc8fb3e000 rw-p 00025000 08:08 1973616                    /usr/lib/x86_64-linux-gnu/libatk-1.0.so.0.22209.1
7efc8fb3e000-7efc8fb4a000 r-xp 00000000 08:08 1974734                    /usr/lib/x86_64-linux-gnu/libpangocairo-1.0.so.0.4000.5
7efc8fb4a000-7efc8fd49000 ---p 0000c000 08:08 1974734                    /usr/lib/x86_64-linux-gnu/libpangocairo-1.0.so.0.4000.5
7efc8fd49000-7efc8fd4a000 r--p 0000b000 08:08 1974734                    /usr/lib/x86_64-linux-gnu/libpangocairo-1.0.so.0.4000.5
7efc8fd4a000-7efc8fd4b000 rw-p 0000c000 08:08 1974734                    /usr/lib/x86_64-linux-gnu/libpangocairo-1.0.so.0.4000.5
7efc8fd4b000-7efc8fdfb000 r-xp 00000000 08:08 1974032                    /usr/lib/x86_64-linux-gnu/libgdk-x11-2.0.so.0.2400.31
7efc8fdfb000-7efc8fffa000 ---p 000b0000 08:08 1974032                    /usr/lib/x86_64-linux-gnu/libgdk-x11-2.0.so.0.2400.31
7efc8fffa000-7efc8fffe000 r--p 000af000 08:08 1974032                    /usr/lib/x86_64-linux-gnu/libgdk-x11-2.0.so.0.2400.31
7efc8fffe000-7efc90000000 rw-p 000b3000 08:08 1974032                    /usr/lib/x86_64-linux-gnu/libgdk-x11-2.0.so.0.2400.31
7efc90000000-7efc90021000 rw-p 00000000 00:00 0 
7efc90021000-7efc94000000 ---p 00000000 00:00 0 
7efc94000000-7efc958db000 rw-p 00000000 00:00 0 
7efc958db000-7efc98000000 ---p 00000000 00:00 0 
7efc98000000-7efc983e1000 rw-p 00000000 00:00 0 
7efc983e1000-7efc9c000000 ---p 00000000 00:00 0 
7efc9c000000-7efc9c021000 rw-p 00000000 00:00 0 
7efc9c021000-7efca0000000 ---p 00000000 00:00 0 
7efca0000000-7efca0021000 rw-p 00000000 00:00 0 
7efca0021000-7efca4000000 ---p 00000000 00:00 0 
7efca4000000-7efca4214000 rw-p 00000000 00:00 0 
7efca4214000-7efca8000000 ---p 00000000 00:00 0 
7efca8000000-7efca8021000 rw-p 00000000 00:00 0 
7efca8021000-7efcac000000 ---p 00000000 00:00 0 
7efcac000000-7efcac021000 rw-p 00000000 00:00 0 
7efcac021000-7efcb0000000 ---p 00000000 00:00 0 
7efcb0000000-7efcb0021000 rw-p 00000000 00:00 0 
7efcb0021000-7efcb4000000 ---p 00000000 00:00 0 
7efcb4000000-7efcb4021000 rw-p 00000000 00:00 0 
7efcb4021000-7efcb8000000 ---p 00000000 00:00 0 
7efcb8000000-7efcb8021000 rw-p 00000000 00:00 0 
7efcb8021000-7efcbc000000 ---p 00000000 00:00 0 
7efcbc000000-7efcbc005000 rw-s 00000000 00:18 208                        /i915 (deleted)
7efcbc005000-7efcbc00a000 rw-s 00000000 00:18 100                        /i915 (deleted)
7efcbc00a000-7efcbc01d000 r--s 00346000 08:08 1715206                    /usr/lib/jvm/java-8-openjdk-amd64/jre/lib/resources.jar
7efcbc01d000-7efcbc01f000 r--s 00000000 08:08 1590387                    /var/cache/fontconfig/4bb17da730f63117fed329ee42a5d05e-le64.cache-4
7efcbc01f000-7efcbc02b000 r--s 00000000 08:08 1586852                    /var/cache/fontconfig/d589a48862398ed80a3d6066f4f56f4c-le64.cache-4
7efcbc02b000-7efcbc03d000 r--s 00000000 08:08 1572910                    /var/cache/fontconfig/9b89f8e3dae116d678bbf48e5f21f69b-le64.cache-4
7efcbc03d000-7efcbc47d000 r-xp 00000000 08:08 1974286                    /usr/lib/x86_64-linux-gnu/libgtk-x11-2.0.so.0.2400.31
7efcbc47d000-7efcbc67c000 ---p 00440000 08:08 1974286                    /usr/lib/x86_64-linux-gnu/libgtk-x11-2.0.so.0.2400.31
7efcbc67c000-7efcbc683000 r--p 0043f000 08:08 1974286                    /usr/lib/x86_64-linux-gnu/libgtk-x11-2.0.so.0.2400.31
7efcbc683000-7efcbc687000 rw-p 00446000 08:08 1974286                    /usr/lib/x86_64-linux-gnu/libgtk-x11-2.0.so.0.2400.31
7efcbc687000-7efcbc68a000 rw-p 00000000 00:00 0 
7efcbc68a000-7efcbc696000 r-xp 00000000 08:08 1717405                    /usr/lib/jvm/java-8-openjdk-amd64/jre/lib/amd64/libprism_es2.so
7efcbc696000-7efcbc895000 ---p 0000c000 08:08 1717405                    /usr/lib/jvm/java-8-openjdk-amd64/jre/lib/amd64/libprism_es2.so
7efcbc895000-7efcbc896000 r--p 0000b000 08:08 1717405                    /usr/lib/jvm/java-8-openjdk-amd64/jre/lib/amd64/libprism_es2.so
7efcbc896000-7efcbc897000 rw-p 0000c000 08:08 1717405                    /usr/lib/jvm/java-8-openjdk-amd64/jre/lib/amd64/libprism_es2.so
7efcbc897000-7efcbc89a000 ---p 00000000 00:00 0 
7efcbc89a000-7efcbc998000 rw-p 00000000 00:00 0 
7efcbc998000-7efcbca2e000 r--s 007ce000 08:08 2654625                    /usr/share/java/openjfx/jre/lib/ext/jfxrt.jar
7efcbca2e000-7efcbca2f000 ---p 00000000 00:00 0 
7efcbca2f000-7efcbcb2f000 rw-p 00000000 00:00 0 
7efcbcb2f000-7efcbcb32000 ---p 00000000 00:00 0 
7efcbcb32000-7efcbcc30000 rw-p 00000000 00:00 0 
7efcbcc30000-7efcbcc33000 ---p 00000000 00:00 0 
7efcbcc33000-7efcbcd31000 rw-p 00000000 00:00 0 
7efcbcd31000-7efcbcd34000 ---p 00000000 00:00 0 
7efcbcd34000-7efcbce32000 rw-p 00000000 00:00 0 
7efcbce32000-7efcbce35000 ---p 00000000 00:00 0 
7efcbce35000-7efcbcf33000 rw-p 00000000 00:00 0 
7efcbcf33000-7efcbd0ce000 r--p 00000000 08:08 1711771                    /usr/lib/locale/locale-archive
7efcbd0ce000-7efcbd0d1000 ---p 00000000 00:00 0 
7efcbd0d1000-7efcbd1cf000 rw-p 00000000 00:00 0 
7efcbd1cf000-7efcbd1d2000 ---p 00000000 00:00 0 
7efcbd1d2000-7efcc1000000 rw-p 00000000 00:00 0 
7efcc1000000-7efcc15f0000 rwxp 00000000 00:00 0 
7efcc15f0000-7efcd0000000 ---p 00000000 00:00 0 
7efcd0000000-7efcd02a0000 rw-p 00000000 00:00 0 
7efcd02a0000-7efcd4000000 ---p 00000000 00:00 0 
7efcd4000000-7efcd4004000 r--s 00000000 08:08 1572907                    /var/cache/fontconfig/0fafd173547752dce4dee1a69e0b3c95-le64.cache-4
7efcd4004000-7efcd4005000 r--s 00000000 08:08 1572912                    /var/cache/fontconfig/16c2fda60d1b4b719f4b3d06fd951d25-le64.cache-4
7efcd4005000-7efcd400b000 r--s 00000000 08:08 1572928                    /var/cache/fontconfig/3047814df9a2f067bd2d96a2b9c36e5a-le64.cache-4
7efcd400b000-7efcd400e000 r--s 00000000 08:08 1572923                    /var/cache/fontconfig/47e67d79d01846c7b6efd6b4f03a6092-le64.cache-4
7efcd400e000-7efcd4011000 r--s 00000000 08:08 1590385                    /var/cache/fontconfig/bf6ddb0059d58ea573e04b43f868001f-le64.cache-4
7efcd4011000-7efcd4014000 r--s 00000000 08:08 1572931                    /var/cache/fontconfig/e13b20fdb08344e0e664864cc2ede53d-le64.cache-4
7efcd4014000-7efcd4015000 r--s 00000000 08:08 1590384                    /var/cache/fontconfig/2736766d4907c6828b9382ebdbe3064b-le64.cache-4
7efcd4015000-7efcd401a000 r--s 002f9000 08:08 1715168                    /usr/lib/jvm/java-8-openjdk-amd64/jre/lib/charsets.jar
7efcd401a000-7efcd401f000 r--s 0009d000 08:08 1715201                    /usr/lib/jvm/java-8-openjdk-amd64/jre/lib/jsse.jar
7efcd401f000-7efcd4037000 r--s 0021f000 08:09 14421222                   /home/atomx/eclipse-workspace/Library/lib/mysql-connector-java-8.0.17.jar
7efcd4037000-7efcd403b000 rw-s 00000000 00:18 140                        /i915 (deleted)
7efcd403b000-7efcd4040000 rw-s 00000000 00:18 139                        /i915 (deleted)
7efcd4040000-7efcd4044000 rw-s 00000000 00:18 145                        /i915 (deleted)
7efcd4044000-7efcd4048000 rw-s 00000000 00:18 115                        /i915 (deleted)
7efcd4048000-7efcd404d000 rw-s 00000000 00:18 114                        /i915 (deleted)
7efcd404d000-7efcd4068000 r--s 001d6000 08:08 1715183                    /usr/lib/jvm/java-8-openjdk-amd64/jre/lib/ext/nashorn.jar
7efcd4068000-7efcd4083000 r--s 00394000 08:08 1715178                    /usr/lib/jvm/java-8-openjdk-amd64/jre/lib/ext/cldrdata.jar
7efcd4083000-7efcd4084000 ---p 00000000 00:00 0 
7efcd4084000-7efcd4b1d000 rw-p 00000000 00:00 0 
7efcd4b1d000-7efcd4cec000 r--s 03c33000 08:08 1715207                    /usr/lib/jvm/java-8-openjdk-amd64/jre/lib/rt.jar
7efcd4cec000-7efcd5935000 rw-p 00000000 00:00 0 
7efcd5935000-7efcd5936000 ---p 00000000 00:00 0 
7efcd5936000-7efcd5a36000 rw-p 00000000 00:00 0 
7efcd5a36000-7efcd5a37000 ---p 00000000 00:00 0 
7efcd5a37000-7efcd5b61000 rw-p 00000000 00:00 0 
7efcd5b61000-7efcd5dc4000 ---p 00000000 00:00 0 
7efcd5dc4000-7efcd5dee000 rw-p 00000000 00:00 0 
7efcd5dee000-7efcd6050000 ---p 00000000 00:00 0 
7efcd6050000-7efcd6075000 rw-p 00000000 00:00 0 
7efcd6075000-7efcd6197000 ---p 00000000 00:00 0 
7efcd6197000-7efcd61b0000 rw-p 00000000 00:00 0 
7efcd61b0000-7efcd6558000 ---p 00000000 00:00 0 
7efcd6558000-7efcd6560000 r-xp 00000000 08:08 1715164                    /usr/lib/jvm/java-8-openjdk-amd64/jre/lib/amd64/libzip.so
7efcd6560000-7efcd675f000 ---p 00008000 08:08 1715164                    /usr/lib/jvm/java-8-openjdk-amd64/jre/lib/amd64/libzip.so
7efcd675f000-7efcd6760000 r--p 00007000 08:08 1715164                    /usr/lib/jvm/java-8-openjdk-amd64/jre/lib/amd64/libzip.so
7efcd6760000-7efcd6761000 rw-p 00008000 08:08 1715164                    /usr/lib/jvm/java-8-openjdk-amd64/jre/lib/amd64/libzip.so
7efcd6761000-7efcd676b000 r-xp 00000000 08:08 1974648                    /usr/lib/x86_64-linux-gnu/libnss_files-2.24.so
7efcd676b000-7efcd696b000 ---p 0000a000 08:08 1974648                    /usr/lib/x86_64-linux-gnu/libnss_files-2.24.so
7efcd696b000-7efcd696c000 r--p 0000a000 08:08 1974648                    /usr/lib/x86_64-linux-gnu/libnss_files-2.24.so
7efcd696c000-7efcd696d000 rw-p 0000b000 08:08 1974648                    /usr/lib/x86_64-linux-gnu/libnss_files-2.24.so
7efcd696d000-7efcd6973000 rw-p 00000000 00:00 0 
7efcd6973000-7efcd697e000 r-xp 00000000 08:08 1974654                    /usr/lib/x86_64-linux-gnu/libnss_nis-2.24.so
7efcd697e000-7efcd6b7d000 ---p 0000b000 08:08 1974654                    /usr/lib/x86_64-linux-gnu/libnss_nis-2.24.so
7efcd6b7d000-7efcd6b7e000 r--p 0000a000 08:08 1974654                    /usr/lib/x86_64-linux-gnu/libnss_nis-2.24.so
7efcd6b7e000-7efcd6b7f000 rw-p 0000b000 08:08 1974654                    /usr/lib/x86_64-linux-gnu/libnss_nis-2.24.so
7efcd6b7f000-7efcd6b93000 r-xp 00000000 08:08 1974636                    /usr/lib/x86_64-linux-gnu/libnsl-2.24.so
7efcd6b93000-7efcd6d93000 ---p 00014000 08:08 1974636                    /usr/lib/x86_64-linux-gnu/libnsl-2.24.so
7efcd6d93000-7efcd6d94000 r--p 00014000 08:08 1974636                    /usr/lib/x86_64-linux-gnu/libnsl-2.24.so
7efcd6d94000-7efcd6d95000 rw-p 00015000 08:08 1974636                    /usr/lib/x86_64-linux-gnu/libnsl-2.24.so
7efcd6d95000-7efcd6d97000 rw-p 00000000 00:00 0 
7efcd6d97000-7efcd6d9e000 r-xp 00000000 08:08 1974642                    /usr/lib/x86_64-linux-gnu/libnss_compat-2.24.so
7efcd6d9e000-7efcd6f9d000 ---p 00007000 08:08 1974642                    /usr/lib/x86_64-linux-gnu/libnss_compat-2.24.so
7efcd6f9d000-7efcd6f9e000 r--p 00006000 08:08 1974642                    /usr/lib/x86_64-linux-gnu/libnss_compat-2.24.so
7efcd6f9e000-7efcd6f9f000 rw-p 00007000 08:08 1974642                    /usr/lib/x86_64-linux-gnu/libnss_compat-2.24.so
7efcd6f9f000-7efcd6fcc000 r-xp 00000000 08:08 1715145                    /usr/lib/jvm/java-8-openjdk-amd64/jre/lib/amd64/libjava.so
7efcd6fcc000-7efcd71cc000 ---p 0002d000 08:08 1715145                    /usr/lib/jvm/java-8-openjdk-amd64/jre/lib/amd64/libjava.so
7efcd71cc000-7efcd71cd000 r--p 0002d000 08:08 1715145                    /usr/lib/jvm/java-8-openjdk-amd64/jre/lib/amd64/libjava.so
7efcd71cd000-7efcd71cf000 rw-p 0002e000 08:08 1715145                    /usr/lib/jvm/java-8-openjdk-amd64/jre/lib/amd64/libjava.so
7efcd71cf000-7efcd71de000 r-xp 00000000 08:08 1715163                    /usr/lib/jvm/java-8-openjdk-amd64/jre/lib/amd64/libverify.so
7efcd71de000-7efcd73de000 ---p 0000f000 08:08 1715163                    /usr/lib/jvm/java-8-openjdk-amd64/jre/lib/amd64/libverify.so
7efcd73de000-7efcd73e0000 r--p 0000f000 08:08 1715163                    /usr/lib/jvm/java-8-openjdk-amd64/jre/lib/amd64/libverify.so
7efcd73e0000-7efcd73e1000 rw-p 00011000 08:08 1715163                    /usr/lib/jvm/java-8-openjdk-amd64/jre/lib/amd64/libverify.so
7efcd73e1000-7efcd73e8000 r-xp 00000000 08:08 1974898                    /usr/lib/x86_64-linux-gnu/librt-2.24.so
7efcd73e8000-7efcd75e7000 ---p 00007000 08:08 1974898                    /usr/lib/x86_64-linux-gnu/librt-2.24.so
7efcd75e7000-7efcd75e8000 r--p 00006000 08:08 1974898                    /usr/lib/x86_64-linux-gnu/librt-2.24.so
7efcd75e8000-7efcd75e9000 rw-p 00007000 08:08 1974898                    /usr/lib/x86_64-linux-gnu/librt-2.24.so
7efcd75e9000-7efcd75ff000 r-xp 00000000 08:08 1974006                    /usr/lib/x86_64-linux-gnu/libgcc_s.so.1
7efcd75ff000-7efcd77fe000 ---p 00016000 08:08 1974006                    /usr/lib/x86_64-linux-gnu/libgcc_s.so.1
7efcd77fe000-7efcd77ff000 r--p 00015000 08:08 1974006                    /usr/lib/x86_64-linux-gnu/libgcc_s.so.1
7efcd77ff000-7efcd7800000 rw-p 00016000 08:08 1974006                    /usr/lib/x86_64-linux-gnu/libgcc_s.so.1
7efcd7800000-7efcd7903000 r-xp 00000000 08:08 1974512                    /usr/lib/x86_64-linux-gnu/libm-2.24.so
7efcd7903000-7efcd7b02000 ---p 00103000 08:08 1974512                    /usr/lib/x86_64-linux-gnu/libm-2.24.so
7efcd7b02000-7efcd7b03000 r--p 00102000 08:08 1974512                    /usr/lib/x86_64-linux-gnu/libm-2.24.so
7efcd7b03000-7efcd7b04000 rw-p 00103000 08:08 1974512                    /usr/lib/x86_64-linux-gnu/libm-2.24.so
7efcd7b04000-7efcd7c76000 r-xp 00000000 08:08 1975001                    /usr/lib/x86_64-linux-gnu/libstdc++.so.6.0.22
7efcd7c76000-7efcd7e76000 ---p 00172000 08:08 1975001                    /usr/lib/x86_64-linux-gnu/libstdc++.so.6.0.22
7efcd7e76000-7efcd7e80000 r--p 00172000 08:08 1975001                    /usr/lib/x86_64-linux-gnu/libstdc++.so.6.0.22
7efcd7e80000-7efcd7e82000 rw-p 0017c000 08:08 1975001                    /usr/lib/x86_64-linux-gnu/libstdc++.so.6.0.22
7efcd7e82000-7efcd7e86000 rw-p 00000000 00:00 0 
7efcd7e86000-7efcd8ae5000 r-xp 00000000 08:08 1715167                    /usr/lib/jvm/java-8-openjdk-amd64/jre/lib/amd64/server/libjvm.so
7efcd8ae5000-7efcd8ce4000 ---p 00c5f000 08:08 1715167                    /usr/lib/jvm/java-8-openjdk-amd64/jre/lib/amd64/server/libjvm.so
7efcd8ce4000-7efcd8d78000 r--p 00c5e000 08:08 1715167                    /usr/lib/jvm/java-8-openjdk-amd64/jre/lib/amd64/server/libjvm.so
7efcd8d78000-7efcd8da1000 rw-p 00cf2000 08:08 1715167                    /usr/lib/jvm/java-8-openjdk-amd64/jre/lib/amd64/server/libjvm.so
7efcd8da1000-7efcd8dd1000 rw-p 00000000 00:00 0 
7efcd8dd1000-7efcd8f66000 r-xp 00000000 08:08 1973682                    /usr/lib/x86_64-linux-gnu/libc-2.24.so
7efcd8f66000-7efcd9166000 ---p 00195000 08:08 1973682                    /usr/lib/x86_64-linux-gnu/libc-2.24.so
7efcd9166000-7efcd916a000 r--p 00195000 08:08 1973682                    /usr/lib/x86_64-linux-gnu/libc-2.24.so
7efcd916a000-7efcd916c000 rw-p 00199000 08:08 1973682                    /usr/lib/x86_64-linux-gnu/libc-2.24.so
7efcd916c000-7efcd9170000 rw-p 00000000 00:00 0 
7efcd9170000-7efcd9173000 r-xp 00000000 08:08 1973821                    /usr/lib/x86_64-linux-gnu/libdl-2.24.so
7efcd9173000-7efcd9372000 ---p 00003000 08:08 1973821                    /usr/lib/x86_64-linux-gnu/libdl-2.24.so
7efcd9372000-7efcd9373000 r--p 00002000 08:08 1973821                    /usr/lib/x86_64-linux-gnu/libdl-2.24.so
7efcd9373000-7efcd9374000 rw-p 00003000 08:08 1973821                    /usr/lib/x86_64-linux-gnu/libdl-2.24.so
7efcd9374000-7efcd9381000 r-xp 00000000 08:08 1715131                    /usr/lib/jvm/java-8-openjdk-amd64/jre/lib/amd64/jli/libjli.so
7efcd9381000-7efcd9581000 ---p 0000d000 08:08 1715131                    /usr/lib/jvm/java-8-openjdk-amd64/jre/lib/amd64/jli/libjli.so
7efcd9581000-7efcd9582000 r--p 0000d000 08:08 1715131                    /usr/lib/jvm/java-8-openjdk-amd64/jre/lib/amd64/jli/libjli.so
7efcd9582000-7efcd9583000 rw-p 0000e000 08:08 1715131                    /usr/lib/jvm/java-8-openjdk-amd64/jre/lib/amd64/jli/libjli.so
7efcd9583000-7efcd959c000 r-xp 00000000 08:08 1975262                    /usr/lib/x86_64-linux-gnu/libz.so.1.2.8
7efcd959c000-7efcd979b000 ---p 00019000 08:08 1975262                    /usr/lib/x86_64-linux-gnu/libz.so.1.2.8
7efcd979b000-7efcd979c000 r--p 00018000 08:08 1975262                    /usr/lib/x86_64-linux-gnu/libz.so.1.2.8
7efcd979c000-7efcd979d000 rw-p 00019000 08:08 1975262                    /usr/lib/x86_64-linux-gnu/libz.so.1.2.8
7efcd979d000-7efcd97b5000 r-xp 00000000 08:08 1974838                    /usr/lib/x86_64-linux-gnu/libpthread-2.24.so
7efcd97b5000-7efcd99b4000 ---p 00018000 08:08 1974838                    /usr/lib/x86_64-linux-gnu/libpthread-2.24.so
7efcd99b4000-7efcd99b5000 r--p 00017000 08:08 1974838                    /usr/lib/x86_64-linux-gnu/libpthread-2.24.so
7efcd99b5000-7efcd99b6000 rw-p 00018000 08:08 1974838                    /usr/lib/x86_64-linux-gnu/libpthread-2.24.so
7efcd99b6000-7efcd99ba000 rw-p 00000000 00:00 0 
7efcd99ba000-7efcd99dd000 r-xp 00000000 08:08 1973230                    /usr/lib/x86_64-linux-gnu/ld-2.24.so
7efcd99dd000-7efcd99de000 r--s 00008000 08:09 13369446                   /home/atomx/.eclipse/org.eclipse.platform_4.12.0_1473617060_linux_gtk_x86_64/plugins/org.eclipse.fx.ide.css.jfx8_3.5.0.201902220800.jar
7efcd99df000-7efcd99e0000 rwxp 00000000 00:00 0 
7efcd99e0000-7efcd99e4000 rw-s 00000000 00:18 120                        /i915 (deleted)
7efcd99e4000-7efcd99e7000 r--s 0000f000 08:08 1715180                    /usr/lib/jvm/java-8-openjdk-amd64/jre/lib/ext/icedtea-sound.jar
7efcd99e7000-7efcd99e9000 r--s 00001000 08:08 1715179                    /usr/lib/jvm/java-8-openjdk-amd64/jre/lib/ext/dnsns.jar
7efcd99e9000-7efcd99eb000 r--s 00008000 08:08 1715184                    /usr/lib/jvm/java-8-openjdk-amd64/jre/lib/ext/sunec.jar
7efcd99eb000-7efcd99f1000 r--s 0003b000 08:08 1715185                    /usr/lib/jvm/java-8-openjdk-amd64/jre/lib/ext/sunjce_provider.jar
7efcd99f1000-7efcd99f3000 r--s 00007000 08:08 2654545                    /usr/share/java/java-atk-wrapper.jar
7efcd99f3000-7efcd9abe000 rw-p 00000000 00:00 0 
7efcd9abe000-7efcd9ac1000 ---p 00000000 00:00 0 
7efcd9ac1000-7efcd9bc1000 rw-p 00000000 00:00 0 
7efcd9bc1000-7efcd9bc2000 r--s 00010000 08:08 1715187                    /usr/lib/jvm/java-8-openjdk-amd64/jre/lib/ext/zipfs.jar
7efcd9bc2000-7efcd9bc3000 r--s 0000a000 08:08 1715181                    /usr/lib/jvm/java-8-openjdk-amd64/jre/lib/ext/jaccess.jar
7efcd9bc3000-7efcd9bc6000 r--s 00038000 08:08 1715186                    /usr/lib/jvm/java-8-openjdk-amd64/jre/lib/ext/sunpkcs11.jar
7efcd9bc6000-7efcd9bd0000 r--s 00116000 08:08 1715182                    /usr/lib/jvm/java-8-openjdk-amd64/jre/lib/ext/localedata.jar
7efcd9bd0000-7efcd9bd8000 rw-s 00000000 08:08 2104380                    /tmp/hsperfdata_atomx/29656
7efcd9bd8000-7efcd9bd9000 rw-p 00000000 00:00 0 
7efcd9bd9000-7efcd9bda000 ---p 00000000 00:00 0 
7efcd9bda000-7efcd9bdd000 rw-p 00000000 00:00 0 
7efcd9bdd000-7efcd9bde000 r--p 00023000 08:08 1973230                    /usr/lib/x86_64-linux-gnu/ld-2.24.so
7efcd9bde000-7efcd9bdf000 rw-p 00024000 08:08 1973230                    /usr/lib/x86_64-linux-gnu/ld-2.24.so
7efcd9bdf000-7efcd9be0000 rw-p 00000000 00:00 0 
7ffd7e022000-7ffd7e043000 rw-p 00000000 00:00 0                          [stack]
7ffd7e114000-7ffd7e117000 r--p 00000000 00:00 0                          [vvar]
7ffd7e117000-7ffd7e119000 r-xp 00000000 00:00 0                          [vdso]
ffffffffff600000-ffffffffff601000 r-xp 00000000 00:00 0                  [vsyscall]

VM Arguments:
jvm_args: -Dfile.encoding=UTF-8 
java_command: application.Main
java_class_path (initial): /home/atomx/eclipse-workspace/Library/bin:/home/atomx/.eclipse/org.eclipse.platform_4.12.0_1473617060_linux_gtk_x86_64/plugins/org.eclipse.fx.ide.css.jfx8_3.5.0.201902220800.jar:/home/atomx/eclipse-workspace/Library/lib/jfxrt.jar:/home/atomx/eclipse-workspace/Library/lib/mysql-connector-java-8.0.17.jar
Launcher Type: SUN_STANDARD

Environment Variables:
PATH=/usr/local/bin:/usr/bin:/bin:/usr/local/games:/usr/games:/sbin:/usr/sbin
SHELL=/bin/bash
DISPLAY=:0

Signal Handlers:
SIGSEGV: [libjvm.so+0xa74b40], sa_mask[0]=11111111011111111101111111111110, sa_flags=SA_RESTART|SA_SIGINFO
SIGBUS: [libjvm.so+0xa74b40], sa_mask[0]=11111111011111111101111111111110, sa_flags=SA_RESTART|SA_SIGINFO
SIGFPE: [libjvm.so+0x8bd510], sa_mask[0]=11111111011111111101111111111110, sa_flags=SA_RESTART|SA_SIGINFO
SIGPIPE: SIG_IGN, sa_mask[0]=00000000000010000000000000000000, sa_flags=SA_RESTART
SIGXFSZ: [libjvm.so+0x8bd510], sa_mask[0]=11111111011111111101111111111110, sa_flags=SA_RESTART|SA_SIGINFO
SIGILL: [libjvm.so+0x8bd510], sa_mask[0]=11111111011111111101111111111110, sa_flags=SA_RESTART|SA_SIGINFO
SIGUSR1: SIG_DFL, sa_mask[0]=00000000000000000000000000000000, sa_flags=none
SIGUSR2: [libjvm.so+0x8bd3c0], sa_mask[0]=00100000000000000000000000000000, sa_flags=SA_RESTART|SA_SIGINFO
SIGHUP: SIG_IGN, sa_mask[0]=00000000000000000000000000000000, sa_flags=none
SIGINT: [libjvm.so+0x8bd870], sa_mask[0]=11111111011111111101111111111110, sa_flags=SA_RESTART|SA_SIGINFO
SIGTERM: [libjvm.so+0x8bd870], sa_mask[0]=11111111011111111101111111111110, sa_flags=SA_RESTART|SA_SIGINFO
SIGQUIT: [libjvm.so+0x8bd870], sa_mask[0]=11111111011111111101111111111110, sa_flags=SA_RESTART|SA_SIGINFO


---------------  S Y S T E M  ---------------

OS:DISTRIB_ID=Deepin
DISTRIB_RELEASE="15.11"
DISTRIB_DESCRIPTION="Deepin 15.11 "
DISTRIB_CODENAME=stable

uname:Linux 4.15.0-30deepin-generic #31 SMP Fri Nov 30 04:29:02 UTC 2018 x86_64
libc:glibc 2.24 NPTL 2.24 
rlimit: STACK 8192k, CORE 0k, NPROC 30921, NOFILE 1048576, AS infinity
load average:2.25 1.24 1.17

/proc/meminfo:
MemTotal:        8018944 kB
MemFree:         1629816 kB
MemAvailable:    4341868 kB
Buffers:          395776 kB
Cached:          2573780 kB
SwapCached:            0 kB
Active:          4586304 kB
Inactive:        1396472 kB
Active(anon):    3014892 kB
Inactive(anon):   156660 kB
Active(file):    1571412 kB
Inactive(file):  1239812 kB
Unevictable:          96 kB
Mlocked:              96 kB
SwapTotal:       2097148 kB
SwapFree:        2097148 kB
Dirty:              2080 kB
Writeback:             0 kB
AnonPages:       3013520 kB
Mapped:           556608 kB
Shmem:            158160 kB
Slab:             277564 kB
SReclaimable:     210892 kB
SUnreclaim:        66672 kB
KernelStack:       14064 kB
PageTables:        52568 kB
NFS_Unstable:          0 kB
Bounce:                0 kB
WritebackTmp:          0 kB
CommitLimit:     6106620 kB
Committed_AS:    9459240 kB
VmallocTotal:   34359738367 kB
VmallocUsed:           0 kB
VmallocChunk:          0 kB
HardwareCorrupted:     0 kB
AnonHugePages:     14336 kB
ShmemHugePages:        0 kB
ShmemPmdMapped:        0 kB
CmaTotal:              0 kB
CmaFree:               0 kB
HugePages_Total:       0
HugePages_Free:        0
HugePages_Rsvd:        0
HugePages_Surp:        0
Hugepagesize:       2048 kB
DirectMap4k:      465852 kB
DirectMap2M:     7772160 kB


CPU:total 2 (initial active 2) (2 cores per cpu, 1 threads per core) family 6 model 76 stepping 4, cmov, cx8, fxsr, mmx, sse, sse2, sse3, ssse3, sse4.1, sse4.2, popcnt, aes, clmul, erms, 3dnowpref, tsc, tscinvbit

/proc/cpuinfo:
processor	: 0
vendor_id	: GenuineIntel
cpu family	: 6
model		: 76
model name	: Intel(R) Celeron(R) CPU  N3010  @ 1.04GHz
stepping	: 4
microcode	: 0x404
cpu MHz		: 2240.000
cache size	: 1024 KB
physical id	: 0
siblings	: 2
core id		: 0
cpu cores	: 2
apicid		: 0
initial apicid	: 0
fpu		: yes
fpu_exception	: yes
cpuid level	: 11
wp		: yes
flags		: fpu vme de pse tsc msr pae mce cx8 apic sep mtrr pge mca cmov pat pse36 clflush dts acpi mmx fxsr sse sse2 ss ht tm pbe syscall nx rdtscp lm constant_tsc arch_perfmon pebs bts rep_good nopl xtopology tsc_reliable nonstop_tsc cpuid aperfmperf tsc_known_freq pni pclmulqdq dtes64 monitor ds_cpl vmx est tm2 ssse3 cx16 xtpr pdcm sse4_1 sse4_2 movbe popcnt tsc_deadline_timer aes rdrand lahf_lm 3dnowprefetch epb pti tpr_shadow vnmi flexpriority ept vpid tsc_adjust smep erms dtherm ida arat
bugs		: cpu_meltdown spectre_v1 spectre_v2
bogomips	: 2080.00
clflush size	: 64
cache_alignment	: 64
address sizes	: 36 bits physical, 48 bits virtual
power management:

processor	: 1
vendor_id	: GenuineIntel
cpu family	: 6
model		: 76
model name	: Intel(R) Celeron(R) CPU  N3010  @ 1.04GHz
stepping	: 4
microcode	: 0x404
cpu MHz		: 2240.000
cache size	: 1024 KB
physical id	: 0
siblings	: 2
core id		: 2
cpu cores	: 2
apicid		: 4
initial apicid	: 4
fpu		: yes
fpu_exception	: yes
cpuid level	: 11
wp		: yes
flags		: fpu vme de pse tsc msr pae mce cx8 apic sep mtrr pge mca cmov pat pse36 clflush dts acpi mmx fxsr sse sse2 ss ht tm pbe syscall nx rdtscp lm constant_tsc arch_perfmon pebs bts rep_good nopl xtopology tsc_reliable nonstop_tsc cpuid aperfmperf tsc_known_freq pni pclmulqdq dtes64 monitor ds_cpl vmx est tm2 ssse3 cx16 xtpr pdcm sse4_1 sse4_2 movbe popcnt tsc_deadline_timer aes rdrand lahf_lm 3dnowprefetch epb pti tpr_shadow vnmi flexpriority ept vpid tsc_adjust smep erms dtherm ida arat
bugs		: cpu_meltdown spectre_v1 spectre_v2
bogomips	: 2080.00
clflush size	: 64
cache_alignment	: 64
address sizes	: 36 bits physical, 48 bits virtual
power management:



Memory: 4k page, physical 8018944k(1628840k free), swap 2097148k(2097148k free)

vm_info: OpenJDK 64-Bit Server VM (25.181-b13) for linux-amd64 JRE (1.8.0_181-8u181-b13-2~deb9u1-b13), built on Oct 22 2018 18:05:23 by "pbuilder" with gcc 6.3.0 20170516

time: Sat Aug 31 14:54:09 2019
elapsed time: 18 seconds (0d 0h 0m 18s)

