#
# A fatal error has been detected by the Java Runtime Environment:
#
#  SIGSEGV (0xb) at pc=0x00007f2642e8d07d, pid=32487, tid=0x00007f25f02c3700
#
# JRE version: OpenJDK Runtime Environment (8.0_181-b13) (build 1.8.0_181-8u181-b13-2~deb9u1-b13)
# Java VM: OpenJDK 64-Bit Server VM (25.181-b13 mixed mode linux-amd64 compressed oops)
# Problematic frame:
# V  [libjvm.so+0x68107d]
#
# Failed to write core dump. Core dumps have been disabled. To enable core dumping, try "ulimit -c unlimited" before starting Java again
#
# If you would like to submit a bug report, please visit:
#   http://bugreport.java.com/bugreport/crash.jsp
#

---------------  T H R E A D  ---------------

Current thread (0x00007f263c273800):  JavaThread "JavaFX Application Thread" [_thread_in_vm, id=32507, stack(0x00007f25f01c3000,0x00007f25f02c4000)]

siginfo: si_signo: 11 (SIGSEGV), si_code: 1 (SEGV_MAPERR), si_addr: 0x0000000000000085

Registers:
RAX=0x0000000000000000, RBX=0x00007f263c273800, RCX=0x00007f263c238248, RDX=0x0000000000000085
RSP=0x00007f25f02c2230, RBP=0x00007f25f02c23b0, RSI=0x00007f25f02c23d0, RDI=0x00007f263c2739e0
R8 =0x00007f25f02c2400, R9 =0x00007f263c273800, R10=0x00007f25e4000bf0, R11=0x00007f262d522ec0
R12=0x00007f263c2739e0, R13=0x00007f263c273800, R14=0x00007f25f02c2490, R15=0x0000000000000085
RIP=0x00007f2642e8d07d, EFLAGS=0x0000000000010202, CSGSFS=0x002b000000000033, ERR=0x0000000000000004
  TRAPNO=0x000000000000000e

Top of Stack: (sp=0x00007f25f02c2230)
0x00007f25f02c2230:   00007f25f02c2340 00007f2642e741d3
0x00007f25f02c2240:   00007f2628c89e88 00007f25f02c2280
0x00007f25f02c2250:   00007f260000000e 00007f263c2739e0
0x00007f25f02c2260:   00007f25f02c2270 00007f25f02c23d0
0x00007f25f02c2270:   00007f2628bedcc0 00007f263c273800
0x00007f25f02c2280:   00007f2628bedcc0 00007f263c273800
0x00007f25f02c2290:   00007f263c272fd0 00007f2600034170
0x00007f25f02c22a0:   00007f2600034180 00007f2600034558
0x00007f25f02c22b0:   00000000000003d8 00007f263c273010
0x00007f25f02c22c0:   00007f2628bedcc0 00007f263c273800
0x00007f25f02c22d0:   0000000028be3c30 00000000d9037948
0x00007f25f02c22e0:   0000000000000000 00007f262d017e1b
0x00007f25f02c22f0:   00007f2628bedcc0 00007f263c273800
0x00007f25f02c2300:   0000000000000000 00000000d9080d30
0x00007f25f02c2310:   00007f250000006f 00007f250000000a
0x00007f25f02c2320:   00000000da305168 00007f2600000000
0x00007f25f02c2330:   00007f25f02c2420 00007f25f02c23e0
0x00007f25f02c2340:   00007f25f02c24d0 0000000100000180
0x00007f25f02c2350:   0000000000000002 00007f25f02c2308
0x00007f25f02c2360:   00007f25f02c2349 0000000800000005
0x00007f25f02c2370:   00007f2600000000 059efb0d989ad300
0x00007f25f02c2380:   00007f25f02c2390 00007f263c273800
0x00007f25f02c2390:   00007f263c2739e0 00007f263c238248
0x00007f25f02c23a0:   00007f25f02c2490 0000000000000085
0x00007f25f02c23b0:   00007f25f02c2480 00007f2642e906aa
0x00007f25f02c23c0:   00007f25e4488ac0 00007f25f02c2400
0x00007f25f02c23d0:   000000000000000e 00007f2600000000
0x00007f25f02c23e0:   00007f263c273800 0000000000000000
0x00007f25f02c23f0:   0000000000000067 059efb0d989ad300
0x00007f25f02c2400:   00007f2643676938 00007f26443a07e0
0x00007f25f02c2410:   000000003c2538a0 00007f2500000063
0x00007f25f02c2420:   0000000000000000 0000003000000018 

Instructions: (pc=0x00007f2642e8d07d)
0x00007f2642e8d05d:   ff 48 89 b5 b8 fe ff ff 64 48 8b 04 25 28 00 00
0x00007f2642e8d06d:   00 48 89 45 c8 31 c0 48 85 d2 0f 84 3b 03 00 00
0x00007f2642e8d07d:   4c 8b 32 4d 85 f6 0f 84 2f 03 00 00 49 8b b9 20
0x00007f2642e8d08d:   01 00 00 48 89 cb 4d 89 c4 e8 f5 4c ff ff 4c 89 

Register to memory mapping:

RAX=0x0000000000000000 is an unknown value
RBX=0x00007f263c273800 is a thread
RCX=0x00007f263c238248 is an unknown value
RDX=0x0000000000000085 is an unknown value
RSP=0x00007f25f02c2230 is pointing into the stack for thread: 0x00007f263c273800
RBP=0x00007f25f02c23b0 is pointing into the stack for thread: 0x00007f263c273800
RSI=0x00007f25f02c23d0 is pointing into the stack for thread: 0x00007f263c273800
RDI=0x00007f263c2739e0 is an unknown value
R8 =0x00007f25f02c2400 is pointing into the stack for thread: 0x00007f263c273800
R9 =0x00007f263c273800 is a thread
R10=0x00007f25e4000bf0 is an unknown value
R11=0x00007f262d522ec0 is at entry_point+32 in (nmethod*)0x00007f262d522d50
R12=0x00007f263c2739e0 is an unknown value
R13=0x00007f263c273800 is a thread
R14=0x00007f25f02c2490 is pointing into the stack for thread: 0x00007f263c273800
R15=0x0000000000000085 is an unknown value


Stack: [0x00007f25f01c3000,0x00007f25f02c4000],  sp=0x00007f25f02c2230,  free space=1020k
Native frames: (J=compiled Java code, j=interpreted, Vv=VM code, C=native code)
V  [libjvm.so+0x68107d]
V  [libjvm.so+0x6846aa]
C  [libglass.so+0x12d33]  JNIEnv_::CallVoidMethod(_jobject*, _jmethodID*, ...)+0x93
C  [libglass.so+0x1ccf6]  WindowContextBase::process_key(_GdkEventKey*)+0x226
C  [libglass.so+0x1a9c0]  WindowContextBase::im_filter_keypress(_GdkEventKey*)+0x1f0
C  [libglass.so+0x23094]
C  [libgdk-x11-2.0.so.0+0x5acbc]

Java frames: (J=compiled Java code, j=interpreted, Vv=VM code)
j  com.sun.glass.ui.gtk.GtkApplication._runLoop(Ljava/lang/Runnable;Z)V+0
j  com.sun.glass.ui.gtk.GtkApplication.lambda$null$5(Ljava/lang/Runnable;Z)V+7
j  com.sun.glass.ui.gtk.GtkApplication$$Lambda$41.run()V+12
j  java.lang.Thread.run()V+11
v  ~StubRoutines::call_stub

---------------  P R O C E S S  ---------------

Java Threads: ( => current thread )
  0x00007f25e43a2000 JavaThread "Prism Font Disposer" daemon [_thread_blocked, id=32514, stack(0x00007f25dea44000,0x00007f25deb45000)]
  0x00007f25e409f000 JavaThread "mysql-cj-abandoned-connection-cleanup" daemon [_thread_blocked, id=32513, stack(0x00007f25eb557000,0x00007f25eb658000)]
  0x00007f263c27b000 JavaThread "JavaFX-Launcher" [_thread_blocked, id=32509, stack(0x00007f25eb6fe000,0x00007f25eb7ff000)]
=>0x00007f263c273800 JavaThread "JavaFX Application Thread" [_thread_in_vm, id=32507, stack(0x00007f25f01c3000,0x00007f25f02c4000)]
  0x00007f263c26f800 JavaThread "Thread-1" daemon [_thread_blocked, id=32506, stack(0x00007f25f02c4000,0x00007f25f03c5000)]
  0x00007f263c221000 JavaThread "QuantumRenderer-0" daemon [_thread_blocked, id=32504, stack(0x00007f2623259000,0x00007f262335a000)]
  0x00007f263c0b9800 JavaThread "Service Thread" daemon [_thread_blocked, id=32502, stack(0x00007f262345b000,0x00007f262355c000)]
  0x00007f263c0b7000 JavaThread "C1 CompilerThread1" daemon [_thread_blocked, id=32501, stack(0x00007f262355c000,0x00007f262365d000)]
  0x00007f263c0b4000 JavaThread "C2 CompilerThread0" daemon [_thread_blocked, id=32500, stack(0x00007f262365d000,0x00007f262375e000)]
  0x00007f263c0b2800 JavaThread "Signal Dispatcher" daemon [_thread_blocked, id=32499, stack(0x00007f262375e000,0x00007f262385f000)]
  0x00007f263c080000 JavaThread "Finalizer" daemon [_thread_blocked, id=32498, stack(0x00007f26239fa000,0x00007f2623afb000)]
  0x00007f263c07d800 JavaThread "Reference Handler" daemon [_thread_blocked, id=32497, stack(0x00007f2623afb000,0x00007f2623bfc000)]
  0x00007f263c00a800 JavaThread "main" [_thread_blocked, id=32492, stack(0x00007f2644444000,0x00007f2644545000)]

Other Threads:
  0x00007f263c074000 VMThread [stack: 0x00007f2623bfc000,0x00007f2623cfd000] [id=32496]
  0x00007f263c0bc000 WatcherThread [stack: 0x00007f262335a000,0x00007f262345b000] [id=32503]

VM state:not at safepoint (normal execution)

VM Mutex/Monitor currently owned by a thread: None

Heap:
 PSYoungGen      total 68608K, used 58150K [0x00000000d7380000, 0x00000000dbb80000, 0x0000000100000000)
  eden space 63488K, 83% used [0x00000000d7380000,0x00000000da74fbf8,0x00000000db180000)
  from space 5120K, 99% used [0x00000000db680000,0x00000000dbb79fd0,0x00000000dbb80000)
  to   space 5120K, 0% used [0x00000000db180000,0x00000000db180000,0x00000000db680000)
 ParOldGen       total 84992K, used 2821K [0x0000000085a00000, 0x000000008ad00000, 0x00000000d7380000)
  object space 84992K, 3% used [0x0000000085a00000,0x0000000085cc1418,0x000000008ad00000)
 Metaspace       used 19633K, capacity 20396K, committed 20608K, reserved 1067008K
  class space    used 2640K, capacity 2833K, committed 2944K, reserved 1048576K

Card table byte_map: [0x00007f264074a000,0x00007f2640b1e000] byte_map_base: 0x00007f264031d000

Marking Bits: (ParMarkBitMap*) 0x00007f264373a3a0
 Begin Bits: [0x00007f26292d0000, 0x00007f262b168000)
 End Bits:   [0x00007f262b168000, 0x00007f262d000000)

Polling page: 0x00007f264455f000

CodeCache: size=245760Kb used=5914Kb max_used=5914Kb free=239845Kb
 bounds [0x00007f262d000000, 0x00007f262d5d0000, 0x00007f263c000000]
 total_blobs=2658 nmethods=1965 adapters=608
 compilation: enabled

Compilation events (10 events):
Event: 12.254 Thread 0x00007f263c0b7000 1961       3       java.lang.CharacterDataLatin1::isIdeographic (19 bytes)
Event: 12.254 Thread 0x00007f263c0b7000 nmethod 1961 0x00007f262d5c15d0 code [0x00007f262d5c1740, 0x00007f262d5c1990]
Event: 12.254 Thread 0x00007f263c0b7000 1962       1       javafx.scene.text.Font::impl_getNativeFont (5 bytes)
Event: 12.255 Thread 0x00007f263c0b7000 nmethod 1962 0x00007f262d5c1310 code [0x00007f262d5c1460, 0x00007f262d5c1570]
Event: 12.255 Thread 0x00007f263c0b7000 1963       1       com.sun.javafx.font.PrismFontFile::getDefaultAAMode (2 bytes)
Event: 12.255 Thread 0x00007f263c0b7000 nmethod 1963 0x00007f262d5c1050 code [0x00007f262d5c11a0, 0x00007f262d5c12b0]
Event: 12.255 Thread 0x00007f263c0b7000 1965       1       com.sun.javafx.scene.NodeEventDispatcher::getFirstDispatcher (5 bytes)
Event: 12.255 Thread 0x00007f263c0b7000 nmethod 1965 0x00007f262d5c8690 code [0x00007f262d5c87e0, 0x00007f262d5c88f0]
Event: 12.255 Thread 0x00007f263c0b7000 1966       1       com.sun.javafx.scene.NodeEventDispatcher::getLastDispatcher (5 bytes)
Event: 12.256 Thread 0x00007f263c0b7000 nmethod 1966 0x00007f262d5c8950 code [0x00007f262d5c8aa0, 0x00007f262d5c8bb0]

GC Heap History (4 events):
Event: 2.190 GC heap before
{Heap before GC invocations=1 (full 0):
 PSYoungGen      total 36864K, used 31744K [0x00000000d7380000, 0x00000000d9c80000, 0x0000000100000000)
  eden space 31744K, 100% used [0x00000000d7380000,0x00000000d9280000,0x00000000d9280000)
  from space 5120K, 0% used [0x00000000d9780000,0x00000000d9780000,0x00000000d9c80000)
  to   space 5120K, 0% used [0x00000000d9280000,0x00000000d9280000,0x00000000d9780000)
 ParOldGen       total 84992K, used 0K [0x0000000085a00000, 0x000000008ad00000, 0x00000000d7380000)
  object space 84992K, 0% used [0x0000000085a00000,0x0000000085a00000,0x000000008ad00000)
 Metaspace       used 11565K, capacity 11998K, committed 12288K, reserved 1060864K
  class space    used 1353K, capacity 1517K, committed 1536K, reserved 1048576K
Event: 2.214 GC heap after
Heap after GC invocations=1 (full 0):
 PSYoungGen      total 36864K, used 5113K [0x00000000d7380000, 0x00000000dbb80000, 0x0000000100000000)
  eden space 31744K, 0% used [0x00000000d7380000,0x00000000d7380000,0x00000000d9280000)
  from space 5120K, 99% used [0x00000000d9280000,0x00000000d977e680,0x00000000d9780000)
  to   space 5120K, 0% used [0x00000000db680000,0x00000000db680000,0x00000000dbb80000)
 ParOldGen       total 84992K, used 1917K [0x0000000085a00000, 0x000000008ad00000, 0x00000000d7380000)
  object space 84992K, 2% used [0x0000000085a00000,0x0000000085bdf518,0x000000008ad00000)
 Metaspace       used 11565K, capacity 11998K, committed 12288K, reserved 1060864K
  class space    used 1353K, capacity 1517K, committed 1536K, reserved 1048576K
}
Event: 2.568 GC heap before
{Heap before GC invocations=2 (full 0):
 PSYoungGen      total 36864K, used 36857K [0x00000000d7380000, 0x00000000dbb80000, 0x0000000100000000)
  eden space 31744K, 100% used [0x00000000d7380000,0x00000000d9280000,0x00000000d9280000)
  from space 5120K, 99% used [0x00000000d9280000,0x00000000d977e680,0x00000000d9780000)
  to   space 5120K, 0% used [0x00000000db680000,0x00000000db680000,0x00000000dbb80000)
 ParOldGen       total 84992K, used 1917K [0x0000000085a00000, 0x000000008ad00000, 0x00000000d7380000)
  object space 84992K, 2% used [0x0000000085a00000,0x0000000085bdf518,0x000000008ad00000)
 Metaspace       used 12848K, capacity 13194K, committed 13568K, reserved 1060864K
  class space    used 1544K, capacity 1680K, committed 1792K, reserved 1048576K
Event: 2.589 GC heap after
Heap after GC invocations=2 (full 0):
 PSYoungGen      total 68608K, used 5095K [0x00000000d7380000, 0x00000000dbb80000, 0x0000000100000000)
  eden space 63488K, 0% used [0x00000000d7380000,0x00000000d7380000,0x00000000db180000)
  from space 5120K, 99% used [0x00000000db680000,0x00000000dbb79fd0,0x00000000dbb80000)
  to   space 5120K, 0% used [0x00000000db180000,0x00000000db180000,0x00000000db680000)
 ParOldGen       total 84992K, used 2821K [0x0000000085a00000, 0x000000008ad00000, 0x00000000d7380000)
  object space 84992K, 3% used [0x0000000085a00000,0x0000000085cc1418,0x000000008ad00000)
 Metaspace       used 12848K, capacity 13194K, committed 13568K, reserved 1060864K
  class space    used 1544K, capacity 1680K, committed 1792K, reserved 1048576K
}

Deoptimization events (10 events):
Event: 3.523 Thread 0x00007f263c273800 Uncommon trap: reason=class_check action=maybe_recompile pc=0x00007f262d117820 method=java.lang.String.equals(Ljava/lang/Object;)Z @ 8
Event: 3.523 Thread 0x00007f263c273800 Uncommon trap: reason=class_check action=maybe_recompile pc=0x00007f262d117820 method=java.lang.String.equals(Ljava/lang/Object;)Z @ 8
Event: 3.523 Thread 0x00007f263c273800 Uncommon trap: reason=class_check action=maybe_recompile pc=0x00007f262d117820 method=java.lang.String.equals(Ljava/lang/Object;)Z @ 8
Event: 3.529 Thread 0x00007f263c273800 Uncommon trap: reason=class_check action=maybe_recompile pc=0x00007f262d117820 method=java.lang.String.equals(Ljava/lang/Object;)Z @ 8
Event: 3.658 Thread 0x00007f263c273800 Uncommon trap: reason=unstable_if action=reinterpret pc=0x00007f262d3b3fec method=java.lang.ClassLoader.checkName(Ljava/lang/String;)Z @ 20
Event: 4.214 Thread 0x00007f263c273800 Uncommon trap: reason=unstable_if action=reinterpret pc=0x00007f262d37a9e4 method=jdk.internal.org.objectweb.asm.Type.getArgumentsAndReturnSizes(Ljava/lang/String;)I @ 47
Event: 5.132 Thread 0x00007f263c221000 Uncommon trap: reason=unstable_if action=reinterpret pc=0x00007f262d446220 method=java.lang.StrictMath.floorOrCeil(DDDD)D @ 115
Event: 10.392 Thread 0x00007f263c273800 Uncommon trap: reason=unstable_if action=reinterpret pc=0x00007f262d260ea0 method=java.lang.CharacterData.of(I)Ljava/lang/CharacterData; @ 4
Event: 12.083 Thread 0x00007f263c273800 Uncommon trap: reason=unstable_if action=reinterpret pc=0x00007f262d2e5f1c method=sun.nio.cs.UTF_8$Decoder.decode([BII[C)I @ 30
Event: 12.154 Thread 0x00007f263c273800 Uncommon trap: reason=unstable_if action=reinterpret pc=0x00007f262d4c96bc method=java.lang.StrictMath.floorOrCeil(DDDD)D @ 38

Classes redefined (0 events):
No events

Internal exceptions (10 events):
Event: 0.419 Thread 0x00007f263c00a800 Exception <a 'java/security/PrivilegedActionException'> (0x00000000d7634ef0) thrown at [/build/openjdk-8-8u181-b13/src/hotspot/src/share/vm/prims/jvm.cpp, line 1435]
Event: 0.419 Thread 0x00007f263c00a800 Exception <a 'java/security/PrivilegedActionException'> (0x00000000d76359c8) thrown at [/build/openjdk-8-8u181-b13/src/hotspot/src/share/vm/prims/jvm.cpp, line 1435]
Event: 0.420 Thread 0x00007f263c00a800 Exception <a 'java/security/PrivilegedActionException'> (0x00000000d7635bd8) thrown at [/build/openjdk-8-8u181-b13/src/hotspot/src/share/vm/prims/jvm.cpp, line 1435]
Event: 0.421 Thread 0x00007f263c00a800 Exception <a 'java/lang/NullPointerException'> (0x00000000d7637180) thrown at [/build/openjdk-8-8u181-b13/src/hotspot/src/share/vm/interpreter/linkResolver.cpp, line 1185]
Event: 2.018 Thread 0x00007f263c273800 Exception <a 'java/lang/NullPointerException'> (0x00000000d8b46538) thrown at [/build/openjdk-8-8u181-b13/src/hotspot/src/share/vm/interpreter/linkResolver.cpp, line 1185]
Event: 2.018 Thread 0x00007f263c273800 Exception <a 'java/lang/NullPointerException'> (0x00000000d8b46538) thrown at [/build/openjdk-8-8u181-b13/src/hotspot/src/share/vm/prims/jvm.cpp, line 1439]
Event: 2.555 Thread 0x00007f263c273800 Exception <a 'java/lang/ArrayIndexOutOfBoundsException'> (0x00000000d9234068) thrown at [/build/openjdk-8-8u181-b13/src/hotspot/src/share/vm/runtime/sharedRuntime.cpp, line 605]
Event: 2.556 Thread 0x00007f263c273800 Exception <a 'java/lang/ArrayIndexOutOfBoundsException'> (0x00000000d9234d68) thrown at [/build/openjdk-8-8u181-b13/src/hotspot/src/share/vm/runtime/sharedRuntime.cpp, line 605]
Event: 2.557 Thread 0x00007f263c273800 Exception <a 'java/lang/ArrayIndexOutOfBoundsException'> (0x00000000d9236110) thrown at [/build/openjdk-8-8u181-b13/src/hotspot/src/share/vm/runtime/sharedRuntime.cpp, line 605]
Event: 3.241 Thread 0x00007f263c273800 Implicit null exception at 0x00007f262d3612b5 to 0x00007f262d3614d1

Events (10 events):
Event: 12.138 loading class javafx/scene/effect/Reflection$4 done
Event: 12.139 loading class com/sun/javafx/effect/EffectDirtyBits
Event: 12.139 loading class com/sun/javafx/effect/EffectDirtyBits done
Event: 12.140 loading class javafx/scene/Node$MiscProperties$9$1
Event: 12.140 loading class javafx/scene/Node$MiscProperties$9$1 done
Event: 12.154 Thread 0x00007f263c273800 Uncommon trap: trap_request=0xffffff65 fr.pc=0x00007f262d4c96bc
Event: 12.154 Thread 0x00007f263c273800 DEOPT PACKING pc=0x00007f262d4c96bc sp=0x00007f25f02c06e0
Event: 12.154 Thread 0x00007f263c273800 DEOPT UNPACKING pc=0x00007f262d04547a sp=0x00007f25f02c0668 mode 2
Event: 12.251 loading class com/sun/javafx/scene/KeyboardShortcutsHandler$1
Event: 12.251 loading class com/sun/javafx/scene/KeyboardShortcutsHandler$1 done


Dynamic libraries:
85a00000-8ad00000 rw-p 00000000 00:00 0 
8ad00000-d7380000 ---p 00000000 00:00 0 
d7380000-dbb80000 rw-p 00000000 00:00 0 
dbb80000-100000000 ---p 00000000 00:00 0 
100000000-1002e0000 rw-p 00000000 00:00 0 
1002e0000-140000000 ---p 00000000 00:00 0 
55fb7e019000-55fb7e01a000 r-xp 00000000 08:08 1715118                    /usr/lib/jvm/java-8-openjdk-amd64/jre/bin/java
55fb7e219000-55fb7e21a000 r--p 00000000 08:08 1715118                    /usr/lib/jvm/java-8-openjdk-amd64/jre/bin/java
55fb7e21a000-55fb7e21b000 rw-p 00001000 08:08 1715118                    /usr/lib/jvm/java-8-openjdk-amd64/jre/bin/java
55fb7f600000-55fb7f621000 rw-p 00000000 00:00 0                          [heap]
7f25de062000-7f25de1a2000 rw-p 00000000 00:00 0 
7f25de1a2000-7f25de262000 ---p 00000000 00:00 0 
7f25de364000-7f25de3c4000 rw-s 106692000 00:06 344                       /dev/dri/card0
7f25de3c4000-7f25de584000 rw-s 1063e3000 00:06 344                       /dev/dri/card0
7f25de584000-7f25de744000 rw-s 104b9f000 00:06 344                       /dev/dri/card0
7f25de744000-7f25dea44000 rw-s 1013ad000 00:06 344                       /dev/dri/card0
7f25dea44000-7f25dea47000 ---p 00000000 00:00 0 
7f25dea47000-7f25ded45000 rw-p 00000000 00:00 0 
7f25ded45000-7f25ded75000 r-xp 00000000 08:08 1973152                    /usr/lib/x86_64-linux-gnu/gtk-2.0/2.10.0/engines/libmurrine.so
7f25ded75000-7f25def75000 ---p 00030000 08:08 1973152                    /usr/lib/x86_64-linux-gnu/gtk-2.0/2.10.0/engines/libmurrine.so
7f25def75000-7f25def76000 r--p 00030000 08:08 1973152                    /usr/lib/x86_64-linux-gnu/gtk-2.0/2.10.0/engines/libmurrine.so
7f25def76000-7f25def77000 rw-p 00031000 08:08 1973152                    /usr/lib/x86_64-linux-gnu/gtk-2.0/2.10.0/engines/libmurrine.so
7f25def77000-7f25def79000 r-xp 00000000 08:08 1973145                    /usr/lib/x86_64-linux-gnu/gtk-2.0/2.10.0/engines/libadwaita.so
7f25def79000-7f25df179000 ---p 00002000 08:08 1973145                    /usr/lib/x86_64-linux-gnu/gtk-2.0/2.10.0/engines/libadwaita.so
7f25df179000-7f25df17a000 r--p 00002000 08:08 1973145                    /usr/lib/x86_64-linux-gnu/gtk-2.0/2.10.0/engines/libadwaita.so
7f25df17a000-7f25df17b000 rw-p 00003000 08:08 1973145                    /usr/lib/x86_64-linux-gnu/gtk-2.0/2.10.0/engines/libadwaita.so
7f25df17b000-7f25df185000 r-xp 00000000 08:08 1973153                    /usr/lib/x86_64-linux-gnu/gtk-2.0/2.10.0/engines/libpixmap.so
7f25df185000-7f25df384000 ---p 0000a000 08:08 1973153                    /usr/lib/x86_64-linux-gnu/gtk-2.0/2.10.0/engines/libpixmap.so
7f25df384000-7f25df385000 r--p 00009000 08:08 1973153                    /usr/lib/x86_64-linux-gnu/gtk-2.0/2.10.0/engines/libpixmap.so
7f25df385000-7f25df386000 rw-p 0000a000 08:08 1973153                    /usr/lib/x86_64-linux-gnu/gtk-2.0/2.10.0/engines/libpixmap.so
7f25df386000-7f25df38b000 r-xp 00000000 08:08 1717399                    /usr/lib/jvm/java-8-openjdk-amd64/jre/lib/amd64/libjavafx_font_freetype.so
7f25df38b000-7f25df58a000 ---p 00005000 08:08 1717399                    /usr/lib/jvm/java-8-openjdk-amd64/jre/lib/amd64/libjavafx_font_freetype.so
7f25df58a000-7f25df58b000 r--p 00004000 08:08 1717399                    /usr/lib/jvm/java-8-openjdk-amd64/jre/lib/amd64/libjavafx_font_freetype.so
7f25df58b000-7f25df58c000 rw-p 00005000 08:08 1717399                    /usr/lib/jvm/java-8-openjdk-amd64/jre/lib/amd64/libjavafx_font_freetype.so
7f25df58c000-7f25df78c000 rw-p 00000000 00:00 0 
7f25df78c000-7f25df78f000 r-xp 00000000 08:08 1717398                    /usr/lib/jvm/java-8-openjdk-amd64/jre/lib/amd64/libjavafx_font.so
7f25df78f000-7f25df98e000 ---p 00003000 08:08 1717398                    /usr/lib/jvm/java-8-openjdk-amd64/jre/lib/amd64/libjavafx_font.so
7f25df98e000-7f25df98f000 r--p 00002000 08:08 1717398                    /usr/lib/jvm/java-8-openjdk-amd64/jre/lib/amd64/libjavafx_font.so
7f25df98f000-7f25df990000 rw-p 00003000 08:08 1717398                    /usr/lib/jvm/java-8-openjdk-amd64/jre/lib/amd64/libjavafx_font.so
7f25df990000-7f25df9f9000 r-xp 00000000 08:08 1974422                    /usr/lib/x86_64-linux-gnu/libjpeg.so.62.2.0
7f25df9f9000-7f25dfbf9000 ---p 00069000 08:08 1974422                    /usr/lib/x86_64-linux-gnu/libjpeg.so.62.2.0
7f25dfbf9000-7f25dfbfa000 r--p 00069000 08:08 1974422                    /usr/lib/x86_64-linux-gnu/libjpeg.so.62.2.0
7f25dfbfa000-7f25dfbfb000 rw-p 0006a000 08:08 1974422                    /usr/lib/x86_64-linux-gnu/libjpeg.so.62.2.0
7f25dfbfb000-7f25dfbff000 r-xp 00000000 08:08 1717401                    /usr/lib/jvm/java-8-openjdk-amd64/jre/lib/amd64/libjavafx_iio.so
7f25dfbff000-7f25dfdfe000 ---p 00004000 08:08 1717401                    /usr/lib/jvm/java-8-openjdk-amd64/jre/lib/amd64/libjavafx_iio.so
7f25dfdfe000-7f25dfdff000 r--p 00003000 08:08 1717401                    /usr/lib/jvm/java-8-openjdk-amd64/jre/lib/amd64/libjavafx_iio.so
7f25dfdff000-7f25dfe00000 rw-p 00004000 08:08 1717401                    /usr/lib/jvm/java-8-openjdk-amd64/jre/lib/amd64/libjavafx_iio.so
7f25dfe00000-7f25e0000000 rw-p 00000000 00:00 0 
7f25e0000000-7f25e0021000 rw-p 00000000 00:00 0 
7f25e0021000-7f25e4000000 ---p 00000000 00:00 0 
7f25e4000000-7f25e4549000 rw-p 00000000 00:00 0 
7f25e4549000-7f25e8000000 ---p 00000000 00:00 0 
7f25e8000000-7f25e8010000 rw-s 00000000 00:18 629                        /i915 (deleted)
7f25e8010000-7f25e8011000 rw-s 00000000 00:18 262                        /i915 (deleted)
7f25e8011000-7f25e8015000 rw-s 00000000 00:18 626                        /i915 (deleted)
7f25e8015000-7f25e8075000 rw-s 104eba000 00:06 344                       /dev/dri/card0
7f25e8075000-7f25e8083000 rw-s 1031cf000 00:06 344                       /dev/dri/card0
7f25e8083000-7f25e8087000 rw-s 00000000 00:18 606                        /i915 (deleted)
7f25e8087000-7f25e808c000 rw-s 00000000 00:18 603                        /i915 (deleted)
7f25e808c000-7f25e809c000 rw-s 00000000 00:18 607                        /i915 (deleted)
7f25e809c000-7f25e80ac000 rw-s 00000000 00:18 593                        /i915 (deleted)
7f25e80ac000-7f25e80f3000 r--p 00000000 08:08 2491713                    /usr/share/fonts/truetype/noto/NotoSans-BoldItalic.ttf
7f25e80f3000-7f25e813e000 r--p 00000000 08:08 2491715                    /usr/share/fonts/truetype/noto/NotoSans-Regular.ttf
7f25e813e000-7f25e833e000 rw-p 00000000 00:00 0 
7f25e833e000-7f25eb33f000 rw-p 00000000 00:00 0 
7f25eb33f000-7f25eb356000 r-xp 00000000 08:08 1715156                    /usr/lib/jvm/java-8-openjdk-amd64/jre/lib/amd64/libnet.so
7f25eb356000-7f25eb555000 ---p 00017000 08:08 1715156                    /usr/lib/jvm/java-8-openjdk-amd64/jre/lib/amd64/libnet.so
7f25eb555000-7f25eb556000 r--p 00016000 08:08 1715156                    /usr/lib/jvm/java-8-openjdk-amd64/jre/lib/amd64/libnet.so
7f25eb556000-7f25eb557000 rw-p 00017000 08:08 1715156                    /usr/lib/jvm/java-8-openjdk-amd64/jre/lib/amd64/libnet.so
7f25eb557000-7f25eb55a000 ---p 00000000 00:00 0 
7f25eb55a000-7f25eb658000 rw-p 00000000 00:00 0 
7f25eb658000-7f25eb6fe000 r--s 010bb000 08:09 14421221                   /home/atomx/eclipse-workspace/Library/lib/jfxrt.jar
7f25eb6fe000-7f25eb701000 ---p 00000000 00:00 0 
7f25eb701000-7f25eb7ff000 rw-p 00000000 00:00 0 
7f25eb7ff000-7f25eb800000 ---p 00000000 00:00 0 
7f25eb800000-7f25ec000000 rw-p 00000000 00:00 0 
7f25ec000000-7f25ec021000 rw-p 00000000 00:00 0 
7f25ec021000-7f25f0000000 ---p 00000000 00:00 0 
7f25f0000000-7f25f0005000 rw-s 00000000 00:18 267                        /i915 (deleted)
7f25f0005000-7f25f0011000 rw-s 00000000 00:18 268                        /i915 (deleted)
7f25f0011000-7f25f0024000 r--s 00346000 08:08 1715206                    /usr/lib/jvm/java-8-openjdk-amd64/jre/lib/resources.jar
7f25f0024000-7f25f0028000 r--s 00000000 08:08 1572907                    /var/cache/fontconfig/0fafd173547752dce4dee1a69e0b3c95-le64.cache-4
7f25f0028000-7f25f006a000 r--s 00000000 08:08 1572909                    /var/cache/fontconfig/0bd3dc0958fa2205aaaa8ebb13e2872b-le64.cache-4
7f25f006a000-7f25f0070000 r--s 00000000 08:08 1572928                    /var/cache/fontconfig/3047814df9a2f067bd2d96a2b9c36e5a-le64.cache-4
7f25f0070000-7f25f0082000 r--s 00000000 08:08 1572910                    /var/cache/fontconfig/9b89f8e3dae116d678bbf48e5f21f69b-le64.cache-4
7f25f0082000-7f25f01c3000 rw-s 00000000 08:09 12845132                   /home/atomx/.cache/mesa_shader_cache/index
7f25f01c3000-7f25f01c6000 ---p 00000000 00:00 0 
7f25f01c6000-7f25f02c4000 rw-p 00000000 00:00 0 
7f25f02c4000-7f25f02c7000 ---p 00000000 00:00 0 
7f25f02c7000-7f25f03c5000 rw-p 00000000 00:00 0 
7f25f03c5000-7f25f03ee000 r-xp 00000000 08:08 1717396                    /usr/lib/jvm/java-8-openjdk-amd64/jre/lib/amd64/libglass.so
7f25f03ee000-7f25f05ee000 ---p 00029000 08:08 1717396                    /usr/lib/jvm/java-8-openjdk-amd64/jre/lib/amd64/libglass.so
7f25f05ee000-7f25f05ef000 r--p 00029000 08:08 1717396                    /usr/lib/jvm/java-8-openjdk-amd64/jre/lib/amd64/libglass.so
7f25f05ef000-7f25f05f0000 rw-p 0002a000 08:08 1717396                    /usr/lib/jvm/java-8-openjdk-amd64/jre/lib/amd64/libglass.so
7f25f05f0000-7f25f05f1000 rw-p 00000000 00:00 0 
7f25f05f1000-7f25f05f2000 ---p 00000000 00:00 0 
7f25f05f2000-7f25f0df2000 rw-p 00000000 00:00 0 
7f25f0df2000-7f25f0f33000 rw-s 00000000 08:09 12845132                   /home/atomx/.cache/mesa_shader_cache/index
7f25f0f33000-7f25f0f3b000 r-xp 00000000 08:08 1974752                    /usr/lib/x86_64-linux-gnu/libpciaccess.so.0.11.1
7f25f0f3b000-7f25f113b000 ---p 00008000 08:08 1974752                    /usr/lib/x86_64-linux-gnu/libpciaccess.so.0.11.1
7f25f113b000-7f25f113c000 r--p 00008000 08:08 1974752                    /usr/lib/x86_64-linux-gnu/libpciaccess.so.0.11.1
7f25f113c000-7f25f113d000 rw-p 00009000 08:08 1974752                    /usr/lib/x86_64-linux-gnu/libpciaccess.so.0.11.1
7f25f113d000-7f25f1148000 r-xp 00000000 08:08 1973844                    /usr/lib/x86_64-linux-gnu/libdrm_radeon.so.1.0.1
7f25f1148000-7f25f1347000 ---p 0000b000 08:08 1973844                    /usr/lib/x86_64-linux-gnu/libdrm_radeon.so.1.0.1
7f25f1347000-7f25f1348000 r--p 0000a000 08:08 1973844                    /usr/lib/x86_64-linux-gnu/libdrm_radeon.so.1.0.1
7f25f1348000-7f25f1349000 rw-p 0000b000 08:08 1973844                    /usr/lib/x86_64-linux-gnu/libdrm_radeon.so.1.0.1
7f25f1349000-7f25f1350000 r-xp 00000000 08:08 1973842                    /usr/lib/x86_64-linux-gnu/libdrm_nouveau.so.2.0.0
7f25f1350000-7f25f154f000 ---p 00007000 08:08 1973842                    /usr/lib/x86_64-linux-gnu/libdrm_nouveau.so.2.0.0
7f25f154f000-7f25f1550000 r--p 00006000 08:08 1973842                    /usr/lib/x86_64-linux-gnu/libdrm_nouveau.so.2.0.0
7f25f1550000-7f25f1551000 rw-p 00007000 08:08 1973842                    /usr/lib/x86_64-linux-gnu/libdrm_nouveau.so.2.0.0
7f25f1551000-7f25f1574000 r-xp 00000000 08:08 1973840                    /usr/lib/x86_64-linux-gnu/libdrm_intel.so.1.0.0
7f25f1574000-7f25f1773000 ---p 00023000 08:08 1973840                    /usr/lib/x86_64-linux-gnu/libdrm_intel.so.1.0.0
7f25f1773000-7f25f1774000 r--p 00022000 08:08 1973840                    /usr/lib/x86_64-linux-gnu/libdrm_intel.so.1.0.0
7f25f1774000-7f25f1775000 rw-p 00023000 08:08 1973840                    /usr/lib/x86_64-linux-gnu/libdrm_intel.so.1.0.0
7f25f1775000-7f25f20a4000 r-xp 00000000 08:08 1972506                    /usr/lib/x86_64-linux-gnu/dri/i965_dri.so
7f25f20a4000-7f25f22a3000 ---p 0092f000 08:08 1972506                    /usr/lib/x86_64-linux-gnu/dri/i965_dri.so
7f25f22a3000-7f25f22fd000 r--p 0092e000 08:08 1972506                    /usr/lib/x86_64-linux-gnu/dri/i965_dri.so
7f25f22fd000-7f25f2308000 rw-p 00988000 08:08 1972506                    /usr/lib/x86_64-linux-gnu/dri/i965_dri.so
7f25f2308000-7f25f23bb000 rw-p 00000000 00:00 0 
7f25f23bb000-7f25f23cb000 r-xp 00000000 08:08 1973836                    /usr/lib/x86_64-linux-gnu/libdrm.so.2.4.0
7f25f23cb000-7f25f25ca000 ---p 00010000 08:08 1973836                    /usr/lib/x86_64-linux-gnu/libdrm.so.2.4.0
7f25f25ca000-7f25f25cb000 r--p 0000f000 08:08 1973836                    /usr/lib/x86_64-linux-gnu/libdrm.so.2.4.0
7f25f25cb000-7f25f25cc000 rw-p 00010000 08:08 1973836                    /usr/lib/x86_64-linux-gnu/libdrm.so.2.4.0
7f25f25cc000-7f25f25d0000 r-xp 00000000 08:08 1975194                    /usr/lib/x86_64-linux-gnu/libxcb-dri2.so.0.0.0
7f25f25d0000-7f25f27cf000 ---p 00004000 08:08 1975194                    /usr/lib/x86_64-linux-gnu/libxcb-dri2.so.0.0.0
7f25f27cf000-7f25f27d0000 r--p 00003000 08:08 1975194                    /usr/lib/x86_64-linux-gnu/libxcb-dri2.so.0.0.0
7f25f27d0000-7f25f27d1000 rw-p 00004000 08:08 1975194                    /usr/lib/x86_64-linux-gnu/libxcb-dri2.so.0.0.0
7f25f27d1000-7f25f27e9000 r-xp 00000000 08:08 1975200                    /usr/lib/x86_64-linux-gnu/libxcb-glx.so.0.0.0
7f25f27e9000-7f25f29e9000 ---p 00018000 08:08 1975200                    /usr/lib/x86_64-linux-gnu/libxcb-glx.so.0.0.0
7f25f29e9000-7f25f29eb000 r--p 00018000 08:08 1975200                    /usr/lib/x86_64-linux-gnu/libxcb-glx.so.0.0.0
7f25f29eb000-7f25f29ec000 rw-p 0001a000 08:08 1975200                    /usr/lib/x86_64-linux-gnu/libxcb-glx.so.0.0.0
7f25f29ec000-7f25f29ed000 r-xp 00000000 08:08 1973515                    /usr/lib/x86_64-linux-gnu/libX11-xcb.so.1.0.0
7f25f29ed000-7f25f2bec000 ---p 00001000 08:08 1973515                    /usr/lib/x86_64-linux-gnu/libX11-xcb.so.1.0.0
7f25f2bec000-7f25f2bed000 r--p 00000000 08:08 1973515                    /usr/lib/x86_64-linux-gnu/libX11-xcb.so.1.0.0
7f25f2bed000-7f25f2bee000 rw-p 00001000 08:08 1973515                    /usr/lib/x86_64-linux-gnu/libX11-xcb.so.1.0.0
7f25f2bee000-7f25f2c1a000 r-xp 00000000 08:08 1974054                    /usr/lib/x86_64-linux-gnu/libglapi.so.0.0.0
7f25f2c1a000-7f25f2e19000 ---p 0002c000 08:08 1974054                    /usr/lib/x86_64-linux-gnu/libglapi.so.0.0.0
7f25f2e19000-7f25f2e1d000 r--p 0002b000 08:08 1974054                    /usr/lib/x86_64-linux-gnu/libglapi.so.0.0.0
7f25f2e1d000-7f25f2e1e000 rw-p 0002f000 08:08 1974054                    /usr/lib/x86_64-linux-gnu/libglapi.so.0.0.0
7f25f2e1e000-7f25f2e1f000 rw-p 00000000 00:00 0 
7f25f2e1f000-7f25f2e20000 r-xp 00000000 08:08 1975250                    /usr/lib/x86_64-linux-gnu/libxshmfence.so.1.0.0
7f25f2e20000-7f25f301f000 ---p 00001000 08:08 1975250                    /usr/lib/x86_64-linux-gnu/libxshmfence.so.1.0.0
7f25f301f000-7f25f3020000 r--p 00000000 08:08 1975250                    /usr/lib/x86_64-linux-gnu/libxshmfence.so.1.0.0
7f25f3020000-7f25f3021000 rw-p 00001000 08:08 1975250                    /usr/lib/x86_64-linux-gnu/libxshmfence.so.1.0.0
7f25f3021000-7f25f3027000 r-xp 00000000 08:08 1975220                    /usr/lib/x86_64-linux-gnu/libxcb-sync.so.1.0.0
7f25f3027000-7f25f3226000 ---p 00006000 08:08 1975220                    /usr/lib/x86_64-linux-gnu/libxcb-sync.so.1.0.0
7f25f3226000-7f25f3227000 r--p 00005000 08:08 1975220                    /usr/lib/x86_64-linux-gnu/libxcb-sync.so.1.0.0
7f25f3227000-7f25f3228000 rw-p 00006000 08:08 1975220                    /usr/lib/x86_64-linux-gnu/libxcb-sync.so.1.0.0
7f25f3228000-7f25f322a000 r-xp 00000000 08:08 1975208                    /usr/lib/x86_64-linux-gnu/libxcb-present.so.0.0.0
7f25f322a000-7f25f3429000 ---p 00002000 08:08 1975208                    /usr/lib/x86_64-linux-gnu/libxcb-present.so.0.0.0
7f25f3429000-7f25f342a000 r--p 00001000 08:08 1975208                    /usr/lib/x86_64-linux-gnu/libxcb-present.so.0.0.0
7f25f342a000-7f25f342b000 rw-p 00002000 08:08 1975208                    /usr/lib/x86_64-linux-gnu/libxcb-present.so.0.0.0
7f25f342b000-7f25f3432000 r-xp 00000000 08:08 1975224                    /usr/lib/x86_64-linux-gnu/libxcb-xfixes.so.0.0.0
7f25f3432000-7f25f3631000 ---p 00007000 08:08 1975224                    /usr/lib/x86_64-linux-gnu/libxcb-xfixes.so.0.0.0
7f25f3631000-7f25f3632000 r--p 00006000 08:08 1975224                    /usr/lib/x86_64-linux-gnu/libxcb-xfixes.so.0.0.0
7f25f3632000-7f25f3633000 rw-p 00007000 08:08 1975224                    /usr/lib/x86_64-linux-gnu/libxcb-xfixes.so.0.0.0
7f25f3633000-7f25f3635000 r-xp 00000000 08:08 1975196                    /usr/lib/x86_64-linux-gnu/libxcb-dri3.so.0.0.0
7f25f3635000-7f25f3834000 ---p 00002000 08:08 1975196                    /usr/lib/x86_64-linux-gnu/libxcb-dri3.so.0.0.0
7f25f3834000-7f25f3835000 r--p 00001000 08:08 1975196                    /usr/lib/x86_64-linux-gnu/libxcb-dri3.so.0.0.0
7f25f3835000-7f25f3836000 rw-p 00002000 08:08 1975196                    /usr/lib/x86_64-linux-gnu/libxcb-dri3.so.0.0.0
7f25f3836000-7f25f38a8000 r-xp 00000000 08:08 1973267                    /usr/lib/x86_64-linux-gnu/libGLX_mesa.so.0.0.0
7f25f38a8000-7f25f3aa7000 ---p 00072000 08:08 1973267                    /usr/lib/x86_64-linux-gnu/libGLX_mesa.so.0.0.0
7f25f3aa7000-7f25f3aaa000 r--p 00071000 08:08 1973267                    /usr/lib/x86_64-linux-gnu/libGLX_mesa.so.0.0.0
7f25f3aaa000-7f25f3aab000 rw-p 00074000 08:08 1973267                    /usr/lib/x86_64-linux-gnu/libGLX_mesa.so.0.0.0
7f25f3aab000-7f25f3aac000 rw-p 00000000 00:00 0 
7f25f3aac000-7f25f3ab0000 r-xp 00000000 08:08 1975099                    /usr/lib/x86_64-linux-gnu/libuuid.so.1.3.0
7f25f3ab0000-7f25f3caf000 ---p 00004000 08:08 1975099                    /usr/lib/x86_64-linux-gnu/libuuid.so.1.3.0
7f25f3caf000-7f25f3cb0000 r--p 00003000 08:08 1975099                    /usr/lib/x86_64-linux-gnu/libuuid.so.1.3.0
7f25f3cb0000-7f25f3cb1000 rw-p 00004000 08:08 1975099                    /usr/lib/x86_64-linux-gnu/libuuid.so.1.3.0
7f25f3cb1000-7f25f3cc4000 r-xp 00000000 08:08 1973672                    /usr/lib/x86_64-linux-gnu/libbsd.so.0.8.3
7f25f3cc4000-7f25f3ec4000 ---p 00013000 08:08 1973672                    /usr/lib/x86_64-linux-gnu/libbsd.so.0.8.3
7f25f3ec4000-7f25f3ec5000 r--p 00013000 08:08 1973672                    /usr/lib/x86_64-linux-gnu/libbsd.so.0.8.3
7f25f3ec5000-7f25f3ec6000 rw-p 00014000 08:08 1973672                    /usr/lib/x86_64-linux-gnu/libbsd.so.0.8.3
7f25f3ec6000-7f25f3ec7000 rw-p 00000000 00:00 0 
7f25f3ec7000-7f25f3ece000 r-xp 00000000 08:08 1973762                    /usr/lib/x86_64-linux-gnu/libdatrie.so.1.3.3
7f25f3ece000-7f25f40cd000 ---p 00007000 08:08 1973762                    /usr/lib/x86_64-linux-gnu/libdatrie.so.1.3.3
7f25f40cd000-7f25f40ce000 r--p 00006000 08:08 1973762                    /usr/lib/x86_64-linux-gnu/libdatrie.so.1.3.3
7f25f40ce000-7f25f40cf000 rw-p 00007000 08:08 1973762                    /usr/lib/x86_64-linux-gnu/libdatrie.so.1.3.3
7f25f40cf000-7f25f40fa000 r-xp 00000000 08:08 1974207                    /usr/lib/x86_64-linux-gnu/libgraphite2.so.3.0.1
7f25f40fa000-7f25f42f9000 ---p 0002b000 08:08 1974207                    /usr/lib/x86_64-linux-gnu/libgraphite2.so.3.0.1
7f25f42f9000-7f25f42fb000 r--p 0002a000 08:08 1974207                    /usr/lib/x86_64-linux-gnu/libgraphite2.so.3.0.1
7f25f42fb000-7f25f42fc000 rw-p 0002c000 08:08 1974207                    /usr/lib/x86_64-linux-gnu/libgraphite2.so.3.0.1
7f25f42fc000-7f25f433d000 r-xp 00000000 08:08 1973657                    /usr/lib/x86_64-linux-gnu/libblkid.so.1.1.0
7f25f433d000-7f25f453c000 ---p 00041000 08:08 1973657                    /usr/lib/x86_64-linux-gnu/libblkid.so.1.1.0
7f25f453c000-7f25f4540000 r--p 00040000 08:08 1973657                    /usr/lib/x86_64-linux-gnu/libblkid.so.1.1.0
7f25f4540000-7f25f4541000 rw-p 00044000 08:08 1973657                    /usr/lib/x86_64-linux-gnu/libblkid.so.1.1.0
7f25f4541000-7f25f4542000 rw-p 00000000 00:00 0 
7f25f4542000-7f25f4547000 r-xp 00000000 08:08 1973532                    /usr/lib/x86_64-linux-gnu/libXdmcp.so.6.0.0
7f25f4547000-7f25f4746000 ---p 00005000 08:08 1973532                    /usr/lib/x86_64-linux-gnu/libXdmcp.so.6.0.0
7f25f4746000-7f25f4747000 r--p 00004000 08:08 1973532                    /usr/lib/x86_64-linux-gnu/libXdmcp.so.6.0.0
7f25f4747000-7f25f4748000 rw-p 00005000 08:08 1973532                    /usr/lib/x86_64-linux-gnu/libXdmcp.so.6.0.0
7f25f4748000-7f25f474b000 r-xp 00000000 08:08 1973521                    /usr/lib/x86_64-linux-gnu/libXau.so.6.0.0
7f25f474b000-7f25f494a000 ---p 00003000 08:08 1973521                    /usr/lib/x86_64-linux-gnu/libXau.so.6.0.0
7f25f494a000-7f25f494b000 r--p 00002000 08:08 1973521                    /usr/lib/x86_64-linux-gnu/libXau.so.6.0.0
7f25f494b000-7f25f494c000 rw-p 00003000 08:08 1973521                    /usr/lib/x86_64-linux-gnu/libXau.so.6.0.0
7f25f494c000-7f25f49bc000 r-xp 00000000 08:08 1973269                    /usr/lib/x86_64-linux-gnu/libGLdispatch.so.0.0.0
7f25f49bc000-7f25f4bbc000 ---p 00070000 08:08 1973269                    /usr/lib/x86_64-linux-gnu/libGLdispatch.so.0.0.0
7f25f4bbc000-7f25f4be5000 r--p 00070000 08:08 1973269                    /usr/lib/x86_64-linux-gnu/libGLdispatch.so.0.0.0
7f25f4be5000-7f25f4be6000 rw-p 00099000 08:08 1973269                    /usr/lib/x86_64-linux-gnu/libGLdispatch.so.0.0.0
7f25f4be6000-7f25f4c06000 rw-p 00000000 00:00 0 
7f25f4c06000-7f25f4c16000 r-xp 00000000 08:08 1973264                    /usr/lib/x86_64-linux-gnu/libGLX.so.0.0.0
7f25f4c16000-7f25f4e16000 ---p 00010000 08:08 1973264                    /usr/lib/x86_64-linux-gnu/libGLX.so.0.0.0
7f25f4e16000-7f25f4e17000 r--p 00010000 08:08 1973264                    /usr/lib/x86_64-linux-gnu/libGLX.so.0.0.0
7f25f4e17000-7f25f4e18000 rw-p 00011000 08:08 1973264                    /usr/lib/x86_64-linux-gnu/libGLX.so.0.0.0
7f25f4e18000-7f25f4e38000 rw-p 00000000 00:00 0 
7f25f4e38000-7f25f4eaa000 r-xp 00000000 08:08 1974757                    /usr/lib/x86_64-linux-gnu/libpcre.so.3.13.3
7f25f4eaa000-7f25f50a9000 ---p 00072000 08:08 1974757                    /usr/lib/x86_64-linux-gnu/libpcre.so.3.13.3
7f25f50a9000-7f25f50aa000 r--p 00071000 08:08 1974757                    /usr/lib/x86_64-linux-gnu/libpcre.so.3.13.3
7f25f50aa000-7f25f50ab000 rw-p 00072000 08:08 1974757                    /usr/lib/x86_64-linux-gnu/libpcre.so.3.13.3
7f25f50ab000-7f25f50d2000 r-xp 00000000 08:08 1973918                    /usr/lib/x86_64-linux-gnu/libexpat.so.1.6.2
7f25f50d2000-7f25f52d2000 ---p 00027000 08:08 1973918                    /usr/lib/x86_64-linux-gnu/libexpat.so.1.6.2
7f25f52d2000-7f25f52d4000 r--p 00027000 08:08 1973918                    /usr/lib/x86_64-linux-gnu/libexpat.so.1.6.2
7f25f52d4000-7f25f52d5000 rw-p 00029000 08:08 1973918                    /usr/lib/x86_64-linux-gnu/libexpat.so.1.6.2
7f25f52d5000-7f25f52dc000 r-xp 00000000 08:08 1973938                    /usr/lib/x86_64-linux-gnu/libffi.so.6.0.4
7f25f52dc000-7f25f54dc000 ---p 00007000 08:08 1973938                    /usr/lib/x86_64-linux-gnu/libffi.so.6.0.4
7f25f54dc000-7f25f54dd000 r--p 00007000 08:08 1973938                    /usr/lib/x86_64-linux-gnu/libffi.so.6.0.4
7f25f54dd000-7f25f54de000 rw-p 00008000 08:08 1973938                    /usr/lib/x86_64-linux-gnu/libffi.so.6.0.4
7f25f54de000-7f25f54e6000 r-xp 00000000 08:08 1975032                    /usr/lib/x86_64-linux-gnu/libthai.so.0.3.0
7f25f54e6000-7f25f56e6000 ---p 00008000 08:08 1975032                    /usr/lib/x86_64-linux-gnu/libthai.so.0.3.0
7f25f56e6000-7f25f56e7000 r--p 00008000 08:08 1975032                    /usr/lib/x86_64-linux-gnu/libthai.so.0.3.0
7f25f56e7000-7f25f56e8000 rw-p 00009000 08:08 1975032                    /usr/lib/x86_64-linux-gnu/libthai.so.0.3.0
7f25f56e8000-7f25f577b000 r-xp 00000000 08:08 1974304                    /usr/lib/x86_64-linux-gnu/libharfbuzz.so.0.10400.2
7f25f577b000-7f25f597a000 ---p 00093000 08:08 1974304                    /usr/lib/x86_64-linux-gnu/libharfbuzz.so.0.10400.2
7f25f597a000-7f25f597c000 r--p 00092000 08:08 1974304                    /usr/lib/x86_64-linux-gnu/libharfbuzz.so.0.10400.2
7f25f597c000-7f25f597d000 rw-p 00094000 08:08 1974304                    /usr/lib/x86_64-linux-gnu/libharfbuzz.so.0.10400.2
7f25f597d000-7f25f59c7000 r-xp 00000000 08:08 1974545                    /usr/lib/x86_64-linux-gnu/libmount.so.1.1.0
7f25f59c7000-7f25f5bc7000 ---p 0004a000 08:08 1974545                    /usr/lib/x86_64-linux-gnu/libmount.so.1.1.0
7f25f5bc7000-7f25f5bc8000 r--p 0004a000 08:08 1974545                    /usr/lib/x86_64-linux-gnu/libmount.so.1.1.0
7f25f5bc8000-7f25f5bc9000 rw-p 0004b000 08:08 1974545                    /usr/lib/x86_64-linux-gnu/libmount.so.1.1.0
7f25f5bc9000-7f25f5bcb000 rw-p 00000000 00:00 0 
7f25f5bcb000-7f25f5bdf000 r-xp 00000000 08:08 1974883                    /usr/lib/x86_64-linux-gnu/libresolv-2.24.so
7f25f5bdf000-7f25f5dde000 ---p 00014000 08:08 1974883                    /usr/lib/x86_64-linux-gnu/libresolv-2.24.so
7f25f5dde000-7f25f5ddf000 r--p 00013000 08:08 1974883                    /usr/lib/x86_64-linux-gnu/libresolv-2.24.so
7f25f5ddf000-7f25f5de0000 rw-p 00014000 08:08 1974883                    /usr/lib/x86_64-linux-gnu/libresolv-2.24.so
7f25f5de0000-7f25f5de2000 rw-p 00000000 00:00 0 
7f25f5de2000-7f25f5e07000 r-xp 00000000 08:08 1974931                    /usr/lib/x86_64-linux-gnu/libselinux.so.1
7f25f5e07000-7f25f6006000 ---p 00025000 08:08 1974931                    /usr/lib/x86_64-linux-gnu/libselinux.so.1
7f25f6006000-7f25f6007000 r--p 00024000 08:08 1974931                    /usr/lib/x86_64-linux-gnu/libselinux.so.1
7f25f6007000-7f25f6008000 rw-p 00025000 08:08 1974931                    /usr/lib/x86_64-linux-gnu/libselinux.so.1
7f25f6008000-7f25f600a000 rw-p 00000000 00:00 0 
7f25f600a000-7f25f6016000 r-xp 00000000 08:08 1975214                    /usr/lib/x86_64-linux-gnu/libxcb-render.so.0.0.0
7f25f6016000-7f25f6216000 ---p 0000c000 08:08 1975214                    /usr/lib/x86_64-linux-gnu/libxcb-render.so.0.0.0
7f25f6216000-7f25f6217000 r--p 0000c000 08:08 1975214                    /usr/lib/x86_64-linux-gnu/libxcb-render.so.0.0.0
7f25f6217000-7f25f6218000 rw-p 0000d000 08:08 1975214                    /usr/lib/x86_64-linux-gnu/libxcb-render.so.0.0.0
7f25f6218000-7f25f623f000 r-xp 00000000 08:08 1975232                    /usr/lib/x86_64-linux-gnu/libxcb.so.1.1.0
7f25f623f000-7f25f643e000 ---p 00027000 08:08 1975232                    /usr/lib/x86_64-linux-gnu/libxcb.so.1.1.0
7f25f643e000-7f25f643f000 r--p 00026000 08:08 1975232                    /usr/lib/x86_64-linux-gnu/libxcb.so.1.1.0
7f25f643f000-7f25f6440000 rw-p 00027000 08:08 1975232                    /usr/lib/x86_64-linux-gnu/libxcb.so.1.1.0
7f25f6440000-7f25f6442000 r-xp 00000000 08:08 1975218                    /usr/lib/x86_64-linux-gnu/libxcb-shm.so.0.0.0
7f25f6442000-7f25f6642000 ---p 00002000 08:08 1975218                    /usr/lib/x86_64-linux-gnu/libxcb-shm.so.0.0.0
7f25f6642000-7f25f6643000 r--p 00002000 08:08 1975218                    /usr/lib/x86_64-linux-gnu/libxcb-shm.so.0.0.0
7f25f6643000-7f25f6644000 rw-p 00003000 08:08 1975218                    /usr/lib/x86_64-linux-gnu/libxcb-shm.so.0.0.0
7f25f6644000-7f25f6675000 r-xp 00000000 08:08 1974804                    /usr/lib/x86_64-linux-gnu/libpng16.so.16.28.0
7f25f6675000-7f25f6875000 ---p 00031000 08:08 1974804                    /usr/lib/x86_64-linux-gnu/libpng16.so.16.28.0
7f25f6875000-7f25f6876000 r--p 00031000 08:08 1974804                    /usr/lib/x86_64-linux-gnu/libpng16.so.16.28.0
7f25f6876000-7f25f6877000 rw-p 00032000 08:08 1974804                    /usr/lib/x86_64-linux-gnu/libpng16.so.16.28.0
7f25f6877000-7f25f6915000 r-xp 00000000 08:08 1974787                    /usr/lib/x86_64-linux-gnu/libpixman-1.so.0.34.0
7f25f6915000-7f25f6b15000 ---p 0009e000 08:08 1974787                    /usr/lib/x86_64-linux-gnu/libpixman-1.so.0.34.0
7f25f6b15000-7f25f6b1d000 r--p 0009e000 08:08 1974787                    /usr/lib/x86_64-linux-gnu/libpixman-1.so.0.34.0
7f25f6b1d000-7f25f6b1e000 rw-p 000a6000 08:08 1974787                    /usr/lib/x86_64-linux-gnu/libpixman-1.so.0.34.0
7f25f6b1e000-7f25f6b2f000 r-xp 00000000 08:08 1973534                    /usr/lib/x86_64-linux-gnu/libXext.so.6.4.0
7f25f6b2f000-7f25f6d2e000 ---p 00011000 08:08 1973534                    /usr/lib/x86_64-linux-gnu/libXext.so.6.4.0
7f25f6d2e000-7f25f6d2f000 r--p 00010000 08:08 1973534                    /usr/lib/x86_64-linux-gnu/libXext.so.6.4.0
7f25f6d2f000-7f25f6d30000 rw-p 00011000 08:08 1973534                    /usr/lib/x86_64-linux-gnu/libXext.so.6.4.0
7f25f6d30000-7f25f6d3a000 r-xp 00000000 08:08 1973528                    /usr/lib/x86_64-linux-gnu/libXcursor.so.1.0.2
7f25f6d3a000-7f25f6f39000 ---p 0000a000 08:08 1973528                    /usr/lib/x86_64-linux-gnu/libXcursor.so.1.0.2
7f25f6f39000-7f25f6f3a000 r--p 00009000 08:08 1973528                    /usr/lib/x86_64-linux-gnu/libXcursor.so.1.0.2
7f25f6f3a000-7f25f6f3b000 rw-p 0000a000 08:08 1973528                    /usr/lib/x86_64-linux-gnu/libXcursor.so.1.0.2
7f25f6f3b000-7f25f6f45000 r-xp 00000000 08:08 1973554                    /usr/lib/x86_64-linux-gnu/libXrandr.so.2.2.0
7f25f6f45000-7f25f7144000 ---p 0000a000 08:08 1973554                    /usr/lib/x86_64-linux-gnu/libXrandr.so.2.2.0
7f25f7144000-7f25f7145000 r--p 00009000 08:08 1973554                    /usr/lib/x86_64-linux-gnu/libXrandr.so.2.2.0
7f25f7145000-7f25f7146000 rw-p 0000a000 08:08 1973554                    /usr/lib/x86_64-linux-gnu/libXrandr.so.2.2.0
7f25f7146000-7f25f7155000 r-xp 00000000 08:08 1973544                    /usr/lib/x86_64-linux-gnu/libXi.so.6.1.0
7f25f7155000-7f25f7354000 ---p 0000f000 08:08 1973544                    /usr/lib/x86_64-linux-gnu/libXi.so.6.1.0
7f25f7354000-7f25f7355000 r--p 0000e000 08:08 1973544                    /usr/lib/x86_64-linux-gnu/libXi.so.6.1.0
7f25f7355000-7f25f7356000 rw-p 0000f000 08:08 1973544                    /usr/lib/x86_64-linux-gnu/libXi.so.6.1.0
7f25f7356000-7f25f7358000 r-xp 00000000 08:08 1973546                    /usr/lib/x86_64-linux-gnu/libXinerama.so.1.0.0
7f25f7358000-7f25f7557000 ---p 00002000 08:08 1973546                    /usr/lib/x86_64-linux-gnu/libXinerama.so.1.0.0
7f25f7557000-7f25f7558000 r--p 00001000 08:08 1973546                    /usr/lib/x86_64-linux-gnu/libXinerama.so.1.0.0
7f25f7558000-7f25f7559000 rw-p 00002000 08:08 1973546                    /usr/lib/x86_64-linux-gnu/libXinerama.so.1.0.0
7f25f7559000-7f25f7562000 r-xp 00000000 08:08 1973556                    /usr/lib/x86_64-linux-gnu/libXrender.so.1.3.0
7f25f7562000-7f25f7761000 ---p 00009000 08:08 1973556                    /usr/lib/x86_64-linux-gnu/libXrender.so.1.3.0
7f25f7761000-7f25f7762000 r--p 00008000 08:08 1973556                    /usr/lib/x86_64-linux-gnu/libXrender.so.1.3.0
7f25f7762000-7f25f7763000 rw-p 00009000 08:08 1973556                    /usr/lib/x86_64-linux-gnu/libXrender.so.1.3.0
7f25f7763000-7f25f7768000 r-xp 00000000 08:08 1973536                    /usr/lib/x86_64-linux-gnu/libXfixes.so.3.1.0
7f25f7768000-7f25f7967000 ---p 00005000 08:08 1973536                    /usr/lib/x86_64-linux-gnu/libXfixes.so.3.1.0
7f25f7967000-7f25f7968000 r--p 00004000 08:08 1973536                    /usr/lib/x86_64-linux-gnu/libXfixes.so.3.1.0
7f25f7968000-7f25f7969000 rw-p 00005000 08:08 1973536                    /usr/lib/x86_64-linux-gnu/libXfixes.so.3.1.0
7f25f7969000-7f25f796b000 r-xp 00000000 08:08 1973530                    /usr/lib/x86_64-linux-gnu/libXdamage.so.1.1.0
7f25f796b000-7f25f7b6a000 ---p 00002000 08:08 1973530                    /usr/lib/x86_64-linux-gnu/libXdamage.so.1.1.0
7f25f7b6a000-7f25f7b6b000 r--p 00001000 08:08 1973530                    /usr/lib/x86_64-linux-gnu/libXdamage.so.1.1.0
7f25f7b6b000-7f25f7b6c000 rw-p 00002000 08:08 1973530                    /usr/lib/x86_64-linux-gnu/libXdamage.so.1.1.0
7f25f7b6c000-7f25f7b6e000 r-xp 00000000 08:08 1973526                    /usr/lib/x86_64-linux-gnu/libXcomposite.so.1.0.0
7f25f7b6e000-7f25f7d6d000 ---p 00002000 08:08 1973526                    /usr/lib/x86_64-linux-gnu/libXcomposite.so.1.0.0
7f25f7d6d000-7f25f7d6e000 r--p 00001000 08:08 1973526                    /usr/lib/x86_64-linux-gnu/libXcomposite.so.1.0.0
7f25f7d6e000-7f25f7d6f000 rw-p 00002000 08:08 1973526                    /usr/lib/x86_64-linux-gnu/libXcomposite.so.1.0.0
7f25f7d6f000-7f25f7de4000 r-xp 00000000 08:08 1973258                    /usr/lib/x86_64-linux-gnu/libGL.so.1.7.0
7f25f7de4000-7f25f7fe4000 ---p 00075000 08:08 1973258                    /usr/lib/x86_64-linux-gnu/libGL.so.1.7.0
7f25f7fe4000-7f25f7ffe000 r--p 00075000 08:08 1973258                    /usr/lib/x86_64-linux-gnu/libGL.so.1.7.0
7f25f7ffe000-7f25f7fff000 rw-p 0008f000 08:08 1973258                    /usr/lib/x86_64-linux-gnu/libGL.so.1.7.0
7f25f7fff000-7f25f8000000 rw-p 00000000 00:00 0 
7f25f8000000-7f25f8021000 rw-p 00000000 00:00 0 
7f25f8021000-7f25fc000000 ---p 00000000 00:00 0 
7f25fc000000-7f25fd8cf000 rw-p 00000000 00:00 0 
7f25fd8cf000-7f2600000000 ---p 00000000 00:00 0 
7f2600000000-7f2600320000 rw-p 00000000 00:00 0 
7f2600320000-7f2604000000 ---p 00000000 00:00 0 
7f2604000000-7f2604021000 rw-p 00000000 00:00 0 
7f2604021000-7f2608000000 ---p 00000000 00:00 0 
7f2608000000-7f2608021000 rw-p 00000000 00:00 0 
7f2608021000-7f260c000000 ---p 00000000 00:00 0 
7f260c000000-7f260c249000 rw-p 00000000 00:00 0 
7f260c249000-7f2610000000 ---p 00000000 00:00 0 
7f2610000000-7f2610021000 rw-p 00000000 00:00 0 
7f2610021000-7f2614000000 ---p 00000000 00:00 0 
7f2614000000-7f2614021000 rw-p 00000000 00:00 0 
7f2614021000-7f2618000000 ---p 00000000 00:00 0 
7f2618000000-7f2618021000 rw-p 00000000 00:00 0 
7f2618021000-7f261c000000 ---p 00000000 00:00 0 
7f261c000000-7f261c021000 rw-p 00000000 00:00 0 
7f261c021000-7f2620000000 ---p 00000000 00:00 0 
7f2620000000-7f2620001000 rw-s 00000000 00:18 260                        /i915 (deleted)
7f2620001000-7f262000d000 r--s 00000000 08:08 1586852                    /var/cache/fontconfig/d589a48862398ed80a3d6066f4f56f4c-le64.cache-4
7f262000d000-7f2620010000 r--s 00000000 08:08 1572923                    /var/cache/fontconfig/47e67d79d01846c7b6efd6b4f03a6092-le64.cache-4
7f2620010000-7f2620028000 r--s 0021f000 08:09 14421222                   /home/atomx/eclipse-workspace/Library/lib/mysql-connector-java-8.0.17.jar
7f2620028000-7f262002b000 r-xp 00000000 08:08 1974072                    /usr/lib/x86_64-linux-gnu/libgmodule-2.0.so.0.5000.3
7f262002b000-7f262022a000 ---p 00003000 08:08 1974072                    /usr/lib/x86_64-linux-gnu/libgmodule-2.0.so.0.5000.3
7f262022a000-7f262022b000 r--p 00002000 08:08 1974072                    /usr/lib/x86_64-linux-gnu/libgmodule-2.0.so.0.5000.3
7f262022b000-7f262022c000 rw-p 00003000 08:08 1974072                    /usr/lib/x86_64-linux-gnu/libgmodule-2.0.so.0.5000.3
7f262022c000-7f2620231000 r-xp 00000000 08:08 1973572                    /usr/lib/x86_64-linux-gnu/libXxf86vm.so.1.0.0
7f2620231000-7f2620430000 ---p 00005000 08:08 1973572                    /usr/lib/x86_64-linux-gnu/libXxf86vm.so.1.0.0
7f2620430000-7f2620431000 r--p 00004000 08:08 1973572                    /usr/lib/x86_64-linux-gnu/libXxf86vm.so.1.0.0
7f2620431000-7f2620432000 rw-p 00005000 08:08 1973572                    /usr/lib/x86_64-linux-gnu/libXxf86vm.so.1.0.0
7f2620432000-7f262056c000 r-xp 00000000 08:08 1973517                    /usr/lib/x86_64-linux-gnu/libX11.so.6.3.0
7f262056c000-7f262076c000 ---p 0013a000 08:08 1973517                    /usr/lib/x86_64-linux-gnu/libX11.so.6.3.0
7f262076c000-7f262076d000 r--p 0013a000 08:08 1973517                    /usr/lib/x86_64-linux-gnu/libX11.so.6.3.0
7f262076d000-7f2620772000 rw-p 0013b000 08:08 1973517                    /usr/lib/x86_64-linux-gnu/libX11.so.6.3.0
7f2620772000-7f2620777000 r-xp 00000000 08:08 1973562                    /usr/lib/x86_64-linux-gnu/libXtst.so.6.1.0
7f2620777000-7f2620976000 ---p 00005000 08:08 1973562                    /usr/lib/x86_64-linux-gnu/libXtst.so.6.1.0
7f2620976000-7f2620977000 r--p 00004000 08:08 1973562                    /usr/lib/x86_64-linux-gnu/libXtst.so.6.1.0
7f2620977000-7f2620978000 rw-p 00005000 08:08 1973562                    /usr/lib/x86_64-linux-gnu/libXtst.so.6.1.0
7f2620978000-7f2620a8a000 r-xp 00000000 08:08 1974060                    /usr/lib/x86_64-linux-gnu/libglib-2.0.so.0.5000.3
7f2620a8a000-7f2620c89000 ---p 00112000 08:08 1974060                    /usr/lib/x86_64-linux-gnu/libglib-2.0.so.0.5000.3
7f2620c89000-7f2620c8a000 r--p 00111000 08:08 1974060                    /usr/lib/x86_64-linux-gnu/libglib-2.0.so.0.5000.3
7f2620c8a000-7f2620c8b000 rw-p 00112000 08:08 1974060                    /usr/lib/x86_64-linux-gnu/libglib-2.0.so.0.5000.3
7f2620c8b000-7f2620c8c000 rw-p 00000000 00:00 0 
7f2620c8c000-7f2620c8d000 r-xp 00000000 08:08 1974280                    /usr/lib/x86_64-linux-gnu/libgthread-2.0.so.0.5000.3
7f2620c8d000-7f2620e8c000 ---p 00001000 08:08 1974280                    /usr/lib/x86_64-linux-gnu/libgthread-2.0.so.0.5000.3
7f2620e8c000-7f2620e8d000 r--p 00000000 08:08 1974280                    /usr/lib/x86_64-linux-gnu/libgthread-2.0.so.0.5000.3
7f2620e8d000-7f2620e8e000 rw-p 00001000 08:08 1974280                    /usr/lib/x86_64-linux-gnu/libgthread-2.0.so.0.5000.3
7f2620e8e000-7f2620f36000 r-xp 00000000 08:08 1973996                    /usr/lib/x86_64-linux-gnu/libfreetype.so.6.12.3
7f2620f36000-7f2621136000 ---p 000a8000 08:08 1973996                    /usr/lib/x86_64-linux-gnu/libfreetype.so.6.12.3
7f2621136000-7f262113c000 r--p 000a8000 08:08 1973996                    /usr/lib/x86_64-linux-gnu/libfreetype.so.6.12.3
7f262113c000-7f262113d000 rw-p 000ae000 08:08 1973996                    /usr/lib/x86_64-linux-gnu/libfreetype.so.6.12.3
7f262113d000-7f2621179000 r-xp 00000000 08:08 1973982                    /usr/lib/x86_64-linux-gnu/libfontconfig.so.1.8.0
7f2621179000-7f2621378000 ---p 0003c000 08:08 1973982                    /usr/lib/x86_64-linux-gnu/libfontconfig.so.1.8.0
7f2621378000-7f262137a000 r--p 0003b000 08:08 1973982                    /usr/lib/x86_64-linux-gnu/libfontconfig.so.1.8.0
7f262137a000-7f262137b000 rw-p 0003d000 08:08 1973982                    /usr/lib/x86_64-linux-gnu/libfontconfig.so.1.8.0
7f262137b000-7f26213cd000 r-xp 00000000 08:08 1974112                    /usr/lib/x86_64-linux-gnu/libgobject-2.0.so.0.5000.3
7f26213cd000-7f26215cc000 ---p 00052000 08:08 1974112                    /usr/lib/x86_64-linux-gnu/libgobject-2.0.so.0.5000.3
7f26215cc000-7f26215cd000 r--p 00051000 08:08 1974112                    /usr/lib/x86_64-linux-gnu/libgobject-2.0.so.0.5000.3
7f26215cd000-7f26215ce000 rw-p 00052000 08:08 1974112                    /usr/lib/x86_64-linux-gnu/libgobject-2.0.so.0.5000.3
7f26215ce000-7f2621617000 r-xp 00000000 08:08 1974732                    /usr/lib/x86_64-linux-gnu/libpango-1.0.so.0.4000.5
7f2621617000-7f2621816000 ---p 00049000 08:08 1974732                    /usr/lib/x86_64-linux-gnu/libpango-1.0.so.0.4000.5
7f2621816000-7f2621819000 r--p 00048000 08:08 1974732                    /usr/lib/x86_64-linux-gnu/libpango-1.0.so.0.4000.5
7f2621819000-7f262181a000 rw-p 0004b000 08:08 1974732                    /usr/lib/x86_64-linux-gnu/libpango-1.0.so.0.4000.5
7f262181a000-7f262182e000 r-xp 00000000 08:08 1974736                    /usr/lib/x86_64-linux-gnu/libpangoft2-1.0.so.0.4000.5
7f262182e000-7f2621a2e000 ---p 00014000 08:08 1974736                    /usr/lib/x86_64-linux-gnu/libpangoft2-1.0.so.0.4000.5
7f2621a2e000-7f2621a2f000 r--p 00014000 08:08 1974736                    /usr/lib/x86_64-linux-gnu/libpangoft2-1.0.so.0.4000.5
7f2621a2f000-7f2621a30000 rw-p 00015000 08:08 1974736                    /usr/lib/x86_64-linux-gnu/libpangoft2-1.0.so.0.4000.5
7f2621a30000-7f2621bbd000 r-xp 00000000 08:08 1974048                    /usr/lib/x86_64-linux-gnu/libgio-2.0.so.0.5000.3
7f2621bbd000-7f2621dbd000 ---p 0018d000 08:08 1974048                    /usr/lib/x86_64-linux-gnu/libgio-2.0.so.0.5000.3
7f2621dbd000-7f2621dc2000 r--p 0018d000 08:08 1974048                    /usr/lib/x86_64-linux-gnu/libgio-2.0.so.0.5000.3
7f2621dc2000-7f2621dc5000 rw-p 00192000 08:08 1974048                    /usr/lib/x86_64-linux-gnu/libgio-2.0.so.0.5000.3
7f2621dc5000-7f2621dc6000 rw-p 00000000 00:00 0 
7f2621dc6000-7f2621de8000 r-xp 00000000 08:08 1974034                    /usr/lib/x86_64-linux-gnu/libgdk_pixbuf-2.0.so.0.3600.5
7f2621de8000-7f2621fe8000 ---p 00022000 08:08 1974034                    /usr/lib/x86_64-linux-gnu/libgdk_pixbuf-2.0.so.0.3600.5
7f2621fe8000-7f2621fe9000 r--p 00022000 08:08 1974034                    /usr/lib/x86_64-linux-gnu/libgdk_pixbuf-2.0.so.0.3600.5
7f2621fe9000-7f2621fea000 rw-p 00023000 08:08 1974034                    /usr/lib/x86_64-linux-gnu/libgdk_pixbuf-2.0.so.0.3600.5
7f2621fea000-7f26220f8000 r-xp 00000000 08:08 1973694                    /usr/lib/x86_64-linux-gnu/libcairo.so.2.11400.8
7f26220f8000-7f26222f8000 ---p 0010e000 08:08 1973694                    /usr/lib/x86_64-linux-gnu/libcairo.so.2.11400.8
7f26222f8000-7f26222fb000 r--p 0010e000 08:08 1973694                    /usr/lib/x86_64-linux-gnu/libcairo.so.2.11400.8
7f26222fb000-7f26222fc000 rw-p 00111000 08:08 1973694                    /usr/lib/x86_64-linux-gnu/libcairo.so.2.11400.8
7f26222fc000-7f26222fe000 rw-p 00000000 00:00 0 
7f26222fe000-7f2622321000 r-xp 00000000 08:08 1973616                    /usr/lib/x86_64-linux-gnu/libatk-1.0.so.0.22209.1
7f2622321000-7f2622520000 ---p 00023000 08:08 1973616                    /usr/lib/x86_64-linux-gnu/libatk-1.0.so.0.22209.1
7f2622520000-7f2622523000 r--p 00022000 08:08 1973616                    /usr/lib/x86_64-linux-gnu/libatk-1.0.so.0.22209.1
7f2622523000-7f2622524000 rw-p 00025000 08:08 1973616                    /usr/lib/x86_64-linux-gnu/libatk-1.0.so.0.22209.1
7f2622524000-7f2622530000 r-xp 00000000 08:08 1974734                    /usr/lib/x86_64-linux-gnu/libpangocairo-1.0.so.0.4000.5
7f2622530000-7f262272f000 ---p 0000c000 08:08 1974734                    /usr/lib/x86_64-linux-gnu/libpangocairo-1.0.so.0.4000.5
7f262272f000-7f2622730000 r--p 0000b000 08:08 1974734                    /usr/lib/x86_64-linux-gnu/libpangocairo-1.0.so.0.4000.5
7f2622730000-7f2622731000 rw-p 0000c000 08:08 1974734                    /usr/lib/x86_64-linux-gnu/libpangocairo-1.0.so.0.4000.5
7f2622731000-7f26227e1000 r-xp 00000000 08:08 1974032                    /usr/lib/x86_64-linux-gnu/libgdk-x11-2.0.so.0.2400.31
7f26227e1000-7f26229e0000 ---p 000b0000 08:08 1974032                    /usr/lib/x86_64-linux-gnu/libgdk-x11-2.0.so.0.2400.31
7f26229e0000-7f26229e4000 r--p 000af000 08:08 1974032                    /usr/lib/x86_64-linux-gnu/libgdk-x11-2.0.so.0.2400.31
7f26229e4000-7f26229e6000 rw-p 000b3000 08:08 1974032                    /usr/lib/x86_64-linux-gnu/libgdk-x11-2.0.so.0.2400.31
7f26229e6000-7f2622e26000 r-xp 00000000 08:08 1974286                    /usr/lib/x86_64-linux-gnu/libgtk-x11-2.0.so.0.2400.31
7f2622e26000-7f2623025000 ---p 00440000 08:08 1974286                    /usr/lib/x86_64-linux-gnu/libgtk-x11-2.0.so.0.2400.31
7f2623025000-7f262302c000 r--p 0043f000 08:08 1974286                    /usr/lib/x86_64-linux-gnu/libgtk-x11-2.0.so.0.2400.31
7f262302c000-7f2623030000 rw-p 00446000 08:08 1974286                    /usr/lib/x86_64-linux-gnu/libgtk-x11-2.0.so.0.2400.31
7f2623030000-7f2623033000 rw-p 00000000 00:00 0 
7f2623033000-7f2623036000 r--s 00000000 08:08 1590385                    /var/cache/fontconfig/bf6ddb0059d58ea573e04b43f868001f-le64.cache-4
7f2623036000-7f2623039000 r--s 00000000 08:08 1572931                    /var/cache/fontconfig/e13b20fdb08344e0e664864cc2ede53d-le64.cache-4
7f2623039000-7f262303e000 r--s 002f9000 08:08 1715168                    /usr/lib/jvm/java-8-openjdk-amd64/jre/lib/charsets.jar
7f262303e000-7f2623043000 r--s 0009d000 08:08 1715201                    /usr/lib/jvm/java-8-openjdk-amd64/jre/lib/jsse.jar
7f2623043000-7f2623047000 rw-s 00000000 00:18 230                        /i915 (deleted)
7f2623047000-7f262304c000 rw-s 00000000 00:18 220                        /i915 (deleted)
7f262304c000-7f2623058000 r-xp 00000000 08:08 1717405                    /usr/lib/jvm/java-8-openjdk-amd64/jre/lib/amd64/libprism_es2.so
7f2623058000-7f2623257000 ---p 0000c000 08:08 1717405                    /usr/lib/jvm/java-8-openjdk-amd64/jre/lib/amd64/libprism_es2.so
7f2623257000-7f2623258000 r--p 0000b000 08:08 1717405                    /usr/lib/jvm/java-8-openjdk-amd64/jre/lib/amd64/libprism_es2.so
7f2623258000-7f2623259000 rw-p 0000c000 08:08 1717405                    /usr/lib/jvm/java-8-openjdk-amd64/jre/lib/amd64/libprism_es2.so
7f2623259000-7f262325c000 ---p 00000000 00:00 0 
7f262325c000-7f262335a000 rw-p 00000000 00:00 0 
7f262335a000-7f262335b000 ---p 00000000 00:00 0 
7f262335b000-7f262345b000 rw-p 00000000 00:00 0 
7f262345b000-7f262345e000 ---p 00000000 00:00 0 
7f262345e000-7f262355c000 rw-p 00000000 00:00 0 
7f262355c000-7f262355f000 ---p 00000000 00:00 0 
7f262355f000-7f262365d000 rw-p 00000000 00:00 0 
7f262365d000-7f2623660000 ---p 00000000 00:00 0 
7f2623660000-7f262375e000 rw-p 00000000 00:00 0 
7f262375e000-7f2623761000 ---p 00000000 00:00 0 
7f2623761000-7f262385f000 rw-p 00000000 00:00 0 
7f262385f000-7f26239fa000 r--p 00000000 08:08 1711771                    /usr/lib/locale/locale-archive
7f26239fa000-7f26239fd000 ---p 00000000 00:00 0 
7f26239fd000-7f2623afb000 rw-p 00000000 00:00 0 
7f2623afb000-7f2623afe000 ---p 00000000 00:00 0 
7f2623afe000-7f2623bfc000 rw-p 00000000 00:00 0 
7f2623bfc000-7f2623bfd000 ---p 00000000 00:00 0 
7f2623bfd000-7f2624000000 rw-p 00000000 00:00 0 
7f2624000000-7f2624021000 rw-p 00000000 00:00 0 
7f2624021000-7f2628000000 ---p 00000000 00:00 0 
7f2628000000-7f2628002000 r--s 00000000 08:08 1590387                    /var/cache/fontconfig/4bb17da730f63117fed329ee42a5d05e-le64.cache-4
7f2628002000-7f2628006000 rw-s 00000000 00:18 256                        /i915 (deleted)
7f2628006000-7f262800a000 rw-s 00000000 00:18 194                        /i915 (deleted)
7f262800a000-7f26280a0000 r--s 007ce000 08:08 2654625                    /usr/share/java/openjfx/jre/lib/ext/jfxrt.jar
7f26280a0000-7f26280bb000 r--s 001d6000 08:08 1715183                    /usr/lib/jvm/java-8-openjdk-amd64/jre/lib/ext/nashorn.jar
7f26280bb000-7f26280d6000 r--s 00394000 08:08 1715178                    /usr/lib/jvm/java-8-openjdk-amd64/jre/lib/ext/cldrdata.jar
7f26280d6000-7f262d000000 rw-p 00000000 00:00 0 
7f262d000000-7f262d5d0000 rwxp 00000000 00:00 0 
7f262d5d0000-7f263c000000 ---p 00000000 00:00 0 
7f263c000000-7f263c280000 rw-p 00000000 00:00 0 
7f263c280000-7f2640000000 ---p 00000000 00:00 0 
7f2640000000-7f2640001000 r--s 00000000 08:08 1572912                    /var/cache/fontconfig/16c2fda60d1b4b719f4b3d06fd951d25-le64.cache-4
7f2640001000-7f2640002000 r--s 00000000 08:08 1590384                    /var/cache/fontconfig/2736766d4907c6828b9382ebdbe3064b-le64.cache-4
7f2640002000-7f2640007000 rw-s 00000000 00:18 193                        /i915 (deleted)
7f2640007000-7f2640076000 rw-p 00000000 00:00 0 
7f2640076000-7f2640245000 r--s 03c33000 08:08 1715207                    /usr/lib/jvm/java-8-openjdk-amd64/jre/lib/rt.jar
7f2640245000-7f26402bb000 rw-p 00000000 00:00 0 
7f26402bb000-7f26402bc000 ---p 00000000 00:00 0 
7f26402bc000-7f26403bc000 rw-p 00000000 00:00 0 
7f26403bc000-7f26403bd000 ---p 00000000 00:00 0 
7f26403bd000-7f26404e7000 rw-p 00000000 00:00 0 
7f26404e7000-7f264074a000 ---p 00000000 00:00 0 
7f264074a000-7f2640774000 rw-p 00000000 00:00 0 
7f2640774000-7f26409d6000 ---p 00000000 00:00 0 
7f26409d6000-7f26409fb000 rw-p 00000000 00:00 0 
7f26409fb000-7f2640b1d000 ---p 00000000 00:00 0 
7f2640b1d000-7f2640b36000 rw-p 00000000 00:00 0 
7f2640b36000-7f2640ede000 ---p 00000000 00:00 0 
7f2640ede000-7f2640ee6000 r-xp 00000000 08:08 1715164                    /usr/lib/jvm/java-8-openjdk-amd64/jre/lib/amd64/libzip.so
7f2640ee6000-7f26410e5000 ---p 00008000 08:08 1715164                    /usr/lib/jvm/java-8-openjdk-amd64/jre/lib/amd64/libzip.so
7f26410e5000-7f26410e6000 r--p 00007000 08:08 1715164                    /usr/lib/jvm/java-8-openjdk-amd64/jre/lib/amd64/libzip.so
7f26410e6000-7f26410e7000 rw-p 00008000 08:08 1715164                    /usr/lib/jvm/java-8-openjdk-amd64/jre/lib/amd64/libzip.so
7f26410e7000-7f26410f1000 r-xp 00000000 08:08 1974648                    /usr/lib/x86_64-linux-gnu/libnss_files-2.24.so
7f26410f1000-7f26412f1000 ---p 0000a000 08:08 1974648                    /usr/lib/x86_64-linux-gnu/libnss_files-2.24.so
7f26412f1000-7f26412f2000 r--p 0000a000 08:08 1974648                    /usr/lib/x86_64-linux-gnu/libnss_files-2.24.so
7f26412f2000-7f26412f3000 rw-p 0000b000 08:08 1974648                    /usr/lib/x86_64-linux-gnu/libnss_files-2.24.so
7f26412f3000-7f26412f9000 rw-p 00000000 00:00 0 
7f26412f9000-7f2641304000 r-xp 00000000 08:08 1974654                    /usr/lib/x86_64-linux-gnu/libnss_nis-2.24.so
7f2641304000-7f2641503000 ---p 0000b000 08:08 1974654                    /usr/lib/x86_64-linux-gnu/libnss_nis-2.24.so
7f2641503000-7f2641504000 r--p 0000a000 08:08 1974654                    /usr/lib/x86_64-linux-gnu/libnss_nis-2.24.so
7f2641504000-7f2641505000 rw-p 0000b000 08:08 1974654                    /usr/lib/x86_64-linux-gnu/libnss_nis-2.24.so
7f2641505000-7f2641519000 r-xp 00000000 08:08 1974636                    /usr/lib/x86_64-linux-gnu/libnsl-2.24.so
7f2641519000-7f2641719000 ---p 00014000 08:08 1974636                    /usr/lib/x86_64-linux-gnu/libnsl-2.24.so
7f2641719000-7f264171a000 r--p 00014000 08:08 1974636                    /usr/lib/x86_64-linux-gnu/libnsl-2.24.so
7f264171a000-7f264171b000 rw-p 00015000 08:08 1974636                    /usr/lib/x86_64-linux-gnu/libnsl-2.24.so
7f264171b000-7f264171d000 rw-p 00000000 00:00 0 
7f264171d000-7f2641724000 r-xp 00000000 08:08 1974642                    /usr/lib/x86_64-linux-gnu/libnss_compat-2.24.so
7f2641724000-7f2641923000 ---p 00007000 08:08 1974642                    /usr/lib/x86_64-linux-gnu/libnss_compat-2.24.so
7f2641923000-7f2641924000 r--p 00006000 08:08 1974642                    /usr/lib/x86_64-linux-gnu/libnss_compat-2.24.so
7f2641924000-7f2641925000 rw-p 00007000 08:08 1974642                    /usr/lib/x86_64-linux-gnu/libnss_compat-2.24.so
7f2641925000-7f2641952000 r-xp 00000000 08:08 1715145                    /usr/lib/jvm/java-8-openjdk-amd64/jre/lib/amd64/libjava.so
7f2641952000-7f2641b52000 ---p 0002d000 08:08 1715145                    /usr/lib/jvm/java-8-openjdk-amd64/jre/lib/amd64/libjava.so
7f2641b52000-7f2641b53000 r--p 0002d000 08:08 1715145                    /usr/lib/jvm/java-8-openjdk-amd64/jre/lib/amd64/libjava.so
7f2641b53000-7f2641b55000 rw-p 0002e000 08:08 1715145                    /usr/lib/jvm/java-8-openjdk-amd64/jre/lib/amd64/libjava.so
7f2641b55000-7f2641b64000 r-xp 00000000 08:08 1715163                    /usr/lib/jvm/java-8-openjdk-amd64/jre/lib/amd64/libverify.so
7f2641b64000-7f2641d64000 ---p 0000f000 08:08 1715163                    /usr/lib/jvm/java-8-openjdk-amd64/jre/lib/amd64/libverify.so
7f2641d64000-7f2641d66000 r--p 0000f000 08:08 1715163                    /usr/lib/jvm/java-8-openjdk-amd64/jre/lib/amd64/libverify.so
7f2641d66000-7f2641d67000 rw-p 00011000 08:08 1715163                    /usr/lib/jvm/java-8-openjdk-amd64/jre/lib/amd64/libverify.so
7f2641d67000-7f2641d6e000 r-xp 00000000 08:08 1974898                    /usr/lib/x86_64-linux-gnu/librt-2.24.so
7f2641d6e000-7f2641f6d000 ---p 00007000 08:08 1974898                    /usr/lib/x86_64-linux-gnu/librt-2.24.so
7f2641f6d000-7f2641f6e000 r--p 00006000 08:08 1974898                    /usr/lib/x86_64-linux-gnu/librt-2.24.so
7f2641f6e000-7f2641f6f000 rw-p 00007000 08:08 1974898                    /usr/lib/x86_64-linux-gnu/librt-2.24.so
7f2641f6f000-7f2641f85000 r-xp 00000000 08:08 1974006                    /usr/lib/x86_64-linux-gnu/libgcc_s.so.1
7f2641f85000-7f2642184000 ---p 00016000 08:08 1974006                    /usr/lib/x86_64-linux-gnu/libgcc_s.so.1
7f2642184000-7f2642185000 r--p 00015000 08:08 1974006                    /usr/lib/x86_64-linux-gnu/libgcc_s.so.1
7f2642185000-7f2642186000 rw-p 00016000 08:08 1974006                    /usr/lib/x86_64-linux-gnu/libgcc_s.so.1
7f2642186000-7f2642289000 r-xp 00000000 08:08 1974512                    /usr/lib/x86_64-linux-gnu/libm-2.24.so
7f2642289000-7f2642488000 ---p 00103000 08:08 1974512                    /usr/lib/x86_64-linux-gnu/libm-2.24.so
7f2642488000-7f2642489000 r--p 00102000 08:08 1974512                    /usr/lib/x86_64-linux-gnu/libm-2.24.so
7f2642489000-7f264248a000 rw-p 00103000 08:08 1974512                    /usr/lib/x86_64-linux-gnu/libm-2.24.so
7f264248a000-7f26425fc000 r-xp 00000000 08:08 1975001                    /usr/lib/x86_64-linux-gnu/libstdc++.so.6.0.22
7f26425fc000-7f26427fc000 ---p 00172000 08:08 1975001                    /usr/lib/x86_64-linux-gnu/libstdc++.so.6.0.22
7f26427fc000-7f2642806000 r--p 00172000 08:08 1975001                    /usr/lib/x86_64-linux-gnu/libstdc++.so.6.0.22
7f2642806000-7f2642808000 rw-p 0017c000 08:08 1975001                    /usr/lib/x86_64-linux-gnu/libstdc++.so.6.0.22
7f2642808000-7f264280c000 rw-p 00000000 00:00 0 
7f264280c000-7f264346b000 r-xp 00000000 08:08 1715167                    /usr/lib/jvm/java-8-openjdk-amd64/jre/lib/amd64/server/libjvm.so
7f264346b000-7f264366a000 ---p 00c5f000 08:08 1715167                    /usr/lib/jvm/java-8-openjdk-amd64/jre/lib/amd64/server/libjvm.so
7f264366a000-7f26436fe000 r--p 00c5e000 08:08 1715167                    /usr/lib/jvm/java-8-openjdk-amd64/jre/lib/amd64/server/libjvm.so
7f26436fe000-7f2643727000 rw-p 00cf2000 08:08 1715167                    /usr/lib/jvm/java-8-openjdk-amd64/jre/lib/amd64/server/libjvm.so
7f2643727000-7f2643757000 rw-p 00000000 00:00 0 
7f2643757000-7f26438ec000 r-xp 00000000 08:08 1973682                    /usr/lib/x86_64-linux-gnu/libc-2.24.so
7f26438ec000-7f2643aec000 ---p 00195000 08:08 1973682                    /usr/lib/x86_64-linux-gnu/libc-2.24.so
7f2643aec000-7f2643af0000 r--p 00195000 08:08 1973682                    /usr/lib/x86_64-linux-gnu/libc-2.24.so
7f2643af0000-7f2643af2000 rw-p 00199000 08:08 1973682                    /usr/lib/x86_64-linux-gnu/libc-2.24.so
7f2643af2000-7f2643af6000 rw-p 00000000 00:00 0 
7f2643af6000-7f2643af9000 r-xp 00000000 08:08 1973821                    /usr/lib/x86_64-linux-gnu/libdl-2.24.so
7f2643af9000-7f2643cf8000 ---p 00003000 08:08 1973821                    /usr/lib/x86_64-linux-gnu/libdl-2.24.so
7f2643cf8000-7f2643cf9000 r--p 00002000 08:08 1973821                    /usr/lib/x86_64-linux-gnu/libdl-2.24.so
7f2643cf9000-7f2643cfa000 rw-p 00003000 08:08 1973821                    /usr/lib/x86_64-linux-gnu/libdl-2.24.so
7f2643cfa000-7f2643d07000 r-xp 00000000 08:08 1715131                    /usr/lib/jvm/java-8-openjdk-amd64/jre/lib/amd64/jli/libjli.so
7f2643d07000-7f2643f07000 ---p 0000d000 08:08 1715131                    /usr/lib/jvm/java-8-openjdk-amd64/jre/lib/amd64/jli/libjli.so
7f2643f07000-7f2643f08000 r--p 0000d000 08:08 1715131                    /usr/lib/jvm/java-8-openjdk-amd64/jre/lib/amd64/jli/libjli.so
7f2643f08000-7f2643f09000 rw-p 0000e000 08:08 1715131                    /usr/lib/jvm/java-8-openjdk-amd64/jre/lib/amd64/jli/libjli.so
7f2643f09000-7f2643f22000 r-xp 00000000 08:08 1975262                    /usr/lib/x86_64-linux-gnu/libz.so.1.2.8
7f2643f22000-7f2644121000 ---p 00019000 08:08 1975262                    /usr/lib/x86_64-linux-gnu/libz.so.1.2.8
7f2644121000-7f2644122000 r--p 00018000 08:08 1975262                    /usr/lib/x86_64-linux-gnu/libz.so.1.2.8
7f2644122000-7f2644123000 rw-p 00019000 08:08 1975262                    /usr/lib/x86_64-linux-gnu/libz.so.1.2.8
7f2644123000-7f264413b000 r-xp 00000000 08:08 1974838                    /usr/lib/x86_64-linux-gnu/libpthread-2.24.so
7f264413b000-7f264433a000 ---p 00018000 08:08 1974838                    /usr/lib/x86_64-linux-gnu/libpthread-2.24.so
7f264433a000-7f264433b000 r--p 00017000 08:08 1974838                    /usr/lib/x86_64-linux-gnu/libpthread-2.24.so
7f264433b000-7f264433c000 rw-p 00018000 08:08 1974838                    /usr/lib/x86_64-linux-gnu/libpthread-2.24.so
7f264433c000-7f2644340000 rw-p 00000000 00:00 0 
7f2644340000-7f2644363000 r-xp 00000000 08:08 1973230                    /usr/lib/x86_64-linux-gnu/ld-2.24.so
7f2644363000-7f2644364000 r--s 00008000 08:09 13369446                   /home/atomx/.eclipse/org.eclipse.platform_4.12.0_1473617060_linux_gtk_x86_64/plugins/org.eclipse.fx.ide.css.jfx8_3.5.0.201902220800.jar
7f2644365000-7f2644366000 rwxp 00000000 00:00 0 
7f2644366000-7f264436a000 rw-s 00000000 00:18 197                        /i915 (deleted)
7f264436a000-7f264436d000 r--s 0000f000 08:08 1715180                    /usr/lib/jvm/java-8-openjdk-amd64/jre/lib/ext/icedtea-sound.jar
7f264436d000-7f264436f000 r--s 00001000 08:08 1715179                    /usr/lib/jvm/java-8-openjdk-amd64/jre/lib/ext/dnsns.jar
7f264436f000-7f2644371000 r--s 00008000 08:08 1715184                    /usr/lib/jvm/java-8-openjdk-amd64/jre/lib/ext/sunec.jar
7f2644371000-7f2644377000 r--s 0003b000 08:08 1715185                    /usr/lib/jvm/java-8-openjdk-amd64/jre/lib/ext/sunjce_provider.jar
7f2644377000-7f2644379000 r--s 00007000 08:08 2654545                    /usr/share/java/java-atk-wrapper.jar
7f2644379000-7f2644444000 rw-p 00000000 00:00 0 
7f2644444000-7f2644447000 ---p 00000000 00:00 0 
7f2644447000-7f2644547000 rw-p 00000000 00:00 0 
7f2644547000-7f2644548000 r--s 00010000 08:08 1715187                    /usr/lib/jvm/java-8-openjdk-amd64/jre/lib/ext/zipfs.jar
7f2644548000-7f2644549000 r--s 0000a000 08:08 1715181                    /usr/lib/jvm/java-8-openjdk-amd64/jre/lib/ext/jaccess.jar
7f2644549000-7f264454c000 r--s 00038000 08:08 1715186                    /usr/lib/jvm/java-8-openjdk-amd64/jre/lib/ext/sunpkcs11.jar
7f264454c000-7f2644556000 r--s 00116000 08:08 1715182                    /usr/lib/jvm/java-8-openjdk-amd64/jre/lib/ext/localedata.jar
7f2644556000-7f264455e000 rw-s 00000000 08:08 2104380                    /tmp/hsperfdata_atomx/32487
7f264455e000-7f264455f000 rw-p 00000000 00:00 0 
7f264455f000-7f2644560000 r--p 00000000 00:00 0 
7f2644560000-7f2644563000 rw-p 00000000 00:00 0 
7f2644563000-7f2644564000 r--p 00023000 08:08 1973230                    /usr/lib/x86_64-linux-gnu/ld-2.24.so
7f2644564000-7f2644565000 rw-p 00024000 08:08 1973230                    /usr/lib/x86_64-linux-gnu/ld-2.24.so
7f2644565000-7f2644566000 rw-p 00000000 00:00 0 
7ffc9e05f000-7ffc9e080000 rw-p 00000000 00:00 0                          [stack]
7ffc9e1da000-7ffc9e1dd000 r--p 00000000 00:00 0                          [vvar]
7ffc9e1dd000-7ffc9e1df000 r-xp 00000000 00:00 0                          [vdso]
ffffffffff600000-ffffffffff601000 r-xp 00000000 00:00 0                  [vsyscall]

VM Arguments:
jvm_args: -Dfile.encoding=UTF-8 
java_command: application.Main
java_class_path (initial): /home/atomx/eclipse-workspace/Library/bin:/home/atomx/.eclipse/org.eclipse.platform_4.12.0_1473617060_linux_gtk_x86_64/plugins/org.eclipse.fx.ide.css.jfx8_3.5.0.201902220800.jar:/home/atomx/eclipse-workspace/Library/lib/jfxrt.jar:/home/atomx/eclipse-workspace/Library/lib/mysql-connector-java-8.0.17.jar
Launcher Type: SUN_STANDARD

Environment Variables:
PATH=/usr/local/bin:/usr/bin:/bin:/usr/local/games:/usr/games:/sbin:/usr/sbin
SHELL=/bin/bash
DISPLAY=:0

Signal Handlers:
SIGSEGV: [libjvm.so+0xa74b40], sa_mask[0]=11111111011111111101111111111110, sa_flags=SA_RESTART|SA_SIGINFO
SIGBUS: [libjvm.so+0xa74b40], sa_mask[0]=11111111011111111101111111111110, sa_flags=SA_RESTART|SA_SIGINFO
SIGFPE: [libjvm.so+0x8bd510], sa_mask[0]=11111111011111111101111111111110, sa_flags=SA_RESTART|SA_SIGINFO
SIGPIPE: SIG_IGN, sa_mask[0]=00000000000010000000000000000000, sa_flags=SA_RESTART
SIGXFSZ: [libjvm.so+0x8bd510], sa_mask[0]=11111111011111111101111111111110, sa_flags=SA_RESTART|SA_SIGINFO
SIGILL: [libjvm.so+0x8bd510], sa_mask[0]=11111111011111111101111111111110, sa_flags=SA_RESTART|SA_SIGINFO
SIGUSR1: SIG_DFL, sa_mask[0]=00000000000000000000000000000000, sa_flags=none
SIGUSR2: [libjvm.so+0x8bd3c0], sa_mask[0]=00100000000000000000000000000000, sa_flags=SA_RESTART|SA_SIGINFO
SIGHUP: SIG_IGN, sa_mask[0]=00000000000000000000000000000000, sa_flags=none
SIGINT: [libjvm.so+0x8bd870], sa_mask[0]=11111111011111111101111111111110, sa_flags=SA_RESTART|SA_SIGINFO
SIGTERM: [libjvm.so+0x8bd870], sa_mask[0]=11111111011111111101111111111110, sa_flags=SA_RESTART|SA_SIGINFO
SIGQUIT: [libjvm.so+0x8bd870], sa_mask[0]=11111111011111111101111111111110, sa_flags=SA_RESTART|SA_SIGINFO


---------------  S Y S T E M  ---------------

OS:DISTRIB_ID=Deepin
DISTRIB_RELEASE="15.11"
DISTRIB_DESCRIPTION="Deepin 15.11 "
DISTRIB_CODENAME=stable

uname:Linux 4.15.0-30deepin-generic #31 SMP Fri Nov 30 04:29:02 UTC 2018 x86_64
libc:glibc 2.24 NPTL 2.24 
rlimit: STACK 8192k, CORE 0k, NPROC 30921, NOFILE 1048576, AS infinity
load average:0.85 0.94 1.11

/proc/meminfo:
MemTotal:        8018944 kB
MemFree:         1530352 kB
MemAvailable:    4256636 kB
Buffers:          399228 kB
Cached:          2567440 kB
SwapCached:            0 kB
Active:          4690532 kB
Inactive:        1373200 kB
Active(anon):    3098536 kB
Inactive(anon):   141296 kB
Active(file):    1591996 kB
Inactive(file):  1231904 kB
Unevictable:          96 kB
Mlocked:              96 kB
SwapTotal:       2097148 kB
SwapFree:        2097148 kB
Dirty:               516 kB
Writeback:             0 kB
AnonPages:       3097128 kB
Mapped:           534872 kB
Shmem:            142780 kB
Slab:             282364 kB
SReclaimable:     212448 kB
SUnreclaim:        69916 kB
KernelStack:       15312 kB
PageTables:        60924 kB
NFS_Unstable:          0 kB
Bounce:                0 kB
WritebackTmp:          0 kB
CommitLimit:     6106620 kB
Committed_AS:   10599292 kB
VmallocTotal:   34359738367 kB
VmallocUsed:           0 kB
VmallocChunk:          0 kB
HardwareCorrupted:     0 kB
AnonHugePages:      2048 kB
ShmemHugePages:        0 kB
ShmemPmdMapped:        0 kB
CmaTotal:              0 kB
CmaFree:               0 kB
HugePages_Total:       0
HugePages_Free:        0
HugePages_Rsvd:        0
HugePages_Surp:        0
Hugepagesize:       2048 kB
DirectMap4k:      469948 kB
DirectMap2M:     7768064 kB


CPU:total 2 (initial active 2) (2 cores per cpu, 1 threads per core) family 6 model 76 stepping 4, cmov, cx8, fxsr, mmx, sse, sse2, sse3, ssse3, sse4.1, sse4.2, popcnt, aes, clmul, erms, 3dnowpref, tsc, tscinvbit

/proc/cpuinfo:
processor	: 0
vendor_id	: GenuineIntel
cpu family	: 6
model		: 76
model name	: Intel(R) Celeron(R) CPU  N3010  @ 1.04GHz
stepping	: 4
microcode	: 0x404
cpu MHz		: 2240.000
cache size	: 1024 KB
physical id	: 0
siblings	: 2
core id		: 0
cpu cores	: 2
apicid		: 0
initial apicid	: 0
fpu		: yes
fpu_exception	: yes
cpuid level	: 11
wp		: yes
flags		: fpu vme de pse tsc msr pae mce cx8 apic sep mtrr pge mca cmov pat pse36 clflush dts acpi mmx fxsr sse sse2 ss ht tm pbe syscall nx rdtscp lm constant_tsc arch_perfmon pebs bts rep_good nopl xtopology tsc_reliable nonstop_tsc cpuid aperfmperf tsc_known_freq pni pclmulqdq dtes64 monitor ds_cpl vmx est tm2 ssse3 cx16 xtpr pdcm sse4_1 sse4_2 movbe popcnt tsc_deadline_timer aes rdrand lahf_lm 3dnowprefetch epb pti tpr_shadow vnmi flexpriority ept vpid tsc_adjust smep erms dtherm ida arat
bugs		: cpu_meltdown spectre_v1 spectre_v2
bogomips	: 2080.00
clflush size	: 64
cache_alignment	: 64
address sizes	: 36 bits physical, 48 bits virtual
power management:

processor	: 1
vendor_id	: GenuineIntel
cpu family	: 6
model		: 76
model name	: Intel(R) Celeron(R) CPU  N3010  @ 1.04GHz
stepping	: 4
microcode	: 0x404
cpu MHz		: 2240.000
cache size	: 1024 KB
physical id	: 0
siblings	: 2
core id		: 2
cpu cores	: 2
apicid		: 4
initial apicid	: 4
fpu		: yes
fpu_exception	: yes
cpuid level	: 11
wp		: yes
flags		: fpu vme de pse tsc msr pae mce cx8 apic sep mtrr pge mca cmov pat pse36 clflush dts acpi mmx fxsr sse sse2 ss ht tm pbe syscall nx rdtscp lm constant_tsc arch_perfmon pebs bts rep_good nopl xtopology tsc_reliable nonstop_tsc cpuid aperfmperf tsc_known_freq pni pclmulqdq dtes64 monitor ds_cpl vmx est tm2 ssse3 cx16 xtpr pdcm sse4_1 sse4_2 movbe popcnt tsc_deadline_timer aes rdrand lahf_lm 3dnowprefetch epb pti tpr_shadow vnmi flexpriority ept vpid tsc_adjust smep erms dtherm ida arat
bugs		: cpu_meltdown spectre_v1 spectre_v2
bogomips	: 2080.00
clflush size	: 64
cache_alignment	: 64
address sizes	: 36 bits physical, 48 bits virtual
power management:



Memory: 4k page, physical 8018944k(1530288k free), swap 2097148k(2097148k free)

vm_info: OpenJDK 64-Bit Server VM (25.181-b13) for linux-amd64 JRE (1.8.0_181-8u181-b13-2~deb9u1-b13), built on Oct 22 2018 18:05:23 by "pbuilder" with gcc 6.3.0 20170516

time: Sat Aug 31 15:16:48 2019
elapsed time: 12 seconds (0d 0h 0m 12s)

