#
# A fatal error has been detected by the Java Runtime Environment:
#
#  SIGSEGV (0xb) at pc=0x00007f1b3771c07d, pid=27083, tid=0x00007f1aec144700
#
# JRE version: OpenJDK Runtime Environment (8.0_181-b13) (build 1.8.0_181-8u181-b13-2~deb9u1-b13)
# Java VM: OpenJDK 64-Bit Server VM (25.181-b13 mixed mode linux-amd64 compressed oops)
# Problematic frame:
# V  [libjvm.so+0x68107d]
#
# Failed to write core dump. Core dumps have been disabled. To enable core dumping, try "ulimit -c unlimited" before starting Java again
#
# If you would like to submit a bug report, please visit:
#   http://bugreport.java.com/bugreport/crash.jsp
#

---------------  T H R E A D  ---------------

Current thread (0x00007f1b3028b000):  JavaThread "JavaFX Application Thread" [_thread_in_vm, id=27103, stack(0x00007f1aec044000,0x00007f1aec145000)]

siginfo: si_signo: 11 (SIGSEGV), si_code: 128 (SI_KERNEL), si_addr: 0x0000000000000000

Registers:
RAX=0x0000000000000000, RBX=0x00007f1b3028b000, RCX=0x00007f1b30250958, RDX=0x2f78666176616a4c
RSP=0x00007f1aec143230, RBP=0x00007f1aec1433b0, RSI=0x00007f1aec1433d0, RDI=0x00007f1b3028b1e0
R8 =0x00007f1aec143400, R9 =0x00007f1b3028b000, R10=0x00007f1ad8000bd0, R11=0x00007f1b214e2c40
R12=0x00007f1b3028b1e0, R13=0x00007f1b3028b000, R14=0x00007f1aec143490, R15=0x2f78666176616a4c
RIP=0x00007f1b3771c07d, EFLAGS=0x0000000000010202, CSGSFS=0x002b000000000033, ERR=0x0000000000000000
  TRAPNO=0x000000000000000d

Top of Stack: (sp=0x00007f1aec143230)
0x00007f1aec143230:   00007f1aec143340 00007f1b377031d3
0x00007f1aec143240:   00007f1b20d8e380 00007f1aec143280
0x00007f1aec143250:   00007f1b0000000e 00007f1b3028b1e0
0x00007f1aec143260:   00007f1aec143270 00007f1aec1433d0
0x00007f1aec143270:   00007f1b20cf0cc0 00007f1b3028b000
0x00007f1aec143280:   00007f1b20cf0cc0 00007f1b3028b000
0x00007f1aec143290:   00007f1b3028acb0 00007f1af8011670
0x00007f1aec1432a0:   00007f1af8011680 00007f1af8011a58
0x00007f1aec1432b0:   00000000000003d8 00007f1b3028acf0
0x00007f1aec1432c0:   00007f1b20cf0cc0 00007f1b3028b000
0x00007f1aec1432d0:   0000000020ce6c30 00000000d90397c8
0x00007f1aec1432e0:   0000000000000000 00007f1b21017e1b
0x00007f1aec1432f0:   00007f1b20cf0cc0 00007f1b3028b000
0x00007f1aec143300:   0000000000000000 00000000d9082bb0
0x00007f1aec143310:   00007f1a0000006f 00007f1a0000000a
0x00007f1aec143320:   00000000da501c60 00007f1b00000000
0x00007f1aec143330:   00007f1aec143420 00007f1aec1433e0
0x00007f1aec143340:   00007f1aec1434d0 0000000100000180
0x00007f1aec143350:   0000000000000002 00007f1aec143308
0x00007f1aec143360:   00007f1aec143349 0000000800000005
0x00007f1aec143370:   00007f1b00000000 b93eabac50361000
0x00007f1aec143380:   00007f1aec143390 00007f1b3028b000
0x00007f1aec143390:   00007f1b3028b1e0 00007f1b30250958
0x00007f1aec1433a0:   00007f1aec143490 2f78666176616a4c
0x00007f1aec1433b0:   00007f1aec143480 00007f1b3771f6aa
0x00007f1aec1433c0:   00007f1ad81bc880 00007f1aec143400
0x00007f1aec1433d0:   000000000000000e 00007f1b00000000
0x00007f1aec1433e0:   00007f1b3028b000 0000000000000000
0x00007f1aec1433f0:   0000000000000067 b93eabac50361000
0x00007f1aec143400:   00007f1b37f05938 00007f1b38c2f7e0
0x00007f1aec143410:   000000003026b800 00007f1a00000063
0x00007f1aec143420:   0000000000000000 0000003000000018 

Instructions: (pc=0x00007f1b3771c07d)
0x00007f1b3771c05d:   ff 48 89 b5 b8 fe ff ff 64 48 8b 04 25 28 00 00
0x00007f1b3771c06d:   00 48 89 45 c8 31 c0 48 85 d2 0f 84 3b 03 00 00
0x00007f1b3771c07d:   4c 8b 32 4d 85 f6 0f 84 2f 03 00 00 49 8b b9 20
0x00007f1b3771c08d:   01 00 00 48 89 cb 4d 89 c4 e8 f5 4c ff ff 4c 89 

Register to memory mapping:

RAX=0x0000000000000000 is an unknown value
RBX=0x00007f1b3028b000 is a thread
RCX=0x00007f1b30250958 is an unknown value
RDX=0x2f78666176616a4c is an unknown value
RSP=0x00007f1aec143230 is pointing into the stack for thread: 0x00007f1b3028b000
RBP=0x00007f1aec1433b0 is pointing into the stack for thread: 0x00007f1b3028b000
RSI=0x00007f1aec1433d0 is pointing into the stack for thread: 0x00007f1b3028b000
RDI=0x00007f1b3028b1e0 is an unknown value
R8 =0x00007f1aec143400 is pointing into the stack for thread: 0x00007f1b3028b000
R9 =0x00007f1b3028b000 is a thread
R10=0x00007f1ad8000bd0 is an unknown value
R11=0x00007f1b214e2c40 is at entry_point+32 in (nmethod*)0x00007f1b214e2ad0
R12=0x00007f1b3028b1e0 is an unknown value
R13=0x00007f1b3028b000 is a thread
R14=0x00007f1aec143490 is pointing into the stack for thread: 0x00007f1b3028b000
R15=0x2f78666176616a4c is an unknown value


Stack: [0x00007f1aec044000,0x00007f1aec145000],  sp=0x00007f1aec143230,  free space=1020k
Native frames: (J=compiled Java code, j=interpreted, Vv=VM code, C=native code)
V  [libjvm.so+0x68107d]
V  [libjvm.so+0x6846aa]
C  [libglass.so+0x12d33]  JNIEnv_::CallVoidMethod(_jobject*, _jmethodID*, ...)+0x93
C  [libglass.so+0x1ccf6]  WindowContextBase::process_key(_GdkEventKey*)+0x226
C  [libglass.so+0x1a9c0]  WindowContextBase::im_filter_keypress(_GdkEventKey*)+0x1f0
C  [libglass.so+0x23094]
C  [libgdk-x11-2.0.so.0+0x5acbc]

Java frames: (J=compiled Java code, j=interpreted, Vv=VM code)
j  com.sun.glass.ui.gtk.GtkApplication._runLoop(Ljava/lang/Runnable;Z)V+0
j  com.sun.glass.ui.gtk.GtkApplication.lambda$null$5(Ljava/lang/Runnable;Z)V+7
j  com.sun.glass.ui.gtk.GtkApplication$$Lambda$41.run()V+12
j  java.lang.Thread.run()V+11
v  ~StubRoutines::call_stub

---------------  P R O C E S S  ---------------

Java Threads: ( => current thread )
  0x00007f1ad846e800 JavaThread "Prism Font Disposer" daemon [_thread_blocked, id=27111, stack(0x00007f1adc08d000,0x00007f1adc18e000)]
  0x00007f1ad809f000 JavaThread "mysql-cj-abandoned-connection-cleanup" daemon [_thread_blocked, id=27106, stack(0x00007f1ae4512000,0x00007f1ae4613000)]
  0x00007f1b30293000 JavaThread "JavaFX-Launcher" [_thread_blocked, id=27105, stack(0x00007f1ae4613000,0x00007f1ae4714000)]
=>0x00007f1b3028b000 JavaThread "JavaFX Application Thread" [_thread_in_vm, id=27103, stack(0x00007f1aec044000,0x00007f1aec145000)]
  0x00007f1b30287000 JavaThread "Thread-1" daemon [_thread_blocked, id=27102, stack(0x00007f1b140d7000,0x00007f1b141d8000)]
  0x00007f1b30239000 JavaThread "QuantumRenderer-0" daemon [_thread_blocked, id=27100, stack(0x00007f1b1b75e000,0x00007f1b1b85f000)]
  0x00007f1b300b9800 JavaThread "Service Thread" daemon [_thread_blocked, id=27097, stack(0x00007f1b1b960000,0x00007f1b1ba61000)]
  0x00007f1b300b7000 JavaThread "C1 CompilerThread1" daemon [_thread_blocked, id=27096, stack(0x00007f1b1ba61000,0x00007f1b1bb62000)]
  0x00007f1b300b4000 JavaThread "C2 CompilerThread0" daemon [_thread_in_native, id=27095, stack(0x00007f1b1bb62000,0x00007f1b1bc63000)]
  0x00007f1b300b2800 JavaThread "Signal Dispatcher" daemon [_thread_blocked, id=27094, stack(0x00007f1b1bc63000,0x00007f1b1bd64000)]
  0x00007f1b30080000 JavaThread "Finalizer" daemon [_thread_blocked, id=27093, stack(0x00007f1b1beff000,0x00007f1b1c000000)]
  0x00007f1b3007d800 JavaThread "Reference Handler" daemon [_thread_blocked, id=27092, stack(0x00007f1b200f9000,0x00007f1b201fa000)]
  0x00007f1b3000a800 JavaThread "main" [_thread_blocked, id=27088, stack(0x00007f1b38cd3000,0x00007f1b38dd4000)]

Other Threads:
  0x00007f1b30074000 VMThread [stack: 0x00007f1b201fa000,0x00007f1b202fb000] [id=27091]
  0x00007f1b300bc000 WatcherThread [stack: 0x00007f1b1b85f000,0x00007f1b1b960000] [id=27098]

VM state:not at safepoint (normal execution)

VM Mutex/Monitor currently owned by a thread: None

Heap:
 PSYoungGen      total 68608K, used 57892K [0x00000000d7380000, 0x00000000dbb80000, 0x0000000100000000)
  eden space 63488K, 83% used [0x00000000d7380000,0x00000000da709ec0,0x00000000db180000)
  from space 5120K, 99% used [0x00000000db680000,0x00000000dbb7f430,0x00000000dbb80000)
  to   space 5120K, 0% used [0x00000000db180000,0x00000000db180000,0x00000000db680000)
 ParOldGen       total 84992K, used 2838K [0x0000000085a00000, 0x000000008ad00000, 0x00000000d7380000)
  object space 84992K, 3% used [0x0000000085a00000,0x0000000085cc58e8,0x000000008ad00000)
 Metaspace       used 19609K, capacity 20332K, committed 20608K, reserved 1067008K
  class space    used 2634K, capacity 2833K, committed 2944K, reserved 1048576K

Card table byte_map: [0x00007f1b34fd9000,0x00007f1b353ad000] byte_map_base: 0x00007f1b34bac000

Marking Bits: (ParMarkBitMap*) 0x00007f1b37fc93a0
 Begin Bits: [0x00007f1b152d0000, 0x00007f1b17168000)
 End Bits:   [0x00007f1b17168000, 0x00007f1b19000000)

Polling page: 0x00007f1b38dee000

CodeCache: size=245760Kb used=5919Kb max_used=5922Kb free=239840Kb
 bounds [0x00007f1b21000000, 0x00007f1b215d0000, 0x00007f1b30000000]
 total_blobs=2700 nmethods=2007 adapters=608
 compilation: enabled

Compilation events (10 events):
Event: 13.129 Thread 0x00007f1b300b7000 nmethod 2004 0x00007f1b215bfb90 code [0x00007f1b215bfce0, 0x00007f1b215bfe30]
Event: 13.130 Thread 0x00007f1b300b7000 2005       3       javafx.scene.Node::impl_isTreeVisible (8 bytes)
Event: 13.131 Thread 0x00007f1b300b7000 nmethod 2005 0x00007f1b215bfed0 code [0x00007f1b215c0060, 0x00007f1b215c0510]
Event: 13.131 Thread 0x00007f1b300b7000 2006       3       com.sun.javafx.css.StyleManager$Cache::getStyleMap (400 bytes)
Event: 13.144 Thread 0x00007f1b300b7000 nmethod 2006 0x00007f1b215c3e50 code [0x00007f1b215c42c0, 0x00007f1b215c70f8]
Event: 13.145 Thread 0x00007f1b300b4000 nmethod 1988 0x00007f1b215c92d0 code [0x00007f1b215c94c0, 0x00007f1b215c9f98]
Event: 13.145 Thread 0x00007f1b300b4000 1989       4       java.lang.Character::toLowerCase (6 bytes)
Event: 13.145 Thread 0x00007f1b300b7000 2007       3       sun.text.normalizer.UTF16::charAt (116 bytes)
Event: 13.147 Thread 0x00007f1b300b7000 nmethod 2007 0x00007f1b215c3210 code [0x00007f1b215c33e0, 0x00007f1b215c3b88]
Event: 13.147 Thread 0x00007f1b300b7000 2010       3       com.sun.javafx.font.LogicalFont::getSlotResource (133 bytes)

GC Heap History (4 events):
Event: 2.378 GC heap before
{Heap before GC invocations=1 (full 0):
 PSYoungGen      total 36864K, used 31744K [0x00000000d7380000, 0x00000000d9c80000, 0x0000000100000000)
  eden space 31744K, 100% used [0x00000000d7380000,0x00000000d9280000,0x00000000d9280000)
  from space 5120K, 0% used [0x00000000d9780000,0x00000000d9780000,0x00000000d9c80000)
  to   space 5120K, 0% used [0x00000000d9280000,0x00000000d9280000,0x00000000d9780000)
 ParOldGen       total 84992K, used 0K [0x0000000085a00000, 0x000000008ad00000, 0x00000000d7380000)
  object space 84992K, 0% used [0x0000000085a00000,0x0000000085a00000,0x000000008ad00000)
 Metaspace       used 11562K, capacity 11938K, committed 12032K, reserved 1060864K
  class space    used 1353K, capacity 1517K, committed 1536K, reserved 1048576K
Event: 2.409 GC heap after
Heap after GC invocations=1 (full 0):
 PSYoungGen      total 36864K, used 5099K [0x00000000d7380000, 0x00000000dbb80000, 0x0000000100000000)
  eden space 31744K, 0% used [0x00000000d7380000,0x00000000d7380000,0x00000000d9280000)
  from space 5120K, 99% used [0x00000000d9280000,0x00000000d977ac70,0x00000000d9780000)
  to   space 5120K, 0% used [0x00000000db680000,0x00000000db680000,0x00000000dbb80000)
 ParOldGen       total 84992K, used 1935K [0x0000000085a00000, 0x000000008ad00000, 0x00000000d7380000)
  object space 84992K, 2% used [0x0000000085a00000,0x0000000085be3e98,0x000000008ad00000)
 Metaspace       used 11562K, capacity 11938K, committed 12032K, reserved 1060864K
  class space    used 1353K, capacity 1517K, committed 1536K, reserved 1048576K
}
Event: 2.891 GC heap before
{Heap before GC invocations=2 (full 0):
 PSYoungGen      total 36864K, used 36843K [0x00000000d7380000, 0x00000000dbb80000, 0x0000000100000000)
  eden space 31744K, 100% used [0x00000000d7380000,0x00000000d9280000,0x00000000d9280000)
  from space 5120K, 99% used [0x00000000d9280000,0x00000000d977ac70,0x00000000d9780000)
  to   space 5120K, 0% used [0x00000000db680000,0x00000000db680000,0x00000000dbb80000)
 ParOldGen       total 84992K, used 1935K [0x0000000085a00000, 0x000000008ad00000, 0x00000000d7380000)
  object space 84992K, 2% used [0x0000000085a00000,0x0000000085be3e98,0x000000008ad00000)
 Metaspace       used 12838K, capacity 13198K, committed 13568K, reserved 1060864K
  class space    used 1542K, capacity 1680K, committed 1792K, reserved 1048576K
Event: 2.916 GC heap after
Heap after GC invocations=2 (full 0):
 PSYoungGen      total 68608K, used 5117K [0x00000000d7380000, 0x00000000dbb80000, 0x0000000100000000)
  eden space 63488K, 0% used [0x00000000d7380000,0x00000000d7380000,0x00000000db180000)
  from space 5120K, 99% used [0x00000000db680000,0x00000000dbb7f430,0x00000000dbb80000)
  to   space 5120K, 0% used [0x00000000db180000,0x00000000db180000,0x00000000db680000)
 ParOldGen       total 84992K, used 2838K [0x0000000085a00000, 0x000000008ad00000, 0x00000000d7380000)
  object space 84992K, 3% used [0x0000000085a00000,0x0000000085cc58e8,0x000000008ad00000)
 Metaspace       used 12838K, capacity 13198K, committed 13568K, reserved 1060864K
  class space    used 1542K, capacity 1680K, committed 1792K, reserved 1048576K
}

Deoptimization events (10 events):
Event: 3.966 Thread 0x00007f1b3028b000 Uncommon trap: reason=class_check action=maybe_recompile pc=0x00007f1b211155a0 method=java.lang.String.equals(Ljava/lang/Object;)Z @ 8
Event: 3.966 Thread 0x00007f1b3028b000 Uncommon trap: reason=class_check action=maybe_recompile pc=0x00007f1b211155a0 method=java.lang.String.equals(Ljava/lang/Object;)Z @ 8
Event: 3.972 Thread 0x00007f1b3028b000 Uncommon trap: reason=class_check action=maybe_recompile pc=0x00007f1b211155a0 method=java.lang.String.equals(Ljava/lang/Object;)Z @ 8
Event: 4.070 Thread 0x00007f1b3028b000 Uncommon trap: reason=unstable_if action=reinterpret pc=0x00007f1b2138e86c method=java.lang.ClassLoader.checkName(Ljava/lang/String;)Z @ 20
Event: 4.588 Thread 0x00007f1b3028b000 Uncommon trap: reason=unstable_if action=reinterpret pc=0x00007f1b2136c9e4 method=jdk.internal.org.objectweb.asm.Type.getArgumentsAndReturnSizes(Ljava/lang/String;)I @ 47
Event: 5.562 Thread 0x00007f1b30239000 Uncommon trap: reason=unstable_if action=reinterpret pc=0x00007f1b21435ca0 method=java.lang.StrictMath.floorOrCeil(DDDD)D @ 115
Event: 10.921 Thread 0x00007f1b3028b000 Uncommon trap: reason=unstable_if action=reinterpret pc=0x00007f1b21250620 method=java.lang.CharacterData.of(I)Ljava/lang/CharacterData; @ 4
Event: 12.975 Thread 0x00007f1b3028b000 Uncommon trap: reason=unstable_if action=reinterpret pc=0x00007f1b212deddc method=sun.nio.cs.UTF_8$Decoder.decode([BII[C)I @ 30
Event: 13.035 Thread 0x00007f1b3028b000 Uncommon trap: reason=unstable_if action=reinterpret pc=0x00007f1b215424bc method=java.lang.StrictMath.floorOrCeil(DDDD)D @ 38
Event: 13.044 Thread 0x00007f1b3028b000 Uncommon trap: reason=unstable_if action=reinterpret pc=0x00007f1b2153ccb4 method=javafx.scene.Node.updateLocalToParentTransform()V @ 4

Classes redefined (0 events):
No events

Internal exceptions (10 events):
Event: 0.669 Thread 0x00007f1b3000a800 Exception <a 'java/security/PrivilegedActionException'> (0x00000000d7634ef0) thrown at [/build/openjdk-8-8u181-b13/src/hotspot/src/share/vm/prims/jvm.cpp, line 1435]
Event: 0.669 Thread 0x00007f1b3000a800 Exception <a 'java/security/PrivilegedActionException'> (0x00000000d76359c8) thrown at [/build/openjdk-8-8u181-b13/src/hotspot/src/share/vm/prims/jvm.cpp, line 1435]
Event: 0.669 Thread 0x00007f1b3000a800 Exception <a 'java/security/PrivilegedActionException'> (0x00000000d7635bd8) thrown at [/build/openjdk-8-8u181-b13/src/hotspot/src/share/vm/prims/jvm.cpp, line 1435]
Event: 0.670 Thread 0x00007f1b3000a800 Exception <a 'java/lang/NullPointerException'> (0x00000000d7637180) thrown at [/build/openjdk-8-8u181-b13/src/hotspot/src/share/vm/interpreter/linkResolver.cpp, line 1185]
Event: 2.200 Thread 0x00007f1b3028b000 Exception <a 'java/lang/NullPointerException'> (0x00000000d8b464f8) thrown at [/build/openjdk-8-8u181-b13/src/hotspot/src/share/vm/interpreter/linkResolver.cpp, line 1185]
Event: 2.200 Thread 0x00007f1b3028b000 Exception <a 'java/lang/NullPointerException'> (0x00000000d8b464f8) thrown at [/build/openjdk-8-8u181-b13/src/hotspot/src/share/vm/prims/jvm.cpp, line 1439]
Event: 2.873 Thread 0x00007f1b3028b000 Exception <a 'java/lang/ArrayIndexOutOfBoundsException'> (0x00000000d9234020) thrown at [/build/openjdk-8-8u181-b13/src/hotspot/src/share/vm/runtime/sharedRuntime.cpp, line 605]
Event: 2.874 Thread 0x00007f1b3028b000 Exception <a 'java/lang/ArrayIndexOutOfBoundsException'> (0x00000000d9234d20) thrown at [/build/openjdk-8-8u181-b13/src/hotspot/src/share/vm/runtime/sharedRuntime.cpp, line 605]
Event: 2.877 Thread 0x00007f1b3028b000 Exception <a 'java/lang/ArrayIndexOutOfBoundsException'> (0x00000000d92360c8) thrown at [/build/openjdk-8-8u181-b13/src/hotspot/src/share/vm/runtime/sharedRuntime.cpp, line 605]
Event: 3.707 Thread 0x00007f1b3028b000 Implicit null exception at 0x00007f1b2134b8f5 to 0x00007f1b2134bb11

Events (10 events):
Event: 13.026 loading class javafx/scene/Node$MiscProperties$9$1
Event: 13.026 loading class javafx/scene/Node$MiscProperties$9$1 done
Event: 13.035 Thread 0x00007f1b3028b000 Uncommon trap: trap_request=0xffffff65 fr.pc=0x00007f1b215424bc
Event: 13.035 Thread 0x00007f1b3028b000 DEOPT PACKING pc=0x00007f1b215424bc sp=0x00007f1aec141730
Event: 13.035 Thread 0x00007f1b3028b000 DEOPT UNPACKING pc=0x00007f1b2104547a sp=0x00007f1aec1416b8 mode 2
Event: 13.040 Thread 0x00007f1b3028b000 Uncommon trap: trap_request=0xffffff65 fr.pc=0x00007f1b2153ccb4
Event: 13.044 Thread 0x00007f1b3028b000 DEOPT PACKING pc=0x00007f1b2153ccb4 sp=0x00007f1aec141420
Event: 13.044 Thread 0x00007f1b3028b000 DEOPT UNPACKING pc=0x00007f1b2104547a sp=0x00007f1aec1413a0 mode 2
Event: 13.157 loading class com/sun/javafx/scene/KeyboardShortcutsHandler$1
Event: 13.157 loading class com/sun/javafx/scene/KeyboardShortcutsHandler$1 done


Dynamic libraries:
85a00000-8ad00000 rw-p 00000000 00:00 0 
8ad00000-d7380000 ---p 00000000 00:00 0 
d7380000-dbb80000 rw-p 00000000 00:00 0 
dbb80000-100000000 ---p 00000000 00:00 0 
100000000-1002e0000 rw-p 00000000 00:00 0 
1002e0000-140000000 ---p 00000000 00:00 0 
562eb68c0000-562eb68c1000 r-xp 00000000 08:08 1715118                    /usr/lib/jvm/java-8-openjdk-amd64/jre/bin/java
562eb6ac0000-562eb6ac1000 r--p 00000000 08:08 1715118                    /usr/lib/jvm/java-8-openjdk-amd64/jre/bin/java
562eb6ac1000-562eb6ac2000 rw-p 00001000 08:08 1715118                    /usr/lib/jvm/java-8-openjdk-amd64/jre/bin/java
562eb803b000-562eb805c000 rw-p 00000000 00:00 0                          [heap]
7f1ad2935000-7f1ad2a75000 rw-p 00000000 00:00 0 
7f1ad2a75000-7f1ad2b35000 ---p 00000000 00:00 0 
7f1ad2b35000-7f1ad2cf5000 rw-s 104b9f000 00:06 344                       /dev/dri/card0
7f1ad2cf5000-7f1ad2eb5000 rw-s 1063e3000 00:06 344                       /dev/dri/card0
7f1ad2eb5000-7f1ad31b5000 rw-s 105816000 00:06 344                       /dev/dri/card0
7f1ad31b5000-7f1ad33b5000 rw-p 00000000 00:00 0 
7f1ad33b5000-7f1ad33e5000 r-xp 00000000 08:08 1973152                    /usr/lib/x86_64-linux-gnu/gtk-2.0/2.10.0/engines/libmurrine.so
7f1ad33e5000-7f1ad35e5000 ---p 00030000 08:08 1973152                    /usr/lib/x86_64-linux-gnu/gtk-2.0/2.10.0/engines/libmurrine.so
7f1ad35e5000-7f1ad35e6000 r--p 00030000 08:08 1973152                    /usr/lib/x86_64-linux-gnu/gtk-2.0/2.10.0/engines/libmurrine.so
7f1ad35e6000-7f1ad35e7000 rw-p 00031000 08:08 1973152                    /usr/lib/x86_64-linux-gnu/gtk-2.0/2.10.0/engines/libmurrine.so
7f1ad35e7000-7f1ad35e9000 r-xp 00000000 08:08 1973145                    /usr/lib/x86_64-linux-gnu/gtk-2.0/2.10.0/engines/libadwaita.so
7f1ad35e9000-7f1ad37e9000 ---p 00002000 08:08 1973145                    /usr/lib/x86_64-linux-gnu/gtk-2.0/2.10.0/engines/libadwaita.so
7f1ad37e9000-7f1ad37ea000 r--p 00002000 08:08 1973145                    /usr/lib/x86_64-linux-gnu/gtk-2.0/2.10.0/engines/libadwaita.so
7f1ad37ea000-7f1ad37eb000 rw-p 00003000 08:08 1973145                    /usr/lib/x86_64-linux-gnu/gtk-2.0/2.10.0/engines/libadwaita.so
7f1ad37eb000-7f1ad37f5000 r-xp 00000000 08:08 1973153                    /usr/lib/x86_64-linux-gnu/gtk-2.0/2.10.0/engines/libpixmap.so
7f1ad37f5000-7f1ad39f4000 ---p 0000a000 08:08 1973153                    /usr/lib/x86_64-linux-gnu/gtk-2.0/2.10.0/engines/libpixmap.so
7f1ad39f4000-7f1ad39f5000 r--p 00009000 08:08 1973153                    /usr/lib/x86_64-linux-gnu/gtk-2.0/2.10.0/engines/libpixmap.so
7f1ad39f5000-7f1ad39f6000 rw-p 0000a000 08:08 1973153                    /usr/lib/x86_64-linux-gnu/gtk-2.0/2.10.0/engines/libpixmap.so
7f1ad39f6000-7f1ad39fb000 r-xp 00000000 08:08 1717399                    /usr/lib/jvm/java-8-openjdk-amd64/jre/lib/amd64/libjavafx_font_freetype.so
7f1ad39fb000-7f1ad3bfa000 ---p 00005000 08:08 1717399                    /usr/lib/jvm/java-8-openjdk-amd64/jre/lib/amd64/libjavafx_font_freetype.so
7f1ad3bfa000-7f1ad3bfb000 r--p 00004000 08:08 1717399                    /usr/lib/jvm/java-8-openjdk-amd64/jre/lib/amd64/libjavafx_font_freetype.so
7f1ad3bfb000-7f1ad3bfc000 rw-p 00005000 08:08 1717399                    /usr/lib/jvm/java-8-openjdk-amd64/jre/lib/amd64/libjavafx_font_freetype.so
7f1ad3bfc000-7f1ad3dfc000 rw-p 00000000 00:00 0 
7f1ad3dfc000-7f1ad3dff000 r-xp 00000000 08:08 1717398                    /usr/lib/jvm/java-8-openjdk-amd64/jre/lib/amd64/libjavafx_font.so
7f1ad3dff000-7f1ad3ffe000 ---p 00003000 08:08 1717398                    /usr/lib/jvm/java-8-openjdk-amd64/jre/lib/amd64/libjavafx_font.so
7f1ad3ffe000-7f1ad3fff000 r--p 00002000 08:08 1717398                    /usr/lib/jvm/java-8-openjdk-amd64/jre/lib/amd64/libjavafx_font.so
7f1ad3fff000-7f1ad4000000 rw-p 00003000 08:08 1717398                    /usr/lib/jvm/java-8-openjdk-amd64/jre/lib/amd64/libjavafx_font.so
7f1ad4000000-7f1ad4021000 rw-p 00000000 00:00 0 
7f1ad4021000-7f1ad8000000 ---p 00000000 00:00 0 
7f1ad8000000-7f1ad8615000 rw-p 00000000 00:00 0 
7f1ad8615000-7f1adc000000 ---p 00000000 00:00 0 
7f1adc02d000-7f1adc08d000 rw-s 101bd7000 00:06 344                       /dev/dri/card0
7f1adc08d000-7f1adc090000 ---p 00000000 00:00 0 
7f1adc090000-7f1adc18e000 rw-p 00000000 00:00 0 
7f1adc18e000-7f1adc1f7000 r-xp 00000000 08:08 1974422                    /usr/lib/x86_64-linux-gnu/libjpeg.so.62.2.0
7f1adc1f7000-7f1adc3f7000 ---p 00069000 08:08 1974422                    /usr/lib/x86_64-linux-gnu/libjpeg.so.62.2.0
7f1adc3f7000-7f1adc3f8000 r--p 00069000 08:08 1974422                    /usr/lib/x86_64-linux-gnu/libjpeg.so.62.2.0
7f1adc3f8000-7f1adc3f9000 rw-p 0006a000 08:08 1974422                    /usr/lib/x86_64-linux-gnu/libjpeg.so.62.2.0
7f1adc3f9000-7f1adc3fd000 r-xp 00000000 08:08 1717401                    /usr/lib/jvm/java-8-openjdk-amd64/jre/lib/amd64/libjavafx_iio.so
7f1adc3fd000-7f1adc5fc000 ---p 00004000 08:08 1717401                    /usr/lib/jvm/java-8-openjdk-amd64/jre/lib/amd64/libjavafx_iio.so
7f1adc5fc000-7f1adc5fd000 r--p 00003000 08:08 1717401                    /usr/lib/jvm/java-8-openjdk-amd64/jre/lib/amd64/libjavafx_iio.so
7f1adc5fd000-7f1adc5fe000 rw-p 00004000 08:08 1717401                    /usr/lib/jvm/java-8-openjdk-amd64/jre/lib/amd64/libjavafx_iio.so
7f1adc5fe000-7f1adc7fe000 rw-p 00000000 00:00 0 
7f1adc7fe000-7f1adf7ff000 rw-p 00000000 00:00 0 
7f1adf7ff000-7f1adf800000 ---p 00000000 00:00 0 
7f1adf800000-7f1ae0000000 rw-p 00000000 00:00 0 
7f1ae0000000-7f1ae0021000 rw-p 00000000 00:00 0 
7f1ae0021000-7f1ae4000000 ---p 00000000 00:00 0 
7f1ae4053000-7f1ae40b3000 rw-s 1045c7000 00:06 344                       /dev/dri/card0
7f1ae40b3000-7f1ae40fa000 r--p 00000000 08:08 2491713                    /usr/share/fonts/truetype/noto/NotoSans-BoldItalic.ttf
7f1ae40fa000-7f1ae42fa000 rw-p 00000000 00:00 0 
7f1ae42fa000-7f1ae4311000 r-xp 00000000 08:08 1715156                    /usr/lib/jvm/java-8-openjdk-amd64/jre/lib/amd64/libnet.so
7f1ae4311000-7f1ae4510000 ---p 00017000 08:08 1715156                    /usr/lib/jvm/java-8-openjdk-amd64/jre/lib/amd64/libnet.so
7f1ae4510000-7f1ae4511000 r--p 00016000 08:08 1715156                    /usr/lib/jvm/java-8-openjdk-amd64/jre/lib/amd64/libnet.so
7f1ae4511000-7f1ae4512000 rw-p 00017000 08:08 1715156                    /usr/lib/jvm/java-8-openjdk-amd64/jre/lib/amd64/libnet.so
7f1ae4512000-7f1ae4515000 ---p 00000000 00:00 0 
7f1ae4515000-7f1ae4613000 rw-p 00000000 00:00 0 
7f1ae4613000-7f1ae4616000 ---p 00000000 00:00 0 
7f1ae4616000-7f1ae4714000 rw-p 00000000 00:00 0 
7f1ae4714000-7f1ae4855000 rw-s 00000000 08:09 12845132                   /home/atomx/.cache/mesa_shader_cache/index
7f1ae4855000-7f1ae487e000 r-xp 00000000 08:08 1717396                    /usr/lib/jvm/java-8-openjdk-amd64/jre/lib/amd64/libglass.so
7f1ae487e000-7f1ae4a7e000 ---p 00029000 08:08 1717396                    /usr/lib/jvm/java-8-openjdk-amd64/jre/lib/amd64/libglass.so
7f1ae4a7e000-7f1ae4a7f000 r--p 00029000 08:08 1717396                    /usr/lib/jvm/java-8-openjdk-amd64/jre/lib/amd64/libglass.so
7f1ae4a7f000-7f1ae4a80000 rw-p 0002a000 08:08 1717396                    /usr/lib/jvm/java-8-openjdk-amd64/jre/lib/amd64/libglass.so
7f1ae4a80000-7f1ae4a81000 rw-p 00000000 00:00 0 
7f1ae4a81000-7f1ae4a82000 ---p 00000000 00:00 0 
7f1ae4a82000-7f1ae5282000 rw-p 00000000 00:00 0 
7f1ae5282000-7f1ae528a000 r-xp 00000000 08:08 1974752                    /usr/lib/x86_64-linux-gnu/libpciaccess.so.0.11.1
7f1ae528a000-7f1ae548a000 ---p 00008000 08:08 1974752                    /usr/lib/x86_64-linux-gnu/libpciaccess.so.0.11.1
7f1ae548a000-7f1ae548b000 r--p 00008000 08:08 1974752                    /usr/lib/x86_64-linux-gnu/libpciaccess.so.0.11.1
7f1ae548b000-7f1ae548c000 rw-p 00009000 08:08 1974752                    /usr/lib/x86_64-linux-gnu/libpciaccess.so.0.11.1
7f1ae548c000-7f1ae5497000 r-xp 00000000 08:08 1973844                    /usr/lib/x86_64-linux-gnu/libdrm_radeon.so.1.0.1
7f1ae5497000-7f1ae5696000 ---p 0000b000 08:08 1973844                    /usr/lib/x86_64-linux-gnu/libdrm_radeon.so.1.0.1
7f1ae5696000-7f1ae5697000 r--p 0000a000 08:08 1973844                    /usr/lib/x86_64-linux-gnu/libdrm_radeon.so.1.0.1
7f1ae5697000-7f1ae5698000 rw-p 0000b000 08:08 1973844                    /usr/lib/x86_64-linux-gnu/libdrm_radeon.so.1.0.1
7f1ae5698000-7f1ae569f000 r-xp 00000000 08:08 1973842                    /usr/lib/x86_64-linux-gnu/libdrm_nouveau.so.2.0.0
7f1ae569f000-7f1ae589e000 ---p 00007000 08:08 1973842                    /usr/lib/x86_64-linux-gnu/libdrm_nouveau.so.2.0.0
7f1ae589e000-7f1ae589f000 r--p 00006000 08:08 1973842                    /usr/lib/x86_64-linux-gnu/libdrm_nouveau.so.2.0.0
7f1ae589f000-7f1ae58a0000 rw-p 00007000 08:08 1973842                    /usr/lib/x86_64-linux-gnu/libdrm_nouveau.so.2.0.0
7f1ae58a0000-7f1ae58c3000 r-xp 00000000 08:08 1973840                    /usr/lib/x86_64-linux-gnu/libdrm_intel.so.1.0.0
7f1ae58c3000-7f1ae5ac2000 ---p 00023000 08:08 1973840                    /usr/lib/x86_64-linux-gnu/libdrm_intel.so.1.0.0
7f1ae5ac2000-7f1ae5ac3000 r--p 00022000 08:08 1973840                    /usr/lib/x86_64-linux-gnu/libdrm_intel.so.1.0.0
7f1ae5ac3000-7f1ae5ac4000 rw-p 00023000 08:08 1973840                    /usr/lib/x86_64-linux-gnu/libdrm_intel.so.1.0.0
7f1ae5ac4000-7f1ae63f3000 r-xp 00000000 08:08 1972506                    /usr/lib/x86_64-linux-gnu/dri/i965_dri.so
7f1ae63f3000-7f1ae65f2000 ---p 0092f000 08:08 1972506                    /usr/lib/x86_64-linux-gnu/dri/i965_dri.so
7f1ae65f2000-7f1ae664c000 r--p 0092e000 08:08 1972506                    /usr/lib/x86_64-linux-gnu/dri/i965_dri.so
7f1ae664c000-7f1ae6657000 rw-p 00988000 08:08 1972506                    /usr/lib/x86_64-linux-gnu/dri/i965_dri.so
7f1ae6657000-7f1ae670a000 rw-p 00000000 00:00 0 
7f1ae670a000-7f1ae671a000 r-xp 00000000 08:08 1973836                    /usr/lib/x86_64-linux-gnu/libdrm.so.2.4.0
7f1ae671a000-7f1ae6919000 ---p 00010000 08:08 1973836                    /usr/lib/x86_64-linux-gnu/libdrm.so.2.4.0
7f1ae6919000-7f1ae691a000 r--p 0000f000 08:08 1973836                    /usr/lib/x86_64-linux-gnu/libdrm.so.2.4.0
7f1ae691a000-7f1ae691b000 rw-p 00010000 08:08 1973836                    /usr/lib/x86_64-linux-gnu/libdrm.so.2.4.0
7f1ae691b000-7f1ae691f000 r-xp 00000000 08:08 1975194                    /usr/lib/x86_64-linux-gnu/libxcb-dri2.so.0.0.0
7f1ae691f000-7f1ae6b1e000 ---p 00004000 08:08 1975194                    /usr/lib/x86_64-linux-gnu/libxcb-dri2.so.0.0.0
7f1ae6b1e000-7f1ae6b1f000 r--p 00003000 08:08 1975194                    /usr/lib/x86_64-linux-gnu/libxcb-dri2.so.0.0.0
7f1ae6b1f000-7f1ae6b20000 rw-p 00004000 08:08 1975194                    /usr/lib/x86_64-linux-gnu/libxcb-dri2.so.0.0.0
7f1ae6b20000-7f1ae6b38000 r-xp 00000000 08:08 1975200                    /usr/lib/x86_64-linux-gnu/libxcb-glx.so.0.0.0
7f1ae6b38000-7f1ae6d38000 ---p 00018000 08:08 1975200                    /usr/lib/x86_64-linux-gnu/libxcb-glx.so.0.0.0
7f1ae6d38000-7f1ae6d3a000 r--p 00018000 08:08 1975200                    /usr/lib/x86_64-linux-gnu/libxcb-glx.so.0.0.0
7f1ae6d3a000-7f1ae6d3b000 rw-p 0001a000 08:08 1975200                    /usr/lib/x86_64-linux-gnu/libxcb-glx.so.0.0.0
7f1ae6d3b000-7f1ae6d3c000 r-xp 00000000 08:08 1973515                    /usr/lib/x86_64-linux-gnu/libX11-xcb.so.1.0.0
7f1ae6d3c000-7f1ae6f3b000 ---p 00001000 08:08 1973515                    /usr/lib/x86_64-linux-gnu/libX11-xcb.so.1.0.0
7f1ae6f3b000-7f1ae6f3c000 r--p 00000000 08:08 1973515                    /usr/lib/x86_64-linux-gnu/libX11-xcb.so.1.0.0
7f1ae6f3c000-7f1ae6f3d000 rw-p 00001000 08:08 1973515                    /usr/lib/x86_64-linux-gnu/libX11-xcb.so.1.0.0
7f1ae6f3d000-7f1ae6f69000 r-xp 00000000 08:08 1974054                    /usr/lib/x86_64-linux-gnu/libglapi.so.0.0.0
7f1ae6f69000-7f1ae7168000 ---p 0002c000 08:08 1974054                    /usr/lib/x86_64-linux-gnu/libglapi.so.0.0.0
7f1ae7168000-7f1ae716c000 r--p 0002b000 08:08 1974054                    /usr/lib/x86_64-linux-gnu/libglapi.so.0.0.0
7f1ae716c000-7f1ae716d000 rw-p 0002f000 08:08 1974054                    /usr/lib/x86_64-linux-gnu/libglapi.so.0.0.0
7f1ae716d000-7f1ae716e000 rw-p 00000000 00:00 0 
7f1ae716e000-7f1ae716f000 r-xp 00000000 08:08 1975250                    /usr/lib/x86_64-linux-gnu/libxshmfence.so.1.0.0
7f1ae716f000-7f1ae736e000 ---p 00001000 08:08 1975250                    /usr/lib/x86_64-linux-gnu/libxshmfence.so.1.0.0
7f1ae736e000-7f1ae736f000 r--p 00000000 08:08 1975250                    /usr/lib/x86_64-linux-gnu/libxshmfence.so.1.0.0
7f1ae736f000-7f1ae7370000 rw-p 00001000 08:08 1975250                    /usr/lib/x86_64-linux-gnu/libxshmfence.so.1.0.0
7f1ae7370000-7f1ae7376000 r-xp 00000000 08:08 1975220                    /usr/lib/x86_64-linux-gnu/libxcb-sync.so.1.0.0
7f1ae7376000-7f1ae7575000 ---p 00006000 08:08 1975220                    /usr/lib/x86_64-linux-gnu/libxcb-sync.so.1.0.0
7f1ae7575000-7f1ae7576000 r--p 00005000 08:08 1975220                    /usr/lib/x86_64-linux-gnu/libxcb-sync.so.1.0.0
7f1ae7576000-7f1ae7577000 rw-p 00006000 08:08 1975220                    /usr/lib/x86_64-linux-gnu/libxcb-sync.so.1.0.0
7f1ae7577000-7f1ae7579000 r-xp 00000000 08:08 1975208                    /usr/lib/x86_64-linux-gnu/libxcb-present.so.0.0.0
7f1ae7579000-7f1ae7778000 ---p 00002000 08:08 1975208                    /usr/lib/x86_64-linux-gnu/libxcb-present.so.0.0.0
7f1ae7778000-7f1ae7779000 r--p 00001000 08:08 1975208                    /usr/lib/x86_64-linux-gnu/libxcb-present.so.0.0.0
7f1ae7779000-7f1ae777a000 rw-p 00002000 08:08 1975208                    /usr/lib/x86_64-linux-gnu/libxcb-present.so.0.0.0
7f1ae777a000-7f1ae7781000 r-xp 00000000 08:08 1975224                    /usr/lib/x86_64-linux-gnu/libxcb-xfixes.so.0.0.0
7f1ae7781000-7f1ae7980000 ---p 00007000 08:08 1975224                    /usr/lib/x86_64-linux-gnu/libxcb-xfixes.so.0.0.0
7f1ae7980000-7f1ae7981000 r--p 00006000 08:08 1975224                    /usr/lib/x86_64-linux-gnu/libxcb-xfixes.so.0.0.0
7f1ae7981000-7f1ae7982000 rw-p 00007000 08:08 1975224                    /usr/lib/x86_64-linux-gnu/libxcb-xfixes.so.0.0.0
7f1ae7982000-7f1ae7984000 r-xp 00000000 08:08 1975196                    /usr/lib/x86_64-linux-gnu/libxcb-dri3.so.0.0.0
7f1ae7984000-7f1ae7b83000 ---p 00002000 08:08 1975196                    /usr/lib/x86_64-linux-gnu/libxcb-dri3.so.0.0.0
7f1ae7b83000-7f1ae7b84000 r--p 00001000 08:08 1975196                    /usr/lib/x86_64-linux-gnu/libxcb-dri3.so.0.0.0
7f1ae7b84000-7f1ae7b85000 rw-p 00002000 08:08 1975196                    /usr/lib/x86_64-linux-gnu/libxcb-dri3.so.0.0.0
7f1ae7b85000-7f1ae7bf7000 r-xp 00000000 08:08 1973267                    /usr/lib/x86_64-linux-gnu/libGLX_mesa.so.0.0.0
7f1ae7bf7000-7f1ae7df6000 ---p 00072000 08:08 1973267                    /usr/lib/x86_64-linux-gnu/libGLX_mesa.so.0.0.0
7f1ae7df6000-7f1ae7df9000 r--p 00071000 08:08 1973267                    /usr/lib/x86_64-linux-gnu/libGLX_mesa.so.0.0.0
7f1ae7df9000-7f1ae7dfa000 rw-p 00074000 08:08 1973267                    /usr/lib/x86_64-linux-gnu/libGLX_mesa.so.0.0.0
7f1ae7dfa000-7f1ae7dfb000 rw-p 00000000 00:00 0 
7f1ae7dfb000-7f1ae7dff000 r-xp 00000000 08:08 1975099                    /usr/lib/x86_64-linux-gnu/libuuid.so.1.3.0
7f1ae7dff000-7f1ae7ffe000 ---p 00004000 08:08 1975099                    /usr/lib/x86_64-linux-gnu/libuuid.so.1.3.0
7f1ae7ffe000-7f1ae7fff000 r--p 00003000 08:08 1975099                    /usr/lib/x86_64-linux-gnu/libuuid.so.1.3.0
7f1ae7fff000-7f1ae8000000 rw-p 00004000 08:08 1975099                    /usr/lib/x86_64-linux-gnu/libuuid.so.1.3.0
7f1ae8000000-7f1ae98df000 rw-p 00000000 00:00 0 
7f1ae98df000-7f1aec000000 ---p 00000000 00:00 0 
7f1aec034000-7f1aec044000 rw-s 00000000 00:18 179                        /i915 (deleted)
7f1aec044000-7f1aec047000 ---p 00000000 00:00 0 
7f1aec047000-7f1aec145000 rw-p 00000000 00:00 0 
7f1aec145000-7f1aec158000 r-xp 00000000 08:08 1973672                    /usr/lib/x86_64-linux-gnu/libbsd.so.0.8.3
7f1aec158000-7f1aec358000 ---p 00013000 08:08 1973672                    /usr/lib/x86_64-linux-gnu/libbsd.so.0.8.3
7f1aec358000-7f1aec359000 r--p 00013000 08:08 1973672                    /usr/lib/x86_64-linux-gnu/libbsd.so.0.8.3
7f1aec359000-7f1aec35a000 rw-p 00014000 08:08 1973672                    /usr/lib/x86_64-linux-gnu/libbsd.so.0.8.3
7f1aec35a000-7f1aec35b000 rw-p 00000000 00:00 0 
7f1aec35b000-7f1aec362000 r-xp 00000000 08:08 1973762                    /usr/lib/x86_64-linux-gnu/libdatrie.so.1.3.3
7f1aec362000-7f1aec561000 ---p 00007000 08:08 1973762                    /usr/lib/x86_64-linux-gnu/libdatrie.so.1.3.3
7f1aec561000-7f1aec562000 r--p 00006000 08:08 1973762                    /usr/lib/x86_64-linux-gnu/libdatrie.so.1.3.3
7f1aec562000-7f1aec563000 rw-p 00007000 08:08 1973762                    /usr/lib/x86_64-linux-gnu/libdatrie.so.1.3.3
7f1aec563000-7f1aec58e000 r-xp 00000000 08:08 1974207                    /usr/lib/x86_64-linux-gnu/libgraphite2.so.3.0.1
7f1aec58e000-7f1aec78d000 ---p 0002b000 08:08 1974207                    /usr/lib/x86_64-linux-gnu/libgraphite2.so.3.0.1
7f1aec78d000-7f1aec78f000 r--p 0002a000 08:08 1974207                    /usr/lib/x86_64-linux-gnu/libgraphite2.so.3.0.1
7f1aec78f000-7f1aec790000 rw-p 0002c000 08:08 1974207                    /usr/lib/x86_64-linux-gnu/libgraphite2.so.3.0.1
7f1aec790000-7f1aec7d1000 r-xp 00000000 08:08 1973657                    /usr/lib/x86_64-linux-gnu/libblkid.so.1.1.0
7f1aec7d1000-7f1aec9d0000 ---p 00041000 08:08 1973657                    /usr/lib/x86_64-linux-gnu/libblkid.so.1.1.0
7f1aec9d0000-7f1aec9d4000 r--p 00040000 08:08 1973657                    /usr/lib/x86_64-linux-gnu/libblkid.so.1.1.0
7f1aec9d4000-7f1aec9d5000 rw-p 00044000 08:08 1973657                    /usr/lib/x86_64-linux-gnu/libblkid.so.1.1.0
7f1aec9d5000-7f1aec9d6000 rw-p 00000000 00:00 0 
7f1aec9d6000-7f1aec9db000 r-xp 00000000 08:08 1973532                    /usr/lib/x86_64-linux-gnu/libXdmcp.so.6.0.0
7f1aec9db000-7f1aecbda000 ---p 00005000 08:08 1973532                    /usr/lib/x86_64-linux-gnu/libXdmcp.so.6.0.0
7f1aecbda000-7f1aecbdb000 r--p 00004000 08:08 1973532                    /usr/lib/x86_64-linux-gnu/libXdmcp.so.6.0.0
7f1aecbdb000-7f1aecbdc000 rw-p 00005000 08:08 1973532                    /usr/lib/x86_64-linux-gnu/libXdmcp.so.6.0.0
7f1aecbdc000-7f1aecbdf000 r-xp 00000000 08:08 1973521                    /usr/lib/x86_64-linux-gnu/libXau.so.6.0.0
7f1aecbdf000-7f1aecdde000 ---p 00003000 08:08 1973521                    /usr/lib/x86_64-linux-gnu/libXau.so.6.0.0
7f1aecdde000-7f1aecddf000 r--p 00002000 08:08 1973521                    /usr/lib/x86_64-linux-gnu/libXau.so.6.0.0
7f1aecddf000-7f1aecde0000 rw-p 00003000 08:08 1973521                    /usr/lib/x86_64-linux-gnu/libXau.so.6.0.0
7f1aecde0000-7f1aece50000 r-xp 00000000 08:08 1973269                    /usr/lib/x86_64-linux-gnu/libGLdispatch.so.0.0.0
7f1aece50000-7f1aed050000 ---p 00070000 08:08 1973269                    /usr/lib/x86_64-linux-gnu/libGLdispatch.so.0.0.0
7f1aed050000-7f1aed079000 r--p 00070000 08:08 1973269                    /usr/lib/x86_64-linux-gnu/libGLdispatch.so.0.0.0
7f1aed079000-7f1aed07a000 rw-p 00099000 08:08 1973269                    /usr/lib/x86_64-linux-gnu/libGLdispatch.so.0.0.0
7f1aed07a000-7f1aed09a000 rw-p 00000000 00:00 0 
7f1aed09a000-7f1aed0aa000 r-xp 00000000 08:08 1973264                    /usr/lib/x86_64-linux-gnu/libGLX.so.0.0.0
7f1aed0aa000-7f1aed2aa000 ---p 00010000 08:08 1973264                    /usr/lib/x86_64-linux-gnu/libGLX.so.0.0.0
7f1aed2aa000-7f1aed2ab000 r--p 00010000 08:08 1973264                    /usr/lib/x86_64-linux-gnu/libGLX.so.0.0.0
7f1aed2ab000-7f1aed2ac000 rw-p 00011000 08:08 1973264                    /usr/lib/x86_64-linux-gnu/libGLX.so.0.0.0
7f1aed2ac000-7f1aed2cc000 rw-p 00000000 00:00 0 
7f1aed2cc000-7f1aed33e000 r-xp 00000000 08:08 1974757                    /usr/lib/x86_64-linux-gnu/libpcre.so.3.13.3
7f1aed33e000-7f1aed53d000 ---p 00072000 08:08 1974757                    /usr/lib/x86_64-linux-gnu/libpcre.so.3.13.3
7f1aed53d000-7f1aed53e000 r--p 00071000 08:08 1974757                    /usr/lib/x86_64-linux-gnu/libpcre.so.3.13.3
7f1aed53e000-7f1aed53f000 rw-p 00072000 08:08 1974757                    /usr/lib/x86_64-linux-gnu/libpcre.so.3.13.3
7f1aed53f000-7f1aed566000 r-xp 00000000 08:08 1973918                    /usr/lib/x86_64-linux-gnu/libexpat.so.1.6.2
7f1aed566000-7f1aed766000 ---p 00027000 08:08 1973918                    /usr/lib/x86_64-linux-gnu/libexpat.so.1.6.2
7f1aed766000-7f1aed768000 r--p 00027000 08:08 1973918                    /usr/lib/x86_64-linux-gnu/libexpat.so.1.6.2
7f1aed768000-7f1aed769000 rw-p 00029000 08:08 1973918                    /usr/lib/x86_64-linux-gnu/libexpat.so.1.6.2
7f1aed769000-7f1aed770000 r-xp 00000000 08:08 1973938                    /usr/lib/x86_64-linux-gnu/libffi.so.6.0.4
7f1aed770000-7f1aed970000 ---p 00007000 08:08 1973938                    /usr/lib/x86_64-linux-gnu/libffi.so.6.0.4
7f1aed970000-7f1aed971000 r--p 00007000 08:08 1973938                    /usr/lib/x86_64-linux-gnu/libffi.so.6.0.4
7f1aed971000-7f1aed972000 rw-p 00008000 08:08 1973938                    /usr/lib/x86_64-linux-gnu/libffi.so.6.0.4
7f1aed972000-7f1aed97a000 r-xp 00000000 08:08 1975032                    /usr/lib/x86_64-linux-gnu/libthai.so.0.3.0
7f1aed97a000-7f1aedb7a000 ---p 00008000 08:08 1975032                    /usr/lib/x86_64-linux-gnu/libthai.so.0.3.0
7f1aedb7a000-7f1aedb7b000 r--p 00008000 08:08 1975032                    /usr/lib/x86_64-linux-gnu/libthai.so.0.3.0
7f1aedb7b000-7f1aedb7c000 rw-p 00009000 08:08 1975032                    /usr/lib/x86_64-linux-gnu/libthai.so.0.3.0
7f1aedb7c000-7f1aedc0f000 r-xp 00000000 08:08 1974304                    /usr/lib/x86_64-linux-gnu/libharfbuzz.so.0.10400.2
7f1aedc0f000-7f1aede0e000 ---p 00093000 08:08 1974304                    /usr/lib/x86_64-linux-gnu/libharfbuzz.so.0.10400.2
7f1aede0e000-7f1aede10000 r--p 00092000 08:08 1974304                    /usr/lib/x86_64-linux-gnu/libharfbuzz.so.0.10400.2
7f1aede10000-7f1aede11000 rw-p 00094000 08:08 1974304                    /usr/lib/x86_64-linux-gnu/libharfbuzz.so.0.10400.2
7f1aede11000-7f1aede5b000 r-xp 00000000 08:08 1974545                    /usr/lib/x86_64-linux-gnu/libmount.so.1.1.0
7f1aede5b000-7f1aee05b000 ---p 0004a000 08:08 1974545                    /usr/lib/x86_64-linux-gnu/libmount.so.1.1.0
7f1aee05b000-7f1aee05c000 r--p 0004a000 08:08 1974545                    /usr/lib/x86_64-linux-gnu/libmount.so.1.1.0
7f1aee05c000-7f1aee05d000 rw-p 0004b000 08:08 1974545                    /usr/lib/x86_64-linux-gnu/libmount.so.1.1.0
7f1aee05d000-7f1aee05f000 rw-p 00000000 00:00 0 
7f1aee05f000-7f1aee073000 r-xp 00000000 08:08 1974883                    /usr/lib/x86_64-linux-gnu/libresolv-2.24.so
7f1aee073000-7f1aee272000 ---p 00014000 08:08 1974883                    /usr/lib/x86_64-linux-gnu/libresolv-2.24.so
7f1aee272000-7f1aee273000 r--p 00013000 08:08 1974883                    /usr/lib/x86_64-linux-gnu/libresolv-2.24.so
7f1aee273000-7f1aee274000 rw-p 00014000 08:08 1974883                    /usr/lib/x86_64-linux-gnu/libresolv-2.24.so
7f1aee274000-7f1aee276000 rw-p 00000000 00:00 0 
7f1aee276000-7f1aee29b000 r-xp 00000000 08:08 1974931                    /usr/lib/x86_64-linux-gnu/libselinux.so.1
7f1aee29b000-7f1aee49a000 ---p 00025000 08:08 1974931                    /usr/lib/x86_64-linux-gnu/libselinux.so.1
7f1aee49a000-7f1aee49b000 r--p 00024000 08:08 1974931                    /usr/lib/x86_64-linux-gnu/libselinux.so.1
7f1aee49b000-7f1aee49c000 rw-p 00025000 08:08 1974931                    /usr/lib/x86_64-linux-gnu/libselinux.so.1
7f1aee49c000-7f1aee49e000 rw-p 00000000 00:00 0 
7f1aee49e000-7f1aee4aa000 r-xp 00000000 08:08 1975214                    /usr/lib/x86_64-linux-gnu/libxcb-render.so.0.0.0
7f1aee4aa000-7f1aee6aa000 ---p 0000c000 08:08 1975214                    /usr/lib/x86_64-linux-gnu/libxcb-render.so.0.0.0
7f1aee6aa000-7f1aee6ab000 r--p 0000c000 08:08 1975214                    /usr/lib/x86_64-linux-gnu/libxcb-render.so.0.0.0
7f1aee6ab000-7f1aee6ac000 rw-p 0000d000 08:08 1975214                    /usr/lib/x86_64-linux-gnu/libxcb-render.so.0.0.0
7f1aee6ac000-7f1aee6d3000 r-xp 00000000 08:08 1975232                    /usr/lib/x86_64-linux-gnu/libxcb.so.1.1.0
7f1aee6d3000-7f1aee8d2000 ---p 00027000 08:08 1975232                    /usr/lib/x86_64-linux-gnu/libxcb.so.1.1.0
7f1aee8d2000-7f1aee8d3000 r--p 00026000 08:08 1975232                    /usr/lib/x86_64-linux-gnu/libxcb.so.1.1.0
7f1aee8d3000-7f1aee8d4000 rw-p 00027000 08:08 1975232                    /usr/lib/x86_64-linux-gnu/libxcb.so.1.1.0
7f1aee8d4000-7f1aee8d6000 r-xp 00000000 08:08 1975218                    /usr/lib/x86_64-linux-gnu/libxcb-shm.so.0.0.0
7f1aee8d6000-7f1aeead6000 ---p 00002000 08:08 1975218                    /usr/lib/x86_64-linux-gnu/libxcb-shm.so.0.0.0
7f1aeead6000-7f1aeead7000 r--p 00002000 08:08 1975218                    /usr/lib/x86_64-linux-gnu/libxcb-shm.so.0.0.0
7f1aeead7000-7f1aeead8000 rw-p 00003000 08:08 1975218                    /usr/lib/x86_64-linux-gnu/libxcb-shm.so.0.0.0
7f1aeead8000-7f1aeeb09000 r-xp 00000000 08:08 1974804                    /usr/lib/x86_64-linux-gnu/libpng16.so.16.28.0
7f1aeeb09000-7f1aeed09000 ---p 00031000 08:08 1974804                    /usr/lib/x86_64-linux-gnu/libpng16.so.16.28.0
7f1aeed09000-7f1aeed0a000 r--p 00031000 08:08 1974804                    /usr/lib/x86_64-linux-gnu/libpng16.so.16.28.0
7f1aeed0a000-7f1aeed0b000 rw-p 00032000 08:08 1974804                    /usr/lib/x86_64-linux-gnu/libpng16.so.16.28.0
7f1aeed0b000-7f1aeeda9000 r-xp 00000000 08:08 1974787                    /usr/lib/x86_64-linux-gnu/libpixman-1.so.0.34.0
7f1aeeda9000-7f1aeefa9000 ---p 0009e000 08:08 1974787                    /usr/lib/x86_64-linux-gnu/libpixman-1.so.0.34.0
7f1aeefa9000-7f1aeefb1000 r--p 0009e000 08:08 1974787                    /usr/lib/x86_64-linux-gnu/libpixman-1.so.0.34.0
7f1aeefb1000-7f1aeefb2000 rw-p 000a6000 08:08 1974787                    /usr/lib/x86_64-linux-gnu/libpixman-1.so.0.34.0
7f1aeefb2000-7f1aeefc3000 r-xp 00000000 08:08 1973534                    /usr/lib/x86_64-linux-gnu/libXext.so.6.4.0
7f1aeefc3000-7f1aef1c2000 ---p 00011000 08:08 1973534                    /usr/lib/x86_64-linux-gnu/libXext.so.6.4.0
7f1aef1c2000-7f1aef1c3000 r--p 00010000 08:08 1973534                    /usr/lib/x86_64-linux-gnu/libXext.so.6.4.0
7f1aef1c3000-7f1aef1c4000 rw-p 00011000 08:08 1973534                    /usr/lib/x86_64-linux-gnu/libXext.so.6.4.0
7f1aef1c4000-7f1aef1ce000 r-xp 00000000 08:08 1973528                    /usr/lib/x86_64-linux-gnu/libXcursor.so.1.0.2
7f1aef1ce000-7f1aef3cd000 ---p 0000a000 08:08 1973528                    /usr/lib/x86_64-linux-gnu/libXcursor.so.1.0.2
7f1aef3cd000-7f1aef3ce000 r--p 00009000 08:08 1973528                    /usr/lib/x86_64-linux-gnu/libXcursor.so.1.0.2
7f1aef3ce000-7f1aef3cf000 rw-p 0000a000 08:08 1973528                    /usr/lib/x86_64-linux-gnu/libXcursor.so.1.0.2
7f1aef3cf000-7f1aef3d9000 r-xp 00000000 08:08 1973554                    /usr/lib/x86_64-linux-gnu/libXrandr.so.2.2.0
7f1aef3d9000-7f1aef5d8000 ---p 0000a000 08:08 1973554                    /usr/lib/x86_64-linux-gnu/libXrandr.so.2.2.0
7f1aef5d8000-7f1aef5d9000 r--p 00009000 08:08 1973554                    /usr/lib/x86_64-linux-gnu/libXrandr.so.2.2.0
7f1aef5d9000-7f1aef5da000 rw-p 0000a000 08:08 1973554                    /usr/lib/x86_64-linux-gnu/libXrandr.so.2.2.0
7f1aef5da000-7f1aef5e9000 r-xp 00000000 08:08 1973544                    /usr/lib/x86_64-linux-gnu/libXi.so.6.1.0
7f1aef5e9000-7f1aef7e8000 ---p 0000f000 08:08 1973544                    /usr/lib/x86_64-linux-gnu/libXi.so.6.1.0
7f1aef7e8000-7f1aef7e9000 r--p 0000e000 08:08 1973544                    /usr/lib/x86_64-linux-gnu/libXi.so.6.1.0
7f1aef7e9000-7f1aef7ea000 rw-p 0000f000 08:08 1973544                    /usr/lib/x86_64-linux-gnu/libXi.so.6.1.0
7f1aef7ea000-7f1aef7ec000 r-xp 00000000 08:08 1973546                    /usr/lib/x86_64-linux-gnu/libXinerama.so.1.0.0
7f1aef7ec000-7f1aef9eb000 ---p 00002000 08:08 1973546                    /usr/lib/x86_64-linux-gnu/libXinerama.so.1.0.0
7f1aef9eb000-7f1aef9ec000 r--p 00001000 08:08 1973546                    /usr/lib/x86_64-linux-gnu/libXinerama.so.1.0.0
7f1aef9ec000-7f1aef9ed000 rw-p 00002000 08:08 1973546                    /usr/lib/x86_64-linux-gnu/libXinerama.so.1.0.0
7f1aef9ed000-7f1aef9f6000 r-xp 00000000 08:08 1973556                    /usr/lib/x86_64-linux-gnu/libXrender.so.1.3.0
7f1aef9f6000-7f1aefbf5000 ---p 00009000 08:08 1973556                    /usr/lib/x86_64-linux-gnu/libXrender.so.1.3.0
7f1aefbf5000-7f1aefbf6000 r--p 00008000 08:08 1973556                    /usr/lib/x86_64-linux-gnu/libXrender.so.1.3.0
7f1aefbf6000-7f1aefbf7000 rw-p 00009000 08:08 1973556                    /usr/lib/x86_64-linux-gnu/libXrender.so.1.3.0
7f1aefbf7000-7f1aefbfc000 r-xp 00000000 08:08 1973536                    /usr/lib/x86_64-linux-gnu/libXfixes.so.3.1.0
7f1aefbfc000-7f1aefdfb000 ---p 00005000 08:08 1973536                    /usr/lib/x86_64-linux-gnu/libXfixes.so.3.1.0
7f1aefdfb000-7f1aefdfc000 r--p 00004000 08:08 1973536                    /usr/lib/x86_64-linux-gnu/libXfixes.so.3.1.0
7f1aefdfc000-7f1aefdfd000 rw-p 00005000 08:08 1973536                    /usr/lib/x86_64-linux-gnu/libXfixes.so.3.1.0
7f1aefdfd000-7f1aefdff000 r-xp 00000000 08:08 1973530                    /usr/lib/x86_64-linux-gnu/libXdamage.so.1.1.0
7f1aefdff000-7f1aefffe000 ---p 00002000 08:08 1973530                    /usr/lib/x86_64-linux-gnu/libXdamage.so.1.1.0
7f1aefffe000-7f1aeffff000 r--p 00001000 08:08 1973530                    /usr/lib/x86_64-linux-gnu/libXdamage.so.1.1.0
7f1aeffff000-7f1af0000000 rw-p 00002000 08:08 1973530                    /usr/lib/x86_64-linux-gnu/libXdamage.so.1.1.0
7f1af0000000-7f1af0021000 rw-p 00000000 00:00 0 
7f1af0021000-7f1af4000000 ---p 00000000 00:00 0 
7f1af4000000-7f1af4021000 rw-p 00000000 00:00 0 
7f1af4021000-7f1af8000000 ---p 00000000 00:00 0 
7f1af8000000-7f1af82de000 rw-p 00000000 00:00 0 
7f1af82de000-7f1afc000000 ---p 00000000 00:00 0 
7f1afc000000-7f1afc2cc000 rw-p 00000000 00:00 0 
7f1afc2cc000-7f1b00000000 ---p 00000000 00:00 0 
7f1b00000000-7f1b00021000 rw-p 00000000 00:00 0 
7f1b00021000-7f1b04000000 ---p 00000000 00:00 0 
7f1b04000000-7f1b04021000 rw-p 00000000 00:00 0 
7f1b04021000-7f1b08000000 ---p 00000000 00:00 0 
7f1b08000000-7f1b08021000 rw-p 00000000 00:00 0 
7f1b08021000-7f1b0c000000 ---p 00000000 00:00 0 
7f1b0c000000-7f1b0c021000 rw-p 00000000 00:00 0 
7f1b0c021000-7f1b10000000 ---p 00000000 00:00 0 
7f1b10000000-7f1b10021000 rw-p 00000000 00:00 0 
7f1b10021000-7f1b14000000 ---p 00000000 00:00 0 
7f1b14001000-7f1b14006000 rw-s 00000000 00:18 181                        /i915 (deleted)
7f1b14006000-7f1b1400a000 rw-s 00000000 00:18 176                        /i915 (deleted)
7f1b1400a000-7f1b14018000 rw-s 104e65000 00:06 344                       /dev/dri/card0
7f1b14018000-7f1b1401c000 rw-s 00000000 00:18 160                        /i915 (deleted)
7f1b1401c000-7f1b14021000 rw-s 00000000 00:18 159                        /i915 (deleted)
7f1b14021000-7f1b14031000 rw-s 00000000 00:18 162                        /i915 (deleted)
7f1b14031000-7f1b140d7000 r--s 010bb000 08:09 14421221                   /home/atomx/eclipse-workspace/Library/lib/jfxrt.jar
7f1b140d7000-7f1b140da000 ---p 00000000 00:00 0 
7f1b140da000-7f1b141d8000 rw-p 00000000 00:00 0 
7f1b141d8000-7f1b141da000 r-xp 00000000 08:08 1973526                    /usr/lib/x86_64-linux-gnu/libXcomposite.so.1.0.0
7f1b141da000-7f1b143d9000 ---p 00002000 08:08 1973526                    /usr/lib/x86_64-linux-gnu/libXcomposite.so.1.0.0
7f1b143d9000-7f1b143da000 r--p 00001000 08:08 1973526                    /usr/lib/x86_64-linux-gnu/libXcomposite.so.1.0.0
7f1b143da000-7f1b143db000 rw-p 00002000 08:08 1973526                    /usr/lib/x86_64-linux-gnu/libXcomposite.so.1.0.0
7f1b143db000-7f1b143de000 r-xp 00000000 08:08 1974072                    /usr/lib/x86_64-linux-gnu/libgmodule-2.0.so.0.5000.3
7f1b143de000-7f1b145dd000 ---p 00003000 08:08 1974072                    /usr/lib/x86_64-linux-gnu/libgmodule-2.0.so.0.5000.3
7f1b145dd000-7f1b145de000 r--p 00002000 08:08 1974072                    /usr/lib/x86_64-linux-gnu/libgmodule-2.0.so.0.5000.3
7f1b145de000-7f1b145df000 rw-p 00003000 08:08 1974072                    /usr/lib/x86_64-linux-gnu/libgmodule-2.0.so.0.5000.3
7f1b145df000-7f1b14654000 r-xp 00000000 08:08 1973258                    /usr/lib/x86_64-linux-gnu/libGL.so.1.7.0
7f1b14654000-7f1b14854000 ---p 00075000 08:08 1973258                    /usr/lib/x86_64-linux-gnu/libGL.so.1.7.0
7f1b14854000-7f1b1486e000 r--p 00075000 08:08 1973258                    /usr/lib/x86_64-linux-gnu/libGL.so.1.7.0
7f1b1486e000-7f1b1486f000 rw-p 0008f000 08:08 1973258                    /usr/lib/x86_64-linux-gnu/libGL.so.1.7.0
7f1b1486f000-7f1b14870000 rw-p 00000000 00:00 0 
7f1b14870000-7f1b14875000 r-xp 00000000 08:08 1973572                    /usr/lib/x86_64-linux-gnu/libXxf86vm.so.1.0.0
7f1b14875000-7f1b14a74000 ---p 00005000 08:08 1973572                    /usr/lib/x86_64-linux-gnu/libXxf86vm.so.1.0.0
7f1b14a74000-7f1b14a75000 r--p 00004000 08:08 1973572                    /usr/lib/x86_64-linux-gnu/libXxf86vm.so.1.0.0
7f1b14a75000-7f1b14a76000 rw-p 00005000 08:08 1973572                    /usr/lib/x86_64-linux-gnu/libXxf86vm.so.1.0.0
7f1b14a76000-7f1b14bb0000 r-xp 00000000 08:08 1973517                    /usr/lib/x86_64-linux-gnu/libX11.so.6.3.0
7f1b14bb0000-7f1b14db0000 ---p 0013a000 08:08 1973517                    /usr/lib/x86_64-linux-gnu/libX11.so.6.3.0
7f1b14db0000-7f1b14db1000 r--p 0013a000 08:08 1973517                    /usr/lib/x86_64-linux-gnu/libX11.so.6.3.0
7f1b14db1000-7f1b14db6000 rw-p 0013b000 08:08 1973517                    /usr/lib/x86_64-linux-gnu/libX11.so.6.3.0
7f1b14db6000-7f1b14dbb000 r-xp 00000000 08:08 1973562                    /usr/lib/x86_64-linux-gnu/libXtst.so.6.1.0
7f1b14dbb000-7f1b14fba000 ---p 00005000 08:08 1973562                    /usr/lib/x86_64-linux-gnu/libXtst.so.6.1.0
7f1b14fba000-7f1b14fbb000 r--p 00004000 08:08 1973562                    /usr/lib/x86_64-linux-gnu/libXtst.so.6.1.0
7f1b14fbb000-7f1b14fbc000 rw-p 00005000 08:08 1973562                    /usr/lib/x86_64-linux-gnu/libXtst.so.6.1.0
7f1b14fbc000-7f1b150ce000 r-xp 00000000 08:08 1974060                    /usr/lib/x86_64-linux-gnu/libglib-2.0.so.0.5000.3
7f1b150ce000-7f1b152cd000 ---p 00112000 08:08 1974060                    /usr/lib/x86_64-linux-gnu/libglib-2.0.so.0.5000.3
7f1b152cd000-7f1b152ce000 r--p 00111000 08:08 1974060                    /usr/lib/x86_64-linux-gnu/libglib-2.0.so.0.5000.3
7f1b152ce000-7f1b152cf000 rw-p 00112000 08:08 1974060                    /usr/lib/x86_64-linux-gnu/libglib-2.0.so.0.5000.3
7f1b152cf000-7f1b19000000 rw-p 00000000 00:00 0 
7f1b19002000-7f1b19012000 rw-s 00000000 00:18 152                        /i915 (deleted)
7f1b19012000-7f1b1901e000 rw-s 00000000 00:18 134                        /i915 (deleted)
7f1b1901e000-7f1b19069000 r--p 00000000 08:08 2491715                    /usr/share/fonts/truetype/noto/NotoSans-Regular.ttf
7f1b19069000-7f1b191aa000 rw-s 00000000 08:09 12845132                   /home/atomx/.cache/mesa_shader_cache/index
7f1b191aa000-7f1b191ab000 r-xp 00000000 08:08 1974280                    /usr/lib/x86_64-linux-gnu/libgthread-2.0.so.0.5000.3
7f1b191ab000-7f1b193aa000 ---p 00001000 08:08 1974280                    /usr/lib/x86_64-linux-gnu/libgthread-2.0.so.0.5000.3
7f1b193aa000-7f1b193ab000 r--p 00000000 08:08 1974280                    /usr/lib/x86_64-linux-gnu/libgthread-2.0.so.0.5000.3
7f1b193ab000-7f1b193ac000 rw-p 00001000 08:08 1974280                    /usr/lib/x86_64-linux-gnu/libgthread-2.0.so.0.5000.3
7f1b193ac000-7f1b19454000 r-xp 00000000 08:08 1973996                    /usr/lib/x86_64-linux-gnu/libfreetype.so.6.12.3
7f1b19454000-7f1b19654000 ---p 000a8000 08:08 1973996                    /usr/lib/x86_64-linux-gnu/libfreetype.so.6.12.3
7f1b19654000-7f1b1965a000 r--p 000a8000 08:08 1973996                    /usr/lib/x86_64-linux-gnu/libfreetype.so.6.12.3
7f1b1965a000-7f1b1965b000 rw-p 000ae000 08:08 1973996                    /usr/lib/x86_64-linux-gnu/libfreetype.so.6.12.3
7f1b1965b000-7f1b19697000 r-xp 00000000 08:08 1973982                    /usr/lib/x86_64-linux-gnu/libfontconfig.so.1.8.0
7f1b19697000-7f1b19896000 ---p 0003c000 08:08 1973982                    /usr/lib/x86_64-linux-gnu/libfontconfig.so.1.8.0
7f1b19896000-7f1b19898000 r--p 0003b000 08:08 1973982                    /usr/lib/x86_64-linux-gnu/libfontconfig.so.1.8.0
7f1b19898000-7f1b19899000 rw-p 0003d000 08:08 1973982                    /usr/lib/x86_64-linux-gnu/libfontconfig.so.1.8.0
7f1b19899000-7f1b198eb000 r-xp 00000000 08:08 1974112                    /usr/lib/x86_64-linux-gnu/libgobject-2.0.so.0.5000.3
7f1b198eb000-7f1b19aea000 ---p 00052000 08:08 1974112                    /usr/lib/x86_64-linux-gnu/libgobject-2.0.so.0.5000.3
7f1b19aea000-7f1b19aeb000 r--p 00051000 08:08 1974112                    /usr/lib/x86_64-linux-gnu/libgobject-2.0.so.0.5000.3
7f1b19aeb000-7f1b19aec000 rw-p 00052000 08:08 1974112                    /usr/lib/x86_64-linux-gnu/libgobject-2.0.so.0.5000.3
7f1b19aec000-7f1b19b35000 r-xp 00000000 08:08 1974732                    /usr/lib/x86_64-linux-gnu/libpango-1.0.so.0.4000.5
7f1b19b35000-7f1b19d34000 ---p 00049000 08:08 1974732                    /usr/lib/x86_64-linux-gnu/libpango-1.0.so.0.4000.5
7f1b19d34000-7f1b19d37000 r--p 00048000 08:08 1974732                    /usr/lib/x86_64-linux-gnu/libpango-1.0.so.0.4000.5
7f1b19d37000-7f1b19d38000 rw-p 0004b000 08:08 1974732                    /usr/lib/x86_64-linux-gnu/libpango-1.0.so.0.4000.5
7f1b19d38000-7f1b19d4c000 r-xp 00000000 08:08 1974736                    /usr/lib/x86_64-linux-gnu/libpangoft2-1.0.so.0.4000.5
7f1b19d4c000-7f1b19f4c000 ---p 00014000 08:08 1974736                    /usr/lib/x86_64-linux-gnu/libpangoft2-1.0.so.0.4000.5
7f1b19f4c000-7f1b19f4d000 r--p 00014000 08:08 1974736                    /usr/lib/x86_64-linux-gnu/libpangoft2-1.0.so.0.4000.5
7f1b19f4d000-7f1b19f4e000 rw-p 00015000 08:08 1974736                    /usr/lib/x86_64-linux-gnu/libpangoft2-1.0.so.0.4000.5
7f1b19f4e000-7f1b1a0db000 r-xp 00000000 08:08 1974048                    /usr/lib/x86_64-linux-gnu/libgio-2.0.so.0.5000.3
7f1b1a0db000-7f1b1a2db000 ---p 0018d000 08:08 1974048                    /usr/lib/x86_64-linux-gnu/libgio-2.0.so.0.5000.3
7f1b1a2db000-7f1b1a2e0000 r--p 0018d000 08:08 1974048                    /usr/lib/x86_64-linux-gnu/libgio-2.0.so.0.5000.3
7f1b1a2e0000-7f1b1a2e3000 rw-p 00192000 08:08 1974048                    /usr/lib/x86_64-linux-gnu/libgio-2.0.so.0.5000.3
7f1b1a2e3000-7f1b1a2e4000 rw-p 00000000 00:00 0 
7f1b1a2e4000-7f1b1a306000 r-xp 00000000 08:08 1974034                    /usr/lib/x86_64-linux-gnu/libgdk_pixbuf-2.0.so.0.3600.5
7f1b1a306000-7f1b1a506000 ---p 00022000 08:08 1974034                    /usr/lib/x86_64-linux-gnu/libgdk_pixbuf-2.0.so.0.3600.5
7f1b1a506000-7f1b1a507000 r--p 00022000 08:08 1974034                    /usr/lib/x86_64-linux-gnu/libgdk_pixbuf-2.0.so.0.3600.5
7f1b1a507000-7f1b1a508000 rw-p 00023000 08:08 1974034                    /usr/lib/x86_64-linux-gnu/libgdk_pixbuf-2.0.so.0.3600.5
7f1b1a508000-7f1b1a616000 r-xp 00000000 08:08 1973694                    /usr/lib/x86_64-linux-gnu/libcairo.so.2.11400.8
7f1b1a616000-7f1b1a816000 ---p 0010e000 08:08 1973694                    /usr/lib/x86_64-linux-gnu/libcairo.so.2.11400.8
7f1b1a816000-7f1b1a819000 r--p 0010e000 08:08 1973694                    /usr/lib/x86_64-linux-gnu/libcairo.so.2.11400.8
7f1b1a819000-7f1b1a81a000 rw-p 00111000 08:08 1973694                    /usr/lib/x86_64-linux-gnu/libcairo.so.2.11400.8
7f1b1a81a000-7f1b1a81c000 rw-p 00000000 00:00 0 
7f1b1a81c000-7f1b1a83f000 r-xp 00000000 08:08 1973616                    /usr/lib/x86_64-linux-gnu/libatk-1.0.so.0.22209.1
7f1b1a83f000-7f1b1aa3e000 ---p 00023000 08:08 1973616                    /usr/lib/x86_64-linux-gnu/libatk-1.0.so.0.22209.1
7f1b1aa3e000-7f1b1aa41000 r--p 00022000 08:08 1973616                    /usr/lib/x86_64-linux-gnu/libatk-1.0.so.0.22209.1
7f1b1aa41000-7f1b1aa42000 rw-p 00025000 08:08 1973616                    /usr/lib/x86_64-linux-gnu/libatk-1.0.so.0.22209.1
7f1b1aa42000-7f1b1aa4e000 r-xp 00000000 08:08 1974734                    /usr/lib/x86_64-linux-gnu/libpangocairo-1.0.so.0.4000.5
7f1b1aa4e000-7f1b1ac4d000 ---p 0000c000 08:08 1974734                    /usr/lib/x86_64-linux-gnu/libpangocairo-1.0.so.0.4000.5
7f1b1ac4d000-7f1b1ac4e000 r--p 0000b000 08:08 1974734                    /usr/lib/x86_64-linux-gnu/libpangocairo-1.0.so.0.4000.5
7f1b1ac4e000-7f1b1ac4f000 rw-p 0000c000 08:08 1974734                    /usr/lib/x86_64-linux-gnu/libpangocairo-1.0.so.0.4000.5
7f1b1ac4f000-7f1b1acff000 r-xp 00000000 08:08 1974032                    /usr/lib/x86_64-linux-gnu/libgdk-x11-2.0.so.0.2400.31
7f1b1acff000-7f1b1aefe000 ---p 000b0000 08:08 1974032                    /usr/lib/x86_64-linux-gnu/libgdk-x11-2.0.so.0.2400.31
7f1b1aefe000-7f1b1af02000 r--p 000af000 08:08 1974032                    /usr/lib/x86_64-linux-gnu/libgdk-x11-2.0.so.0.2400.31
7f1b1af02000-7f1b1af04000 rw-p 000b3000 08:08 1974032                    /usr/lib/x86_64-linux-gnu/libgdk-x11-2.0.so.0.2400.31
7f1b1af04000-7f1b1b344000 r-xp 00000000 08:08 1974286                    /usr/lib/x86_64-linux-gnu/libgtk-x11-2.0.so.0.2400.31
7f1b1b344000-7f1b1b543000 ---p 00440000 08:08 1974286                    /usr/lib/x86_64-linux-gnu/libgtk-x11-2.0.so.0.2400.31
7f1b1b543000-7f1b1b54a000 r--p 0043f000 08:08 1974286                    /usr/lib/x86_64-linux-gnu/libgtk-x11-2.0.so.0.2400.31
7f1b1b54a000-7f1b1b54e000 rw-p 00446000 08:08 1974286                    /usr/lib/x86_64-linux-gnu/libgtk-x11-2.0.so.0.2400.31
7f1b1b54e000-7f1b1b551000 rw-p 00000000 00:00 0 
7f1b1b551000-7f1b1b55d000 r-xp 00000000 08:08 1717405                    /usr/lib/jvm/java-8-openjdk-amd64/jre/lib/amd64/libprism_es2.so
7f1b1b55d000-7f1b1b75c000 ---p 0000c000 08:08 1717405                    /usr/lib/jvm/java-8-openjdk-amd64/jre/lib/amd64/libprism_es2.so
7f1b1b75c000-7f1b1b75d000 r--p 0000b000 08:08 1717405                    /usr/lib/jvm/java-8-openjdk-amd64/jre/lib/amd64/libprism_es2.so
7f1b1b75d000-7f1b1b75e000 rw-p 0000c000 08:08 1717405                    /usr/lib/jvm/java-8-openjdk-amd64/jre/lib/amd64/libprism_es2.so
7f1b1b75e000-7f1b1b761000 ---p 00000000 00:00 0 
7f1b1b761000-7f1b1b85f000 rw-p 00000000 00:00 0 
7f1b1b85f000-7f1b1b860000 ---p 00000000 00:00 0 
7f1b1b860000-7f1b1b960000 rw-p 00000000 00:00 0 
7f1b1b960000-7f1b1b963000 ---p 00000000 00:00 0 
7f1b1b963000-7f1b1ba61000 rw-p 00000000 00:00 0 
7f1b1ba61000-7f1b1ba64000 ---p 00000000 00:00 0 
7f1b1ba64000-7f1b1bb62000 rw-p 00000000 00:00 0 
7f1b1bb62000-7f1b1bb65000 ---p 00000000 00:00 0 
7f1b1bb65000-7f1b1bc63000 rw-p 00000000 00:00 0 
7f1b1bc63000-7f1b1bc66000 ---p 00000000 00:00 0 
7f1b1bc66000-7f1b1bd64000 rw-p 00000000 00:00 0 
7f1b1bd64000-7f1b1beff000 r--p 00000000 08:08 1711771                    /usr/lib/locale/locale-archive
7f1b1beff000-7f1b1bf02000 ---p 00000000 00:00 0 
7f1b1bf02000-7f1b1c000000 rw-p 00000000 00:00 0 
7f1b1c000000-7f1b1c021000 rw-p 00000000 00:00 0 
7f1b1c021000-7f1b20000000 ---p 00000000 00:00 0 
7f1b20002000-7f1b20003000 rw-s 00000000 00:18 127                        /i915 (deleted)
7f1b20003000-7f1b20008000 rw-s 00000000 00:18 131                        /i915 (deleted)
7f1b20008000-7f1b2001b000 r--s 00346000 08:08 1715206                    /usr/lib/jvm/java-8-openjdk-amd64/jre/lib/resources.jar
7f1b2001b000-7f1b2001d000 r--s 00000000 08:08 1590387                    /var/cache/fontconfig/4bb17da730f63117fed329ee42a5d05e-le64.cache-4
7f1b2001d000-7f1b20021000 r--s 00000000 08:08 1572907                    /var/cache/fontconfig/0fafd173547752dce4dee1a69e0b3c95-le64.cache-4
7f1b20021000-7f1b20063000 r--s 00000000 08:08 1572909                    /var/cache/fontconfig/0bd3dc0958fa2205aaaa8ebb13e2872b-le64.cache-4
7f1b20063000-7f1b200f9000 r--s 007ce000 08:08 2654625                    /usr/share/java/openjfx/jre/lib/ext/jfxrt.jar
7f1b200f9000-7f1b200fc000 ---p 00000000 00:00 0 
7f1b200fc000-7f1b201fa000 rw-p 00000000 00:00 0 
7f1b201fa000-7f1b201fb000 ---p 00000000 00:00 0 
7f1b201fb000-7f1b21000000 rw-p 00000000 00:00 0 
7f1b21000000-7f1b215d0000 rwxp 00000000 00:00 0 
7f1b215d0000-7f1b30000000 ---p 00000000 00:00 0 
7f1b30000000-7f1b30298000 rw-p 00000000 00:00 0 
7f1b30298000-7f1b34000000 ---p 00000000 00:00 0 
7f1b34000000-7f1b34001000 rw-s 00000000 00:18 126                        /i915 (deleted)
7f1b34001000-7f1b34002000 r--s 00000000 08:08 1572912                    /var/cache/fontconfig/16c2fda60d1b4b719f4b3d06fd951d25-le64.cache-4
7f1b34002000-7f1b34008000 r--s 00000000 08:08 1572928                    /var/cache/fontconfig/3047814df9a2f067bd2d96a2b9c36e5a-le64.cache-4
7f1b34008000-7f1b34014000 r--s 00000000 08:08 1586852                    /var/cache/fontconfig/d589a48862398ed80a3d6066f4f56f4c-le64.cache-4
7f1b34014000-7f1b34017000 r--s 00000000 08:08 1572923                    /var/cache/fontconfig/47e67d79d01846c7b6efd6b4f03a6092-le64.cache-4
7f1b34017000-7f1b34029000 r--s 00000000 08:08 1572910                    /var/cache/fontconfig/9b89f8e3dae116d678bbf48e5f21f69b-le64.cache-4
7f1b34029000-7f1b3402c000 r--s 00000000 08:08 1590385                    /var/cache/fontconfig/bf6ddb0059d58ea573e04b43f868001f-le64.cache-4
7f1b3402c000-7f1b3402f000 r--s 00000000 08:08 1572931                    /var/cache/fontconfig/e13b20fdb08344e0e664864cc2ede53d-le64.cache-4
7f1b3402f000-7f1b34030000 r--s 00000000 08:08 1590384                    /var/cache/fontconfig/2736766d4907c6828b9382ebdbe3064b-le64.cache-4
7f1b34030000-7f1b34035000 r--s 002f9000 08:08 1715168                    /usr/lib/jvm/java-8-openjdk-amd64/jre/lib/charsets.jar
7f1b34035000-7f1b3403a000 r--s 0009d000 08:08 1715201                    /usr/lib/jvm/java-8-openjdk-amd64/jre/lib/jsse.jar
7f1b3403a000-7f1b34052000 r--s 0021f000 08:09 14421222                   /home/atomx/eclipse-workspace/Library/lib/mysql-connector-java-8.0.17.jar
7f1b34052000-7f1b34056000 rw-s 00000000 00:18 115                        /i915 (deleted)
7f1b34056000-7f1b3405b000 rw-s 00000000 00:18 113                        /i915 (deleted)
7f1b3405b000-7f1b3405f000 rw-s 00000000 00:18 120                        /i915 (deleted)
7f1b3405f000-7f1b34063000 rw-s 00000000 00:18 72                         /i915 (deleted)
7f1b34063000-7f1b34068000 rw-s 00000000 00:18 71                         /i915 (deleted)
7f1b34068000-7f1b34083000 r--s 001d6000 08:08 1715183                    /usr/lib/jvm/java-8-openjdk-amd64/jre/lib/ext/nashorn.jar
7f1b34083000-7f1b3409e000 r--s 00394000 08:08 1715178                    /usr/lib/jvm/java-8-openjdk-amd64/jre/lib/ext/cldrdata.jar
7f1b3409e000-7f1b34532000 rw-p 00000000 00:00 0 
7f1b34532000-7f1b34701000 r--s 03c33000 08:08 1715207                    /usr/lib/jvm/java-8-openjdk-amd64/jre/lib/rt.jar
7f1b34701000-7f1b34b4a000 rw-p 00000000 00:00 0 
7f1b34b4a000-7f1b34b4b000 ---p 00000000 00:00 0 
7f1b34b4b000-7f1b34c4b000 rw-p 00000000 00:00 0 
7f1b34c4b000-7f1b34c4c000 ---p 00000000 00:00 0 
7f1b34c4c000-7f1b34d76000 rw-p 00000000 00:00 0 
7f1b34d76000-7f1b34fd9000 ---p 00000000 00:00 0 
7f1b34fd9000-7f1b35003000 rw-p 00000000 00:00 0 
7f1b35003000-7f1b35265000 ---p 00000000 00:00 0 
7f1b35265000-7f1b3528a000 rw-p 00000000 00:00 0 
7f1b3528a000-7f1b353ac000 ---p 00000000 00:00 0 
7f1b353ac000-7f1b353c5000 rw-p 00000000 00:00 0 
7f1b353c5000-7f1b3576d000 ---p 00000000 00:00 0 
7f1b3576d000-7f1b35775000 r-xp 00000000 08:08 1715164                    /usr/lib/jvm/java-8-openjdk-amd64/jre/lib/amd64/libzip.so
7f1b35775000-7f1b35974000 ---p 00008000 08:08 1715164                    /usr/lib/jvm/java-8-openjdk-amd64/jre/lib/amd64/libzip.so
7f1b35974000-7f1b35975000 r--p 00007000 08:08 1715164                    /usr/lib/jvm/java-8-openjdk-amd64/jre/lib/amd64/libzip.so
7f1b35975000-7f1b35976000 rw-p 00008000 08:08 1715164                    /usr/lib/jvm/java-8-openjdk-amd64/jre/lib/amd64/libzip.so
7f1b35976000-7f1b35980000 r-xp 00000000 08:08 1974648                    /usr/lib/x86_64-linux-gnu/libnss_files-2.24.so
7f1b35980000-7f1b35b80000 ---p 0000a000 08:08 1974648                    /usr/lib/x86_64-linux-gnu/libnss_files-2.24.so
7f1b35b80000-7f1b35b81000 r--p 0000a000 08:08 1974648                    /usr/lib/x86_64-linux-gnu/libnss_files-2.24.so
7f1b35b81000-7f1b35b82000 rw-p 0000b000 08:08 1974648                    /usr/lib/x86_64-linux-gnu/libnss_files-2.24.so
7f1b35b82000-7f1b35b88000 rw-p 00000000 00:00 0 
7f1b35b88000-7f1b35b93000 r-xp 00000000 08:08 1974654                    /usr/lib/x86_64-linux-gnu/libnss_nis-2.24.so
7f1b35b93000-7f1b35d92000 ---p 0000b000 08:08 1974654                    /usr/lib/x86_64-linux-gnu/libnss_nis-2.24.so
7f1b35d92000-7f1b35d93000 r--p 0000a000 08:08 1974654                    /usr/lib/x86_64-linux-gnu/libnss_nis-2.24.so
7f1b35d93000-7f1b35d94000 rw-p 0000b000 08:08 1974654                    /usr/lib/x86_64-linux-gnu/libnss_nis-2.24.so
7f1b35d94000-7f1b35da8000 r-xp 00000000 08:08 1974636                    /usr/lib/x86_64-linux-gnu/libnsl-2.24.so
7f1b35da8000-7f1b35fa8000 ---p 00014000 08:08 1974636                    /usr/lib/x86_64-linux-gnu/libnsl-2.24.so
7f1b35fa8000-7f1b35fa9000 r--p 00014000 08:08 1974636                    /usr/lib/x86_64-linux-gnu/libnsl-2.24.so
7f1b35fa9000-7f1b35faa000 rw-p 00015000 08:08 1974636                    /usr/lib/x86_64-linux-gnu/libnsl-2.24.so
7f1b35faa000-7f1b35fac000 rw-p 00000000 00:00 0 
7f1b35fac000-7f1b35fb3000 r-xp 00000000 08:08 1974642                    /usr/lib/x86_64-linux-gnu/libnss_compat-2.24.so
7f1b35fb3000-7f1b361b2000 ---p 00007000 08:08 1974642                    /usr/lib/x86_64-linux-gnu/libnss_compat-2.24.so
7f1b361b2000-7f1b361b3000 r--p 00006000 08:08 1974642                    /usr/lib/x86_64-linux-gnu/libnss_compat-2.24.so
7f1b361b3000-7f1b361b4000 rw-p 00007000 08:08 1974642                    /usr/lib/x86_64-linux-gnu/libnss_compat-2.24.so
7f1b361b4000-7f1b361e1000 r-xp 00000000 08:08 1715145                    /usr/lib/jvm/java-8-openjdk-amd64/jre/lib/amd64/libjava.so
7f1b361e1000-7f1b363e1000 ---p 0002d000 08:08 1715145                    /usr/lib/jvm/java-8-openjdk-amd64/jre/lib/amd64/libjava.so
7f1b363e1000-7f1b363e2000 r--p 0002d000 08:08 1715145                    /usr/lib/jvm/java-8-openjdk-amd64/jre/lib/amd64/libjava.so
7f1b363e2000-7f1b363e4000 rw-p 0002e000 08:08 1715145                    /usr/lib/jvm/java-8-openjdk-amd64/jre/lib/amd64/libjava.so
7f1b363e4000-7f1b363f3000 r-xp 00000000 08:08 1715163                    /usr/lib/jvm/java-8-openjdk-amd64/jre/lib/amd64/libverify.so
7f1b363f3000-7f1b365f3000 ---p 0000f000 08:08 1715163                    /usr/lib/jvm/java-8-openjdk-amd64/jre/lib/amd64/libverify.so
7f1b365f3000-7f1b365f5000 r--p 0000f000 08:08 1715163                    /usr/lib/jvm/java-8-openjdk-amd64/jre/lib/amd64/libverify.so
7f1b365f5000-7f1b365f6000 rw-p 00011000 08:08 1715163                    /usr/lib/jvm/java-8-openjdk-amd64/jre/lib/amd64/libverify.so
7f1b365f6000-7f1b365fd000 r-xp 00000000 08:08 1974898                    /usr/lib/x86_64-linux-gnu/librt-2.24.so
7f1b365fd000-7f1b367fc000 ---p 00007000 08:08 1974898                    /usr/lib/x86_64-linux-gnu/librt-2.24.so
7f1b367fc000-7f1b367fd000 r--p 00006000 08:08 1974898                    /usr/lib/x86_64-linux-gnu/librt-2.24.so
7f1b367fd000-7f1b367fe000 rw-p 00007000 08:08 1974898                    /usr/lib/x86_64-linux-gnu/librt-2.24.so
7f1b367fe000-7f1b36814000 r-xp 00000000 08:08 1974006                    /usr/lib/x86_64-linux-gnu/libgcc_s.so.1
7f1b36814000-7f1b36a13000 ---p 00016000 08:08 1974006                    /usr/lib/x86_64-linux-gnu/libgcc_s.so.1
7f1b36a13000-7f1b36a14000 r--p 00015000 08:08 1974006                    /usr/lib/x86_64-linux-gnu/libgcc_s.so.1
7f1b36a14000-7f1b36a15000 rw-p 00016000 08:08 1974006                    /usr/lib/x86_64-linux-gnu/libgcc_s.so.1
7f1b36a15000-7f1b36b18000 r-xp 00000000 08:08 1974512                    /usr/lib/x86_64-linux-gnu/libm-2.24.so
7f1b36b18000-7f1b36d17000 ---p 00103000 08:08 1974512                    /usr/lib/x86_64-linux-gnu/libm-2.24.so
7f1b36d17000-7f1b36d18000 r--p 00102000 08:08 1974512                    /usr/lib/x86_64-linux-gnu/libm-2.24.so
7f1b36d18000-7f1b36d19000 rw-p 00103000 08:08 1974512                    /usr/lib/x86_64-linux-gnu/libm-2.24.so
7f1b36d19000-7f1b36e8b000 r-xp 00000000 08:08 1975001                    /usr/lib/x86_64-linux-gnu/libstdc++.so.6.0.22
7f1b36e8b000-7f1b3708b000 ---p 00172000 08:08 1975001                    /usr/lib/x86_64-linux-gnu/libstdc++.so.6.0.22
7f1b3708b000-7f1b37095000 r--p 00172000 08:08 1975001                    /usr/lib/x86_64-linux-gnu/libstdc++.so.6.0.22
7f1b37095000-7f1b37097000 rw-p 0017c000 08:08 1975001                    /usr/lib/x86_64-linux-gnu/libstdc++.so.6.0.22
7f1b37097000-7f1b3709b000 rw-p 00000000 00:00 0 
7f1b3709b000-7f1b37cfa000 r-xp 00000000 08:08 1715167                    /usr/lib/jvm/java-8-openjdk-amd64/jre/lib/amd64/server/libjvm.so
7f1b37cfa000-7f1b37ef9000 ---p 00c5f000 08:08 1715167                    /usr/lib/jvm/java-8-openjdk-amd64/jre/lib/amd64/server/libjvm.so
7f1b37ef9000-7f1b37f8d000 r--p 00c5e000 08:08 1715167                    /usr/lib/jvm/java-8-openjdk-amd64/jre/lib/amd64/server/libjvm.so
7f1b37f8d000-7f1b37fb6000 rw-p 00cf2000 08:08 1715167                    /usr/lib/jvm/java-8-openjdk-amd64/jre/lib/amd64/server/libjvm.so
7f1b37fb6000-7f1b37fe6000 rw-p 00000000 00:00 0 
7f1b37fe6000-7f1b3817b000 r-xp 00000000 08:08 1973682                    /usr/lib/x86_64-linux-gnu/libc-2.24.so
7f1b3817b000-7f1b3837b000 ---p 00195000 08:08 1973682                    /usr/lib/x86_64-linux-gnu/libc-2.24.so
7f1b3837b000-7f1b3837f000 r--p 00195000 08:08 1973682                    /usr/lib/x86_64-linux-gnu/libc-2.24.so
7f1b3837f000-7f1b38381000 rw-p 00199000 08:08 1973682                    /usr/lib/x86_64-linux-gnu/libc-2.24.so
7f1b38381000-7f1b38385000 rw-p 00000000 00:00 0 
7f1b38385000-7f1b38388000 r-xp 00000000 08:08 1973821                    /usr/lib/x86_64-linux-gnu/libdl-2.24.so
7f1b38388000-7f1b38587000 ---p 00003000 08:08 1973821                    /usr/lib/x86_64-linux-gnu/libdl-2.24.so
7f1b38587000-7f1b38588000 r--p 00002000 08:08 1973821                    /usr/lib/x86_64-linux-gnu/libdl-2.24.so
7f1b38588000-7f1b38589000 rw-p 00003000 08:08 1973821                    /usr/lib/x86_64-linux-gnu/libdl-2.24.so
7f1b38589000-7f1b38596000 r-xp 00000000 08:08 1715131                    /usr/lib/jvm/java-8-openjdk-amd64/jre/lib/amd64/jli/libjli.so
7f1b38596000-7f1b38796000 ---p 0000d000 08:08 1715131                    /usr/lib/jvm/java-8-openjdk-amd64/jre/lib/amd64/jli/libjli.so
7f1b38796000-7f1b38797000 r--p 0000d000 08:08 1715131                    /usr/lib/jvm/java-8-openjdk-amd64/jre/lib/amd64/jli/libjli.so
7f1b38797000-7f1b38798000 rw-p 0000e000 08:08 1715131                    /usr/lib/jvm/java-8-openjdk-amd64/jre/lib/amd64/jli/libjli.so
7f1b38798000-7f1b387b1000 r-xp 00000000 08:08 1975262                    /usr/lib/x86_64-linux-gnu/libz.so.1.2.8
7f1b387b1000-7f1b389b0000 ---p 00019000 08:08 1975262                    /usr/lib/x86_64-linux-gnu/libz.so.1.2.8
7f1b389b0000-7f1b389b1000 r--p 00018000 08:08 1975262                    /usr/lib/x86_64-linux-gnu/libz.so.1.2.8
7f1b389b1000-7f1b389b2000 rw-p 00019000 08:08 1975262                    /usr/lib/x86_64-linux-gnu/libz.so.1.2.8
7f1b389b2000-7f1b389ca000 r-xp 00000000 08:08 1974838                    /usr/lib/x86_64-linux-gnu/libpthread-2.24.so
7f1b389ca000-7f1b38bc9000 ---p 00018000 08:08 1974838                    /usr/lib/x86_64-linux-gnu/libpthread-2.24.so
7f1b38bc9000-7f1b38bca000 r--p 00017000 08:08 1974838                    /usr/lib/x86_64-linux-gnu/libpthread-2.24.so
7f1b38bca000-7f1b38bcb000 rw-p 00018000 08:08 1974838                    /usr/lib/x86_64-linux-gnu/libpthread-2.24.so
7f1b38bcb000-7f1b38bcf000 rw-p 00000000 00:00 0 
7f1b38bcf000-7f1b38bf2000 r-xp 00000000 08:08 1973230                    /usr/lib/x86_64-linux-gnu/ld-2.24.so
7f1b38bf2000-7f1b38bf3000 r--s 00008000 08:09 13369446                   /home/atomx/.eclipse/org.eclipse.platform_4.12.0_1473617060_linux_gtk_x86_64/plugins/org.eclipse.fx.ide.css.jfx8_3.5.0.201902220800.jar
7f1b38bf4000-7f1b38bf5000 rwxp 00000000 00:00 0 
7f1b38bf5000-7f1b38bf9000 rw-s 00000000 00:18 86                         /i915 (deleted)
7f1b38bf9000-7f1b38bfc000 r--s 0000f000 08:08 1715180                    /usr/lib/jvm/java-8-openjdk-amd64/jre/lib/ext/icedtea-sound.jar
7f1b38bfc000-7f1b38bfe000 r--s 00001000 08:08 1715179                    /usr/lib/jvm/java-8-openjdk-amd64/jre/lib/ext/dnsns.jar
7f1b38bfe000-7f1b38c00000 r--s 00008000 08:08 1715184                    /usr/lib/jvm/java-8-openjdk-amd64/jre/lib/ext/sunec.jar
7f1b38c00000-7f1b38c06000 r--s 0003b000 08:08 1715185                    /usr/lib/jvm/java-8-openjdk-amd64/jre/lib/ext/sunjce_provider.jar
7f1b38c06000-7f1b38c08000 r--s 00007000 08:08 2654545                    /usr/share/java/java-atk-wrapper.jar
7f1b38c08000-7f1b38cd3000 rw-p 00000000 00:00 0 
7f1b38cd3000-7f1b38cd6000 ---p 00000000 00:00 0 
7f1b38cd6000-7f1b38dd6000 rw-p 00000000 00:00 0 
7f1b38dd6000-7f1b38dd7000 r--s 00010000 08:08 1715187                    /usr/lib/jvm/java-8-openjdk-amd64/jre/lib/ext/zipfs.jar
7f1b38dd7000-7f1b38dd8000 r--s 0000a000 08:08 1715181                    /usr/lib/jvm/java-8-openjdk-amd64/jre/lib/ext/jaccess.jar
7f1b38dd8000-7f1b38ddb000 r--s 00038000 08:08 1715186                    /usr/lib/jvm/java-8-openjdk-amd64/jre/lib/ext/sunpkcs11.jar
7f1b38ddb000-7f1b38de5000 r--s 00116000 08:08 1715182                    /usr/lib/jvm/java-8-openjdk-amd64/jre/lib/ext/localedata.jar
7f1b38de5000-7f1b38ded000 rw-s 00000000 08:08 2104380                    /tmp/hsperfdata_atomx/27083
7f1b38ded000-7f1b38dee000 rw-p 00000000 00:00 0 
7f1b38dee000-7f1b38def000 r--p 00000000 00:00 0 
7f1b38def000-7f1b38df2000 rw-p 00000000 00:00 0 
7f1b38df2000-7f1b38df3000 r--p 00023000 08:08 1973230                    /usr/lib/x86_64-linux-gnu/ld-2.24.so
7f1b38df3000-7f1b38df4000 rw-p 00024000 08:08 1973230                    /usr/lib/x86_64-linux-gnu/ld-2.24.so
7f1b38df4000-7f1b38df5000 rw-p 00000000 00:00 0 
7ffdf4374000-7ffdf4395000 rw-p 00000000 00:00 0                          [stack]
7ffdf43fb000-7ffdf43fe000 r--p 00000000 00:00 0                          [vvar]
7ffdf43fe000-7ffdf4400000 r-xp 00000000 00:00 0                          [vdso]
ffffffffff600000-ffffffffff601000 r-xp 00000000 00:00 0                  [vsyscall]

VM Arguments:
jvm_args: -Dfile.encoding=UTF-8 
java_command: application.Main
java_class_path (initial): /home/atomx/eclipse-workspace/Library/bin:/home/atomx/.eclipse/org.eclipse.platform_4.12.0_1473617060_linux_gtk_x86_64/plugins/org.eclipse.fx.ide.css.jfx8_3.5.0.201902220800.jar:/home/atomx/eclipse-workspace/Library/lib/jfxrt.jar:/home/atomx/eclipse-workspace/Library/lib/mysql-connector-java-8.0.17.jar
Launcher Type: SUN_STANDARD

Environment Variables:
PATH=/usr/local/bin:/usr/bin:/bin:/usr/local/games:/usr/games:/sbin:/usr/sbin
SHELL=/bin/bash
DISPLAY=:0

Signal Handlers:
SIGSEGV: [libjvm.so+0xa74b40], sa_mask[0]=11111111011111111101111111111110, sa_flags=SA_RESTART|SA_SIGINFO
SIGBUS: [libjvm.so+0xa74b40], sa_mask[0]=11111111011111111101111111111110, sa_flags=SA_RESTART|SA_SIGINFO
SIGFPE: [libjvm.so+0x8bd510], sa_mask[0]=11111111011111111101111111111110, sa_flags=SA_RESTART|SA_SIGINFO
SIGPIPE: SIG_IGN, sa_mask[0]=00000000000010000000000000000000, sa_flags=SA_RESTART
SIGXFSZ: [libjvm.so+0x8bd510], sa_mask[0]=11111111011111111101111111111110, sa_flags=SA_RESTART|SA_SIGINFO
SIGILL: [libjvm.so+0x8bd510], sa_mask[0]=11111111011111111101111111111110, sa_flags=SA_RESTART|SA_SIGINFO
SIGUSR1: SIG_DFL, sa_mask[0]=00000000000000000000000000000000, sa_flags=none
SIGUSR2: [libjvm.so+0x8bd3c0], sa_mask[0]=00100000000000000000000000000000, sa_flags=SA_RESTART|SA_SIGINFO
SIGHUP: SIG_IGN, sa_mask[0]=00000000000000000000000000000000, sa_flags=none
SIGINT: [libjvm.so+0x8bd870], sa_mask[0]=11111111011111111101111111111110, sa_flags=SA_RESTART|SA_SIGINFO
SIGTERM: [libjvm.so+0x8bd870], sa_mask[0]=11111111011111111101111111111110, sa_flags=SA_RESTART|SA_SIGINFO
SIGQUIT: [libjvm.so+0x8bd870], sa_mask[0]=11111111011111111101111111111110, sa_flags=SA_RESTART|SA_SIGINFO


---------------  S Y S T E M  ---------------

OS:DISTRIB_ID=Deepin
DISTRIB_RELEASE="15.11"
DISTRIB_DESCRIPTION="Deepin 15.11 "
DISTRIB_CODENAME=stable

uname:Linux 4.15.0-30deepin-generic #31 SMP Fri Nov 30 04:29:02 UTC 2018 x86_64
libc:glibc 2.24 NPTL 2.24 
rlimit: STACK 8192k, CORE 0k, NPROC 30921, NOFILE 1048576, AS infinity
load average:0.95 1.25 1.31

/proc/meminfo:
MemTotal:        8018944 kB
MemFree:         1716944 kB
MemAvailable:    4420700 kB
Buffers:          392916 kB
Cached:          2537060 kB
SwapCached:            0 kB
Active:          4538800 kB
Inactive:        1361916 kB
Active(anon):    2972208 kB
Inactive(anon):   125296 kB
Active(file):    1566592 kB
Inactive(file):  1236620 kB
Unevictable:          96 kB
Mlocked:              96 kB
SwapTotal:       2097148 kB
SwapFree:        2097148 kB
Dirty:               448 kB
Writeback:             0 kB
AnonPages:       2970784 kB
Mapped:           531556 kB
Shmem:            126776 kB
Slab:             276448 kB
SReclaimable:     210608 kB
SUnreclaim:        65840 kB
KernelStack:       13232 kB
PageTables:        50028 kB
NFS_Unstable:          0 kB
Bounce:                0 kB
WritebackTmp:          0 kB
CommitLimit:     6106620 kB
Committed_AS:    9087524 kB
VmallocTotal:   34359738367 kB
VmallocUsed:           0 kB
VmallocChunk:          0 kB
HardwareCorrupted:     0 kB
AnonHugePages:      2048 kB
ShmemHugePages:        0 kB
ShmemPmdMapped:        0 kB
CmaTotal:              0 kB
CmaFree:               0 kB
HugePages_Total:       0
HugePages_Free:        0
HugePages_Rsvd:        0
HugePages_Surp:        0
Hugepagesize:       2048 kB
DirectMap4k:      453564 kB
DirectMap2M:     7784448 kB


CPU:total 2 (initial active 2) (2 cores per cpu, 1 threads per core) family 6 model 76 stepping 4, cmov, cx8, fxsr, mmx, sse, sse2, sse3, ssse3, sse4.1, sse4.2, popcnt, aes, clmul, erms, 3dnowpref, tsc, tscinvbit

/proc/cpuinfo:
processor	: 0
vendor_id	: GenuineIntel
cpu family	: 6
model		: 76
model name	: Intel(R) Celeron(R) CPU  N3010  @ 1.04GHz
stepping	: 4
microcode	: 0x404
cpu MHz		: 2240.000
cache size	: 1024 KB
physical id	: 0
siblings	: 2
core id		: 0
cpu cores	: 2
apicid		: 0
initial apicid	: 0
fpu		: yes
fpu_exception	: yes
cpuid level	: 11
wp		: yes
flags		: fpu vme de pse tsc msr pae mce cx8 apic sep mtrr pge mca cmov pat pse36 clflush dts acpi mmx fxsr sse sse2 ss ht tm pbe syscall nx rdtscp lm constant_tsc arch_perfmon pebs bts rep_good nopl xtopology tsc_reliable nonstop_tsc cpuid aperfmperf tsc_known_freq pni pclmulqdq dtes64 monitor ds_cpl vmx est tm2 ssse3 cx16 xtpr pdcm sse4_1 sse4_2 movbe popcnt tsc_deadline_timer aes rdrand lahf_lm 3dnowprefetch epb pti tpr_shadow vnmi flexpriority ept vpid tsc_adjust smep erms dtherm ida arat
bugs		: cpu_meltdown spectre_v1 spectre_v2
bogomips	: 2080.00
clflush size	: 64
cache_alignment	: 64
address sizes	: 36 bits physical, 48 bits virtual
power management:

processor	: 1
vendor_id	: GenuineIntel
cpu family	: 6
model		: 76
model name	: Intel(R) Celeron(R) CPU  N3010  @ 1.04GHz
stepping	: 4
microcode	: 0x404
cpu MHz		: 2240.000
cache size	: 1024 KB
physical id	: 0
siblings	: 2
core id		: 2
cpu cores	: 2
apicid		: 4
initial apicid	: 4
fpu		: yes
fpu_exception	: yes
cpuid level	: 11
wp		: yes
flags		: fpu vme de pse tsc msr pae mce cx8 apic sep mtrr pge mca cmov pat pse36 clflush dts acpi mmx fxsr sse sse2 ss ht tm pbe syscall nx rdtscp lm constant_tsc arch_perfmon pebs bts rep_good nopl xtopology tsc_reliable nonstop_tsc cpuid aperfmperf tsc_known_freq pni pclmulqdq dtes64 monitor ds_cpl vmx est tm2 ssse3 cx16 xtpr pdcm sse4_1 sse4_2 movbe popcnt tsc_deadline_timer aes rdrand lahf_lm 3dnowprefetch epb pti tpr_shadow vnmi flexpriority ept vpid tsc_adjust smep erms dtherm ida arat
bugs		: cpu_meltdown spectre_v1 spectre_v2
bogomips	: 2080.00
clflush size	: 64
cache_alignment	: 64
address sizes	: 36 bits physical, 48 bits virtual
power management:



Memory: 4k page, physical 8018944k(1716944k free), swap 2097148k(2097148k free)

vm_info: OpenJDK 64-Bit Server VM (25.181-b13) for linux-amd64 JRE (1.8.0_181-8u181-b13-2~deb9u1-b13), built on Oct 22 2018 18:05:23 by "pbuilder" with gcc 6.3.0 20170516

time: Sat Aug 31 14:32:16 2019
elapsed time: 13 seconds (0d 0h 0m 13s)

