#
# A fatal error has been detected by the Java Runtime Environment:
#
#  SIGSEGV (0xb) at pc=0x00007f56f27cb07d, pid=25391, tid=0x00007f569fb79700
#
# JRE version: OpenJDK Runtime Environment (8.0_181-b13) (build 1.8.0_181-8u181-b13-2~deb9u1-b13)
# Java VM: OpenJDK 64-Bit Server VM (25.181-b13 mixed mode linux-amd64 compressed oops)
# Problematic frame:
# V  [libjvm.so+0x68107d]
#
# Failed to write core dump. Core dumps have been disabled. To enable core dumping, try "ulimit -c unlimited" before starting Java again
#
# If you would like to submit a bug report, please visit:
#   http://bugreport.java.com/bugreport/crash.jsp
#

---------------  T H R E A D  ---------------

Current thread (0x00007f56ec2bb800):  JavaThread "JavaFX Application Thread" [_thread_in_vm, id=25413, stack(0x00007f569fa79000,0x00007f569fb7a000)]

siginfo: si_signo: 11 (SIGSEGV), si_code: 128 (SI_KERNEL), si_addr: 0x0000000000000000

Registers:
RAX=0x0000000000000000, RBX=0x00007f56ec2bb800, RCX=0x00007f56ec2800f8, RDX=0x6e6576456e6f6974
RSP=0x00007f569fb78230, RBP=0x00007f569fb783b0, RSI=0x00007f569fb783d0, RDI=0x00007f56ec2bb9e0
R8 =0x00007f569fb78400, R9 =0x00007f56ec2bb800, R10=0x00007f5690000bd0, R11=0x00007f56dd5250c0
R12=0x00007f56ec2bb9e0, R13=0x00007f56ec2bb800, R14=0x00007f569fb78490, R15=0x6e6576456e6f6974
RIP=0x00007f56f27cb07d, EFLAGS=0x0000000000010206, CSGSFS=0x002b000000000033, ERR=0x0000000000000000
  TRAPNO=0x000000000000000d

Top of Stack: (sp=0x00007f569fb78230)
0x00007f569fb78230:   00007f569fb78340 00007f56f27b21d3
0x00007f569fb78240:   00007f56d87fd070 00007f569fb78280
0x00007f569fb78250:   00007f560000000e 00007f56ec2bb9e0
0x00007f569fb78260:   00007f569fb78270 00007f569fb783d0
0x00007f569fb78270:   00007f56d875ecc0 00007f56ec2bb800
0x00007f569fb78280:   00007f56d875ecc0 00007f56ec2bb800
0x00007f569fb78290:   00007f56ec2bae50 00007f56bc011670
0x00007f569fb782a0:   00007f56bc011680 00007f56bc011a58
0x00007f569fb782b0:   00000000000003d8 00007f56ec2bae90
0x00007f569fb782c0:   00007f56d875ecc0 00007f56ec2bb800
0x00007f569fb782d0:   00000000d8754c30 00000000d903a9b8
0x00007f569fb782e0:   0000000000000000 00007f56dd017e1b
0x00007f569fb782f0:   00007f56d875ecc0 00007f56ec2bb800
0x00007f569fb78300:   0000000000000000 00000000d9083da0
0x00007f569fb78310:   00007f560000006f 00007f560000000a
0x00007f569fb78320:   00000000da42f588 00007f5600000000
0x00007f569fb78330:   00007f569fb78420 00007f569fb783e0
0x00007f569fb78340:   00007f569fb784d0 0000000100000180
0x00007f569fb78350:   0000000000000002 00007f569fb78308
0x00007f569fb78360:   00007f569fb78349 0000000800000005
0x00007f569fb78370:   00007f5600000000 f173e67dc848e900
0x00007f569fb78380:   00007f569fb78390 00007f56ec2bb800
0x00007f569fb78390:   00007f56ec2bb9e0 00007f56ec2800f8
0x00007f569fb783a0:   00007f569fb78490 6e6576456e6f6974
0x00007f569fb783b0:   00007f569fb78480 00007f56f27ce6aa
0x00007f569fb783c0:   00007f56905307a0 00007f569fb78400
0x00007f569fb783d0:   000000000000000e 00007f5600000000
0x00007f569fb783e0:   00007f56ec2bb800 0000000000000000
0x00007f569fb783f0:   0000000000000067 f173e67dc848e900
0x00007f569fb78400:   00007f56f2fb4938 00007f56f3cde7e0
0x00007f569fb78410:   00000000ec29b800 00007f5600000063
0x00007f569fb78420:   0000000000000000 0000003000000018 

Instructions: (pc=0x00007f56f27cb07d)
0x00007f56f27cb05d:   ff 48 89 b5 b8 fe ff ff 64 48 8b 04 25 28 00 00
0x00007f56f27cb06d:   00 48 89 45 c8 31 c0 48 85 d2 0f 84 3b 03 00 00
0x00007f56f27cb07d:   4c 8b 32 4d 85 f6 0f 84 2f 03 00 00 49 8b b9 20
0x00007f56f27cb08d:   01 00 00 48 89 cb 4d 89 c4 e8 f5 4c ff ff 4c 89 

Register to memory mapping:

RAX=0x0000000000000000 is an unknown value
RBX=0x00007f56ec2bb800 is a thread
RCX=0x00007f56ec2800f8 is an unknown value
RDX=0x6e6576456e6f6974 is an unknown value
RSP=0x00007f569fb78230 is pointing into the stack for thread: 0x00007f56ec2bb800
RBP=0x00007f569fb783b0 is pointing into the stack for thread: 0x00007f56ec2bb800
RSI=0x00007f569fb783d0 is pointing into the stack for thread: 0x00007f56ec2bb800
RDI=0x00007f56ec2bb9e0 is an unknown value
R8 =0x00007f569fb78400 is pointing into the stack for thread: 0x00007f56ec2bb800
R9 =0x00007f56ec2bb800 is a thread
R10=0x00007f5690000bd0 is an unknown value
R11=0x00007f56dd5250c0 is at entry_point+32 in (nmethod*)0x00007f56dd524f50
R12=0x00007f56ec2bb9e0 is an unknown value
R13=0x00007f56ec2bb800 is a thread
R14=0x00007f569fb78490 is pointing into the stack for thread: 0x00007f56ec2bb800
R15=0x6e6576456e6f6974 is an unknown value


Stack: [0x00007f569fa79000,0x00007f569fb7a000],  sp=0x00007f569fb78230,  free space=1020k
Native frames: (J=compiled Java code, j=interpreted, Vv=VM code, C=native code)
V  [libjvm.so+0x68107d]
V  [libjvm.so+0x6846aa]
C  [libglass.so+0x12d33]  JNIEnv_::CallVoidMethod(_jobject*, _jmethodID*, ...)+0x93
C  [libglass.so+0x1ccf6]  WindowContextBase::process_key(_GdkEventKey*)+0x226
C  [libglass.so+0x1a9c0]  WindowContextBase::im_filter_keypress(_GdkEventKey*)+0x1f0
C  [libglass.so+0x23094]
C  [libgdk-x11-2.0.so.0+0x5acbc]

Java frames: (J=compiled Java code, j=interpreted, Vv=VM code)
j  com.sun.glass.ui.gtk.GtkApplication._runLoop(Ljava/lang/Runnable;Z)V+0
j  com.sun.glass.ui.gtk.GtkApplication.lambda$null$5(Ljava/lang/Runnable;Z)V+7
j  com.sun.glass.ui.gtk.GtkApplication$$Lambda$41.run()V+12
j  java.lang.Thread.run()V+11
v  ~StubRoutines::call_stub

---------------  P R O C E S S  ---------------

Java Threads: ( => current thread )
  0x00007f5690459800 JavaThread "Prism Font Disposer" daemon [_thread_blocked, id=25417, stack(0x00007f569d470000,0x00007f569d571000)]
  0x00007f569009f000 JavaThread "mysql-cj-abandoned-connection-cleanup" daemon [_thread_blocked, id=25416, stack(0x00007f569ee8f000,0x00007f569ef90000)]
  0x00007f56ec2c3000 JavaThread "JavaFX-Launcher" [_thread_blocked, id=25415, stack(0x00007f569f036000,0x00007f569f137000)]
=>0x00007f56ec2bb800 JavaThread "JavaFX Application Thread" [_thread_in_vm, id=25413, stack(0x00007f569fa79000,0x00007f569fb7a000)]
  0x00007f56ec2b7000 JavaThread "Thread-1" daemon [_thread_blocked, id=25412, stack(0x00007f569fb7a000,0x00007f569fc7b000)]
  0x00007f56ec269000 JavaThread "QuantumRenderer-0" daemon [_thread_blocked, id=25407, stack(0x00007f56d2b87000,0x00007f56d2c88000)]
  0x00007f56ec0cc000 JavaThread "Service Thread" daemon [_thread_blocked, id=25405, stack(0x00007f56d2e55000,0x00007f56d2f56000)]
  0x00007f56ec0b7000 JavaThread "C1 CompilerThread1" daemon [_thread_blocked, id=25404, stack(0x00007f56d2f56000,0x00007f56d3057000)]
  0x00007f56ec0b4000 JavaThread "C2 CompilerThread0" daemon [_thread_in_native, id=25403, stack(0x00007f56d3057000,0x00007f56d3158000)]
  0x00007f56ec0b2800 JavaThread "Signal Dispatcher" daemon [_thread_blocked, id=25402, stack(0x00007f56d3158000,0x00007f56d3259000)]
  0x00007f56ec080000 JavaThread "Finalizer" daemon [_thread_blocked, id=25401, stack(0x00007f56d33f4000,0x00007f56d34f5000)]
  0x00007f56ec07d800 JavaThread "Reference Handler" daemon [_thread_blocked, id=25400, stack(0x00007f56d34f5000,0x00007f56d35f6000)]
  0x00007f56ec00a800 JavaThread "main" [_thread_blocked, id=25396, stack(0x00007f56f3d82000,0x00007f56f3e83000)]

Other Threads:
  0x00007f56ec074000 VMThread [stack: 0x00007f56d35f6000,0x00007f56d36f7000] [id=25399]
  0x00007f56ec0ce000 WatcherThread [stack: 0x00007f56d2d54000,0x00007f56d2e55000] [id=25406]

VM state:not at safepoint (normal execution)

VM Mutex/Monitor currently owned by a thread: None

Heap:
 PSYoungGen      total 68608K, used 57699K [0x00000000d7380000, 0x00000000dbb80000, 0x0000000100000000)
  eden space 63488K, 82% used [0x00000000d7380000,0x00000000da6dd9d8,0x00000000db180000)
  from space 5120K, 99% used [0x00000000db680000,0x00000000dbb7b5d0,0x00000000dbb80000)
  to   space 5120K, 0% used [0x00000000db180000,0x00000000db180000,0x00000000db680000)
 ParOldGen       total 84992K, used 2818K [0x0000000085a00000, 0x000000008ad00000, 0x00000000d7380000)
  object space 84992K, 3% used [0x0000000085a00000,0x0000000085cc0b60,0x000000008ad00000)
 Metaspace       used 19589K, capacity 20332K, committed 20608K, reserved 1067008K
  class space    used 2637K, capacity 2833K, committed 2944K, reserved 1048576K

Card table byte_map: [0x00007f56f0088000,0x00007f56f045c000] byte_map_base: 0x00007f56efc5b000

Marking Bits: (ParMarkBitMap*) 0x00007f56f30783a0
 Begin Bits: [0x00007f56d8e41000, 0x00007f56dacd9000)
 End Bits:   [0x00007f56dacd9000, 0x00007f56dcb71000)

Polling page: 0x00007f56f3e9d000

CodeCache: size=245760Kb used=5794Kb max_used=5794Kb free=239965Kb
 bounds [0x00007f56dd000000, 0x00007f56dd5b0000, 0x00007f56ec000000]
 total_blobs=2651 nmethods=1958 adapters=608
 compilation: enabled

Compilation events (10 events):
Event: 11.245 Thread 0x00007f56ec0b7000 1956       3       sun.text.normalizer.CharTrie::getCodePointValue (58 bytes)
Event: 11.245 Thread 0x00007f56ec0b7000 nmethod 1956 0x00007f56dd5a9590 code [0x00007f56dd5a9720, 0x00007f56dd5a9a88]
Event: 11.245 Thread 0x00007f56ec0b7000 1958       1       javafx.scene.text.Font::impl_getNativeFont (5 bytes)
Event: 11.245 Thread 0x00007f56ec0b7000 nmethod 1958 0x00007f56dd5a9c50 code [0x00007f56dd5a9da0, 0x00007f56dd5a9eb0]
Event: 11.245 Thread 0x00007f56ec0b7000 1959       1       com.sun.javafx.font.PrismFontFile::getDefaultAAMode (2 bytes)
Event: 11.246 Thread 0x00007f56ec0b7000 nmethod 1959 0x00007f56dd5a9f10 code [0x00007f56dd5aa060, 0x00007f56dd5aa170]
Event: 11.246 Thread 0x00007f56ec0b7000 1961       3       javafx.scene.control.SkinBase::snapSize (19 bytes)
Event: 11.248 Thread 0x00007f56ec0b7000 nmethod 1961 0x00007f56dd5aa1d0 code [0x00007f56dd5aa380, 0x00007f56dd5aa6c8]
Event: 11.249 Thread 0x00007f56ec0b7000 1962       3       javafx.scene.text.Text::boundsTypeProperty (27 bytes)
Event: 11.251 Thread 0x00007f56ec0b7000 nmethod 1962 0x00007f56dd5aa810 code [0x00007f56dd5aa9a0, 0x00007f56dd5aad08]

GC Heap History (4 events):
Event: 2.218 GC heap before
{Heap before GC invocations=1 (full 0):
 PSYoungGen      total 36864K, used 31744K [0x00000000d7380000, 0x00000000d9c80000, 0x0000000100000000)
  eden space 31744K, 100% used [0x00000000d7380000,0x00000000d9280000,0x00000000d9280000)
  from space 5120K, 0% used [0x00000000d9780000,0x00000000d9780000,0x00000000d9c80000)
  to   space 5120K, 0% used [0x00000000d9280000,0x00000000d9280000,0x00000000d9780000)
 ParOldGen       total 84992K, used 0K [0x0000000085a00000, 0x000000008ad00000, 0x00000000d7380000)
  object space 84992K, 0% used [0x0000000085a00000,0x0000000085a00000,0x000000008ad00000)
 Metaspace       used 11565K, capacity 11998K, committed 12288K, reserved 1060864K
  class space    used 1353K, capacity 1517K, committed 1536K, reserved 1048576K
Event: 2.243 GC heap after
Heap after GC invocations=1 (full 0):
 PSYoungGen      total 36864K, used 5097K [0x00000000d7380000, 0x00000000dbb80000, 0x0000000100000000)
  eden space 31744K, 0% used [0x00000000d7380000,0x00000000d7380000,0x00000000d9280000)
  from space 5120K, 99% used [0x00000000d9280000,0x00000000d977a670,0x00000000d9780000)
  to   space 5120K, 0% used [0x00000000db680000,0x00000000db680000,0x00000000dbb80000)
 ParOldGen       total 84992K, used 1917K [0x0000000085a00000, 0x000000008ad00000, 0x00000000d7380000)
  object space 84992K, 2% used [0x0000000085a00000,0x0000000085bdf518,0x000000008ad00000)
 Metaspace       used 11565K, capacity 11998K, committed 12288K, reserved 1060864K
  class space    used 1353K, capacity 1517K, committed 1536K, reserved 1048576K
}
Event: 2.571 GC heap before
{Heap before GC invocations=2 (full 0):
 PSYoungGen      total 36864K, used 36841K [0x00000000d7380000, 0x00000000dbb80000, 0x0000000100000000)
  eden space 31744K, 100% used [0x00000000d7380000,0x00000000d9280000,0x00000000d9280000)
  from space 5120K, 99% used [0x00000000d9280000,0x00000000d977a670,0x00000000d9780000)
  to   space 5120K, 0% used [0x00000000db680000,0x00000000db680000,0x00000000dbb80000)
 ParOldGen       total 84992K, used 1917K [0x0000000085a00000, 0x000000008ad00000, 0x00000000d7380000)
  object space 84992K, 2% used [0x0000000085a00000,0x0000000085bdf518,0x000000008ad00000)
 Metaspace       used 12840K, capacity 13194K, committed 13568K, reserved 1060864K
  class space    used 1542K, capacity 1680K, committed 1792K, reserved 1048576K
Event: 2.585 GC heap after
Heap after GC invocations=2 (full 0):
 PSYoungGen      total 68608K, used 5101K [0x00000000d7380000, 0x00000000dbb80000, 0x0000000100000000)
  eden space 63488K, 0% used [0x00000000d7380000,0x00000000d7380000,0x00000000db180000)
  from space 5120K, 99% used [0x00000000db680000,0x00000000dbb7b5d0,0x00000000dbb80000)
  to   space 5120K, 0% used [0x00000000db180000,0x00000000db180000,0x00000000db680000)
 ParOldGen       total 84992K, used 2818K [0x0000000085a00000, 0x000000008ad00000, 0x00000000d7380000)
  object space 84992K, 3% used [0x0000000085a00000,0x0000000085cc0b60,0x000000008ad00000)
 Metaspace       used 12840K, capacity 13194K, committed 13568K, reserved 1060864K
  class space    used 1542K, capacity 1680K, committed 1792K, reserved 1048576K
}

Deoptimization events (10 events):
Event: 3.336 Thread 0x00007f56ec2bb800 Uncommon trap: reason=class_check action=maybe_recompile pc=0x00007f56dd3478b4 method=java.io.DataInputStream.readShort()S @ 4
Event: 3.370 Thread 0x00007f56ec2bb800 Uncommon trap: reason=class_check action=maybe_recompile pc=0x00007f56dd1138a0 method=java.lang.String.equals(Ljava/lang/Object;)Z @ 8
Event: 3.370 Thread 0x00007f56ec2bb800 Uncommon trap: reason=class_check action=maybe_recompile pc=0x00007f56dd1138a0 method=java.lang.String.equals(Ljava/lang/Object;)Z @ 8
Event: 3.370 Thread 0x00007f56ec2bb800 Uncommon trap: reason=class_check action=maybe_recompile pc=0x00007f56dd1138a0 method=java.lang.String.equals(Ljava/lang/Object;)Z @ 8
Event: 3.379 Thread 0x00007f56ec2bb800 Uncommon trap: reason=class_check action=maybe_recompile pc=0x00007f56dd1138a0 method=java.lang.String.equals(Ljava/lang/Object;)Z @ 8
Event: 4.095 Thread 0x00007f56ec2bb800 Uncommon trap: reason=unstable_if action=reinterpret pc=0x00007f56dd374464 method=jdk.internal.org.objectweb.asm.Type.getArgumentsAndReturnSizes(Ljava/lang/String;)I @ 47
Event: 4.757 Thread 0x00007f56ec269000 Uncommon trap: reason=unstable_if action=reinterpret pc=0x00007f56dd440ce0 method=java.lang.StrictMath.floorOrCeil(DDDD)D @ 115
Event: 9.524 Thread 0x00007f56ec2bb800 Uncommon trap: reason=unstable_if action=reinterpret pc=0x00007f56dd259e20 method=java.lang.CharacterData.of(I)Ljava/lang/CharacterData; @ 4
Event: 11.086 Thread 0x00007f56ec2bb800 Uncommon trap: reason=unstable_if action=reinterpret pc=0x00007f56dd2efb9c method=sun.nio.cs.UTF_8$Decoder.decode([BII[C)I @ 30
Event: 11.144 Thread 0x00007f56ec2bb800 Uncommon trap: reason=unstable_if action=reinterpret pc=0x00007f56dd4c7c7c method=java.lang.StrictMath.floorOrCeil(DDDD)D @ 38

Classes redefined (0 events):
No events

Internal exceptions (10 events):
Event: 0.434 Thread 0x00007f56ec00a800 Exception <a 'java/security/PrivilegedActionException'> (0x00000000d7634ef0) thrown at [/build/openjdk-8-8u181-b13/src/hotspot/src/share/vm/prims/jvm.cpp, line 1435]
Event: 0.434 Thread 0x00007f56ec00a800 Exception <a 'java/security/PrivilegedActionException'> (0x00000000d76359c8) thrown at [/build/openjdk-8-8u181-b13/src/hotspot/src/share/vm/prims/jvm.cpp, line 1435]
Event: 0.434 Thread 0x00007f56ec00a800 Exception <a 'java/security/PrivilegedActionException'> (0x00000000d7635bd8) thrown at [/build/openjdk-8-8u181-b13/src/hotspot/src/share/vm/prims/jvm.cpp, line 1435]
Event: 0.435 Thread 0x00007f56ec00a800 Exception <a 'java/lang/NullPointerException'> (0x00000000d7637180) thrown at [/build/openjdk-8-8u181-b13/src/hotspot/src/share/vm/interpreter/linkResolver.cpp, line 1185]
Event: 2.007 Thread 0x00007f56ec2bb800 Exception <a 'java/lang/NullPointerException'> (0x00000000d8b462a0) thrown at [/build/openjdk-8-8u181-b13/src/hotspot/src/share/vm/interpreter/linkResolver.cpp, line 1185]
Event: 2.007 Thread 0x00007f56ec2bb800 Exception <a 'java/lang/NullPointerException'> (0x00000000d8b462a0) thrown at [/build/openjdk-8-8u181-b13/src/hotspot/src/share/vm/prims/jvm.cpp, line 1439]
Event: 2.561 Thread 0x00007f56ec2bb800 Exception <a 'java/lang/ArrayIndexOutOfBoundsException'> (0x00000000d9235278) thrown at [/build/openjdk-8-8u181-b13/src/hotspot/src/share/vm/runtime/sharedRuntime.cpp, line 605]
Event: 2.562 Thread 0x00007f56ec2bb800 Exception <a 'java/lang/ArrayIndexOutOfBoundsException'> (0x00000000d9235f78) thrown at [/build/openjdk-8-8u181-b13/src/hotspot/src/share/vm/runtime/sharedRuntime.cpp, line 605]
Event: 2.562 Thread 0x00007f56ec2bb800 Exception <a 'java/lang/ArrayIndexOutOfBoundsException'> (0x00000000d9237320) thrown at [/build/openjdk-8-8u181-b13/src/hotspot/src/share/vm/runtime/sharedRuntime.cpp, line 605]
Event: 3.107 Thread 0x00007f56ec2bb800 Implicit null exception at 0x00007f56dd35c135 to 0x00007f56dd35c351

Events (10 events):
Event: 11.133 loading class javafx/scene/effect/Reflection$4 done
Event: 11.133 loading class com/sun/javafx/effect/EffectDirtyBits
Event: 11.133 loading class com/sun/javafx/effect/EffectDirtyBits done
Event: 11.135 loading class javafx/scene/Node$MiscProperties$9$1
Event: 11.135 loading class javafx/scene/Node$MiscProperties$9$1 done
Event: 11.144 Thread 0x00007f56ec2bb800 Uncommon trap: trap_request=0xffffff65 fr.pc=0x00007f56dd4c7c7c
Event: 11.144 Thread 0x00007f56ec2bb800 DEOPT PACKING pc=0x00007f56dd4c7c7c sp=0x00007f569fb767d0
Event: 11.146 Thread 0x00007f56ec2bb800 DEOPT UNPACKING pc=0x00007f56dd04547a sp=0x00007f569fb76718 mode 2
Event: 11.251 loading class com/sun/javafx/scene/KeyboardShortcutsHandler$1
Event: 11.251 loading class com/sun/javafx/scene/KeyboardShortcutsHandler$1 done


Dynamic libraries:
85a00000-8ad00000 rw-p 00000000 00:00 0 
8ad00000-d7380000 ---p 00000000 00:00 0 
d7380000-dbb80000 rw-p 00000000 00:00 0 
dbb80000-100000000 ---p 00000000 00:00 0 
100000000-1002e0000 rw-p 00000000 00:00 0 
1002e0000-140000000 ---p 00000000 00:00 0 
55c780eec000-55c780eed000 r-xp 00000000 08:08 1715118                    /usr/lib/jvm/java-8-openjdk-amd64/jre/bin/java
55c7810ec000-55c7810ed000 r--p 00000000 08:08 1715118                    /usr/lib/jvm/java-8-openjdk-amd64/jre/bin/java
55c7810ed000-55c7810ee000 rw-p 00001000 08:08 1715118                    /usr/lib/jvm/java-8-openjdk-amd64/jre/bin/java
55c781a5a000-55c781a7b000 rw-p 00000000 00:00 0                          [heap]
7f568cfff000-7f5690000000 rw-p 00000000 00:00 0 
7f5690000000-7f5690600000 rw-p 00000000 00:00 0 
7f5690600000-7f5694000000 ---p 00000000 00:00 0 
7f5694000000-7f5694021000 rw-p 00000000 00:00 0 
7f5694021000-7f5698000000 ---p 00000000 00:00 0 
7f5698000000-7f5698021000 rw-p 00000000 00:00 0 
7f5698021000-7f569c000000 ---p 00000000 00:00 0 
7f569c99f000-7f569c9a0000 rw-s 104634000 00:06 344                       /dev/dri/card0
7f569c9a0000-7f569c9a1000 rw-s 10667d000 00:06 344                       /dev/dri/card0
7f569c9a1000-7f569c9a2000 rw-s 104e36000 00:06 344                       /dev/dri/card0
7f569c9a2000-7f569c9a3000 rw-s 1031ea000 00:06 344                       /dev/dri/card0
7f569caa3000-7f569cbe3000 rw-p 00000000 00:00 0 
7f569cbe3000-7f569cca3000 ---p 00000000 00:00 0 
7f569cca3000-7f569ccb3000 rw-s 00000000 00:18 174                        /i915 (deleted)
7f569ccb3000-7f569ccb7000 rw-s 00000000 00:18 171                        /i915 (deleted)
7f569ccb7000-7f569cd17000 rw-s 1045c7000 00:06 344                       /dev/dri/card0
7f569cd17000-7f569ced7000 rw-s 101a57000 00:06 344                       /dev/dri/card0
7f569ced7000-7f569cf37000 rw-s 102117000 00:06 344                       /dev/dri/card0
7f569cf37000-7f569cf45000 rw-s 104e5d000 00:06 344                       /dev/dri/card0
7f569cf45000-7f569cf49000 rw-s 00000000 00:18 160                        /i915 (deleted)
7f569cf49000-7f569d109000 rw-s 1031f6000 00:06 344                       /dev/dri/card0
7f569d109000-7f569d119000 rw-s 00000000 00:18 161                        /i915 (deleted)
7f569d119000-7f569d129000 rw-s 00000000 00:18 145                        /i915 (deleted)
7f569d129000-7f569d429000 rw-s 106323000 00:06 344                       /dev/dri/card0
7f569d429000-7f569d470000 r--p 00000000 08:08 2491713                    /usr/share/fonts/truetype/noto/NotoSans-BoldItalic.ttf
7f569d470000-7f569d473000 ---p 00000000 00:00 0 
7f569d473000-7f569d571000 rw-p 00000000 00:00 0 
7f569d571000-7f569d5bc000 r--p 00000000 08:08 2491715                    /usr/share/fonts/truetype/noto/NotoSans-Regular.ttf
7f569d5bc000-7f569d7bc000 rw-p 00000000 00:00 0 
7f569d7bc000-7f569d7ec000 r-xp 00000000 08:08 1973152                    /usr/lib/x86_64-linux-gnu/gtk-2.0/2.10.0/engines/libmurrine.so
7f569d7ec000-7f569d9ec000 ---p 00030000 08:08 1973152                    /usr/lib/x86_64-linux-gnu/gtk-2.0/2.10.0/engines/libmurrine.so
7f569d9ec000-7f569d9ed000 r--p 00030000 08:08 1973152                    /usr/lib/x86_64-linux-gnu/gtk-2.0/2.10.0/engines/libmurrine.so
7f569d9ed000-7f569d9ee000 rw-p 00031000 08:08 1973152                    /usr/lib/x86_64-linux-gnu/gtk-2.0/2.10.0/engines/libmurrine.so
7f569d9ee000-7f569d9f0000 r-xp 00000000 08:08 1973145                    /usr/lib/x86_64-linux-gnu/gtk-2.0/2.10.0/engines/libadwaita.so
7f569d9f0000-7f569dbf0000 ---p 00002000 08:08 1973145                    /usr/lib/x86_64-linux-gnu/gtk-2.0/2.10.0/engines/libadwaita.so
7f569dbf0000-7f569dbf1000 r--p 00002000 08:08 1973145                    /usr/lib/x86_64-linux-gnu/gtk-2.0/2.10.0/engines/libadwaita.so
7f569dbf1000-7f569dbf2000 rw-p 00003000 08:08 1973145                    /usr/lib/x86_64-linux-gnu/gtk-2.0/2.10.0/engines/libadwaita.so
7f569dbf2000-7f569dbfc000 r-xp 00000000 08:08 1973153                    /usr/lib/x86_64-linux-gnu/gtk-2.0/2.10.0/engines/libpixmap.so
7f569dbfc000-7f569ddfb000 ---p 0000a000 08:08 1973153                    /usr/lib/x86_64-linux-gnu/gtk-2.0/2.10.0/engines/libpixmap.so
7f569ddfb000-7f569ddfc000 r--p 00009000 08:08 1973153                    /usr/lib/x86_64-linux-gnu/gtk-2.0/2.10.0/engines/libpixmap.so
7f569ddfc000-7f569ddfd000 rw-p 0000a000 08:08 1973153                    /usr/lib/x86_64-linux-gnu/gtk-2.0/2.10.0/engines/libpixmap.so
7f569ddfd000-7f569de02000 r-xp 00000000 08:08 1717399                    /usr/lib/jvm/java-8-openjdk-amd64/jre/lib/amd64/libjavafx_font_freetype.so
7f569de02000-7f569e001000 ---p 00005000 08:08 1717399                    /usr/lib/jvm/java-8-openjdk-amd64/jre/lib/amd64/libjavafx_font_freetype.so
7f569e001000-7f569e002000 r--p 00004000 08:08 1717399                    /usr/lib/jvm/java-8-openjdk-amd64/jre/lib/amd64/libjavafx_font_freetype.so
7f569e002000-7f569e003000 rw-p 00005000 08:08 1717399                    /usr/lib/jvm/java-8-openjdk-amd64/jre/lib/amd64/libjavafx_font_freetype.so
7f569e003000-7f569e203000 rw-p 00000000 00:00 0 
7f569e203000-7f569e206000 r-xp 00000000 08:08 1717398                    /usr/lib/jvm/java-8-openjdk-amd64/jre/lib/amd64/libjavafx_font.so
7f569e206000-7f569e405000 ---p 00003000 08:08 1717398                    /usr/lib/jvm/java-8-openjdk-amd64/jre/lib/amd64/libjavafx_font.so
7f569e405000-7f569e406000 r--p 00002000 08:08 1717398                    /usr/lib/jvm/java-8-openjdk-amd64/jre/lib/amd64/libjavafx_font.so
7f569e406000-7f569e407000 rw-p 00003000 08:08 1717398                    /usr/lib/jvm/java-8-openjdk-amd64/jre/lib/amd64/libjavafx_font.so
7f569e407000-7f569e470000 r-xp 00000000 08:08 1974422                    /usr/lib/x86_64-linux-gnu/libjpeg.so.62.2.0
7f569e470000-7f569e670000 ---p 00069000 08:08 1974422                    /usr/lib/x86_64-linux-gnu/libjpeg.so.62.2.0
7f569e670000-7f569e671000 r--p 00069000 08:08 1974422                    /usr/lib/x86_64-linux-gnu/libjpeg.so.62.2.0
7f569e671000-7f569e672000 rw-p 0006a000 08:08 1974422                    /usr/lib/x86_64-linux-gnu/libjpeg.so.62.2.0
7f569e672000-7f569e676000 r-xp 00000000 08:08 1717401                    /usr/lib/jvm/java-8-openjdk-amd64/jre/lib/amd64/libjavafx_iio.so
7f569e676000-7f569e875000 ---p 00004000 08:08 1717401                    /usr/lib/jvm/java-8-openjdk-amd64/jre/lib/amd64/libjavafx_iio.so
7f569e875000-7f569e876000 r--p 00003000 08:08 1717401                    /usr/lib/jvm/java-8-openjdk-amd64/jre/lib/amd64/libjavafx_iio.so
7f569e876000-7f569e877000 rw-p 00004000 08:08 1717401                    /usr/lib/jvm/java-8-openjdk-amd64/jre/lib/amd64/libjavafx_iio.so
7f569e877000-7f569ea77000 rw-p 00000000 00:00 0 
7f569ea77000-7f569ec77000 rw-p 00000000 00:00 0 
7f569ec77000-7f569ec8e000 r-xp 00000000 08:08 1715156                    /usr/lib/jvm/java-8-openjdk-amd64/jre/lib/amd64/libnet.so
7f569ec8e000-7f569ee8d000 ---p 00017000 08:08 1715156                    /usr/lib/jvm/java-8-openjdk-amd64/jre/lib/amd64/libnet.so
7f569ee8d000-7f569ee8e000 r--p 00016000 08:08 1715156                    /usr/lib/jvm/java-8-openjdk-amd64/jre/lib/amd64/libnet.so
7f569ee8e000-7f569ee8f000 rw-p 00017000 08:08 1715156                    /usr/lib/jvm/java-8-openjdk-amd64/jre/lib/amd64/libnet.so
7f569ee8f000-7f569ee92000 ---p 00000000 00:00 0 
7f569ee92000-7f569ef90000 rw-p 00000000 00:00 0 
7f569ef90000-7f569f036000 r--s 010bb000 08:09 14421221                   /home/atomx/eclipse-workspace/Library/lib/jfxrt.jar
7f569f036000-7f569f039000 ---p 00000000 00:00 0 
7f569f039000-7f569f137000 rw-p 00000000 00:00 0 
7f569f137000-7f569f138000 ---p 00000000 00:00 0 
7f569f138000-7f569f938000 rw-p 00000000 00:00 0 
7f569f938000-7f569fa79000 rw-s 00000000 08:09 12845132                   /home/atomx/.cache/mesa_shader_cache/index
7f569fa79000-7f569fa7c000 ---p 00000000 00:00 0 
7f569fa7c000-7f569fb7a000 rw-p 00000000 00:00 0 
7f569fb7a000-7f569fb7d000 ---p 00000000 00:00 0 
7f569fb7d000-7f569fc7b000 rw-p 00000000 00:00 0 
7f569fc7b000-7f569fca4000 r-xp 00000000 08:08 1717396                    /usr/lib/jvm/java-8-openjdk-amd64/jre/lib/amd64/libglass.so
7f569fca4000-7f569fea4000 ---p 00029000 08:08 1717396                    /usr/lib/jvm/java-8-openjdk-amd64/jre/lib/amd64/libglass.so
7f569fea4000-7f569fea5000 r--p 00029000 08:08 1717396                    /usr/lib/jvm/java-8-openjdk-amd64/jre/lib/amd64/libglass.so
7f569fea5000-7f569fea6000 rw-p 0002a000 08:08 1717396                    /usr/lib/jvm/java-8-openjdk-amd64/jre/lib/amd64/libglass.so
7f569fea6000-7f569fea7000 rw-p 00000000 00:00 0 
7f569fea7000-7f569fea8000 ---p 00000000 00:00 0 
7f569fea8000-7f56a06a8000 rw-p 00000000 00:00 0 
7f56a06a8000-7f56a07e9000 rw-s 00000000 08:09 12845132                   /home/atomx/.cache/mesa_shader_cache/index
7f56a07e9000-7f56a07f1000 r-xp 00000000 08:08 1974752                    /usr/lib/x86_64-linux-gnu/libpciaccess.so.0.11.1
7f56a07f1000-7f56a09f1000 ---p 00008000 08:08 1974752                    /usr/lib/x86_64-linux-gnu/libpciaccess.so.0.11.1
7f56a09f1000-7f56a09f2000 r--p 00008000 08:08 1974752                    /usr/lib/x86_64-linux-gnu/libpciaccess.so.0.11.1
7f56a09f2000-7f56a09f3000 rw-p 00009000 08:08 1974752                    /usr/lib/x86_64-linux-gnu/libpciaccess.so.0.11.1
7f56a09f3000-7f56a09fe000 r-xp 00000000 08:08 1973844                    /usr/lib/x86_64-linux-gnu/libdrm_radeon.so.1.0.1
7f56a09fe000-7f56a0bfd000 ---p 0000b000 08:08 1973844                    /usr/lib/x86_64-linux-gnu/libdrm_radeon.so.1.0.1
7f56a0bfd000-7f56a0bfe000 r--p 0000a000 08:08 1973844                    /usr/lib/x86_64-linux-gnu/libdrm_radeon.so.1.0.1
7f56a0bfe000-7f56a0bff000 rw-p 0000b000 08:08 1973844                    /usr/lib/x86_64-linux-gnu/libdrm_radeon.so.1.0.1
7f56a0bff000-7f56a0c06000 r-xp 00000000 08:08 1973842                    /usr/lib/x86_64-linux-gnu/libdrm_nouveau.so.2.0.0
7f56a0c06000-7f56a0e05000 ---p 00007000 08:08 1973842                    /usr/lib/x86_64-linux-gnu/libdrm_nouveau.so.2.0.0
7f56a0e05000-7f56a0e06000 r--p 00006000 08:08 1973842                    /usr/lib/x86_64-linux-gnu/libdrm_nouveau.so.2.0.0
7f56a0e06000-7f56a0e07000 rw-p 00007000 08:08 1973842                    /usr/lib/x86_64-linux-gnu/libdrm_nouveau.so.2.0.0
7f56a0e07000-7f56a0e2a000 r-xp 00000000 08:08 1973840                    /usr/lib/x86_64-linux-gnu/libdrm_intel.so.1.0.0
7f56a0e2a000-7f56a1029000 ---p 00023000 08:08 1973840                    /usr/lib/x86_64-linux-gnu/libdrm_intel.so.1.0.0
7f56a1029000-7f56a102a000 r--p 00022000 08:08 1973840                    /usr/lib/x86_64-linux-gnu/libdrm_intel.so.1.0.0
7f56a102a000-7f56a102b000 rw-p 00023000 08:08 1973840                    /usr/lib/x86_64-linux-gnu/libdrm_intel.so.1.0.0
7f56a102b000-7f56a195a000 r-xp 00000000 08:08 1972506                    /usr/lib/x86_64-linux-gnu/dri/i965_dri.so
7f56a195a000-7f56a1b59000 ---p 0092f000 08:08 1972506                    /usr/lib/x86_64-linux-gnu/dri/i965_dri.so
7f56a1b59000-7f56a1bb3000 r--p 0092e000 08:08 1972506                    /usr/lib/x86_64-linux-gnu/dri/i965_dri.so
7f56a1bb3000-7f56a1bbe000 rw-p 00988000 08:08 1972506                    /usr/lib/x86_64-linux-gnu/dri/i965_dri.so
7f56a1bbe000-7f56a1c71000 rw-p 00000000 00:00 0 
7f56a1c71000-7f56a1c81000 r-xp 00000000 08:08 1973836                    /usr/lib/x86_64-linux-gnu/libdrm.so.2.4.0
7f56a1c81000-7f56a1e80000 ---p 00010000 08:08 1973836                    /usr/lib/x86_64-linux-gnu/libdrm.so.2.4.0
7f56a1e80000-7f56a1e81000 r--p 0000f000 08:08 1973836                    /usr/lib/x86_64-linux-gnu/libdrm.so.2.4.0
7f56a1e81000-7f56a1e82000 rw-p 00010000 08:08 1973836                    /usr/lib/x86_64-linux-gnu/libdrm.so.2.4.0
7f56a1e82000-7f56a1e86000 r-xp 00000000 08:08 1975194                    /usr/lib/x86_64-linux-gnu/libxcb-dri2.so.0.0.0
7f56a1e86000-7f56a2085000 ---p 00004000 08:08 1975194                    /usr/lib/x86_64-linux-gnu/libxcb-dri2.so.0.0.0
7f56a2085000-7f56a2086000 r--p 00003000 08:08 1975194                    /usr/lib/x86_64-linux-gnu/libxcb-dri2.so.0.0.0
7f56a2086000-7f56a2087000 rw-p 00004000 08:08 1975194                    /usr/lib/x86_64-linux-gnu/libxcb-dri2.so.0.0.0
7f56a2087000-7f56a209f000 r-xp 00000000 08:08 1975200                    /usr/lib/x86_64-linux-gnu/libxcb-glx.so.0.0.0
7f56a209f000-7f56a229f000 ---p 00018000 08:08 1975200                    /usr/lib/x86_64-linux-gnu/libxcb-glx.so.0.0.0
7f56a229f000-7f56a22a1000 r--p 00018000 08:08 1975200                    /usr/lib/x86_64-linux-gnu/libxcb-glx.so.0.0.0
7f56a22a1000-7f56a22a2000 rw-p 0001a000 08:08 1975200                    /usr/lib/x86_64-linux-gnu/libxcb-glx.so.0.0.0
7f56a22a2000-7f56a22a3000 r-xp 00000000 08:08 1973515                    /usr/lib/x86_64-linux-gnu/libX11-xcb.so.1.0.0
7f56a22a3000-7f56a24a2000 ---p 00001000 08:08 1973515                    /usr/lib/x86_64-linux-gnu/libX11-xcb.so.1.0.0
7f56a24a2000-7f56a24a3000 r--p 00000000 08:08 1973515                    /usr/lib/x86_64-linux-gnu/libX11-xcb.so.1.0.0
7f56a24a3000-7f56a24a4000 rw-p 00001000 08:08 1973515                    /usr/lib/x86_64-linux-gnu/libX11-xcb.so.1.0.0
7f56a24a4000-7f56a24d0000 r-xp 00000000 08:08 1974054                    /usr/lib/x86_64-linux-gnu/libglapi.so.0.0.0
7f56a24d0000-7f56a26cf000 ---p 0002c000 08:08 1974054                    /usr/lib/x86_64-linux-gnu/libglapi.so.0.0.0
7f56a26cf000-7f56a26d3000 r--p 0002b000 08:08 1974054                    /usr/lib/x86_64-linux-gnu/libglapi.so.0.0.0
7f56a26d3000-7f56a26d4000 rw-p 0002f000 08:08 1974054                    /usr/lib/x86_64-linux-gnu/libglapi.so.0.0.0
7f56a26d4000-7f56a26d5000 rw-p 00000000 00:00 0 
7f56a26d5000-7f56a26d6000 r-xp 00000000 08:08 1975250                    /usr/lib/x86_64-linux-gnu/libxshmfence.so.1.0.0
7f56a26d6000-7f56a28d5000 ---p 00001000 08:08 1975250                    /usr/lib/x86_64-linux-gnu/libxshmfence.so.1.0.0
7f56a28d5000-7f56a28d6000 r--p 00000000 08:08 1975250                    /usr/lib/x86_64-linux-gnu/libxshmfence.so.1.0.0
7f56a28d6000-7f56a28d7000 rw-p 00001000 08:08 1975250                    /usr/lib/x86_64-linux-gnu/libxshmfence.so.1.0.0
7f56a28d7000-7f56a28dd000 r-xp 00000000 08:08 1975220                    /usr/lib/x86_64-linux-gnu/libxcb-sync.so.1.0.0
7f56a28dd000-7f56a2adc000 ---p 00006000 08:08 1975220                    /usr/lib/x86_64-linux-gnu/libxcb-sync.so.1.0.0
7f56a2adc000-7f56a2add000 r--p 00005000 08:08 1975220                    /usr/lib/x86_64-linux-gnu/libxcb-sync.so.1.0.0
7f56a2add000-7f56a2ade000 rw-p 00006000 08:08 1975220                    /usr/lib/x86_64-linux-gnu/libxcb-sync.so.1.0.0
7f56a2ade000-7f56a2ae0000 r-xp 00000000 08:08 1975208                    /usr/lib/x86_64-linux-gnu/libxcb-present.so.0.0.0
7f56a2ae0000-7f56a2cdf000 ---p 00002000 08:08 1975208                    /usr/lib/x86_64-linux-gnu/libxcb-present.so.0.0.0
7f56a2cdf000-7f56a2ce0000 r--p 00001000 08:08 1975208                    /usr/lib/x86_64-linux-gnu/libxcb-present.so.0.0.0
7f56a2ce0000-7f56a2ce1000 rw-p 00002000 08:08 1975208                    /usr/lib/x86_64-linux-gnu/libxcb-present.so.0.0.0
7f56a2ce1000-7f56a2ce8000 r-xp 00000000 08:08 1975224                    /usr/lib/x86_64-linux-gnu/libxcb-xfixes.so.0.0.0
7f56a2ce8000-7f56a2ee7000 ---p 00007000 08:08 1975224                    /usr/lib/x86_64-linux-gnu/libxcb-xfixes.so.0.0.0
7f56a2ee7000-7f56a2ee8000 r--p 00006000 08:08 1975224                    /usr/lib/x86_64-linux-gnu/libxcb-xfixes.so.0.0.0
7f56a2ee8000-7f56a2ee9000 rw-p 00007000 08:08 1975224                    /usr/lib/x86_64-linux-gnu/libxcb-xfixes.so.0.0.0
7f56a2ee9000-7f56a2eeb000 r-xp 00000000 08:08 1975196                    /usr/lib/x86_64-linux-gnu/libxcb-dri3.so.0.0.0
7f56a2eeb000-7f56a30ea000 ---p 00002000 08:08 1975196                    /usr/lib/x86_64-linux-gnu/libxcb-dri3.so.0.0.0
7f56a30ea000-7f56a30eb000 r--p 00001000 08:08 1975196                    /usr/lib/x86_64-linux-gnu/libxcb-dri3.so.0.0.0
7f56a30eb000-7f56a30ec000 rw-p 00002000 08:08 1975196                    /usr/lib/x86_64-linux-gnu/libxcb-dri3.so.0.0.0
7f56a30ec000-7f56a315e000 r-xp 00000000 08:08 1973267                    /usr/lib/x86_64-linux-gnu/libGLX_mesa.so.0.0.0
7f56a315e000-7f56a335d000 ---p 00072000 08:08 1973267                    /usr/lib/x86_64-linux-gnu/libGLX_mesa.so.0.0.0
7f56a335d000-7f56a3360000 r--p 00071000 08:08 1973267                    /usr/lib/x86_64-linux-gnu/libGLX_mesa.so.0.0.0
7f56a3360000-7f56a3361000 rw-p 00074000 08:08 1973267                    /usr/lib/x86_64-linux-gnu/libGLX_mesa.so.0.0.0
7f56a3361000-7f56a3362000 rw-p 00000000 00:00 0 
7f56a3362000-7f56a3366000 r-xp 00000000 08:08 1975099                    /usr/lib/x86_64-linux-gnu/libuuid.so.1.3.0
7f56a3366000-7f56a3565000 ---p 00004000 08:08 1975099                    /usr/lib/x86_64-linux-gnu/libuuid.so.1.3.0
7f56a3565000-7f56a3566000 r--p 00003000 08:08 1975099                    /usr/lib/x86_64-linux-gnu/libuuid.so.1.3.0
7f56a3566000-7f56a3567000 rw-p 00004000 08:08 1975099                    /usr/lib/x86_64-linux-gnu/libuuid.so.1.3.0
7f56a3567000-7f56a357a000 r-xp 00000000 08:08 1973672                    /usr/lib/x86_64-linux-gnu/libbsd.so.0.8.3
7f56a357a000-7f56a377a000 ---p 00013000 08:08 1973672                    /usr/lib/x86_64-linux-gnu/libbsd.so.0.8.3
7f56a377a000-7f56a377b000 r--p 00013000 08:08 1973672                    /usr/lib/x86_64-linux-gnu/libbsd.so.0.8.3
7f56a377b000-7f56a377c000 rw-p 00014000 08:08 1973672                    /usr/lib/x86_64-linux-gnu/libbsd.so.0.8.3
7f56a377c000-7f56a377d000 rw-p 00000000 00:00 0 
7f56a377d000-7f56a3784000 r-xp 00000000 08:08 1973762                    /usr/lib/x86_64-linux-gnu/libdatrie.so.1.3.3
7f56a3784000-7f56a3983000 ---p 00007000 08:08 1973762                    /usr/lib/x86_64-linux-gnu/libdatrie.so.1.3.3
7f56a3983000-7f56a3984000 r--p 00006000 08:08 1973762                    /usr/lib/x86_64-linux-gnu/libdatrie.so.1.3.3
7f56a3984000-7f56a3985000 rw-p 00007000 08:08 1973762                    /usr/lib/x86_64-linux-gnu/libdatrie.so.1.3.3
7f56a3985000-7f56a39b0000 r-xp 00000000 08:08 1974207                    /usr/lib/x86_64-linux-gnu/libgraphite2.so.3.0.1
7f56a39b0000-7f56a3baf000 ---p 0002b000 08:08 1974207                    /usr/lib/x86_64-linux-gnu/libgraphite2.so.3.0.1
7f56a3baf000-7f56a3bb1000 r--p 0002a000 08:08 1974207                    /usr/lib/x86_64-linux-gnu/libgraphite2.so.3.0.1
7f56a3bb1000-7f56a3bb2000 rw-p 0002c000 08:08 1974207                    /usr/lib/x86_64-linux-gnu/libgraphite2.so.3.0.1
7f56a3bb2000-7f56a3bf3000 r-xp 00000000 08:08 1973657                    /usr/lib/x86_64-linux-gnu/libblkid.so.1.1.0
7f56a3bf3000-7f56a3df2000 ---p 00041000 08:08 1973657                    /usr/lib/x86_64-linux-gnu/libblkid.so.1.1.0
7f56a3df2000-7f56a3df6000 r--p 00040000 08:08 1973657                    /usr/lib/x86_64-linux-gnu/libblkid.so.1.1.0
7f56a3df6000-7f56a3df7000 rw-p 00044000 08:08 1973657                    /usr/lib/x86_64-linux-gnu/libblkid.so.1.1.0
7f56a3df7000-7f56a3df8000 rw-p 00000000 00:00 0 
7f56a3df8000-7f56a3dfd000 r-xp 00000000 08:08 1973532                    /usr/lib/x86_64-linux-gnu/libXdmcp.so.6.0.0
7f56a3dfd000-7f56a3ffc000 ---p 00005000 08:08 1973532                    /usr/lib/x86_64-linux-gnu/libXdmcp.so.6.0.0
7f56a3ffc000-7f56a3ffd000 r--p 00004000 08:08 1973532                    /usr/lib/x86_64-linux-gnu/libXdmcp.so.6.0.0
7f56a3ffd000-7f56a3ffe000 rw-p 00005000 08:08 1973532                    /usr/lib/x86_64-linux-gnu/libXdmcp.so.6.0.0
7f56a3ffe000-7f56a4001000 r-xp 00000000 08:08 1973521                    /usr/lib/x86_64-linux-gnu/libXau.so.6.0.0
7f56a4001000-7f56a4200000 ---p 00003000 08:08 1973521                    /usr/lib/x86_64-linux-gnu/libXau.so.6.0.0
7f56a4200000-7f56a4201000 r--p 00002000 08:08 1973521                    /usr/lib/x86_64-linux-gnu/libXau.so.6.0.0
7f56a4201000-7f56a4202000 rw-p 00003000 08:08 1973521                    /usr/lib/x86_64-linux-gnu/libXau.so.6.0.0
7f56a4202000-7f56a4272000 r-xp 00000000 08:08 1973269                    /usr/lib/x86_64-linux-gnu/libGLdispatch.so.0.0.0
7f56a4272000-7f56a4472000 ---p 00070000 08:08 1973269                    /usr/lib/x86_64-linux-gnu/libGLdispatch.so.0.0.0
7f56a4472000-7f56a449b000 r--p 00070000 08:08 1973269                    /usr/lib/x86_64-linux-gnu/libGLdispatch.so.0.0.0
7f56a449b000-7f56a449c000 rw-p 00099000 08:08 1973269                    /usr/lib/x86_64-linux-gnu/libGLdispatch.so.0.0.0
7f56a449c000-7f56a44bc000 rw-p 00000000 00:00 0 
7f56a44bc000-7f56a44cc000 r-xp 00000000 08:08 1973264                    /usr/lib/x86_64-linux-gnu/libGLX.so.0.0.0
7f56a44cc000-7f56a46cc000 ---p 00010000 08:08 1973264                    /usr/lib/x86_64-linux-gnu/libGLX.so.0.0.0
7f56a46cc000-7f56a46cd000 r--p 00010000 08:08 1973264                    /usr/lib/x86_64-linux-gnu/libGLX.so.0.0.0
7f56a46cd000-7f56a46ce000 rw-p 00011000 08:08 1973264                    /usr/lib/x86_64-linux-gnu/libGLX.so.0.0.0
7f56a46ce000-7f56a46ee000 rw-p 00000000 00:00 0 
7f56a46ee000-7f56a4760000 r-xp 00000000 08:08 1974757                    /usr/lib/x86_64-linux-gnu/libpcre.so.3.13.3
7f56a4760000-7f56a495f000 ---p 00072000 08:08 1974757                    /usr/lib/x86_64-linux-gnu/libpcre.so.3.13.3
7f56a495f000-7f56a4960000 r--p 00071000 08:08 1974757                    /usr/lib/x86_64-linux-gnu/libpcre.so.3.13.3
7f56a4960000-7f56a4961000 rw-p 00072000 08:08 1974757                    /usr/lib/x86_64-linux-gnu/libpcre.so.3.13.3
7f56a4961000-7f56a4988000 r-xp 00000000 08:08 1973918                    /usr/lib/x86_64-linux-gnu/libexpat.so.1.6.2
7f56a4988000-7f56a4b88000 ---p 00027000 08:08 1973918                    /usr/lib/x86_64-linux-gnu/libexpat.so.1.6.2
7f56a4b88000-7f56a4b8a000 r--p 00027000 08:08 1973918                    /usr/lib/x86_64-linux-gnu/libexpat.so.1.6.2
7f56a4b8a000-7f56a4b8b000 rw-p 00029000 08:08 1973918                    /usr/lib/x86_64-linux-gnu/libexpat.so.1.6.2
7f56a4b8b000-7f56a4b92000 r-xp 00000000 08:08 1973938                    /usr/lib/x86_64-linux-gnu/libffi.so.6.0.4
7f56a4b92000-7f56a4d92000 ---p 00007000 08:08 1973938                    /usr/lib/x86_64-linux-gnu/libffi.so.6.0.4
7f56a4d92000-7f56a4d93000 r--p 00007000 08:08 1973938                    /usr/lib/x86_64-linux-gnu/libffi.so.6.0.4
7f56a4d93000-7f56a4d94000 rw-p 00008000 08:08 1973938                    /usr/lib/x86_64-linux-gnu/libffi.so.6.0.4
7f56a4d94000-7f56a4d9c000 r-xp 00000000 08:08 1975032                    /usr/lib/x86_64-linux-gnu/libthai.so.0.3.0
7f56a4d9c000-7f56a4f9c000 ---p 00008000 08:08 1975032                    /usr/lib/x86_64-linux-gnu/libthai.so.0.3.0
7f56a4f9c000-7f56a4f9d000 r--p 00008000 08:08 1975032                    /usr/lib/x86_64-linux-gnu/libthai.so.0.3.0
7f56a4f9d000-7f56a4f9e000 rw-p 00009000 08:08 1975032                    /usr/lib/x86_64-linux-gnu/libthai.so.0.3.0
7f56a4f9e000-7f56a5031000 r-xp 00000000 08:08 1974304                    /usr/lib/x86_64-linux-gnu/libharfbuzz.so.0.10400.2
7f56a5031000-7f56a5230000 ---p 00093000 08:08 1974304                    /usr/lib/x86_64-linux-gnu/libharfbuzz.so.0.10400.2
7f56a5230000-7f56a5232000 r--p 00092000 08:08 1974304                    /usr/lib/x86_64-linux-gnu/libharfbuzz.so.0.10400.2
7f56a5232000-7f56a5233000 rw-p 00094000 08:08 1974304                    /usr/lib/x86_64-linux-gnu/libharfbuzz.so.0.10400.2
7f56a5233000-7f56a527d000 r-xp 00000000 08:08 1974545                    /usr/lib/x86_64-linux-gnu/libmount.so.1.1.0
7f56a527d000-7f56a547d000 ---p 0004a000 08:08 1974545                    /usr/lib/x86_64-linux-gnu/libmount.so.1.1.0
7f56a547d000-7f56a547e000 r--p 0004a000 08:08 1974545                    /usr/lib/x86_64-linux-gnu/libmount.so.1.1.0
7f56a547e000-7f56a547f000 rw-p 0004b000 08:08 1974545                    /usr/lib/x86_64-linux-gnu/libmount.so.1.1.0
7f56a547f000-7f56a5481000 rw-p 00000000 00:00 0 
7f56a5481000-7f56a5495000 r-xp 00000000 08:08 1974883                    /usr/lib/x86_64-linux-gnu/libresolv-2.24.so
7f56a5495000-7f56a5694000 ---p 00014000 08:08 1974883                    /usr/lib/x86_64-linux-gnu/libresolv-2.24.so
7f56a5694000-7f56a5695000 r--p 00013000 08:08 1974883                    /usr/lib/x86_64-linux-gnu/libresolv-2.24.so
7f56a5695000-7f56a5696000 rw-p 00014000 08:08 1974883                    /usr/lib/x86_64-linux-gnu/libresolv-2.24.so
7f56a5696000-7f56a5698000 rw-p 00000000 00:00 0 
7f56a5698000-7f56a56bd000 r-xp 00000000 08:08 1974931                    /usr/lib/x86_64-linux-gnu/libselinux.so.1
7f56a56bd000-7f56a58bc000 ---p 00025000 08:08 1974931                    /usr/lib/x86_64-linux-gnu/libselinux.so.1
7f56a58bc000-7f56a58bd000 r--p 00024000 08:08 1974931                    /usr/lib/x86_64-linux-gnu/libselinux.so.1
7f56a58bd000-7f56a58be000 rw-p 00025000 08:08 1974931                    /usr/lib/x86_64-linux-gnu/libselinux.so.1
7f56a58be000-7f56a58c0000 rw-p 00000000 00:00 0 
7f56a58c0000-7f56a58cc000 r-xp 00000000 08:08 1975214                    /usr/lib/x86_64-linux-gnu/libxcb-render.so.0.0.0
7f56a58cc000-7f56a5acc000 ---p 0000c000 08:08 1975214                    /usr/lib/x86_64-linux-gnu/libxcb-render.so.0.0.0
7f56a5acc000-7f56a5acd000 r--p 0000c000 08:08 1975214                    /usr/lib/x86_64-linux-gnu/libxcb-render.so.0.0.0
7f56a5acd000-7f56a5ace000 rw-p 0000d000 08:08 1975214                    /usr/lib/x86_64-linux-gnu/libxcb-render.so.0.0.0
7f56a5ace000-7f56a5af5000 r-xp 00000000 08:08 1975232                    /usr/lib/x86_64-linux-gnu/libxcb.so.1.1.0
7f56a5af5000-7f56a5cf4000 ---p 00027000 08:08 1975232                    /usr/lib/x86_64-linux-gnu/libxcb.so.1.1.0
7f56a5cf4000-7f56a5cf5000 r--p 00026000 08:08 1975232                    /usr/lib/x86_64-linux-gnu/libxcb.so.1.1.0
7f56a5cf5000-7f56a5cf6000 rw-p 00027000 08:08 1975232                    /usr/lib/x86_64-linux-gnu/libxcb.so.1.1.0
7f56a5cf6000-7f56a5cf8000 r-xp 00000000 08:08 1975218                    /usr/lib/x86_64-linux-gnu/libxcb-shm.so.0.0.0
7f56a5cf8000-7f56a5ef8000 ---p 00002000 08:08 1975218                    /usr/lib/x86_64-linux-gnu/libxcb-shm.so.0.0.0
7f56a5ef8000-7f56a5ef9000 r--p 00002000 08:08 1975218                    /usr/lib/x86_64-linux-gnu/libxcb-shm.so.0.0.0
7f56a5ef9000-7f56a5efa000 rw-p 00003000 08:08 1975218                    /usr/lib/x86_64-linux-gnu/libxcb-shm.so.0.0.0
7f56a5efa000-7f56a5f2b000 r-xp 00000000 08:08 1974804                    /usr/lib/x86_64-linux-gnu/libpng16.so.16.28.0
7f56a5f2b000-7f56a612b000 ---p 00031000 08:08 1974804                    /usr/lib/x86_64-linux-gnu/libpng16.so.16.28.0
7f56a612b000-7f56a612c000 r--p 00031000 08:08 1974804                    /usr/lib/x86_64-linux-gnu/libpng16.so.16.28.0
7f56a612c000-7f56a612d000 rw-p 00032000 08:08 1974804                    /usr/lib/x86_64-linux-gnu/libpng16.so.16.28.0
7f56a612d000-7f56a61cb000 r-xp 00000000 08:08 1974787                    /usr/lib/x86_64-linux-gnu/libpixman-1.so.0.34.0
7f56a61cb000-7f56a63cb000 ---p 0009e000 08:08 1974787                    /usr/lib/x86_64-linux-gnu/libpixman-1.so.0.34.0
7f56a63cb000-7f56a63d3000 r--p 0009e000 08:08 1974787                    /usr/lib/x86_64-linux-gnu/libpixman-1.so.0.34.0
7f56a63d3000-7f56a63d4000 rw-p 000a6000 08:08 1974787                    /usr/lib/x86_64-linux-gnu/libpixman-1.so.0.34.0
7f56a63d4000-7f56a63e5000 r-xp 00000000 08:08 1973534                    /usr/lib/x86_64-linux-gnu/libXext.so.6.4.0
7f56a63e5000-7f56a65e4000 ---p 00011000 08:08 1973534                    /usr/lib/x86_64-linux-gnu/libXext.so.6.4.0
7f56a65e4000-7f56a65e5000 r--p 00010000 08:08 1973534                    /usr/lib/x86_64-linux-gnu/libXext.so.6.4.0
7f56a65e5000-7f56a65e6000 rw-p 00011000 08:08 1973534                    /usr/lib/x86_64-linux-gnu/libXext.so.6.4.0
7f56a65e6000-7f56a65f0000 r-xp 00000000 08:08 1973528                    /usr/lib/x86_64-linux-gnu/libXcursor.so.1.0.2
7f56a65f0000-7f56a67ef000 ---p 0000a000 08:08 1973528                    /usr/lib/x86_64-linux-gnu/libXcursor.so.1.0.2
7f56a67ef000-7f56a67f0000 r--p 00009000 08:08 1973528                    /usr/lib/x86_64-linux-gnu/libXcursor.so.1.0.2
7f56a67f0000-7f56a67f1000 rw-p 0000a000 08:08 1973528                    /usr/lib/x86_64-linux-gnu/libXcursor.so.1.0.2
7f56a67f1000-7f56a67fb000 r-xp 00000000 08:08 1973554                    /usr/lib/x86_64-linux-gnu/libXrandr.so.2.2.0
7f56a67fb000-7f56a69fa000 ---p 0000a000 08:08 1973554                    /usr/lib/x86_64-linux-gnu/libXrandr.so.2.2.0
7f56a69fa000-7f56a69fb000 r--p 00009000 08:08 1973554                    /usr/lib/x86_64-linux-gnu/libXrandr.so.2.2.0
7f56a69fb000-7f56a69fc000 rw-p 0000a000 08:08 1973554                    /usr/lib/x86_64-linux-gnu/libXrandr.so.2.2.0
7f56a69fc000-7f56a6a0b000 r-xp 00000000 08:08 1973544                    /usr/lib/x86_64-linux-gnu/libXi.so.6.1.0
7f56a6a0b000-7f56a6c0a000 ---p 0000f000 08:08 1973544                    /usr/lib/x86_64-linux-gnu/libXi.so.6.1.0
7f56a6c0a000-7f56a6c0b000 r--p 0000e000 08:08 1973544                    /usr/lib/x86_64-linux-gnu/libXi.so.6.1.0
7f56a6c0b000-7f56a6c0c000 rw-p 0000f000 08:08 1973544                    /usr/lib/x86_64-linux-gnu/libXi.so.6.1.0
7f56a6c0c000-7f56a6c0e000 r-xp 00000000 08:08 1973546                    /usr/lib/x86_64-linux-gnu/libXinerama.so.1.0.0
7f56a6c0e000-7f56a6e0d000 ---p 00002000 08:08 1973546                    /usr/lib/x86_64-linux-gnu/libXinerama.so.1.0.0
7f56a6e0d000-7f56a6e0e000 r--p 00001000 08:08 1973546                    /usr/lib/x86_64-linux-gnu/libXinerama.so.1.0.0
7f56a6e0e000-7f56a6e0f000 rw-p 00002000 08:08 1973546                    /usr/lib/x86_64-linux-gnu/libXinerama.so.1.0.0
7f56a6e0f000-7f56a6e18000 r-xp 00000000 08:08 1973556                    /usr/lib/x86_64-linux-gnu/libXrender.so.1.3.0
7f56a6e18000-7f56a7017000 ---p 00009000 08:08 1973556                    /usr/lib/x86_64-linux-gnu/libXrender.so.1.3.0
7f56a7017000-7f56a7018000 r--p 00008000 08:08 1973556                    /usr/lib/x86_64-linux-gnu/libXrender.so.1.3.0
7f56a7018000-7f56a7019000 rw-p 00009000 08:08 1973556                    /usr/lib/x86_64-linux-gnu/libXrender.so.1.3.0
7f56a7019000-7f56a701e000 r-xp 00000000 08:08 1973536                    /usr/lib/x86_64-linux-gnu/libXfixes.so.3.1.0
7f56a701e000-7f56a721d000 ---p 00005000 08:08 1973536                    /usr/lib/x86_64-linux-gnu/libXfixes.so.3.1.0
7f56a721d000-7f56a721e000 r--p 00004000 08:08 1973536                    /usr/lib/x86_64-linux-gnu/libXfixes.so.3.1.0
7f56a721e000-7f56a721f000 rw-p 00005000 08:08 1973536                    /usr/lib/x86_64-linux-gnu/libXfixes.so.3.1.0
7f56a721f000-7f56a7221000 r-xp 00000000 08:08 1973530                    /usr/lib/x86_64-linux-gnu/libXdamage.so.1.1.0
7f56a7221000-7f56a7420000 ---p 00002000 08:08 1973530                    /usr/lib/x86_64-linux-gnu/libXdamage.so.1.1.0
7f56a7420000-7f56a7421000 r--p 00001000 08:08 1973530                    /usr/lib/x86_64-linux-gnu/libXdamage.so.1.1.0
7f56a7421000-7f56a7422000 rw-p 00002000 08:08 1973530                    /usr/lib/x86_64-linux-gnu/libXdamage.so.1.1.0
7f56a7422000-7f56a7424000 r-xp 00000000 08:08 1973526                    /usr/lib/x86_64-linux-gnu/libXcomposite.so.1.0.0
7f56a7424000-7f56a7623000 ---p 00002000 08:08 1973526                    /usr/lib/x86_64-linux-gnu/libXcomposite.so.1.0.0
7f56a7623000-7f56a7624000 r--p 00001000 08:08 1973526                    /usr/lib/x86_64-linux-gnu/libXcomposite.so.1.0.0
7f56a7624000-7f56a7625000 rw-p 00002000 08:08 1973526                    /usr/lib/x86_64-linux-gnu/libXcomposite.so.1.0.0
7f56a7625000-7f56a7628000 r-xp 00000000 08:08 1974072                    /usr/lib/x86_64-linux-gnu/libgmodule-2.0.so.0.5000.3
7f56a7628000-7f56a7827000 ---p 00003000 08:08 1974072                    /usr/lib/x86_64-linux-gnu/libgmodule-2.0.so.0.5000.3
7f56a7827000-7f56a7828000 r--p 00002000 08:08 1974072                    /usr/lib/x86_64-linux-gnu/libgmodule-2.0.so.0.5000.3
7f56a7828000-7f56a7829000 rw-p 00003000 08:08 1974072                    /usr/lib/x86_64-linux-gnu/libgmodule-2.0.so.0.5000.3
7f56a7829000-7f56a789e000 r-xp 00000000 08:08 1973258                    /usr/lib/x86_64-linux-gnu/libGL.so.1.7.0
7f56a789e000-7f56a7a9e000 ---p 00075000 08:08 1973258                    /usr/lib/x86_64-linux-gnu/libGL.so.1.7.0
7f56a7a9e000-7f56a7ab8000 r--p 00075000 08:08 1973258                    /usr/lib/x86_64-linux-gnu/libGL.so.1.7.0
7f56a7ab8000-7f56a7ab9000 rw-p 0008f000 08:08 1973258                    /usr/lib/x86_64-linux-gnu/libGL.so.1.7.0
7f56a7ab9000-7f56a7aba000 rw-p 00000000 00:00 0 
7f56a7aba000-7f56a7abf000 r-xp 00000000 08:08 1973572                    /usr/lib/x86_64-linux-gnu/libXxf86vm.so.1.0.0
7f56a7abf000-7f56a7cbe000 ---p 00005000 08:08 1973572                    /usr/lib/x86_64-linux-gnu/libXxf86vm.so.1.0.0
7f56a7cbe000-7f56a7cbf000 r--p 00004000 08:08 1973572                    /usr/lib/x86_64-linux-gnu/libXxf86vm.so.1.0.0
7f56a7cbf000-7f56a7cc0000 rw-p 00005000 08:08 1973572                    /usr/lib/x86_64-linux-gnu/libXxf86vm.so.1.0.0
7f56a7cc0000-7f56a7dfa000 r-xp 00000000 08:08 1973517                    /usr/lib/x86_64-linux-gnu/libX11.so.6.3.0
7f56a7dfa000-7f56a7ffa000 ---p 0013a000 08:08 1973517                    /usr/lib/x86_64-linux-gnu/libX11.so.6.3.0
7f56a7ffa000-7f56a7ffb000 r--p 0013a000 08:08 1973517                    /usr/lib/x86_64-linux-gnu/libX11.so.6.3.0
7f56a7ffb000-7f56a8000000 rw-p 0013b000 08:08 1973517                    /usr/lib/x86_64-linux-gnu/libX11.so.6.3.0
7f56a8000000-7f56a8021000 rw-p 00000000 00:00 0 
7f56a8021000-7f56ac000000 ---p 00000000 00:00 0 
7f56ac000000-7f56ad8d4000 rw-p 00000000 00:00 0 
7f56ad8d4000-7f56b0000000 ---p 00000000 00:00 0 
7f56b0000000-7f56b02bf000 rw-p 00000000 00:00 0 
7f56b02bf000-7f56b4000000 ---p 00000000 00:00 0 
7f56b4000000-7f56b4021000 rw-p 00000000 00:00 0 
7f56b4021000-7f56b8000000 ---p 00000000 00:00 0 
7f56b8000000-7f56b8021000 rw-p 00000000 00:00 0 
7f56b8021000-7f56bc000000 ---p 00000000 00:00 0 
7f56bc000000-7f56bc307000 rw-p 00000000 00:00 0 
7f56bc307000-7f56c0000000 ---p 00000000 00:00 0 
7f56c0000000-7f56c0021000 rw-p 00000000 00:00 0 
7f56c0021000-7f56c4000000 ---p 00000000 00:00 0 
7f56c4000000-7f56c4021000 rw-p 00000000 00:00 0 
7f56c4021000-7f56c8000000 ---p 00000000 00:00 0 
7f56c8000000-7f56c8021000 rw-p 00000000 00:00 0 
7f56c8021000-7f56cc000000 ---p 00000000 00:00 0 
7f56cc000000-7f56cc021000 rw-p 00000000 00:00 0 
7f56cc021000-7f56d0000000 ---p 00000000 00:00 0 
7f56d0000000-7f56d0001000 rw-s 00000000 00:18 154                        /i915 (deleted)
7f56d0001000-7f56d0002000 rw-s 00000000 00:18 153                        /i915 (deleted)
7f56d0002000-7f56d0007000 rw-s 00000000 00:18 159                        /i915 (deleted)
7f56d0007000-7f56d000c000 rw-s 00000000 00:18 157                        /i915 (deleted)
7f56d000c000-7f56d0018000 rw-s 00000000 00:18 102                        /i915 (deleted)
7f56d0018000-7f56d002b000 r--s 00346000 08:08 1715206                    /usr/lib/jvm/java-8-openjdk-amd64/jre/lib/resources.jar
7f56d002b000-7f56d002d000 r--s 00000000 08:08 1590387                    /var/cache/fontconfig/4bb17da730f63117fed329ee42a5d05e-le64.cache-4
7f56d002d000-7f56d0031000 r--s 00000000 08:08 1572907                    /var/cache/fontconfig/0fafd173547752dce4dee1a69e0b3c95-le64.cache-4
7f56d0031000-7f56d0073000 r--s 00000000 08:08 1572909                    /var/cache/fontconfig/0bd3dc0958fa2205aaaa8ebb13e2872b-le64.cache-4
7f56d0073000-7f56d0079000 r--s 00000000 08:08 1572928                    /var/cache/fontconfig/3047814df9a2f067bd2d96a2b9c36e5a-le64.cache-4
7f56d0079000-7f56d0085000 r--s 00000000 08:08 1586852                    /var/cache/fontconfig/d589a48862398ed80a3d6066f4f56f4c-le64.cache-4
7f56d0085000-7f56d0088000 r--s 00000000 08:08 1572923                    /var/cache/fontconfig/47e67d79d01846c7b6efd6b4f03a6092-le64.cache-4
7f56d0088000-7f56d009a000 r--s 00000000 08:08 1572910                    /var/cache/fontconfig/9b89f8e3dae116d678bbf48e5f21f69b-le64.cache-4
7f56d009a000-7f56d009d000 r--s 00000000 08:08 1590385                    /var/cache/fontconfig/bf6ddb0059d58ea573e04b43f868001f-le64.cache-4
7f56d009d000-7f56d00a0000 r--s 00000000 08:08 1572931                    /var/cache/fontconfig/e13b20fdb08344e0e664864cc2ede53d-le64.cache-4
7f56d00a0000-7f56d00a5000 r-xp 00000000 08:08 1973562                    /usr/lib/x86_64-linux-gnu/libXtst.so.6.1.0
7f56d00a5000-7f56d02a4000 ---p 00005000 08:08 1973562                    /usr/lib/x86_64-linux-gnu/libXtst.so.6.1.0
7f56d02a4000-7f56d02a5000 r--p 00004000 08:08 1973562                    /usr/lib/x86_64-linux-gnu/libXtst.so.6.1.0
7f56d02a5000-7f56d02a6000 rw-p 00005000 08:08 1973562                    /usr/lib/x86_64-linux-gnu/libXtst.so.6.1.0
7f56d02a6000-7f56d03b8000 r-xp 00000000 08:08 1974060                    /usr/lib/x86_64-linux-gnu/libglib-2.0.so.0.5000.3
7f56d03b8000-7f56d05b7000 ---p 00112000 08:08 1974060                    /usr/lib/x86_64-linux-gnu/libglib-2.0.so.0.5000.3
7f56d05b7000-7f56d05b8000 r--p 00111000 08:08 1974060                    /usr/lib/x86_64-linux-gnu/libglib-2.0.so.0.5000.3
7f56d05b8000-7f56d05b9000 rw-p 00112000 08:08 1974060                    /usr/lib/x86_64-linux-gnu/libglib-2.0.so.0.5000.3
7f56d05b9000-7f56d05ba000 rw-p 00000000 00:00 0 
7f56d05ba000-7f56d05bb000 r-xp 00000000 08:08 1974280                    /usr/lib/x86_64-linux-gnu/libgthread-2.0.so.0.5000.3
7f56d05bb000-7f56d07ba000 ---p 00001000 08:08 1974280                    /usr/lib/x86_64-linux-gnu/libgthread-2.0.so.0.5000.3
7f56d07ba000-7f56d07bb000 r--p 00000000 08:08 1974280                    /usr/lib/x86_64-linux-gnu/libgthread-2.0.so.0.5000.3
7f56d07bb000-7f56d07bc000 rw-p 00001000 08:08 1974280                    /usr/lib/x86_64-linux-gnu/libgthread-2.0.so.0.5000.3
7f56d07bc000-7f56d0864000 r-xp 00000000 08:08 1973996                    /usr/lib/x86_64-linux-gnu/libfreetype.so.6.12.3
7f56d0864000-7f56d0a64000 ---p 000a8000 08:08 1973996                    /usr/lib/x86_64-linux-gnu/libfreetype.so.6.12.3
7f56d0a64000-7f56d0a6a000 r--p 000a8000 08:08 1973996                    /usr/lib/x86_64-linux-gnu/libfreetype.so.6.12.3
7f56d0a6a000-7f56d0a6b000 rw-p 000ae000 08:08 1973996                    /usr/lib/x86_64-linux-gnu/libfreetype.so.6.12.3
7f56d0a6b000-7f56d0aa7000 r-xp 00000000 08:08 1973982                    /usr/lib/x86_64-linux-gnu/libfontconfig.so.1.8.0
7f56d0aa7000-7f56d0ca6000 ---p 0003c000 08:08 1973982                    /usr/lib/x86_64-linux-gnu/libfontconfig.so.1.8.0
7f56d0ca6000-7f56d0ca8000 r--p 0003b000 08:08 1973982                    /usr/lib/x86_64-linux-gnu/libfontconfig.so.1.8.0
7f56d0ca8000-7f56d0ca9000 rw-p 0003d000 08:08 1973982                    /usr/lib/x86_64-linux-gnu/libfontconfig.so.1.8.0
7f56d0ca9000-7f56d0cfb000 r-xp 00000000 08:08 1974112                    /usr/lib/x86_64-linux-gnu/libgobject-2.0.so.0.5000.3
7f56d0cfb000-7f56d0efa000 ---p 00052000 08:08 1974112                    /usr/lib/x86_64-linux-gnu/libgobject-2.0.so.0.5000.3
7f56d0efa000-7f56d0efb000 r--p 00051000 08:08 1974112                    /usr/lib/x86_64-linux-gnu/libgobject-2.0.so.0.5000.3
7f56d0efb000-7f56d0efc000 rw-p 00052000 08:08 1974112                    /usr/lib/x86_64-linux-gnu/libgobject-2.0.so.0.5000.3
7f56d0efc000-7f56d0f45000 r-xp 00000000 08:08 1974732                    /usr/lib/x86_64-linux-gnu/libpango-1.0.so.0.4000.5
7f56d0f45000-7f56d1144000 ---p 00049000 08:08 1974732                    /usr/lib/x86_64-linux-gnu/libpango-1.0.so.0.4000.5
7f56d1144000-7f56d1147000 r--p 00048000 08:08 1974732                    /usr/lib/x86_64-linux-gnu/libpango-1.0.so.0.4000.5
7f56d1147000-7f56d1148000 rw-p 0004b000 08:08 1974732                    /usr/lib/x86_64-linux-gnu/libpango-1.0.so.0.4000.5
7f56d1148000-7f56d115c000 r-xp 00000000 08:08 1974736                    /usr/lib/x86_64-linux-gnu/libpangoft2-1.0.so.0.4000.5
7f56d115c000-7f56d135c000 ---p 00014000 08:08 1974736                    /usr/lib/x86_64-linux-gnu/libpangoft2-1.0.so.0.4000.5
7f56d135c000-7f56d135d000 r--p 00014000 08:08 1974736                    /usr/lib/x86_64-linux-gnu/libpangoft2-1.0.so.0.4000.5
7f56d135d000-7f56d135e000 rw-p 00015000 08:08 1974736                    /usr/lib/x86_64-linux-gnu/libpangoft2-1.0.so.0.4000.5
7f56d135e000-7f56d14eb000 r-xp 00000000 08:08 1974048                    /usr/lib/x86_64-linux-gnu/libgio-2.0.so.0.5000.3
7f56d14eb000-7f56d16eb000 ---p 0018d000 08:08 1974048                    /usr/lib/x86_64-linux-gnu/libgio-2.0.so.0.5000.3
7f56d16eb000-7f56d16f0000 r--p 0018d000 08:08 1974048                    /usr/lib/x86_64-linux-gnu/libgio-2.0.so.0.5000.3
7f56d16f0000-7f56d16f3000 rw-p 00192000 08:08 1974048                    /usr/lib/x86_64-linux-gnu/libgio-2.0.so.0.5000.3
7f56d16f3000-7f56d16f4000 rw-p 00000000 00:00 0 
7f56d16f4000-7f56d1716000 r-xp 00000000 08:08 1974034                    /usr/lib/x86_64-linux-gnu/libgdk_pixbuf-2.0.so.0.3600.5
7f56d1716000-7f56d1916000 ---p 00022000 08:08 1974034                    /usr/lib/x86_64-linux-gnu/libgdk_pixbuf-2.0.so.0.3600.5
7f56d1916000-7f56d1917000 r--p 00022000 08:08 1974034                    /usr/lib/x86_64-linux-gnu/libgdk_pixbuf-2.0.so.0.3600.5
7f56d1917000-7f56d1918000 rw-p 00023000 08:08 1974034                    /usr/lib/x86_64-linux-gnu/libgdk_pixbuf-2.0.so.0.3600.5
7f56d1918000-7f56d1a26000 r-xp 00000000 08:08 1973694                    /usr/lib/x86_64-linux-gnu/libcairo.so.2.11400.8
7f56d1a26000-7f56d1c26000 ---p 0010e000 08:08 1973694                    /usr/lib/x86_64-linux-gnu/libcairo.so.2.11400.8
7f56d1c26000-7f56d1c29000 r--p 0010e000 08:08 1973694                    /usr/lib/x86_64-linux-gnu/libcairo.so.2.11400.8
7f56d1c29000-7f56d1c2a000 rw-p 00111000 08:08 1973694                    /usr/lib/x86_64-linux-gnu/libcairo.so.2.11400.8
7f56d1c2a000-7f56d1c2c000 rw-p 00000000 00:00 0 
7f56d1c2c000-7f56d1c4f000 r-xp 00000000 08:08 1973616                    /usr/lib/x86_64-linux-gnu/libatk-1.0.so.0.22209.1
7f56d1c4f000-7f56d1e4e000 ---p 00023000 08:08 1973616                    /usr/lib/x86_64-linux-gnu/libatk-1.0.so.0.22209.1
7f56d1e4e000-7f56d1e51000 r--p 00022000 08:08 1973616                    /usr/lib/x86_64-linux-gnu/libatk-1.0.so.0.22209.1
7f56d1e51000-7f56d1e52000 rw-p 00025000 08:08 1973616                    /usr/lib/x86_64-linux-gnu/libatk-1.0.so.0.22209.1
7f56d1e52000-7f56d1e5e000 r-xp 00000000 08:08 1974734                    /usr/lib/x86_64-linux-gnu/libpangocairo-1.0.so.0.4000.5
7f56d1e5e000-7f56d205d000 ---p 0000c000 08:08 1974734                    /usr/lib/x86_64-linux-gnu/libpangocairo-1.0.so.0.4000.5
7f56d205d000-7f56d205e000 r--p 0000b000 08:08 1974734                    /usr/lib/x86_64-linux-gnu/libpangocairo-1.0.so.0.4000.5
7f56d205e000-7f56d205f000 rw-p 0000c000 08:08 1974734                    /usr/lib/x86_64-linux-gnu/libpangocairo-1.0.so.0.4000.5
7f56d205f000-7f56d210f000 r-xp 00000000 08:08 1974032                    /usr/lib/x86_64-linux-gnu/libgdk-x11-2.0.so.0.2400.31
7f56d210f000-7f56d230e000 ---p 000b0000 08:08 1974032                    /usr/lib/x86_64-linux-gnu/libgdk-x11-2.0.so.0.2400.31
7f56d230e000-7f56d2312000 r--p 000af000 08:08 1974032                    /usr/lib/x86_64-linux-gnu/libgdk-x11-2.0.so.0.2400.31
7f56d2312000-7f56d2314000 rw-p 000b3000 08:08 1974032                    /usr/lib/x86_64-linux-gnu/libgdk-x11-2.0.so.0.2400.31
7f56d2314000-7f56d2754000 r-xp 00000000 08:08 1974286                    /usr/lib/x86_64-linux-gnu/libgtk-x11-2.0.so.0.2400.31
7f56d2754000-7f56d2953000 ---p 00440000 08:08 1974286                    /usr/lib/x86_64-linux-gnu/libgtk-x11-2.0.so.0.2400.31
7f56d2953000-7f56d295a000 r--p 0043f000 08:08 1974286                    /usr/lib/x86_64-linux-gnu/libgtk-x11-2.0.so.0.2400.31
7f56d295a000-7f56d295e000 rw-p 00446000 08:08 1974286                    /usr/lib/x86_64-linux-gnu/libgtk-x11-2.0.so.0.2400.31
7f56d295e000-7f56d2961000 rw-p 00000000 00:00 0 
7f56d2961000-7f56d2962000 r--s 00000000 08:08 1572912                    /var/cache/fontconfig/16c2fda60d1b4b719f4b3d06fd951d25-le64.cache-4
7f56d2962000-7f56d297a000 r--s 0021f000 08:09 14421222                   /home/atomx/eclipse-workspace/Library/lib/mysql-connector-java-8.0.17.jar
7f56d297a000-7f56d2986000 r-xp 00000000 08:08 1717405                    /usr/lib/jvm/java-8-openjdk-amd64/jre/lib/amd64/libprism_es2.so
7f56d2986000-7f56d2b85000 ---p 0000c000 08:08 1717405                    /usr/lib/jvm/java-8-openjdk-amd64/jre/lib/amd64/libprism_es2.so
7f56d2b85000-7f56d2b86000 r--p 0000b000 08:08 1717405                    /usr/lib/jvm/java-8-openjdk-amd64/jre/lib/amd64/libprism_es2.so
7f56d2b86000-7f56d2b87000 rw-p 0000c000 08:08 1717405                    /usr/lib/jvm/java-8-openjdk-amd64/jre/lib/amd64/libprism_es2.so
7f56d2b87000-7f56d2b8a000 ---p 00000000 00:00 0 
7f56d2b8a000-7f56d2c88000 rw-p 00000000 00:00 0 
7f56d2c88000-7f56d2d1e000 r--s 007ce000 08:08 2654625                    /usr/share/java/openjfx/jre/lib/ext/jfxrt.jar
7f56d2d1e000-7f56d2d39000 r--s 001d6000 08:08 1715183                    /usr/lib/jvm/java-8-openjdk-amd64/jre/lib/ext/nashorn.jar
7f56d2d39000-7f56d2d54000 r--s 00394000 08:08 1715178                    /usr/lib/jvm/java-8-openjdk-amd64/jre/lib/ext/cldrdata.jar
7f56d2d54000-7f56d2d55000 ---p 00000000 00:00 0 
7f56d2d55000-7f56d2e55000 rw-p 00000000 00:00 0 
7f56d2e55000-7f56d2e58000 ---p 00000000 00:00 0 
7f56d2e58000-7f56d2f56000 rw-p 00000000 00:00 0 
7f56d2f56000-7f56d2f59000 ---p 00000000 00:00 0 
7f56d2f59000-7f56d3057000 rw-p 00000000 00:00 0 
7f56d3057000-7f56d305a000 ---p 00000000 00:00 0 
7f56d305a000-7f56d3158000 rw-p 00000000 00:00 0 
7f56d3158000-7f56d315b000 ---p 00000000 00:00 0 
7f56d315b000-7f56d3259000 rw-p 00000000 00:00 0 
7f56d3259000-7f56d33f4000 r--p 00000000 08:08 1711771                    /usr/lib/locale/locale-archive
7f56d33f4000-7f56d33f7000 ---p 00000000 00:00 0 
7f56d33f7000-7f56d34f5000 rw-p 00000000 00:00 0 
7f56d34f5000-7f56d34f8000 ---p 00000000 00:00 0 
7f56d34f8000-7f56d35f6000 rw-p 00000000 00:00 0 
7f56d35f6000-7f56d35f7000 ---p 00000000 00:00 0 
7f56d35f7000-7f56d4000000 rw-p 00000000 00:00 0 
7f56d4000000-7f56d4021000 rw-p 00000000 00:00 0 
7f56d4021000-7f56d8000000 ---p 00000000 00:00 0 
7f56d8000000-7f56d8001000 r--s 00000000 08:08 1590384                    /var/cache/fontconfig/2736766d4907c6828b9382ebdbe3064b-le64.cache-4
7f56d8001000-7f56d8006000 r--s 002f9000 08:08 1715168                    /usr/lib/jvm/java-8-openjdk-amd64/jre/lib/charsets.jar
7f56d8006000-7f56d800b000 r--s 0009d000 08:08 1715201                    /usr/lib/jvm/java-8-openjdk-amd64/jre/lib/jsse.jar
7f56d800b000-7f56d800f000 rw-s 00000000 00:18 148                        /i915 (deleted)
7f56d800f000-7f56d809f000 rw-p 00000000 00:00 0 
7f56d809f000-7f56d826e000 r--s 03c33000 08:08 1715207                    /usr/lib/jvm/java-8-openjdk-amd64/jre/lib/rt.jar
7f56d826e000-7f56dcb71000 rw-p 00000000 00:00 0 
7f56dcb71000-7f56dcb72000 ---p 00000000 00:00 0 
7f56dcb72000-7f56dcc72000 rw-p 00000000 00:00 0 
7f56dcc72000-7f56dcc73000 ---p 00000000 00:00 0 
7f56dcc73000-7f56dcd9d000 rw-p 00000000 00:00 0 
7f56dcd9d000-7f56dd000000 ---p 00000000 00:00 0 
7f56dd000000-7f56dd5b0000 rwxp 00000000 00:00 0 
7f56dd5b0000-7f56ec000000 ---p 00000000 00:00 0 
7f56ec000000-7f56ec2c8000 rw-p 00000000 00:00 0 
7f56ec2c8000-7f56f0000000 ---p 00000000 00:00 0 
7f56f0000000-7f56f0005000 rw-s 00000000 00:18 147                        /i915 (deleted)
7f56f0005000-7f56f0009000 rw-s 00000000 00:18 150                        /i915 (deleted)
7f56f0009000-7f56f000d000 rw-s 00000000 00:18 137                        /i915 (deleted)
7f56f000d000-7f56f0012000 rw-s 00000000 00:18 134                        /i915 (deleted)
7f56f0012000-7f56f00b2000 rw-p 00000000 00:00 0 
7f56f00b2000-7f56f0314000 ---p 00000000 00:00 0 
7f56f0314000-7f56f0339000 rw-p 00000000 00:00 0 
7f56f0339000-7f56f045b000 ---p 00000000 00:00 0 
7f56f045b000-7f56f0473000 rw-p 00000000 00:00 0 
7f56f0473000-7f56f081c000 ---p 00000000 00:00 0 
7f56f081c000-7f56f0824000 r-xp 00000000 08:08 1715164                    /usr/lib/jvm/java-8-openjdk-amd64/jre/lib/amd64/libzip.so
7f56f0824000-7f56f0a23000 ---p 00008000 08:08 1715164                    /usr/lib/jvm/java-8-openjdk-amd64/jre/lib/amd64/libzip.so
7f56f0a23000-7f56f0a24000 r--p 00007000 08:08 1715164                    /usr/lib/jvm/java-8-openjdk-amd64/jre/lib/amd64/libzip.so
7f56f0a24000-7f56f0a25000 rw-p 00008000 08:08 1715164                    /usr/lib/jvm/java-8-openjdk-amd64/jre/lib/amd64/libzip.so
7f56f0a25000-7f56f0a2f000 r-xp 00000000 08:08 1974648                    /usr/lib/x86_64-linux-gnu/libnss_files-2.24.so
7f56f0a2f000-7f56f0c2f000 ---p 0000a000 08:08 1974648                    /usr/lib/x86_64-linux-gnu/libnss_files-2.24.so
7f56f0c2f000-7f56f0c30000 r--p 0000a000 08:08 1974648                    /usr/lib/x86_64-linux-gnu/libnss_files-2.24.so
7f56f0c30000-7f56f0c31000 rw-p 0000b000 08:08 1974648                    /usr/lib/x86_64-linux-gnu/libnss_files-2.24.so
7f56f0c31000-7f56f0c37000 rw-p 00000000 00:00 0 
7f56f0c37000-7f56f0c42000 r-xp 00000000 08:08 1974654                    /usr/lib/x86_64-linux-gnu/libnss_nis-2.24.so
7f56f0c42000-7f56f0e41000 ---p 0000b000 08:08 1974654                    /usr/lib/x86_64-linux-gnu/libnss_nis-2.24.so
7f56f0e41000-7f56f0e42000 r--p 0000a000 08:08 1974654                    /usr/lib/x86_64-linux-gnu/libnss_nis-2.24.so
7f56f0e42000-7f56f0e43000 rw-p 0000b000 08:08 1974654                    /usr/lib/x86_64-linux-gnu/libnss_nis-2.24.so
7f56f0e43000-7f56f0e57000 r-xp 00000000 08:08 1974636                    /usr/lib/x86_64-linux-gnu/libnsl-2.24.so
7f56f0e57000-7f56f1057000 ---p 00014000 08:08 1974636                    /usr/lib/x86_64-linux-gnu/libnsl-2.24.so
7f56f1057000-7f56f1058000 r--p 00014000 08:08 1974636                    /usr/lib/x86_64-linux-gnu/libnsl-2.24.so
7f56f1058000-7f56f1059000 rw-p 00015000 08:08 1974636                    /usr/lib/x86_64-linux-gnu/libnsl-2.24.so
7f56f1059000-7f56f105b000 rw-p 00000000 00:00 0 
7f56f105b000-7f56f1062000 r-xp 00000000 08:08 1974642                    /usr/lib/x86_64-linux-gnu/libnss_compat-2.24.so
7f56f1062000-7f56f1261000 ---p 00007000 08:08 1974642                    /usr/lib/x86_64-linux-gnu/libnss_compat-2.24.so
7f56f1261000-7f56f1262000 r--p 00006000 08:08 1974642                    /usr/lib/x86_64-linux-gnu/libnss_compat-2.24.so
7f56f1262000-7f56f1263000 rw-p 00007000 08:08 1974642                    /usr/lib/x86_64-linux-gnu/libnss_compat-2.24.so
7f56f1263000-7f56f1290000 r-xp 00000000 08:08 1715145                    /usr/lib/jvm/java-8-openjdk-amd64/jre/lib/amd64/libjava.so
7f56f1290000-7f56f1490000 ---p 0002d000 08:08 1715145                    /usr/lib/jvm/java-8-openjdk-amd64/jre/lib/amd64/libjava.so
7f56f1490000-7f56f1491000 r--p 0002d000 08:08 1715145                    /usr/lib/jvm/java-8-openjdk-amd64/jre/lib/amd64/libjava.so
7f56f1491000-7f56f1493000 rw-p 0002e000 08:08 1715145                    /usr/lib/jvm/java-8-openjdk-amd64/jre/lib/amd64/libjava.so
7f56f1493000-7f56f14a2000 r-xp 00000000 08:08 1715163                    /usr/lib/jvm/java-8-openjdk-amd64/jre/lib/amd64/libverify.so
7f56f14a2000-7f56f16a2000 ---p 0000f000 08:08 1715163                    /usr/lib/jvm/java-8-openjdk-amd64/jre/lib/amd64/libverify.so
7f56f16a2000-7f56f16a4000 r--p 0000f000 08:08 1715163                    /usr/lib/jvm/java-8-openjdk-amd64/jre/lib/amd64/libverify.so
7f56f16a4000-7f56f16a5000 rw-p 00011000 08:08 1715163                    /usr/lib/jvm/java-8-openjdk-amd64/jre/lib/amd64/libverify.so
7f56f16a5000-7f56f16ac000 r-xp 00000000 08:08 1974898                    /usr/lib/x86_64-linux-gnu/librt-2.24.so
7f56f16ac000-7f56f18ab000 ---p 00007000 08:08 1974898                    /usr/lib/x86_64-linux-gnu/librt-2.24.so
7f56f18ab000-7f56f18ac000 r--p 00006000 08:08 1974898                    /usr/lib/x86_64-linux-gnu/librt-2.24.so
7f56f18ac000-7f56f18ad000 rw-p 00007000 08:08 1974898                    /usr/lib/x86_64-linux-gnu/librt-2.24.so
7f56f18ad000-7f56f18c3000 r-xp 00000000 08:08 1974006                    /usr/lib/x86_64-linux-gnu/libgcc_s.so.1
7f56f18c3000-7f56f1ac2000 ---p 00016000 08:08 1974006                    /usr/lib/x86_64-linux-gnu/libgcc_s.so.1
7f56f1ac2000-7f56f1ac3000 r--p 00015000 08:08 1974006                    /usr/lib/x86_64-linux-gnu/libgcc_s.so.1
7f56f1ac3000-7f56f1ac4000 rw-p 00016000 08:08 1974006                    /usr/lib/x86_64-linux-gnu/libgcc_s.so.1
7f56f1ac4000-7f56f1bc7000 r-xp 00000000 08:08 1974512                    /usr/lib/x86_64-linux-gnu/libm-2.24.so
7f56f1bc7000-7f56f1dc6000 ---p 00103000 08:08 1974512                    /usr/lib/x86_64-linux-gnu/libm-2.24.so
7f56f1dc6000-7f56f1dc7000 r--p 00102000 08:08 1974512                    /usr/lib/x86_64-linux-gnu/libm-2.24.so
7f56f1dc7000-7f56f1dc8000 rw-p 00103000 08:08 1974512                    /usr/lib/x86_64-linux-gnu/libm-2.24.so
7f56f1dc8000-7f56f1f3a000 r-xp 00000000 08:08 1975001                    /usr/lib/x86_64-linux-gnu/libstdc++.so.6.0.22
7f56f1f3a000-7f56f213a000 ---p 00172000 08:08 1975001                    /usr/lib/x86_64-linux-gnu/libstdc++.so.6.0.22
7f56f213a000-7f56f2144000 r--p 00172000 08:08 1975001                    /usr/lib/x86_64-linux-gnu/libstdc++.so.6.0.22
7f56f2144000-7f56f2146000 rw-p 0017c000 08:08 1975001                    /usr/lib/x86_64-linux-gnu/libstdc++.so.6.0.22
7f56f2146000-7f56f214a000 rw-p 00000000 00:00 0 
7f56f214a000-7f56f2da9000 r-xp 00000000 08:08 1715167                    /usr/lib/jvm/java-8-openjdk-amd64/jre/lib/amd64/server/libjvm.so
7f56f2da9000-7f56f2fa8000 ---p 00c5f000 08:08 1715167                    /usr/lib/jvm/java-8-openjdk-amd64/jre/lib/amd64/server/libjvm.so
7f56f2fa8000-7f56f303c000 r--p 00c5e000 08:08 1715167                    /usr/lib/jvm/java-8-openjdk-amd64/jre/lib/amd64/server/libjvm.so
7f56f303c000-7f56f3065000 rw-p 00cf2000 08:08 1715167                    /usr/lib/jvm/java-8-openjdk-amd64/jre/lib/amd64/server/libjvm.so
7f56f3065000-7f56f3095000 rw-p 00000000 00:00 0 
7f56f3095000-7f56f322a000 r-xp 00000000 08:08 1973682                    /usr/lib/x86_64-linux-gnu/libc-2.24.so
7f56f322a000-7f56f342a000 ---p 00195000 08:08 1973682                    /usr/lib/x86_64-linux-gnu/libc-2.24.so
7f56f342a000-7f56f342e000 r--p 00195000 08:08 1973682                    /usr/lib/x86_64-linux-gnu/libc-2.24.so
7f56f342e000-7f56f3430000 rw-p 00199000 08:08 1973682                    /usr/lib/x86_64-linux-gnu/libc-2.24.so
7f56f3430000-7f56f3434000 rw-p 00000000 00:00 0 
7f56f3434000-7f56f3437000 r-xp 00000000 08:08 1973821                    /usr/lib/x86_64-linux-gnu/libdl-2.24.so
7f56f3437000-7f56f3636000 ---p 00003000 08:08 1973821                    /usr/lib/x86_64-linux-gnu/libdl-2.24.so
7f56f3636000-7f56f3637000 r--p 00002000 08:08 1973821                    /usr/lib/x86_64-linux-gnu/libdl-2.24.so
7f56f3637000-7f56f3638000 rw-p 00003000 08:08 1973821                    /usr/lib/x86_64-linux-gnu/libdl-2.24.so
7f56f3638000-7f56f3645000 r-xp 00000000 08:08 1715131                    /usr/lib/jvm/java-8-openjdk-amd64/jre/lib/amd64/jli/libjli.so
7f56f3645000-7f56f3845000 ---p 0000d000 08:08 1715131                    /usr/lib/jvm/java-8-openjdk-amd64/jre/lib/amd64/jli/libjli.so
7f56f3845000-7f56f3846000 r--p 0000d000 08:08 1715131                    /usr/lib/jvm/java-8-openjdk-amd64/jre/lib/amd64/jli/libjli.so
7f56f3846000-7f56f3847000 rw-p 0000e000 08:08 1715131                    /usr/lib/jvm/java-8-openjdk-amd64/jre/lib/amd64/jli/libjli.so
7f56f3847000-7f56f3860000 r-xp 00000000 08:08 1975262                    /usr/lib/x86_64-linux-gnu/libz.so.1.2.8
7f56f3860000-7f56f3a5f000 ---p 00019000 08:08 1975262                    /usr/lib/x86_64-linux-gnu/libz.so.1.2.8
7f56f3a5f000-7f56f3a60000 r--p 00018000 08:08 1975262                    /usr/lib/x86_64-linux-gnu/libz.so.1.2.8
7f56f3a60000-7f56f3a61000 rw-p 00019000 08:08 1975262                    /usr/lib/x86_64-linux-gnu/libz.so.1.2.8
7f56f3a61000-7f56f3a79000 r-xp 00000000 08:08 1974838                    /usr/lib/x86_64-linux-gnu/libpthread-2.24.so
7f56f3a79000-7f56f3c78000 ---p 00018000 08:08 1974838                    /usr/lib/x86_64-linux-gnu/libpthread-2.24.so
7f56f3c78000-7f56f3c79000 r--p 00017000 08:08 1974838                    /usr/lib/x86_64-linux-gnu/libpthread-2.24.so
7f56f3c79000-7f56f3c7a000 rw-p 00018000 08:08 1974838                    /usr/lib/x86_64-linux-gnu/libpthread-2.24.so
7f56f3c7a000-7f56f3c7e000 rw-p 00000000 00:00 0 
7f56f3c7e000-7f56f3ca1000 r-xp 00000000 08:08 1973230                    /usr/lib/x86_64-linux-gnu/ld-2.24.so
7f56f3ca1000-7f56f3ca2000 r--s 00008000 08:09 13369446                   /home/atomx/.eclipse/org.eclipse.platform_4.12.0_1473617060_linux_gtk_x86_64/plugins/org.eclipse.fx.ide.css.jfx8_3.5.0.201902220800.jar
7f56f3ca3000-7f56f3ca4000 rwxp 00000000 00:00 0 
7f56f3ca4000-7f56f3ca8000 rw-s 00000000 00:18 139                        /i915 (deleted)
7f56f3ca8000-7f56f3cab000 r--s 0000f000 08:08 1715180                    /usr/lib/jvm/java-8-openjdk-amd64/jre/lib/ext/icedtea-sound.jar
7f56f3cab000-7f56f3cad000 r--s 00001000 08:08 1715179                    /usr/lib/jvm/java-8-openjdk-amd64/jre/lib/ext/dnsns.jar
7f56f3cad000-7f56f3caf000 r--s 00008000 08:08 1715184                    /usr/lib/jvm/java-8-openjdk-amd64/jre/lib/ext/sunec.jar
7f56f3caf000-7f56f3cb5000 r--s 0003b000 08:08 1715185                    /usr/lib/jvm/java-8-openjdk-amd64/jre/lib/ext/sunjce_provider.jar
7f56f3cb5000-7f56f3cb7000 r--s 00007000 08:08 2654545                    /usr/share/java/java-atk-wrapper.jar
7f56f3cb7000-7f56f3d82000 rw-p 00000000 00:00 0 
7f56f3d82000-7f56f3d85000 ---p 00000000 00:00 0 
7f56f3d85000-7f56f3e85000 rw-p 00000000 00:00 0 
7f56f3e85000-7f56f3e86000 r--s 00010000 08:08 1715187                    /usr/lib/jvm/java-8-openjdk-amd64/jre/lib/ext/zipfs.jar
7f56f3e86000-7f56f3e87000 r--s 0000a000 08:08 1715181                    /usr/lib/jvm/java-8-openjdk-amd64/jre/lib/ext/jaccess.jar
7f56f3e87000-7f56f3e8a000 r--s 00038000 08:08 1715186                    /usr/lib/jvm/java-8-openjdk-amd64/jre/lib/ext/sunpkcs11.jar
7f56f3e8a000-7f56f3e94000 r--s 00116000 08:08 1715182                    /usr/lib/jvm/java-8-openjdk-amd64/jre/lib/ext/localedata.jar
7f56f3e94000-7f56f3e9c000 rw-s 00000000 08:08 2104380                    /tmp/hsperfdata_atomx/25391
7f56f3e9c000-7f56f3e9d000 rw-p 00000000 00:00 0 
7f56f3e9d000-7f56f3e9e000 r--p 00000000 00:00 0 
7f56f3e9e000-7f56f3ea1000 rw-p 00000000 00:00 0 
7f56f3ea1000-7f56f3ea2000 r--p 00023000 08:08 1973230                    /usr/lib/x86_64-linux-gnu/ld-2.24.so
7f56f3ea2000-7f56f3ea3000 rw-p 00024000 08:08 1973230                    /usr/lib/x86_64-linux-gnu/ld-2.24.so
7f56f3ea3000-7f56f3ea4000 rw-p 00000000 00:00 0 
7ffcaa1d2000-7ffcaa1f3000 rw-p 00000000 00:00 0                          [stack]
7ffcaa1f3000-7ffcaa1f6000 r--p 00000000 00:00 0                          [vvar]
7ffcaa1f6000-7ffcaa1f8000 r-xp 00000000 00:00 0                          [vdso]
ffffffffff600000-ffffffffff601000 r-xp 00000000 00:00 0                  [vsyscall]

VM Arguments:
jvm_args: -Dfile.encoding=UTF-8 
java_command: application.Main
java_class_path (initial): /home/atomx/eclipse-workspace/Library/bin:/home/atomx/.eclipse/org.eclipse.platform_4.12.0_1473617060_linux_gtk_x86_64/plugins/org.eclipse.fx.ide.css.jfx8_3.5.0.201902220800.jar:/home/atomx/eclipse-workspace/Library/lib/jfxrt.jar:/home/atomx/eclipse-workspace/Library/lib/mysql-connector-java-8.0.17.jar
Launcher Type: SUN_STANDARD

Environment Variables:
PATH=/usr/local/bin:/usr/bin:/bin:/usr/local/games:/usr/games:/sbin:/usr/sbin
SHELL=/bin/bash
DISPLAY=:0

Signal Handlers:
SIGSEGV: [libjvm.so+0xa74b40], sa_mask[0]=11111111011111111101111111111110, sa_flags=SA_RESTART|SA_SIGINFO
SIGBUS: [libjvm.so+0xa74b40], sa_mask[0]=11111111011111111101111111111110, sa_flags=SA_RESTART|SA_SIGINFO
SIGFPE: [libjvm.so+0x8bd510], sa_mask[0]=11111111011111111101111111111110, sa_flags=SA_RESTART|SA_SIGINFO
SIGPIPE: SIG_IGN, sa_mask[0]=00000000000010000000000000000000, sa_flags=SA_RESTART
SIGXFSZ: [libjvm.so+0x8bd510], sa_mask[0]=11111111011111111101111111111110, sa_flags=SA_RESTART|SA_SIGINFO
SIGILL: [libjvm.so+0x8bd510], sa_mask[0]=11111111011111111101111111111110, sa_flags=SA_RESTART|SA_SIGINFO
SIGUSR1: SIG_DFL, sa_mask[0]=00000000000000000000000000000000, sa_flags=none
SIGUSR2: [libjvm.so+0x8bd3c0], sa_mask[0]=00100000000000000000000000000000, sa_flags=SA_RESTART|SA_SIGINFO
SIGHUP: SIG_IGN, sa_mask[0]=00000000000000000000000000000000, sa_flags=none
SIGINT: [libjvm.so+0x8bd870], sa_mask[0]=11111111011111111101111111111110, sa_flags=SA_RESTART|SA_SIGINFO
SIGTERM: [libjvm.so+0x8bd870], sa_mask[0]=11111111011111111101111111111110, sa_flags=SA_RESTART|SA_SIGINFO
SIGQUIT: [libjvm.so+0x8bd870], sa_mask[0]=11111111011111111101111111111110, sa_flags=SA_RESTART|SA_SIGINFO


---------------  S Y S T E M  ---------------

OS:DISTRIB_ID=Deepin
DISTRIB_RELEASE="15.11"
DISTRIB_DESCRIPTION="Deepin 15.11 "
DISTRIB_CODENAME=stable

uname:Linux 4.15.0-30deepin-generic #31 SMP Fri Nov 30 04:29:02 UTC 2018 x86_64
libc:glibc 2.24 NPTL 2.24 
rlimit: STACK 8192k, CORE 0k, NPROC 30921, NOFILE 1048576, AS infinity
load average:1.53 1.85 1.49

/proc/meminfo:
MemTotal:        8018944 kB
MemFree:         1793340 kB
MemAvailable:    4485344 kB
Buffers:          390460 kB
Cached:          2521024 kB
SwapCached:            0 kB
Active:          4471420 kB
Inactive:        1353528 kB
Active(anon):    2914928 kB
Inactive(anon):   118256 kB
Active(file):    1556492 kB
Inactive(file):  1235272 kB
Unevictable:         112 kB
Mlocked:             112 kB
SwapTotal:       2097148 kB
SwapFree:        2097148 kB
Dirty:               596 kB
Writeback:             0 kB
AnonPages:       2913464 kB
Mapped:           549136 kB
Shmem:            119732 kB
Slab:             276612 kB
SReclaimable:     210304 kB
SUnreclaim:        66308 kB
KernelStack:       13184 kB
PageTables:        49548 kB
NFS_Unstable:          0 kB
Bounce:                0 kB
WritebackTmp:          0 kB
CommitLimit:     6106620 kB
Committed_AS:    8937628 kB
VmallocTotal:   34359738367 kB
VmallocUsed:           0 kB
VmallocChunk:          0 kB
HardwareCorrupted:     0 kB
AnonHugePages:      2048 kB
ShmemHugePages:        0 kB
ShmemPmdMapped:        0 kB
CmaTotal:              0 kB
CmaFree:               0 kB
HugePages_Total:       0
HugePages_Free:        0
HugePages_Rsvd:        0
HugePages_Surp:        0
Hugepagesize:       2048 kB
DirectMap4k:      445372 kB
DirectMap2M:     7792640 kB


CPU:total 2 (initial active 2) (2 cores per cpu, 1 threads per core) family 6 model 76 stepping 4, cmov, cx8, fxsr, mmx, sse, sse2, sse3, ssse3, sse4.1, sse4.2, popcnt, aes, clmul, erms, 3dnowpref, tsc, tscinvbit

/proc/cpuinfo:
processor	: 0
vendor_id	: GenuineIntel
cpu family	: 6
model		: 76
model name	: Intel(R) Celeron(R) CPU  N3010  @ 1.04GHz
stepping	: 4
microcode	: 0x404
cpu MHz		: 2240.000
cache size	: 1024 KB
physical id	: 0
siblings	: 2
core id		: 0
cpu cores	: 2
apicid		: 0
initial apicid	: 0
fpu		: yes
fpu_exception	: yes
cpuid level	: 11
wp		: yes
flags		: fpu vme de pse tsc msr pae mce cx8 apic sep mtrr pge mca cmov pat pse36 clflush dts acpi mmx fxsr sse sse2 ss ht tm pbe syscall nx rdtscp lm constant_tsc arch_perfmon pebs bts rep_good nopl xtopology tsc_reliable nonstop_tsc cpuid aperfmperf tsc_known_freq pni pclmulqdq dtes64 monitor ds_cpl vmx est tm2 ssse3 cx16 xtpr pdcm sse4_1 sse4_2 movbe popcnt tsc_deadline_timer aes rdrand lahf_lm 3dnowprefetch epb pti tpr_shadow vnmi flexpriority ept vpid tsc_adjust smep erms dtherm ida arat
bugs		: cpu_meltdown spectre_v1 spectre_v2
bogomips	: 2080.00
clflush size	: 64
cache_alignment	: 64
address sizes	: 36 bits physical, 48 bits virtual
power management:

processor	: 1
vendor_id	: GenuineIntel
cpu family	: 6
model		: 76
model name	: Intel(R) Celeron(R) CPU  N3010  @ 1.04GHz
stepping	: 4
microcode	: 0x404
cpu MHz		: 2179.776
cache size	: 1024 KB
physical id	: 0
siblings	: 2
core id		: 2
cpu cores	: 2
apicid		: 4
initial apicid	: 4
fpu		: yes
fpu_exception	: yes
cpuid level	: 11
wp		: yes
flags		: fpu vme de pse tsc msr pae mce cx8 apic sep mtrr pge mca cmov pat pse36 clflush dts acpi mmx fxsr sse sse2 ss ht tm pbe syscall nx rdtscp lm constant_tsc arch_perfmon pebs bts rep_good nopl xtopology tsc_reliable nonstop_tsc cpuid aperfmperf tsc_known_freq pni pclmulqdq dtes64 monitor ds_cpl vmx est tm2 ssse3 cx16 xtpr pdcm sse4_1 sse4_2 movbe popcnt tsc_deadline_timer aes rdrand lahf_lm 3dnowprefetch epb pti tpr_shadow vnmi flexpriority ept vpid tsc_adjust smep erms dtherm ida arat
bugs		: cpu_meltdown spectre_v1 spectre_v2
bogomips	: 2080.00
clflush size	: 64
cache_alignment	: 64
address sizes	: 36 bits physical, 48 bits virtual
power management:



Memory: 4k page, physical 8018944k(1793340k free), swap 2097148k(2097148k free)

vm_info: OpenJDK 64-Bit Server VM (25.181-b13) for linux-amd64 JRE (1.8.0_181-8u181-b13-2~deb9u1-b13), built on Oct 22 2018 18:05:23 by "pbuilder" with gcc 6.3.0 20170516

time: Sat Aug 31 14:17:47 2019
elapsed time: 11 seconds (0d 0h 0m 11s)

