#
# A fatal error has been detected by the Java Runtime Environment:
#
#  SIGSEGV (0xb) at pc=0x00007f1941c8707d, pid=28230, tid=0x00007f18ef0b1700
#
# JRE version: OpenJDK Runtime Environment (8.0_181-b13) (build 1.8.0_181-8u181-b13-2~deb9u1-b13)
# Java VM: OpenJDK 64-Bit Server VM (25.181-b13 mixed mode linux-amd64 compressed oops)
# Problematic frame:
# V  [libjvm.so+0x68107d]
#
# Failed to write core dump. Core dumps have been disabled. To enable core dumping, try "ulimit -c unlimited" before starting Java again
#
# If you would like to submit a bug report, please visit:
#   http://bugreport.java.com/bugreport/crash.jsp
#

---------------  T H R E A D  ---------------

Current thread (0x00007f193c283800):  JavaThread "JavaFX Application Thread" [_thread_in_vm, id=28250, stack(0x00007f18eefb1000,0x00007f18ef0b2000)]

siginfo: si_signo: 11 (SIGSEGV), si_code: 1 (SEGV_MAPERR), si_addr: 0x0000000000000001

Registers:
RAX=0x0000000000000000, RBX=0x00007f193c283800, RCX=0x00007f193c246fc8, RDX=0x0000000000000001
RSP=0x00007f18ef0b0230, RBP=0x00007f18ef0b03b0, RSI=0x00007f18ef0b03d0, RDI=0x00007f193c2839e0
R8 =0x00007f18ef0b0400, R9 =0x00007f193c283800, R10=0x00007f18e0000bd0, R11=0x00007f192d0b5cc0
R12=0x00007f193c2839e0, R13=0x00007f193c283800, R14=0x00007f18ef0b0490, R15=0x0000000000000001
RIP=0x00007f1941c8707d, EFLAGS=0x0000000000010202, CSGSFS=0x002b000000000033, ERR=0x0000000000000004
  TRAPNO=0x000000000000000e

Top of Stack: (sp=0x00007f18ef0b0230)
0x00007f18ef0b0230:   00007f18ef0b0340 00007f1941c6e1d3
0x00007f18ef0b0240:   00007f1927c4bfe0 00007f18ef0b0280
0x00007f18ef0b0250:   00007f190000000e 00007f193c2839e0
0x00007f18ef0b0260:   00007f18ef0b0270 00007f18ef0b03d0
0x00007f18ef0b0270:   00007f1927bafcc0 00007f193c283800
0x00007f18ef0b0280:   00007f1927bafcc0 00007f193c283800
0x00007f18ef0b0290:   00007f193c282dd0 00007f190c011a60
0x00007f18ef0b02a0:   00007f190c011a70 00007f190c011e48
0x00007f18ef0b02b0:   00000000000003d8 00007f193c282e10
0x00007f18ef0b02c0:   00007f1927bafcc0 00007f193c283800
0x00007f18ef0b02d0:   0000000027ba5c30 00000000d9037148
0x00007f18ef0b02e0:   0000000000000000 00007f192cbfce1b
0x00007f18ef0b02f0:   00007f1927bafcc0 00007f193c283800
0x00007f18ef0b0300:   0000000000000000 00000000d9080530
0x00007f18ef0b0310:   00007f180000006f 00007f180000000a
0x00007f18ef0b0320:   00000000da4dcf98 00007f1900000000
0x00007f18ef0b0330:   00007f18ef0b0420 00007f18ef0b03e0
0x00007f18ef0b0340:   00007f18ef0b04d0 0000000100000180
0x00007f18ef0b0350:   0000000000000002 00007f18ef0b0308
0x00007f18ef0b0360:   00007f18ef0b0349 0000000800000005
0x00007f18ef0b0370:   00007f1900000000 e0ad800b62a68100
0x00007f18ef0b0380:   00007f18ef0b0390 00007f193c283800
0x00007f18ef0b0390:   00007f193c2839e0 00007f193c246fc8
0x00007f18ef0b03a0:   00007f18ef0b0490 0000000000000001
0x00007f18ef0b03b0:   00007f18ef0b0480 00007f1941c8a6aa
0x00007f18ef0b03c0:   00007f18e0160390 00007f18ef0b0400
0x00007f18ef0b03d0:   000000000000000e 00007f1800000000
0x00007f18ef0b03e0:   00007f193c283800 0000000000000000
0x00007f18ef0b03f0:   0000000000000067 e0ad800b62a68100
0x00007f18ef0b0400:   00007f1942470938 00007f194319a7e0
0x00007f18ef0b0410:   000000003c263800 00007f1800000063
0x00007f18ef0b0420:   0000000000000000 0000003000000018 

Instructions: (pc=0x00007f1941c8707d)
0x00007f1941c8705d:   ff 48 89 b5 b8 fe ff ff 64 48 8b 04 25 28 00 00
0x00007f1941c8706d:   00 48 89 45 c8 31 c0 48 85 d2 0f 84 3b 03 00 00
0x00007f1941c8707d:   4c 8b 32 4d 85 f6 0f 84 2f 03 00 00 49 8b b9 20
0x00007f1941c8708d:   01 00 00 48 89 cb 4d 89 c4 e8 f5 4c ff ff 4c 89 

Register to memory mapping:

RAX=0x0000000000000000 is an unknown value
RBX=0x00007f193c283800 is a thread
RCX=0x00007f193c246fc8 is an unknown value
RDX=0x0000000000000001 is an unknown value
RSP=0x00007f18ef0b0230 is pointing into the stack for thread: 0x00007f193c283800
RBP=0x00007f18ef0b03b0 is pointing into the stack for thread: 0x00007f193c283800
RSI=0x00007f18ef0b03d0 is pointing into the stack for thread: 0x00007f193c283800
RDI=0x00007f193c2839e0 is an unknown value
R8 =0x00007f18ef0b0400 is pointing into the stack for thread: 0x00007f193c283800
R9 =0x00007f193c283800 is a thread
R10=0x00007f18e0000bd0 is an unknown value
R11=0x00007f192d0b5cc0 is at entry_point+32 in (nmethod*)0x00007f192d0b5b50
R12=0x00007f193c2839e0 is an unknown value
R13=0x00007f193c283800 is a thread
R14=0x00007f18ef0b0490 is pointing into the stack for thread: 0x00007f193c283800
R15=0x0000000000000001 is an unknown value


Stack: [0x00007f18eefb1000,0x00007f18ef0b2000],  sp=0x00007f18ef0b0230,  free space=1020k
Native frames: (J=compiled Java code, j=interpreted, Vv=VM code, C=native code)
V  [libjvm.so+0x68107d]
V  [libjvm.so+0x6846aa]
C  [libglass.so+0x12d33]  JNIEnv_::CallVoidMethod(_jobject*, _jmethodID*, ...)+0x93
C  [libglass.so+0x1ccf6]  WindowContextBase::process_key(_GdkEventKey*)+0x226
C  [libglass.so+0x1a9c0]  WindowContextBase::im_filter_keypress(_GdkEventKey*)+0x1f0
C  [libglass.so+0x23094]
C  [libgdk-x11-2.0.so.0+0x5acbc]

Java frames: (J=compiled Java code, j=interpreted, Vv=VM code)
j  com.sun.glass.ui.gtk.GtkApplication._runLoop(Ljava/lang/Runnable;Z)V+0
j  com.sun.glass.ui.gtk.GtkApplication.lambda$null$5(Ljava/lang/Runnable;Z)V+7
j  com.sun.glass.ui.gtk.GtkApplication$$Lambda$41.run()V+12
j  java.lang.Thread.run()V+11
v  ~StubRoutines::call_stub

---------------  P R O C E S S  ---------------

Java Threads: ( => current thread )
  0x00007f18e03e1800 JavaThread "Prism Font Disposer" daemon [_thread_blocked, id=28257, stack(0x00007f18ec956000,0x00007f18eca57000)]
  0x00007f18e00a4800 JavaThread "mysql-cj-abandoned-connection-cleanup" daemon [_thread_blocked, id=28253, stack(0x00007f18ee3c7000,0x00007f18ee4c8000)]
  0x00007f193c28b000 JavaThread "JavaFX-Launcher" [_thread_blocked, id=28252, stack(0x00007f18ee56e000,0x00007f18ee66f000)]
=>0x00007f193c283800 JavaThread "JavaFX Application Thread" [_thread_in_vm, id=28250, stack(0x00007f18eefb1000,0x00007f18ef0b2000)]
  0x00007f193c27f000 JavaThread "Thread-1" daemon [_thread_blocked, id=28249, stack(0x00007f18ef0b2000,0x00007f18ef1b3000)]
  0x00007f193c230800 JavaThread "QuantumRenderer-0" daemon [_thread_blocked, id=28247, stack(0x00007f1926056000,0x00007f1926157000)]
  0x00007f193c0b9800 JavaThread "Service Thread" daemon [_thread_blocked, id=28245, stack(0x00007f1926324000,0x00007f1926425000)]
  0x00007f193c0b7000 JavaThread "C1 CompilerThread1" daemon [_thread_blocked, id=28244, stack(0x00007f1926425000,0x00007f1926526000)]
  0x00007f193c0b4000 JavaThread "C2 CompilerThread0" daemon [_thread_in_native, id=28243, stack(0x00007f1926526000,0x00007f1926627000)]
  0x00007f193c0b2800 JavaThread "Signal Dispatcher" daemon [_thread_blocked, id=28242, stack(0x00007f1926627000,0x00007f1926728000)]
  0x00007f193c080000 JavaThread "Finalizer" daemon [_thread_blocked, id=28241, stack(0x00007f19268c3000,0x00007f19269c4000)]
  0x00007f193c07d800 JavaThread "Reference Handler" daemon [_thread_blocked, id=28240, stack(0x00007f19269c4000,0x00007f1926ac5000)]
  0x00007f193c00a800 JavaThread "main" [_thread_blocked, id=28235, stack(0x00007f194323e000,0x00007f194333f000)]

Other Threads:
  0x00007f193c074000 VMThread [stack: 0x00007f1926ac5000,0x00007f1926bc6000] [id=28239]
  0x00007f193c0bc000 WatcherThread [stack: 0x00007f1926223000,0x00007f1926324000] [id=28246]

VM state:not at safepoint (normal execution)

VM Mutex/Monitor currently owned by a thread: None

Heap:
 PSYoungGen      total 68608K, used 57732K [0x00000000d7380000, 0x00000000dbb80000, 0x0000000100000000)
  eden space 63488K, 82% used [0x00000000d7380000,0x00000000da6e84a8,0x00000000db180000)
  from space 5120K, 99% used [0x00000000db680000,0x00000000dbb78be0,0x00000000dbb80000)
  to   space 5120K, 0% used [0x00000000db180000,0x00000000db180000,0x00000000db680000)
 ParOldGen       total 84992K, used 2803K [0x0000000085a00000, 0x000000008ad00000, 0x00000000d7380000)
  object space 84992K, 3% used [0x0000000085a00000,0x0000000085cbcea8,0x000000008ad00000)
 Metaspace       used 19619K, capacity 20416K, committed 20608K, reserved 1067008K
  class space    used 2631K, capacity 2823K, committed 2944K, reserved 1048576K

Card table byte_map: [0x00007f192c451000,0x00007f192c825000] byte_map_base: 0x00007f192c024000

Marking Bits: (ParMarkBitMap*) 0x00007f19425343a0
 Begin Bits: [0x00007f1928292000, 0x00007f192a12a000)
 End Bits:   [0x00007f192a12a000, 0x00007f192bfc2000)

Polling page: 0x00007f1943359000

CodeCache: size=245760Kb used=6043Kb max_used=6043Kb free=239716Kb
 bounds [0x00007f192cbe5000, 0x00007f192d1d5000, 0x00007f193bbe5000]
 total_blobs=2706 nmethods=2017 adapters=604
 compilation: enabled

Compilation events (10 events):
Event: 12.911 Thread 0x00007f193c0b7000 nmethod 2013 0x00007f192d1c5290 code [0x00007f192d1c53e0, 0x00007f192d1c5530]
Event: 12.912 Thread 0x00007f193c0b7000 2014       3       javafx.beans.property.DoubleProperty::<init> (5 bytes)
Event: 12.912 Thread 0x00007f193c0b7000 nmethod 2014 0x00007f192d1c55d0 code [0x00007f192d1c5760, 0x00007f192d1c5a30]
Event: 12.913 Thread 0x00007f193c0b7000 2015       3       javafx.scene.Node::impl_isTreeVisible (8 bytes)
Event: 12.914 Thread 0x00007f193c0b7000 nmethod 2015 0x00007f192d1c5bd0 code [0x00007f192d1c5d60, 0x00007f192d1c6210]
Event: 12.919 Thread 0x00007f193c0b7000 2016       3       com.sun.javafx.css.StyleManager$Cache::getStyleMap (400 bytes)
Event: 12.934 Thread 0x00007f193c0b7000 nmethod 2016 0x00007f192d1c6450 code [0x00007f192d1c68c0, 0x00007f192d1c96f8]
Event: 12.934 Thread 0x00007f193c0b7000 2019       3       com.sun.javafx.font.LogicalFont::getSlotResource (133 bytes)
Event: 12.975 Thread 0x00007f193c0b7000 nmethod 2019 0x00007f192d1cb8d0 code [0x00007f192d1cbb60, 0x00007f192d1cca48]
Event: 12.975 Thread 0x00007f193c0b7000 2017       3       com.sun.javafx.css.CascadingStyle::getOrigin (8 bytes)

GC Heap History (4 events):
Event: 1.911 GC heap before
{Heap before GC invocations=1 (full 0):
 PSYoungGen      total 36864K, used 31744K [0x00000000d7380000, 0x00000000d9c80000, 0x0000000100000000)
  eden space 31744K, 100% used [0x00000000d7380000,0x00000000d9280000,0x00000000d9280000)
  from space 5120K, 0% used [0x00000000d9780000,0x00000000d9780000,0x00000000d9c80000)
  to   space 5120K, 0% used [0x00000000d9280000,0x00000000d9280000,0x00000000d9780000)
 ParOldGen       total 84992K, used 0K [0x0000000085a00000, 0x000000008ad00000, 0x00000000d7380000)
  object space 84992K, 0% used [0x0000000085a00000,0x0000000085a00000,0x000000008ad00000)
 Metaspace       used 11582K, capacity 11982K, committed 12288K, reserved 1060864K
  class space    used 1353K, capacity 1517K, committed 1536K, reserved 1048576K
Event: 1.932 GC heap after
Heap after GC invocations=1 (full 0):
 PSYoungGen      total 36864K, used 5097K [0x00000000d7380000, 0x00000000dbb80000, 0x0000000100000000)
  eden space 31744K, 0% used [0x00000000d7380000,0x00000000d7380000,0x00000000d9280000)
  from space 5120K, 99% used [0x00000000d9280000,0x00000000d977a670,0x00000000d9780000)
  to   space 5120K, 0% used [0x00000000db680000,0x00000000db680000,0x00000000dbb80000)
 ParOldGen       total 84992K, used 1910K [0x0000000085a00000, 0x000000008ad00000, 0x00000000d7380000)
  object space 84992K, 2% used [0x0000000085a00000,0x0000000085bdd870,0x000000008ad00000)
 Metaspace       used 11582K, capacity 11982K, committed 12288K, reserved 1060864K
  class space    used 1353K, capacity 1517K, committed 1536K, reserved 1048576K
}
Event: 2.298 GC heap before
{Heap before GC invocations=2 (full 0):
 PSYoungGen      total 36864K, used 36841K [0x00000000d7380000, 0x00000000dbb80000, 0x0000000100000000)
  eden space 31744K, 100% used [0x00000000d7380000,0x00000000d9280000,0x00000000d9280000)
  from space 5120K, 99% used [0x00000000d9280000,0x00000000d977a670,0x00000000d9780000)
  to   space 5120K, 0% used [0x00000000db680000,0x00000000db680000,0x00000000dbb80000)
 ParOldGen       total 84992K, used 1910K [0x0000000085a00000, 0x000000008ad00000, 0x00000000d7380000)
  object space 84992K, 2% used [0x0000000085a00000,0x0000000085bdd870,0x000000008ad00000)
 Metaspace       used 12857K, capacity 13242K, committed 13568K, reserved 1060864K
  class space    used 1543K, capacity 1680K, committed 1792K, reserved 1048576K
Event: 2.314 GC heap after
Heap after GC invocations=2 (full 0):
 PSYoungGen      total 68608K, used 5090K [0x00000000d7380000, 0x00000000dbb80000, 0x0000000100000000)
  eden space 63488K, 0% used [0x00000000d7380000,0x00000000d7380000,0x00000000db180000)
  from space 5120K, 99% used [0x00000000db680000,0x00000000dbb78be0,0x00000000dbb80000)
  to   space 5120K, 0% used [0x00000000db180000,0x00000000db180000,0x00000000db680000)
 ParOldGen       total 84992K, used 2803K [0x0000000085a00000, 0x000000008ad00000, 0x00000000d7380000)
  object space 84992K, 3% used [0x0000000085a00000,0x0000000085cbcea8,0x000000008ad00000)
 Metaspace       used 12857K, capacity 13242K, committed 13568K, reserved 1060864K
  class space    used 1543K, capacity 1680K, committed 1792K, reserved 1048576K
}

Deoptimization events (10 events):
Event: 3.135 Thread 0x00007f193c283800 Uncommon trap: reason=class_check action=maybe_recompile pc=0x00007f192ccf7a20 method=java.lang.String.equals(Ljava/lang/Object;)Z @ 8
Event: 3.135 Thread 0x00007f193c283800 Uncommon trap: reason=class_check action=maybe_recompile pc=0x00007f192ccf7a20 method=java.lang.String.equals(Ljava/lang/Object;)Z @ 8
Event: 3.141 Thread 0x00007f193c283800 Uncommon trap: reason=class_check action=maybe_recompile pc=0x00007f192ccf7a20 method=java.lang.String.equals(Ljava/lang/Object;)Z @ 8
Event: 3.247 Thread 0x00007f193c283800 Uncommon trap: reason=unstable_if action=reinterpret pc=0x00007f192cf8ff6c method=java.lang.ClassLoader.checkName(Ljava/lang/String;)Z @ 20
Event: 3.823 Thread 0x00007f193c283800 Uncommon trap: reason=unstable_if action=reinterpret pc=0x00007f192cf1fbe4 method=jdk.internal.org.objectweb.asm.Type.getArgumentsAndReturnSizes(Ljava/lang/String;)I @ 47
Event: 4.802 Thread 0x00007f193c230800 Uncommon trap: reason=unstable_if action=reinterpret pc=0x00007f192d03a3a0 method=java.lang.StrictMath.floorOrCeil(DDDD)D @ 115
Event: 11.160 Thread 0x00007f193c283800 Uncommon trap: reason=unstable_if action=reinterpret pc=0x00007f192ce425a0 method=java.lang.CharacterData.of(I)Ljava/lang/CharacterData; @ 4
Event: 12.738 Thread 0x00007f193c283800 Uncommon trap: reason=unstable_if action=reinterpret pc=0x00007f192cecbc9c method=sun.nio.cs.UTF_8$Decoder.decode([BII[C)I @ 30
Event: 12.802 Thread 0x00007f193c283800 Uncommon trap: reason=unstable_if action=reinterpret pc=0x00007f192d0ddf3c method=java.lang.StrictMath.floorOrCeil(DDDD)D @ 38
Event: 12.803 Thread 0x00007f193c283800 Uncommon trap: reason=unstable_if action=reinterpret pc=0x00007f192d1589f4 method=javafx.scene.Node.updateLocalToParentTransform()V @ 4

Classes redefined (0 events):
No events

Internal exceptions (10 events):
Event: 0.425 Thread 0x00007f193c00a800 Exception <a 'java/security/PrivilegedActionException'> (0x00000000d7635bd8) thrown at [/build/openjdk-8-8u181-b13/src/hotspot/src/share/vm/prims/jvm.cpp, line 1435]
Event: 0.425 Thread 0x00007f193c00a800 Exception <a 'java/lang/NullPointerException'> (0x00000000d7637180) thrown at [/build/openjdk-8-8u181-b13/src/hotspot/src/share/vm/interpreter/linkResolver.cpp, line 1185]
Event: 1.763 Thread 0x00007f193c283800 Exception <a 'java/lang/NullPointerException'> (0x00000000d8b46248) thrown at [/build/openjdk-8-8u181-b13/src/hotspot/src/share/vm/interpreter/linkResolver.cpp, line 1185]
Event: 1.763 Thread 0x00007f193c283800 Exception <a 'java/lang/NullPointerException'> (0x00000000d8b46248) thrown at [/build/openjdk-8-8u181-b13/src/hotspot/src/share/vm/prims/jvm.cpp, line 1439]
Event: 2.039 Thread 0x00007f193c283800 Implicit null exception at 0x00007f192ced69d7 to 0x00007f192ced6e9d
Event: 2.040 Thread 0x00007f193c283800 Implicit null exception at 0x00007f192ced82ff to 0x00007f192ced8975
Event: 2.287 Thread 0x00007f193c283800 Exception <a 'java/lang/ArrayIndexOutOfBoundsException'> (0x00000000d9234288) thrown at [/build/openjdk-8-8u181-b13/src/hotspot/src/share/vm/runtime/sharedRuntime.cpp, line 605]
Event: 2.288 Thread 0x00007f193c283800 Exception <a 'java/lang/ArrayIndexOutOfBoundsException'> (0x00000000d9234f88) thrown at [/build/openjdk-8-8u181-b13/src/hotspot/src/share/vm/runtime/sharedRuntime.cpp, line 605]
Event: 2.289 Thread 0x00007f193c283800 Exception <a 'java/lang/ArrayIndexOutOfBoundsException'> (0x00000000d9236330) thrown at [/build/openjdk-8-8u181-b13/src/hotspot/src/share/vm/runtime/sharedRuntime.cpp, line 605]
Event: 2.857 Thread 0x00007f193c283800 Implicit null exception at 0x00007f192cf4f1b5 to 0x00007f192cf4f3d1

Events (10 events):
Event: 12.793 loading class javafx/scene/Node$MiscProperties$9$1
Event: 12.793 loading class javafx/scene/Node$MiscProperties$9$1 done
Event: 12.802 Thread 0x00007f193c283800 Uncommon trap: trap_request=0xffffff65 fr.pc=0x00007f192d0ddf3c
Event: 12.802 Thread 0x00007f193c283800 DEOPT PACKING pc=0x00007f192d0ddf3c sp=0x00007f18ef0ae7a0
Event: 12.802 Thread 0x00007f193c283800 DEOPT UNPACKING pc=0x00007f192cc2a47a sp=0x00007f18ef0ae728 mode 2
Event: 12.803 Thread 0x00007f193c283800 Uncommon trap: trap_request=0xffffff65 fr.pc=0x00007f192d1589f4
Event: 12.803 Thread 0x00007f193c283800 DEOPT PACKING pc=0x00007f192d1589f4 sp=0x00007f18ef0ae4c0
Event: 12.803 Thread 0x00007f193c283800 DEOPT UNPACKING pc=0x00007f192cc2a47a sp=0x00007f18ef0ae440 mode 2
Event: 12.977 loading class com/sun/javafx/scene/KeyboardShortcutsHandler$1
Event: 12.977 loading class com/sun/javafx/scene/KeyboardShortcutsHandler$1 done


Dynamic libraries:
85a00000-8ad00000 rw-p 00000000 00:00 0 
8ad00000-d7380000 ---p 00000000 00:00 0 
d7380000-dbb80000 rw-p 00000000 00:00 0 
dbb80000-100000000 ---p 00000000 00:00 0 
100000000-1002e0000 rw-p 00000000 00:00 0 
1002e0000-140000000 ---p 00000000 00:00 0 
55d2fb120000-55d2fb121000 r-xp 00000000 08:08 1715118                    /usr/lib/jvm/java-8-openjdk-amd64/jre/bin/java
55d2fb320000-55d2fb321000 r--p 00000000 08:08 1715118                    /usr/lib/jvm/java-8-openjdk-amd64/jre/bin/java
55d2fb321000-55d2fb322000 rw-p 00001000 08:08 1715118                    /usr/lib/jvm/java-8-openjdk-amd64/jre/bin/java
55d2fba70000-55d2fba91000 rw-p 00000000 00:00 0                          [heap]
7f18dcdff000-7f18dcf3f000 rw-p 00000000 00:00 0 
7f18dcf3f000-7f18dcfff000 ---p 00000000 00:00 0 
7f18dcfff000-7f18e0000000 rw-p 00000000 00:00 0 
7f18e0000000-7f18e0588000 rw-p 00000000 00:00 0 
7f18e0588000-7f18e4000000 ---p 00000000 00:00 0 
7f18e4000000-7f18e4021000 rw-p 00000000 00:00 0 
7f18e4021000-7f18e8000000 ---p 00000000 00:00 0 
7f18e8000000-7f18e8021000 rw-p 00000000 00:00 0 
7f18e8021000-7f18ec000000 ---p 00000000 00:00 0 
7f18ec056000-7f18ec057000 rw-s 1034e4000 00:06 344                       /dev/dri/card0
7f18ec057000-7f18ec058000 rw-s 104a9e000 00:06 344                       /dev/dri/card0
7f18ec058000-7f18ec059000 rw-s 104f2d000 00:06 344                       /dev/dri/card0
7f18ec059000-7f18ec05a000 rw-s 104f2c000 00:06 344                       /dev/dri/card0
7f18ec05a000-7f18ec05f000 rw-s 00000000 00:18 182                        /i915 (deleted)
7f18ec15f000-7f18ec16f000 rw-s 00000000 00:18 180                        /i915 (deleted)
7f18ec16f000-7f18ec170000 rw-s 00000000 00:18 124                        /i915 (deleted)
7f18ec170000-7f18ec174000 rw-s 00000000 00:18 178                        /i915 (deleted)
7f18ec174000-7f18ec1d4000 rw-s 104eba000 00:06 344                       /dev/dri/card0
7f18ec1d4000-7f18ec394000 rw-s 104b9f000 00:06 344                       /dev/dri/card0
7f18ec394000-7f18ec3f4000 rw-s 1045c7000 00:06 344                       /dev/dri/card0
7f18ec3f4000-7f18ec402000 rw-s 105302000 00:06 344                       /dev/dri/card0
7f18ec402000-7f18ec406000 rw-s 00000000 00:18 162                        /i915 (deleted)
7f18ec406000-7f18ec40b000 rw-s 00000000 00:18 160                        /i915 (deleted)
7f18ec40b000-7f18ec5cb000 rw-s 1063e3000 00:06 344                       /dev/dri/card0
7f18ec5cb000-7f18ec5db000 rw-s 00000000 00:18 167                        /i915 (deleted)
7f18ec5db000-7f18ec5e0000 rw-s 00000000 00:18 14                         /i915 (deleted)
7f18ec5e0000-7f18ec5f0000 rw-s 00000000 00:18 154                        /i915 (deleted)
7f18ec5f0000-7f18ec5fc000 rw-s 00000000 00:18 128                        /i915 (deleted)
7f18ec5fc000-7f18ec8fc000 rw-s 105816000 00:06 344                       /dev/dri/card0
7f18ec8fc000-7f18ec90f000 r--s 00346000 08:08 1715206                    /usr/lib/jvm/java-8-openjdk-amd64/jre/lib/resources.jar
7f18ec90f000-7f18ec956000 r--p 00000000 08:08 2491713                    /usr/share/fonts/truetype/noto/NotoSans-BoldItalic.ttf
7f18ec956000-7f18ec959000 ---p 00000000 00:00 0 
7f18ec959000-7f18eca57000 rw-p 00000000 00:00 0 
7f18eca57000-7f18ecaa2000 r--p 00000000 08:08 2491715                    /usr/share/fonts/truetype/noto/NotoSans-Regular.ttf
7f18ecaa2000-7f18ecca2000 rw-p 00000000 00:00 0 
7f18ecca2000-7f18eccd2000 r-xp 00000000 08:08 1973152                    /usr/lib/x86_64-linux-gnu/gtk-2.0/2.10.0/engines/libmurrine.so
7f18eccd2000-7f18eced2000 ---p 00030000 08:08 1973152                    /usr/lib/x86_64-linux-gnu/gtk-2.0/2.10.0/engines/libmurrine.so
7f18eced2000-7f18eced3000 r--p 00030000 08:08 1973152                    /usr/lib/x86_64-linux-gnu/gtk-2.0/2.10.0/engines/libmurrine.so
7f18eced3000-7f18eced4000 rw-p 00031000 08:08 1973152                    /usr/lib/x86_64-linux-gnu/gtk-2.0/2.10.0/engines/libmurrine.so
7f18eced4000-7f18eced6000 r-xp 00000000 08:08 1973145                    /usr/lib/x86_64-linux-gnu/gtk-2.0/2.10.0/engines/libadwaita.so
7f18eced6000-7f18ed0d6000 ---p 00002000 08:08 1973145                    /usr/lib/x86_64-linux-gnu/gtk-2.0/2.10.0/engines/libadwaita.so
7f18ed0d6000-7f18ed0d7000 r--p 00002000 08:08 1973145                    /usr/lib/x86_64-linux-gnu/gtk-2.0/2.10.0/engines/libadwaita.so
7f18ed0d7000-7f18ed0d8000 rw-p 00003000 08:08 1973145                    /usr/lib/x86_64-linux-gnu/gtk-2.0/2.10.0/engines/libadwaita.so
7f18ed0d8000-7f18ed0e2000 r-xp 00000000 08:08 1973153                    /usr/lib/x86_64-linux-gnu/gtk-2.0/2.10.0/engines/libpixmap.so
7f18ed0e2000-7f18ed2e1000 ---p 0000a000 08:08 1973153                    /usr/lib/x86_64-linux-gnu/gtk-2.0/2.10.0/engines/libpixmap.so
7f18ed2e1000-7f18ed2e2000 r--p 00009000 08:08 1973153                    /usr/lib/x86_64-linux-gnu/gtk-2.0/2.10.0/engines/libpixmap.so
7f18ed2e2000-7f18ed2e3000 rw-p 0000a000 08:08 1973153                    /usr/lib/x86_64-linux-gnu/gtk-2.0/2.10.0/engines/libpixmap.so
7f18ed2e3000-7f18ed2e7000 r--s 00000000 08:08 1572907                    /var/cache/fontconfig/0fafd173547752dce4dee1a69e0b3c95-le64.cache-4
7f18ed2e7000-7f18ed329000 r--s 00000000 08:08 1572909                    /var/cache/fontconfig/0bd3dc0958fa2205aaaa8ebb13e2872b-le64.cache-4
7f18ed329000-7f18ed335000 r--s 00000000 08:08 1586852                    /var/cache/fontconfig/d589a48862398ed80a3d6066f4f56f4c-le64.cache-4
7f18ed335000-7f18ed33a000 r-xp 00000000 08:08 1717399                    /usr/lib/jvm/java-8-openjdk-amd64/jre/lib/amd64/libjavafx_font_freetype.so
7f18ed33a000-7f18ed539000 ---p 00005000 08:08 1717399                    /usr/lib/jvm/java-8-openjdk-amd64/jre/lib/amd64/libjavafx_font_freetype.so
7f18ed539000-7f18ed53a000 r--p 00004000 08:08 1717399                    /usr/lib/jvm/java-8-openjdk-amd64/jre/lib/amd64/libjavafx_font_freetype.so
7f18ed53a000-7f18ed53b000 rw-p 00005000 08:08 1717399                    /usr/lib/jvm/java-8-openjdk-amd64/jre/lib/amd64/libjavafx_font_freetype.so
7f18ed53b000-7f18ed73b000 rw-p 00000000 00:00 0 
7f18ed73b000-7f18ed73e000 r-xp 00000000 08:08 1717398                    /usr/lib/jvm/java-8-openjdk-amd64/jre/lib/amd64/libjavafx_font.so
7f18ed73e000-7f18ed93d000 ---p 00003000 08:08 1717398                    /usr/lib/jvm/java-8-openjdk-amd64/jre/lib/amd64/libjavafx_font.so
7f18ed93d000-7f18ed93e000 r--p 00002000 08:08 1717398                    /usr/lib/jvm/java-8-openjdk-amd64/jre/lib/amd64/libjavafx_font.so
7f18ed93e000-7f18ed93f000 rw-p 00003000 08:08 1717398                    /usr/lib/jvm/java-8-openjdk-amd64/jre/lib/amd64/libjavafx_font.so
7f18ed93f000-7f18ed9a8000 r-xp 00000000 08:08 1974422                    /usr/lib/x86_64-linux-gnu/libjpeg.so.62.2.0
7f18ed9a8000-7f18edba8000 ---p 00069000 08:08 1974422                    /usr/lib/x86_64-linux-gnu/libjpeg.so.62.2.0
7f18edba8000-7f18edba9000 r--p 00069000 08:08 1974422                    /usr/lib/x86_64-linux-gnu/libjpeg.so.62.2.0
7f18edba9000-7f18edbaa000 rw-p 0006a000 08:08 1974422                    /usr/lib/x86_64-linux-gnu/libjpeg.so.62.2.0
7f18edbaa000-7f18edbae000 r-xp 00000000 08:08 1717401                    /usr/lib/jvm/java-8-openjdk-amd64/jre/lib/amd64/libjavafx_iio.so
7f18edbae000-7f18eddad000 ---p 00004000 08:08 1717401                    /usr/lib/jvm/java-8-openjdk-amd64/jre/lib/amd64/libjavafx_iio.so
7f18eddad000-7f18eddae000 r--p 00003000 08:08 1717401                    /usr/lib/jvm/java-8-openjdk-amd64/jre/lib/amd64/libjavafx_iio.so
7f18eddae000-7f18eddaf000 rw-p 00004000 08:08 1717401                    /usr/lib/jvm/java-8-openjdk-amd64/jre/lib/amd64/libjavafx_iio.so
7f18eddaf000-7f18edfaf000 rw-p 00000000 00:00 0 
7f18edfaf000-7f18ee1af000 rw-p 00000000 00:00 0 
7f18ee1af000-7f18ee1c6000 r-xp 00000000 08:08 1715156                    /usr/lib/jvm/java-8-openjdk-amd64/jre/lib/amd64/libnet.so
7f18ee1c6000-7f18ee3c5000 ---p 00017000 08:08 1715156                    /usr/lib/jvm/java-8-openjdk-amd64/jre/lib/amd64/libnet.so
7f18ee3c5000-7f18ee3c6000 r--p 00016000 08:08 1715156                    /usr/lib/jvm/java-8-openjdk-amd64/jre/lib/amd64/libnet.so
7f18ee3c6000-7f18ee3c7000 rw-p 00017000 08:08 1715156                    /usr/lib/jvm/java-8-openjdk-amd64/jre/lib/amd64/libnet.so
7f18ee3c7000-7f18ee3ca000 ---p 00000000 00:00 0 
7f18ee3ca000-7f18ee4c8000 rw-p 00000000 00:00 0 
7f18ee4c8000-7f18ee56e000 r--s 010bb000 08:09 14421221                   /home/atomx/eclipse-workspace/Library/lib/jfxrt.jar
7f18ee56e000-7f18ee571000 ---p 00000000 00:00 0 
7f18ee571000-7f18ee66f000 rw-p 00000000 00:00 0 
7f18ee66f000-7f18ee670000 ---p 00000000 00:00 0 
7f18ee670000-7f18eee70000 rw-p 00000000 00:00 0 
7f18eee70000-7f18eefb1000 rw-s 00000000 08:09 12845132                   /home/atomx/.cache/mesa_shader_cache/index
7f18eefb1000-7f18eefb4000 ---p 00000000 00:00 0 
7f18eefb4000-7f18ef0b2000 rw-p 00000000 00:00 0 
7f18ef0b2000-7f18ef0b5000 ---p 00000000 00:00 0 
7f18ef0b5000-7f18ef1b3000 rw-p 00000000 00:00 0 
7f18ef1b3000-7f18ef1dc000 r-xp 00000000 08:08 1717396                    /usr/lib/jvm/java-8-openjdk-amd64/jre/lib/amd64/libglass.so
7f18ef1dc000-7f18ef3dc000 ---p 00029000 08:08 1717396                    /usr/lib/jvm/java-8-openjdk-amd64/jre/lib/amd64/libglass.so
7f18ef3dc000-7f18ef3dd000 r--p 00029000 08:08 1717396                    /usr/lib/jvm/java-8-openjdk-amd64/jre/lib/amd64/libglass.so
7f18ef3dd000-7f18ef3de000 rw-p 0002a000 08:08 1717396                    /usr/lib/jvm/java-8-openjdk-amd64/jre/lib/amd64/libglass.so
7f18ef3de000-7f18ef3df000 rw-p 00000000 00:00 0 
7f18ef3df000-7f18ef3e0000 ---p 00000000 00:00 0 
7f18ef3e0000-7f18efbe0000 rw-p 00000000 00:00 0 
7f18efbe0000-7f18efbe8000 r-xp 00000000 08:08 1974752                    /usr/lib/x86_64-linux-gnu/libpciaccess.so.0.11.1
7f18efbe8000-7f18efde8000 ---p 00008000 08:08 1974752                    /usr/lib/x86_64-linux-gnu/libpciaccess.so.0.11.1
7f18efde8000-7f18efde9000 r--p 00008000 08:08 1974752                    /usr/lib/x86_64-linux-gnu/libpciaccess.so.0.11.1
7f18efde9000-7f18efdea000 rw-p 00009000 08:08 1974752                    /usr/lib/x86_64-linux-gnu/libpciaccess.so.0.11.1
7f18efdea000-7f18efdf5000 r-xp 00000000 08:08 1973844                    /usr/lib/x86_64-linux-gnu/libdrm_radeon.so.1.0.1
7f18efdf5000-7f18efff4000 ---p 0000b000 08:08 1973844                    /usr/lib/x86_64-linux-gnu/libdrm_radeon.so.1.0.1
7f18efff4000-7f18efff5000 r--p 0000a000 08:08 1973844                    /usr/lib/x86_64-linux-gnu/libdrm_radeon.so.1.0.1
7f18efff5000-7f18efff6000 rw-p 0000b000 08:08 1973844                    /usr/lib/x86_64-linux-gnu/libdrm_radeon.so.1.0.1
7f18efff6000-7f18efffd000 r-xp 00000000 08:08 1973842                    /usr/lib/x86_64-linux-gnu/libdrm_nouveau.so.2.0.0
7f18efffd000-7f18f01fc000 ---p 00007000 08:08 1973842                    /usr/lib/x86_64-linux-gnu/libdrm_nouveau.so.2.0.0
7f18f01fc000-7f18f01fd000 r--p 00006000 08:08 1973842                    /usr/lib/x86_64-linux-gnu/libdrm_nouveau.so.2.0.0
7f18f01fd000-7f18f01fe000 rw-p 00007000 08:08 1973842                    /usr/lib/x86_64-linux-gnu/libdrm_nouveau.so.2.0.0
7f18f01fe000-7f18f0221000 r-xp 00000000 08:08 1973840                    /usr/lib/x86_64-linux-gnu/libdrm_intel.so.1.0.0
7f18f0221000-7f18f0420000 ---p 00023000 08:08 1973840                    /usr/lib/x86_64-linux-gnu/libdrm_intel.so.1.0.0
7f18f0420000-7f18f0421000 r--p 00022000 08:08 1973840                    /usr/lib/x86_64-linux-gnu/libdrm_intel.so.1.0.0
7f18f0421000-7f18f0422000 rw-p 00023000 08:08 1973840                    /usr/lib/x86_64-linux-gnu/libdrm_intel.so.1.0.0
7f18f0422000-7f18f0d51000 r-xp 00000000 08:08 1972506                    /usr/lib/x86_64-linux-gnu/dri/i965_dri.so
7f18f0d51000-7f18f0f50000 ---p 0092f000 08:08 1972506                    /usr/lib/x86_64-linux-gnu/dri/i965_dri.so
7f18f0f50000-7f18f0faa000 r--p 0092e000 08:08 1972506                    /usr/lib/x86_64-linux-gnu/dri/i965_dri.so
7f18f0faa000-7f18f0fb5000 rw-p 00988000 08:08 1972506                    /usr/lib/x86_64-linux-gnu/dri/i965_dri.so
7f18f0fb5000-7f18f1068000 rw-p 00000000 00:00 0 
7f18f1068000-7f18f1078000 r-xp 00000000 08:08 1973836                    /usr/lib/x86_64-linux-gnu/libdrm.so.2.4.0
7f18f1078000-7f18f1277000 ---p 00010000 08:08 1973836                    /usr/lib/x86_64-linux-gnu/libdrm.so.2.4.0
7f18f1277000-7f18f1278000 r--p 0000f000 08:08 1973836                    /usr/lib/x86_64-linux-gnu/libdrm.so.2.4.0
7f18f1278000-7f18f1279000 rw-p 00010000 08:08 1973836                    /usr/lib/x86_64-linux-gnu/libdrm.so.2.4.0
7f18f1279000-7f18f127d000 r-xp 00000000 08:08 1975194                    /usr/lib/x86_64-linux-gnu/libxcb-dri2.so.0.0.0
7f18f127d000-7f18f147c000 ---p 00004000 08:08 1975194                    /usr/lib/x86_64-linux-gnu/libxcb-dri2.so.0.0.0
7f18f147c000-7f18f147d000 r--p 00003000 08:08 1975194                    /usr/lib/x86_64-linux-gnu/libxcb-dri2.so.0.0.0
7f18f147d000-7f18f147e000 rw-p 00004000 08:08 1975194                    /usr/lib/x86_64-linux-gnu/libxcb-dri2.so.0.0.0
7f18f147e000-7f18f1496000 r-xp 00000000 08:08 1975200                    /usr/lib/x86_64-linux-gnu/libxcb-glx.so.0.0.0
7f18f1496000-7f18f1696000 ---p 00018000 08:08 1975200                    /usr/lib/x86_64-linux-gnu/libxcb-glx.so.0.0.0
7f18f1696000-7f18f1698000 r--p 00018000 08:08 1975200                    /usr/lib/x86_64-linux-gnu/libxcb-glx.so.0.0.0
7f18f1698000-7f18f1699000 rw-p 0001a000 08:08 1975200                    /usr/lib/x86_64-linux-gnu/libxcb-glx.so.0.0.0
7f18f1699000-7f18f169a000 r-xp 00000000 08:08 1973515                    /usr/lib/x86_64-linux-gnu/libX11-xcb.so.1.0.0
7f18f169a000-7f18f1899000 ---p 00001000 08:08 1973515                    /usr/lib/x86_64-linux-gnu/libX11-xcb.so.1.0.0
7f18f1899000-7f18f189a000 r--p 00000000 08:08 1973515                    /usr/lib/x86_64-linux-gnu/libX11-xcb.so.1.0.0
7f18f189a000-7f18f189b000 rw-p 00001000 08:08 1973515                    /usr/lib/x86_64-linux-gnu/libX11-xcb.so.1.0.0
7f18f189b000-7f18f18c7000 r-xp 00000000 08:08 1974054                    /usr/lib/x86_64-linux-gnu/libglapi.so.0.0.0
7f18f18c7000-7f18f1ac6000 ---p 0002c000 08:08 1974054                    /usr/lib/x86_64-linux-gnu/libglapi.so.0.0.0
7f18f1ac6000-7f18f1aca000 r--p 0002b000 08:08 1974054                    /usr/lib/x86_64-linux-gnu/libglapi.so.0.0.0
7f18f1aca000-7f18f1acb000 rw-p 0002f000 08:08 1974054                    /usr/lib/x86_64-linux-gnu/libglapi.so.0.0.0
7f18f1acb000-7f18f1acc000 rw-p 00000000 00:00 0 
7f18f1acc000-7f18f1acd000 r-xp 00000000 08:08 1975250                    /usr/lib/x86_64-linux-gnu/libxshmfence.so.1.0.0
7f18f1acd000-7f18f1ccc000 ---p 00001000 08:08 1975250                    /usr/lib/x86_64-linux-gnu/libxshmfence.so.1.0.0
7f18f1ccc000-7f18f1ccd000 r--p 00000000 08:08 1975250                    /usr/lib/x86_64-linux-gnu/libxshmfence.so.1.0.0
7f18f1ccd000-7f18f1cce000 rw-p 00001000 08:08 1975250                    /usr/lib/x86_64-linux-gnu/libxshmfence.so.1.0.0
7f18f1cce000-7f18f1cd4000 r-xp 00000000 08:08 1975220                    /usr/lib/x86_64-linux-gnu/libxcb-sync.so.1.0.0
7f18f1cd4000-7f18f1ed3000 ---p 00006000 08:08 1975220                    /usr/lib/x86_64-linux-gnu/libxcb-sync.so.1.0.0
7f18f1ed3000-7f18f1ed4000 r--p 00005000 08:08 1975220                    /usr/lib/x86_64-linux-gnu/libxcb-sync.so.1.0.0
7f18f1ed4000-7f18f1ed5000 rw-p 00006000 08:08 1975220                    /usr/lib/x86_64-linux-gnu/libxcb-sync.so.1.0.0
7f18f1ed5000-7f18f1ed7000 r-xp 00000000 08:08 1975208                    /usr/lib/x86_64-linux-gnu/libxcb-present.so.0.0.0
7f18f1ed7000-7f18f20d6000 ---p 00002000 08:08 1975208                    /usr/lib/x86_64-linux-gnu/libxcb-present.so.0.0.0
7f18f20d6000-7f18f20d7000 r--p 00001000 08:08 1975208                    /usr/lib/x86_64-linux-gnu/libxcb-present.so.0.0.0
7f18f20d7000-7f18f20d8000 rw-p 00002000 08:08 1975208                    /usr/lib/x86_64-linux-gnu/libxcb-present.so.0.0.0
7f18f20d8000-7f18f20df000 r-xp 00000000 08:08 1975224                    /usr/lib/x86_64-linux-gnu/libxcb-xfixes.so.0.0.0
7f18f20df000-7f18f22de000 ---p 00007000 08:08 1975224                    /usr/lib/x86_64-linux-gnu/libxcb-xfixes.so.0.0.0
7f18f22de000-7f18f22df000 r--p 00006000 08:08 1975224                    /usr/lib/x86_64-linux-gnu/libxcb-xfixes.so.0.0.0
7f18f22df000-7f18f22e0000 rw-p 00007000 08:08 1975224                    /usr/lib/x86_64-linux-gnu/libxcb-xfixes.so.0.0.0
7f18f22e0000-7f18f22e2000 r-xp 00000000 08:08 1975196                    /usr/lib/x86_64-linux-gnu/libxcb-dri3.so.0.0.0
7f18f22e2000-7f18f24e1000 ---p 00002000 08:08 1975196                    /usr/lib/x86_64-linux-gnu/libxcb-dri3.so.0.0.0
7f18f24e1000-7f18f24e2000 r--p 00001000 08:08 1975196                    /usr/lib/x86_64-linux-gnu/libxcb-dri3.so.0.0.0
7f18f24e2000-7f18f24e3000 rw-p 00002000 08:08 1975196                    /usr/lib/x86_64-linux-gnu/libxcb-dri3.so.0.0.0
7f18f24e3000-7f18f2555000 r-xp 00000000 08:08 1973267                    /usr/lib/x86_64-linux-gnu/libGLX_mesa.so.0.0.0
7f18f2555000-7f18f2754000 ---p 00072000 08:08 1973267                    /usr/lib/x86_64-linux-gnu/libGLX_mesa.so.0.0.0
7f18f2754000-7f18f2757000 r--p 00071000 08:08 1973267                    /usr/lib/x86_64-linux-gnu/libGLX_mesa.so.0.0.0
7f18f2757000-7f18f2758000 rw-p 00074000 08:08 1973267                    /usr/lib/x86_64-linux-gnu/libGLX_mesa.so.0.0.0
7f18f2758000-7f18f2759000 rw-p 00000000 00:00 0 
7f18f2759000-7f18f275d000 r-xp 00000000 08:08 1975099                    /usr/lib/x86_64-linux-gnu/libuuid.so.1.3.0
7f18f275d000-7f18f295c000 ---p 00004000 08:08 1975099                    /usr/lib/x86_64-linux-gnu/libuuid.so.1.3.0
7f18f295c000-7f18f295d000 r--p 00003000 08:08 1975099                    /usr/lib/x86_64-linux-gnu/libuuid.so.1.3.0
7f18f295d000-7f18f295e000 rw-p 00004000 08:08 1975099                    /usr/lib/x86_64-linux-gnu/libuuid.so.1.3.0
7f18f295e000-7f18f2971000 r-xp 00000000 08:08 1973672                    /usr/lib/x86_64-linux-gnu/libbsd.so.0.8.3
7f18f2971000-7f18f2b71000 ---p 00013000 08:08 1973672                    /usr/lib/x86_64-linux-gnu/libbsd.so.0.8.3
7f18f2b71000-7f18f2b72000 r--p 00013000 08:08 1973672                    /usr/lib/x86_64-linux-gnu/libbsd.so.0.8.3
7f18f2b72000-7f18f2b73000 rw-p 00014000 08:08 1973672                    /usr/lib/x86_64-linux-gnu/libbsd.so.0.8.3
7f18f2b73000-7f18f2b74000 rw-p 00000000 00:00 0 
7f18f2b74000-7f18f2b7b000 r-xp 00000000 08:08 1973762                    /usr/lib/x86_64-linux-gnu/libdatrie.so.1.3.3
7f18f2b7b000-7f18f2d7a000 ---p 00007000 08:08 1973762                    /usr/lib/x86_64-linux-gnu/libdatrie.so.1.3.3
7f18f2d7a000-7f18f2d7b000 r--p 00006000 08:08 1973762                    /usr/lib/x86_64-linux-gnu/libdatrie.so.1.3.3
7f18f2d7b000-7f18f2d7c000 rw-p 00007000 08:08 1973762                    /usr/lib/x86_64-linux-gnu/libdatrie.so.1.3.3
7f18f2d7c000-7f18f2da7000 r-xp 00000000 08:08 1974207                    /usr/lib/x86_64-linux-gnu/libgraphite2.so.3.0.1
7f18f2da7000-7f18f2fa6000 ---p 0002b000 08:08 1974207                    /usr/lib/x86_64-linux-gnu/libgraphite2.so.3.0.1
7f18f2fa6000-7f18f2fa8000 r--p 0002a000 08:08 1974207                    /usr/lib/x86_64-linux-gnu/libgraphite2.so.3.0.1
7f18f2fa8000-7f18f2fa9000 rw-p 0002c000 08:08 1974207                    /usr/lib/x86_64-linux-gnu/libgraphite2.so.3.0.1
7f18f2fa9000-7f18f2fea000 r-xp 00000000 08:08 1973657                    /usr/lib/x86_64-linux-gnu/libblkid.so.1.1.0
7f18f2fea000-7f18f31e9000 ---p 00041000 08:08 1973657                    /usr/lib/x86_64-linux-gnu/libblkid.so.1.1.0
7f18f31e9000-7f18f31ed000 r--p 00040000 08:08 1973657                    /usr/lib/x86_64-linux-gnu/libblkid.so.1.1.0
7f18f31ed000-7f18f31ee000 rw-p 00044000 08:08 1973657                    /usr/lib/x86_64-linux-gnu/libblkid.so.1.1.0
7f18f31ee000-7f18f31ef000 rw-p 00000000 00:00 0 
7f18f31ef000-7f18f31f4000 r-xp 00000000 08:08 1973532                    /usr/lib/x86_64-linux-gnu/libXdmcp.so.6.0.0
7f18f31f4000-7f18f33f3000 ---p 00005000 08:08 1973532                    /usr/lib/x86_64-linux-gnu/libXdmcp.so.6.0.0
7f18f33f3000-7f18f33f4000 r--p 00004000 08:08 1973532                    /usr/lib/x86_64-linux-gnu/libXdmcp.so.6.0.0
7f18f33f4000-7f18f33f5000 rw-p 00005000 08:08 1973532                    /usr/lib/x86_64-linux-gnu/libXdmcp.so.6.0.0
7f18f33f5000-7f18f33f8000 r-xp 00000000 08:08 1973521                    /usr/lib/x86_64-linux-gnu/libXau.so.6.0.0
7f18f33f8000-7f18f35f7000 ---p 00003000 08:08 1973521                    /usr/lib/x86_64-linux-gnu/libXau.so.6.0.0
7f18f35f7000-7f18f35f8000 r--p 00002000 08:08 1973521                    /usr/lib/x86_64-linux-gnu/libXau.so.6.0.0
7f18f35f8000-7f18f35f9000 rw-p 00003000 08:08 1973521                    /usr/lib/x86_64-linux-gnu/libXau.so.6.0.0
7f18f35f9000-7f18f3669000 r-xp 00000000 08:08 1973269                    /usr/lib/x86_64-linux-gnu/libGLdispatch.so.0.0.0
7f18f3669000-7f18f3869000 ---p 00070000 08:08 1973269                    /usr/lib/x86_64-linux-gnu/libGLdispatch.so.0.0.0
7f18f3869000-7f18f3892000 r--p 00070000 08:08 1973269                    /usr/lib/x86_64-linux-gnu/libGLdispatch.so.0.0.0
7f18f3892000-7f18f3893000 rw-p 00099000 08:08 1973269                    /usr/lib/x86_64-linux-gnu/libGLdispatch.so.0.0.0
7f18f3893000-7f18f38b3000 rw-p 00000000 00:00 0 
7f18f38b3000-7f18f38c3000 r-xp 00000000 08:08 1973264                    /usr/lib/x86_64-linux-gnu/libGLX.so.0.0.0
7f18f38c3000-7f18f3ac3000 ---p 00010000 08:08 1973264                    /usr/lib/x86_64-linux-gnu/libGLX.so.0.0.0
7f18f3ac3000-7f18f3ac4000 r--p 00010000 08:08 1973264                    /usr/lib/x86_64-linux-gnu/libGLX.so.0.0.0
7f18f3ac4000-7f18f3ac5000 rw-p 00011000 08:08 1973264                    /usr/lib/x86_64-linux-gnu/libGLX.so.0.0.0
7f18f3ac5000-7f18f3ae5000 rw-p 00000000 00:00 0 
7f18f3ae5000-7f18f3b57000 r-xp 00000000 08:08 1974757                    /usr/lib/x86_64-linux-gnu/libpcre.so.3.13.3
7f18f3b57000-7f18f3d56000 ---p 00072000 08:08 1974757                    /usr/lib/x86_64-linux-gnu/libpcre.so.3.13.3
7f18f3d56000-7f18f3d57000 r--p 00071000 08:08 1974757                    /usr/lib/x86_64-linux-gnu/libpcre.so.3.13.3
7f18f3d57000-7f18f3d58000 rw-p 00072000 08:08 1974757                    /usr/lib/x86_64-linux-gnu/libpcre.so.3.13.3
7f18f3d58000-7f18f3d7f000 r-xp 00000000 08:08 1973918                    /usr/lib/x86_64-linux-gnu/libexpat.so.1.6.2
7f18f3d7f000-7f18f3f7f000 ---p 00027000 08:08 1973918                    /usr/lib/x86_64-linux-gnu/libexpat.so.1.6.2
7f18f3f7f000-7f18f3f81000 r--p 00027000 08:08 1973918                    /usr/lib/x86_64-linux-gnu/libexpat.so.1.6.2
7f18f3f81000-7f18f3f82000 rw-p 00029000 08:08 1973918                    /usr/lib/x86_64-linux-gnu/libexpat.so.1.6.2
7f18f3f82000-7f18f3f89000 r-xp 00000000 08:08 1973938                    /usr/lib/x86_64-linux-gnu/libffi.so.6.0.4
7f18f3f89000-7f18f4189000 ---p 00007000 08:08 1973938                    /usr/lib/x86_64-linux-gnu/libffi.so.6.0.4
7f18f4189000-7f18f418a000 r--p 00007000 08:08 1973938                    /usr/lib/x86_64-linux-gnu/libffi.so.6.0.4
7f18f418a000-7f18f418b000 rw-p 00008000 08:08 1973938                    /usr/lib/x86_64-linux-gnu/libffi.so.6.0.4
7f18f418b000-7f18f4193000 r-xp 00000000 08:08 1975032                    /usr/lib/x86_64-linux-gnu/libthai.so.0.3.0
7f18f4193000-7f18f4393000 ---p 00008000 08:08 1975032                    /usr/lib/x86_64-linux-gnu/libthai.so.0.3.0
7f18f4393000-7f18f4394000 r--p 00008000 08:08 1975032                    /usr/lib/x86_64-linux-gnu/libthai.so.0.3.0
7f18f4394000-7f18f4395000 rw-p 00009000 08:08 1975032                    /usr/lib/x86_64-linux-gnu/libthai.so.0.3.0
7f18f4395000-7f18f4428000 r-xp 00000000 08:08 1974304                    /usr/lib/x86_64-linux-gnu/libharfbuzz.so.0.10400.2
7f18f4428000-7f18f4627000 ---p 00093000 08:08 1974304                    /usr/lib/x86_64-linux-gnu/libharfbuzz.so.0.10400.2
7f18f4627000-7f18f4629000 r--p 00092000 08:08 1974304                    /usr/lib/x86_64-linux-gnu/libharfbuzz.so.0.10400.2
7f18f4629000-7f18f462a000 rw-p 00094000 08:08 1974304                    /usr/lib/x86_64-linux-gnu/libharfbuzz.so.0.10400.2
7f18f462a000-7f18f4674000 r-xp 00000000 08:08 1974545                    /usr/lib/x86_64-linux-gnu/libmount.so.1.1.0
7f18f4674000-7f18f4874000 ---p 0004a000 08:08 1974545                    /usr/lib/x86_64-linux-gnu/libmount.so.1.1.0
7f18f4874000-7f18f4875000 r--p 0004a000 08:08 1974545                    /usr/lib/x86_64-linux-gnu/libmount.so.1.1.0
7f18f4875000-7f18f4876000 rw-p 0004b000 08:08 1974545                    /usr/lib/x86_64-linux-gnu/libmount.so.1.1.0
7f18f4876000-7f18f4878000 rw-p 00000000 00:00 0 
7f18f4878000-7f18f488c000 r-xp 00000000 08:08 1974883                    /usr/lib/x86_64-linux-gnu/libresolv-2.24.so
7f18f488c000-7f18f4a8b000 ---p 00014000 08:08 1974883                    /usr/lib/x86_64-linux-gnu/libresolv-2.24.so
7f18f4a8b000-7f18f4a8c000 r--p 00013000 08:08 1974883                    /usr/lib/x86_64-linux-gnu/libresolv-2.24.so
7f18f4a8c000-7f18f4a8d000 rw-p 00014000 08:08 1974883                    /usr/lib/x86_64-linux-gnu/libresolv-2.24.so
7f18f4a8d000-7f18f4a8f000 rw-p 00000000 00:00 0 
7f18f4a8f000-7f18f4ab4000 r-xp 00000000 08:08 1974931                    /usr/lib/x86_64-linux-gnu/libselinux.so.1
7f18f4ab4000-7f18f4cb3000 ---p 00025000 08:08 1974931                    /usr/lib/x86_64-linux-gnu/libselinux.so.1
7f18f4cb3000-7f18f4cb4000 r--p 00024000 08:08 1974931                    /usr/lib/x86_64-linux-gnu/libselinux.so.1
7f18f4cb4000-7f18f4cb5000 rw-p 00025000 08:08 1974931                    /usr/lib/x86_64-linux-gnu/libselinux.so.1
7f18f4cb5000-7f18f4cb7000 rw-p 00000000 00:00 0 
7f18f4cb7000-7f18f4cc3000 r-xp 00000000 08:08 1975214                    /usr/lib/x86_64-linux-gnu/libxcb-render.so.0.0.0
7f18f4cc3000-7f18f4ec3000 ---p 0000c000 08:08 1975214                    /usr/lib/x86_64-linux-gnu/libxcb-render.so.0.0.0
7f18f4ec3000-7f18f4ec4000 r--p 0000c000 08:08 1975214                    /usr/lib/x86_64-linux-gnu/libxcb-render.so.0.0.0
7f18f4ec4000-7f18f4ec5000 rw-p 0000d000 08:08 1975214                    /usr/lib/x86_64-linux-gnu/libxcb-render.so.0.0.0
7f18f4ec5000-7f18f4eec000 r-xp 00000000 08:08 1975232                    /usr/lib/x86_64-linux-gnu/libxcb.so.1.1.0
7f18f4eec000-7f18f50eb000 ---p 00027000 08:08 1975232                    /usr/lib/x86_64-linux-gnu/libxcb.so.1.1.0
7f18f50eb000-7f18f50ec000 r--p 00026000 08:08 1975232                    /usr/lib/x86_64-linux-gnu/libxcb.so.1.1.0
7f18f50ec000-7f18f50ed000 rw-p 00027000 08:08 1975232                    /usr/lib/x86_64-linux-gnu/libxcb.so.1.1.0
7f18f50ed000-7f18f50ef000 r-xp 00000000 08:08 1975218                    /usr/lib/x86_64-linux-gnu/libxcb-shm.so.0.0.0
7f18f50ef000-7f18f52ef000 ---p 00002000 08:08 1975218                    /usr/lib/x86_64-linux-gnu/libxcb-shm.so.0.0.0
7f18f52ef000-7f18f52f0000 r--p 00002000 08:08 1975218                    /usr/lib/x86_64-linux-gnu/libxcb-shm.so.0.0.0
7f18f52f0000-7f18f52f1000 rw-p 00003000 08:08 1975218                    /usr/lib/x86_64-linux-gnu/libxcb-shm.so.0.0.0
7f18f52f1000-7f18f5322000 r-xp 00000000 08:08 1974804                    /usr/lib/x86_64-linux-gnu/libpng16.so.16.28.0
7f18f5322000-7f18f5522000 ---p 00031000 08:08 1974804                    /usr/lib/x86_64-linux-gnu/libpng16.so.16.28.0
7f18f5522000-7f18f5523000 r--p 00031000 08:08 1974804                    /usr/lib/x86_64-linux-gnu/libpng16.so.16.28.0
7f18f5523000-7f18f5524000 rw-p 00032000 08:08 1974804                    /usr/lib/x86_64-linux-gnu/libpng16.so.16.28.0
7f18f5524000-7f18f55c2000 r-xp 00000000 08:08 1974787                    /usr/lib/x86_64-linux-gnu/libpixman-1.so.0.34.0
7f18f55c2000-7f18f57c2000 ---p 0009e000 08:08 1974787                    /usr/lib/x86_64-linux-gnu/libpixman-1.so.0.34.0
7f18f57c2000-7f18f57ca000 r--p 0009e000 08:08 1974787                    /usr/lib/x86_64-linux-gnu/libpixman-1.so.0.34.0
7f18f57ca000-7f18f57cb000 rw-p 000a6000 08:08 1974787                    /usr/lib/x86_64-linux-gnu/libpixman-1.so.0.34.0
7f18f57cb000-7f18f57dc000 r-xp 00000000 08:08 1973534                    /usr/lib/x86_64-linux-gnu/libXext.so.6.4.0
7f18f57dc000-7f18f59db000 ---p 00011000 08:08 1973534                    /usr/lib/x86_64-linux-gnu/libXext.so.6.4.0
7f18f59db000-7f18f59dc000 r--p 00010000 08:08 1973534                    /usr/lib/x86_64-linux-gnu/libXext.so.6.4.0
7f18f59dc000-7f18f59dd000 rw-p 00011000 08:08 1973534                    /usr/lib/x86_64-linux-gnu/libXext.so.6.4.0
7f18f59dd000-7f18f59e7000 r-xp 00000000 08:08 1973528                    /usr/lib/x86_64-linux-gnu/libXcursor.so.1.0.2
7f18f59e7000-7f18f5be6000 ---p 0000a000 08:08 1973528                    /usr/lib/x86_64-linux-gnu/libXcursor.so.1.0.2
7f18f5be6000-7f18f5be7000 r--p 00009000 08:08 1973528                    /usr/lib/x86_64-linux-gnu/libXcursor.so.1.0.2
7f18f5be7000-7f18f5be8000 rw-p 0000a000 08:08 1973528                    /usr/lib/x86_64-linux-gnu/libXcursor.so.1.0.2
7f18f5be8000-7f18f5bf2000 r-xp 00000000 08:08 1973554                    /usr/lib/x86_64-linux-gnu/libXrandr.so.2.2.0
7f18f5bf2000-7f18f5df1000 ---p 0000a000 08:08 1973554                    /usr/lib/x86_64-linux-gnu/libXrandr.so.2.2.0
7f18f5df1000-7f18f5df2000 r--p 00009000 08:08 1973554                    /usr/lib/x86_64-linux-gnu/libXrandr.so.2.2.0
7f18f5df2000-7f18f5df3000 rw-p 0000a000 08:08 1973554                    /usr/lib/x86_64-linux-gnu/libXrandr.so.2.2.0
7f18f5df3000-7f18f5e02000 r-xp 00000000 08:08 1973544                    /usr/lib/x86_64-linux-gnu/libXi.so.6.1.0
7f18f5e02000-7f18f6001000 ---p 0000f000 08:08 1973544                    /usr/lib/x86_64-linux-gnu/libXi.so.6.1.0
7f18f6001000-7f18f6002000 r--p 0000e000 08:08 1973544                    /usr/lib/x86_64-linux-gnu/libXi.so.6.1.0
7f18f6002000-7f18f6003000 rw-p 0000f000 08:08 1973544                    /usr/lib/x86_64-linux-gnu/libXi.so.6.1.0
7f18f6003000-7f18f6005000 r-xp 00000000 08:08 1973546                    /usr/lib/x86_64-linux-gnu/libXinerama.so.1.0.0
7f18f6005000-7f18f6204000 ---p 00002000 08:08 1973546                    /usr/lib/x86_64-linux-gnu/libXinerama.so.1.0.0
7f18f6204000-7f18f6205000 r--p 00001000 08:08 1973546                    /usr/lib/x86_64-linux-gnu/libXinerama.so.1.0.0
7f18f6205000-7f18f6206000 rw-p 00002000 08:08 1973546                    /usr/lib/x86_64-linux-gnu/libXinerama.so.1.0.0
7f18f6206000-7f18f620f000 r-xp 00000000 08:08 1973556                    /usr/lib/x86_64-linux-gnu/libXrender.so.1.3.0
7f18f620f000-7f18f640e000 ---p 00009000 08:08 1973556                    /usr/lib/x86_64-linux-gnu/libXrender.so.1.3.0
7f18f640e000-7f18f640f000 r--p 00008000 08:08 1973556                    /usr/lib/x86_64-linux-gnu/libXrender.so.1.3.0
7f18f640f000-7f18f6410000 rw-p 00009000 08:08 1973556                    /usr/lib/x86_64-linux-gnu/libXrender.so.1.3.0
7f18f6410000-7f18f6415000 r-xp 00000000 08:08 1973536                    /usr/lib/x86_64-linux-gnu/libXfixes.so.3.1.0
7f18f6415000-7f18f6614000 ---p 00005000 08:08 1973536                    /usr/lib/x86_64-linux-gnu/libXfixes.so.3.1.0
7f18f6614000-7f18f6615000 r--p 00004000 08:08 1973536                    /usr/lib/x86_64-linux-gnu/libXfixes.so.3.1.0
7f18f6615000-7f18f6616000 rw-p 00005000 08:08 1973536                    /usr/lib/x86_64-linux-gnu/libXfixes.so.3.1.0
7f18f6616000-7f18f6618000 r-xp 00000000 08:08 1973530                    /usr/lib/x86_64-linux-gnu/libXdamage.so.1.1.0
7f18f6618000-7f18f6817000 ---p 00002000 08:08 1973530                    /usr/lib/x86_64-linux-gnu/libXdamage.so.1.1.0
7f18f6817000-7f18f6818000 r--p 00001000 08:08 1973530                    /usr/lib/x86_64-linux-gnu/libXdamage.so.1.1.0
7f18f6818000-7f18f6819000 rw-p 00002000 08:08 1973530                    /usr/lib/x86_64-linux-gnu/libXdamage.so.1.1.0
7f18f6819000-7f18f681b000 r-xp 00000000 08:08 1973526                    /usr/lib/x86_64-linux-gnu/libXcomposite.so.1.0.0
7f18f681b000-7f18f6a1a000 ---p 00002000 08:08 1973526                    /usr/lib/x86_64-linux-gnu/libXcomposite.so.1.0.0
7f18f6a1a000-7f18f6a1b000 r--p 00001000 08:08 1973526                    /usr/lib/x86_64-linux-gnu/libXcomposite.so.1.0.0
7f18f6a1b000-7f18f6a1c000 rw-p 00002000 08:08 1973526                    /usr/lib/x86_64-linux-gnu/libXcomposite.so.1.0.0
7f18f6a1c000-7f18f6a1f000 r-xp 00000000 08:08 1974072                    /usr/lib/x86_64-linux-gnu/libgmodule-2.0.so.0.5000.3
7f18f6a1f000-7f18f6c1e000 ---p 00003000 08:08 1974072                    /usr/lib/x86_64-linux-gnu/libgmodule-2.0.so.0.5000.3
7f18f6c1e000-7f18f6c1f000 r--p 00002000 08:08 1974072                    /usr/lib/x86_64-linux-gnu/libgmodule-2.0.so.0.5000.3
7f18f6c1f000-7f18f6c20000 rw-p 00003000 08:08 1974072                    /usr/lib/x86_64-linux-gnu/libgmodule-2.0.so.0.5000.3
7f18f6c20000-7f18f6c95000 r-xp 00000000 08:08 1973258                    /usr/lib/x86_64-linux-gnu/libGL.so.1.7.0
7f18f6c95000-7f18f6e95000 ---p 00075000 08:08 1973258                    /usr/lib/x86_64-linux-gnu/libGL.so.1.7.0
7f18f6e95000-7f18f6eaf000 r--p 00075000 08:08 1973258                    /usr/lib/x86_64-linux-gnu/libGL.so.1.7.0
7f18f6eaf000-7f18f6eb0000 rw-p 0008f000 08:08 1973258                    /usr/lib/x86_64-linux-gnu/libGL.so.1.7.0
7f18f6eb0000-7f18f6eb1000 rw-p 00000000 00:00 0 
7f18f6eb1000-7f18f6eb6000 r-xp 00000000 08:08 1973572                    /usr/lib/x86_64-linux-gnu/libXxf86vm.so.1.0.0
7f18f6eb6000-7f18f70b5000 ---p 00005000 08:08 1973572                    /usr/lib/x86_64-linux-gnu/libXxf86vm.so.1.0.0
7f18f70b5000-7f18f70b6000 r--p 00004000 08:08 1973572                    /usr/lib/x86_64-linux-gnu/libXxf86vm.so.1.0.0
7f18f70b6000-7f18f70b7000 rw-p 00005000 08:08 1973572                    /usr/lib/x86_64-linux-gnu/libXxf86vm.so.1.0.0
7f18f70b7000-7f18f71f1000 r-xp 00000000 08:08 1973517                    /usr/lib/x86_64-linux-gnu/libX11.so.6.3.0
7f18f71f1000-7f18f73f1000 ---p 0013a000 08:08 1973517                    /usr/lib/x86_64-linux-gnu/libX11.so.6.3.0
7f18f73f1000-7f18f73f2000 r--p 0013a000 08:08 1973517                    /usr/lib/x86_64-linux-gnu/libX11.so.6.3.0
7f18f73f2000-7f18f73f7000 rw-p 0013b000 08:08 1973517                    /usr/lib/x86_64-linux-gnu/libX11.so.6.3.0
7f18f73f7000-7f18f73fc000 r-xp 00000000 08:08 1973562                    /usr/lib/x86_64-linux-gnu/libXtst.so.6.1.0
7f18f73fc000-7f18f75fb000 ---p 00005000 08:08 1973562                    /usr/lib/x86_64-linux-gnu/libXtst.so.6.1.0
7f18f75fb000-7f18f75fc000 r--p 00004000 08:08 1973562                    /usr/lib/x86_64-linux-gnu/libXtst.so.6.1.0
7f18f75fc000-7f18f75fd000 rw-p 00005000 08:08 1973562                    /usr/lib/x86_64-linux-gnu/libXtst.so.6.1.0
7f18f75fd000-7f18f770f000 r-xp 00000000 08:08 1974060                    /usr/lib/x86_64-linux-gnu/libglib-2.0.so.0.5000.3
7f18f770f000-7f18f790e000 ---p 00112000 08:08 1974060                    /usr/lib/x86_64-linux-gnu/libglib-2.0.so.0.5000.3
7f18f790e000-7f18f790f000 r--p 00111000 08:08 1974060                    /usr/lib/x86_64-linux-gnu/libglib-2.0.so.0.5000.3
7f18f790f000-7f18f7910000 rw-p 00112000 08:08 1974060                    /usr/lib/x86_64-linux-gnu/libglib-2.0.so.0.5000.3
7f18f7910000-7f18f7911000 rw-p 00000000 00:00 0 
7f18f7911000-7f18f7912000 r-xp 00000000 08:08 1974280                    /usr/lib/x86_64-linux-gnu/libgthread-2.0.so.0.5000.3
7f18f7912000-7f18f7b11000 ---p 00001000 08:08 1974280                    /usr/lib/x86_64-linux-gnu/libgthread-2.0.so.0.5000.3
7f18f7b11000-7f18f7b12000 r--p 00000000 08:08 1974280                    /usr/lib/x86_64-linux-gnu/libgthread-2.0.so.0.5000.3
7f18f7b12000-7f18f7b13000 rw-p 00001000 08:08 1974280                    /usr/lib/x86_64-linux-gnu/libgthread-2.0.so.0.5000.3
7f18f7b13000-7f18f7bbb000 r-xp 00000000 08:08 1973996                    /usr/lib/x86_64-linux-gnu/libfreetype.so.6.12.3
7f18f7bbb000-7f18f7dbb000 ---p 000a8000 08:08 1973996                    /usr/lib/x86_64-linux-gnu/libfreetype.so.6.12.3
7f18f7dbb000-7f18f7dc1000 r--p 000a8000 08:08 1973996                    /usr/lib/x86_64-linux-gnu/libfreetype.so.6.12.3
7f18f7dc1000-7f18f7dc2000 rw-p 000ae000 08:08 1973996                    /usr/lib/x86_64-linux-gnu/libfreetype.so.6.12.3
7f18f7dc2000-7f18f7dfe000 r-xp 00000000 08:08 1973982                    /usr/lib/x86_64-linux-gnu/libfontconfig.so.1.8.0
7f18f7dfe000-7f18f7ffd000 ---p 0003c000 08:08 1973982                    /usr/lib/x86_64-linux-gnu/libfontconfig.so.1.8.0
7f18f7ffd000-7f18f7fff000 r--p 0003b000 08:08 1973982                    /usr/lib/x86_64-linux-gnu/libfontconfig.so.1.8.0
7f18f7fff000-7f18f8000000 rw-p 0003d000 08:08 1973982                    /usr/lib/x86_64-linux-gnu/libfontconfig.so.1.8.0
7f18f8000000-7f18f8021000 rw-p 00000000 00:00 0 
7f18f8021000-7f18fc000000 ---p 00000000 00:00 0 
7f18fc000000-7f18fd8e0000 rw-p 00000000 00:00 0 
7f18fd8e0000-7f1900000000 ---p 00000000 00:00 0 
7f1900000000-7f1900350000 rw-p 00000000 00:00 0 
7f1900350000-7f1904000000 ---p 00000000 00:00 0 
7f1904000000-7f1904021000 rw-p 00000000 00:00 0 
7f1904021000-7f1908000000 ---p 00000000 00:00 0 
7f1908000000-7f1908021000 rw-p 00000000 00:00 0 
7f1908021000-7f190c000000 ---p 00000000 00:00 0 
7f190c000000-7f190c245000 rw-p 00000000 00:00 0 
7f190c245000-7f1910000000 ---p 00000000 00:00 0 
7f1910000000-7f1910021000 rw-p 00000000 00:00 0 
7f1910021000-7f1914000000 ---p 00000000 00:00 0 
7f1914000000-7f1914021000 rw-p 00000000 00:00 0 
7f1914021000-7f1918000000 ---p 00000000 00:00 0 
7f1918000000-7f1918021000 rw-p 00000000 00:00 0 
7f1918021000-7f191c000000 ---p 00000000 00:00 0 
7f191c000000-7f191c021000 rw-p 00000000 00:00 0 
7f191c021000-7f1920000000 ---p 00000000 00:00 0 
7f1920000000-7f1920021000 rw-p 00000000 00:00 0 
7f1920021000-7f1924000000 ---p 00000000 00:00 0 
7f1924000000-7f1924001000 rw-s 00000000 00:18 123                        /i915 (deleted)
7f1924001000-7f1924003000 r--s 00000000 08:08 1590387                    /var/cache/fontconfig/4bb17da730f63117fed329ee42a5d05e-le64.cache-4
7f1924003000-7f1924004000 r--s 00000000 08:08 1572912                    /var/cache/fontconfig/16c2fda60d1b4b719f4b3d06fd951d25-le64.cache-4
7f1924004000-7f192400a000 r--s 00000000 08:08 1572928                    /var/cache/fontconfig/3047814df9a2f067bd2d96a2b9c36e5a-le64.cache-4
7f192400a000-7f192400d000 r--s 00000000 08:08 1572923                    /var/cache/fontconfig/47e67d79d01846c7b6efd6b4f03a6092-le64.cache-4
7f192400d000-7f192401f000 r--s 00000000 08:08 1572910                    /var/cache/fontconfig/9b89f8e3dae116d678bbf48e5f21f69b-le64.cache-4
7f192401f000-7f1924037000 r--s 0021f000 08:09 14421222                   /home/atomx/eclipse-workspace/Library/lib/mysql-connector-java-8.0.17.jar
7f1924037000-7f1924178000 rw-s 00000000 08:09 12845132                   /home/atomx/.cache/mesa_shader_cache/index
7f1924178000-7f19241ca000 r-xp 00000000 08:08 1974112                    /usr/lib/x86_64-linux-gnu/libgobject-2.0.so.0.5000.3
7f19241ca000-7f19243c9000 ---p 00052000 08:08 1974112                    /usr/lib/x86_64-linux-gnu/libgobject-2.0.so.0.5000.3
7f19243c9000-7f19243ca000 r--p 00051000 08:08 1974112                    /usr/lib/x86_64-linux-gnu/libgobject-2.0.so.0.5000.3
7f19243ca000-7f19243cb000 rw-p 00052000 08:08 1974112                    /usr/lib/x86_64-linux-gnu/libgobject-2.0.so.0.5000.3
7f19243cb000-7f1924414000 r-xp 00000000 08:08 1974732                    /usr/lib/x86_64-linux-gnu/libpango-1.0.so.0.4000.5
7f1924414000-7f1924613000 ---p 00049000 08:08 1974732                    /usr/lib/x86_64-linux-gnu/libpango-1.0.so.0.4000.5
7f1924613000-7f1924616000 r--p 00048000 08:08 1974732                    /usr/lib/x86_64-linux-gnu/libpango-1.0.so.0.4000.5
7f1924616000-7f1924617000 rw-p 0004b000 08:08 1974732                    /usr/lib/x86_64-linux-gnu/libpango-1.0.so.0.4000.5
7f1924617000-7f192462b000 r-xp 00000000 08:08 1974736                    /usr/lib/x86_64-linux-gnu/libpangoft2-1.0.so.0.4000.5
7f192462b000-7f192482b000 ---p 00014000 08:08 1974736                    /usr/lib/x86_64-linux-gnu/libpangoft2-1.0.so.0.4000.5
7f192482b000-7f192482c000 r--p 00014000 08:08 1974736                    /usr/lib/x86_64-linux-gnu/libpangoft2-1.0.so.0.4000.5
7f192482c000-7f192482d000 rw-p 00015000 08:08 1974736                    /usr/lib/x86_64-linux-gnu/libpangoft2-1.0.so.0.4000.5
7f192482d000-7f19249ba000 r-xp 00000000 08:08 1974048                    /usr/lib/x86_64-linux-gnu/libgio-2.0.so.0.5000.3
7f19249ba000-7f1924bba000 ---p 0018d000 08:08 1974048                    /usr/lib/x86_64-linux-gnu/libgio-2.0.so.0.5000.3
7f1924bba000-7f1924bbf000 r--p 0018d000 08:08 1974048                    /usr/lib/x86_64-linux-gnu/libgio-2.0.so.0.5000.3
7f1924bbf000-7f1924bc2000 rw-p 00192000 08:08 1974048                    /usr/lib/x86_64-linux-gnu/libgio-2.0.so.0.5000.3
7f1924bc2000-7f1924bc3000 rw-p 00000000 00:00 0 
7f1924bc3000-7f1924be5000 r-xp 00000000 08:08 1974034                    /usr/lib/x86_64-linux-gnu/libgdk_pixbuf-2.0.so.0.3600.5
7f1924be5000-7f1924de5000 ---p 00022000 08:08 1974034                    /usr/lib/x86_64-linux-gnu/libgdk_pixbuf-2.0.so.0.3600.5
7f1924de5000-7f1924de6000 r--p 00022000 08:08 1974034                    /usr/lib/x86_64-linux-gnu/libgdk_pixbuf-2.0.so.0.3600.5
7f1924de6000-7f1924de7000 rw-p 00023000 08:08 1974034                    /usr/lib/x86_64-linux-gnu/libgdk_pixbuf-2.0.so.0.3600.5
7f1924de7000-7f1924ef5000 r-xp 00000000 08:08 1973694                    /usr/lib/x86_64-linux-gnu/libcairo.so.2.11400.8
7f1924ef5000-7f19250f5000 ---p 0010e000 08:08 1973694                    /usr/lib/x86_64-linux-gnu/libcairo.so.2.11400.8
7f19250f5000-7f19250f8000 r--p 0010e000 08:08 1973694                    /usr/lib/x86_64-linux-gnu/libcairo.so.2.11400.8
7f19250f8000-7f19250f9000 rw-p 00111000 08:08 1973694                    /usr/lib/x86_64-linux-gnu/libcairo.so.2.11400.8
7f19250f9000-7f19250fb000 rw-p 00000000 00:00 0 
7f19250fb000-7f192511e000 r-xp 00000000 08:08 1973616                    /usr/lib/x86_64-linux-gnu/libatk-1.0.so.0.22209.1
7f192511e000-7f192531d000 ---p 00023000 08:08 1973616                    /usr/lib/x86_64-linux-gnu/libatk-1.0.so.0.22209.1
7f192531d000-7f1925320000 r--p 00022000 08:08 1973616                    /usr/lib/x86_64-linux-gnu/libatk-1.0.so.0.22209.1
7f1925320000-7f1925321000 rw-p 00025000 08:08 1973616                    /usr/lib/x86_64-linux-gnu/libatk-1.0.so.0.22209.1
7f1925321000-7f192532d000 r-xp 00000000 08:08 1974734                    /usr/lib/x86_64-linux-gnu/libpangocairo-1.0.so.0.4000.5
7f192532d000-7f192552c000 ---p 0000c000 08:08 1974734                    /usr/lib/x86_64-linux-gnu/libpangocairo-1.0.so.0.4000.5
7f192552c000-7f192552d000 r--p 0000b000 08:08 1974734                    /usr/lib/x86_64-linux-gnu/libpangocairo-1.0.so.0.4000.5
7f192552d000-7f192552e000 rw-p 0000c000 08:08 1974734                    /usr/lib/x86_64-linux-gnu/libpangocairo-1.0.so.0.4000.5
7f192552e000-7f19255de000 r-xp 00000000 08:08 1974032                    /usr/lib/x86_64-linux-gnu/libgdk-x11-2.0.so.0.2400.31
7f19255de000-7f19257dd000 ---p 000b0000 08:08 1974032                    /usr/lib/x86_64-linux-gnu/libgdk-x11-2.0.so.0.2400.31
7f19257dd000-7f19257e1000 r--p 000af000 08:08 1974032                    /usr/lib/x86_64-linux-gnu/libgdk-x11-2.0.so.0.2400.31
7f19257e1000-7f19257e3000 rw-p 000b3000 08:08 1974032                    /usr/lib/x86_64-linux-gnu/libgdk-x11-2.0.so.0.2400.31
7f19257e3000-7f1925c23000 r-xp 00000000 08:08 1974286                    /usr/lib/x86_64-linux-gnu/libgtk-x11-2.0.so.0.2400.31
7f1925c23000-7f1925e22000 ---p 00440000 08:08 1974286                    /usr/lib/x86_64-linux-gnu/libgtk-x11-2.0.so.0.2400.31
7f1925e22000-7f1925e29000 r--p 0043f000 08:08 1974286                    /usr/lib/x86_64-linux-gnu/libgtk-x11-2.0.so.0.2400.31
7f1925e29000-7f1925e2d000 rw-p 00446000 08:08 1974286                    /usr/lib/x86_64-linux-gnu/libgtk-x11-2.0.so.0.2400.31
7f1925e2d000-7f1925e30000 rw-p 00000000 00:00 0 
7f1925e30000-7f1925e33000 r--s 00000000 08:08 1590385                    /var/cache/fontconfig/bf6ddb0059d58ea573e04b43f868001f-le64.cache-4
7f1925e33000-7f1925e36000 r--s 00000000 08:08 1572931                    /var/cache/fontconfig/e13b20fdb08344e0e664864cc2ede53d-le64.cache-4
7f1925e36000-7f1925e3b000 r--s 002f9000 08:08 1715168                    /usr/lib/jvm/java-8-openjdk-amd64/jre/lib/charsets.jar
7f1925e3b000-7f1925e40000 r--s 0009d000 08:08 1715201                    /usr/lib/jvm/java-8-openjdk-amd64/jre/lib/jsse.jar
7f1925e40000-7f1925e44000 rw-s 00000000 00:18 85                         /i915 (deleted)
7f1925e44000-7f1925e49000 rw-s 00000000 00:18 49                         /i915 (deleted)
7f1925e49000-7f1925e55000 r-xp 00000000 08:08 1717405                    /usr/lib/jvm/java-8-openjdk-amd64/jre/lib/amd64/libprism_es2.so
7f1925e55000-7f1926054000 ---p 0000c000 08:08 1717405                    /usr/lib/jvm/java-8-openjdk-amd64/jre/lib/amd64/libprism_es2.so
7f1926054000-7f1926055000 r--p 0000b000 08:08 1717405                    /usr/lib/jvm/java-8-openjdk-amd64/jre/lib/amd64/libprism_es2.so
7f1926055000-7f1926056000 rw-p 0000c000 08:08 1717405                    /usr/lib/jvm/java-8-openjdk-amd64/jre/lib/amd64/libprism_es2.so
7f1926056000-7f1926059000 ---p 00000000 00:00 0 
7f1926059000-7f1926157000 rw-p 00000000 00:00 0 
7f1926157000-7f19261ed000 r--s 007ce000 08:08 2654625                    /usr/share/java/openjfx/jre/lib/ext/jfxrt.jar
7f19261ed000-7f1926208000 r--s 001d6000 08:08 1715183                    /usr/lib/jvm/java-8-openjdk-amd64/jre/lib/ext/nashorn.jar
7f1926208000-7f1926223000 r--s 00394000 08:08 1715178                    /usr/lib/jvm/java-8-openjdk-amd64/jre/lib/ext/cldrdata.jar
7f1926223000-7f1926224000 ---p 00000000 00:00 0 
7f1926224000-7f1926324000 rw-p 00000000 00:00 0 
7f1926324000-7f1926327000 ---p 00000000 00:00 0 
7f1926327000-7f1926425000 rw-p 00000000 00:00 0 
7f1926425000-7f1926428000 ---p 00000000 00:00 0 
7f1926428000-7f1926526000 rw-p 00000000 00:00 0 
7f1926526000-7f1926529000 ---p 00000000 00:00 0 
7f1926529000-7f1926627000 rw-p 00000000 00:00 0 
7f1926627000-7f192662a000 ---p 00000000 00:00 0 
7f192662a000-7f1926728000 rw-p 00000000 00:00 0 
7f1926728000-7f19268c3000 r--p 00000000 08:08 1711771                    /usr/lib/locale/locale-archive
7f19268c3000-7f19268c6000 ---p 00000000 00:00 0 
7f19268c6000-7f19269c4000 rw-p 00000000 00:00 0 
7f19269c4000-7f19269c7000 ---p 00000000 00:00 0 
7f19269c7000-7f1926ac5000 rw-p 00000000 00:00 0 
7f1926ac5000-7f1926ac6000 ---p 00000000 00:00 0 
7f1926ac6000-7f19274f0000 rw-p 00000000 00:00 0 
7f19274f0000-7f19276bf000 r--s 03c33000 08:08 1715207                    /usr/lib/jvm/java-8-openjdk-amd64/jre/lib/rt.jar
7f19276bf000-7f192bfc2000 rw-p 00000000 00:00 0 
7f192bfc2000-7f192bfc3000 ---p 00000000 00:00 0 
7f192bfc3000-7f192c0c3000 rw-p 00000000 00:00 0 
7f192c0c3000-7f192c0c4000 ---p 00000000 00:00 0 
7f192c0c4000-7f192c1ee000 rw-p 00000000 00:00 0 
7f192c1ee000-7f192c451000 ---p 00000000 00:00 0 
7f192c451000-7f192c47b000 rw-p 00000000 00:00 0 
7f192c47b000-7f192c6dd000 ---p 00000000 00:00 0 
7f192c6dd000-7f192c702000 rw-p 00000000 00:00 0 
7f192c702000-7f192c824000 ---p 00000000 00:00 0 
7f192c824000-7f192c83d000 rw-p 00000000 00:00 0 
7f192c83d000-7f192cbe5000 ---p 00000000 00:00 0 
7f192cbe5000-7f192d1d5000 rwxp 00000000 00:00 0 
7f192d1d5000-7f193bbe5000 ---p 00000000 00:00 0 
7f193bbe5000-7f193bbed000 r-xp 00000000 08:08 1715164                    /usr/lib/jvm/java-8-openjdk-amd64/jre/lib/amd64/libzip.so
7f193bbed000-7f193bdec000 ---p 00008000 08:08 1715164                    /usr/lib/jvm/java-8-openjdk-amd64/jre/lib/amd64/libzip.so
7f193bdec000-7f193bded000 r--p 00007000 08:08 1715164                    /usr/lib/jvm/java-8-openjdk-amd64/jre/lib/amd64/libzip.so
7f193bded000-7f193bdee000 rw-p 00008000 08:08 1715164                    /usr/lib/jvm/java-8-openjdk-amd64/jre/lib/amd64/libzip.so
7f193bdee000-7f193bdf8000 r-xp 00000000 08:08 1974648                    /usr/lib/x86_64-linux-gnu/libnss_files-2.24.so
7f193bdf8000-7f193bff8000 ---p 0000a000 08:08 1974648                    /usr/lib/x86_64-linux-gnu/libnss_files-2.24.so
7f193bff8000-7f193bff9000 r--p 0000a000 08:08 1974648                    /usr/lib/x86_64-linux-gnu/libnss_files-2.24.so
7f193bff9000-7f193bffa000 rw-p 0000b000 08:08 1974648                    /usr/lib/x86_64-linux-gnu/libnss_files-2.24.so
7f193bffa000-7f193c000000 rw-p 00000000 00:00 0 
7f193c000000-7f193c290000 rw-p 00000000 00:00 0 
7f193c290000-7f1940000000 ---p 00000000 00:00 0 
7f1940000000-7f1940001000 r--s 00000000 08:08 1590384                    /var/cache/fontconfig/2736766d4907c6828b9382ebdbe3064b-le64.cache-4
7f1940001000-7f1940005000 rw-s 00000000 00:18 115                        /i915 (deleted)
7f1940005000-7f1940009000 rw-s 00000000 00:18 102                        /i915 (deleted)
7f1940009000-7f194000e000 rw-s 00000000 00:18 100                        /i915 (deleted)
7f194000e000-7f19400f3000 rw-p 00000000 00:00 0 
7f19400f3000-7f19400fe000 r-xp 00000000 08:08 1974654                    /usr/lib/x86_64-linux-gnu/libnss_nis-2.24.so
7f19400fe000-7f19402fd000 ---p 0000b000 08:08 1974654                    /usr/lib/x86_64-linux-gnu/libnss_nis-2.24.so
7f19402fd000-7f19402fe000 r--p 0000a000 08:08 1974654                    /usr/lib/x86_64-linux-gnu/libnss_nis-2.24.so
7f19402fe000-7f19402ff000 rw-p 0000b000 08:08 1974654                    /usr/lib/x86_64-linux-gnu/libnss_nis-2.24.so
7f19402ff000-7f1940313000 r-xp 00000000 08:08 1974636                    /usr/lib/x86_64-linux-gnu/libnsl-2.24.so
7f1940313000-7f1940513000 ---p 00014000 08:08 1974636                    /usr/lib/x86_64-linux-gnu/libnsl-2.24.so
7f1940513000-7f1940514000 r--p 00014000 08:08 1974636                    /usr/lib/x86_64-linux-gnu/libnsl-2.24.so
7f1940514000-7f1940515000 rw-p 00015000 08:08 1974636                    /usr/lib/x86_64-linux-gnu/libnsl-2.24.so
7f1940515000-7f1940517000 rw-p 00000000 00:00 0 
7f1940517000-7f194051e000 r-xp 00000000 08:08 1974642                    /usr/lib/x86_64-linux-gnu/libnss_compat-2.24.so
7f194051e000-7f194071d000 ---p 00007000 08:08 1974642                    /usr/lib/x86_64-linux-gnu/libnss_compat-2.24.so
7f194071d000-7f194071e000 r--p 00006000 08:08 1974642                    /usr/lib/x86_64-linux-gnu/libnss_compat-2.24.so
7f194071e000-7f194071f000 rw-p 00007000 08:08 1974642                    /usr/lib/x86_64-linux-gnu/libnss_compat-2.24.so
7f194071f000-7f194074c000 r-xp 00000000 08:08 1715145                    /usr/lib/jvm/java-8-openjdk-amd64/jre/lib/amd64/libjava.so
7f194074c000-7f194094c000 ---p 0002d000 08:08 1715145                    /usr/lib/jvm/java-8-openjdk-amd64/jre/lib/amd64/libjava.so
7f194094c000-7f194094d000 r--p 0002d000 08:08 1715145                    /usr/lib/jvm/java-8-openjdk-amd64/jre/lib/amd64/libjava.so
7f194094d000-7f194094f000 rw-p 0002e000 08:08 1715145                    /usr/lib/jvm/java-8-openjdk-amd64/jre/lib/amd64/libjava.so
7f194094f000-7f194095e000 r-xp 00000000 08:08 1715163                    /usr/lib/jvm/java-8-openjdk-amd64/jre/lib/amd64/libverify.so
7f194095e000-7f1940b5e000 ---p 0000f000 08:08 1715163                    /usr/lib/jvm/java-8-openjdk-amd64/jre/lib/amd64/libverify.so
7f1940b5e000-7f1940b60000 r--p 0000f000 08:08 1715163                    /usr/lib/jvm/java-8-openjdk-amd64/jre/lib/amd64/libverify.so
7f1940b60000-7f1940b61000 rw-p 00011000 08:08 1715163                    /usr/lib/jvm/java-8-openjdk-amd64/jre/lib/amd64/libverify.so
7f1940b61000-7f1940b68000 r-xp 00000000 08:08 1974898                    /usr/lib/x86_64-linux-gnu/librt-2.24.so
7f1940b68000-7f1940d67000 ---p 00007000 08:08 1974898                    /usr/lib/x86_64-linux-gnu/librt-2.24.so
7f1940d67000-7f1940d68000 r--p 00006000 08:08 1974898                    /usr/lib/x86_64-linux-gnu/librt-2.24.so
7f1940d68000-7f1940d69000 rw-p 00007000 08:08 1974898                    /usr/lib/x86_64-linux-gnu/librt-2.24.so
7f1940d69000-7f1940d7f000 r-xp 00000000 08:08 1974006                    /usr/lib/x86_64-linux-gnu/libgcc_s.so.1
7f1940d7f000-7f1940f7e000 ---p 00016000 08:08 1974006                    /usr/lib/x86_64-linux-gnu/libgcc_s.so.1
7f1940f7e000-7f1940f7f000 r--p 00015000 08:08 1974006                    /usr/lib/x86_64-linux-gnu/libgcc_s.so.1
7f1940f7f000-7f1940f80000 rw-p 00016000 08:08 1974006                    /usr/lib/x86_64-linux-gnu/libgcc_s.so.1
7f1940f80000-7f1941083000 r-xp 00000000 08:08 1974512                    /usr/lib/x86_64-linux-gnu/libm-2.24.so
7f1941083000-7f1941282000 ---p 00103000 08:08 1974512                    /usr/lib/x86_64-linux-gnu/libm-2.24.so
7f1941282000-7f1941283000 r--p 00102000 08:08 1974512                    /usr/lib/x86_64-linux-gnu/libm-2.24.so
7f1941283000-7f1941284000 rw-p 00103000 08:08 1974512                    /usr/lib/x86_64-linux-gnu/libm-2.24.so
7f1941284000-7f19413f6000 r-xp 00000000 08:08 1975001                    /usr/lib/x86_64-linux-gnu/libstdc++.so.6.0.22
7f19413f6000-7f19415f6000 ---p 00172000 08:08 1975001                    /usr/lib/x86_64-linux-gnu/libstdc++.so.6.0.22
7f19415f6000-7f1941600000 r--p 00172000 08:08 1975001                    /usr/lib/x86_64-linux-gnu/libstdc++.so.6.0.22
7f1941600000-7f1941602000 rw-p 0017c000 08:08 1975001                    /usr/lib/x86_64-linux-gnu/libstdc++.so.6.0.22
7f1941602000-7f1941606000 rw-p 00000000 00:00 0 
7f1941606000-7f1942265000 r-xp 00000000 08:08 1715167                    /usr/lib/jvm/java-8-openjdk-amd64/jre/lib/amd64/server/libjvm.so
7f1942265000-7f1942464000 ---p 00c5f000 08:08 1715167                    /usr/lib/jvm/java-8-openjdk-amd64/jre/lib/amd64/server/libjvm.so
7f1942464000-7f19424f8000 r--p 00c5e000 08:08 1715167                    /usr/lib/jvm/java-8-openjdk-amd64/jre/lib/amd64/server/libjvm.so
7f19424f8000-7f1942521000 rw-p 00cf2000 08:08 1715167                    /usr/lib/jvm/java-8-openjdk-amd64/jre/lib/amd64/server/libjvm.so
7f1942521000-7f1942551000 rw-p 00000000 00:00 0 
7f1942551000-7f19426e6000 r-xp 00000000 08:08 1973682                    /usr/lib/x86_64-linux-gnu/libc-2.24.so
7f19426e6000-7f19428e6000 ---p 00195000 08:08 1973682                    /usr/lib/x86_64-linux-gnu/libc-2.24.so
7f19428e6000-7f19428ea000 r--p 00195000 08:08 1973682                    /usr/lib/x86_64-linux-gnu/libc-2.24.so
7f19428ea000-7f19428ec000 rw-p 00199000 08:08 1973682                    /usr/lib/x86_64-linux-gnu/libc-2.24.so
7f19428ec000-7f19428f0000 rw-p 00000000 00:00 0 
7f19428f0000-7f19428f3000 r-xp 00000000 08:08 1973821                    /usr/lib/x86_64-linux-gnu/libdl-2.24.so
7f19428f3000-7f1942af2000 ---p 00003000 08:08 1973821                    /usr/lib/x86_64-linux-gnu/libdl-2.24.so
7f1942af2000-7f1942af3000 r--p 00002000 08:08 1973821                    /usr/lib/x86_64-linux-gnu/libdl-2.24.so
7f1942af3000-7f1942af4000 rw-p 00003000 08:08 1973821                    /usr/lib/x86_64-linux-gnu/libdl-2.24.so
7f1942af4000-7f1942b01000 r-xp 00000000 08:08 1715131                    /usr/lib/jvm/java-8-openjdk-amd64/jre/lib/amd64/jli/libjli.so
7f1942b01000-7f1942d01000 ---p 0000d000 08:08 1715131                    /usr/lib/jvm/java-8-openjdk-amd64/jre/lib/amd64/jli/libjli.so
7f1942d01000-7f1942d02000 r--p 0000d000 08:08 1715131                    /usr/lib/jvm/java-8-openjdk-amd64/jre/lib/amd64/jli/libjli.so
7f1942d02000-7f1942d03000 rw-p 0000e000 08:08 1715131                    /usr/lib/jvm/java-8-openjdk-amd64/jre/lib/amd64/jli/libjli.so
7f1942d03000-7f1942d1c000 r-xp 00000000 08:08 1975262                    /usr/lib/x86_64-linux-gnu/libz.so.1.2.8
7f1942d1c000-7f1942f1b000 ---p 00019000 08:08 1975262                    /usr/lib/x86_64-linux-gnu/libz.so.1.2.8
7f1942f1b000-7f1942f1c000 r--p 00018000 08:08 1975262                    /usr/lib/x86_64-linux-gnu/libz.so.1.2.8
7f1942f1c000-7f1942f1d000 rw-p 00019000 08:08 1975262                    /usr/lib/x86_64-linux-gnu/libz.so.1.2.8
7f1942f1d000-7f1942f35000 r-xp 00000000 08:08 1974838                    /usr/lib/x86_64-linux-gnu/libpthread-2.24.so
7f1942f35000-7f1943134000 ---p 00018000 08:08 1974838                    /usr/lib/x86_64-linux-gnu/libpthread-2.24.so
7f1943134000-7f1943135000 r--p 00017000 08:08 1974838                    /usr/lib/x86_64-linux-gnu/libpthread-2.24.so
7f1943135000-7f1943136000 rw-p 00018000 08:08 1974838                    /usr/lib/x86_64-linux-gnu/libpthread-2.24.so
7f1943136000-7f194313a000 rw-p 00000000 00:00 0 
7f194313a000-7f194315d000 r-xp 00000000 08:08 1973230                    /usr/lib/x86_64-linux-gnu/ld-2.24.so
7f194315d000-7f194315e000 r--s 00008000 08:09 13369446                   /home/atomx/.eclipse/org.eclipse.platform_4.12.0_1473617060_linux_gtk_x86_64/plugins/org.eclipse.fx.ide.css.jfx8_3.5.0.201902220800.jar
7f194315f000-7f1943160000 rwxp 00000000 00:00 0 
7f1943160000-7f1943164000 rw-s 00000000 00:18 105                        /i915 (deleted)
7f1943164000-7f1943167000 r--s 0000f000 08:08 1715180                    /usr/lib/jvm/java-8-openjdk-amd64/jre/lib/ext/icedtea-sound.jar
7f1943167000-7f1943169000 r--s 00001000 08:08 1715179                    /usr/lib/jvm/java-8-openjdk-amd64/jre/lib/ext/dnsns.jar
7f1943169000-7f194316b000 r--s 00008000 08:08 1715184                    /usr/lib/jvm/java-8-openjdk-amd64/jre/lib/ext/sunec.jar
7f194316b000-7f1943171000 r--s 0003b000 08:08 1715185                    /usr/lib/jvm/java-8-openjdk-amd64/jre/lib/ext/sunjce_provider.jar
7f1943171000-7f1943173000 r--s 00007000 08:08 2654545                    /usr/share/java/java-atk-wrapper.jar
7f1943173000-7f194323e000 rw-p 00000000 00:00 0 
7f194323e000-7f1943241000 ---p 00000000 00:00 0 
7f1943241000-7f1943341000 rw-p 00000000 00:00 0 
7f1943341000-7f1943342000 r--s 00010000 08:08 1715187                    /usr/lib/jvm/java-8-openjdk-amd64/jre/lib/ext/zipfs.jar
7f1943342000-7f1943343000 r--s 0000a000 08:08 1715181                    /usr/lib/jvm/java-8-openjdk-amd64/jre/lib/ext/jaccess.jar
7f1943343000-7f1943346000 r--s 00038000 08:08 1715186                    /usr/lib/jvm/java-8-openjdk-amd64/jre/lib/ext/sunpkcs11.jar
7f1943346000-7f1943350000 r--s 00116000 08:08 1715182                    /usr/lib/jvm/java-8-openjdk-amd64/jre/lib/ext/localedata.jar
7f1943350000-7f1943358000 rw-s 00000000 08:08 2104380                    /tmp/hsperfdata_atomx/28230
7f1943358000-7f1943359000 rw-p 00000000 00:00 0 
7f1943359000-7f194335a000 r--p 00000000 00:00 0 
7f194335a000-7f194335d000 rw-p 00000000 00:00 0 
7f194335d000-7f194335e000 r--p 00023000 08:08 1973230                    /usr/lib/x86_64-linux-gnu/ld-2.24.so
7f194335e000-7f194335f000 rw-p 00024000 08:08 1973230                    /usr/lib/x86_64-linux-gnu/ld-2.24.so
7f194335f000-7f1943360000 rw-p 00000000 00:00 0 
7fffc9e16000-7fffc9e37000 rw-p 00000000 00:00 0                          [stack]
7fffc9ef2000-7fffc9ef5000 r--p 00000000 00:00 0                          [vvar]
7fffc9ef5000-7fffc9ef7000 r-xp 00000000 00:00 0                          [vdso]
ffffffffff600000-ffffffffff601000 r-xp 00000000 00:00 0                  [vsyscall]

VM Arguments:
jvm_args: -Dfile.encoding=UTF-8 
java_command: application.Main
java_class_path (initial): /home/atomx/eclipse-workspace/Library/bin:/home/atomx/.eclipse/org.eclipse.platform_4.12.0_1473617060_linux_gtk_x86_64/plugins/org.eclipse.fx.ide.css.jfx8_3.5.0.201902220800.jar:/home/atomx/eclipse-workspace/Library/lib/jfxrt.jar:/home/atomx/eclipse-workspace/Library/lib/mysql-connector-java-8.0.17.jar
Launcher Type: SUN_STANDARD

Environment Variables:
PATH=/usr/local/bin:/usr/bin:/bin:/usr/local/games:/usr/games:/sbin:/usr/sbin
SHELL=/bin/bash
DISPLAY=:0

Signal Handlers:
SIGSEGV: [libjvm.so+0xa74b40], sa_mask[0]=11111111011111111101111111111110, sa_flags=SA_RESTART|SA_SIGINFO
SIGBUS: [libjvm.so+0xa74b40], sa_mask[0]=11111111011111111101111111111110, sa_flags=SA_RESTART|SA_SIGINFO
SIGFPE: [libjvm.so+0x8bd510], sa_mask[0]=11111111011111111101111111111110, sa_flags=SA_RESTART|SA_SIGINFO
SIGPIPE: SIG_IGN, sa_mask[0]=00000000000010000000000000000000, sa_flags=SA_RESTART
SIGXFSZ: [libjvm.so+0x8bd510], sa_mask[0]=11111111011111111101111111111110, sa_flags=SA_RESTART|SA_SIGINFO
SIGILL: [libjvm.so+0x8bd510], sa_mask[0]=11111111011111111101111111111110, sa_flags=SA_RESTART|SA_SIGINFO
SIGUSR1: SIG_DFL, sa_mask[0]=00000000000000000000000000000000, sa_flags=none
SIGUSR2: [libjvm.so+0x8bd3c0], sa_mask[0]=00100000000000000000000000000000, sa_flags=SA_RESTART|SA_SIGINFO
SIGHUP: SIG_IGN, sa_mask[0]=00000000000000000000000000000000, sa_flags=none
SIGINT: [libjvm.so+0x8bd870], sa_mask[0]=11111111011111111101111111111110, sa_flags=SA_RESTART|SA_SIGINFO
SIGTERM: [libjvm.so+0x8bd870], sa_mask[0]=11111111011111111101111111111110, sa_flags=SA_RESTART|SA_SIGINFO
SIGQUIT: [libjvm.so+0x8bd870], sa_mask[0]=11111111011111111101111111111110, sa_flags=SA_RESTART|SA_SIGINFO


---------------  S Y S T E M  ---------------

OS:DISTRIB_ID=Deepin
DISTRIB_RELEASE="15.11"
DISTRIB_DESCRIPTION="Deepin 15.11 "
DISTRIB_CODENAME=stable

uname:Linux 4.15.0-30deepin-generic #31 SMP Fri Nov 30 04:29:02 UTC 2018 x86_64
libc:glibc 2.24 NPTL 2.24 
rlimit: STACK 8192k, CORE 0k, NPROC 30921, NOFILE 1048576, AS infinity
load average:1.12 1.03 1.18

/proc/meminfo:
MemTotal:        8018944 kB
MemFree:         1738956 kB
MemAvailable:    4444640 kB
Buffers:          394180 kB
Cached:          2537628 kB
SwapCached:            0 kB
Active:          4516308 kB
Inactive:        1362460 kB
Active(anon):    2948428 kB
Inactive(anon):   125212 kB
Active(file):    1567880 kB
Inactive(file):  1237248 kB
Unevictable:          96 kB
Mlocked:              96 kB
SwapTotal:       2097148 kB
SwapFree:        2097148 kB
Dirty:               332 kB
Writeback:             0 kB
AnonPages:       2946908 kB
Mapped:           531704 kB
Shmem:            126692 kB
Slab:             276664 kB
SReclaimable:     210620 kB
SUnreclaim:        66044 kB
KernelStack:       13280 kB
PageTables:        49980 kB
NFS_Unstable:          0 kB
Bounce:                0 kB
WritebackTmp:          0 kB
CommitLimit:     6106620 kB
Committed_AS:    9040192 kB
VmallocTotal:   34359738367 kB
VmallocUsed:           0 kB
VmallocChunk:          0 kB
HardwareCorrupted:     0 kB
AnonHugePages:      2048 kB
ShmemHugePages:        0 kB
ShmemPmdMapped:        0 kB
CmaTotal:              0 kB
CmaFree:               0 kB
HugePages_Total:       0
HugePages_Free:        0
HugePages_Rsvd:        0
HugePages_Surp:        0
Hugepagesize:       2048 kB
DirectMap4k:      459708 kB
DirectMap2M:     7778304 kB


CPU:total 2 (initial active 2) (2 cores per cpu, 1 threads per core) family 6 model 76 stepping 4, cmov, cx8, fxsr, mmx, sse, sse2, sse3, ssse3, sse4.1, sse4.2, popcnt, aes, clmul, erms, 3dnowpref, tsc, tscinvbit

/proc/cpuinfo:
processor	: 0
vendor_id	: GenuineIntel
cpu family	: 6
model		: 76
model name	: Intel(R) Celeron(R) CPU  N3010  @ 1.04GHz
stepping	: 4
microcode	: 0x404
cpu MHz		: 1056.239
cache size	: 1024 KB
physical id	: 0
siblings	: 2
core id		: 0
cpu cores	: 2
apicid		: 0
initial apicid	: 0
fpu		: yes
fpu_exception	: yes
cpuid level	: 11
wp		: yes
flags		: fpu vme de pse tsc msr pae mce cx8 apic sep mtrr pge mca cmov pat pse36 clflush dts acpi mmx fxsr sse sse2 ss ht tm pbe syscall nx rdtscp lm constant_tsc arch_perfmon pebs bts rep_good nopl xtopology tsc_reliable nonstop_tsc cpuid aperfmperf tsc_known_freq pni pclmulqdq dtes64 monitor ds_cpl vmx est tm2 ssse3 cx16 xtpr pdcm sse4_1 sse4_2 movbe popcnt tsc_deadline_timer aes rdrand lahf_lm 3dnowprefetch epb pti tpr_shadow vnmi flexpriority ept vpid tsc_adjust smep erms dtherm ida arat
bugs		: cpu_meltdown spectre_v1 spectre_v2
bogomips	: 2080.00
clflush size	: 64
cache_alignment	: 64
address sizes	: 36 bits physical, 48 bits virtual
power management:

processor	: 1
vendor_id	: GenuineIntel
cpu family	: 6
model		: 76
model name	: Intel(R) Celeron(R) CPU  N3010  @ 1.04GHz
stepping	: 4
microcode	: 0x404
cpu MHz		: 2240.000
cache size	: 1024 KB
physical id	: 0
siblings	: 2
core id		: 2
cpu cores	: 2
apicid		: 4
initial apicid	: 4
fpu		: yes
fpu_exception	: yes
cpuid level	: 11
wp		: yes
flags		: fpu vme de pse tsc msr pae mce cx8 apic sep mtrr pge mca cmov pat pse36 clflush dts acpi mmx fxsr sse sse2 ss ht tm pbe syscall nx rdtscp lm constant_tsc arch_perfmon pebs bts rep_good nopl xtopology tsc_reliable nonstop_tsc cpuid aperfmperf tsc_known_freq pni pclmulqdq dtes64 monitor ds_cpl vmx est tm2 ssse3 cx16 xtpr pdcm sse4_1 sse4_2 movbe popcnt tsc_deadline_timer aes rdrand lahf_lm 3dnowprefetch epb pti tpr_shadow vnmi flexpriority ept vpid tsc_adjust smep erms dtherm ida arat
bugs		: cpu_meltdown spectre_v1 spectre_v2
bogomips	: 2080.00
clflush size	: 64
cache_alignment	: 64
address sizes	: 36 bits physical, 48 bits virtual
power management:



Memory: 4k page, physical 8018944k(1738956k free), swap 2097148k(2097148k free)

vm_info: OpenJDK 64-Bit Server VM (25.181-b13) for linux-amd64 JRE (1.8.0_181-8u181-b13-2~deb9u1-b13), built on Oct 22 2018 18:05:23 by "pbuilder" with gcc 6.3.0 20170516

time: Sat Aug 31 14:41:55 2019
elapsed time: 13 seconds (0d 0h 0m 13s)

