#
# A fatal error has been detected by the Java Runtime Environment:
#
#  SIGSEGV (0xb) at pc=0x00007f04357f607d, pid=32440, tid=0x00007f03e2c12700
#
# JRE version: OpenJDK Runtime Environment (8.0_181-b13) (build 1.8.0_181-8u181-b13-2~deb9u1-b13)
# Java VM: OpenJDK 64-Bit Server VM (25.181-b13 mixed mode linux-amd64 compressed oops)
# Problematic frame:
# V  [libjvm.so+0x68107d]
#
# Failed to write core dump. Core dumps have been disabled. To enable core dumping, try "ulimit -c unlimited" before starting Java again
#
# If you would like to submit a bug report, please visit:
#   http://bugreport.java.com/bugreport/crash.jsp
#

---------------  T H R E A D  ---------------

Current thread (0x00007f0430243800):  JavaThread "JavaFX Application Thread" [_thread_in_vm, id=32461, stack(0x00007f03e2b12000,0x00007f03e2c13000)]

siginfo: si_signo: 11 (SIGSEGV), si_code: 128 (SI_KERNEL), si_addr: 0x0000000000000000

Registers:
RAX=0x0000000000000000, RBX=0x00007f0430243800, RCX=0x00007f04302080f8, RDX=0x746e6f434c4d5846
RSP=0x00007f03e2c11230, RBP=0x00007f03e2c113b0, RSI=0x00007f03e2c113d0, RDI=0x00007f04302439e0
R8 =0x00007f03e2c11400, R9 =0x00007f0430243800, R10=0x00007f03d4000c30, R11=0x00007f0420ca3580
R12=0x00007f04302439e0, R13=0x00007f0430243800, R14=0x00007f03e2c11490, R15=0x746e6f434c4d5846
RIP=0x00007f04357f607d, EFLAGS=0x0000000000010202, CSGSFS=0x002b000000000033, ERR=0x0000000000000000
  TRAPNO=0x000000000000000d

Top of Stack: (sp=0x00007f03e2c11230)
0x00007f03e2c11230:   00007f03e2c11340 00007f04357dd1d3
0x00007f03e2c11240:   00007f041b828c48 00007f03e2c11280
0x00007f03e2c11250:   00007f040000000e 00007f04302439e0
0x00007f03e2c11260:   00007f03e2c11270 00007f03e2c113d0
0x00007f03e2c11270:   00007f041b78bcc0 00007f0430243800
0x00007f03e2c11280:   00007f041b78bcc0 00007f0430243800
0x00007f03e2c11290:   00007f0430242ec0 00007f0400011670
0x00007f03e2c112a0:   00007f0400011680 00007f0400011a58
0x00007f03e2c112b0:   00000000000003d8 00007f0430242f00
0x00007f03e2c112c0:   00007f041b78bcc0 00007f0430243800
0x00007f03e2c112d0:   000000001b781c30 00000000d92ec940
0x00007f03e2c112e0:   0000000000000000 00007f04207d8e1b
0x00007f03e2c112f0:   00007f041b78bcc0 00007f0430243800
0x00007f03e2c11300:   0000000000000000 00000000d92ec900
0x00007f03e2c11310:   00007f030000006f 00007f030000000a
0x00007f03e2c11320:   00000000d8462408 00007f0400000000
0x00007f03e2c11330:   00007f03e2c11420 00007f03e2c113e0
0x00007f03e2c11340:   00007f03e2c114d0 0000000100000180
0x00007f03e2c11350:   0000000000000002 00007f03e2c11308
0x00007f03e2c11360:   00007f03e2c11349 0000000800000005
0x00007f03e2c11370:   00007f0400000000 5f4bd0e858737f00
0x00007f03e2c11380:   00007f03e2c11390 00007f0430243800
0x00007f03e2c11390:   00007f04302439e0 00007f04302080f8
0x00007f03e2c113a0:   00007f03e2c11490 746e6f434c4d5846
0x00007f03e2c113b0:   00007f03e2c11480 00007f04357f96aa
0x00007f03e2c113c0:   00007f03d4130f30 00007f03e2c11400
0x00007f03e2c113d0:   000000000000000e 00007f0300000000
0x00007f03e2c113e0:   00007f0430243800 0000000000000000
0x00007f03e2c113f0:   0000000000000067 5f4bd0e858737f00
0x00007f03e2c11400:   00007f0435fdf938 00007f0436d097e0
0x00007f03e2c11410:   0000000030223800 00007f0300000063
0x00007f03e2c11420:   0000000000000000 0000003000000018 

Instructions: (pc=0x00007f04357f607d)
0x00007f04357f605d:   ff 48 89 b5 b8 fe ff ff 64 48 8b 04 25 28 00 00
0x00007f04357f606d:   00 48 89 45 c8 31 c0 48 85 d2 0f 84 3b 03 00 00
0x00007f04357f607d:   4c 8b 32 4d 85 f6 0f 84 2f 03 00 00 49 8b b9 20
0x00007f04357f608d:   01 00 00 48 89 cb 4d 89 c4 e8 f5 4c ff ff 4c 89 

Register to memory mapping:

RAX=0x0000000000000000 is an unknown value
RBX=0x00007f0430243800 is a thread
RCX=0x00007f04302080f8 is an unknown value
RDX=0x746e6f434c4d5846 is an unknown value
RSP=0x00007f03e2c11230 is pointing into the stack for thread: 0x00007f0430243800
RBP=0x00007f03e2c113b0 is pointing into the stack for thread: 0x00007f0430243800
RSI=0x00007f03e2c113d0 is pointing into the stack for thread: 0x00007f0430243800
RDI=0x00007f04302439e0 is an unknown value
R8 =0x00007f03e2c11400 is pointing into the stack for thread: 0x00007f0430243800
R9 =0x00007f0430243800 is a thread
R10=0x00007f03d4000c30 is an unknown value
R11=0x00007f0420ca3580 is at entry_point+32 in (nmethod*)0x00007f0420ca3410
R12=0x00007f04302439e0 is an unknown value
R13=0x00007f0430243800 is a thread
R14=0x00007f03e2c11490 is pointing into the stack for thread: 0x00007f0430243800
R15=0x746e6f434c4d5846 is an unknown value


Stack: [0x00007f03e2b12000,0x00007f03e2c13000],  sp=0x00007f03e2c11230,  free space=1020k
Native frames: (J=compiled Java code, j=interpreted, Vv=VM code, C=native code)
V  [libjvm.so+0x68107d]
V  [libjvm.so+0x6846aa]
C  [libglass.so+0x12d33]  JNIEnv_::CallVoidMethod(_jobject*, _jmethodID*, ...)+0x93
C  [libglass.so+0x1ccf6]  WindowContextBase::process_key(_GdkEventKey*)+0x226
C  [libglass.so+0x1a9c0]  WindowContextBase::im_filter_keypress(_GdkEventKey*)+0x1f0
C  [libglass.so+0x23094]
C  [libgdk-x11-2.0.so.0+0x5acbc]

Java frames: (J=compiled Java code, j=interpreted, Vv=VM code)
j  com.sun.glass.ui.gtk.GtkApplication._runLoop(Ljava/lang/Runnable;Z)V+0
j  com.sun.glass.ui.gtk.GtkApplication.lambda$null$5(Ljava/lang/Runnable;Z)V+7
j  com.sun.glass.ui.gtk.GtkApplication$$Lambda$41.run()V+12
j  java.lang.Thread.run()V+11
v  ~StubRoutines::call_stub

---------------  P R O C E S S  ---------------

Java Threads: ( => current thread )
  0x00007f03d442c000 JavaThread "Prism Font Disposer" daemon [_thread_blocked, id=32469, stack(0x00007f03e04c5000,0x00007f03e05c6000)]
  0x00007f03d409f000 JavaThread "mysql-cj-abandoned-connection-cleanup" daemon [_thread_blocked, id=32465, stack(0x00007f03e1f28000,0x00007f03e2029000)]
  0x00007f043024b000 JavaThread "JavaFX-Launcher" [_thread_blocked, id=32464, stack(0x00007f03e20cf000,0x00007f03e21d0000)]
=>0x00007f0430243800 JavaThread "JavaFX Application Thread" [_thread_in_vm, id=32461, stack(0x00007f03e2b12000,0x00007f03e2c13000)]
  0x00007f043023f800 JavaThread "Thread-1" daemon [_thread_blocked, id=32460, stack(0x00007f03e2c13000,0x00007f03e2d14000)]
  0x00007f04301f1000 JavaThread "QuantumRenderer-0" daemon [_thread_blocked, id=32458, stack(0x00007f0419bc3000,0x00007f0419cc4000)]
  0x00007f04300cc000 JavaThread "Service Thread" daemon [_thread_blocked, id=32456, stack(0x00007f0419e91000,0x00007f0419f92000)]
  0x00007f04300b7000 JavaThread "C1 CompilerThread1" daemon [_thread_in_native, id=32455, stack(0x00007f0419f92000,0x00007f041a093000)]
  0x00007f04300b4000 JavaThread "C2 CompilerThread0" daemon [_thread_blocked, id=32454, stack(0x00007f041a093000,0x00007f041a194000)]
  0x00007f04300b2800 JavaThread "Signal Dispatcher" daemon [_thread_blocked, id=32453, stack(0x00007f041a194000,0x00007f041a295000)]
  0x00007f0430080000 JavaThread "Finalizer" daemon [_thread_blocked, id=32452, stack(0x00007f041a430000,0x00007f041a531000)]
  0x00007f043007d800 JavaThread "Reference Handler" daemon [_thread_blocked, id=32451, stack(0x00007f041a531000,0x00007f041a632000)]
  0x00007f043000a800 JavaThread "main" [_thread_blocked, id=32446, stack(0x00007f0436dad000,0x00007f0436eae000)]

Other Threads:
  0x00007f0430074000 VMThread [stack: 0x00007f041a632000,0x00007f041a733000] [id=32450]
  0x00007f04300ce000 WatcherThread [stack: 0x00007f0419d90000,0x00007f0419e91000] [id=32457]

VM state:not at safepoint (normal execution)

VM Mutex/Monitor currently owned by a thread: None

Heap:
 PSYoungGen      total 36864K, used 24630K [0x00000000d7380000, 0x00000000dbb80000, 0x0000000100000000)
  eden space 31744K, 61% used [0x00000000d7380000,0x00000000d8692990,0x00000000d9280000)
  from space 5120K, 99% used [0x00000000d9280000,0x00000000d977b0a0,0x00000000d9780000)
  to   space 5120K, 0% used [0x00000000db680000,0x00000000db680000,0x00000000dbb80000)
 ParOldGen       total 84992K, used 6805K [0x0000000085a00000, 0x000000008ad00000, 0x00000000d7380000)
  object space 84992K, 8% used [0x0000000085a00000,0x00000000860a5700,0x000000008ad00000)
 Metaspace       used 19652K, capacity 20432K, committed 20608K, reserved 1067008K
  class space    used 2631K, capacity 2823K, committed 2944K, reserved 1048576K

Card table byte_map: [0x00007f042002d000,0x00007f0420401000] byte_map_base: 0x00007f041fc00000

Marking Bits: (ParMarkBitMap*) 0x00007f04360a33a0
 Begin Bits: [0x00007f041be6e000, 0x00007f041dd06000)
 End Bits:   [0x00007f041dd06000, 0x00007f041fb9e000)

Polling page: 0x00007f0436ec8000

CodeCache: size=245760Kb used=6091Kb max_used=6094Kb free=239668Kb
 bounds [0x00007f04207c1000, 0x00007f0420dc1000, 0x00007f042f7c1000]
 total_blobs=2750 nmethods=2061 adapters=604
 compilation: enabled

Compilation events (10 events):
Event: 14.990 Thread 0x00007f04300b4000 2045       4       java.lang.Math::ceil (5 bytes)
Event: 14.990 Thread 0x00007f04300b7000 nmethod 2060 0x00007f0420daf650 code [0x00007f0420daf7e0, 0x00007f0420dafc70]
Event: 14.990 Thread 0x00007f04300b7000 2059       1       javafx.geometry.Insets::getLeft (5 bytes)
Event: 14.990 Thread 0x00007f04300b7000 nmethod 2059 0x00007f0420daf390 code [0x00007f0420daf4e0, 0x00007f0420daf5f0]
Event: 14.990 Thread 0x00007f04300b7000 2061       1       javafx.geometry.Insets::getRight (5 bytes)
Event: 14.991 Thread 0x00007f04300b7000 nmethod 2061 0x00007f0420daf0d0 code [0x00007f0420daf220, 0x00007f0420daf330]
Event: 14.991 Thread 0x00007f04300b7000 2058       3       java.lang.CharacterDataLatin1::getPropertiesEx (11 bytes)
Event: 14.991 Thread 0x00007f04300b7000 nmethod 2058 0x00007f0420dae4d0 code [0x00007f0420dae640, 0x00007f0420dae7d0]
Event: 14.992 Thread 0x00007f04300b4000 nmethod 2045 0x00007f0420dad490 code [0x00007f0420dad600, 0x00007f0420dad6f8]
Event: 14.996 Thread 0x00007f04300b7000 2062       3       javafx.beans.binding.BooleanBinding::invalidate (24 bytes)

GC Heap History (6 events):
Event: 2.197 GC heap before
{Heap before GC invocations=1 (full 0):
 PSYoungGen      total 36864K, used 31744K [0x00000000d7380000, 0x00000000d9c80000, 0x0000000100000000)
  eden space 31744K, 100% used [0x00000000d7380000,0x00000000d9280000,0x00000000d9280000)
  from space 5120K, 0% used [0x00000000d9780000,0x00000000d9780000,0x00000000d9c80000)
  to   space 5120K, 0% used [0x00000000d9280000,0x00000000d9280000,0x00000000d9780000)
 ParOldGen       total 84992K, used 0K [0x0000000085a00000, 0x000000008ad00000, 0x00000000d7380000)
  object space 84992K, 0% used [0x0000000085a00000,0x0000000085a00000,0x000000008ad00000)
 Metaspace       used 11573K, capacity 12002K, committed 12288K, reserved 1060864K
  class space    used 1353K, capacity 1517K, committed 1536K, reserved 1048576K
Event: 2.216 GC heap after
Heap after GC invocations=1 (full 0):
 PSYoungGen      total 36864K, used 5107K [0x00000000d7380000, 0x00000000d9c80000, 0x0000000100000000)
  eden space 31744K, 0% used [0x00000000d7380000,0x00000000d7380000,0x00000000d9280000)
  from space 5120K, 99% used [0x00000000d9280000,0x00000000d977cdb0,0x00000000d9780000)
  to   space 5120K, 0% used [0x00000000d9780000,0x00000000d9780000,0x00000000d9c80000)
 ParOldGen       total 84992K, used 1940K [0x0000000085a00000, 0x000000008ad00000, 0x00000000d7380000)
  object space 84992K, 2% used [0x0000000085a00000,0x0000000085be5150,0x000000008ad00000)
 Metaspace       used 11573K, capacity 12002K, committed 12288K, reserved 1060864K
  class space    used 1353K, capacity 1517K, committed 1536K, reserved 1048576K
}
Event: 2.530 GC heap before
{Heap before GC invocations=2 (full 0):
 PSYoungGen      total 36864K, used 36851K [0x00000000d7380000, 0x00000000d9c80000, 0x0000000100000000)
  eden space 31744K, 100% used [0x00000000d7380000,0x00000000d9280000,0x00000000d9280000)
  from space 5120K, 99% used [0x00000000d9280000,0x00000000d977cdb0,0x00000000d9780000)
  to   space 5120K, 0% used [0x00000000d9780000,0x00000000d9780000,0x00000000d9c80000)
 ParOldGen       total 84992K, used 1940K [0x0000000085a00000, 0x000000008ad00000, 0x00000000d7380000)
  object space 84992K, 2% used [0x0000000085a00000,0x0000000085be5150,0x000000008ad00000)
 Metaspace       used 12850K, capacity 13198K, committed 13568K, reserved 1060864K
  class space    used 1544K, capacity 1680K, committed 1792K, reserved 1048576K
Event: 2.546 GC heap after
Heap after GC invocations=2 (full 0):
 PSYoungGen      total 36864K, used 5106K [0x00000000d7380000, 0x00000000dbb80000, 0x0000000100000000)
  eden space 31744K, 0% used [0x00000000d7380000,0x00000000d7380000,0x00000000d9280000)
  from space 5120K, 99% used [0x00000000d9780000,0x00000000d9c7cbf0,0x00000000d9c80000)
  to   space 5120K, 0% used [0x00000000d9280000,0x00000000d9280000,0x00000000d9780000)
 ParOldGen       total 84992K, used 2847K [0x0000000085a00000, 0x000000008ad00000, 0x00000000d7380000)
  object space 84992K, 3% used [0x0000000085a00000,0x0000000085cc7d48,0x000000008ad00000)
 Metaspace       used 12850K, capacity 13198K, committed 13568K, reserved 1060864K
  class space    used 1544K, capacity 1680K, committed 1792K, reserved 1048576K
}
Event: 3.334 GC heap before
{Heap before GC invocations=3 (full 0):
 PSYoungGen      total 36864K, used 36850K [0x00000000d7380000, 0x00000000dbb80000, 0x0000000100000000)
  eden space 31744K, 100% used [0x00000000d7380000,0x00000000d9280000,0x00000000d9280000)
  from space 5120K, 99% used [0x00000000d9780000,0x00000000d9c7cbf0,0x00000000d9c80000)
  to   space 5120K, 0% used [0x00000000d9280000,0x00000000d9280000,0x00000000d9780000)
 ParOldGen       total 84992K, used 2847K [0x0000000085a00000, 0x000000008ad00000, 0x00000000d7380000)
  object space 84992K, 3% used [0x0000000085a00000,0x0000000085cc7d48,0x000000008ad00000)
 Metaspace       used 15955K, capacity 16546K, committed 16896K, reserved 1064960K
  class space    used 2063K, capacity 2232K, committed 2304K, reserved 1048576K
Event: 3.358 GC heap after
Heap after GC invocations=3 (full 0):
 PSYoungGen      total 36864K, used 5100K [0x00000000d7380000, 0x00000000dbb80000, 0x0000000100000000)
  eden space 31744K, 0% used [0x00000000d7380000,0x00000000d7380000,0x00000000d9280000)
  from space 5120K, 99% used [0x00000000d9280000,0x00000000d977b0a0,0x00000000d9780000)
  to   space 5120K, 0% used [0x00000000db680000,0x00000000db680000,0x00000000dbb80000)
 ParOldGen       total 84992K, used 6805K [0x0000000085a00000, 0x000000008ad00000, 0x00000000d7380000)
  object space 84992K, 8% used [0x0000000085a00000,0x00000000860a5700,0x000000008ad00000)
 Metaspace       used 15955K, capacity 16546K, committed 16896K, reserved 1064960K
  class space    used 2063K, capacity 2232K, committed 2304K, reserved 1048576K
}

Deoptimization events (10 events):
Event: 3.294 Thread 0x00007f0430243800 Uncommon trap: reason=class_check action=maybe_recompile pc=0x00007f04208d3520 method=java.lang.String.equals(Ljava/lang/Object;)Z @ 8
Event: 3.294 Thread 0x00007f0430243800 Uncommon trap: reason=class_check action=maybe_recompile pc=0x00007f04208d3520 method=java.lang.String.equals(Ljava/lang/Object;)Z @ 8
Event: 3.300 Thread 0x00007f0430243800 Uncommon trap: reason=class_check action=maybe_recompile pc=0x00007f04208d3520 method=java.lang.String.equals(Ljava/lang/Object;)Z @ 8
Event: 3.467 Thread 0x00007f0430243800 Uncommon trap: reason=unstable_if action=reinterpret pc=0x00007f0420b477ac method=java.lang.ClassLoader.checkName(Ljava/lang/String;)Z @ 20
Event: 4.126 Thread 0x00007f0430243800 Uncommon trap: reason=unstable_if action=reinterpret pc=0x00007f0420b6ce24 method=jdk.internal.org.objectweb.asm.Type.getArgumentsAndReturnSizes(Ljava/lang/String;)I @ 47
Event: 5.161 Thread 0x00007f04301f1000 Uncommon trap: reason=unstable_if action=reinterpret pc=0x00007f0420c419e0 method=java.lang.StrictMath.floorOrCeil(DDDD)D @ 115
Event: 13.222 Thread 0x00007f0430243800 Uncommon trap: reason=unstable_if action=reinterpret pc=0x00007f0420a2c220 method=java.lang.CharacterData.of(I)Ljava/lang/CharacterData; @ 4
Event: 14.833 Thread 0x00007f0430243800 Uncommon trap: reason=unstable_if action=reinterpret pc=0x00007f0420aa039c method=sun.nio.cs.UTF_8$Decoder.decode([BII[C)I @ 30
Event: 14.910 Thread 0x00007f0430243800 Uncommon trap: reason=unstable_if action=reinterpret pc=0x00007f0420cd0f7c method=java.lang.StrictMath.floorOrCeil(DDDD)D @ 38
Event: 14.920 Thread 0x00007f0430243800 Uncommon trap: reason=unstable_if action=reinterpret pc=0x00007f0420d493f4 method=javafx.scene.Node.updateLocalToParentTransform()V @ 4

Classes redefined (0 events):
No events

Internal exceptions (10 events):
Event: 0.465 Thread 0x00007f043000a800 Exception <a 'java/security/PrivilegedActionException'> (0x00000000d7634ef0) thrown at [/build/openjdk-8-8u181-b13/src/hotspot/src/share/vm/prims/jvm.cpp, line 1435]
Event: 0.465 Thread 0x00007f043000a800 Exception <a 'java/security/PrivilegedActionException'> (0x00000000d76359c8) thrown at [/build/openjdk-8-8u181-b13/src/hotspot/src/share/vm/prims/jvm.cpp, line 1435]
Event: 0.465 Thread 0x00007f043000a800 Exception <a 'java/security/PrivilegedActionException'> (0x00000000d7635bd8) thrown at [/build/openjdk-8-8u181-b13/src/hotspot/src/share/vm/prims/jvm.cpp, line 1435]
Event: 0.465 Thread 0x00007f043000a800 Exception <a 'java/lang/NullPointerException'> (0x00000000d7637180) thrown at [/build/openjdk-8-8u181-b13/src/hotspot/src/share/vm/interpreter/linkResolver.cpp, line 1185]
Event: 2.046 Thread 0x00007f0430243800 Exception <a 'java/lang/NullPointerException'> (0x00000000d8b463d8) thrown at [/build/openjdk-8-8u181-b13/src/hotspot/src/share/vm/interpreter/linkResolver.cpp, line 1185]
Event: 2.046 Thread 0x00007f0430243800 Exception <a 'java/lang/NullPointerException'> (0x00000000d8b463d8) thrown at [/build/openjdk-8-8u181-b13/src/hotspot/src/share/vm/prims/jvm.cpp, line 1439]
Event: 2.518 Thread 0x00007f0430243800 Exception <a 'java/lang/ArrayIndexOutOfBoundsException'> (0x00000000d9233d40) thrown at [/build/openjdk-8-8u181-b13/src/hotspot/src/share/vm/runtime/sharedRuntime.cpp, line 605]
Event: 2.519 Thread 0x00007f0430243800 Exception <a 'java/lang/ArrayIndexOutOfBoundsException'> (0x00000000d9234a40) thrown at [/build/openjdk-8-8u181-b13/src/hotspot/src/share/vm/runtime/sharedRuntime.cpp, line 605]
Event: 2.520 Thread 0x00007f0430243800 Exception <a 'java/lang/ArrayIndexOutOfBoundsException'> (0x00000000d9235de8) thrown at [/build/openjdk-8-8u181-b13/src/hotspot/src/share/vm/runtime/sharedRuntime.cpp, line 605]
Event: 3.031 Thread 0x00007f0430243800 Implicit null exception at 0x00007f0420b0b875 to 0x00007f0420b0ba91

Events (10 events):
Event: 14.882 loading class javafx/scene/Node$MiscProperties$9$1
Event: 14.882 loading class javafx/scene/Node$MiscProperties$9$1 done
Event: 14.910 Thread 0x00007f0430243800 Uncommon trap: trap_request=0xffffff65 fr.pc=0x00007f0420cd0f7c
Event: 14.911 Thread 0x00007f0430243800 DEOPT PACKING pc=0x00007f0420cd0f7c sp=0x00007f03e2c0f7c0
Event: 14.911 Thread 0x00007f0430243800 DEOPT UNPACKING pc=0x00007f042080647a sp=0x00007f03e2c0f708 mode 2
Event: 14.920 Thread 0x00007f0430243800 Uncommon trap: trap_request=0xffffff65 fr.pc=0x00007f0420d493f4
Event: 14.920 Thread 0x00007f0430243800 DEOPT PACKING pc=0x00007f0420d493f4 sp=0x00007f03e2c0f440
Event: 14.921 Thread 0x00007f0430243800 DEOPT UNPACKING pc=0x00007f042080647a sp=0x00007f03e2c0f3c0 mode 2
Event: 14.995 loading class com/sun/javafx/scene/KeyboardShortcutsHandler$1
Event: 14.995 loading class com/sun/javafx/scene/KeyboardShortcutsHandler$1 done


Dynamic libraries:
85a00000-8ad00000 rw-p 00000000 00:00 0 
8ad00000-d7380000 ---p 00000000 00:00 0 
d7380000-dbb80000 rw-p 00000000 00:00 0 
dbb80000-100000000 ---p 00000000 00:00 0 
100000000-1002e0000 rw-p 00000000 00:00 0 
1002e0000-140000000 ---p 00000000 00:00 0 
55c05a725000-55c05a726000 r-xp 00000000 08:08 1715118                    /usr/lib/jvm/java-8-openjdk-amd64/jre/bin/java
55c05a925000-55c05a926000 r--p 00000000 08:08 1715118                    /usr/lib/jvm/java-8-openjdk-amd64/jre/bin/java
55c05a926000-55c05a927000 rw-p 00001000 08:08 1715118                    /usr/lib/jvm/java-8-openjdk-amd64/jre/bin/java
55c05c79e000-55c05c7bf000 rw-p 00000000 00:00 0                          [heap]
7f03d0a7f000-7f03d0bbf000 rw-p 00000000 00:00 0 
7f03d0bbf000-7f03d0c7f000 ---p 00000000 00:00 0 
7f03d0c7f000-7f03d0e3f000 rw-s 104b9f000 00:06 344                       /dev/dri/card0
7f03d0e3f000-7f03d0fff000 rw-s 1063e3000 00:06 344                       /dev/dri/card0
7f03d0fff000-7f03d4000000 rw-p 00000000 00:00 0 
7f03d4000000-7f03d45cc000 rw-p 00000000 00:00 0 
7f03d45cc000-7f03d8000000 ---p 00000000 00:00 0 
7f03d8000000-7f03d8021000 rw-p 00000000 00:00 0 
7f03d8021000-7f03dc000000 ---p 00000000 00:00 0 
7f03dc000000-7f03dc021000 rw-p 00000000 00:00 0 
7f03dc021000-7f03e0000000 ---p 00000000 00:00 0 
7f03e0045000-7f03e0046000 rw-s 10673b000 00:06 344                       /dev/dri/card0
7f03e0046000-7f03e0047000 rw-s 105d53000 00:06 344                       /dev/dri/card0
7f03e0049000-7f03e004e000 rw-s 00000000 00:18 149                        /i915 (deleted)
7f03e004e000-7f03e005e000 rw-s 00000000 00:18 621                        /i915 (deleted)
7f03e005e000-7f03e005f000 rw-s 00000000 00:18 278                        /i915 (deleted)
7f03e005f000-7f03e0063000 rw-s 00000000 00:18 619                        /i915 (deleted)
7f03e0063000-7f03e00c3000 rw-s 104eba000 00:06 344                       /dev/dri/card0
7f03e00c3000-7f03e0123000 rw-s 106692000 00:06 344                       /dev/dri/card0
7f03e0123000-7f03e0131000 rw-s 105306000 00:06 344                       /dev/dri/card0
7f03e0131000-7f03e0135000 rw-s 00000000 00:18 587                        /i915 (deleted)
7f03e0135000-7f03e013a000 rw-s 00000000 00:18 295                        /i915 (deleted)
7f03e013a000-7f03e014a000 rw-s 00000000 00:18 593                        /i915 (deleted)
7f03e014a000-7f03e014f000 rw-s 00000000 00:18 284                        /i915 (deleted)
7f03e014f000-7f03e015f000 rw-s 00000000 00:18 191                        /i915 (deleted)
7f03e015f000-7f03e016b000 rw-s 00000000 00:18 289                        /i915 (deleted)
7f03e016b000-7f03e046b000 rw-s 1013ad000 00:06 344                       /dev/dri/card0
7f03e046b000-7f03e047e000 r--s 00346000 08:08 1715206                    /usr/lib/jvm/java-8-openjdk-amd64/jre/lib/resources.jar
7f03e047e000-7f03e04c5000 r--p 00000000 08:08 2491713                    /usr/share/fonts/truetype/noto/NotoSans-BoldItalic.ttf
7f03e04c5000-7f03e04c8000 ---p 00000000 00:00 0 
7f03e04c8000-7f03e05c6000 rw-p 00000000 00:00 0 
7f03e05c6000-7f03e0611000 r--p 00000000 08:08 2491715                    /usr/share/fonts/truetype/noto/NotoSans-Regular.ttf
7f03e0611000-7f03e0811000 rw-p 00000000 00:00 0 
7f03e0811000-7f03e0841000 r-xp 00000000 08:08 1973152                    /usr/lib/x86_64-linux-gnu/gtk-2.0/2.10.0/engines/libmurrine.so
7f03e0841000-7f03e0a41000 ---p 00030000 08:08 1973152                    /usr/lib/x86_64-linux-gnu/gtk-2.0/2.10.0/engines/libmurrine.so
7f03e0a41000-7f03e0a42000 r--p 00030000 08:08 1973152                    /usr/lib/x86_64-linux-gnu/gtk-2.0/2.10.0/engines/libmurrine.so
7f03e0a42000-7f03e0a43000 rw-p 00031000 08:08 1973152                    /usr/lib/x86_64-linux-gnu/gtk-2.0/2.10.0/engines/libmurrine.so
7f03e0a43000-7f03e0a45000 r-xp 00000000 08:08 1973145                    /usr/lib/x86_64-linux-gnu/gtk-2.0/2.10.0/engines/libadwaita.so
7f03e0a45000-7f03e0c45000 ---p 00002000 08:08 1973145                    /usr/lib/x86_64-linux-gnu/gtk-2.0/2.10.0/engines/libadwaita.so
7f03e0c45000-7f03e0c46000 r--p 00002000 08:08 1973145                    /usr/lib/x86_64-linux-gnu/gtk-2.0/2.10.0/engines/libadwaita.so
7f03e0c46000-7f03e0c47000 rw-p 00003000 08:08 1973145                    /usr/lib/x86_64-linux-gnu/gtk-2.0/2.10.0/engines/libadwaita.so
7f03e0c47000-7f03e0c51000 r-xp 00000000 08:08 1973153                    /usr/lib/x86_64-linux-gnu/gtk-2.0/2.10.0/engines/libpixmap.so
7f03e0c51000-7f03e0e50000 ---p 0000a000 08:08 1973153                    /usr/lib/x86_64-linux-gnu/gtk-2.0/2.10.0/engines/libpixmap.so
7f03e0e50000-7f03e0e51000 r--p 00009000 08:08 1973153                    /usr/lib/x86_64-linux-gnu/gtk-2.0/2.10.0/engines/libpixmap.so
7f03e0e51000-7f03e0e52000 rw-p 0000a000 08:08 1973153                    /usr/lib/x86_64-linux-gnu/gtk-2.0/2.10.0/engines/libpixmap.so
7f03e0e52000-7f03e0e54000 r--s 00000000 08:08 1590387                    /var/cache/fontconfig/4bb17da730f63117fed329ee42a5d05e-le64.cache-4
7f03e0e54000-7f03e0e96000 r--s 00000000 08:08 1572909                    /var/cache/fontconfig/0bd3dc0958fa2205aaaa8ebb13e2872b-le64.cache-4
7f03e0e96000-7f03e0e9b000 r-xp 00000000 08:08 1717399                    /usr/lib/jvm/java-8-openjdk-amd64/jre/lib/amd64/libjavafx_font_freetype.so
7f03e0e9b000-7f03e109a000 ---p 00005000 08:08 1717399                    /usr/lib/jvm/java-8-openjdk-amd64/jre/lib/amd64/libjavafx_font_freetype.so
7f03e109a000-7f03e109b000 r--p 00004000 08:08 1717399                    /usr/lib/jvm/java-8-openjdk-amd64/jre/lib/amd64/libjavafx_font_freetype.so
7f03e109b000-7f03e109c000 rw-p 00005000 08:08 1717399                    /usr/lib/jvm/java-8-openjdk-amd64/jre/lib/amd64/libjavafx_font_freetype.so
7f03e109c000-7f03e129c000 rw-p 00000000 00:00 0 
7f03e129c000-7f03e129f000 r-xp 00000000 08:08 1717398                    /usr/lib/jvm/java-8-openjdk-amd64/jre/lib/amd64/libjavafx_font.so
7f03e129f000-7f03e149e000 ---p 00003000 08:08 1717398                    /usr/lib/jvm/java-8-openjdk-amd64/jre/lib/amd64/libjavafx_font.so
7f03e149e000-7f03e149f000 r--p 00002000 08:08 1717398                    /usr/lib/jvm/java-8-openjdk-amd64/jre/lib/amd64/libjavafx_font.so
7f03e149f000-7f03e14a0000 rw-p 00003000 08:08 1717398                    /usr/lib/jvm/java-8-openjdk-amd64/jre/lib/amd64/libjavafx_font.so
7f03e14a0000-7f03e1509000 r-xp 00000000 08:08 1974422                    /usr/lib/x86_64-linux-gnu/libjpeg.so.62.2.0
7f03e1509000-7f03e1709000 ---p 00069000 08:08 1974422                    /usr/lib/x86_64-linux-gnu/libjpeg.so.62.2.0
7f03e1709000-7f03e170a000 r--p 00069000 08:08 1974422                    /usr/lib/x86_64-linux-gnu/libjpeg.so.62.2.0
7f03e170a000-7f03e170b000 rw-p 0006a000 08:08 1974422                    /usr/lib/x86_64-linux-gnu/libjpeg.so.62.2.0
7f03e170b000-7f03e170f000 r-xp 00000000 08:08 1717401                    /usr/lib/jvm/java-8-openjdk-amd64/jre/lib/amd64/libjavafx_iio.so
7f03e170f000-7f03e190e000 ---p 00004000 08:08 1717401                    /usr/lib/jvm/java-8-openjdk-amd64/jre/lib/amd64/libjavafx_iio.so
7f03e190e000-7f03e190f000 r--p 00003000 08:08 1717401                    /usr/lib/jvm/java-8-openjdk-amd64/jre/lib/amd64/libjavafx_iio.so
7f03e190f000-7f03e1910000 rw-p 00004000 08:08 1717401                    /usr/lib/jvm/java-8-openjdk-amd64/jre/lib/amd64/libjavafx_iio.so
7f03e1910000-7f03e1b10000 rw-p 00000000 00:00 0 
7f03e1b10000-7f03e1d10000 rw-p 00000000 00:00 0 
7f03e1d10000-7f03e1d27000 r-xp 00000000 08:08 1715156                    /usr/lib/jvm/java-8-openjdk-amd64/jre/lib/amd64/libnet.so
7f03e1d27000-7f03e1f26000 ---p 00017000 08:08 1715156                    /usr/lib/jvm/java-8-openjdk-amd64/jre/lib/amd64/libnet.so
7f03e1f26000-7f03e1f27000 r--p 00016000 08:08 1715156                    /usr/lib/jvm/java-8-openjdk-amd64/jre/lib/amd64/libnet.so
7f03e1f27000-7f03e1f28000 rw-p 00017000 08:08 1715156                    /usr/lib/jvm/java-8-openjdk-amd64/jre/lib/amd64/libnet.so
7f03e1f28000-7f03e1f2b000 ---p 00000000 00:00 0 
7f03e1f2b000-7f03e2029000 rw-p 00000000 00:00 0 
7f03e2029000-7f03e20cf000 r--s 010bb000 08:09 14421221                   /home/atomx/eclipse-workspace/Library/lib/jfxrt.jar
7f03e20cf000-7f03e20d2000 ---p 00000000 00:00 0 
7f03e20d2000-7f03e21d0000 rw-p 00000000 00:00 0 
7f03e21d0000-7f03e21d1000 ---p 00000000 00:00 0 
7f03e21d1000-7f03e29d1000 rw-p 00000000 00:00 0 
7f03e29d1000-7f03e2b12000 rw-s 00000000 08:09 12845132                   /home/atomx/.cache/mesa_shader_cache/index
7f03e2b12000-7f03e2b15000 ---p 00000000 00:00 0 
7f03e2b15000-7f03e2c13000 rw-p 00000000 00:00 0 
7f03e2c13000-7f03e2c16000 ---p 00000000 00:00 0 
7f03e2c16000-7f03e2d14000 rw-p 00000000 00:00 0 
7f03e2d14000-7f03e2d3d000 r-xp 00000000 08:08 1717396                    /usr/lib/jvm/java-8-openjdk-amd64/jre/lib/amd64/libglass.so
7f03e2d3d000-7f03e2f3d000 ---p 00029000 08:08 1717396                    /usr/lib/jvm/java-8-openjdk-amd64/jre/lib/amd64/libglass.so
7f03e2f3d000-7f03e2f3e000 r--p 00029000 08:08 1717396                    /usr/lib/jvm/java-8-openjdk-amd64/jre/lib/amd64/libglass.so
7f03e2f3e000-7f03e2f3f000 rw-p 0002a000 08:08 1717396                    /usr/lib/jvm/java-8-openjdk-amd64/jre/lib/amd64/libglass.so
7f03e2f3f000-7f03e2f40000 rw-p 00000000 00:00 0 
7f03e2f40000-7f03e2f41000 ---p 00000000 00:00 0 
7f03e2f41000-7f03e3741000 rw-p 00000000 00:00 0 
7f03e3741000-7f03e3749000 r-xp 00000000 08:08 1974752                    /usr/lib/x86_64-linux-gnu/libpciaccess.so.0.11.1
7f03e3749000-7f03e3949000 ---p 00008000 08:08 1974752                    /usr/lib/x86_64-linux-gnu/libpciaccess.so.0.11.1
7f03e3949000-7f03e394a000 r--p 00008000 08:08 1974752                    /usr/lib/x86_64-linux-gnu/libpciaccess.so.0.11.1
7f03e394a000-7f03e394b000 rw-p 00009000 08:08 1974752                    /usr/lib/x86_64-linux-gnu/libpciaccess.so.0.11.1
7f03e394b000-7f03e3956000 r-xp 00000000 08:08 1973844                    /usr/lib/x86_64-linux-gnu/libdrm_radeon.so.1.0.1
7f03e3956000-7f03e3b55000 ---p 0000b000 08:08 1973844                    /usr/lib/x86_64-linux-gnu/libdrm_radeon.so.1.0.1
7f03e3b55000-7f03e3b56000 r--p 0000a000 08:08 1973844                    /usr/lib/x86_64-linux-gnu/libdrm_radeon.so.1.0.1
7f03e3b56000-7f03e3b57000 rw-p 0000b000 08:08 1973844                    /usr/lib/x86_64-linux-gnu/libdrm_radeon.so.1.0.1
7f03e3b57000-7f03e3b5e000 r-xp 00000000 08:08 1973842                    /usr/lib/x86_64-linux-gnu/libdrm_nouveau.so.2.0.0
7f03e3b5e000-7f03e3d5d000 ---p 00007000 08:08 1973842                    /usr/lib/x86_64-linux-gnu/libdrm_nouveau.so.2.0.0
7f03e3d5d000-7f03e3d5e000 r--p 00006000 08:08 1973842                    /usr/lib/x86_64-linux-gnu/libdrm_nouveau.so.2.0.0
7f03e3d5e000-7f03e3d5f000 rw-p 00007000 08:08 1973842                    /usr/lib/x86_64-linux-gnu/libdrm_nouveau.so.2.0.0
7f03e3d5f000-7f03e3d82000 r-xp 00000000 08:08 1973840                    /usr/lib/x86_64-linux-gnu/libdrm_intel.so.1.0.0
7f03e3d82000-7f03e3f81000 ---p 00023000 08:08 1973840                    /usr/lib/x86_64-linux-gnu/libdrm_intel.so.1.0.0
7f03e3f81000-7f03e3f82000 r--p 00022000 08:08 1973840                    /usr/lib/x86_64-linux-gnu/libdrm_intel.so.1.0.0
7f03e3f82000-7f03e3f83000 rw-p 00023000 08:08 1973840                    /usr/lib/x86_64-linux-gnu/libdrm_intel.so.1.0.0
7f03e3f83000-7f03e48b2000 r-xp 00000000 08:08 1972506                    /usr/lib/x86_64-linux-gnu/dri/i965_dri.so
7f03e48b2000-7f03e4ab1000 ---p 0092f000 08:08 1972506                    /usr/lib/x86_64-linux-gnu/dri/i965_dri.so
7f03e4ab1000-7f03e4b0b000 r--p 0092e000 08:08 1972506                    /usr/lib/x86_64-linux-gnu/dri/i965_dri.so
7f03e4b0b000-7f03e4b16000 rw-p 00988000 08:08 1972506                    /usr/lib/x86_64-linux-gnu/dri/i965_dri.so
7f03e4b16000-7f03e4bc9000 rw-p 00000000 00:00 0 
7f03e4bc9000-7f03e4bd9000 r-xp 00000000 08:08 1973836                    /usr/lib/x86_64-linux-gnu/libdrm.so.2.4.0
7f03e4bd9000-7f03e4dd8000 ---p 00010000 08:08 1973836                    /usr/lib/x86_64-linux-gnu/libdrm.so.2.4.0
7f03e4dd8000-7f03e4dd9000 r--p 0000f000 08:08 1973836                    /usr/lib/x86_64-linux-gnu/libdrm.so.2.4.0
7f03e4dd9000-7f03e4dda000 rw-p 00010000 08:08 1973836                    /usr/lib/x86_64-linux-gnu/libdrm.so.2.4.0
7f03e4dda000-7f03e4dde000 r-xp 00000000 08:08 1975194                    /usr/lib/x86_64-linux-gnu/libxcb-dri2.so.0.0.0
7f03e4dde000-7f03e4fdd000 ---p 00004000 08:08 1975194                    /usr/lib/x86_64-linux-gnu/libxcb-dri2.so.0.0.0
7f03e4fdd000-7f03e4fde000 r--p 00003000 08:08 1975194                    /usr/lib/x86_64-linux-gnu/libxcb-dri2.so.0.0.0
7f03e4fde000-7f03e4fdf000 rw-p 00004000 08:08 1975194                    /usr/lib/x86_64-linux-gnu/libxcb-dri2.so.0.0.0
7f03e4fdf000-7f03e4ff7000 r-xp 00000000 08:08 1975200                    /usr/lib/x86_64-linux-gnu/libxcb-glx.so.0.0.0
7f03e4ff7000-7f03e51f7000 ---p 00018000 08:08 1975200                    /usr/lib/x86_64-linux-gnu/libxcb-glx.so.0.0.0
7f03e51f7000-7f03e51f9000 r--p 00018000 08:08 1975200                    /usr/lib/x86_64-linux-gnu/libxcb-glx.so.0.0.0
7f03e51f9000-7f03e51fa000 rw-p 0001a000 08:08 1975200                    /usr/lib/x86_64-linux-gnu/libxcb-glx.so.0.0.0
7f03e51fa000-7f03e51fb000 r-xp 00000000 08:08 1973515                    /usr/lib/x86_64-linux-gnu/libX11-xcb.so.1.0.0
7f03e51fb000-7f03e53fa000 ---p 00001000 08:08 1973515                    /usr/lib/x86_64-linux-gnu/libX11-xcb.so.1.0.0
7f03e53fa000-7f03e53fb000 r--p 00000000 08:08 1973515                    /usr/lib/x86_64-linux-gnu/libX11-xcb.so.1.0.0
7f03e53fb000-7f03e53fc000 rw-p 00001000 08:08 1973515                    /usr/lib/x86_64-linux-gnu/libX11-xcb.so.1.0.0
7f03e53fc000-7f03e5428000 r-xp 00000000 08:08 1974054                    /usr/lib/x86_64-linux-gnu/libglapi.so.0.0.0
7f03e5428000-7f03e5627000 ---p 0002c000 08:08 1974054                    /usr/lib/x86_64-linux-gnu/libglapi.so.0.0.0
7f03e5627000-7f03e562b000 r--p 0002b000 08:08 1974054                    /usr/lib/x86_64-linux-gnu/libglapi.so.0.0.0
7f03e562b000-7f03e562c000 rw-p 0002f000 08:08 1974054                    /usr/lib/x86_64-linux-gnu/libglapi.so.0.0.0
7f03e562c000-7f03e562d000 rw-p 00000000 00:00 0 
7f03e562d000-7f03e562e000 r-xp 00000000 08:08 1975250                    /usr/lib/x86_64-linux-gnu/libxshmfence.so.1.0.0
7f03e562e000-7f03e582d000 ---p 00001000 08:08 1975250                    /usr/lib/x86_64-linux-gnu/libxshmfence.so.1.0.0
7f03e582d000-7f03e582e000 r--p 00000000 08:08 1975250                    /usr/lib/x86_64-linux-gnu/libxshmfence.so.1.0.0
7f03e582e000-7f03e582f000 rw-p 00001000 08:08 1975250                    /usr/lib/x86_64-linux-gnu/libxshmfence.so.1.0.0
7f03e582f000-7f03e5835000 r-xp 00000000 08:08 1975220                    /usr/lib/x86_64-linux-gnu/libxcb-sync.so.1.0.0
7f03e5835000-7f03e5a34000 ---p 00006000 08:08 1975220                    /usr/lib/x86_64-linux-gnu/libxcb-sync.so.1.0.0
7f03e5a34000-7f03e5a35000 r--p 00005000 08:08 1975220                    /usr/lib/x86_64-linux-gnu/libxcb-sync.so.1.0.0
7f03e5a35000-7f03e5a36000 rw-p 00006000 08:08 1975220                    /usr/lib/x86_64-linux-gnu/libxcb-sync.so.1.0.0
7f03e5a36000-7f03e5a38000 r-xp 00000000 08:08 1975208                    /usr/lib/x86_64-linux-gnu/libxcb-present.so.0.0.0
7f03e5a38000-7f03e5c37000 ---p 00002000 08:08 1975208                    /usr/lib/x86_64-linux-gnu/libxcb-present.so.0.0.0
7f03e5c37000-7f03e5c38000 r--p 00001000 08:08 1975208                    /usr/lib/x86_64-linux-gnu/libxcb-present.so.0.0.0
7f03e5c38000-7f03e5c39000 rw-p 00002000 08:08 1975208                    /usr/lib/x86_64-linux-gnu/libxcb-present.so.0.0.0
7f03e5c39000-7f03e5c40000 r-xp 00000000 08:08 1975224                    /usr/lib/x86_64-linux-gnu/libxcb-xfixes.so.0.0.0
7f03e5c40000-7f03e5e3f000 ---p 00007000 08:08 1975224                    /usr/lib/x86_64-linux-gnu/libxcb-xfixes.so.0.0.0
7f03e5e3f000-7f03e5e40000 r--p 00006000 08:08 1975224                    /usr/lib/x86_64-linux-gnu/libxcb-xfixes.so.0.0.0
7f03e5e40000-7f03e5e41000 rw-p 00007000 08:08 1975224                    /usr/lib/x86_64-linux-gnu/libxcb-xfixes.so.0.0.0
7f03e5e41000-7f03e5e43000 r-xp 00000000 08:08 1975196                    /usr/lib/x86_64-linux-gnu/libxcb-dri3.so.0.0.0
7f03e5e43000-7f03e6042000 ---p 00002000 08:08 1975196                    /usr/lib/x86_64-linux-gnu/libxcb-dri3.so.0.0.0
7f03e6042000-7f03e6043000 r--p 00001000 08:08 1975196                    /usr/lib/x86_64-linux-gnu/libxcb-dri3.so.0.0.0
7f03e6043000-7f03e6044000 rw-p 00002000 08:08 1975196                    /usr/lib/x86_64-linux-gnu/libxcb-dri3.so.0.0.0
7f03e6044000-7f03e60b6000 r-xp 00000000 08:08 1973267                    /usr/lib/x86_64-linux-gnu/libGLX_mesa.so.0.0.0
7f03e60b6000-7f03e62b5000 ---p 00072000 08:08 1973267                    /usr/lib/x86_64-linux-gnu/libGLX_mesa.so.0.0.0
7f03e62b5000-7f03e62b8000 r--p 00071000 08:08 1973267                    /usr/lib/x86_64-linux-gnu/libGLX_mesa.so.0.0.0
7f03e62b8000-7f03e62b9000 rw-p 00074000 08:08 1973267                    /usr/lib/x86_64-linux-gnu/libGLX_mesa.so.0.0.0
7f03e62b9000-7f03e62ba000 rw-p 00000000 00:00 0 
7f03e62ba000-7f03e62be000 r-xp 00000000 08:08 1975099                    /usr/lib/x86_64-linux-gnu/libuuid.so.1.3.0
7f03e62be000-7f03e64bd000 ---p 00004000 08:08 1975099                    /usr/lib/x86_64-linux-gnu/libuuid.so.1.3.0
7f03e64bd000-7f03e64be000 r--p 00003000 08:08 1975099                    /usr/lib/x86_64-linux-gnu/libuuid.so.1.3.0
7f03e64be000-7f03e64bf000 rw-p 00004000 08:08 1975099                    /usr/lib/x86_64-linux-gnu/libuuid.so.1.3.0
7f03e64bf000-7f03e64d2000 r-xp 00000000 08:08 1973672                    /usr/lib/x86_64-linux-gnu/libbsd.so.0.8.3
7f03e64d2000-7f03e66d2000 ---p 00013000 08:08 1973672                    /usr/lib/x86_64-linux-gnu/libbsd.so.0.8.3
7f03e66d2000-7f03e66d3000 r--p 00013000 08:08 1973672                    /usr/lib/x86_64-linux-gnu/libbsd.so.0.8.3
7f03e66d3000-7f03e66d4000 rw-p 00014000 08:08 1973672                    /usr/lib/x86_64-linux-gnu/libbsd.so.0.8.3
7f03e66d4000-7f03e66d5000 rw-p 00000000 00:00 0 
7f03e66d5000-7f03e66dc000 r-xp 00000000 08:08 1973762                    /usr/lib/x86_64-linux-gnu/libdatrie.so.1.3.3
7f03e66dc000-7f03e68db000 ---p 00007000 08:08 1973762                    /usr/lib/x86_64-linux-gnu/libdatrie.so.1.3.3
7f03e68db000-7f03e68dc000 r--p 00006000 08:08 1973762                    /usr/lib/x86_64-linux-gnu/libdatrie.so.1.3.3
7f03e68dc000-7f03e68dd000 rw-p 00007000 08:08 1973762                    /usr/lib/x86_64-linux-gnu/libdatrie.so.1.3.3
7f03e68dd000-7f03e6908000 r-xp 00000000 08:08 1974207                    /usr/lib/x86_64-linux-gnu/libgraphite2.so.3.0.1
7f03e6908000-7f03e6b07000 ---p 0002b000 08:08 1974207                    /usr/lib/x86_64-linux-gnu/libgraphite2.so.3.0.1
7f03e6b07000-7f03e6b09000 r--p 0002a000 08:08 1974207                    /usr/lib/x86_64-linux-gnu/libgraphite2.so.3.0.1
7f03e6b09000-7f03e6b0a000 rw-p 0002c000 08:08 1974207                    /usr/lib/x86_64-linux-gnu/libgraphite2.so.3.0.1
7f03e6b0a000-7f03e6b4b000 r-xp 00000000 08:08 1973657                    /usr/lib/x86_64-linux-gnu/libblkid.so.1.1.0
7f03e6b4b000-7f03e6d4a000 ---p 00041000 08:08 1973657                    /usr/lib/x86_64-linux-gnu/libblkid.so.1.1.0
7f03e6d4a000-7f03e6d4e000 r--p 00040000 08:08 1973657                    /usr/lib/x86_64-linux-gnu/libblkid.so.1.1.0
7f03e6d4e000-7f03e6d4f000 rw-p 00044000 08:08 1973657                    /usr/lib/x86_64-linux-gnu/libblkid.so.1.1.0
7f03e6d4f000-7f03e6d50000 rw-p 00000000 00:00 0 
7f03e6d50000-7f03e6d55000 r-xp 00000000 08:08 1973532                    /usr/lib/x86_64-linux-gnu/libXdmcp.so.6.0.0
7f03e6d55000-7f03e6f54000 ---p 00005000 08:08 1973532                    /usr/lib/x86_64-linux-gnu/libXdmcp.so.6.0.0
7f03e6f54000-7f03e6f55000 r--p 00004000 08:08 1973532                    /usr/lib/x86_64-linux-gnu/libXdmcp.so.6.0.0
7f03e6f55000-7f03e6f56000 rw-p 00005000 08:08 1973532                    /usr/lib/x86_64-linux-gnu/libXdmcp.so.6.0.0
7f03e6f56000-7f03e6f59000 r-xp 00000000 08:08 1973521                    /usr/lib/x86_64-linux-gnu/libXau.so.6.0.0
7f03e6f59000-7f03e7158000 ---p 00003000 08:08 1973521                    /usr/lib/x86_64-linux-gnu/libXau.so.6.0.0
7f03e7158000-7f03e7159000 r--p 00002000 08:08 1973521                    /usr/lib/x86_64-linux-gnu/libXau.so.6.0.0
7f03e7159000-7f03e715a000 rw-p 00003000 08:08 1973521                    /usr/lib/x86_64-linux-gnu/libXau.so.6.0.0
7f03e715a000-7f03e71ca000 r-xp 00000000 08:08 1973269                    /usr/lib/x86_64-linux-gnu/libGLdispatch.so.0.0.0
7f03e71ca000-7f03e73ca000 ---p 00070000 08:08 1973269                    /usr/lib/x86_64-linux-gnu/libGLdispatch.so.0.0.0
7f03e73ca000-7f03e73f3000 r--p 00070000 08:08 1973269                    /usr/lib/x86_64-linux-gnu/libGLdispatch.so.0.0.0
7f03e73f3000-7f03e73f4000 rw-p 00099000 08:08 1973269                    /usr/lib/x86_64-linux-gnu/libGLdispatch.so.0.0.0
7f03e73f4000-7f03e7414000 rw-p 00000000 00:00 0 
7f03e7414000-7f03e7424000 r-xp 00000000 08:08 1973264                    /usr/lib/x86_64-linux-gnu/libGLX.so.0.0.0
7f03e7424000-7f03e7624000 ---p 00010000 08:08 1973264                    /usr/lib/x86_64-linux-gnu/libGLX.so.0.0.0
7f03e7624000-7f03e7625000 r--p 00010000 08:08 1973264                    /usr/lib/x86_64-linux-gnu/libGLX.so.0.0.0
7f03e7625000-7f03e7626000 rw-p 00011000 08:08 1973264                    /usr/lib/x86_64-linux-gnu/libGLX.so.0.0.0
7f03e7626000-7f03e7646000 rw-p 00000000 00:00 0 
7f03e7646000-7f03e76b8000 r-xp 00000000 08:08 1974757                    /usr/lib/x86_64-linux-gnu/libpcre.so.3.13.3
7f03e76b8000-7f03e78b7000 ---p 00072000 08:08 1974757                    /usr/lib/x86_64-linux-gnu/libpcre.so.3.13.3
7f03e78b7000-7f03e78b8000 r--p 00071000 08:08 1974757                    /usr/lib/x86_64-linux-gnu/libpcre.so.3.13.3
7f03e78b8000-7f03e78b9000 rw-p 00072000 08:08 1974757                    /usr/lib/x86_64-linux-gnu/libpcre.so.3.13.3
7f03e78b9000-7f03e78e0000 r-xp 00000000 08:08 1973918                    /usr/lib/x86_64-linux-gnu/libexpat.so.1.6.2
7f03e78e0000-7f03e7ae0000 ---p 00027000 08:08 1973918                    /usr/lib/x86_64-linux-gnu/libexpat.so.1.6.2
7f03e7ae0000-7f03e7ae2000 r--p 00027000 08:08 1973918                    /usr/lib/x86_64-linux-gnu/libexpat.so.1.6.2
7f03e7ae2000-7f03e7ae3000 rw-p 00029000 08:08 1973918                    /usr/lib/x86_64-linux-gnu/libexpat.so.1.6.2
7f03e7ae3000-7f03e7aea000 r-xp 00000000 08:08 1973938                    /usr/lib/x86_64-linux-gnu/libffi.so.6.0.4
7f03e7aea000-7f03e7cea000 ---p 00007000 08:08 1973938                    /usr/lib/x86_64-linux-gnu/libffi.so.6.0.4
7f03e7cea000-7f03e7ceb000 r--p 00007000 08:08 1973938                    /usr/lib/x86_64-linux-gnu/libffi.so.6.0.4
7f03e7ceb000-7f03e7cec000 rw-p 00008000 08:08 1973938                    /usr/lib/x86_64-linux-gnu/libffi.so.6.0.4
7f03e7cec000-7f03e7cf4000 r-xp 00000000 08:08 1975032                    /usr/lib/x86_64-linux-gnu/libthai.so.0.3.0
7f03e7cf4000-7f03e7ef4000 ---p 00008000 08:08 1975032                    /usr/lib/x86_64-linux-gnu/libthai.so.0.3.0
7f03e7ef4000-7f03e7ef5000 r--p 00008000 08:08 1975032                    /usr/lib/x86_64-linux-gnu/libthai.so.0.3.0
7f03e7ef5000-7f03e7ef6000 rw-p 00009000 08:08 1975032                    /usr/lib/x86_64-linux-gnu/libthai.so.0.3.0
7f03e7ef6000-7f03e7f89000 r-xp 00000000 08:08 1974304                    /usr/lib/x86_64-linux-gnu/libharfbuzz.so.0.10400.2
7f03e7f89000-7f03e8188000 ---p 00093000 08:08 1974304                    /usr/lib/x86_64-linux-gnu/libharfbuzz.so.0.10400.2
7f03e8188000-7f03e818a000 r--p 00092000 08:08 1974304                    /usr/lib/x86_64-linux-gnu/libharfbuzz.so.0.10400.2
7f03e818a000-7f03e818b000 rw-p 00094000 08:08 1974304                    /usr/lib/x86_64-linux-gnu/libharfbuzz.so.0.10400.2
7f03e818b000-7f03e81d5000 r-xp 00000000 08:08 1974545                    /usr/lib/x86_64-linux-gnu/libmount.so.1.1.0
7f03e81d5000-7f03e83d5000 ---p 0004a000 08:08 1974545                    /usr/lib/x86_64-linux-gnu/libmount.so.1.1.0
7f03e83d5000-7f03e83d6000 r--p 0004a000 08:08 1974545                    /usr/lib/x86_64-linux-gnu/libmount.so.1.1.0
7f03e83d6000-7f03e83d7000 rw-p 0004b000 08:08 1974545                    /usr/lib/x86_64-linux-gnu/libmount.so.1.1.0
7f03e83d7000-7f03e83d9000 rw-p 00000000 00:00 0 
7f03e83d9000-7f03e83ed000 r-xp 00000000 08:08 1974883                    /usr/lib/x86_64-linux-gnu/libresolv-2.24.so
7f03e83ed000-7f03e85ec000 ---p 00014000 08:08 1974883                    /usr/lib/x86_64-linux-gnu/libresolv-2.24.so
7f03e85ec000-7f03e85ed000 r--p 00013000 08:08 1974883                    /usr/lib/x86_64-linux-gnu/libresolv-2.24.so
7f03e85ed000-7f03e85ee000 rw-p 00014000 08:08 1974883                    /usr/lib/x86_64-linux-gnu/libresolv-2.24.so
7f03e85ee000-7f03e85f0000 rw-p 00000000 00:00 0 
7f03e85f0000-7f03e8615000 r-xp 00000000 08:08 1974931                    /usr/lib/x86_64-linux-gnu/libselinux.so.1
7f03e8615000-7f03e8814000 ---p 00025000 08:08 1974931                    /usr/lib/x86_64-linux-gnu/libselinux.so.1
7f03e8814000-7f03e8815000 r--p 00024000 08:08 1974931                    /usr/lib/x86_64-linux-gnu/libselinux.so.1
7f03e8815000-7f03e8816000 rw-p 00025000 08:08 1974931                    /usr/lib/x86_64-linux-gnu/libselinux.so.1
7f03e8816000-7f03e8818000 rw-p 00000000 00:00 0 
7f03e8818000-7f03e8824000 r-xp 00000000 08:08 1975214                    /usr/lib/x86_64-linux-gnu/libxcb-render.so.0.0.0
7f03e8824000-7f03e8a24000 ---p 0000c000 08:08 1975214                    /usr/lib/x86_64-linux-gnu/libxcb-render.so.0.0.0
7f03e8a24000-7f03e8a25000 r--p 0000c000 08:08 1975214                    /usr/lib/x86_64-linux-gnu/libxcb-render.so.0.0.0
7f03e8a25000-7f03e8a26000 rw-p 0000d000 08:08 1975214                    /usr/lib/x86_64-linux-gnu/libxcb-render.so.0.0.0
7f03e8a26000-7f03e8a4d000 r-xp 00000000 08:08 1975232                    /usr/lib/x86_64-linux-gnu/libxcb.so.1.1.0
7f03e8a4d000-7f03e8c4c000 ---p 00027000 08:08 1975232                    /usr/lib/x86_64-linux-gnu/libxcb.so.1.1.0
7f03e8c4c000-7f03e8c4d000 r--p 00026000 08:08 1975232                    /usr/lib/x86_64-linux-gnu/libxcb.so.1.1.0
7f03e8c4d000-7f03e8c4e000 rw-p 00027000 08:08 1975232                    /usr/lib/x86_64-linux-gnu/libxcb.so.1.1.0
7f03e8c4e000-7f03e8c50000 r-xp 00000000 08:08 1975218                    /usr/lib/x86_64-linux-gnu/libxcb-shm.so.0.0.0
7f03e8c50000-7f03e8e50000 ---p 00002000 08:08 1975218                    /usr/lib/x86_64-linux-gnu/libxcb-shm.so.0.0.0
7f03e8e50000-7f03e8e51000 r--p 00002000 08:08 1975218                    /usr/lib/x86_64-linux-gnu/libxcb-shm.so.0.0.0
7f03e8e51000-7f03e8e52000 rw-p 00003000 08:08 1975218                    /usr/lib/x86_64-linux-gnu/libxcb-shm.so.0.0.0
7f03e8e52000-7f03e8e83000 r-xp 00000000 08:08 1974804                    /usr/lib/x86_64-linux-gnu/libpng16.so.16.28.0
7f03e8e83000-7f03e9083000 ---p 00031000 08:08 1974804                    /usr/lib/x86_64-linux-gnu/libpng16.so.16.28.0
7f03e9083000-7f03e9084000 r--p 00031000 08:08 1974804                    /usr/lib/x86_64-linux-gnu/libpng16.so.16.28.0
7f03e9084000-7f03e9085000 rw-p 00032000 08:08 1974804                    /usr/lib/x86_64-linux-gnu/libpng16.so.16.28.0
7f03e9085000-7f03e9123000 r-xp 00000000 08:08 1974787                    /usr/lib/x86_64-linux-gnu/libpixman-1.so.0.34.0
7f03e9123000-7f03e9323000 ---p 0009e000 08:08 1974787                    /usr/lib/x86_64-linux-gnu/libpixman-1.so.0.34.0
7f03e9323000-7f03e932b000 r--p 0009e000 08:08 1974787                    /usr/lib/x86_64-linux-gnu/libpixman-1.so.0.34.0
7f03e932b000-7f03e932c000 rw-p 000a6000 08:08 1974787                    /usr/lib/x86_64-linux-gnu/libpixman-1.so.0.34.0
7f03e932c000-7f03e933d000 r-xp 00000000 08:08 1973534                    /usr/lib/x86_64-linux-gnu/libXext.so.6.4.0
7f03e933d000-7f03e953c000 ---p 00011000 08:08 1973534                    /usr/lib/x86_64-linux-gnu/libXext.so.6.4.0
7f03e953c000-7f03e953d000 r--p 00010000 08:08 1973534                    /usr/lib/x86_64-linux-gnu/libXext.so.6.4.0
7f03e953d000-7f03e953e000 rw-p 00011000 08:08 1973534                    /usr/lib/x86_64-linux-gnu/libXext.so.6.4.0
7f03e953e000-7f03e9548000 r-xp 00000000 08:08 1973528                    /usr/lib/x86_64-linux-gnu/libXcursor.so.1.0.2
7f03e9548000-7f03e9747000 ---p 0000a000 08:08 1973528                    /usr/lib/x86_64-linux-gnu/libXcursor.so.1.0.2
7f03e9747000-7f03e9748000 r--p 00009000 08:08 1973528                    /usr/lib/x86_64-linux-gnu/libXcursor.so.1.0.2
7f03e9748000-7f03e9749000 rw-p 0000a000 08:08 1973528                    /usr/lib/x86_64-linux-gnu/libXcursor.so.1.0.2
7f03e9749000-7f03e9753000 r-xp 00000000 08:08 1973554                    /usr/lib/x86_64-linux-gnu/libXrandr.so.2.2.0
7f03e9753000-7f03e9952000 ---p 0000a000 08:08 1973554                    /usr/lib/x86_64-linux-gnu/libXrandr.so.2.2.0
7f03e9952000-7f03e9953000 r--p 00009000 08:08 1973554                    /usr/lib/x86_64-linux-gnu/libXrandr.so.2.2.0
7f03e9953000-7f03e9954000 rw-p 0000a000 08:08 1973554                    /usr/lib/x86_64-linux-gnu/libXrandr.so.2.2.0
7f03e9954000-7f03e9963000 r-xp 00000000 08:08 1973544                    /usr/lib/x86_64-linux-gnu/libXi.so.6.1.0
7f03e9963000-7f03e9b62000 ---p 0000f000 08:08 1973544                    /usr/lib/x86_64-linux-gnu/libXi.so.6.1.0
7f03e9b62000-7f03e9b63000 r--p 0000e000 08:08 1973544                    /usr/lib/x86_64-linux-gnu/libXi.so.6.1.0
7f03e9b63000-7f03e9b64000 rw-p 0000f000 08:08 1973544                    /usr/lib/x86_64-linux-gnu/libXi.so.6.1.0
7f03e9b64000-7f03e9b66000 r-xp 00000000 08:08 1973546                    /usr/lib/x86_64-linux-gnu/libXinerama.so.1.0.0
7f03e9b66000-7f03e9d65000 ---p 00002000 08:08 1973546                    /usr/lib/x86_64-linux-gnu/libXinerama.so.1.0.0
7f03e9d65000-7f03e9d66000 r--p 00001000 08:08 1973546                    /usr/lib/x86_64-linux-gnu/libXinerama.so.1.0.0
7f03e9d66000-7f03e9d67000 rw-p 00002000 08:08 1973546                    /usr/lib/x86_64-linux-gnu/libXinerama.so.1.0.0
7f03e9d67000-7f03e9d70000 r-xp 00000000 08:08 1973556                    /usr/lib/x86_64-linux-gnu/libXrender.so.1.3.0
7f03e9d70000-7f03e9f6f000 ---p 00009000 08:08 1973556                    /usr/lib/x86_64-linux-gnu/libXrender.so.1.3.0
7f03e9f6f000-7f03e9f70000 r--p 00008000 08:08 1973556                    /usr/lib/x86_64-linux-gnu/libXrender.so.1.3.0
7f03e9f70000-7f03e9f71000 rw-p 00009000 08:08 1973556                    /usr/lib/x86_64-linux-gnu/libXrender.so.1.3.0
7f03e9f71000-7f03e9f76000 r-xp 00000000 08:08 1973536                    /usr/lib/x86_64-linux-gnu/libXfixes.so.3.1.0
7f03e9f76000-7f03ea175000 ---p 00005000 08:08 1973536                    /usr/lib/x86_64-linux-gnu/libXfixes.so.3.1.0
7f03ea175000-7f03ea176000 r--p 00004000 08:08 1973536                    /usr/lib/x86_64-linux-gnu/libXfixes.so.3.1.0
7f03ea176000-7f03ea177000 rw-p 00005000 08:08 1973536                    /usr/lib/x86_64-linux-gnu/libXfixes.so.3.1.0
7f03ea177000-7f03ea179000 r-xp 00000000 08:08 1973530                    /usr/lib/x86_64-linux-gnu/libXdamage.so.1.1.0
7f03ea179000-7f03ea378000 ---p 00002000 08:08 1973530                    /usr/lib/x86_64-linux-gnu/libXdamage.so.1.1.0
7f03ea378000-7f03ea379000 r--p 00001000 08:08 1973530                    /usr/lib/x86_64-linux-gnu/libXdamage.so.1.1.0
7f03ea379000-7f03ea37a000 rw-p 00002000 08:08 1973530                    /usr/lib/x86_64-linux-gnu/libXdamage.so.1.1.0
7f03ea37a000-7f03ea37c000 r-xp 00000000 08:08 1973526                    /usr/lib/x86_64-linux-gnu/libXcomposite.so.1.0.0
7f03ea37c000-7f03ea57b000 ---p 00002000 08:08 1973526                    /usr/lib/x86_64-linux-gnu/libXcomposite.so.1.0.0
7f03ea57b000-7f03ea57c000 r--p 00001000 08:08 1973526                    /usr/lib/x86_64-linux-gnu/libXcomposite.so.1.0.0
7f03ea57c000-7f03ea57d000 rw-p 00002000 08:08 1973526                    /usr/lib/x86_64-linux-gnu/libXcomposite.so.1.0.0
7f03ea57d000-7f03ea580000 r-xp 00000000 08:08 1974072                    /usr/lib/x86_64-linux-gnu/libgmodule-2.0.so.0.5000.3
7f03ea580000-7f03ea77f000 ---p 00003000 08:08 1974072                    /usr/lib/x86_64-linux-gnu/libgmodule-2.0.so.0.5000.3
7f03ea77f000-7f03ea780000 r--p 00002000 08:08 1974072                    /usr/lib/x86_64-linux-gnu/libgmodule-2.0.so.0.5000.3
7f03ea780000-7f03ea781000 rw-p 00003000 08:08 1974072                    /usr/lib/x86_64-linux-gnu/libgmodule-2.0.so.0.5000.3
7f03ea781000-7f03ea7f6000 r-xp 00000000 08:08 1973258                    /usr/lib/x86_64-linux-gnu/libGL.so.1.7.0
7f03ea7f6000-7f03ea9f6000 ---p 00075000 08:08 1973258                    /usr/lib/x86_64-linux-gnu/libGL.so.1.7.0
7f03ea9f6000-7f03eaa10000 r--p 00075000 08:08 1973258                    /usr/lib/x86_64-linux-gnu/libGL.so.1.7.0
7f03eaa10000-7f03eaa11000 rw-p 0008f000 08:08 1973258                    /usr/lib/x86_64-linux-gnu/libGL.so.1.7.0
7f03eaa11000-7f03eaa12000 rw-p 00000000 00:00 0 
7f03eaa12000-7f03eaa17000 r-xp 00000000 08:08 1973572                    /usr/lib/x86_64-linux-gnu/libXxf86vm.so.1.0.0
7f03eaa17000-7f03eac16000 ---p 00005000 08:08 1973572                    /usr/lib/x86_64-linux-gnu/libXxf86vm.so.1.0.0
7f03eac16000-7f03eac17000 r--p 00004000 08:08 1973572                    /usr/lib/x86_64-linux-gnu/libXxf86vm.so.1.0.0
7f03eac17000-7f03eac18000 rw-p 00005000 08:08 1973572                    /usr/lib/x86_64-linux-gnu/libXxf86vm.so.1.0.0
7f03eac18000-7f03ead52000 r-xp 00000000 08:08 1973517                    /usr/lib/x86_64-linux-gnu/libX11.so.6.3.0
7f03ead52000-7f03eaf52000 ---p 0013a000 08:08 1973517                    /usr/lib/x86_64-linux-gnu/libX11.so.6.3.0
7f03eaf52000-7f03eaf53000 r--p 0013a000 08:08 1973517                    /usr/lib/x86_64-linux-gnu/libX11.so.6.3.0
7f03eaf53000-7f03eaf58000 rw-p 0013b000 08:08 1973517                    /usr/lib/x86_64-linux-gnu/libX11.so.6.3.0
7f03eaf58000-7f03eaf5d000 r-xp 00000000 08:08 1973562                    /usr/lib/x86_64-linux-gnu/libXtst.so.6.1.0
7f03eaf5d000-7f03eb15c000 ---p 00005000 08:08 1973562                    /usr/lib/x86_64-linux-gnu/libXtst.so.6.1.0
7f03eb15c000-7f03eb15d000 r--p 00004000 08:08 1973562                    /usr/lib/x86_64-linux-gnu/libXtst.so.6.1.0
7f03eb15d000-7f03eb15e000 rw-p 00005000 08:08 1973562                    /usr/lib/x86_64-linux-gnu/libXtst.so.6.1.0
7f03eb15e000-7f03eb270000 r-xp 00000000 08:08 1974060                    /usr/lib/x86_64-linux-gnu/libglib-2.0.so.0.5000.3
7f03eb270000-7f03eb46f000 ---p 00112000 08:08 1974060                    /usr/lib/x86_64-linux-gnu/libglib-2.0.so.0.5000.3
7f03eb46f000-7f03eb470000 r--p 00111000 08:08 1974060                    /usr/lib/x86_64-linux-gnu/libglib-2.0.so.0.5000.3
7f03eb470000-7f03eb471000 rw-p 00112000 08:08 1974060                    /usr/lib/x86_64-linux-gnu/libglib-2.0.so.0.5000.3
7f03eb471000-7f03eb472000 rw-p 00000000 00:00 0 
7f03eb472000-7f03eb473000 r-xp 00000000 08:08 1974280                    /usr/lib/x86_64-linux-gnu/libgthread-2.0.so.0.5000.3
7f03eb473000-7f03eb672000 ---p 00001000 08:08 1974280                    /usr/lib/x86_64-linux-gnu/libgthread-2.0.so.0.5000.3
7f03eb672000-7f03eb673000 r--p 00000000 08:08 1974280                    /usr/lib/x86_64-linux-gnu/libgthread-2.0.so.0.5000.3
7f03eb673000-7f03eb674000 rw-p 00001000 08:08 1974280                    /usr/lib/x86_64-linux-gnu/libgthread-2.0.so.0.5000.3
7f03eb674000-7f03eb71c000 r-xp 00000000 08:08 1973996                    /usr/lib/x86_64-linux-gnu/libfreetype.so.6.12.3
7f03eb71c000-7f03eb91c000 ---p 000a8000 08:08 1973996                    /usr/lib/x86_64-linux-gnu/libfreetype.so.6.12.3
7f03eb91c000-7f03eb922000 r--p 000a8000 08:08 1973996                    /usr/lib/x86_64-linux-gnu/libfreetype.so.6.12.3
7f03eb922000-7f03eb923000 rw-p 000ae000 08:08 1973996                    /usr/lib/x86_64-linux-gnu/libfreetype.so.6.12.3
7f03eb923000-7f03eb95f000 r-xp 00000000 08:08 1973982                    /usr/lib/x86_64-linux-gnu/libfontconfig.so.1.8.0
7f03eb95f000-7f03ebb5e000 ---p 0003c000 08:08 1973982                    /usr/lib/x86_64-linux-gnu/libfontconfig.so.1.8.0
7f03ebb5e000-7f03ebb60000 r--p 0003b000 08:08 1973982                    /usr/lib/x86_64-linux-gnu/libfontconfig.so.1.8.0
7f03ebb60000-7f03ebb61000 rw-p 0003d000 08:08 1973982                    /usr/lib/x86_64-linux-gnu/libfontconfig.so.1.8.0
7f03ebb61000-7f03ebbb3000 r-xp 00000000 08:08 1974112                    /usr/lib/x86_64-linux-gnu/libgobject-2.0.so.0.5000.3
7f03ebbb3000-7f03ebdb2000 ---p 00052000 08:08 1974112                    /usr/lib/x86_64-linux-gnu/libgobject-2.0.so.0.5000.3
7f03ebdb2000-7f03ebdb3000 r--p 00051000 08:08 1974112                    /usr/lib/x86_64-linux-gnu/libgobject-2.0.so.0.5000.3
7f03ebdb3000-7f03ebdb4000 rw-p 00052000 08:08 1974112                    /usr/lib/x86_64-linux-gnu/libgobject-2.0.so.0.5000.3
7f03ebdb4000-7f03ebdfd000 r-xp 00000000 08:08 1974732                    /usr/lib/x86_64-linux-gnu/libpango-1.0.so.0.4000.5
7f03ebdfd000-7f03ebffc000 ---p 00049000 08:08 1974732                    /usr/lib/x86_64-linux-gnu/libpango-1.0.so.0.4000.5
7f03ebffc000-7f03ebfff000 r--p 00048000 08:08 1974732                    /usr/lib/x86_64-linux-gnu/libpango-1.0.so.0.4000.5
7f03ebfff000-7f03ec000000 rw-p 0004b000 08:08 1974732                    /usr/lib/x86_64-linux-gnu/libpango-1.0.so.0.4000.5
7f03ec000000-7f03ec021000 rw-p 00000000 00:00 0 
7f03ec021000-7f03f0000000 ---p 00000000 00:00 0 
7f03f0000000-7f03f18d5000 rw-p 00000000 00:00 0 
7f03f18d5000-7f03f4000000 ---p 00000000 00:00 0 
7f03f4000000-7f03f4360000 rw-p 00000000 00:00 0 
7f03f4360000-7f03f8000000 ---p 00000000 00:00 0 
7f03f8000000-7f03f8021000 rw-p 00000000 00:00 0 
7f03f8021000-7f03fc000000 ---p 00000000 00:00 0 
7f03fc000000-7f03fc021000 rw-p 00000000 00:00 0 
7f03fc021000-7f0400000000 ---p 00000000 00:00 0 
7f0400000000-7f0400315000 rw-p 00000000 00:00 0 
7f0400315000-7f0404000000 ---p 00000000 00:00 0 
7f0404000000-7f0404021000 rw-p 00000000 00:00 0 
7f0404021000-7f0408000000 ---p 00000000 00:00 0 
7f0408000000-7f0408021000 rw-p 00000000 00:00 0 
7f0408021000-7f040c000000 ---p 00000000 00:00 0 
7f040c000000-7f040c021000 rw-p 00000000 00:00 0 
7f040c021000-7f0410000000 ---p 00000000 00:00 0 
7f0410000000-7f0410021000 rw-p 00000000 00:00 0 
7f0410021000-7f0414000000 ---p 00000000 00:00 0 
7f0414000000-7f0414021000 rw-p 00000000 00:00 0 
7f0414021000-7f0418000000 ---p 00000000 00:00 0 
7f0418000000-7f0418004000 r--s 00000000 08:08 1572907                    /var/cache/fontconfig/0fafd173547752dce4dee1a69e0b3c95-le64.cache-4
7f0418004000-7f041800a000 r--s 00000000 08:08 1572928                    /var/cache/fontconfig/3047814df9a2f067bd2d96a2b9c36e5a-le64.cache-4
7f041800a000-7f0418016000 r--s 00000000 08:08 1586852                    /var/cache/fontconfig/d589a48862398ed80a3d6066f4f56f4c-le64.cache-4
7f0418016000-7f0418019000 r--s 00000000 08:08 1572923                    /var/cache/fontconfig/47e67d79d01846c7b6efd6b4f03a6092-le64.cache-4
7f0418019000-7f041802b000 r--s 00000000 08:08 1572910                    /var/cache/fontconfig/9b89f8e3dae116d678bbf48e5f21f69b-le64.cache-4
7f041802b000-7f0418043000 r--s 0021f000 08:09 14421222                   /home/atomx/eclipse-workspace/Library/lib/mysql-connector-java-8.0.17.jar
7f0418043000-7f0418184000 rw-s 00000000 08:09 12845132                   /home/atomx/.cache/mesa_shader_cache/index
7f0418184000-7f0418198000 r-xp 00000000 08:08 1974736                    /usr/lib/x86_64-linux-gnu/libpangoft2-1.0.so.0.4000.5
7f0418198000-7f0418398000 ---p 00014000 08:08 1974736                    /usr/lib/x86_64-linux-gnu/libpangoft2-1.0.so.0.4000.5
7f0418398000-7f0418399000 r--p 00014000 08:08 1974736                    /usr/lib/x86_64-linux-gnu/libpangoft2-1.0.so.0.4000.5
7f0418399000-7f041839a000 rw-p 00015000 08:08 1974736                    /usr/lib/x86_64-linux-gnu/libpangoft2-1.0.so.0.4000.5
7f041839a000-7f0418527000 r-xp 00000000 08:08 1974048                    /usr/lib/x86_64-linux-gnu/libgio-2.0.so.0.5000.3
7f0418527000-7f0418727000 ---p 0018d000 08:08 1974048                    /usr/lib/x86_64-linux-gnu/libgio-2.0.so.0.5000.3
7f0418727000-7f041872c000 r--p 0018d000 08:08 1974048                    /usr/lib/x86_64-linux-gnu/libgio-2.0.so.0.5000.3
7f041872c000-7f041872f000 rw-p 00192000 08:08 1974048                    /usr/lib/x86_64-linux-gnu/libgio-2.0.so.0.5000.3
7f041872f000-7f0418730000 rw-p 00000000 00:00 0 
7f0418730000-7f0418752000 r-xp 00000000 08:08 1974034                    /usr/lib/x86_64-linux-gnu/libgdk_pixbuf-2.0.so.0.3600.5
7f0418752000-7f0418952000 ---p 00022000 08:08 1974034                    /usr/lib/x86_64-linux-gnu/libgdk_pixbuf-2.0.so.0.3600.5
7f0418952000-7f0418953000 r--p 00022000 08:08 1974034                    /usr/lib/x86_64-linux-gnu/libgdk_pixbuf-2.0.so.0.3600.5
7f0418953000-7f0418954000 rw-p 00023000 08:08 1974034                    /usr/lib/x86_64-linux-gnu/libgdk_pixbuf-2.0.so.0.3600.5
7f0418954000-7f0418a62000 r-xp 00000000 08:08 1973694                    /usr/lib/x86_64-linux-gnu/libcairo.so.2.11400.8
7f0418a62000-7f0418c62000 ---p 0010e000 08:08 1973694                    /usr/lib/x86_64-linux-gnu/libcairo.so.2.11400.8
7f0418c62000-7f0418c65000 r--p 0010e000 08:08 1973694                    /usr/lib/x86_64-linux-gnu/libcairo.so.2.11400.8
7f0418c65000-7f0418c66000 rw-p 00111000 08:08 1973694                    /usr/lib/x86_64-linux-gnu/libcairo.so.2.11400.8
7f0418c66000-7f0418c68000 rw-p 00000000 00:00 0 
7f0418c68000-7f0418c8b000 r-xp 00000000 08:08 1973616                    /usr/lib/x86_64-linux-gnu/libatk-1.0.so.0.22209.1
7f0418c8b000-7f0418e8a000 ---p 00023000 08:08 1973616                    /usr/lib/x86_64-linux-gnu/libatk-1.0.so.0.22209.1
7f0418e8a000-7f0418e8d000 r--p 00022000 08:08 1973616                    /usr/lib/x86_64-linux-gnu/libatk-1.0.so.0.22209.1
7f0418e8d000-7f0418e8e000 rw-p 00025000 08:08 1973616                    /usr/lib/x86_64-linux-gnu/libatk-1.0.so.0.22209.1
7f0418e8e000-7f0418e9a000 r-xp 00000000 08:08 1974734                    /usr/lib/x86_64-linux-gnu/libpangocairo-1.0.so.0.4000.5
7f0418e9a000-7f0419099000 ---p 0000c000 08:08 1974734                    /usr/lib/x86_64-linux-gnu/libpangocairo-1.0.so.0.4000.5
7f0419099000-7f041909a000 r--p 0000b000 08:08 1974734                    /usr/lib/x86_64-linux-gnu/libpangocairo-1.0.so.0.4000.5
7f041909a000-7f041909b000 rw-p 0000c000 08:08 1974734                    /usr/lib/x86_64-linux-gnu/libpangocairo-1.0.so.0.4000.5
7f041909b000-7f041914b000 r-xp 00000000 08:08 1974032                    /usr/lib/x86_64-linux-gnu/libgdk-x11-2.0.so.0.2400.31
7f041914b000-7f041934a000 ---p 000b0000 08:08 1974032                    /usr/lib/x86_64-linux-gnu/libgdk-x11-2.0.so.0.2400.31
7f041934a000-7f041934e000 r--p 000af000 08:08 1974032                    /usr/lib/x86_64-linux-gnu/libgdk-x11-2.0.so.0.2400.31
7f041934e000-7f0419350000 rw-p 000b3000 08:08 1974032                    /usr/lib/x86_64-linux-gnu/libgdk-x11-2.0.so.0.2400.31
7f0419350000-7f0419790000 r-xp 00000000 08:08 1974286                    /usr/lib/x86_64-linux-gnu/libgtk-x11-2.0.so.0.2400.31
7f0419790000-7f041998f000 ---p 00440000 08:08 1974286                    /usr/lib/x86_64-linux-gnu/libgtk-x11-2.0.so.0.2400.31
7f041998f000-7f0419996000 r--p 0043f000 08:08 1974286                    /usr/lib/x86_64-linux-gnu/libgtk-x11-2.0.so.0.2400.31
7f0419996000-7f041999a000 rw-p 00446000 08:08 1974286                    /usr/lib/x86_64-linux-gnu/libgtk-x11-2.0.so.0.2400.31
7f041999a000-7f041999d000 rw-p 00000000 00:00 0 
7f041999d000-7f04199a0000 r--s 00000000 08:08 1590385                    /var/cache/fontconfig/bf6ddb0059d58ea573e04b43f868001f-le64.cache-4
7f04199a0000-7f04199a3000 r--s 00000000 08:08 1572931                    /var/cache/fontconfig/e13b20fdb08344e0e664864cc2ede53d-le64.cache-4
7f04199a3000-7f04199a8000 r--s 002f9000 08:08 1715168                    /usr/lib/jvm/java-8-openjdk-amd64/jre/lib/charsets.jar
7f04199a8000-7f04199ad000 r--s 0009d000 08:08 1715201                    /usr/lib/jvm/java-8-openjdk-amd64/jre/lib/jsse.jar
7f04199ad000-7f04199b1000 rw-s 00000000 00:18 259                        /i915 (deleted)
7f04199b1000-7f04199b6000 rw-s 00000000 00:18 257                        /i915 (deleted)
7f04199b6000-7f04199c2000 r-xp 00000000 08:08 1717405                    /usr/lib/jvm/java-8-openjdk-amd64/jre/lib/amd64/libprism_es2.so
7f04199c2000-7f0419bc1000 ---p 0000c000 08:08 1717405                    /usr/lib/jvm/java-8-openjdk-amd64/jre/lib/amd64/libprism_es2.so
7f0419bc1000-7f0419bc2000 r--p 0000b000 08:08 1717405                    /usr/lib/jvm/java-8-openjdk-amd64/jre/lib/amd64/libprism_es2.so
7f0419bc2000-7f0419bc3000 rw-p 0000c000 08:08 1717405                    /usr/lib/jvm/java-8-openjdk-amd64/jre/lib/amd64/libprism_es2.so
7f0419bc3000-7f0419bc6000 ---p 00000000 00:00 0 
7f0419bc6000-7f0419cc4000 rw-p 00000000 00:00 0 
7f0419cc4000-7f0419d5a000 r--s 007ce000 08:08 2654625                    /usr/share/java/openjfx/jre/lib/ext/jfxrt.jar
7f0419d5a000-7f0419d75000 r--s 001d6000 08:08 1715183                    /usr/lib/jvm/java-8-openjdk-amd64/jre/lib/ext/nashorn.jar
7f0419d75000-7f0419d90000 r--s 00394000 08:08 1715178                    /usr/lib/jvm/java-8-openjdk-amd64/jre/lib/ext/cldrdata.jar
7f0419d90000-7f0419d91000 ---p 00000000 00:00 0 
7f0419d91000-7f0419e91000 rw-p 00000000 00:00 0 
7f0419e91000-7f0419e94000 ---p 00000000 00:00 0 
7f0419e94000-7f0419f92000 rw-p 00000000 00:00 0 
7f0419f92000-7f0419f95000 ---p 00000000 00:00 0 
7f0419f95000-7f041a093000 rw-p 00000000 00:00 0 
7f041a093000-7f041a096000 ---p 00000000 00:00 0 
7f041a096000-7f041a194000 rw-p 00000000 00:00 0 
7f041a194000-7f041a197000 ---p 00000000 00:00 0 
7f041a197000-7f041a295000 rw-p 00000000 00:00 0 
7f041a295000-7f041a430000 r--p 00000000 08:08 1711771                    /usr/lib/locale/locale-archive
7f041a430000-7f041a433000 ---p 00000000 00:00 0 
7f041a433000-7f041a531000 rw-p 00000000 00:00 0 
7f041a531000-7f041a534000 ---p 00000000 00:00 0 
7f041a534000-7f041a632000 rw-p 00000000 00:00 0 
7f041a632000-7f041a633000 ---p 00000000 00:00 0 
7f041a633000-7f041b0cc000 rw-p 00000000 00:00 0 
7f041b0cc000-7f041b29b000 r--s 03c33000 08:08 1715207                    /usr/lib/jvm/java-8-openjdk-amd64/jre/lib/rt.jar
7f041b29b000-7f041fb9e000 rw-p 00000000 00:00 0 
7f041fb9e000-7f041fb9f000 ---p 00000000 00:00 0 
7f041fb9f000-7f041fc9f000 rw-p 00000000 00:00 0 
7f041fc9f000-7f041fca0000 ---p 00000000 00:00 0 
7f041fca0000-7f041fdca000 rw-p 00000000 00:00 0 
7f041fdca000-7f042002d000 ---p 00000000 00:00 0 
7f042002d000-7f0420057000 rw-p 00000000 00:00 0 
7f0420057000-7f04202b9000 ---p 00000000 00:00 0 
7f04202b9000-7f04202de000 rw-p 00000000 00:00 0 
7f04202de000-7f0420400000 ---p 00000000 00:00 0 
7f0420400000-7f0420419000 rw-p 00000000 00:00 0 
7f0420419000-7f04207c1000 ---p 00000000 00:00 0 
7f04207c1000-7f0420dc1000 rwxp 00000000 00:00 0 
7f0420dc1000-7f042f7c1000 ---p 00000000 00:00 0 
7f042f7c1000-7f042f7c9000 r-xp 00000000 08:08 1715164                    /usr/lib/jvm/java-8-openjdk-amd64/jre/lib/amd64/libzip.so
7f042f7c9000-7f042f9c8000 ---p 00008000 08:08 1715164                    /usr/lib/jvm/java-8-openjdk-amd64/jre/lib/amd64/libzip.so
7f042f9c8000-7f042f9c9000 r--p 00007000 08:08 1715164                    /usr/lib/jvm/java-8-openjdk-amd64/jre/lib/amd64/libzip.so
7f042f9c9000-7f042f9ca000 rw-p 00008000 08:08 1715164                    /usr/lib/jvm/java-8-openjdk-amd64/jre/lib/amd64/libzip.so
7f042f9ca000-7f042f9d4000 r-xp 00000000 08:08 1974648                    /usr/lib/x86_64-linux-gnu/libnss_files-2.24.so
7f042f9d4000-7f042fbd4000 ---p 0000a000 08:08 1974648                    /usr/lib/x86_64-linux-gnu/libnss_files-2.24.so
7f042fbd4000-7f042fbd5000 r--p 0000a000 08:08 1974648                    /usr/lib/x86_64-linux-gnu/libnss_files-2.24.so
7f042fbd5000-7f042fbd6000 rw-p 0000b000 08:08 1974648                    /usr/lib/x86_64-linux-gnu/libnss_files-2.24.so
7f042fbd6000-7f042fbdc000 rw-p 00000000 00:00 0 
7f042fbdc000-7f042fbe7000 r-xp 00000000 08:08 1974654                    /usr/lib/x86_64-linux-gnu/libnss_nis-2.24.so
7f042fbe7000-7f042fde6000 ---p 0000b000 08:08 1974654                    /usr/lib/x86_64-linux-gnu/libnss_nis-2.24.so
7f042fde6000-7f042fde7000 r--p 0000a000 08:08 1974654                    /usr/lib/x86_64-linux-gnu/libnss_nis-2.24.so
7f042fde7000-7f042fde8000 rw-p 0000b000 08:08 1974654                    /usr/lib/x86_64-linux-gnu/libnss_nis-2.24.so
7f042fde8000-7f042fdfc000 r-xp 00000000 08:08 1974636                    /usr/lib/x86_64-linux-gnu/libnsl-2.24.so
7f042fdfc000-7f042fffc000 ---p 00014000 08:08 1974636                    /usr/lib/x86_64-linux-gnu/libnsl-2.24.so
7f042fffc000-7f042fffd000 r--p 00014000 08:08 1974636                    /usr/lib/x86_64-linux-gnu/libnsl-2.24.so
7f042fffd000-7f042fffe000 rw-p 00015000 08:08 1974636                    /usr/lib/x86_64-linux-gnu/libnsl-2.24.so
7f042fffe000-7f0430000000 rw-p 00000000 00:00 0 
7f0430000000-7f0430250000 rw-p 00000000 00:00 0 
7f0430250000-7f0434000000 ---p 00000000 00:00 0 
7f0434000000-7f0434001000 rw-s 00000000 00:18 268                        /i915 (deleted)
7f0434001000-7f0434002000 r--s 00000000 08:08 1572912                    /var/cache/fontconfig/16c2fda60d1b4b719f4b3d06fd951d25-le64.cache-4
7f0434002000-7f0434003000 r--s 00000000 08:08 1590384                    /var/cache/fontconfig/2736766d4907c6828b9382ebdbe3064b-le64.cache-4
7f0434003000-7f0434007000 rw-s 00000000 00:18 262                        /i915 (deleted)
7f0434007000-7f043400b000 rw-s 00000000 00:18 200                        /i915 (deleted)
7f043400b000-7f0434010000 rw-s 00000000 00:18 197                        /i915 (deleted)
7f0434010000-7f0434086000 rw-p 00000000 00:00 0 
7f0434086000-7f043408d000 r-xp 00000000 08:08 1974642                    /usr/lib/x86_64-linux-gnu/libnss_compat-2.24.so
7f043408d000-7f043428c000 ---p 00007000 08:08 1974642                    /usr/lib/x86_64-linux-gnu/libnss_compat-2.24.so
7f043428c000-7f043428d000 r--p 00006000 08:08 1974642                    /usr/lib/x86_64-linux-gnu/libnss_compat-2.24.so
7f043428d000-7f043428e000 rw-p 00007000 08:08 1974642                    /usr/lib/x86_64-linux-gnu/libnss_compat-2.24.so
7f043428e000-7f04342bb000 r-xp 00000000 08:08 1715145                    /usr/lib/jvm/java-8-openjdk-amd64/jre/lib/amd64/libjava.so
7f04342bb000-7f04344bb000 ---p 0002d000 08:08 1715145                    /usr/lib/jvm/java-8-openjdk-amd64/jre/lib/amd64/libjava.so
7f04344bb000-7f04344bc000 r--p 0002d000 08:08 1715145                    /usr/lib/jvm/java-8-openjdk-amd64/jre/lib/amd64/libjava.so
7f04344bc000-7f04344be000 rw-p 0002e000 08:08 1715145                    /usr/lib/jvm/java-8-openjdk-amd64/jre/lib/amd64/libjava.so
7f04344be000-7f04344cd000 r-xp 00000000 08:08 1715163                    /usr/lib/jvm/java-8-openjdk-amd64/jre/lib/amd64/libverify.so
7f04344cd000-7f04346cd000 ---p 0000f000 08:08 1715163                    /usr/lib/jvm/java-8-openjdk-amd64/jre/lib/amd64/libverify.so
7f04346cd000-7f04346cf000 r--p 0000f000 08:08 1715163                    /usr/lib/jvm/java-8-openjdk-amd64/jre/lib/amd64/libverify.so
7f04346cf000-7f04346d0000 rw-p 00011000 08:08 1715163                    /usr/lib/jvm/java-8-openjdk-amd64/jre/lib/amd64/libverify.so
7f04346d0000-7f04346d7000 r-xp 00000000 08:08 1974898                    /usr/lib/x86_64-linux-gnu/librt-2.24.so
7f04346d7000-7f04348d6000 ---p 00007000 08:08 1974898                    /usr/lib/x86_64-linux-gnu/librt-2.24.so
7f04348d6000-7f04348d7000 r--p 00006000 08:08 1974898                    /usr/lib/x86_64-linux-gnu/librt-2.24.so
7f04348d7000-7f04348d8000 rw-p 00007000 08:08 1974898                    /usr/lib/x86_64-linux-gnu/librt-2.24.so
7f04348d8000-7f04348ee000 r-xp 00000000 08:08 1974006                    /usr/lib/x86_64-linux-gnu/libgcc_s.so.1
7f04348ee000-7f0434aed000 ---p 00016000 08:08 1974006                    /usr/lib/x86_64-linux-gnu/libgcc_s.so.1
7f0434aed000-7f0434aee000 r--p 00015000 08:08 1974006                    /usr/lib/x86_64-linux-gnu/libgcc_s.so.1
7f0434aee000-7f0434aef000 rw-p 00016000 08:08 1974006                    /usr/lib/x86_64-linux-gnu/libgcc_s.so.1
7f0434aef000-7f0434bf2000 r-xp 00000000 08:08 1974512                    /usr/lib/x86_64-linux-gnu/libm-2.24.so
7f0434bf2000-7f0434df1000 ---p 00103000 08:08 1974512                    /usr/lib/x86_64-linux-gnu/libm-2.24.so
7f0434df1000-7f0434df2000 r--p 00102000 08:08 1974512                    /usr/lib/x86_64-linux-gnu/libm-2.24.so
7f0434df2000-7f0434df3000 rw-p 00103000 08:08 1974512                    /usr/lib/x86_64-linux-gnu/libm-2.24.so
7f0434df3000-7f0434f65000 r-xp 00000000 08:08 1975001                    /usr/lib/x86_64-linux-gnu/libstdc++.so.6.0.22
7f0434f65000-7f0435165000 ---p 00172000 08:08 1975001                    /usr/lib/x86_64-linux-gnu/libstdc++.so.6.0.22
7f0435165000-7f043516f000 r--p 00172000 08:08 1975001                    /usr/lib/x86_64-linux-gnu/libstdc++.so.6.0.22
7f043516f000-7f0435171000 rw-p 0017c000 08:08 1975001                    /usr/lib/x86_64-linux-gnu/libstdc++.so.6.0.22
7f0435171000-7f0435175000 rw-p 00000000 00:00 0 
7f0435175000-7f0435dd4000 r-xp 00000000 08:08 1715167                    /usr/lib/jvm/java-8-openjdk-amd64/jre/lib/amd64/server/libjvm.so
7f0435dd4000-7f0435fd3000 ---p 00c5f000 08:08 1715167                    /usr/lib/jvm/java-8-openjdk-amd64/jre/lib/amd64/server/libjvm.so
7f0435fd3000-7f0436067000 r--p 00c5e000 08:08 1715167                    /usr/lib/jvm/java-8-openjdk-amd64/jre/lib/amd64/server/libjvm.so
7f0436067000-7f0436090000 rw-p 00cf2000 08:08 1715167                    /usr/lib/jvm/java-8-openjdk-amd64/jre/lib/amd64/server/libjvm.so
7f0436090000-7f04360c0000 rw-p 00000000 00:00 0 
7f04360c0000-7f0436255000 r-xp 00000000 08:08 1973682                    /usr/lib/x86_64-linux-gnu/libc-2.24.so
7f0436255000-7f0436455000 ---p 00195000 08:08 1973682                    /usr/lib/x86_64-linux-gnu/libc-2.24.so
7f0436455000-7f0436459000 r--p 00195000 08:08 1973682                    /usr/lib/x86_64-linux-gnu/libc-2.24.so
7f0436459000-7f043645b000 rw-p 00199000 08:08 1973682                    /usr/lib/x86_64-linux-gnu/libc-2.24.so
7f043645b000-7f043645f000 rw-p 00000000 00:00 0 
7f043645f000-7f0436462000 r-xp 00000000 08:08 1973821                    /usr/lib/x86_64-linux-gnu/libdl-2.24.so
7f0436462000-7f0436661000 ---p 00003000 08:08 1973821                    /usr/lib/x86_64-linux-gnu/libdl-2.24.so
7f0436661000-7f0436662000 r--p 00002000 08:08 1973821                    /usr/lib/x86_64-linux-gnu/libdl-2.24.so
7f0436662000-7f0436663000 rw-p 00003000 08:08 1973821                    /usr/lib/x86_64-linux-gnu/libdl-2.24.so
7f0436663000-7f0436670000 r-xp 00000000 08:08 1715131                    /usr/lib/jvm/java-8-openjdk-amd64/jre/lib/amd64/jli/libjli.so
7f0436670000-7f0436870000 ---p 0000d000 08:08 1715131                    /usr/lib/jvm/java-8-openjdk-amd64/jre/lib/amd64/jli/libjli.so
7f0436870000-7f0436871000 r--p 0000d000 08:08 1715131                    /usr/lib/jvm/java-8-openjdk-amd64/jre/lib/amd64/jli/libjli.so
7f0436871000-7f0436872000 rw-p 0000e000 08:08 1715131                    /usr/lib/jvm/java-8-openjdk-amd64/jre/lib/amd64/jli/libjli.so
7f0436872000-7f043688b000 r-xp 00000000 08:08 1975262                    /usr/lib/x86_64-linux-gnu/libz.so.1.2.8
7f043688b000-7f0436a8a000 ---p 00019000 08:08 1975262                    /usr/lib/x86_64-linux-gnu/libz.so.1.2.8
7f0436a8a000-7f0436a8b000 r--p 00018000 08:08 1975262                    /usr/lib/x86_64-linux-gnu/libz.so.1.2.8
7f0436a8b000-7f0436a8c000 rw-p 00019000 08:08 1975262                    /usr/lib/x86_64-linux-gnu/libz.so.1.2.8
7f0436a8c000-7f0436aa4000 r-xp 00000000 08:08 1974838                    /usr/lib/x86_64-linux-gnu/libpthread-2.24.so
7f0436aa4000-7f0436ca3000 ---p 00018000 08:08 1974838                    /usr/lib/x86_64-linux-gnu/libpthread-2.24.so
7f0436ca3000-7f0436ca4000 r--p 00017000 08:08 1974838                    /usr/lib/x86_64-linux-gnu/libpthread-2.24.so
7f0436ca4000-7f0436ca5000 rw-p 00018000 08:08 1974838                    /usr/lib/x86_64-linux-gnu/libpthread-2.24.so
7f0436ca5000-7f0436ca9000 rw-p 00000000 00:00 0 
7f0436ca9000-7f0436ccc000 r-xp 00000000 08:08 1973230                    /usr/lib/x86_64-linux-gnu/ld-2.24.so
7f0436ccc000-7f0436ccd000 r--s 00008000 08:09 13369446                   /home/atomx/.eclipse/org.eclipse.platform_4.12.0_1473617060_linux_gtk_x86_64/plugins/org.eclipse.fx.ide.css.jfx8_3.5.0.201902220800.jar
7f0436cce000-7f0436ccf000 rwxp 00000000 00:00 0 
7f0436ccf000-7f0436cd3000 rw-s 00000000 00:18 203                        /i915 (deleted)
7f0436cd3000-7f0436cd6000 r--s 0000f000 08:08 1715180                    /usr/lib/jvm/java-8-openjdk-amd64/jre/lib/ext/icedtea-sound.jar
7f0436cd6000-7f0436cd8000 r--s 00001000 08:08 1715179                    /usr/lib/jvm/java-8-openjdk-amd64/jre/lib/ext/dnsns.jar
7f0436cd8000-7f0436cda000 r--s 00008000 08:08 1715184                    /usr/lib/jvm/java-8-openjdk-amd64/jre/lib/ext/sunec.jar
7f0436cda000-7f0436ce0000 r--s 0003b000 08:08 1715185                    /usr/lib/jvm/java-8-openjdk-amd64/jre/lib/ext/sunjce_provider.jar
7f0436ce0000-7f0436ce2000 r--s 00007000 08:08 2654545                    /usr/share/java/java-atk-wrapper.jar
7f0436ce2000-7f0436dad000 rw-p 00000000 00:00 0 
7f0436dad000-7f0436db0000 ---p 00000000 00:00 0 
7f0436db0000-7f0436eb0000 rw-p 00000000 00:00 0 
7f0436eb0000-7f0436eb1000 r--s 00010000 08:08 1715187                    /usr/lib/jvm/java-8-openjdk-amd64/jre/lib/ext/zipfs.jar
7f0436eb1000-7f0436eb2000 r--s 0000a000 08:08 1715181                    /usr/lib/jvm/java-8-openjdk-amd64/jre/lib/ext/jaccess.jar
7f0436eb2000-7f0436eb5000 r--s 00038000 08:08 1715186                    /usr/lib/jvm/java-8-openjdk-amd64/jre/lib/ext/sunpkcs11.jar
7f0436eb5000-7f0436ebf000 r--s 00116000 08:08 1715182                    /usr/lib/jvm/java-8-openjdk-amd64/jre/lib/ext/localedata.jar
7f0436ebf000-7f0436ec7000 rw-s 00000000 08:08 2104380                    /tmp/hsperfdata_atomx/32440
7f0436ec7000-7f0436ec8000 rw-p 00000000 00:00 0 
7f0436ec8000-7f0436ec9000 r--p 00000000 00:00 0 
7f0436ec9000-7f0436ecc000 rw-p 00000000 00:00 0 
7f0436ecc000-7f0436ecd000 r--p 00023000 08:08 1973230                    /usr/lib/x86_64-linux-gnu/ld-2.24.so
7f0436ecd000-7f0436ece000 rw-p 00024000 08:08 1973230                    /usr/lib/x86_64-linux-gnu/ld-2.24.so
7f0436ece000-7f0436ecf000 rw-p 00000000 00:00 0 
7ffcd4642000-7ffcd4663000 rw-p 00000000 00:00 0                          [stack]
7ffcd4767000-7ffcd476a000 r--p 00000000 00:00 0                          [vvar]
7ffcd476a000-7ffcd476c000 r-xp 00000000 00:00 0                          [vdso]
ffffffffff600000-ffffffffff601000 r-xp 00000000 00:00 0                  [vsyscall]

VM Arguments:
jvm_args: -Dfile.encoding=UTF-8 
java_command: application.Main
java_class_path (initial): /home/atomx/eclipse-workspace/Library/bin:/home/atomx/.eclipse/org.eclipse.platform_4.12.0_1473617060_linux_gtk_x86_64/plugins/org.eclipse.fx.ide.css.jfx8_3.5.0.201902220800.jar:/home/atomx/eclipse-workspace/Library/lib/jfxrt.jar:/home/atomx/eclipse-workspace/Library/lib/mysql-connector-java-8.0.17.jar
Launcher Type: SUN_STANDARD

Environment Variables:
PATH=/usr/local/bin:/usr/bin:/bin:/usr/local/games:/usr/games:/sbin:/usr/sbin
SHELL=/bin/bash
DISPLAY=:0

Signal Handlers:
SIGSEGV: [libjvm.so+0xa74b40], sa_mask[0]=11111111011111111101111111111110, sa_flags=SA_RESTART|SA_SIGINFO
SIGBUS: [libjvm.so+0xa74b40], sa_mask[0]=11111111011111111101111111111110, sa_flags=SA_RESTART|SA_SIGINFO
SIGFPE: [libjvm.so+0x8bd510], sa_mask[0]=11111111011111111101111111111110, sa_flags=SA_RESTART|SA_SIGINFO
SIGPIPE: SIG_IGN, sa_mask[0]=00000000000010000000000000000000, sa_flags=SA_RESTART
SIGXFSZ: [libjvm.so+0x8bd510], sa_mask[0]=11111111011111111101111111111110, sa_flags=SA_RESTART|SA_SIGINFO
SIGILL: [libjvm.so+0x8bd510], sa_mask[0]=11111111011111111101111111111110, sa_flags=SA_RESTART|SA_SIGINFO
SIGUSR1: SIG_DFL, sa_mask[0]=00000000000000000000000000000000, sa_flags=none
SIGUSR2: [libjvm.so+0x8bd3c0], sa_mask[0]=00100000000000000000000000000000, sa_flags=SA_RESTART|SA_SIGINFO
SIGHUP: SIG_IGN, sa_mask[0]=00000000000000000000000000000000, sa_flags=none
SIGINT: [libjvm.so+0x8bd870], sa_mask[0]=11111111011111111101111111111110, sa_flags=SA_RESTART|SA_SIGINFO
SIGTERM: [libjvm.so+0x8bd870], sa_mask[0]=11111111011111111101111111111110, sa_flags=SA_RESTART|SA_SIGINFO
SIGQUIT: [libjvm.so+0x8bd870], sa_mask[0]=11111111011111111101111111111110, sa_flags=SA_RESTART|SA_SIGINFO


---------------  S Y S T E M  ---------------

OS:DISTRIB_ID=Deepin
DISTRIB_RELEASE="15.11"
DISTRIB_DESCRIPTION="Deepin 15.11 "
DISTRIB_CODENAME=stable

uname:Linux 4.15.0-30deepin-generic #31 SMP Fri Nov 30 04:29:02 UTC 2018 x86_64
libc:glibc 2.24 NPTL 2.24 
rlimit: STACK 8192k, CORE 0k, NPROC 30921, NOFILE 1048576, AS infinity
load average:0.62 0.91 1.10

/proc/meminfo:
MemTotal:        8018944 kB
MemFree:         1538248 kB
MemAvailable:    4264452 kB
Buffers:          399196 kB
Cached:          2567428 kB
SwapCached:            0 kB
Active:          4682204 kB
Inactive:        1373196 kB
Active(anon):    3090248 kB
Inactive(anon):   141368 kB
Active(file):    1591956 kB
Inactive(file):  1231828 kB
Unevictable:          96 kB
Mlocked:              96 kB
SwapTotal:       2097148 kB
SwapFree:        2097148 kB
Dirty:               720 kB
Writeback:             0 kB
AnonPages:       3088864 kB
Mapped:           535040 kB
Shmem:            142852 kB
Slab:             282504 kB
SReclaimable:     212484 kB
SUnreclaim:        70020 kB
KernelStack:       15296 kB
PageTables:        60900 kB
NFS_Unstable:          0 kB
Bounce:                0 kB
WritebackTmp:          0 kB
CommitLimit:     6106620 kB
Committed_AS:   10584768 kB
VmallocTotal:   34359738367 kB
VmallocUsed:           0 kB
VmallocChunk:          0 kB
HardwareCorrupted:     0 kB
AnonHugePages:      2048 kB
ShmemHugePages:        0 kB
ShmemPmdMapped:        0 kB
CmaTotal:              0 kB
CmaFree:               0 kB
HugePages_Total:       0
HugePages_Free:        0
HugePages_Rsvd:        0
HugePages_Surp:        0
Hugepagesize:       2048 kB
DirectMap4k:      469948 kB
DirectMap2M:     7768064 kB


CPU:total 2 (initial active 2) (2 cores per cpu, 1 threads per core) family 6 model 76 stepping 4, cmov, cx8, fxsr, mmx, sse, sse2, sse3, ssse3, sse4.1, sse4.2, popcnt, aes, clmul, erms, 3dnowpref, tsc, tscinvbit

/proc/cpuinfo:
processor	: 0
vendor_id	: GenuineIntel
cpu family	: 6
model		: 76
model name	: Intel(R) Celeron(R) CPU  N3010  @ 1.04GHz
stepping	: 4
microcode	: 0x404
cpu MHz		: 2240.000
cache size	: 1024 KB
physical id	: 0
siblings	: 2
core id		: 0
cpu cores	: 2
apicid		: 0
initial apicid	: 0
fpu		: yes
fpu_exception	: yes
cpuid level	: 11
wp		: yes
flags		: fpu vme de pse tsc msr pae mce cx8 apic sep mtrr pge mca cmov pat pse36 clflush dts acpi mmx fxsr sse sse2 ss ht tm pbe syscall nx rdtscp lm constant_tsc arch_perfmon pebs bts rep_good nopl xtopology tsc_reliable nonstop_tsc cpuid aperfmperf tsc_known_freq pni pclmulqdq dtes64 monitor ds_cpl vmx est tm2 ssse3 cx16 xtpr pdcm sse4_1 sse4_2 movbe popcnt tsc_deadline_timer aes rdrand lahf_lm 3dnowprefetch epb pti tpr_shadow vnmi flexpriority ept vpid tsc_adjust smep erms dtherm ida arat
bugs		: cpu_meltdown spectre_v1 spectre_v2
bogomips	: 2080.00
clflush size	: 64
cache_alignment	: 64
address sizes	: 36 bits physical, 48 bits virtual
power management:

processor	: 1
vendor_id	: GenuineIntel
cpu family	: 6
model		: 76
model name	: Intel(R) Celeron(R) CPU  N3010  @ 1.04GHz
stepping	: 4
microcode	: 0x404
cpu MHz		: 1840.889
cache size	: 1024 KB
physical id	: 0
siblings	: 2
core id		: 2
cpu cores	: 2
apicid		: 4
initial apicid	: 4
fpu		: yes
fpu_exception	: yes
cpuid level	: 11
wp		: yes
flags		: fpu vme de pse tsc msr pae mce cx8 apic sep mtrr pge mca cmov pat pse36 clflush dts acpi mmx fxsr sse sse2 ss ht tm pbe syscall nx rdtscp lm constant_tsc arch_perfmon pebs bts rep_good nopl xtopology tsc_reliable nonstop_tsc cpuid aperfmperf tsc_known_freq pni pclmulqdq dtes64 monitor ds_cpl vmx est tm2 ssse3 cx16 xtpr pdcm sse4_1 sse4_2 movbe popcnt tsc_deadline_timer aes rdrand lahf_lm 3dnowprefetch epb pti tpr_shadow vnmi flexpriority ept vpid tsc_adjust smep erms dtherm ida arat
bugs		: cpu_meltdown spectre_v1 spectre_v2
bogomips	: 2080.00
clflush size	: 64
cache_alignment	: 64
address sizes	: 36 bits physical, 48 bits virtual
power management:



Memory: 4k page, physical 8018944k(1538248k free), swap 2097148k(2097148k free)

vm_info: OpenJDK 64-Bit Server VM (25.181-b13) for linux-amd64 JRE (1.8.0_181-8u181-b13-2~deb9u1-b13), built on Oct 22 2018 18:05:23 by "pbuilder" with gcc 6.3.0 20170516

time: Sat Aug 31 15:16:32 2019
elapsed time: 15 seconds (0d 0h 0m 15s)

