#
# A fatal error has been detected by the Java Runtime Environment:
#
#  SIGSEGV (0xb) at pc=0x00007f85679f607d, pid=23203, tid=0x00007f8514d6a700
#
# JRE version: OpenJDK Runtime Environment (8.0_181-b13) (build 1.8.0_181-8u181-b13-2~deb9u1-b13)
# Java VM: OpenJDK 64-Bit Server VM (25.181-b13 mixed mode linux-amd64 compressed oops)
# Problematic frame:
# V  [libjvm.so+0x68107d]
#
# Failed to write core dump. Core dumps have been disabled. To enable core dumping, try "ulimit -c unlimited" before starting Java again
#
# If you would like to submit a bug report, please visit:
#   http://bugreport.java.com/bugreport/crash.jsp
#

---------------  T H R E A D  ---------------

Current thread (0x00007f8560283800):  JavaThread "JavaFX Application Thread" [_thread_in_vm, id=23224, stack(0x00007f8514c6a000,0x00007f8514d6b000)]

siginfo: si_signo: 11 (SIGSEGV), si_code: 128 (SI_KERNEL), si_addr: 0x0000000000000000

Registers:
RAX=0x0000000000000000, RBX=0x00007f8560283800, RCX=0x00007f8560248188, RDX=0x732f78666176616a
RSP=0x00007f8514d69230, RBP=0x00007f8514d693b0, RSI=0x00007f8514d693d0, RDI=0x00007f85602839e0
R8 =0x00007f8514d69400, R9 =0x00007f8560283800, R10=0x00007f8508000be0, R11=0x00007f85514441e0
R12=0x00007f85602839e0, R13=0x00007f8560283800, R14=0x00007f8514d69490, R15=0x732f78666176616a
RIP=0x00007f85679f607d, EFLAGS=0x0000000000010206, CSGSFS=0x002b000000000033, ERR=0x0000000000000000
  TRAPNO=0x000000000000000d

Top of Stack: (sp=0x00007f8514d69230)
0x00007f8514d69230:   00007f8514d69340 00007f85679dd1d3
0x00007f8514d69240:   00007f85647e0070 00007f8514d69280
0x00007f8514d69250:   00007f850000000e 00007f85602839e0
0x00007f8514d69260:   00007f8514d69270 00007f8514d693d0
0x00007f8514d69270:   00007f8564741cc0 00007f8560283800
0x00007f8514d69280:   00007f8564741cc0 00007f8560283800
0x00007f8514d69290:   00007f8560282db0 00007f852800acc0
0x00007f8514d692a0:   00007f852800acd0 00007f852800b0a8
0x00007f8514d692b0:   00000000000003d8 00007f8560282df0
0x00007f8514d692c0:   00007f8564741cc0 00007f8560283800
0x00007f8514d692d0:   0000000064737c30 00000000d9461f58
0x00007f8514d692e0:   0000000000000000 00007f8551017e1b
0x00007f8514d692f0:   00007f8564741cc0 00007f8560283800
0x00007f8514d69300:   0000000000000000 00000000d9461fe8
0x00007f8514d69310:   00007f850000006f 00007f850000000a
0x00007f8514d69320:   00000000d846f308 00007f8500000000
0x00007f8514d69330:   00007f8514d69420 00007f8514d693e0
0x00007f8514d69340:   00007f8514d694d0 0000000100000180
0x00007f8514d69350:   0000000000000002 00007f8514d69308
0x00007f8514d69360:   00007f8514d69349 0000000800000005
0x00007f8514d69370:   00007f8500000000 9e8c8447a1b2d500
0x00007f8514d69380:   00007f8514d69390 00007f8560283800
0x00007f8514d69390:   00007f85602839e0 00007f8560248188
0x00007f8514d693a0:   00007f8514d69490 732f78666176616a
0x00007f8514d693b0:   00007f8514d69480 00007f85679f96aa
0x00007f8514d693c0:   000000000000ff0d 00007f8514d69400
0x00007f8514d693d0:   000000000000000e 00007f8500000000
0x00007f8514d693e0:   00007f8560283800 0000000000000000
0x00007f8514d693f0:   0000000000000067 9e8c8447a1b2d500
0x00007f8514d69400:   00007f85681df938 00007f8568f097e0
0x00007f8514d69410:   0000000060263800 00007f8500000063
0x00007f8514d69420:   0000000000000000 0000003000000018 

Instructions: (pc=0x00007f85679f607d)
0x00007f85679f605d:   ff 48 89 b5 b8 fe ff ff 64 48 8b 04 25 28 00 00
0x00007f85679f606d:   00 48 89 45 c8 31 c0 48 85 d2 0f 84 3b 03 00 00
0x00007f85679f607d:   4c 8b 32 4d 85 f6 0f 84 2f 03 00 00 49 8b b9 20
0x00007f85679f608d:   01 00 00 48 89 cb 4d 89 c4 e8 f5 4c ff ff 4c 89 

Register to memory mapping:

RAX=0x0000000000000000 is an unknown value
RBX=0x00007f8560283800 is a thread
RCX=0x00007f8560248188 is an unknown value
RDX=0x732f78666176616a is an unknown value
RSP=0x00007f8514d69230 is pointing into the stack for thread: 0x00007f8560283800
RBP=0x00007f8514d693b0 is pointing into the stack for thread: 0x00007f8560283800
RSI=0x00007f8514d693d0 is pointing into the stack for thread: 0x00007f8560283800
RDI=0x00007f85602839e0 is an unknown value
R8 =0x00007f8514d69400 is pointing into the stack for thread: 0x00007f8560283800
R9 =0x00007f8560283800 is a thread
R10=0x00007f8508000be0 is an unknown value
R11=0x00007f85514441e0 is at entry_point+32 in (nmethod*)0x00007f8551444050
R12=0x00007f85602839e0 is an unknown value
R13=0x00007f8560283800 is a thread
R14=0x00007f8514d69490 is pointing into the stack for thread: 0x00007f8560283800
R15=0x732f78666176616a is an unknown value


Stack: [0x00007f8514c6a000,0x00007f8514d6b000],  sp=0x00007f8514d69230,  free space=1020k
Native frames: (J=compiled Java code, j=interpreted, Vv=VM code, C=native code)
V  [libjvm.so+0x68107d]
V  [libjvm.so+0x6846aa]
C  [libglass.so+0x12d33]  JNIEnv_::CallVoidMethod(_jobject*, _jmethodID*, ...)+0x93
C  [libglass.so+0x1ccf6]  WindowContextBase::process_key(_GdkEventKey*)+0x226
C  [libglass.so+0x1a9c0]  WindowContextBase::im_filter_keypress(_GdkEventKey*)+0x1f0
C  [libglass.so+0x23094]
C  [libgdk-x11-2.0.so.0+0x5acbc]

Java frames: (J=compiled Java code, j=interpreted, Vv=VM code)
j  com.sun.glass.ui.gtk.GtkApplication._runLoop(Ljava/lang/Runnable;Z)V+0
j  com.sun.glass.ui.gtk.GtkApplication.lambda$null$5(Ljava/lang/Runnable;Z)V+7
j  com.sun.glass.ui.gtk.GtkApplication$$Lambda$41.run()V+12
j  java.lang.Thread.run()V+11
v  ~StubRoutines::call_stub

---------------  P R O C E S S  ---------------

Java Threads: ( => current thread )
  0x00007f85083a0000 JavaThread "Prism Font Disposer" daemon [_thread_blocked, id=23231, stack(0x00007f850362b000,0x00007f850372c000)]
  0x00007f850809f000 JavaThread "mysql-cj-abandoned-connection-cleanup" daemon [_thread_blocked, id=23230, stack(0x00007f8514126000,0x00007f8514227000)]
  0x00007f856028a800 JavaThread "JavaFX-Launcher" [_thread_blocked, id=23226, stack(0x00007f8514227000,0x00007f8514328000)]
=>0x00007f8560283800 JavaThread "JavaFX Application Thread" [_thread_in_vm, id=23224, stack(0x00007f8514c6a000,0x00007f8514d6b000)]
  0x00007f856027f000 JavaThread "Thread-1" daemon [_thread_blocked, id=23223, stack(0x00007f8514d6b000,0x00007f8514e6c000)]
  0x00007f8560230800 JavaThread "QuantumRenderer-0" daemon [_thread_blocked, id=23221, stack(0x00007f852fd68000,0x00007f852fe69000)]
  0x00007f85600b9800 JavaThread "Service Thread" daemon [_thread_blocked, id=23219, stack(0x00007f854c095000,0x00007f854c196000)]
  0x00007f85600b7000 JavaThread "C1 CompilerThread1" daemon [_thread_blocked, id=23218, stack(0x00007f854c196000,0x00007f854c297000)]
  0x00007f85600b4000 JavaThread "C2 CompilerThread0" daemon [_thread_in_native, id=23217, stack(0x00007f854c297000,0x00007f854c398000)]
  0x00007f85600b2800 JavaThread "Signal Dispatcher" daemon [_thread_blocked, id=23216, stack(0x00007f854c398000,0x00007f854c499000)]
  0x00007f8560080000 JavaThread "Finalizer" daemon [_thread_blocked, id=23215, stack(0x00007f854c634000,0x00007f854c735000)]
  0x00007f856007d800 JavaThread "Reference Handler" daemon [_thread_blocked, id=23214, stack(0x00007f854c735000,0x00007f854c836000)]
  0x00007f856000a800 JavaThread "main" [_thread_blocked, id=23209, stack(0x00007f8568fad000,0x00007f85690ae000)]

Other Threads:
  0x00007f8560074000 VMThread [stack: 0x00007f854c836000,0x00007f854c937000] [id=23213]
  0x00007f85600bc000 WatcherThread [stack: 0x00007f852feff000,0x00007f8530000000] [id=23220]

VM state:not at safepoint (normal execution)

VM Mutex/Monitor currently owned by a thread: None

Heap:
 PSYoungGen      total 36864K, used 24732K [0x00000000d7380000, 0x00000000dbb80000, 0x0000000100000000)
  eden space 31744K, 61% used [0x00000000d7380000,0x00000000d86a9778,0x00000000d9280000)
  from space 5120K, 99% used [0x00000000d9280000,0x00000000d977d8a0,0x00000000d9780000)
  to   space 5120K, 0% used [0x00000000db680000,0x00000000db680000,0x00000000dbb80000)
 ParOldGen       total 84992K, used 6776K [0x0000000085a00000, 0x000000008ad00000, 0x00000000d7380000)
  object space 84992K, 7% used [0x0000000085a00000,0x000000008609e308,0x000000008ad00000)
 Metaspace       used 19651K, capacity 20396K, committed 20608K, reserved 1067008K
  class space    used 2640K, capacity 2833K, committed 2944K, reserved 1048576K

Card table byte_map: [0x00007f85652b3000,0x00007f8565687000] byte_map_base: 0x00007f8564e86000

Marking Bits: (ParMarkBitMap*) 0x00007f85682a33a0
 Begin Bits: [0x00007f854d2d0000, 0x00007f854f168000)
 End Bits:   [0x00007f854f168000, 0x00007f8551000000)

Polling page: 0x00007f85690c8000

CodeCache: size=245760Kb used=5844Kb max_used=5844Kb free=239915Kb
 bounds [0x00007f8551000000, 0x00007f85515c0000, 0x00007f8560000000]
 total_blobs=2672 nmethods=1979 adapters=608
 compilation: enabled

Compilation events (10 events):
Event: 13.884 Thread 0x00007f85600b7000 nmethod 1983 0x00007f85515b5750 code [0x00007f85515b5920, 0x00007f85515b60c8]
Event: 13.884 Thread 0x00007f85600b7000 1984       3       sun.text.normalizer.UTF16::isSurrogate (18 bytes)
Event: 13.884 Thread 0x00007f85600b7000 nmethod 1984 0x00007f85515b6390 code [0x00007f85515b6500, 0x00007f85515b66d0]
Event: 13.884 Thread 0x00007f85600b7000 1985       1       javafx.scene.text.Font::impl_getNativeFont (5 bytes)
Event: 13.884 Thread 0x00007f85600b7000 nmethod 1985 0x00007f85515b6750 code [0x00007f85515b68a0, 0x00007f85515b69b0]
Event: 13.884 Thread 0x00007f85600b7000 1986       1       com.sun.javafx.font.PrismFontFile::getDefaultAAMode (2 bytes)
Event: 13.884 Thread 0x00007f85600b7000 nmethod 1986 0x00007f85515b6a10 code [0x00007f85515b6b60, 0x00007f85515b6c70]
Event: 13.884 Thread 0x00007f85600b7000 1987       3       com.sun.javafx.geom.RectBounds::<init> (14 bytes)
Event: 13.891 Thread 0x00007f85600b7000 nmethod 1987 0x00007f85515b6cd0 code [0x00007f85515b6e40, 0x00007f85515b7130]
Event: 13.891 Thread 0x00007f85600b7000 1988       3       javafx.scene.text.Text::boundsTypeProperty (27 bytes)

GC Heap History (6 events):
Event: 2.383 GC heap before
{Heap before GC invocations=1 (full 0):
 PSYoungGen      total 36864K, used 31744K [0x00000000d7380000, 0x00000000d9c80000, 0x0000000100000000)
  eden space 31744K, 100% used [0x00000000d7380000,0x00000000d9280000,0x00000000d9280000)
  from space 5120K, 0% used [0x00000000d9780000,0x00000000d9780000,0x00000000d9c80000)
  to   space 5120K, 0% used [0x00000000d9280000,0x00000000d9280000,0x00000000d9780000)
 ParOldGen       total 84992K, used 0K [0x0000000085a00000, 0x000000008ad00000, 0x00000000d7380000)
  object space 84992K, 0% used [0x0000000085a00000,0x0000000085a00000,0x000000008ad00000)
 Metaspace       used 11573K, capacity 12002K, committed 12288K, reserved 1060864K
  class space    used 1353K, capacity 1517K, committed 1536K, reserved 1048576K
Event: 2.406 GC heap after
Heap after GC invocations=1 (full 0):
 PSYoungGen      total 36864K, used 5113K [0x00000000d7380000, 0x00000000d9c80000, 0x0000000100000000)
  eden space 31744K, 0% used [0x00000000d7380000,0x00000000d7380000,0x00000000d9280000)
  from space 5120K, 99% used [0x00000000d9280000,0x00000000d977e660,0x00000000d9780000)
  to   space 5120K, 0% used [0x00000000d9780000,0x00000000d9780000,0x00000000d9c80000)
 ParOldGen       total 84992K, used 1917K [0x0000000085a00000, 0x000000008ad00000, 0x00000000d7380000)
  object space 84992K, 2% used [0x0000000085a00000,0x0000000085bdf518,0x000000008ad00000)
 Metaspace       used 11573K, capacity 12002K, committed 12288K, reserved 1060864K
  class space    used 1353K, capacity 1517K, committed 1536K, reserved 1048576K
}
Event: 2.736 GC heap before
{Heap before GC invocations=2 (full 0):
 PSYoungGen      total 36864K, used 36857K [0x00000000d7380000, 0x00000000d9c80000, 0x0000000100000000)
  eden space 31744K, 100% used [0x00000000d7380000,0x00000000d9280000,0x00000000d9280000)
  from space 5120K, 99% used [0x00000000d9280000,0x00000000d977e660,0x00000000d9780000)
  to   space 5120K, 0% used [0x00000000d9780000,0x00000000d9780000,0x00000000d9c80000)
 ParOldGen       total 84992K, used 1917K [0x0000000085a00000, 0x000000008ad00000, 0x00000000d7380000)
  object space 84992K, 2% used [0x0000000085a00000,0x0000000085bdf518,0x000000008ad00000)
 Metaspace       used 12847K, capacity 13198K, committed 13568K, reserved 1060864K
  class space    used 1542K, capacity 1680K, committed 1792K, reserved 1048576K
Event: 2.750 GC heap after
Heap after GC invocations=2 (full 0):
 PSYoungGen      total 36864K, used 5106K [0x00000000d7380000, 0x00000000dbb80000, 0x0000000100000000)
  eden space 31744K, 0% used [0x00000000d7380000,0x00000000d7380000,0x00000000d9280000)
  from space 5120K, 99% used [0x00000000d9780000,0x00000000d9c7cbf0,0x00000000d9c80000)
  to   space 5120K, 0% used [0x00000000d9280000,0x00000000d9280000,0x00000000d9780000)
 ParOldGen       total 84992K, used 2816K [0x0000000085a00000, 0x000000008ad00000, 0x00000000d7380000)
  object space 84992K, 3% used [0x0000000085a00000,0x0000000085cc0140,0x000000008ad00000)
 Metaspace       used 12847K, capacity 13198K, committed 13568K, reserved 1060864K
  class space    used 1542K, capacity 1680K, committed 1792K, reserved 1048576K
}
Event: 3.605 GC heap before
{Heap before GC invocations=3 (full 0):
 PSYoungGen      total 36864K, used 36850K [0x00000000d7380000, 0x00000000dbb80000, 0x0000000100000000)
  eden space 31744K, 100% used [0x00000000d7380000,0x00000000d9280000,0x00000000d9280000)
  from space 5120K, 99% used [0x00000000d9780000,0x00000000d9c7cbf0,0x00000000d9c80000)
  to   space 5120K, 0% used [0x00000000d9280000,0x00000000d9280000,0x00000000d9780000)
 ParOldGen       total 84992K, used 2816K [0x0000000085a00000, 0x000000008ad00000, 0x00000000d7380000)
  object space 84992K, 3% used [0x0000000085a00000,0x0000000085cc0140,0x000000008ad00000)
 Metaspace       used 15952K, capacity 16482K, committed 16640K, reserved 1062912K
  class space    used 2062K, capacity 2232K, committed 2304K, reserved 1048576K
Event: 3.626 GC heap after
Heap after GC invocations=3 (full 0):
 PSYoungGen      total 36864K, used 5110K [0x00000000d7380000, 0x00000000dbb80000, 0x0000000100000000)
  eden space 31744K, 0% used [0x00000000d7380000,0x00000000d7380000,0x00000000d9280000)
  from space 5120K, 99% used [0x00000000d9280000,0x00000000d977d8a0,0x00000000d9780000)
  to   space 5120K, 0% used [0x00000000db680000,0x00000000db680000,0x00000000dbb80000)
 ParOldGen       total 84992K, used 6776K [0x0000000085a00000, 0x000000008ad00000, 0x00000000d7380000)
  object space 84992K, 7% used [0x0000000085a00000,0x000000008609e308,0x000000008ad00000)
 Metaspace       used 15952K, capacity 16482K, committed 16640K, reserved 1062912K
  class space    used 2062K, capacity 2232K, committed 2304K, reserved 1048576K
}

Deoptimization events (10 events):
Event: 3.562 Thread 0x00007f8560283800 Uncommon trap: reason=class_check action=maybe_recompile pc=0x00007f8551112c60 method=java.lang.String.equals(Ljava/lang/Object;)Z @ 8
Event: 3.562 Thread 0x00007f8560283800 Uncommon trap: reason=class_check action=maybe_recompile pc=0x00007f8551112c60 method=java.lang.String.equals(Ljava/lang/Object;)Z @ 8
Event: 3.562 Thread 0x00007f8560283800 Uncommon trap: reason=class_check action=maybe_recompile pc=0x00007f8551112c60 method=java.lang.String.equals(Ljava/lang/Object;)Z @ 8
Event: 3.568 Thread 0x00007f8560283800 Uncommon trap: reason=class_check action=maybe_recompile pc=0x00007f8551112c60 method=java.lang.String.equals(Ljava/lang/Object;)Z @ 8
Event: 3.692 Thread 0x00007f8560283800 Uncommon trap: reason=unstable_if action=reinterpret pc=0x00007f85513920ec method=java.lang.ClassLoader.checkName(Ljava/lang/String;)Z @ 20
Event: 4.488 Thread 0x00007f8560283800 Uncommon trap: reason=unstable_if action=reinterpret pc=0x00007f85513ba064 method=jdk.internal.org.objectweb.asm.Type.getArgumentsAndReturnSizes(Ljava/lang/String;)I @ 47
Event: 5.222 Thread 0x00007f8560230800 Uncommon trap: reason=unstable_if action=reinterpret pc=0x00007f855143cca4 method=java.lang.StrictMath.floorOrCeil(DDDD)D @ 115
Event: 11.837 Thread 0x00007f8560283800 Uncommon trap: reason=unstable_if action=reinterpret pc=0x00007f85512a04a0 method=java.lang.CharacterData.of(I)Ljava/lang/CharacterData; @ 4
Event: 13.729 Thread 0x00007f8560283800 Uncommon trap: reason=unstable_if action=reinterpret pc=0x00007f85512e43dc method=sun.nio.cs.UTF_8$Decoder.decode([BII[C)I @ 30
Event: 13.787 Thread 0x00007f8560283800 Uncommon trap: reason=unstable_if action=reinterpret pc=0x00007f85514d7c04 method=java.lang.StrictMath.floorOrCeil(DDDD)D @ 38

Classes redefined (0 events):
No events

Internal exceptions (10 events):
Event: 0.473 Thread 0x00007f856000a800 Exception <a 'java/security/PrivilegedActionException'> (0x00000000d7634ce0) thrown at [/build/openjdk-8-8u181-b13/src/hotspot/src/share/vm/prims/jvm.cpp, line 1435]
Event: 0.473 Thread 0x00007f856000a800 Exception <a 'java/security/PrivilegedActionException'> (0x00000000d7634ef0) thrown at [/build/openjdk-8-8u181-b13/src/hotspot/src/share/vm/prims/jvm.cpp, line 1435]
Event: 0.473 Thread 0x00007f856000a800 Exception <a 'java/security/PrivilegedActionException'> (0x00000000d76359c8) thrown at [/build/openjdk-8-8u181-b13/src/hotspot/src/share/vm/prims/jvm.cpp, line 1435]
Event: 0.473 Thread 0x00007f856000a800 Exception <a 'java/security/PrivilegedActionException'> (0x00000000d7635bd8) thrown at [/build/openjdk-8-8u181-b13/src/hotspot/src/share/vm/prims/jvm.cpp, line 1435]
Event: 0.474 Thread 0x00007f856000a800 Exception <a 'java/lang/NullPointerException'> (0x00000000d7637180) thrown at [/build/openjdk-8-8u181-b13/src/hotspot/src/share/vm/interpreter/linkResolver.cpp, line 1185]
Event: 2.228 Thread 0x00007f8560283800 Exception <a 'java/lang/NullPointerException'> (0x00000000d8b459c0) thrown at [/build/openjdk-8-8u181-b13/src/hotspot/src/share/vm/interpreter/linkResolver.cpp, line 1185]
Event: 2.229 Thread 0x00007f8560283800 Exception <a 'java/lang/NullPointerException'> (0x00000000d8b459c0) thrown at [/build/openjdk-8-8u181-b13/src/hotspot/src/share/vm/prims/jvm.cpp, line 1439]
Event: 2.726 Thread 0x00007f8560283800 Exception <a 'java/lang/ArrayIndexOutOfBoundsException'> (0x00000000d9233de8) thrown at [/build/openjdk-8-8u181-b13/src/hotspot/src/share/vm/runtime/sharedRuntime.cpp, line 605]
Event: 2.727 Thread 0x00007f8560283800 Exception <a 'java/lang/ArrayIndexOutOfBoundsException'> (0x00000000d9234ae8) thrown at [/build/openjdk-8-8u181-b13/src/hotspot/src/share/vm/runtime/sharedRuntime.cpp, line 605]
Event: 2.728 Thread 0x00007f8560283800 Exception <a 'java/lang/ArrayIndexOutOfBoundsException'> (0x00000000d9235e90) thrown at [/build/openjdk-8-8u181-b13/src/hotspot/src/share/vm/runtime/sharedRuntime.cpp, line 605]

Events (10 events):
Event: 13.776 loading class javafx/scene/effect/Reflection$3 done
Event: 13.776 loading class javafx/scene/effect/Reflection$4
Event: 13.776 loading class javafx/scene/effect/Reflection$4 done
Event: 13.777 loading class com/sun/javafx/effect/EffectDirtyBits
Event: 13.777 loading class com/sun/javafx/effect/EffectDirtyBits done
Event: 13.778 loading class javafx/scene/Node$MiscProperties$9$1
Event: 13.778 loading class javafx/scene/Node$MiscProperties$9$1 done
Event: 13.787 Thread 0x00007f8560283800 Uncommon trap: trap_request=0xffffff65 fr.pc=0x00007f85514d7c04
Event: 13.787 Thread 0x00007f8560283800 DEOPT PACKING pc=0x00007f85514d7c04 sp=0x00007f8514d677d0
Event: 13.787 Thread 0x00007f8560283800 DEOPT UNPACKING pc=0x00007f855104547a sp=0x00007f8514d67718 mode 2


Dynamic libraries:
85a00000-8ad00000 rw-p 00000000 00:00 0 
8ad00000-d7380000 ---p 00000000 00:00 0 
d7380000-dbb80000 rw-p 00000000 00:00 0 
dbb80000-100000000 ---p 00000000 00:00 0 
100000000-1002e0000 rw-p 00000000 00:00 0 
1002e0000-140000000 ---p 00000000 00:00 0 
563767b61000-563767b62000 r-xp 00000000 08:08 1715118                    /usr/lib/jvm/java-8-openjdk-amd64/jre/bin/java
563767d61000-563767d62000 r--p 00000000 08:08 1715118                    /usr/lib/jvm/java-8-openjdk-amd64/jre/bin/java
563767d62000-563767d63000 rw-p 00001000 08:08 1715118                    /usr/lib/jvm/java-8-openjdk-amd64/jre/bin/java
5637689df000-563768a00000 rw-p 00000000 00:00 0                          [heap]
7f8502bc0000-7f8502bc1000 rw-s 10194d000 00:06 344                       /dev/dri/card0
7f8502bc1000-7f8502bc2000 rw-s 1050cd000 00:06 344                       /dev/dri/card0
7f8502bc2000-7f8502d02000 rw-p 00000000 00:00 0 
7f8502d02000-7f8502dc2000 ---p 00000000 00:00 0 
7f8502dc4000-7f8502dc8000 rw-s 00000000 00:18 1891                       /i915 (deleted)
7f8502dc8000-7f8502dcd000 rw-s 00000000 00:18 1890                       /i915 (deleted)
7f8502ecd000-7f8502edd000 rw-s 00000000 00:18 1884                       /i915 (deleted)
7f8502edd000-7f8502f3d000 rw-s 1047eb000 00:06 344                       /dev/dri/card0
7f8502f3d000-7f85030fd000 rw-s 10843e000 00:06 344                       /dev/dri/card0
7f85030fd000-7f85032bd000 rw-s 10827e000 00:06 344                       /dev/dri/card0
7f85032bd000-7f850331d000 rw-s 10174d000 00:06 344                       /dev/dri/card0
7f850331d000-7f850332b000 rw-s 1048d7000 00:06 344                       /dev/dri/card0
7f850332b000-7f850362b000 rw-s 10763e000 00:06 344                       /dev/dri/card0
7f850362b000-7f850362e000 ---p 00000000 00:00 0 
7f850362e000-7f850392c000 rw-p 00000000 00:00 0 
7f850392c000-7f850395c000 r-xp 00000000 08:08 1973152                    /usr/lib/x86_64-linux-gnu/gtk-2.0/2.10.0/engines/libmurrine.so
7f850395c000-7f8503b5c000 ---p 00030000 08:08 1973152                    /usr/lib/x86_64-linux-gnu/gtk-2.0/2.10.0/engines/libmurrine.so
7f8503b5c000-7f8503b5d000 r--p 00030000 08:08 1973152                    /usr/lib/x86_64-linux-gnu/gtk-2.0/2.10.0/engines/libmurrine.so
7f8503b5d000-7f8503b5e000 rw-p 00031000 08:08 1973152                    /usr/lib/x86_64-linux-gnu/gtk-2.0/2.10.0/engines/libmurrine.so
7f8503b5e000-7f8503b60000 r-xp 00000000 08:08 1973145                    /usr/lib/x86_64-linux-gnu/gtk-2.0/2.10.0/engines/libadwaita.so
7f8503b60000-7f8503d60000 ---p 00002000 08:08 1973145                    /usr/lib/x86_64-linux-gnu/gtk-2.0/2.10.0/engines/libadwaita.so
7f8503d60000-7f8503d61000 r--p 00002000 08:08 1973145                    /usr/lib/x86_64-linux-gnu/gtk-2.0/2.10.0/engines/libadwaita.so
7f8503d61000-7f8503d62000 rw-p 00003000 08:08 1973145                    /usr/lib/x86_64-linux-gnu/gtk-2.0/2.10.0/engines/libadwaita.so
7f8503d62000-7f8503d6c000 r-xp 00000000 08:08 1973153                    /usr/lib/x86_64-linux-gnu/gtk-2.0/2.10.0/engines/libpixmap.so
7f8503d6c000-7f8503f6b000 ---p 0000a000 08:08 1973153                    /usr/lib/x86_64-linux-gnu/gtk-2.0/2.10.0/engines/libpixmap.so
7f8503f6b000-7f8503f6c000 r--p 00009000 08:08 1973153                    /usr/lib/x86_64-linux-gnu/gtk-2.0/2.10.0/engines/libpixmap.so
7f8503f6c000-7f8503f6d000 rw-p 0000a000 08:08 1973153                    /usr/lib/x86_64-linux-gnu/gtk-2.0/2.10.0/engines/libpixmap.so
7f8503f6d000-7f8503f72000 r-xp 00000000 08:08 1717399                    /usr/lib/jvm/java-8-openjdk-amd64/jre/lib/amd64/libjavafx_font_freetype.so
7f8503f72000-7f8504171000 ---p 00005000 08:08 1717399                    /usr/lib/jvm/java-8-openjdk-amd64/jre/lib/amd64/libjavafx_font_freetype.so
7f8504171000-7f8504172000 r--p 00004000 08:08 1717399                    /usr/lib/jvm/java-8-openjdk-amd64/jre/lib/amd64/libjavafx_font_freetype.so
7f8504172000-7f8504173000 rw-p 00005000 08:08 1717399                    /usr/lib/jvm/java-8-openjdk-amd64/jre/lib/amd64/libjavafx_font_freetype.so
7f8504173000-7f8504373000 rw-p 00000000 00:00 0 
7f8504373000-7f8504376000 r-xp 00000000 08:08 1717398                    /usr/lib/jvm/java-8-openjdk-amd64/jre/lib/amd64/libjavafx_font.so
7f8504376000-7f8504575000 ---p 00003000 08:08 1717398                    /usr/lib/jvm/java-8-openjdk-amd64/jre/lib/amd64/libjavafx_font.so
7f8504575000-7f8504576000 r--p 00002000 08:08 1717398                    /usr/lib/jvm/java-8-openjdk-amd64/jre/lib/amd64/libjavafx_font.so
7f8504576000-7f8504577000 rw-p 00003000 08:08 1717398                    /usr/lib/jvm/java-8-openjdk-amd64/jre/lib/amd64/libjavafx_font.so
7f8504577000-7f85045e0000 r-xp 00000000 08:08 1974422                    /usr/lib/x86_64-linux-gnu/libjpeg.so.62.2.0
7f85045e0000-7f85047e0000 ---p 00069000 08:08 1974422                    /usr/lib/x86_64-linux-gnu/libjpeg.so.62.2.0
7f85047e0000-7f85047e1000 r--p 00069000 08:08 1974422                    /usr/lib/x86_64-linux-gnu/libjpeg.so.62.2.0
7f85047e1000-7f85047e2000 rw-p 0006a000 08:08 1974422                    /usr/lib/x86_64-linux-gnu/libjpeg.so.62.2.0
7f85047e2000-7f85047e6000 r-xp 00000000 08:08 1717401                    /usr/lib/jvm/java-8-openjdk-amd64/jre/lib/amd64/libjavafx_iio.so
7f85047e6000-7f85049e5000 ---p 00004000 08:08 1717401                    /usr/lib/jvm/java-8-openjdk-amd64/jre/lib/amd64/libjavafx_iio.so
7f85049e5000-7f85049e6000 r--p 00003000 08:08 1717401                    /usr/lib/jvm/java-8-openjdk-amd64/jre/lib/amd64/libjavafx_iio.so
7f85049e6000-7f85049e7000 rw-p 00004000 08:08 1717401                    /usr/lib/jvm/java-8-openjdk-amd64/jre/lib/amd64/libjavafx_iio.so
7f85049e7000-7f8504be7000 rw-p 00000000 00:00 0 
7f8504be7000-7f8504de7000 rw-p 00000000 00:00 0 
7f8504de7000-7f8507de8000 rw-p 00000000 00:00 0 
7f8507de8000-7f8507dff000 r-xp 00000000 08:08 1715156                    /usr/lib/jvm/java-8-openjdk-amd64/jre/lib/amd64/libnet.so
7f8507dff000-7f8507ffe000 ---p 00017000 08:08 1715156                    /usr/lib/jvm/java-8-openjdk-amd64/jre/lib/amd64/libnet.so
7f8507ffe000-7f8507fff000 r--p 00016000 08:08 1715156                    /usr/lib/jvm/java-8-openjdk-amd64/jre/lib/amd64/libnet.so
7f8507fff000-7f8508000000 rw-p 00017000 08:08 1715156                    /usr/lib/jvm/java-8-openjdk-amd64/jre/lib/amd64/libnet.so
7f8508000000-7f8508576000 rw-p 00000000 00:00 0 
7f8508576000-7f850c000000 ---p 00000000 00:00 0 
7f850c000000-7f850c021000 rw-p 00000000 00:00 0 
7f850c021000-7f8510000000 ---p 00000000 00:00 0 
7f8510000000-7f8510021000 rw-p 00000000 00:00 0 
7f8510021000-7f8514000000 ---p 00000000 00:00 0 
7f8514000000-7f8514001000 rw-s 00000000 00:18 1865                       /i915 (deleted)
7f8514001000-7f8514005000 rw-s 00000000 00:18 1857                       /i915 (deleted)
7f8514005000-7f851400a000 rw-s 00000000 00:18 1850                       /i915 (deleted)
7f851400a000-7f851401a000 rw-s 00000000 00:18 1871                       /i915 (deleted)
7f851401a000-7f851401f000 rw-s 00000000 00:18 1869                       /i915 (deleted)
7f851401f000-7f851402f000 rw-s 00000000 00:18 685                        /i915 (deleted)
7f851402f000-7f851403b000 rw-s 00000000 00:18 1870                       /i915 (deleted)
7f851403b000-7f851404e000 r--s 00346000 08:08 1715206                    /usr/lib/jvm/java-8-openjdk-amd64/jre/lib/resources.jar
7f851404e000-7f8514095000 r--p 00000000 08:08 2491713                    /usr/share/fonts/truetype/noto/NotoSans-BoldItalic.ttf
7f8514095000-7f85140e0000 r--p 00000000 08:08 2491715                    /usr/share/fonts/truetype/noto/NotoSans-Regular.ttf
7f85140e0000-7f85140e4000 r--s 00000000 08:08 1572907                    /var/cache/fontconfig/0fafd173547752dce4dee1a69e0b3c95-le64.cache-4
7f85140e4000-7f8514126000 r--s 00000000 08:08 1572909                    /var/cache/fontconfig/0bd3dc0958fa2205aaaa8ebb13e2872b-le64.cache-4
7f8514126000-7f8514129000 ---p 00000000 00:00 0 
7f8514129000-7f8514227000 rw-p 00000000 00:00 0 
7f8514227000-7f851422a000 ---p 00000000 00:00 0 
7f851422a000-7f8514328000 rw-p 00000000 00:00 0 
7f8514328000-7f8514329000 ---p 00000000 00:00 0 
7f8514329000-7f8514b29000 rw-p 00000000 00:00 0 
7f8514b29000-7f8514c6a000 rw-s 00000000 08:09 12845132                   /home/atomx/.cache/mesa_shader_cache/index
7f8514c6a000-7f8514c6d000 ---p 00000000 00:00 0 
7f8514c6d000-7f8514d6b000 rw-p 00000000 00:00 0 
7f8514d6b000-7f8514d6e000 ---p 00000000 00:00 0 
7f8514d6e000-7f8514e6c000 rw-p 00000000 00:00 0 
7f8514e6c000-7f8514e95000 r-xp 00000000 08:08 1717396                    /usr/lib/jvm/java-8-openjdk-amd64/jre/lib/amd64/libglass.so
7f8514e95000-7f8515095000 ---p 00029000 08:08 1717396                    /usr/lib/jvm/java-8-openjdk-amd64/jre/lib/amd64/libglass.so
7f8515095000-7f8515096000 r--p 00029000 08:08 1717396                    /usr/lib/jvm/java-8-openjdk-amd64/jre/lib/amd64/libglass.so
7f8515096000-7f8515097000 rw-p 0002a000 08:08 1717396                    /usr/lib/jvm/java-8-openjdk-amd64/jre/lib/amd64/libglass.so
7f8515097000-7f8515098000 rw-p 00000000 00:00 0 
7f8515098000-7f8515099000 ---p 00000000 00:00 0 
7f8515099000-7f8515899000 rw-p 00000000 00:00 0 
7f8515899000-7f85159da000 rw-s 00000000 08:09 12845132                   /home/atomx/.cache/mesa_shader_cache/index
7f85159da000-7f85159e2000 r-xp 00000000 08:08 1974752                    /usr/lib/x86_64-linux-gnu/libpciaccess.so.0.11.1
7f85159e2000-7f8515be2000 ---p 00008000 08:08 1974752                    /usr/lib/x86_64-linux-gnu/libpciaccess.so.0.11.1
7f8515be2000-7f8515be3000 r--p 00008000 08:08 1974752                    /usr/lib/x86_64-linux-gnu/libpciaccess.so.0.11.1
7f8515be3000-7f8515be4000 rw-p 00009000 08:08 1974752                    /usr/lib/x86_64-linux-gnu/libpciaccess.so.0.11.1
7f8515be4000-7f8515bef000 r-xp 00000000 08:08 1973844                    /usr/lib/x86_64-linux-gnu/libdrm_radeon.so.1.0.1
7f8515bef000-7f8515dee000 ---p 0000b000 08:08 1973844                    /usr/lib/x86_64-linux-gnu/libdrm_radeon.so.1.0.1
7f8515dee000-7f8515def000 r--p 0000a000 08:08 1973844                    /usr/lib/x86_64-linux-gnu/libdrm_radeon.so.1.0.1
7f8515def000-7f8515df0000 rw-p 0000b000 08:08 1973844                    /usr/lib/x86_64-linux-gnu/libdrm_radeon.so.1.0.1
7f8515df0000-7f8515df7000 r-xp 00000000 08:08 1973842                    /usr/lib/x86_64-linux-gnu/libdrm_nouveau.so.2.0.0
7f8515df7000-7f8515ff6000 ---p 00007000 08:08 1973842                    /usr/lib/x86_64-linux-gnu/libdrm_nouveau.so.2.0.0
7f8515ff6000-7f8515ff7000 r--p 00006000 08:08 1973842                    /usr/lib/x86_64-linux-gnu/libdrm_nouveau.so.2.0.0
7f8515ff7000-7f8515ff8000 rw-p 00007000 08:08 1973842                    /usr/lib/x86_64-linux-gnu/libdrm_nouveau.so.2.0.0
7f8515ff8000-7f851601b000 r-xp 00000000 08:08 1973840                    /usr/lib/x86_64-linux-gnu/libdrm_intel.so.1.0.0
7f851601b000-7f851621a000 ---p 00023000 08:08 1973840                    /usr/lib/x86_64-linux-gnu/libdrm_intel.so.1.0.0
7f851621a000-7f851621b000 r--p 00022000 08:08 1973840                    /usr/lib/x86_64-linux-gnu/libdrm_intel.so.1.0.0
7f851621b000-7f851621c000 rw-p 00023000 08:08 1973840                    /usr/lib/x86_64-linux-gnu/libdrm_intel.so.1.0.0
7f851621c000-7f8516b4b000 r-xp 00000000 08:08 1972506                    /usr/lib/x86_64-linux-gnu/dri/i965_dri.so
7f8516b4b000-7f8516d4a000 ---p 0092f000 08:08 1972506                    /usr/lib/x86_64-linux-gnu/dri/i965_dri.so
7f8516d4a000-7f8516da4000 r--p 0092e000 08:08 1972506                    /usr/lib/x86_64-linux-gnu/dri/i965_dri.so
7f8516da4000-7f8516daf000 rw-p 00988000 08:08 1972506                    /usr/lib/x86_64-linux-gnu/dri/i965_dri.so
7f8516daf000-7f8516e62000 rw-p 00000000 00:00 0 
7f8516e62000-7f8516e72000 r-xp 00000000 08:08 1973836                    /usr/lib/x86_64-linux-gnu/libdrm.so.2.4.0
7f8516e72000-7f8517071000 ---p 00010000 08:08 1973836                    /usr/lib/x86_64-linux-gnu/libdrm.so.2.4.0
7f8517071000-7f8517072000 r--p 0000f000 08:08 1973836                    /usr/lib/x86_64-linux-gnu/libdrm.so.2.4.0
7f8517072000-7f8517073000 rw-p 00010000 08:08 1973836                    /usr/lib/x86_64-linux-gnu/libdrm.so.2.4.0
7f8517073000-7f8517077000 r-xp 00000000 08:08 1975194                    /usr/lib/x86_64-linux-gnu/libxcb-dri2.so.0.0.0
7f8517077000-7f8517276000 ---p 00004000 08:08 1975194                    /usr/lib/x86_64-linux-gnu/libxcb-dri2.so.0.0.0
7f8517276000-7f8517277000 r--p 00003000 08:08 1975194                    /usr/lib/x86_64-linux-gnu/libxcb-dri2.so.0.0.0
7f8517277000-7f8517278000 rw-p 00004000 08:08 1975194                    /usr/lib/x86_64-linux-gnu/libxcb-dri2.so.0.0.0
7f8517278000-7f8517290000 r-xp 00000000 08:08 1975200                    /usr/lib/x86_64-linux-gnu/libxcb-glx.so.0.0.0
7f8517290000-7f8517490000 ---p 00018000 08:08 1975200                    /usr/lib/x86_64-linux-gnu/libxcb-glx.so.0.0.0
7f8517490000-7f8517492000 r--p 00018000 08:08 1975200                    /usr/lib/x86_64-linux-gnu/libxcb-glx.so.0.0.0
7f8517492000-7f8517493000 rw-p 0001a000 08:08 1975200                    /usr/lib/x86_64-linux-gnu/libxcb-glx.so.0.0.0
7f8517493000-7f8517494000 r-xp 00000000 08:08 1973515                    /usr/lib/x86_64-linux-gnu/libX11-xcb.so.1.0.0
7f8517494000-7f8517693000 ---p 00001000 08:08 1973515                    /usr/lib/x86_64-linux-gnu/libX11-xcb.so.1.0.0
7f8517693000-7f8517694000 r--p 00000000 08:08 1973515                    /usr/lib/x86_64-linux-gnu/libX11-xcb.so.1.0.0
7f8517694000-7f8517695000 rw-p 00001000 08:08 1973515                    /usr/lib/x86_64-linux-gnu/libX11-xcb.so.1.0.0
7f8517695000-7f85176c1000 r-xp 00000000 08:08 1974054                    /usr/lib/x86_64-linux-gnu/libglapi.so.0.0.0
7f85176c1000-7f85178c0000 ---p 0002c000 08:08 1974054                    /usr/lib/x86_64-linux-gnu/libglapi.so.0.0.0
7f85178c0000-7f85178c4000 r--p 0002b000 08:08 1974054                    /usr/lib/x86_64-linux-gnu/libglapi.so.0.0.0
7f85178c4000-7f85178c5000 rw-p 0002f000 08:08 1974054                    /usr/lib/x86_64-linux-gnu/libglapi.so.0.0.0
7f85178c5000-7f85178c6000 rw-p 00000000 00:00 0 
7f85178c6000-7f85178c7000 r-xp 00000000 08:08 1975250                    /usr/lib/x86_64-linux-gnu/libxshmfence.so.1.0.0
7f85178c7000-7f8517ac6000 ---p 00001000 08:08 1975250                    /usr/lib/x86_64-linux-gnu/libxshmfence.so.1.0.0
7f8517ac6000-7f8517ac7000 r--p 00000000 08:08 1975250                    /usr/lib/x86_64-linux-gnu/libxshmfence.so.1.0.0
7f8517ac7000-7f8517ac8000 rw-p 00001000 08:08 1975250                    /usr/lib/x86_64-linux-gnu/libxshmfence.so.1.0.0
7f8517ac8000-7f8517ace000 r-xp 00000000 08:08 1975220                    /usr/lib/x86_64-linux-gnu/libxcb-sync.so.1.0.0
7f8517ace000-7f8517ccd000 ---p 00006000 08:08 1975220                    /usr/lib/x86_64-linux-gnu/libxcb-sync.so.1.0.0
7f8517ccd000-7f8517cce000 r--p 00005000 08:08 1975220                    /usr/lib/x86_64-linux-gnu/libxcb-sync.so.1.0.0
7f8517cce000-7f8517ccf000 rw-p 00006000 08:08 1975220                    /usr/lib/x86_64-linux-gnu/libxcb-sync.so.1.0.0
7f8517ccf000-7f8517cd1000 r-xp 00000000 08:08 1975208                    /usr/lib/x86_64-linux-gnu/libxcb-present.so.0.0.0
7f8517cd1000-7f8517ed0000 ---p 00002000 08:08 1975208                    /usr/lib/x86_64-linux-gnu/libxcb-present.so.0.0.0
7f8517ed0000-7f8517ed1000 r--p 00001000 08:08 1975208                    /usr/lib/x86_64-linux-gnu/libxcb-present.so.0.0.0
7f8517ed1000-7f8517ed2000 rw-p 00002000 08:08 1975208                    /usr/lib/x86_64-linux-gnu/libxcb-present.so.0.0.0
7f8517ed2000-7f8517ed9000 r-xp 00000000 08:08 1975224                    /usr/lib/x86_64-linux-gnu/libxcb-xfixes.so.0.0.0
7f8517ed9000-7f85180d8000 ---p 00007000 08:08 1975224                    /usr/lib/x86_64-linux-gnu/libxcb-xfixes.so.0.0.0
7f85180d8000-7f85180d9000 r--p 00006000 08:08 1975224                    /usr/lib/x86_64-linux-gnu/libxcb-xfixes.so.0.0.0
7f85180d9000-7f85180da000 rw-p 00007000 08:08 1975224                    /usr/lib/x86_64-linux-gnu/libxcb-xfixes.so.0.0.0
7f85180da000-7f85180dc000 r-xp 00000000 08:08 1975196                    /usr/lib/x86_64-linux-gnu/libxcb-dri3.so.0.0.0
7f85180dc000-7f85182db000 ---p 00002000 08:08 1975196                    /usr/lib/x86_64-linux-gnu/libxcb-dri3.so.0.0.0
7f85182db000-7f85182dc000 r--p 00001000 08:08 1975196                    /usr/lib/x86_64-linux-gnu/libxcb-dri3.so.0.0.0
7f85182dc000-7f85182dd000 rw-p 00002000 08:08 1975196                    /usr/lib/x86_64-linux-gnu/libxcb-dri3.so.0.0.0
7f85182dd000-7f851834f000 r-xp 00000000 08:08 1973267                    /usr/lib/x86_64-linux-gnu/libGLX_mesa.so.0.0.0
7f851834f000-7f851854e000 ---p 00072000 08:08 1973267                    /usr/lib/x86_64-linux-gnu/libGLX_mesa.so.0.0.0
7f851854e000-7f8518551000 r--p 00071000 08:08 1973267                    /usr/lib/x86_64-linux-gnu/libGLX_mesa.so.0.0.0
7f8518551000-7f8518552000 rw-p 00074000 08:08 1973267                    /usr/lib/x86_64-linux-gnu/libGLX_mesa.so.0.0.0
7f8518552000-7f8518553000 rw-p 00000000 00:00 0 
7f8518553000-7f8518557000 r-xp 00000000 08:08 1975099                    /usr/lib/x86_64-linux-gnu/libuuid.so.1.3.0
7f8518557000-7f8518756000 ---p 00004000 08:08 1975099                    /usr/lib/x86_64-linux-gnu/libuuid.so.1.3.0
7f8518756000-7f8518757000 r--p 00003000 08:08 1975099                    /usr/lib/x86_64-linux-gnu/libuuid.so.1.3.0
7f8518757000-7f8518758000 rw-p 00004000 08:08 1975099                    /usr/lib/x86_64-linux-gnu/libuuid.so.1.3.0
7f8518758000-7f851876b000 r-xp 00000000 08:08 1973672                    /usr/lib/x86_64-linux-gnu/libbsd.so.0.8.3
7f851876b000-7f851896b000 ---p 00013000 08:08 1973672                    /usr/lib/x86_64-linux-gnu/libbsd.so.0.8.3
7f851896b000-7f851896c000 r--p 00013000 08:08 1973672                    /usr/lib/x86_64-linux-gnu/libbsd.so.0.8.3
7f851896c000-7f851896d000 rw-p 00014000 08:08 1973672                    /usr/lib/x86_64-linux-gnu/libbsd.so.0.8.3
7f851896d000-7f851896e000 rw-p 00000000 00:00 0 
7f851896e000-7f8518975000 r-xp 00000000 08:08 1973762                    /usr/lib/x86_64-linux-gnu/libdatrie.so.1.3.3
7f8518975000-7f8518b74000 ---p 00007000 08:08 1973762                    /usr/lib/x86_64-linux-gnu/libdatrie.so.1.3.3
7f8518b74000-7f8518b75000 r--p 00006000 08:08 1973762                    /usr/lib/x86_64-linux-gnu/libdatrie.so.1.3.3
7f8518b75000-7f8518b76000 rw-p 00007000 08:08 1973762                    /usr/lib/x86_64-linux-gnu/libdatrie.so.1.3.3
7f8518b76000-7f8518ba1000 r-xp 00000000 08:08 1974207                    /usr/lib/x86_64-linux-gnu/libgraphite2.so.3.0.1
7f8518ba1000-7f8518da0000 ---p 0002b000 08:08 1974207                    /usr/lib/x86_64-linux-gnu/libgraphite2.so.3.0.1
7f8518da0000-7f8518da2000 r--p 0002a000 08:08 1974207                    /usr/lib/x86_64-linux-gnu/libgraphite2.so.3.0.1
7f8518da2000-7f8518da3000 rw-p 0002c000 08:08 1974207                    /usr/lib/x86_64-linux-gnu/libgraphite2.so.3.0.1
7f8518da3000-7f8518de4000 r-xp 00000000 08:08 1973657                    /usr/lib/x86_64-linux-gnu/libblkid.so.1.1.0
7f8518de4000-7f8518fe3000 ---p 00041000 08:08 1973657                    /usr/lib/x86_64-linux-gnu/libblkid.so.1.1.0
7f8518fe3000-7f8518fe7000 r--p 00040000 08:08 1973657                    /usr/lib/x86_64-linux-gnu/libblkid.so.1.1.0
7f8518fe7000-7f8518fe8000 rw-p 00044000 08:08 1973657                    /usr/lib/x86_64-linux-gnu/libblkid.so.1.1.0
7f8518fe8000-7f8518fe9000 rw-p 00000000 00:00 0 
7f8518fe9000-7f8518fee000 r-xp 00000000 08:08 1973532                    /usr/lib/x86_64-linux-gnu/libXdmcp.so.6.0.0
7f8518fee000-7f85191ed000 ---p 00005000 08:08 1973532                    /usr/lib/x86_64-linux-gnu/libXdmcp.so.6.0.0
7f85191ed000-7f85191ee000 r--p 00004000 08:08 1973532                    /usr/lib/x86_64-linux-gnu/libXdmcp.so.6.0.0
7f85191ee000-7f85191ef000 rw-p 00005000 08:08 1973532                    /usr/lib/x86_64-linux-gnu/libXdmcp.so.6.0.0
7f85191ef000-7f85191f2000 r-xp 00000000 08:08 1973521                    /usr/lib/x86_64-linux-gnu/libXau.so.6.0.0
7f85191f2000-7f85193f1000 ---p 00003000 08:08 1973521                    /usr/lib/x86_64-linux-gnu/libXau.so.6.0.0
7f85193f1000-7f85193f2000 r--p 00002000 08:08 1973521                    /usr/lib/x86_64-linux-gnu/libXau.so.6.0.0
7f85193f2000-7f85193f3000 rw-p 00003000 08:08 1973521                    /usr/lib/x86_64-linux-gnu/libXau.so.6.0.0
7f85193f3000-7f8519463000 r-xp 00000000 08:08 1973269                    /usr/lib/x86_64-linux-gnu/libGLdispatch.so.0.0.0
7f8519463000-7f8519663000 ---p 00070000 08:08 1973269                    /usr/lib/x86_64-linux-gnu/libGLdispatch.so.0.0.0
7f8519663000-7f851968c000 r--p 00070000 08:08 1973269                    /usr/lib/x86_64-linux-gnu/libGLdispatch.so.0.0.0
7f851968c000-7f851968d000 rw-p 00099000 08:08 1973269                    /usr/lib/x86_64-linux-gnu/libGLdispatch.so.0.0.0
7f851968d000-7f85196ad000 rw-p 00000000 00:00 0 
7f85196ad000-7f85196bd000 r-xp 00000000 08:08 1973264                    /usr/lib/x86_64-linux-gnu/libGLX.so.0.0.0
7f85196bd000-7f85198bd000 ---p 00010000 08:08 1973264                    /usr/lib/x86_64-linux-gnu/libGLX.so.0.0.0
7f85198bd000-7f85198be000 r--p 00010000 08:08 1973264                    /usr/lib/x86_64-linux-gnu/libGLX.so.0.0.0
7f85198be000-7f85198bf000 rw-p 00011000 08:08 1973264                    /usr/lib/x86_64-linux-gnu/libGLX.so.0.0.0
7f85198bf000-7f85198df000 rw-p 00000000 00:00 0 
7f85198df000-7f8519951000 r-xp 00000000 08:08 1974757                    /usr/lib/x86_64-linux-gnu/libpcre.so.3.13.3
7f8519951000-7f8519b50000 ---p 00072000 08:08 1974757                    /usr/lib/x86_64-linux-gnu/libpcre.so.3.13.3
7f8519b50000-7f8519b51000 r--p 00071000 08:08 1974757                    /usr/lib/x86_64-linux-gnu/libpcre.so.3.13.3
7f8519b51000-7f8519b52000 rw-p 00072000 08:08 1974757                    /usr/lib/x86_64-linux-gnu/libpcre.so.3.13.3
7f8519b52000-7f8519b79000 r-xp 00000000 08:08 1973918                    /usr/lib/x86_64-linux-gnu/libexpat.so.1.6.2
7f8519b79000-7f8519d79000 ---p 00027000 08:08 1973918                    /usr/lib/x86_64-linux-gnu/libexpat.so.1.6.2
7f8519d79000-7f8519d7b000 r--p 00027000 08:08 1973918                    /usr/lib/x86_64-linux-gnu/libexpat.so.1.6.2
7f8519d7b000-7f8519d7c000 rw-p 00029000 08:08 1973918                    /usr/lib/x86_64-linux-gnu/libexpat.so.1.6.2
7f8519d7c000-7f8519d83000 r-xp 00000000 08:08 1973938                    /usr/lib/x86_64-linux-gnu/libffi.so.6.0.4
7f8519d83000-7f8519f83000 ---p 00007000 08:08 1973938                    /usr/lib/x86_64-linux-gnu/libffi.so.6.0.4
7f8519f83000-7f8519f84000 r--p 00007000 08:08 1973938                    /usr/lib/x86_64-linux-gnu/libffi.so.6.0.4
7f8519f84000-7f8519f85000 rw-p 00008000 08:08 1973938                    /usr/lib/x86_64-linux-gnu/libffi.so.6.0.4
7f8519f85000-7f8519f8d000 r-xp 00000000 08:08 1975032                    /usr/lib/x86_64-linux-gnu/libthai.so.0.3.0
7f8519f8d000-7f851a18d000 ---p 00008000 08:08 1975032                    /usr/lib/x86_64-linux-gnu/libthai.so.0.3.0
7f851a18d000-7f851a18e000 r--p 00008000 08:08 1975032                    /usr/lib/x86_64-linux-gnu/libthai.so.0.3.0
7f851a18e000-7f851a18f000 rw-p 00009000 08:08 1975032                    /usr/lib/x86_64-linux-gnu/libthai.so.0.3.0
7f851a18f000-7f851a222000 r-xp 00000000 08:08 1974304                    /usr/lib/x86_64-linux-gnu/libharfbuzz.so.0.10400.2
7f851a222000-7f851a421000 ---p 00093000 08:08 1974304                    /usr/lib/x86_64-linux-gnu/libharfbuzz.so.0.10400.2
7f851a421000-7f851a423000 r--p 00092000 08:08 1974304                    /usr/lib/x86_64-linux-gnu/libharfbuzz.so.0.10400.2
7f851a423000-7f851a424000 rw-p 00094000 08:08 1974304                    /usr/lib/x86_64-linux-gnu/libharfbuzz.so.0.10400.2
7f851a424000-7f851a46e000 r-xp 00000000 08:08 1974545                    /usr/lib/x86_64-linux-gnu/libmount.so.1.1.0
7f851a46e000-7f851a66e000 ---p 0004a000 08:08 1974545                    /usr/lib/x86_64-linux-gnu/libmount.so.1.1.0
7f851a66e000-7f851a66f000 r--p 0004a000 08:08 1974545                    /usr/lib/x86_64-linux-gnu/libmount.so.1.1.0
7f851a66f000-7f851a670000 rw-p 0004b000 08:08 1974545                    /usr/lib/x86_64-linux-gnu/libmount.so.1.1.0
7f851a670000-7f851a672000 rw-p 00000000 00:00 0 
7f851a672000-7f851a686000 r-xp 00000000 08:08 1974883                    /usr/lib/x86_64-linux-gnu/libresolv-2.24.so
7f851a686000-7f851a885000 ---p 00014000 08:08 1974883                    /usr/lib/x86_64-linux-gnu/libresolv-2.24.so
7f851a885000-7f851a886000 r--p 00013000 08:08 1974883                    /usr/lib/x86_64-linux-gnu/libresolv-2.24.so
7f851a886000-7f851a887000 rw-p 00014000 08:08 1974883                    /usr/lib/x86_64-linux-gnu/libresolv-2.24.so
7f851a887000-7f851a889000 rw-p 00000000 00:00 0 
7f851a889000-7f851a8ae000 r-xp 00000000 08:08 1974931                    /usr/lib/x86_64-linux-gnu/libselinux.so.1
7f851a8ae000-7f851aaad000 ---p 00025000 08:08 1974931                    /usr/lib/x86_64-linux-gnu/libselinux.so.1
7f851aaad000-7f851aaae000 r--p 00024000 08:08 1974931                    /usr/lib/x86_64-linux-gnu/libselinux.so.1
7f851aaae000-7f851aaaf000 rw-p 00025000 08:08 1974931                    /usr/lib/x86_64-linux-gnu/libselinux.so.1
7f851aaaf000-7f851aab1000 rw-p 00000000 00:00 0 
7f851aab1000-7f851aabd000 r-xp 00000000 08:08 1975214                    /usr/lib/x86_64-linux-gnu/libxcb-render.so.0.0.0
7f851aabd000-7f851acbd000 ---p 0000c000 08:08 1975214                    /usr/lib/x86_64-linux-gnu/libxcb-render.so.0.0.0
7f851acbd000-7f851acbe000 r--p 0000c000 08:08 1975214                    /usr/lib/x86_64-linux-gnu/libxcb-render.so.0.0.0
7f851acbe000-7f851acbf000 rw-p 0000d000 08:08 1975214                    /usr/lib/x86_64-linux-gnu/libxcb-render.so.0.0.0
7f851acbf000-7f851ace6000 r-xp 00000000 08:08 1975232                    /usr/lib/x86_64-linux-gnu/libxcb.so.1.1.0
7f851ace6000-7f851aee5000 ---p 00027000 08:08 1975232                    /usr/lib/x86_64-linux-gnu/libxcb.so.1.1.0
7f851aee5000-7f851aee6000 r--p 00026000 08:08 1975232                    /usr/lib/x86_64-linux-gnu/libxcb.so.1.1.0
7f851aee6000-7f851aee7000 rw-p 00027000 08:08 1975232                    /usr/lib/x86_64-linux-gnu/libxcb.so.1.1.0
7f851aee7000-7f851aee9000 r-xp 00000000 08:08 1975218                    /usr/lib/x86_64-linux-gnu/libxcb-shm.so.0.0.0
7f851aee9000-7f851b0e9000 ---p 00002000 08:08 1975218                    /usr/lib/x86_64-linux-gnu/libxcb-shm.so.0.0.0
7f851b0e9000-7f851b0ea000 r--p 00002000 08:08 1975218                    /usr/lib/x86_64-linux-gnu/libxcb-shm.so.0.0.0
7f851b0ea000-7f851b0eb000 rw-p 00003000 08:08 1975218                    /usr/lib/x86_64-linux-gnu/libxcb-shm.so.0.0.0
7f851b0eb000-7f851b11c000 r-xp 00000000 08:08 1974804                    /usr/lib/x86_64-linux-gnu/libpng16.so.16.28.0
7f851b11c000-7f851b31c000 ---p 00031000 08:08 1974804                    /usr/lib/x86_64-linux-gnu/libpng16.so.16.28.0
7f851b31c000-7f851b31d000 r--p 00031000 08:08 1974804                    /usr/lib/x86_64-linux-gnu/libpng16.so.16.28.0
7f851b31d000-7f851b31e000 rw-p 00032000 08:08 1974804                    /usr/lib/x86_64-linux-gnu/libpng16.so.16.28.0
7f851b31e000-7f851b3bc000 r-xp 00000000 08:08 1974787                    /usr/lib/x86_64-linux-gnu/libpixman-1.so.0.34.0
7f851b3bc000-7f851b5bc000 ---p 0009e000 08:08 1974787                    /usr/lib/x86_64-linux-gnu/libpixman-1.so.0.34.0
7f851b5bc000-7f851b5c4000 r--p 0009e000 08:08 1974787                    /usr/lib/x86_64-linux-gnu/libpixman-1.so.0.34.0
7f851b5c4000-7f851b5c5000 rw-p 000a6000 08:08 1974787                    /usr/lib/x86_64-linux-gnu/libpixman-1.so.0.34.0
7f851b5c5000-7f851b5d6000 r-xp 00000000 08:08 1973534                    /usr/lib/x86_64-linux-gnu/libXext.so.6.4.0
7f851b5d6000-7f851b7d5000 ---p 00011000 08:08 1973534                    /usr/lib/x86_64-linux-gnu/libXext.so.6.4.0
7f851b7d5000-7f851b7d6000 r--p 00010000 08:08 1973534                    /usr/lib/x86_64-linux-gnu/libXext.so.6.4.0
7f851b7d6000-7f851b7d7000 rw-p 00011000 08:08 1973534                    /usr/lib/x86_64-linux-gnu/libXext.so.6.4.0
7f851b7d7000-7f851b7e1000 r-xp 00000000 08:08 1973528                    /usr/lib/x86_64-linux-gnu/libXcursor.so.1.0.2
7f851b7e1000-7f851b9e0000 ---p 0000a000 08:08 1973528                    /usr/lib/x86_64-linux-gnu/libXcursor.so.1.0.2
7f851b9e0000-7f851b9e1000 r--p 00009000 08:08 1973528                    /usr/lib/x86_64-linux-gnu/libXcursor.so.1.0.2
7f851b9e1000-7f851b9e2000 rw-p 0000a000 08:08 1973528                    /usr/lib/x86_64-linux-gnu/libXcursor.so.1.0.2
7f851b9e2000-7f851b9ec000 r-xp 00000000 08:08 1973554                    /usr/lib/x86_64-linux-gnu/libXrandr.so.2.2.0
7f851b9ec000-7f851bbeb000 ---p 0000a000 08:08 1973554                    /usr/lib/x86_64-linux-gnu/libXrandr.so.2.2.0
7f851bbeb000-7f851bbec000 r--p 00009000 08:08 1973554                    /usr/lib/x86_64-linux-gnu/libXrandr.so.2.2.0
7f851bbec000-7f851bbed000 rw-p 0000a000 08:08 1973554                    /usr/lib/x86_64-linux-gnu/libXrandr.so.2.2.0
7f851bbed000-7f851bbfc000 r-xp 00000000 08:08 1973544                    /usr/lib/x86_64-linux-gnu/libXi.so.6.1.0
7f851bbfc000-7f851bdfb000 ---p 0000f000 08:08 1973544                    /usr/lib/x86_64-linux-gnu/libXi.so.6.1.0
7f851bdfb000-7f851bdfc000 r--p 0000e000 08:08 1973544                    /usr/lib/x86_64-linux-gnu/libXi.so.6.1.0
7f851bdfc000-7f851bdfd000 rw-p 0000f000 08:08 1973544                    /usr/lib/x86_64-linux-gnu/libXi.so.6.1.0
7f851bdfd000-7f851bdff000 r-xp 00000000 08:08 1973546                    /usr/lib/x86_64-linux-gnu/libXinerama.so.1.0.0
7f851bdff000-7f851bffe000 ---p 00002000 08:08 1973546                    /usr/lib/x86_64-linux-gnu/libXinerama.so.1.0.0
7f851bffe000-7f851bfff000 r--p 00001000 08:08 1973546                    /usr/lib/x86_64-linux-gnu/libXinerama.so.1.0.0
7f851bfff000-7f851c000000 rw-p 00002000 08:08 1973546                    /usr/lib/x86_64-linux-gnu/libXinerama.so.1.0.0
7f851c000000-7f851c021000 rw-p 00000000 00:00 0 
7f851c021000-7f8520000000 ---p 00000000 00:00 0 
7f8520000000-7f85218d5000 rw-p 00000000 00:00 0 
7f85218d5000-7f8524000000 ---p 00000000 00:00 0 
7f8524000000-7f8524021000 rw-p 00000000 00:00 0 
7f8524021000-7f8528000000 ---p 00000000 00:00 0 
7f8528000000-7f85283f8000 rw-p 00000000 00:00 0 
7f85283f8000-7f852c000000 ---p 00000000 00:00 0 
7f852c000000-7f852c001000 rw-s 00000000 00:18 1878                       /i915 (deleted)
7f852c001000-7f852c003000 rw-s 00000000 00:18 1882                       /i915 (deleted)
7f852c003000-7f852c0a9000 r--s 010bb000 08:09 14421221                   /home/atomx/eclipse-workspace/Library/lib/jfxrt.jar
7f852c0a9000-7f852c0b2000 r-xp 00000000 08:08 1973556                    /usr/lib/x86_64-linux-gnu/libXrender.so.1.3.0
7f852c0b2000-7f852c2b1000 ---p 00009000 08:08 1973556                    /usr/lib/x86_64-linux-gnu/libXrender.so.1.3.0
7f852c2b1000-7f852c2b2000 r--p 00008000 08:08 1973556                    /usr/lib/x86_64-linux-gnu/libXrender.so.1.3.0
7f852c2b2000-7f852c2b3000 rw-p 00009000 08:08 1973556                    /usr/lib/x86_64-linux-gnu/libXrender.so.1.3.0
7f852c2b3000-7f852c2b8000 r-xp 00000000 08:08 1973536                    /usr/lib/x86_64-linux-gnu/libXfixes.so.3.1.0
7f852c2b8000-7f852c4b7000 ---p 00005000 08:08 1973536                    /usr/lib/x86_64-linux-gnu/libXfixes.so.3.1.0
7f852c4b7000-7f852c4b8000 r--p 00004000 08:08 1973536                    /usr/lib/x86_64-linux-gnu/libXfixes.so.3.1.0
7f852c4b8000-7f852c4b9000 rw-p 00005000 08:08 1973536                    /usr/lib/x86_64-linux-gnu/libXfixes.so.3.1.0
7f852c4b9000-7f852c4bb000 r-xp 00000000 08:08 1973530                    /usr/lib/x86_64-linux-gnu/libXdamage.so.1.1.0
7f852c4bb000-7f852c6ba000 ---p 00002000 08:08 1973530                    /usr/lib/x86_64-linux-gnu/libXdamage.so.1.1.0
7f852c6ba000-7f852c6bb000 r--p 00001000 08:08 1973530                    /usr/lib/x86_64-linux-gnu/libXdamage.so.1.1.0
7f852c6bb000-7f852c6bc000 rw-p 00002000 08:08 1973530                    /usr/lib/x86_64-linux-gnu/libXdamage.so.1.1.0
7f852c6bc000-7f852c6be000 r-xp 00000000 08:08 1973526                    /usr/lib/x86_64-linux-gnu/libXcomposite.so.1.0.0
7f852c6be000-7f852c8bd000 ---p 00002000 08:08 1973526                    /usr/lib/x86_64-linux-gnu/libXcomposite.so.1.0.0
7f852c8bd000-7f852c8be000 r--p 00001000 08:08 1973526                    /usr/lib/x86_64-linux-gnu/libXcomposite.so.1.0.0
7f852c8be000-7f852c8bf000 rw-p 00002000 08:08 1973526                    /usr/lib/x86_64-linux-gnu/libXcomposite.so.1.0.0
7f852c8bf000-7f852c8c2000 r-xp 00000000 08:08 1974072                    /usr/lib/x86_64-linux-gnu/libgmodule-2.0.so.0.5000.3
7f852c8c2000-7f852cac1000 ---p 00003000 08:08 1974072                    /usr/lib/x86_64-linux-gnu/libgmodule-2.0.so.0.5000.3
7f852cac1000-7f852cac2000 r--p 00002000 08:08 1974072                    /usr/lib/x86_64-linux-gnu/libgmodule-2.0.so.0.5000.3
7f852cac2000-7f852cac3000 rw-p 00003000 08:08 1974072                    /usr/lib/x86_64-linux-gnu/libgmodule-2.0.so.0.5000.3
7f852cac3000-7f852cb38000 r-xp 00000000 08:08 1973258                    /usr/lib/x86_64-linux-gnu/libGL.so.1.7.0
7f852cb38000-7f852cd38000 ---p 00075000 08:08 1973258                    /usr/lib/x86_64-linux-gnu/libGL.so.1.7.0
7f852cd38000-7f852cd52000 r--p 00075000 08:08 1973258                    /usr/lib/x86_64-linux-gnu/libGL.so.1.7.0
7f852cd52000-7f852cd53000 rw-p 0008f000 08:08 1973258                    /usr/lib/x86_64-linux-gnu/libGL.so.1.7.0
7f852cd53000-7f852cd54000 rw-p 00000000 00:00 0 
7f852cd54000-7f852cd59000 r-xp 00000000 08:08 1973572                    /usr/lib/x86_64-linux-gnu/libXxf86vm.so.1.0.0
7f852cd59000-7f852cf58000 ---p 00005000 08:08 1973572                    /usr/lib/x86_64-linux-gnu/libXxf86vm.so.1.0.0
7f852cf58000-7f852cf59000 r--p 00004000 08:08 1973572                    /usr/lib/x86_64-linux-gnu/libXxf86vm.so.1.0.0
7f852cf59000-7f852cf5a000 rw-p 00005000 08:08 1973572                    /usr/lib/x86_64-linux-gnu/libXxf86vm.so.1.0.0
7f852cf5a000-7f852d094000 r-xp 00000000 08:08 1973517                    /usr/lib/x86_64-linux-gnu/libX11.so.6.3.0
7f852d094000-7f852d294000 ---p 0013a000 08:08 1973517                    /usr/lib/x86_64-linux-gnu/libX11.so.6.3.0
7f852d294000-7f852d295000 r--p 0013a000 08:08 1973517                    /usr/lib/x86_64-linux-gnu/libX11.so.6.3.0
7f852d295000-7f852d29a000 rw-p 0013b000 08:08 1973517                    /usr/lib/x86_64-linux-gnu/libX11.so.6.3.0
7f852d29a000-7f852d29f000 r-xp 00000000 08:08 1973562                    /usr/lib/x86_64-linux-gnu/libXtst.so.6.1.0
7f852d29f000-7f852d49e000 ---p 00005000 08:08 1973562                    /usr/lib/x86_64-linux-gnu/libXtst.so.6.1.0
7f852d49e000-7f852d49f000 r--p 00004000 08:08 1973562                    /usr/lib/x86_64-linux-gnu/libXtst.so.6.1.0
7f852d49f000-7f852d4a0000 rw-p 00005000 08:08 1973562                    /usr/lib/x86_64-linux-gnu/libXtst.so.6.1.0
7f852d4a0000-7f852d5b2000 r-xp 00000000 08:08 1974060                    /usr/lib/x86_64-linux-gnu/libglib-2.0.so.0.5000.3
7f852d5b2000-7f852d7b1000 ---p 00112000 08:08 1974060                    /usr/lib/x86_64-linux-gnu/libglib-2.0.so.0.5000.3
7f852d7b1000-7f852d7b2000 r--p 00111000 08:08 1974060                    /usr/lib/x86_64-linux-gnu/libglib-2.0.so.0.5000.3
7f852d7b2000-7f852d7b3000 rw-p 00112000 08:08 1974060                    /usr/lib/x86_64-linux-gnu/libglib-2.0.so.0.5000.3
7f852d7b3000-7f852d7b4000 rw-p 00000000 00:00 0 
7f852d7b4000-7f852d7b5000 r-xp 00000000 08:08 1974280                    /usr/lib/x86_64-linux-gnu/libgthread-2.0.so.0.5000.3
7f852d7b5000-7f852d9b4000 ---p 00001000 08:08 1974280                    /usr/lib/x86_64-linux-gnu/libgthread-2.0.so.0.5000.3
7f852d9b4000-7f852d9b5000 r--p 00000000 08:08 1974280                    /usr/lib/x86_64-linux-gnu/libgthread-2.0.so.0.5000.3
7f852d9b5000-7f852d9b6000 rw-p 00001000 08:08 1974280                    /usr/lib/x86_64-linux-gnu/libgthread-2.0.so.0.5000.3
7f852d9b6000-7f852da5e000 r-xp 00000000 08:08 1973996                    /usr/lib/x86_64-linux-gnu/libfreetype.so.6.12.3
7f852da5e000-7f852dc5e000 ---p 000a8000 08:08 1973996                    /usr/lib/x86_64-linux-gnu/libfreetype.so.6.12.3
7f852dc5e000-7f852dc64000 r--p 000a8000 08:08 1973996                    /usr/lib/x86_64-linux-gnu/libfreetype.so.6.12.3
7f852dc64000-7f852dc65000 rw-p 000ae000 08:08 1973996                    /usr/lib/x86_64-linux-gnu/libfreetype.so.6.12.3
7f852dc65000-7f852dca1000 r-xp 00000000 08:08 1973982                    /usr/lib/x86_64-linux-gnu/libfontconfig.so.1.8.0
7f852dca1000-7f852dea0000 ---p 0003c000 08:08 1973982                    /usr/lib/x86_64-linux-gnu/libfontconfig.so.1.8.0
7f852dea0000-7f852dea2000 r--p 0003b000 08:08 1973982                    /usr/lib/x86_64-linux-gnu/libfontconfig.so.1.8.0
7f852dea2000-7f852dea3000 rw-p 0003d000 08:08 1973982                    /usr/lib/x86_64-linux-gnu/libfontconfig.so.1.8.0
7f852dea3000-7f852def5000 r-xp 00000000 08:08 1974112                    /usr/lib/x86_64-linux-gnu/libgobject-2.0.so.0.5000.3
7f852def5000-7f852e0f4000 ---p 00052000 08:08 1974112                    /usr/lib/x86_64-linux-gnu/libgobject-2.0.so.0.5000.3
7f852e0f4000-7f852e0f5000 r--p 00051000 08:08 1974112                    /usr/lib/x86_64-linux-gnu/libgobject-2.0.so.0.5000.3
7f852e0f5000-7f852e0f6000 rw-p 00052000 08:08 1974112                    /usr/lib/x86_64-linux-gnu/libgobject-2.0.so.0.5000.3
7f852e0f6000-7f852e13f000 r-xp 00000000 08:08 1974732                    /usr/lib/x86_64-linux-gnu/libpango-1.0.so.0.4000.5
7f852e13f000-7f852e33e000 ---p 00049000 08:08 1974732                    /usr/lib/x86_64-linux-gnu/libpango-1.0.so.0.4000.5
7f852e33e000-7f852e341000 r--p 00048000 08:08 1974732                    /usr/lib/x86_64-linux-gnu/libpango-1.0.so.0.4000.5
7f852e341000-7f852e342000 rw-p 0004b000 08:08 1974732                    /usr/lib/x86_64-linux-gnu/libpango-1.0.so.0.4000.5
7f852e342000-7f852e356000 r-xp 00000000 08:08 1974736                    /usr/lib/x86_64-linux-gnu/libpangoft2-1.0.so.0.4000.5
7f852e356000-7f852e556000 ---p 00014000 08:08 1974736                    /usr/lib/x86_64-linux-gnu/libpangoft2-1.0.so.0.4000.5
7f852e556000-7f852e557000 r--p 00014000 08:08 1974736                    /usr/lib/x86_64-linux-gnu/libpangoft2-1.0.so.0.4000.5
7f852e557000-7f852e558000 rw-p 00015000 08:08 1974736                    /usr/lib/x86_64-linux-gnu/libpangoft2-1.0.so.0.4000.5
7f852e558000-7f852e6e5000 r-xp 00000000 08:08 1974048                    /usr/lib/x86_64-linux-gnu/libgio-2.0.so.0.5000.3
7f852e6e5000-7f852e8e5000 ---p 0018d000 08:08 1974048                    /usr/lib/x86_64-linux-gnu/libgio-2.0.so.0.5000.3
7f852e8e5000-7f852e8ea000 r--p 0018d000 08:08 1974048                    /usr/lib/x86_64-linux-gnu/libgio-2.0.so.0.5000.3
7f852e8ea000-7f852e8ed000 rw-p 00192000 08:08 1974048                    /usr/lib/x86_64-linux-gnu/libgio-2.0.so.0.5000.3
7f852e8ed000-7f852e8ee000 rw-p 00000000 00:00 0 
7f852e8ee000-7f852e910000 r-xp 00000000 08:08 1974034                    /usr/lib/x86_64-linux-gnu/libgdk_pixbuf-2.0.so.0.3600.5
7f852e910000-7f852eb10000 ---p 00022000 08:08 1974034                    /usr/lib/x86_64-linux-gnu/libgdk_pixbuf-2.0.so.0.3600.5
7f852eb10000-7f852eb11000 r--p 00022000 08:08 1974034                    /usr/lib/x86_64-linux-gnu/libgdk_pixbuf-2.0.so.0.3600.5
7f852eb11000-7f852eb12000 rw-p 00023000 08:08 1974034                    /usr/lib/x86_64-linux-gnu/libgdk_pixbuf-2.0.so.0.3600.5
7f852eb12000-7f852ec20000 r-xp 00000000 08:08 1973694                    /usr/lib/x86_64-linux-gnu/libcairo.so.2.11400.8
7f852ec20000-7f852ee20000 ---p 0010e000 08:08 1973694                    /usr/lib/x86_64-linux-gnu/libcairo.so.2.11400.8
7f852ee20000-7f852ee23000 r--p 0010e000 08:08 1973694                    /usr/lib/x86_64-linux-gnu/libcairo.so.2.11400.8
7f852ee23000-7f852ee24000 rw-p 00111000 08:08 1973694                    /usr/lib/x86_64-linux-gnu/libcairo.so.2.11400.8
7f852ee24000-7f852ee26000 rw-p 00000000 00:00 0 
7f852ee26000-7f852ee49000 r-xp 00000000 08:08 1973616                    /usr/lib/x86_64-linux-gnu/libatk-1.0.so.0.22209.1
7f852ee49000-7f852f048000 ---p 00023000 08:08 1973616                    /usr/lib/x86_64-linux-gnu/libatk-1.0.so.0.22209.1
7f852f048000-7f852f04b000 r--p 00022000 08:08 1973616                    /usr/lib/x86_64-linux-gnu/libatk-1.0.so.0.22209.1
7f852f04b000-7f852f04c000 rw-p 00025000 08:08 1973616                    /usr/lib/x86_64-linux-gnu/libatk-1.0.so.0.22209.1
7f852f04c000-7f852f058000 r-xp 00000000 08:08 1974734                    /usr/lib/x86_64-linux-gnu/libpangocairo-1.0.so.0.4000.5
7f852f058000-7f852f257000 ---p 0000c000 08:08 1974734                    /usr/lib/x86_64-linux-gnu/libpangocairo-1.0.so.0.4000.5
7f852f257000-7f852f258000 r--p 0000b000 08:08 1974734                    /usr/lib/x86_64-linux-gnu/libpangocairo-1.0.so.0.4000.5
7f852f258000-7f852f259000 rw-p 0000c000 08:08 1974734                    /usr/lib/x86_64-linux-gnu/libpangocairo-1.0.so.0.4000.5
7f852f259000-7f852f309000 r-xp 00000000 08:08 1974032                    /usr/lib/x86_64-linux-gnu/libgdk-x11-2.0.so.0.2400.31
7f852f309000-7f852f508000 ---p 000b0000 08:08 1974032                    /usr/lib/x86_64-linux-gnu/libgdk-x11-2.0.so.0.2400.31
7f852f508000-7f852f50c000 r--p 000af000 08:08 1974032                    /usr/lib/x86_64-linux-gnu/libgdk-x11-2.0.so.0.2400.31
7f852f50c000-7f852f50e000 rw-p 000b3000 08:08 1974032                    /usr/lib/x86_64-linux-gnu/libgdk-x11-2.0.so.0.2400.31
7f852f50e000-7f852f94e000 r-xp 00000000 08:08 1974286                    /usr/lib/x86_64-linux-gnu/libgtk-x11-2.0.so.0.2400.31
7f852f94e000-7f852fb4d000 ---p 00440000 08:08 1974286                    /usr/lib/x86_64-linux-gnu/libgtk-x11-2.0.so.0.2400.31
7f852fb4d000-7f852fb54000 r--p 0043f000 08:08 1974286                    /usr/lib/x86_64-linux-gnu/libgtk-x11-2.0.so.0.2400.31
7f852fb54000-7f852fb58000 rw-p 00446000 08:08 1974286                    /usr/lib/x86_64-linux-gnu/libgtk-x11-2.0.so.0.2400.31
7f852fb58000-7f852fb5b000 rw-p 00000000 00:00 0 
7f852fb5b000-7f852fb67000 r-xp 00000000 08:08 1717405                    /usr/lib/jvm/java-8-openjdk-amd64/jre/lib/amd64/libprism_es2.so
7f852fb67000-7f852fd66000 ---p 0000c000 08:08 1717405                    /usr/lib/jvm/java-8-openjdk-amd64/jre/lib/amd64/libprism_es2.so
7f852fd66000-7f852fd67000 r--p 0000b000 08:08 1717405                    /usr/lib/jvm/java-8-openjdk-amd64/jre/lib/amd64/libprism_es2.so
7f852fd67000-7f852fd68000 rw-p 0000c000 08:08 1717405                    /usr/lib/jvm/java-8-openjdk-amd64/jre/lib/amd64/libprism_es2.so
7f852fd68000-7f852fd6b000 ---p 00000000 00:00 0 
7f852fd6b000-7f852fe69000 rw-p 00000000 00:00 0 
7f852fe69000-7f852feff000 r--s 007ce000 08:08 2654625                    /usr/share/java/openjfx/jre/lib/ext/jfxrt.jar
7f852feff000-7f852ff00000 ---p 00000000 00:00 0 
7f852ff00000-7f8530000000 rw-p 00000000 00:00 0 
7f8530000000-7f8530021000 rw-p 00000000 00:00 0 
7f8530021000-7f8534000000 ---p 00000000 00:00 0 
7f8534000000-7f853425d000 rw-p 00000000 00:00 0 
7f853425d000-7f8538000000 ---p 00000000 00:00 0 
7f8538000000-7f8538021000 rw-p 00000000 00:00 0 
7f8538021000-7f853c000000 ---p 00000000 00:00 0 
7f853c000000-7f853c021000 rw-p 00000000 00:00 0 
7f853c021000-7f8540000000 ---p 00000000 00:00 0 
7f8540000000-7f8540021000 rw-p 00000000 00:00 0 
7f8540021000-7f8544000000 ---p 00000000 00:00 0 
7f8544000000-7f8544021000 rw-p 00000000 00:00 0 
7f8544021000-7f8548000000 ---p 00000000 00:00 0 
7f8548000000-7f8548021000 rw-p 00000000 00:00 0 
7f8548021000-7f854c000000 ---p 00000000 00:00 0 
7f854c000000-7f854c001000 rw-s 10466e000 00:06 344                       /dev/dri/card0
7f854c001000-7f854c003000 r--s 00000000 08:08 1590387                    /var/cache/fontconfig/4bb17da730f63117fed329ee42a5d05e-le64.cache-4
7f854c003000-7f854c009000 r--s 00000000 08:08 1572928                    /var/cache/fontconfig/3047814df9a2f067bd2d96a2b9c36e5a-le64.cache-4
7f854c009000-7f854c015000 r--s 00000000 08:08 1586852                    /var/cache/fontconfig/d589a48862398ed80a3d6066f4f56f4c-le64.cache-4
7f854c015000-7f854c018000 r--s 00000000 08:08 1572923                    /var/cache/fontconfig/47e67d79d01846c7b6efd6b4f03a6092-le64.cache-4
7f854c018000-7f854c02a000 r--s 00000000 08:08 1572910                    /var/cache/fontconfig/9b89f8e3dae116d678bbf48e5f21f69b-le64.cache-4
7f854c02a000-7f854c02d000 r--s 00000000 08:08 1590385                    /var/cache/fontconfig/bf6ddb0059d58ea573e04b43f868001f-le64.cache-4
7f854c02d000-7f854c030000 r--s 00000000 08:08 1572931                    /var/cache/fontconfig/e13b20fdb08344e0e664864cc2ede53d-le64.cache-4
7f854c030000-7f854c035000 r--s 002f9000 08:08 1715168                    /usr/lib/jvm/java-8-openjdk-amd64/jre/lib/charsets.jar
7f854c035000-7f854c03a000 r--s 0009d000 08:08 1715201                    /usr/lib/jvm/java-8-openjdk-amd64/jre/lib/jsse.jar
7f854c03a000-7f854c052000 r--s 0021f000 08:09 14421222                   /home/atomx/eclipse-workspace/Library/lib/mysql-connector-java-8.0.17.jar
7f854c052000-7f854c056000 rw-s 00000000 00:18 1861                       /i915 (deleted)
7f854c056000-7f854c05b000 rw-s 00000000 00:18 1860                       /i915 (deleted)
7f854c05b000-7f854c05f000 rw-s 00000000 00:18 1863                       /i915 (deleted)
7f854c05f000-7f854c07a000 r--s 001d6000 08:08 1715183                    /usr/lib/jvm/java-8-openjdk-amd64/jre/lib/ext/nashorn.jar
7f854c07a000-7f854c095000 r--s 00394000 08:08 1715178                    /usr/lib/jvm/java-8-openjdk-amd64/jre/lib/ext/cldrdata.jar
7f854c095000-7f854c098000 ---p 00000000 00:00 0 
7f854c098000-7f854c196000 rw-p 00000000 00:00 0 
7f854c196000-7f854c199000 ---p 00000000 00:00 0 
7f854c199000-7f854c297000 rw-p 00000000 00:00 0 
7f854c297000-7f854c29a000 ---p 00000000 00:00 0 
7f854c29a000-7f854c398000 rw-p 00000000 00:00 0 
7f854c398000-7f854c39b000 ---p 00000000 00:00 0 
7f854c39b000-7f854c499000 rw-p 00000000 00:00 0 
7f854c499000-7f854c634000 r--p 00000000 08:08 1711771                    /usr/lib/locale/locale-archive
7f854c634000-7f854c637000 ---p 00000000 00:00 0 
7f854c637000-7f854c735000 rw-p 00000000 00:00 0 
7f854c735000-7f854c738000 ---p 00000000 00:00 0 
7f854c738000-7f854c836000 rw-p 00000000 00:00 0 
7f854c836000-7f854c837000 ---p 00000000 00:00 0 
7f854c837000-7f8551000000 rw-p 00000000 00:00 0 
7f8551000000-7f85515c0000 rwxp 00000000 00:00 0 
7f85515c0000-7f8560000000 ---p 00000000 00:00 0 
7f8560000000-7f8560290000 rw-p 00000000 00:00 0 
7f8560290000-7f8564000000 ---p 00000000 00:00 0 
7f8564001000-7f8564002000 r--s 00000000 08:08 1572912                    /var/cache/fontconfig/16c2fda60d1b4b719f4b3d06fd951d25-le64.cache-4
7f8564002000-7f8564003000 r--s 00000000 08:08 1590384                    /var/cache/fontconfig/2736766d4907c6828b9382ebdbe3064b-le64.cache-4
7f8564003000-7f8564007000 rw-s 00000000 00:18 1846                       /i915 (deleted)
7f8564007000-7f856400c000 rw-s 00000000 00:18 1842                       /i915 (deleted)
7f856400c000-7f85641db000 r--s 03c33000 08:08 1715207                    /usr/lib/jvm/java-8-openjdk-amd64/jre/lib/rt.jar
7f85641db000-7f8564e24000 rw-p 00000000 00:00 0 
7f8564e24000-7f8564e25000 ---p 00000000 00:00 0 
7f8564e25000-7f8564f25000 rw-p 00000000 00:00 0 
7f8564f25000-7f8564f26000 ---p 00000000 00:00 0 
7f8564f26000-7f8565050000 rw-p 00000000 00:00 0 
7f8565050000-7f85652b3000 ---p 00000000 00:00 0 
7f85652b3000-7f85652dd000 rw-p 00000000 00:00 0 
7f85652dd000-7f856553f000 ---p 00000000 00:00 0 
7f856553f000-7f8565564000 rw-p 00000000 00:00 0 
7f8565564000-7f8565686000 ---p 00000000 00:00 0 
7f8565686000-7f856569e000 rw-p 00000000 00:00 0 
7f856569e000-7f8565a47000 ---p 00000000 00:00 0 
7f8565a47000-7f8565a4f000 r-xp 00000000 08:08 1715164                    /usr/lib/jvm/java-8-openjdk-amd64/jre/lib/amd64/libzip.so
7f8565a4f000-7f8565c4e000 ---p 00008000 08:08 1715164                    /usr/lib/jvm/java-8-openjdk-amd64/jre/lib/amd64/libzip.so
7f8565c4e000-7f8565c4f000 r--p 00007000 08:08 1715164                    /usr/lib/jvm/java-8-openjdk-amd64/jre/lib/amd64/libzip.so
7f8565c4f000-7f8565c50000 rw-p 00008000 08:08 1715164                    /usr/lib/jvm/java-8-openjdk-amd64/jre/lib/amd64/libzip.so
7f8565c50000-7f8565c5a000 r-xp 00000000 08:08 1974648                    /usr/lib/x86_64-linux-gnu/libnss_files-2.24.so
7f8565c5a000-7f8565e5a000 ---p 0000a000 08:08 1974648                    /usr/lib/x86_64-linux-gnu/libnss_files-2.24.so
7f8565e5a000-7f8565e5b000 r--p 0000a000 08:08 1974648                    /usr/lib/x86_64-linux-gnu/libnss_files-2.24.so
7f8565e5b000-7f8565e5c000 rw-p 0000b000 08:08 1974648                    /usr/lib/x86_64-linux-gnu/libnss_files-2.24.so
7f8565e5c000-7f8565e62000 rw-p 00000000 00:00 0 
7f8565e62000-7f8565e6d000 r-xp 00000000 08:08 1974654                    /usr/lib/x86_64-linux-gnu/libnss_nis-2.24.so
7f8565e6d000-7f856606c000 ---p 0000b000 08:08 1974654                    /usr/lib/x86_64-linux-gnu/libnss_nis-2.24.so
7f856606c000-7f856606d000 r--p 0000a000 08:08 1974654                    /usr/lib/x86_64-linux-gnu/libnss_nis-2.24.so
7f856606d000-7f856606e000 rw-p 0000b000 08:08 1974654                    /usr/lib/x86_64-linux-gnu/libnss_nis-2.24.so
7f856606e000-7f8566082000 r-xp 00000000 08:08 1974636                    /usr/lib/x86_64-linux-gnu/libnsl-2.24.so
7f8566082000-7f8566282000 ---p 00014000 08:08 1974636                    /usr/lib/x86_64-linux-gnu/libnsl-2.24.so
7f8566282000-7f8566283000 r--p 00014000 08:08 1974636                    /usr/lib/x86_64-linux-gnu/libnsl-2.24.so
7f8566283000-7f8566284000 rw-p 00015000 08:08 1974636                    /usr/lib/x86_64-linux-gnu/libnsl-2.24.so
7f8566284000-7f8566286000 rw-p 00000000 00:00 0 
7f8566286000-7f856628d000 r-xp 00000000 08:08 1974642                    /usr/lib/x86_64-linux-gnu/libnss_compat-2.24.so
7f856628d000-7f856648c000 ---p 00007000 08:08 1974642                    /usr/lib/x86_64-linux-gnu/libnss_compat-2.24.so
7f856648c000-7f856648d000 r--p 00006000 08:08 1974642                    /usr/lib/x86_64-linux-gnu/libnss_compat-2.24.so
7f856648d000-7f856648e000 rw-p 00007000 08:08 1974642                    /usr/lib/x86_64-linux-gnu/libnss_compat-2.24.so
7f856648e000-7f85664bb000 r-xp 00000000 08:08 1715145                    /usr/lib/jvm/java-8-openjdk-amd64/jre/lib/amd64/libjava.so
7f85664bb000-7f85666bb000 ---p 0002d000 08:08 1715145                    /usr/lib/jvm/java-8-openjdk-amd64/jre/lib/amd64/libjava.so
7f85666bb000-7f85666bc000 r--p 0002d000 08:08 1715145                    /usr/lib/jvm/java-8-openjdk-amd64/jre/lib/amd64/libjava.so
7f85666bc000-7f85666be000 rw-p 0002e000 08:08 1715145                    /usr/lib/jvm/java-8-openjdk-amd64/jre/lib/amd64/libjava.so
7f85666be000-7f85666cd000 r-xp 00000000 08:08 1715163                    /usr/lib/jvm/java-8-openjdk-amd64/jre/lib/amd64/libverify.so
7f85666cd000-7f85668cd000 ---p 0000f000 08:08 1715163                    /usr/lib/jvm/java-8-openjdk-amd64/jre/lib/amd64/libverify.so
7f85668cd000-7f85668cf000 r--p 0000f000 08:08 1715163                    /usr/lib/jvm/java-8-openjdk-amd64/jre/lib/amd64/libverify.so
7f85668cf000-7f85668d0000 rw-p 00011000 08:08 1715163                    /usr/lib/jvm/java-8-openjdk-amd64/jre/lib/amd64/libverify.so
7f85668d0000-7f85668d7000 r-xp 00000000 08:08 1974898                    /usr/lib/x86_64-linux-gnu/librt-2.24.so
7f85668d7000-7f8566ad6000 ---p 00007000 08:08 1974898                    /usr/lib/x86_64-linux-gnu/librt-2.24.so
7f8566ad6000-7f8566ad7000 r--p 00006000 08:08 1974898                    /usr/lib/x86_64-linux-gnu/librt-2.24.so
7f8566ad7000-7f8566ad8000 rw-p 00007000 08:08 1974898                    /usr/lib/x86_64-linux-gnu/librt-2.24.so
7f8566ad8000-7f8566aee000 r-xp 00000000 08:08 1974006                    /usr/lib/x86_64-linux-gnu/libgcc_s.so.1
7f8566aee000-7f8566ced000 ---p 00016000 08:08 1974006                    /usr/lib/x86_64-linux-gnu/libgcc_s.so.1
7f8566ced000-7f8566cee000 r--p 00015000 08:08 1974006                    /usr/lib/x86_64-linux-gnu/libgcc_s.so.1
7f8566cee000-7f8566cef000 rw-p 00016000 08:08 1974006                    /usr/lib/x86_64-linux-gnu/libgcc_s.so.1
7f8566cef000-7f8566df2000 r-xp 00000000 08:08 1974512                    /usr/lib/x86_64-linux-gnu/libm-2.24.so
7f8566df2000-7f8566ff1000 ---p 00103000 08:08 1974512                    /usr/lib/x86_64-linux-gnu/libm-2.24.so
7f8566ff1000-7f8566ff2000 r--p 00102000 08:08 1974512                    /usr/lib/x86_64-linux-gnu/libm-2.24.so
7f8566ff2000-7f8566ff3000 rw-p 00103000 08:08 1974512                    /usr/lib/x86_64-linux-gnu/libm-2.24.so
7f8566ff3000-7f8567165000 r-xp 00000000 08:08 1975001                    /usr/lib/x86_64-linux-gnu/libstdc++.so.6.0.22
7f8567165000-7f8567365000 ---p 00172000 08:08 1975001                    /usr/lib/x86_64-linux-gnu/libstdc++.so.6.0.22
7f8567365000-7f856736f000 r--p 00172000 08:08 1975001                    /usr/lib/x86_64-linux-gnu/libstdc++.so.6.0.22
7f856736f000-7f8567371000 rw-p 0017c000 08:08 1975001                    /usr/lib/x86_64-linux-gnu/libstdc++.so.6.0.22
7f8567371000-7f8567375000 rw-p 00000000 00:00 0 
7f8567375000-7f8567fd4000 r-xp 00000000 08:08 1715167                    /usr/lib/jvm/java-8-openjdk-amd64/jre/lib/amd64/server/libjvm.so
7f8567fd4000-7f85681d3000 ---p 00c5f000 08:08 1715167                    /usr/lib/jvm/java-8-openjdk-amd64/jre/lib/amd64/server/libjvm.so
7f85681d3000-7f8568267000 r--p 00c5e000 08:08 1715167                    /usr/lib/jvm/java-8-openjdk-amd64/jre/lib/amd64/server/libjvm.so
7f8568267000-7f8568290000 rw-p 00cf2000 08:08 1715167                    /usr/lib/jvm/java-8-openjdk-amd64/jre/lib/amd64/server/libjvm.so
7f8568290000-7f85682c0000 rw-p 00000000 00:00 0 
7f85682c0000-7f8568455000 r-xp 00000000 08:08 1973682                    /usr/lib/x86_64-linux-gnu/libc-2.24.so
7f8568455000-7f8568655000 ---p 00195000 08:08 1973682                    /usr/lib/x86_64-linux-gnu/libc-2.24.so
7f8568655000-7f8568659000 r--p 00195000 08:08 1973682                    /usr/lib/x86_64-linux-gnu/libc-2.24.so
7f8568659000-7f856865b000 rw-p 00199000 08:08 1973682                    /usr/lib/x86_64-linux-gnu/libc-2.24.so
7f856865b000-7f856865f000 rw-p 00000000 00:00 0 
7f856865f000-7f8568662000 r-xp 00000000 08:08 1973821                    /usr/lib/x86_64-linux-gnu/libdl-2.24.so
7f8568662000-7f8568861000 ---p 00003000 08:08 1973821                    /usr/lib/x86_64-linux-gnu/libdl-2.24.so
7f8568861000-7f8568862000 r--p 00002000 08:08 1973821                    /usr/lib/x86_64-linux-gnu/libdl-2.24.so
7f8568862000-7f8568863000 rw-p 00003000 08:08 1973821                    /usr/lib/x86_64-linux-gnu/libdl-2.24.so
7f8568863000-7f8568870000 r-xp 00000000 08:08 1715131                    /usr/lib/jvm/java-8-openjdk-amd64/jre/lib/amd64/jli/libjli.so
7f8568870000-7f8568a70000 ---p 0000d000 08:08 1715131                    /usr/lib/jvm/java-8-openjdk-amd64/jre/lib/amd64/jli/libjli.so
7f8568a70000-7f8568a71000 r--p 0000d000 08:08 1715131                    /usr/lib/jvm/java-8-openjdk-amd64/jre/lib/amd64/jli/libjli.so
7f8568a71000-7f8568a72000 rw-p 0000e000 08:08 1715131                    /usr/lib/jvm/java-8-openjdk-amd64/jre/lib/amd64/jli/libjli.so
7f8568a72000-7f8568a8b000 r-xp 00000000 08:08 1975262                    /usr/lib/x86_64-linux-gnu/libz.so.1.2.8
7f8568a8b000-7f8568c8a000 ---p 00019000 08:08 1975262                    /usr/lib/x86_64-linux-gnu/libz.so.1.2.8
7f8568c8a000-7f8568c8b000 r--p 00018000 08:08 1975262                    /usr/lib/x86_64-linux-gnu/libz.so.1.2.8
7f8568c8b000-7f8568c8c000 rw-p 00019000 08:08 1975262                    /usr/lib/x86_64-linux-gnu/libz.so.1.2.8
7f8568c8c000-7f8568ca4000 r-xp 00000000 08:08 1974838                    /usr/lib/x86_64-linux-gnu/libpthread-2.24.so
7f8568ca4000-7f8568ea3000 ---p 00018000 08:08 1974838                    /usr/lib/x86_64-linux-gnu/libpthread-2.24.so
7f8568ea3000-7f8568ea4000 r--p 00017000 08:08 1974838                    /usr/lib/x86_64-linux-gnu/libpthread-2.24.so
7f8568ea4000-7f8568ea5000 rw-p 00018000 08:08 1974838                    /usr/lib/x86_64-linux-gnu/libpthread-2.24.so
7f8568ea5000-7f8568ea9000 rw-p 00000000 00:00 0 
7f8568ea9000-7f8568ecc000 r-xp 00000000 08:08 1973230                    /usr/lib/x86_64-linux-gnu/ld-2.24.so
7f8568ecc000-7f8568ecd000 r--s 00008000 08:09 13369446                   /home/atomx/.eclipse/org.eclipse.platform_4.12.0_1473617060_linux_gtk_x86_64/plugins/org.eclipse.fx.ide.css.jfx8_3.5.0.201902220800.jar
7f8568ece000-7f8568ecf000 rwxp 00000000 00:00 0 
7f8568ecf000-7f8568ed3000 rw-s 00000000 00:18 1848                       /i915 (deleted)
7f8568ed3000-7f8568ed6000 r--s 0000f000 08:08 1715180                    /usr/lib/jvm/java-8-openjdk-amd64/jre/lib/ext/icedtea-sound.jar
7f8568ed6000-7f8568ed8000 r--s 00001000 08:08 1715179                    /usr/lib/jvm/java-8-openjdk-amd64/jre/lib/ext/dnsns.jar
7f8568ed8000-7f8568eda000 r--s 00008000 08:08 1715184                    /usr/lib/jvm/java-8-openjdk-amd64/jre/lib/ext/sunec.jar
7f8568eda000-7f8568ee0000 r--s 0003b000 08:08 1715185                    /usr/lib/jvm/java-8-openjdk-amd64/jre/lib/ext/sunjce_provider.jar
7f8568ee0000-7f8568ee2000 r--s 00007000 08:08 2654545                    /usr/share/java/java-atk-wrapper.jar
7f8568ee2000-7f8568fad000 rw-p 00000000 00:00 0 
7f8568fad000-7f8568fb0000 ---p 00000000 00:00 0 
7f8568fb0000-7f85690b0000 rw-p 00000000 00:00 0 
7f85690b0000-7f85690b1000 r--s 00010000 08:08 1715187                    /usr/lib/jvm/java-8-openjdk-amd64/jre/lib/ext/zipfs.jar
7f85690b1000-7f85690b2000 r--s 0000a000 08:08 1715181                    /usr/lib/jvm/java-8-openjdk-amd64/jre/lib/ext/jaccess.jar
7f85690b2000-7f85690b5000 r--s 00038000 08:08 1715186                    /usr/lib/jvm/java-8-openjdk-amd64/jre/lib/ext/sunpkcs11.jar
7f85690b5000-7f85690bf000 r--s 00116000 08:08 1715182                    /usr/lib/jvm/java-8-openjdk-amd64/jre/lib/ext/localedata.jar
7f85690bf000-7f85690c7000 rw-s 00000000 08:08 2116000                    /tmp/hsperfdata_atomx/23203
7f85690c7000-7f85690c8000 rw-p 00000000 00:00 0 
7f85690c8000-7f85690c9000 r--p 00000000 00:00 0 
7f85690c9000-7f85690cc000 rw-p 00000000 00:00 0 
7f85690cc000-7f85690cd000 r--p 00023000 08:08 1973230                    /usr/lib/x86_64-linux-gnu/ld-2.24.so
7f85690cd000-7f85690ce000 rw-p 00024000 08:08 1973230                    /usr/lib/x86_64-linux-gnu/ld-2.24.so
7f85690ce000-7f85690cf000 rw-p 00000000 00:00 0 
7fffaaf23000-7fffaaf44000 rw-p 00000000 00:00 0                          [stack]
7fffaafa5000-7fffaafa8000 r--p 00000000 00:00 0                          [vvar]
7fffaafa8000-7fffaafaa000 r-xp 00000000 00:00 0                          [vdso]
ffffffffff600000-ffffffffff601000 r-xp 00000000 00:00 0                  [vsyscall]

VM Arguments:
jvm_args: -Dfile.encoding=UTF-8 
java_command: application.Main
java_class_path (initial): /home/atomx/eclipse-workspace/Library/bin:/home/atomx/.eclipse/org.eclipse.platform_4.12.0_1473617060_linux_gtk_x86_64/plugins/org.eclipse.fx.ide.css.jfx8_3.5.0.201902220800.jar:/home/atomx/eclipse-workspace/Library/lib/jfxrt.jar:/home/atomx/eclipse-workspace/Library/lib/mysql-connector-java-8.0.17.jar
Launcher Type: SUN_STANDARD

Environment Variables:
PATH=/usr/local/bin:/usr/bin:/bin:/usr/local/games:/usr/games:/sbin:/usr/sbin
SHELL=/bin/bash
DISPLAY=:0

Signal Handlers:
SIGSEGV: [libjvm.so+0xa74b40], sa_mask[0]=11111111011111111101111111111110, sa_flags=SA_RESTART|SA_SIGINFO
SIGBUS: [libjvm.so+0xa74b40], sa_mask[0]=11111111011111111101111111111110, sa_flags=SA_RESTART|SA_SIGINFO
SIGFPE: [libjvm.so+0x8bd510], sa_mask[0]=11111111011111111101111111111110, sa_flags=SA_RESTART|SA_SIGINFO
SIGPIPE: SIG_IGN, sa_mask[0]=00000000000010000000000000000000, sa_flags=SA_RESTART
SIGXFSZ: [libjvm.so+0x8bd510], sa_mask[0]=11111111011111111101111111111110, sa_flags=SA_RESTART|SA_SIGINFO
SIGILL: [libjvm.so+0x8bd510], sa_mask[0]=11111111011111111101111111111110, sa_flags=SA_RESTART|SA_SIGINFO
SIGUSR1: SIG_DFL, sa_mask[0]=00000000000000000000000000000000, sa_flags=none
SIGUSR2: [libjvm.so+0x8bd3c0], sa_mask[0]=00100000000000000000000000000000, sa_flags=SA_RESTART|SA_SIGINFO
SIGHUP: SIG_IGN, sa_mask[0]=00000000000000000000000000000000, sa_flags=none
SIGINT: [libjvm.so+0x8bd870], sa_mask[0]=11111111011111111101111111111110, sa_flags=SA_RESTART|SA_SIGINFO
SIGTERM: [libjvm.so+0x8bd870], sa_mask[0]=11111111011111111101111111111110, sa_flags=SA_RESTART|SA_SIGINFO
SIGQUIT: [libjvm.so+0x8bd870], sa_mask[0]=11111111011111111101111111111110, sa_flags=SA_RESTART|SA_SIGINFO


---------------  S Y S T E M  ---------------

OS:DISTRIB_ID=Deepin
DISTRIB_RELEASE="15.11"
DISTRIB_DESCRIPTION="Deepin 15.11 "
DISTRIB_CODENAME=stable

uname:Linux 4.15.0-30deepin-generic #31 SMP Fri Nov 30 04:29:02 UTC 2018 x86_64
libc:glibc 2.24 NPTL 2.24 
rlimit: STACK 8192k, CORE 0k, NPROC 30921, NOFILE 1048576, AS infinity
load average:0.91 1.02 1.08

/proc/meminfo:
MemTotal:        8018944 kB
MemFree:          822344 kB
MemAvailable:    3358536 kB
Buffers:          385964 kB
Cached:          2639336 kB
SwapCached:            0 kB
Active:          4664320 kB
Inactive:        1575420 kB
Active(anon):    3215912 kB
Inactive(anon):   378452 kB
Active(file):    1448408 kB
Inactive(file):  1196968 kB
Unevictable:          96 kB
Mlocked:              96 kB
SwapTotal:       2097148 kB
SwapFree:        2097148 kB
Dirty:               748 kB
Writeback:             0 kB
AnonPages:       3214384 kB
Mapped:          1154636 kB
Shmem:            379936 kB
Slab:             277020 kB
SReclaimable:     200880 kB
SUnreclaim:        76140 kB
KernelStack:       14720 kB
PageTables:        55772 kB
NFS_Unstable:          0 kB
Bounce:                0 kB
WritebackTmp:          0 kB
CommitLimit:     6106620 kB
Committed_AS:   10573424 kB
VmallocTotal:   34359738367 kB
VmallocUsed:           0 kB
VmallocChunk:          0 kB
HardwareCorrupted:     0 kB
AnonHugePages:      2048 kB
ShmemHugePages:        0 kB
ShmemPmdMapped:        0 kB
CmaTotal:              0 kB
CmaFree:               0 kB
HugePages_Total:       0
HugePages_Free:        0
HugePages_Rsvd:        0
HugePages_Surp:        0
Hugepagesize:       2048 kB
DirectMap4k:      437180 kB
DirectMap2M:     7800832 kB


CPU:total 2 (initial active 2) (2 cores per cpu, 1 threads per core) family 6 model 76 stepping 4, cmov, cx8, fxsr, mmx, sse, sse2, sse3, ssse3, sse4.1, sse4.2, popcnt, aes, clmul, erms, 3dnowpref, tsc, tscinvbit

/proc/cpuinfo:
processor	: 0
vendor_id	: GenuineIntel
cpu family	: 6
model		: 76
model name	: Intel(R) Celeron(R) CPU  N3010  @ 1.04GHz
stepping	: 4
microcode	: 0x404
cpu MHz		: 2108.828
cache size	: 1024 KB
physical id	: 0
siblings	: 2
core id		: 0
cpu cores	: 2
apicid		: 0
initial apicid	: 0
fpu		: yes
fpu_exception	: yes
cpuid level	: 11
wp		: yes
flags		: fpu vme de pse tsc msr pae mce cx8 apic sep mtrr pge mca cmov pat pse36 clflush dts acpi mmx fxsr sse sse2 ss ht tm pbe syscall nx rdtscp lm constant_tsc arch_perfmon pebs bts rep_good nopl xtopology tsc_reliable nonstop_tsc cpuid aperfmperf tsc_known_freq pni pclmulqdq dtes64 monitor ds_cpl vmx est tm2 ssse3 cx16 xtpr pdcm sse4_1 sse4_2 movbe popcnt tsc_deadline_timer aes rdrand lahf_lm 3dnowprefetch epb pti tpr_shadow vnmi flexpriority ept vpid tsc_adjust smep erms dtherm ida arat
bugs		: cpu_meltdown spectre_v1 spectre_v2
bogomips	: 2080.00
clflush size	: 64
cache_alignment	: 64
address sizes	: 36 bits physical, 48 bits virtual
power management:

processor	: 1
vendor_id	: GenuineIntel
cpu family	: 6
model		: 76
model name	: Intel(R) Celeron(R) CPU  N3010  @ 1.04GHz
stepping	: 4
microcode	: 0x404
cpu MHz		: 2240.000
cache size	: 1024 KB
physical id	: 0
siblings	: 2
core id		: 2
cpu cores	: 2
apicid		: 4
initial apicid	: 4
fpu		: yes
fpu_exception	: yes
cpuid level	: 11
wp		: yes
flags		: fpu vme de pse tsc msr pae mce cx8 apic sep mtrr pge mca cmov pat pse36 clflush dts acpi mmx fxsr sse sse2 ss ht tm pbe syscall nx rdtscp lm constant_tsc arch_perfmon pebs bts rep_good nopl xtopology tsc_reliable nonstop_tsc cpuid aperfmperf tsc_known_freq pni pclmulqdq dtes64 monitor ds_cpl vmx est tm2 ssse3 cx16 xtpr pdcm sse4_1 sse4_2 movbe popcnt tsc_deadline_timer aes rdrand lahf_lm 3dnowprefetch epb pti tpr_shadow vnmi flexpriority ept vpid tsc_adjust smep erms dtherm ida arat
bugs		: cpu_meltdown spectre_v1 spectre_v2
bogomips	: 2080.00
clflush size	: 64
cache_alignment	: 64
address sizes	: 36 bits physical, 48 bits virtual
power management:



Memory: 4k page, physical 8018944k(822344k free), swap 2097148k(2097148k free)

vm_info: OpenJDK 64-Bit Server VM (25.181-b13) for linux-amd64 JRE (1.8.0_181-8u181-b13-2~deb9u1-b13), built on Oct 22 2018 18:05:23 by "pbuilder" with gcc 6.3.0 20170516

time: Sat Aug 31 14:09:04 2019
elapsed time: 13 seconds (0d 0h 0m 13s)

