#
# A fatal error has been detected by the Java Runtime Environment:
#
#  SIGSEGV (0xb) at pc=0x00007fc0da56f07d, pid=29890, tid=0x00007fc0878ff700
#
# JRE version: OpenJDK Runtime Environment (8.0_181-b13) (build 1.8.0_181-8u181-b13-2~deb9u1-b13)
# Java VM: OpenJDK 64-Bit Server VM (25.181-b13 mixed mode linux-amd64 compressed oops)
# Problematic frame:
# V  [libjvm.so+0x68107d]
#
# Failed to write core dump. Core dumps have been disabled. To enable core dumping, try "ulimit -c unlimited" before starting Java again
#
# If you would like to submit a bug report, please visit:
#   http://bugreport.java.com/bugreport/crash.jsp
#

---------------  T H R E A D  ---------------

Current thread (0x00007fc0d426b000):  JavaThread "JavaFX Application Thread" [_thread_in_vm, id=29913, stack(0x00007fc0877ff000,0x00007fc087900000)]

siginfo: si_signo: 11 (SIGSEGV), si_code: 128 (SI_KERNEL), si_addr: 0x0000000000000000

Registers:
RAX=0x0000000000000000, RBX=0x00007fc0d426b000, RCX=0x00007fc0d42265b8, RDX=0x662e776569566b6f
RSP=0x00007fc0878fe230, RBP=0x00007fc0878fe3b0, RSI=0x00007fc0878fe3d0, RDI=0x00007fc0d426b1e0
R8 =0x00007fc0878fe400, R9 =0x00007fc0d426b000, R10=0x00007fc078000bd0, R11=0x00007fc0c55749c0
R12=0x00007fc0d426b1e0, R13=0x00007fc0d426b000, R14=0x00007fc0878fe490, R15=0x662e776569566b6f
RIP=0x00007fc0da56f07d, EFLAGS=0x0000000000010206, CSGSFS=0x002b000000000033, ERR=0x0000000000000000
  TRAPNO=0x000000000000000d

Top of Stack: (sp=0x00007fc0878fe230)
0x00007fc0878fe230:   00007fc0878fe340 00007fc0da5561d3
0x00007fc0878fe240:   00007fc0bfd8cfe0 00007fc0878fe280
0x00007fc0878fe250:   00007fc00000000e 00007fc0d426b1e0
0x00007fc0878fe260:   00007fc0878fe270 00007fc0878fe3d0
0x00007fc0878fe270:   00007fc0bfcf0cc0 00007fc0d426b000
0x00007fc0878fe280:   00007fc0bfcf0cc0 00007fc0d426b000
0x00007fc0878fe290:   00007fc0d426aae0 00007fc09c011e50
0x00007fc0878fe2a0:   00007fc09c011e60 00007fc09c012238
0x00007fc0878fe2b0:   00000000000003d8 00007fc0d426ab20
0x00007fc0878fe2c0:   00007fc0bfcf0cc0 00007fc0d426b000
0x00007fc0878fe2d0:   00000000bfce6c30 00000000d90393a8
0x00007fc0878fe2e0:   0000000000000000 00007fc0c5017e1b
0x00007fc0878fe2f0:   00007fc0bfcf0cc0 00007fc0d426b000
0x00007fc0878fe300:   0000000000000000 00000000d9082790
0x00007fc0878fe310:   00007fc00000006f 00007fc00000000a
0x00007fc0878fe320:   00000000da36f1b8 00007fc000000000
0x00007fc0878fe330:   00007fc0878fe420 00007fc0878fe3e0
0x00007fc0878fe340:   00007fc0878fe4d0 0000000100000180
0x00007fc0878fe350:   0000000000000002 00007fc0878fe308
0x00007fc0878fe360:   00007fc0878fe349 0000000800000005
0x00007fc0878fe370:   00007fc000000000 f3966355fddbfe00
0x00007fc0878fe380:   00007fc0878fe390 00007fc0d426b000
0x00007fc0878fe390:   00007fc0d426b1e0 00007fc0d42265b8
0x00007fc0878fe3a0:   00007fc0878fe490 662e776569566b6f
0x00007fc0878fe3b0:   00007fc0878fe480 00007fc0da5726aa
0x00007fc0878fe3c0:   00007fc0784f6440 00007fc0878fe400
0x00007fc0878fe3d0:   000000000000000e 00007fc000000000
0x00007fc0878fe3e0:   00007fc0d426b000 0000000000000000
0x00007fc0878fe3f0:   0000000000000067 f3966355fddbfe00
0x00007fc0878fe400:   00007fc0dad58938 00007fc0dba827e0
0x00007fc0878fe410:   00000000d424b4a0 00007fc000000063
0x00007fc0878fe420:   0000000000000000 0000003000000018 

Instructions: (pc=0x00007fc0da56f07d)
0x00007fc0da56f05d:   ff 48 89 b5 b8 fe ff ff 64 48 8b 04 25 28 00 00
0x00007fc0da56f06d:   00 48 89 45 c8 31 c0 48 85 d2 0f 84 3b 03 00 00
0x00007fc0da56f07d:   4c 8b 32 4d 85 f6 0f 84 2f 03 00 00 49 8b b9 20
0x00007fc0da56f08d:   01 00 00 48 89 cb 4d 89 c4 e8 f5 4c ff ff 4c 89 

Register to memory mapping:

RAX=0x0000000000000000 is an unknown value
RBX=0x00007fc0d426b000 is a thread
RCX=0x00007fc0d42265b8 is an unknown value
RDX=0x662e776569566b6f is an unknown value
RSP=0x00007fc0878fe230 is pointing into the stack for thread: 0x00007fc0d426b000
RBP=0x00007fc0878fe3b0 is pointing into the stack for thread: 0x00007fc0d426b000
RSI=0x00007fc0878fe3d0 is pointing into the stack for thread: 0x00007fc0d426b000
RDI=0x00007fc0d426b1e0 is an unknown value
R8 =0x00007fc0878fe400 is pointing into the stack for thread: 0x00007fc0d426b000
R9 =0x00007fc0d426b000 is a thread
R10=0x00007fc078000bd0 is an unknown value
R11=0x00007fc0c55749c0 is at entry_point+32 in (nmethod*)0x00007fc0c5574850
R12=0x00007fc0d426b1e0 is an unknown value
R13=0x00007fc0d426b000 is a thread
R14=0x00007fc0878fe490 is pointing into the stack for thread: 0x00007fc0d426b000
R15=0x662e776569566b6f is an unknown value


Stack: [0x00007fc0877ff000,0x00007fc087900000],  sp=0x00007fc0878fe230,  free space=1020k
Native frames: (J=compiled Java code, j=interpreted, Vv=VM code, C=native code)
V  [libjvm.so+0x68107d]
V  [libjvm.so+0x6846aa]
C  [libglass.so+0x12d33]  JNIEnv_::CallVoidMethod(_jobject*, _jmethodID*, ...)+0x93
C  [libglass.so+0x1ccf6]  WindowContextBase::process_key(_GdkEventKey*)+0x226
C  [libglass.so+0x1a9c0]  WindowContextBase::im_filter_keypress(_GdkEventKey*)+0x1f0
C  [libglass.so+0x23094]
C  [libgdk-x11-2.0.so.0+0x5acbc]

Java frames: (J=compiled Java code, j=interpreted, Vv=VM code)
j  com.sun.glass.ui.gtk.GtkApplication._runLoop(Ljava/lang/Runnable;Z)V+0
j  com.sun.glass.ui.gtk.GtkApplication.lambda$null$5(Ljava/lang/Runnable;Z)V+7
j  com.sun.glass.ui.gtk.GtkApplication$$Lambda$41.run()V+12
j  java.lang.Thread.run()V+11
v  ~StubRoutines::call_stub

---------------  P R O C E S S  ---------------

Java Threads: ( => current thread )
  0x00007fc0783f9800 JavaThread "Prism Font Disposer" daemon [_thread_blocked, id=29920, stack(0x00007fc08523d000,0x00007fc08533e000)]
  0x00007fc07809f000 JavaThread "mysql-cj-abandoned-connection-cleanup" daemon [_thread_blocked, id=29916, stack(0x00007fc086cbb000,0x00007fc086dbc000)]
  0x00007fc0d4272800 JavaThread "JavaFX-Launcher" [_thread_blocked, id=29915, stack(0x00007fc086dbc000,0x00007fc086ebd000)]
=>0x00007fc0d426b000 JavaThread "JavaFX Application Thread" [_thread_in_vm, id=29913, stack(0x00007fc0877ff000,0x00007fc087900000)]
  0x00007fc0d4267000 JavaThread "Thread-1" daemon [_thread_blocked, id=29912, stack(0x00007fc0900a7000,0x00007fc0901a8000)]
  0x00007fc0d4218800 JavaThread "QuantumRenderer-0" daemon [_thread_blocked, id=29910, stack(0x00007fc0be655000,0x00007fc0be756000)]
  0x00007fc0d40c4000 JavaThread "Service Thread" daemon [_thread_blocked, id=29905, stack(0x00007fc0be857000,0x00007fc0be958000)]
  0x00007fc0d40b7000 JavaThread "C1 CompilerThread1" daemon [_thread_in_native, id=29904, stack(0x00007fc0be958000,0x00007fc0bea59000)]
  0x00007fc0d40b4000 JavaThread "C2 CompilerThread0" daemon [_thread_in_native, id=29903, stack(0x00007fc0bea59000,0x00007fc0beb5a000)]
  0x00007fc0d40b2800 JavaThread "Signal Dispatcher" daemon [_thread_blocked, id=29902, stack(0x00007fc0beb5a000,0x00007fc0bec5b000)]
  0x00007fc0d4080000 JavaThread "Finalizer" daemon [_thread_blocked, id=29901, stack(0x00007fc0bedf6000,0x00007fc0beef7000)]
  0x00007fc0d407d800 JavaThread "Reference Handler" daemon [_thread_blocked, id=29900, stack(0x00007fc0beef7000,0x00007fc0beff8000)]
  0x00007fc0d400a800 JavaThread "main" [_thread_blocked, id=29895, stack(0x00007fc0dbb26000,0x00007fc0dbc27000)]

Other Threads:
  0x00007fc0d4074000 VMThread [stack: 0x00007fc0beff8000,0x00007fc0bf0f9000] [id=29899]
  0x00007fc0d40c6000 WatcherThread [stack: 0x00007fc0be756000,0x00007fc0be857000] [id=29907]

VM state:not at safepoint (normal execution)

VM Mutex/Monitor currently owned by a thread: None

Heap:
 PSYoungGen      total 68608K, used 57865K [0x00000000d7380000, 0x00000000dbb80000, 0x0000000100000000)
  eden space 63488K, 83% used [0x00000000d7380000,0x00000000da7096d0,0x00000000db180000)
  from space 5120K, 99% used [0x00000000db680000,0x00000000dbb79000,0x00000000dbb80000)
  to   space 5120K, 0% used [0x00000000db180000,0x00000000db180000,0x00000000db680000)
 ParOldGen       total 84992K, used 2856K [0x0000000085a00000, 0x000000008ad00000, 0x00000000d7380000)
  object space 84992K, 3% used [0x0000000085a00000,0x0000000085cca060,0x000000008ad00000)
 Metaspace       used 19579K, capacity 20316K, committed 20608K, reserved 1067008K
  class space    used 2637K, capacity 2833K, committed 2944K, reserved 1048576K

Card table byte_map: [0x00007fc0c4c2c000,0x00007fc0c5000000] byte_map_base: 0x00007fc0c47ff000

Marking Bits: (ParMarkBitMap*) 0x00007fc0dae1c3a0
 Begin Bits: [0x00007fc0b8b6e000, 0x00007fc0baa06000)
 End Bits:   [0x00007fc0baa06000, 0x00007fc0bc89e000)

Polling page: 0x00007fc0dbc41000

CodeCache: size=245760Kb used=5800Kb max_used=5800Kb free=239959Kb
 bounds [0x00007fc0c5000000, 0x00007fc0c55b0000, 0x00007fc0d4000000]
 total_blobs=2633 nmethods=1940 adapters=608
 compilation: enabled

Compilation events (10 events):
Event: 13.823 Thread 0x00007fc0d40b7000 nmethod 1938 0x00007fc0c55a9650 code [0x00007fc0c55a98e0, 0x00007fc0c55aa7c8]
Event: 13.823 Thread 0x00007fc0d40b7000 1943       3       java.lang.StrictMath::floorOrCeil (128 bytes)
Event: 13.823 Thread 0x00007fc0d40b7000 nmethod 1943 0x00007fc0c55ab0d0 code [0x00007fc0c55ab260, 0x00007fc0c55ab6f0]
Event: 13.823 Thread 0x00007fc0d40b7000 1940       3       java.lang.CharacterDataLatin1::isIdeographic (19 bytes)
Event: 13.824 Thread 0x00007fc0d40b7000 nmethod 1940 0x00007fc0c55ab7d0 code [0x00007fc0c55ab940, 0x00007fc0c55abb90]
Event: 13.824 Thread 0x00007fc0d40b7000 1942       1       com.sun.javafx.font.PrismFontFile::getDefaultAAMode (2 bytes)
Event: 13.824 Thread 0x00007fc0d40b7000 nmethod 1942 0x00007fc0c55abcd0 code [0x00007fc0c55abe20, 0x00007fc0c55abf30]
Event: 13.824 Thread 0x00007fc0d40b7000 1941       1       javafx.scene.text.Font::impl_getNativeFont (5 bytes)
Event: 13.824 Thread 0x00007fc0d40b7000 nmethod 1941 0x00007fc0c55abf90 code [0x00007fc0c55ac0e0, 0x00007fc0c55ac1f0]
Event: 13.847 Thread 0x00007fc0d40b7000 1944 %     3       sun.nio.cs.UTF_8$Decoder::decode @ 20 (779 bytes)

GC Heap History (4 events):
Event: 3.718 GC heap before
{Heap before GC invocations=1 (full 0):
 PSYoungGen      total 36864K, used 31744K [0x00000000d7380000, 0x00000000d9c80000, 0x0000000100000000)
  eden space 31744K, 100% used [0x00000000d7380000,0x00000000d9280000,0x00000000d9280000)
  from space 5120K, 0% used [0x00000000d9780000,0x00000000d9780000,0x00000000d9c80000)
  to   space 5120K, 0% used [0x00000000d9280000,0x00000000d9280000,0x00000000d9780000)
 ParOldGen       total 84992K, used 0K [0x0000000085a00000, 0x000000008ad00000, 0x00000000d7380000)
  object space 84992K, 0% used [0x0000000085a00000,0x0000000085a00000,0x000000008ad00000)
 Metaspace       used 11582K, capacity 11986K, committed 12288K, reserved 1060864K
  class space    used 1353K, capacity 1517K, committed 1536K, reserved 1048576K
Event: 3.759 GC heap after
Heap after GC invocations=1 (full 0):
 PSYoungGen      total 36864K, used 5107K [0x00000000d7380000, 0x00000000dbb80000, 0x0000000100000000)
  eden space 31744K, 0% used [0x00000000d7380000,0x00000000d7380000,0x00000000d9280000)
  from space 5120K, 99% used [0x00000000d9280000,0x00000000d977cd90,0x00000000d9780000)
  to   space 5120K, 0% used [0x00000000db680000,0x00000000db680000,0x00000000dbb80000)
 ParOldGen       total 84992K, used 1940K [0x0000000085a00000, 0x000000008ad00000, 0x00000000d7380000)
  object space 84992K, 2% used [0x0000000085a00000,0x0000000085be5150,0x000000008ad00000)
 Metaspace       used 11582K, capacity 11986K, committed 12288K, reserved 1060864K
  class space    used 1353K, capacity 1517K, committed 1536K, reserved 1048576K
}
Event: 4.304 GC heap before
{Heap before GC invocations=2 (full 0):
 PSYoungGen      total 36864K, used 36851K [0x00000000d7380000, 0x00000000dbb80000, 0x0000000100000000)
  eden space 31744K, 100% used [0x00000000d7380000,0x00000000d9280000,0x00000000d9280000)
  from space 5120K, 99% used [0x00000000d9280000,0x00000000d977cd90,0x00000000d9780000)
  to   space 5120K, 0% used [0x00000000db680000,0x00000000db680000,0x00000000dbb80000)
 ParOldGen       total 84992K, used 1940K [0x0000000085a00000, 0x000000008ad00000, 0x00000000d7380000)
  object space 84992K, 2% used [0x0000000085a00000,0x0000000085be5150,0x000000008ad00000)
 Metaspace       used 12862K, capacity 13246K, committed 13568K, reserved 1060864K
  class space    used 1544K, capacity 1680K, committed 1792K, reserved 1048576K
Event: 4.333 GC heap after
Heap after GC invocations=2 (full 0):
 PSYoungGen      total 68608K, used 5092K [0x00000000d7380000, 0x00000000dbb80000, 0x0000000100000000)
  eden space 63488K, 0% used [0x00000000d7380000,0x00000000d7380000,0x00000000db180000)
  from space 5120K, 99% used [0x00000000db680000,0x00000000dbb79000,0x00000000dbb80000)
  to   space 5120K, 0% used [0x00000000db180000,0x00000000db180000,0x00000000db680000)
 ParOldGen       total 84992K, used 2856K [0x0000000085a00000, 0x000000008ad00000, 0x00000000d7380000)
  object space 84992K, 3% used [0x0000000085a00000,0x0000000085cca060,0x000000008ad00000)
 Metaspace       used 12862K, capacity 13246K, committed 13568K, reserved 1060864K
  class space    used 1544K, capacity 1680K, committed 1792K, reserved 1048576K
}

Deoptimization events (10 events):
Event: 5.965 Thread 0x00007fc0d426b000 Uncommon trap: reason=class_check action=maybe_recompile pc=0x00007fc0c51122a0 method=java.lang.String.equals(Ljava/lang/Object;)Z @ 8
Event: 5.965 Thread 0x00007fc0d426b000 Uncommon trap: reason=class_check action=maybe_recompile pc=0x00007fc0c51122a0 method=java.lang.String.equals(Ljava/lang/Object;)Z @ 8
Event: 5.965 Thread 0x00007fc0d426b000 Uncommon trap: reason=class_check action=maybe_recompile pc=0x00007fc0c51122a0 method=java.lang.String.equals(Ljava/lang/Object;)Z @ 8
Event: 5.978 Thread 0x00007fc0d426b000 Uncommon trap: reason=class_check action=maybe_recompile pc=0x00007fc0c51122a0 method=java.lang.String.equals(Ljava/lang/Object;)Z @ 8
Event: 6.079 Thread 0x00007fc0d426b000 Uncommon trap: reason=unstable_if action=reinterpret pc=0x00007fc0c539a3ac method=java.lang.ClassLoader.checkName(Ljava/lang/String;)Z @ 20
Event: 6.858 Thread 0x00007fc0d426b000 Uncommon trap: reason=unstable_if action=reinterpret pc=0x00007fc0c5373a64 method=jdk.internal.org.objectweb.asm.Type.getArgumentsAndReturnSizes(Ljava/lang/String;)I @ 47
Event: 7.823 Thread 0x00007fc0d4218800 Uncommon trap: reason=unstable_if action=reinterpret pc=0x00007fc0c545efe0 method=java.lang.StrictMath.floorOrCeil(DDDD)D @ 115
Event: 12.249 Thread 0x00007fc0d426b000 Uncommon trap: reason=unstable_if action=reinterpret pc=0x00007fc0c525a720 method=java.lang.CharacterData.of(I)Ljava/lang/CharacterData; @ 4
Event: 13.546 Thread 0x00007fc0d426b000 Uncommon trap: reason=unstable_if action=reinterpret pc=0x00007fc0c52dfddc method=sun.nio.cs.UTF_8$Decoder.decode([BII[C)I @ 30
Event: 13.703 Thread 0x00007fc0d426b000 Uncommon trap: reason=unstable_if action=reinterpret pc=0x00007fc0c54d4cfc method=java.lang.StrictMath.floorOrCeil(DDDD)D @ 38

Classes redefined (0 events):
No events

Internal exceptions (10 events):
Event: 0.967 Thread 0x00007fc0d400a800 Exception <a 'java/security/PrivilegedActionException'> (0x00000000d7634ef0) thrown at [/build/openjdk-8-8u181-b13/src/hotspot/src/share/vm/prims/jvm.cpp, line 1435]
Event: 0.967 Thread 0x00007fc0d400a800 Exception <a 'java/security/PrivilegedActionException'> (0x00000000d76359c8) thrown at [/build/openjdk-8-8u181-b13/src/hotspot/src/share/vm/prims/jvm.cpp, line 1435]
Event: 0.967 Thread 0x00007fc0d400a800 Exception <a 'java/security/PrivilegedActionException'> (0x00000000d7635bd8) thrown at [/build/openjdk-8-8u181-b13/src/hotspot/src/share/vm/prims/jvm.cpp, line 1435]
Event: 0.968 Thread 0x00007fc0d400a800 Exception <a 'java/lang/NullPointerException'> (0x00000000d7637180) thrown at [/build/openjdk-8-8u181-b13/src/hotspot/src/share/vm/interpreter/linkResolver.cpp, line 1185]
Event: 3.405 Thread 0x00007fc0d426b000 Exception <a 'java/lang/NullPointerException'> (0x00000000d8b46480) thrown at [/build/openjdk-8-8u181-b13/src/hotspot/src/share/vm/interpreter/linkResolver.cpp, line 1185]
Event: 3.405 Thread 0x00007fc0d426b000 Exception <a 'java/lang/NullPointerException'> (0x00000000d8b46480) thrown at [/build/openjdk-8-8u181-b13/src/hotspot/src/share/vm/prims/jvm.cpp, line 1439]
Event: 4.294 Thread 0x00007fc0d426b000 Exception <a 'java/lang/ArrayIndexOutOfBoundsException'> (0x00000000d9234948) thrown at [/build/openjdk-8-8u181-b13/src/hotspot/src/share/vm/runtime/sharedRuntime.cpp, line 605]
Event: 4.295 Thread 0x00007fc0d426b000 Exception <a 'java/lang/ArrayIndexOutOfBoundsException'> (0x00000000d9235648) thrown at [/build/openjdk-8-8u181-b13/src/hotspot/src/share/vm/runtime/sharedRuntime.cpp, line 605]
Event: 4.296 Thread 0x00007fc0d426b000 Exception <a 'java/lang/ArrayIndexOutOfBoundsException'> (0x00000000d92369f0) thrown at [/build/openjdk-8-8u181-b13/src/hotspot/src/share/vm/runtime/sharedRuntime.cpp, line 605]
Event: 5.363 Thread 0x00007fc0d426b000 Implicit null exception at 0x00007fc0c5350e35 to 0x00007fc0c5351019

Events (10 events):
Event: 13.649 loading class javafx/scene/effect/Reflection$1 done
Event: 13.650 loading class com/sun/javafx/effect/EffectDirtyBits
Event: 13.650 loading class com/sun/javafx/effect/EffectDirtyBits done
Event: 13.655 loading class javafx/scene/Node$MiscProperties$9$1
Event: 13.655 loading class javafx/scene/Node$MiscProperties$9$1 done
Event: 13.703 Thread 0x00007fc0d426b000 Uncommon trap: trap_request=0xffffff65 fr.pc=0x00007fc0c54d4cfc
Event: 13.703 Thread 0x00007fc0d426b000 DEOPT PACKING pc=0x00007fc0c54d4cfc sp=0x00007fc0878fc750
Event: 13.703 Thread 0x00007fc0d426b000 DEOPT UNPACKING pc=0x00007fc0c504547a sp=0x00007fc0878fc698 mode 2
Event: 13.844 loading class com/sun/javafx/scene/KeyboardShortcutsHandler$1
Event: 13.844 loading class com/sun/javafx/scene/KeyboardShortcutsHandler$1 done


Dynamic libraries:
85a00000-8ad00000 rw-p 00000000 00:00 0 
8ad00000-d7380000 ---p 00000000 00:00 0 
d7380000-dbb80000 rw-p 00000000 00:00 0 
dbb80000-100000000 ---p 00000000 00:00 0 
100000000-1002e0000 rw-p 00000000 00:00 0 
1002e0000-140000000 ---p 00000000 00:00 0 
560a7a9ad000-560a7a9ae000 r-xp 00000000 08:08 1715118                    /usr/lib/jvm/java-8-openjdk-amd64/jre/bin/java
560a7abad000-560a7abae000 r--p 00000000 08:08 1715118                    /usr/lib/jvm/java-8-openjdk-amd64/jre/bin/java
560a7abae000-560a7abaf000 rw-p 00001000 08:08 1715118                    /usr/lib/jvm/java-8-openjdk-amd64/jre/bin/java
560a7ca13000-560a7ca34000 rw-p 00000000 00:00 0                          [heap]
7fc074fff000-7fc078000000 rw-p 00000000 00:00 0 
7fc078000000-7fc0785ca000 rw-p 00000000 00:00 0 
7fc0785ca000-7fc07c000000 ---p 00000000 00:00 0 
7fc07c000000-7fc07c021000 rw-p 00000000 00:00 0 
7fc07c021000-7fc080000000 ---p 00000000 00:00 0 
7fc080000000-7fc080021000 rw-p 00000000 00:00 0 
7fc080021000-7fc084000000 ---p 00000000 00:00 0 
7fc084743000-7fc084744000 rw-s 1009d3000 00:06 344                       /dev/dri/card0
7fc084744000-7fc084745000 rw-s 10819d000 00:06 344                       /dev/dri/card0
7fc084745000-7fc084746000 rw-s 10819c000 00:06 344                       /dev/dri/card0
7fc084746000-7fc084747000 rw-s 104fe1000 00:06 344                       /dev/dri/card0
7fc084747000-7fc084887000 rw-p 00000000 00:00 0 
7fc084887000-7fc084947000 ---p 00000000 00:00 0 
7fc084a47000-7fc084a57000 rw-s 00000000 00:18 240                        /i915 (deleted)
7fc084a57000-7fc084a5b000 rw-s 00000000 00:18 238                        /i915 (deleted)
7fc084a5b000-7fc084abb000 rw-s 104eba000 00:06 344                       /dev/dri/card0
7fc084abb000-7fc084c7b000 rw-s 104b9f000 00:06 344                       /dev/dri/card0
7fc084c7b000-7fc084cdb000 rw-s 106692000 00:06 344                       /dev/dri/card0
7fc084cdb000-7fc084ce9000 rw-s 10818e000 00:06 344                       /dev/dri/card0
7fc084ce9000-7fc084ced000 rw-s 00000000 00:18 222                        /i915 (deleted)
7fc084ced000-7fc084cf2000 rw-s 00000000 00:18 221                        /i915 (deleted)
7fc084cf2000-7fc084eb2000 rw-s 1063e3000 00:06 344                       /dev/dri/card0
7fc084eb2000-7fc084ec2000 rw-s 00000000 00:18 223                        /i915 (deleted)
7fc084ec2000-7fc084ec7000 rw-s 00000000 00:18 204                        /i915 (deleted)
7fc084ec7000-7fc084ed7000 rw-s 00000000 00:18 217                        /i915 (deleted)
7fc084ed7000-7fc084ee3000 rw-s 00000000 00:18 205                        /i915 (deleted)
7fc084ee3000-7fc0851e3000 rw-s 105696000 00:06 344                       /dev/dri/card0
7fc0851e3000-7fc0851f6000 r--s 00346000 08:08 1715206                    /usr/lib/jvm/java-8-openjdk-amd64/jre/lib/resources.jar
7fc0851f6000-7fc08523d000 r--p 00000000 08:08 2491713                    /usr/share/fonts/truetype/noto/NotoSans-BoldItalic.ttf
7fc08523d000-7fc085240000 ---p 00000000 00:00 0 
7fc085240000-7fc08533e000 rw-p 00000000 00:00 0 
7fc08533e000-7fc085389000 r--p 00000000 08:08 2491715                    /usr/share/fonts/truetype/noto/NotoSans-Regular.ttf
7fc085389000-7fc085589000 rw-p 00000000 00:00 0 
7fc085589000-7fc0855b9000 r-xp 00000000 08:08 1973152                    /usr/lib/x86_64-linux-gnu/gtk-2.0/2.10.0/engines/libmurrine.so
7fc0855b9000-7fc0857b9000 ---p 00030000 08:08 1973152                    /usr/lib/x86_64-linux-gnu/gtk-2.0/2.10.0/engines/libmurrine.so
7fc0857b9000-7fc0857ba000 r--p 00030000 08:08 1973152                    /usr/lib/x86_64-linux-gnu/gtk-2.0/2.10.0/engines/libmurrine.so
7fc0857ba000-7fc0857bb000 rw-p 00031000 08:08 1973152                    /usr/lib/x86_64-linux-gnu/gtk-2.0/2.10.0/engines/libmurrine.so
7fc0857bb000-7fc0857bd000 r-xp 00000000 08:08 1973145                    /usr/lib/x86_64-linux-gnu/gtk-2.0/2.10.0/engines/libadwaita.so
7fc0857bd000-7fc0859bd000 ---p 00002000 08:08 1973145                    /usr/lib/x86_64-linux-gnu/gtk-2.0/2.10.0/engines/libadwaita.so
7fc0859bd000-7fc0859be000 r--p 00002000 08:08 1973145                    /usr/lib/x86_64-linux-gnu/gtk-2.0/2.10.0/engines/libadwaita.so
7fc0859be000-7fc0859bf000 rw-p 00003000 08:08 1973145                    /usr/lib/x86_64-linux-gnu/gtk-2.0/2.10.0/engines/libadwaita.so
7fc0859bf000-7fc0859c9000 r-xp 00000000 08:08 1973153                    /usr/lib/x86_64-linux-gnu/gtk-2.0/2.10.0/engines/libpixmap.so
7fc0859c9000-7fc085bc8000 ---p 0000a000 08:08 1973153                    /usr/lib/x86_64-linux-gnu/gtk-2.0/2.10.0/engines/libpixmap.so
7fc085bc8000-7fc085bc9000 r--p 00009000 08:08 1973153                    /usr/lib/x86_64-linux-gnu/gtk-2.0/2.10.0/engines/libpixmap.so
7fc085bc9000-7fc085bca000 rw-p 0000a000 08:08 1973153                    /usr/lib/x86_64-linux-gnu/gtk-2.0/2.10.0/engines/libpixmap.so
7fc085bca000-7fc085bce000 r--s 00000000 08:08 1572907                    /var/cache/fontconfig/0fafd173547752dce4dee1a69e0b3c95-le64.cache-4
7fc085bce000-7fc085c10000 r--s 00000000 08:08 1572909                    /var/cache/fontconfig/0bd3dc0958fa2205aaaa8ebb13e2872b-le64.cache-4
7fc085c10000-7fc085c15000 r-xp 00000000 08:08 1717399                    /usr/lib/jvm/java-8-openjdk-amd64/jre/lib/amd64/libjavafx_font_freetype.so
7fc085c15000-7fc085e14000 ---p 00005000 08:08 1717399                    /usr/lib/jvm/java-8-openjdk-amd64/jre/lib/amd64/libjavafx_font_freetype.so
7fc085e14000-7fc085e15000 r--p 00004000 08:08 1717399                    /usr/lib/jvm/java-8-openjdk-amd64/jre/lib/amd64/libjavafx_font_freetype.so
7fc085e15000-7fc085e16000 rw-p 00005000 08:08 1717399                    /usr/lib/jvm/java-8-openjdk-amd64/jre/lib/amd64/libjavafx_font_freetype.so
7fc085e16000-7fc086016000 rw-p 00000000 00:00 0 
7fc086016000-7fc086019000 r-xp 00000000 08:08 1717398                    /usr/lib/jvm/java-8-openjdk-amd64/jre/lib/amd64/libjavafx_font.so
7fc086019000-7fc086218000 ---p 00003000 08:08 1717398                    /usr/lib/jvm/java-8-openjdk-amd64/jre/lib/amd64/libjavafx_font.so
7fc086218000-7fc086219000 r--p 00002000 08:08 1717398                    /usr/lib/jvm/java-8-openjdk-amd64/jre/lib/amd64/libjavafx_font.so
7fc086219000-7fc08621a000 rw-p 00003000 08:08 1717398                    /usr/lib/jvm/java-8-openjdk-amd64/jre/lib/amd64/libjavafx_font.so
7fc08621a000-7fc086283000 r-xp 00000000 08:08 1974422                    /usr/lib/x86_64-linux-gnu/libjpeg.so.62.2.0
7fc086283000-7fc086483000 ---p 00069000 08:08 1974422                    /usr/lib/x86_64-linux-gnu/libjpeg.so.62.2.0
7fc086483000-7fc086484000 r--p 00069000 08:08 1974422                    /usr/lib/x86_64-linux-gnu/libjpeg.so.62.2.0
7fc086484000-7fc086485000 rw-p 0006a000 08:08 1974422                    /usr/lib/x86_64-linux-gnu/libjpeg.so.62.2.0
7fc086485000-7fc086486000 rw-s 00000000 00:18 198                        /i915 (deleted)
7fc086486000-7fc08648c000 r--s 00000000 08:08 1572928                    /var/cache/fontconfig/3047814df9a2f067bd2d96a2b9c36e5a-le64.cache-4
7fc08648c000-7fc08649e000 r--s 00000000 08:08 1572910                    /var/cache/fontconfig/9b89f8e3dae116d678bbf48e5f21f69b-le64.cache-4
7fc08649e000-7fc0864a2000 r-xp 00000000 08:08 1717401                    /usr/lib/jvm/java-8-openjdk-amd64/jre/lib/amd64/libjavafx_iio.so
7fc0864a2000-7fc0866a1000 ---p 00004000 08:08 1717401                    /usr/lib/jvm/java-8-openjdk-amd64/jre/lib/amd64/libjavafx_iio.so
7fc0866a1000-7fc0866a2000 r--p 00003000 08:08 1717401                    /usr/lib/jvm/java-8-openjdk-amd64/jre/lib/amd64/libjavafx_iio.so
7fc0866a2000-7fc0866a3000 rw-p 00004000 08:08 1717401                    /usr/lib/jvm/java-8-openjdk-amd64/jre/lib/amd64/libjavafx_iio.so
7fc0866a3000-7fc0868a3000 rw-p 00000000 00:00 0 
7fc0868a3000-7fc086aa3000 rw-p 00000000 00:00 0 
7fc086aa3000-7fc086aba000 r-xp 00000000 08:08 1715156                    /usr/lib/jvm/java-8-openjdk-amd64/jre/lib/amd64/libnet.so
7fc086aba000-7fc086cb9000 ---p 00017000 08:08 1715156                    /usr/lib/jvm/java-8-openjdk-amd64/jre/lib/amd64/libnet.so
7fc086cb9000-7fc086cba000 r--p 00016000 08:08 1715156                    /usr/lib/jvm/java-8-openjdk-amd64/jre/lib/amd64/libnet.so
7fc086cba000-7fc086cbb000 rw-p 00017000 08:08 1715156                    /usr/lib/jvm/java-8-openjdk-amd64/jre/lib/amd64/libnet.so
7fc086cbb000-7fc086cbe000 ---p 00000000 00:00 0 
7fc086cbe000-7fc086dbc000 rw-p 00000000 00:00 0 
7fc086dbc000-7fc086dbf000 ---p 00000000 00:00 0 
7fc086dbf000-7fc086ebd000 rw-p 00000000 00:00 0 
7fc086ebd000-7fc086ebe000 ---p 00000000 00:00 0 
7fc086ebe000-7fc0876be000 rw-p 00000000 00:00 0 
7fc0876be000-7fc0877ff000 rw-s 00000000 08:09 12845132                   /home/atomx/.cache/mesa_shader_cache/index
7fc0877ff000-7fc087802000 ---p 00000000 00:00 0 
7fc087802000-7fc087900000 rw-p 00000000 00:00 0 
7fc087900000-7fc087929000 r-xp 00000000 08:08 1717396                    /usr/lib/jvm/java-8-openjdk-amd64/jre/lib/amd64/libglass.so
7fc087929000-7fc087b29000 ---p 00029000 08:08 1717396                    /usr/lib/jvm/java-8-openjdk-amd64/jre/lib/amd64/libglass.so
7fc087b29000-7fc087b2a000 r--p 00029000 08:08 1717396                    /usr/lib/jvm/java-8-openjdk-amd64/jre/lib/amd64/libglass.so
7fc087b2a000-7fc087b2b000 rw-p 0002a000 08:08 1717396                    /usr/lib/jvm/java-8-openjdk-amd64/jre/lib/amd64/libglass.so
7fc087b2b000-7fc087b2c000 rw-p 00000000 00:00 0 
7fc087b2c000-7fc087b2d000 ---p 00000000 00:00 0 
7fc087b2d000-7fc08832d000 rw-p 00000000 00:00 0 
7fc08832d000-7fc088335000 r-xp 00000000 08:08 1974752                    /usr/lib/x86_64-linux-gnu/libpciaccess.so.0.11.1
7fc088335000-7fc088535000 ---p 00008000 08:08 1974752                    /usr/lib/x86_64-linux-gnu/libpciaccess.so.0.11.1
7fc088535000-7fc088536000 r--p 00008000 08:08 1974752                    /usr/lib/x86_64-linux-gnu/libpciaccess.so.0.11.1
7fc088536000-7fc088537000 rw-p 00009000 08:08 1974752                    /usr/lib/x86_64-linux-gnu/libpciaccess.so.0.11.1
7fc088537000-7fc088542000 r-xp 00000000 08:08 1973844                    /usr/lib/x86_64-linux-gnu/libdrm_radeon.so.1.0.1
7fc088542000-7fc088741000 ---p 0000b000 08:08 1973844                    /usr/lib/x86_64-linux-gnu/libdrm_radeon.so.1.0.1
7fc088741000-7fc088742000 r--p 0000a000 08:08 1973844                    /usr/lib/x86_64-linux-gnu/libdrm_radeon.so.1.0.1
7fc088742000-7fc088743000 rw-p 0000b000 08:08 1973844                    /usr/lib/x86_64-linux-gnu/libdrm_radeon.so.1.0.1
7fc088743000-7fc08874a000 r-xp 00000000 08:08 1973842                    /usr/lib/x86_64-linux-gnu/libdrm_nouveau.so.2.0.0
7fc08874a000-7fc088949000 ---p 00007000 08:08 1973842                    /usr/lib/x86_64-linux-gnu/libdrm_nouveau.so.2.0.0
7fc088949000-7fc08894a000 r--p 00006000 08:08 1973842                    /usr/lib/x86_64-linux-gnu/libdrm_nouveau.so.2.0.0
7fc08894a000-7fc08894b000 rw-p 00007000 08:08 1973842                    /usr/lib/x86_64-linux-gnu/libdrm_nouveau.so.2.0.0
7fc08894b000-7fc08896e000 r-xp 00000000 08:08 1973840                    /usr/lib/x86_64-linux-gnu/libdrm_intel.so.1.0.0
7fc08896e000-7fc088b6d000 ---p 00023000 08:08 1973840                    /usr/lib/x86_64-linux-gnu/libdrm_intel.so.1.0.0
7fc088b6d000-7fc088b6e000 r--p 00022000 08:08 1973840                    /usr/lib/x86_64-linux-gnu/libdrm_intel.so.1.0.0
7fc088b6e000-7fc088b6f000 rw-p 00023000 08:08 1973840                    /usr/lib/x86_64-linux-gnu/libdrm_intel.so.1.0.0
7fc088b6f000-7fc08949e000 r-xp 00000000 08:08 1972506                    /usr/lib/x86_64-linux-gnu/dri/i965_dri.so
7fc08949e000-7fc08969d000 ---p 0092f000 08:08 1972506                    /usr/lib/x86_64-linux-gnu/dri/i965_dri.so
7fc08969d000-7fc0896f7000 r--p 0092e000 08:08 1972506                    /usr/lib/x86_64-linux-gnu/dri/i965_dri.so
7fc0896f7000-7fc089702000 rw-p 00988000 08:08 1972506                    /usr/lib/x86_64-linux-gnu/dri/i965_dri.so
7fc089702000-7fc0897b5000 rw-p 00000000 00:00 0 
7fc0897b5000-7fc0897c5000 r-xp 00000000 08:08 1973836                    /usr/lib/x86_64-linux-gnu/libdrm.so.2.4.0
7fc0897c5000-7fc0899c4000 ---p 00010000 08:08 1973836                    /usr/lib/x86_64-linux-gnu/libdrm.so.2.4.0
7fc0899c4000-7fc0899c5000 r--p 0000f000 08:08 1973836                    /usr/lib/x86_64-linux-gnu/libdrm.so.2.4.0
7fc0899c5000-7fc0899c6000 rw-p 00010000 08:08 1973836                    /usr/lib/x86_64-linux-gnu/libdrm.so.2.4.0
7fc0899c6000-7fc0899ca000 r-xp 00000000 08:08 1975194                    /usr/lib/x86_64-linux-gnu/libxcb-dri2.so.0.0.0
7fc0899ca000-7fc089bc9000 ---p 00004000 08:08 1975194                    /usr/lib/x86_64-linux-gnu/libxcb-dri2.so.0.0.0
7fc089bc9000-7fc089bca000 r--p 00003000 08:08 1975194                    /usr/lib/x86_64-linux-gnu/libxcb-dri2.so.0.0.0
7fc089bca000-7fc089bcb000 rw-p 00004000 08:08 1975194                    /usr/lib/x86_64-linux-gnu/libxcb-dri2.so.0.0.0
7fc089bcb000-7fc089be3000 r-xp 00000000 08:08 1975200                    /usr/lib/x86_64-linux-gnu/libxcb-glx.so.0.0.0
7fc089be3000-7fc089de3000 ---p 00018000 08:08 1975200                    /usr/lib/x86_64-linux-gnu/libxcb-glx.so.0.0.0
7fc089de3000-7fc089de5000 r--p 00018000 08:08 1975200                    /usr/lib/x86_64-linux-gnu/libxcb-glx.so.0.0.0
7fc089de5000-7fc089de6000 rw-p 0001a000 08:08 1975200                    /usr/lib/x86_64-linux-gnu/libxcb-glx.so.0.0.0
7fc089de6000-7fc089de7000 r-xp 00000000 08:08 1973515                    /usr/lib/x86_64-linux-gnu/libX11-xcb.so.1.0.0
7fc089de7000-7fc089fe6000 ---p 00001000 08:08 1973515                    /usr/lib/x86_64-linux-gnu/libX11-xcb.so.1.0.0
7fc089fe6000-7fc089fe7000 r--p 00000000 08:08 1973515                    /usr/lib/x86_64-linux-gnu/libX11-xcb.so.1.0.0
7fc089fe7000-7fc089fe8000 rw-p 00001000 08:08 1973515                    /usr/lib/x86_64-linux-gnu/libX11-xcb.so.1.0.0
7fc089fe8000-7fc08a014000 r-xp 00000000 08:08 1974054                    /usr/lib/x86_64-linux-gnu/libglapi.so.0.0.0
7fc08a014000-7fc08a213000 ---p 0002c000 08:08 1974054                    /usr/lib/x86_64-linux-gnu/libglapi.so.0.0.0
7fc08a213000-7fc08a217000 r--p 0002b000 08:08 1974054                    /usr/lib/x86_64-linux-gnu/libglapi.so.0.0.0
7fc08a217000-7fc08a218000 rw-p 0002f000 08:08 1974054                    /usr/lib/x86_64-linux-gnu/libglapi.so.0.0.0
7fc08a218000-7fc08a219000 rw-p 00000000 00:00 0 
7fc08a219000-7fc08a21a000 r-xp 00000000 08:08 1975250                    /usr/lib/x86_64-linux-gnu/libxshmfence.so.1.0.0
7fc08a21a000-7fc08a419000 ---p 00001000 08:08 1975250                    /usr/lib/x86_64-linux-gnu/libxshmfence.so.1.0.0
7fc08a419000-7fc08a41a000 r--p 00000000 08:08 1975250                    /usr/lib/x86_64-linux-gnu/libxshmfence.so.1.0.0
7fc08a41a000-7fc08a41b000 rw-p 00001000 08:08 1975250                    /usr/lib/x86_64-linux-gnu/libxshmfence.so.1.0.0
7fc08a41b000-7fc08a421000 r-xp 00000000 08:08 1975220                    /usr/lib/x86_64-linux-gnu/libxcb-sync.so.1.0.0
7fc08a421000-7fc08a620000 ---p 00006000 08:08 1975220                    /usr/lib/x86_64-linux-gnu/libxcb-sync.so.1.0.0
7fc08a620000-7fc08a621000 r--p 00005000 08:08 1975220                    /usr/lib/x86_64-linux-gnu/libxcb-sync.so.1.0.0
7fc08a621000-7fc08a622000 rw-p 00006000 08:08 1975220                    /usr/lib/x86_64-linux-gnu/libxcb-sync.so.1.0.0
7fc08a622000-7fc08a624000 r-xp 00000000 08:08 1975208                    /usr/lib/x86_64-linux-gnu/libxcb-present.so.0.0.0
7fc08a624000-7fc08a823000 ---p 00002000 08:08 1975208                    /usr/lib/x86_64-linux-gnu/libxcb-present.so.0.0.0
7fc08a823000-7fc08a824000 r--p 00001000 08:08 1975208                    /usr/lib/x86_64-linux-gnu/libxcb-present.so.0.0.0
7fc08a824000-7fc08a825000 rw-p 00002000 08:08 1975208                    /usr/lib/x86_64-linux-gnu/libxcb-present.so.0.0.0
7fc08a825000-7fc08a82c000 r-xp 00000000 08:08 1975224                    /usr/lib/x86_64-linux-gnu/libxcb-xfixes.so.0.0.0
7fc08a82c000-7fc08aa2b000 ---p 00007000 08:08 1975224                    /usr/lib/x86_64-linux-gnu/libxcb-xfixes.so.0.0.0
7fc08aa2b000-7fc08aa2c000 r--p 00006000 08:08 1975224                    /usr/lib/x86_64-linux-gnu/libxcb-xfixes.so.0.0.0
7fc08aa2c000-7fc08aa2d000 rw-p 00007000 08:08 1975224                    /usr/lib/x86_64-linux-gnu/libxcb-xfixes.so.0.0.0
7fc08aa2d000-7fc08aa2f000 r-xp 00000000 08:08 1975196                    /usr/lib/x86_64-linux-gnu/libxcb-dri3.so.0.0.0
7fc08aa2f000-7fc08ac2e000 ---p 00002000 08:08 1975196                    /usr/lib/x86_64-linux-gnu/libxcb-dri3.so.0.0.0
7fc08ac2e000-7fc08ac2f000 r--p 00001000 08:08 1975196                    /usr/lib/x86_64-linux-gnu/libxcb-dri3.so.0.0.0
7fc08ac2f000-7fc08ac30000 rw-p 00002000 08:08 1975196                    /usr/lib/x86_64-linux-gnu/libxcb-dri3.so.0.0.0
7fc08ac30000-7fc08aca2000 r-xp 00000000 08:08 1973267                    /usr/lib/x86_64-linux-gnu/libGLX_mesa.so.0.0.0
7fc08aca2000-7fc08aea1000 ---p 00072000 08:08 1973267                    /usr/lib/x86_64-linux-gnu/libGLX_mesa.so.0.0.0
7fc08aea1000-7fc08aea4000 r--p 00071000 08:08 1973267                    /usr/lib/x86_64-linux-gnu/libGLX_mesa.so.0.0.0
7fc08aea4000-7fc08aea5000 rw-p 00074000 08:08 1973267                    /usr/lib/x86_64-linux-gnu/libGLX_mesa.so.0.0.0
7fc08aea5000-7fc08aea6000 rw-p 00000000 00:00 0 
7fc08aea6000-7fc08aeaa000 r-xp 00000000 08:08 1975099                    /usr/lib/x86_64-linux-gnu/libuuid.so.1.3.0
7fc08aeaa000-7fc08b0a9000 ---p 00004000 08:08 1975099                    /usr/lib/x86_64-linux-gnu/libuuid.so.1.3.0
7fc08b0a9000-7fc08b0aa000 r--p 00003000 08:08 1975099                    /usr/lib/x86_64-linux-gnu/libuuid.so.1.3.0
7fc08b0aa000-7fc08b0ab000 rw-p 00004000 08:08 1975099                    /usr/lib/x86_64-linux-gnu/libuuid.so.1.3.0
7fc08b0ab000-7fc08b0be000 r-xp 00000000 08:08 1973672                    /usr/lib/x86_64-linux-gnu/libbsd.so.0.8.3
7fc08b0be000-7fc08b2be000 ---p 00013000 08:08 1973672                    /usr/lib/x86_64-linux-gnu/libbsd.so.0.8.3
7fc08b2be000-7fc08b2bf000 r--p 00013000 08:08 1973672                    /usr/lib/x86_64-linux-gnu/libbsd.so.0.8.3
7fc08b2bf000-7fc08b2c0000 rw-p 00014000 08:08 1973672                    /usr/lib/x86_64-linux-gnu/libbsd.so.0.8.3
7fc08b2c0000-7fc08b2c1000 rw-p 00000000 00:00 0 
7fc08b2c1000-7fc08b2c8000 r-xp 00000000 08:08 1973762                    /usr/lib/x86_64-linux-gnu/libdatrie.so.1.3.3
7fc08b2c8000-7fc08b4c7000 ---p 00007000 08:08 1973762                    /usr/lib/x86_64-linux-gnu/libdatrie.so.1.3.3
7fc08b4c7000-7fc08b4c8000 r--p 00006000 08:08 1973762                    /usr/lib/x86_64-linux-gnu/libdatrie.so.1.3.3
7fc08b4c8000-7fc08b4c9000 rw-p 00007000 08:08 1973762                    /usr/lib/x86_64-linux-gnu/libdatrie.so.1.3.3
7fc08b4c9000-7fc08b4f4000 r-xp 00000000 08:08 1974207                    /usr/lib/x86_64-linux-gnu/libgraphite2.so.3.0.1
7fc08b4f4000-7fc08b6f3000 ---p 0002b000 08:08 1974207                    /usr/lib/x86_64-linux-gnu/libgraphite2.so.3.0.1
7fc08b6f3000-7fc08b6f5000 r--p 0002a000 08:08 1974207                    /usr/lib/x86_64-linux-gnu/libgraphite2.so.3.0.1
7fc08b6f5000-7fc08b6f6000 rw-p 0002c000 08:08 1974207                    /usr/lib/x86_64-linux-gnu/libgraphite2.so.3.0.1
7fc08b6f6000-7fc08b737000 r-xp 00000000 08:08 1973657                    /usr/lib/x86_64-linux-gnu/libblkid.so.1.1.0
7fc08b737000-7fc08b936000 ---p 00041000 08:08 1973657                    /usr/lib/x86_64-linux-gnu/libblkid.so.1.1.0
7fc08b936000-7fc08b93a000 r--p 00040000 08:08 1973657                    /usr/lib/x86_64-linux-gnu/libblkid.so.1.1.0
7fc08b93a000-7fc08b93b000 rw-p 00044000 08:08 1973657                    /usr/lib/x86_64-linux-gnu/libblkid.so.1.1.0
7fc08b93b000-7fc08b93c000 rw-p 00000000 00:00 0 
7fc08b93c000-7fc08b941000 r-xp 00000000 08:08 1973532                    /usr/lib/x86_64-linux-gnu/libXdmcp.so.6.0.0
7fc08b941000-7fc08bb40000 ---p 00005000 08:08 1973532                    /usr/lib/x86_64-linux-gnu/libXdmcp.so.6.0.0
7fc08bb40000-7fc08bb41000 r--p 00004000 08:08 1973532                    /usr/lib/x86_64-linux-gnu/libXdmcp.so.6.0.0
7fc08bb41000-7fc08bb42000 rw-p 00005000 08:08 1973532                    /usr/lib/x86_64-linux-gnu/libXdmcp.so.6.0.0
7fc08bb42000-7fc08bb45000 r-xp 00000000 08:08 1973521                    /usr/lib/x86_64-linux-gnu/libXau.so.6.0.0
7fc08bb45000-7fc08bd44000 ---p 00003000 08:08 1973521                    /usr/lib/x86_64-linux-gnu/libXau.so.6.0.0
7fc08bd44000-7fc08bd45000 r--p 00002000 08:08 1973521                    /usr/lib/x86_64-linux-gnu/libXau.so.6.0.0
7fc08bd45000-7fc08bd46000 rw-p 00003000 08:08 1973521                    /usr/lib/x86_64-linux-gnu/libXau.so.6.0.0
7fc08bd46000-7fc08bdb6000 r-xp 00000000 08:08 1973269                    /usr/lib/x86_64-linux-gnu/libGLdispatch.so.0.0.0
7fc08bdb6000-7fc08bfb6000 ---p 00070000 08:08 1973269                    /usr/lib/x86_64-linux-gnu/libGLdispatch.so.0.0.0
7fc08bfb6000-7fc08bfdf000 r--p 00070000 08:08 1973269                    /usr/lib/x86_64-linux-gnu/libGLdispatch.so.0.0.0
7fc08bfdf000-7fc08bfe0000 rw-p 00099000 08:08 1973269                    /usr/lib/x86_64-linux-gnu/libGLdispatch.so.0.0.0
7fc08bfe0000-7fc08c000000 rw-p 00000000 00:00 0 
7fc08c000000-7fc08d8d5000 rw-p 00000000 00:00 0 
7fc08d8d5000-7fc090000000 ---p 00000000 00:00 0 
7fc090000000-7fc090001000 rw-s 00000000 00:18 197                        /i915 (deleted)
7fc090001000-7fc0900a7000 r--s 010bb000 08:09 14421221                   /home/atomx/eclipse-workspace/Library/lib/jfxrt.jar
7fc0900a7000-7fc0900aa000 ---p 00000000 00:00 0 
7fc0900aa000-7fc0901a8000 rw-p 00000000 00:00 0 
7fc0901a8000-7fc0901b8000 r-xp 00000000 08:08 1973264                    /usr/lib/x86_64-linux-gnu/libGLX.so.0.0.0
7fc0901b8000-7fc0903b8000 ---p 00010000 08:08 1973264                    /usr/lib/x86_64-linux-gnu/libGLX.so.0.0.0
7fc0903b8000-7fc0903b9000 r--p 00010000 08:08 1973264                    /usr/lib/x86_64-linux-gnu/libGLX.so.0.0.0
7fc0903b9000-7fc0903ba000 rw-p 00011000 08:08 1973264                    /usr/lib/x86_64-linux-gnu/libGLX.so.0.0.0
7fc0903ba000-7fc0903da000 rw-p 00000000 00:00 0 
7fc0903da000-7fc09044c000 r-xp 00000000 08:08 1974757                    /usr/lib/x86_64-linux-gnu/libpcre.so.3.13.3
7fc09044c000-7fc09064b000 ---p 00072000 08:08 1974757                    /usr/lib/x86_64-linux-gnu/libpcre.so.3.13.3
7fc09064b000-7fc09064c000 r--p 00071000 08:08 1974757                    /usr/lib/x86_64-linux-gnu/libpcre.so.3.13.3
7fc09064c000-7fc09064d000 rw-p 00072000 08:08 1974757                    /usr/lib/x86_64-linux-gnu/libpcre.so.3.13.3
7fc09064d000-7fc090674000 r-xp 00000000 08:08 1973918                    /usr/lib/x86_64-linux-gnu/libexpat.so.1.6.2
7fc090674000-7fc090874000 ---p 00027000 08:08 1973918                    /usr/lib/x86_64-linux-gnu/libexpat.so.1.6.2
7fc090874000-7fc090876000 r--p 00027000 08:08 1973918                    /usr/lib/x86_64-linux-gnu/libexpat.so.1.6.2
7fc090876000-7fc090877000 rw-p 00029000 08:08 1973918                    /usr/lib/x86_64-linux-gnu/libexpat.so.1.6.2
7fc090877000-7fc09087e000 r-xp 00000000 08:08 1973938                    /usr/lib/x86_64-linux-gnu/libffi.so.6.0.4
7fc09087e000-7fc090a7e000 ---p 00007000 08:08 1973938                    /usr/lib/x86_64-linux-gnu/libffi.so.6.0.4
7fc090a7e000-7fc090a7f000 r--p 00007000 08:08 1973938                    /usr/lib/x86_64-linux-gnu/libffi.so.6.0.4
7fc090a7f000-7fc090a80000 rw-p 00008000 08:08 1973938                    /usr/lib/x86_64-linux-gnu/libffi.so.6.0.4
7fc090a80000-7fc090a88000 r-xp 00000000 08:08 1975032                    /usr/lib/x86_64-linux-gnu/libthai.so.0.3.0
7fc090a88000-7fc090c88000 ---p 00008000 08:08 1975032                    /usr/lib/x86_64-linux-gnu/libthai.so.0.3.0
7fc090c88000-7fc090c89000 r--p 00008000 08:08 1975032                    /usr/lib/x86_64-linux-gnu/libthai.so.0.3.0
7fc090c89000-7fc090c8a000 rw-p 00009000 08:08 1975032                    /usr/lib/x86_64-linux-gnu/libthai.so.0.3.0
7fc090c8a000-7fc090d1d000 r-xp 00000000 08:08 1974304                    /usr/lib/x86_64-linux-gnu/libharfbuzz.so.0.10400.2
7fc090d1d000-7fc090f1c000 ---p 00093000 08:08 1974304                    /usr/lib/x86_64-linux-gnu/libharfbuzz.so.0.10400.2
7fc090f1c000-7fc090f1e000 r--p 00092000 08:08 1974304                    /usr/lib/x86_64-linux-gnu/libharfbuzz.so.0.10400.2
7fc090f1e000-7fc090f1f000 rw-p 00094000 08:08 1974304                    /usr/lib/x86_64-linux-gnu/libharfbuzz.so.0.10400.2
7fc090f1f000-7fc090f69000 r-xp 00000000 08:08 1974545                    /usr/lib/x86_64-linux-gnu/libmount.so.1.1.0
7fc090f69000-7fc091169000 ---p 0004a000 08:08 1974545                    /usr/lib/x86_64-linux-gnu/libmount.so.1.1.0
7fc091169000-7fc09116a000 r--p 0004a000 08:08 1974545                    /usr/lib/x86_64-linux-gnu/libmount.so.1.1.0
7fc09116a000-7fc09116b000 rw-p 0004b000 08:08 1974545                    /usr/lib/x86_64-linux-gnu/libmount.so.1.1.0
7fc09116b000-7fc09116d000 rw-p 00000000 00:00 0 
7fc09116d000-7fc091181000 r-xp 00000000 08:08 1974883                    /usr/lib/x86_64-linux-gnu/libresolv-2.24.so
7fc091181000-7fc091380000 ---p 00014000 08:08 1974883                    /usr/lib/x86_64-linux-gnu/libresolv-2.24.so
7fc091380000-7fc091381000 r--p 00013000 08:08 1974883                    /usr/lib/x86_64-linux-gnu/libresolv-2.24.so
7fc091381000-7fc091382000 rw-p 00014000 08:08 1974883                    /usr/lib/x86_64-linux-gnu/libresolv-2.24.so
7fc091382000-7fc091384000 rw-p 00000000 00:00 0 
7fc091384000-7fc0913a9000 r-xp 00000000 08:08 1974931                    /usr/lib/x86_64-linux-gnu/libselinux.so.1
7fc0913a9000-7fc0915a8000 ---p 00025000 08:08 1974931                    /usr/lib/x86_64-linux-gnu/libselinux.so.1
7fc0915a8000-7fc0915a9000 r--p 00024000 08:08 1974931                    /usr/lib/x86_64-linux-gnu/libselinux.so.1
7fc0915a9000-7fc0915aa000 rw-p 00025000 08:08 1974931                    /usr/lib/x86_64-linux-gnu/libselinux.so.1
7fc0915aa000-7fc0915ac000 rw-p 00000000 00:00 0 
7fc0915ac000-7fc0915b8000 r-xp 00000000 08:08 1975214                    /usr/lib/x86_64-linux-gnu/libxcb-render.so.0.0.0
7fc0915b8000-7fc0917b8000 ---p 0000c000 08:08 1975214                    /usr/lib/x86_64-linux-gnu/libxcb-render.so.0.0.0
7fc0917b8000-7fc0917b9000 r--p 0000c000 08:08 1975214                    /usr/lib/x86_64-linux-gnu/libxcb-render.so.0.0.0
7fc0917b9000-7fc0917ba000 rw-p 0000d000 08:08 1975214                    /usr/lib/x86_64-linux-gnu/libxcb-render.so.0.0.0
7fc0917ba000-7fc0917e1000 r-xp 00000000 08:08 1975232                    /usr/lib/x86_64-linux-gnu/libxcb.so.1.1.0
7fc0917e1000-7fc0919e0000 ---p 00027000 08:08 1975232                    /usr/lib/x86_64-linux-gnu/libxcb.so.1.1.0
7fc0919e0000-7fc0919e1000 r--p 00026000 08:08 1975232                    /usr/lib/x86_64-linux-gnu/libxcb.so.1.1.0
7fc0919e1000-7fc0919e2000 rw-p 00027000 08:08 1975232                    /usr/lib/x86_64-linux-gnu/libxcb.so.1.1.0
7fc0919e2000-7fc0919e4000 r-xp 00000000 08:08 1975218                    /usr/lib/x86_64-linux-gnu/libxcb-shm.so.0.0.0
7fc0919e4000-7fc091be4000 ---p 00002000 08:08 1975218                    /usr/lib/x86_64-linux-gnu/libxcb-shm.so.0.0.0
7fc091be4000-7fc091be5000 r--p 00002000 08:08 1975218                    /usr/lib/x86_64-linux-gnu/libxcb-shm.so.0.0.0
7fc091be5000-7fc091be6000 rw-p 00003000 08:08 1975218                    /usr/lib/x86_64-linux-gnu/libxcb-shm.so.0.0.0
7fc091be6000-7fc091c17000 r-xp 00000000 08:08 1974804                    /usr/lib/x86_64-linux-gnu/libpng16.so.16.28.0
7fc091c17000-7fc091e17000 ---p 00031000 08:08 1974804                    /usr/lib/x86_64-linux-gnu/libpng16.so.16.28.0
7fc091e17000-7fc091e18000 r--p 00031000 08:08 1974804                    /usr/lib/x86_64-linux-gnu/libpng16.so.16.28.0
7fc091e18000-7fc091e19000 rw-p 00032000 08:08 1974804                    /usr/lib/x86_64-linux-gnu/libpng16.so.16.28.0
7fc091e19000-7fc091eb7000 r-xp 00000000 08:08 1974787                    /usr/lib/x86_64-linux-gnu/libpixman-1.so.0.34.0
7fc091eb7000-7fc0920b7000 ---p 0009e000 08:08 1974787                    /usr/lib/x86_64-linux-gnu/libpixman-1.so.0.34.0
7fc0920b7000-7fc0920bf000 r--p 0009e000 08:08 1974787                    /usr/lib/x86_64-linux-gnu/libpixman-1.so.0.34.0
7fc0920bf000-7fc0920c0000 rw-p 000a6000 08:08 1974787                    /usr/lib/x86_64-linux-gnu/libpixman-1.so.0.34.0
7fc0920c0000-7fc0920d1000 r-xp 00000000 08:08 1973534                    /usr/lib/x86_64-linux-gnu/libXext.so.6.4.0
7fc0920d1000-7fc0922d0000 ---p 00011000 08:08 1973534                    /usr/lib/x86_64-linux-gnu/libXext.so.6.4.0
7fc0922d0000-7fc0922d1000 r--p 00010000 08:08 1973534                    /usr/lib/x86_64-linux-gnu/libXext.so.6.4.0
7fc0922d1000-7fc0922d2000 rw-p 00011000 08:08 1973534                    /usr/lib/x86_64-linux-gnu/libXext.so.6.4.0
7fc0922d2000-7fc0922dc000 r-xp 00000000 08:08 1973528                    /usr/lib/x86_64-linux-gnu/libXcursor.so.1.0.2
7fc0922dc000-7fc0924db000 ---p 0000a000 08:08 1973528                    /usr/lib/x86_64-linux-gnu/libXcursor.so.1.0.2
7fc0924db000-7fc0924dc000 r--p 00009000 08:08 1973528                    /usr/lib/x86_64-linux-gnu/libXcursor.so.1.0.2
7fc0924dc000-7fc0924dd000 rw-p 0000a000 08:08 1973528                    /usr/lib/x86_64-linux-gnu/libXcursor.so.1.0.2
7fc0924dd000-7fc0924e7000 r-xp 00000000 08:08 1973554                    /usr/lib/x86_64-linux-gnu/libXrandr.so.2.2.0
7fc0924e7000-7fc0926e6000 ---p 0000a000 08:08 1973554                    /usr/lib/x86_64-linux-gnu/libXrandr.so.2.2.0
7fc0926e6000-7fc0926e7000 r--p 00009000 08:08 1973554                    /usr/lib/x86_64-linux-gnu/libXrandr.so.2.2.0
7fc0926e7000-7fc0926e8000 rw-p 0000a000 08:08 1973554                    /usr/lib/x86_64-linux-gnu/libXrandr.so.2.2.0
7fc0926e8000-7fc0926f7000 r-xp 00000000 08:08 1973544                    /usr/lib/x86_64-linux-gnu/libXi.so.6.1.0
7fc0926f7000-7fc0928f6000 ---p 0000f000 08:08 1973544                    /usr/lib/x86_64-linux-gnu/libXi.so.6.1.0
7fc0928f6000-7fc0928f7000 r--p 0000e000 08:08 1973544                    /usr/lib/x86_64-linux-gnu/libXi.so.6.1.0
7fc0928f7000-7fc0928f8000 rw-p 0000f000 08:08 1973544                    /usr/lib/x86_64-linux-gnu/libXi.so.6.1.0
7fc0928f8000-7fc0928fa000 r-xp 00000000 08:08 1973546                    /usr/lib/x86_64-linux-gnu/libXinerama.so.1.0.0
7fc0928fa000-7fc092af9000 ---p 00002000 08:08 1973546                    /usr/lib/x86_64-linux-gnu/libXinerama.so.1.0.0
7fc092af9000-7fc092afa000 r--p 00001000 08:08 1973546                    /usr/lib/x86_64-linux-gnu/libXinerama.so.1.0.0
7fc092afa000-7fc092afb000 rw-p 00002000 08:08 1973546                    /usr/lib/x86_64-linux-gnu/libXinerama.so.1.0.0
7fc092afb000-7fc092b04000 r-xp 00000000 08:08 1973556                    /usr/lib/x86_64-linux-gnu/libXrender.so.1.3.0
7fc092b04000-7fc092d03000 ---p 00009000 08:08 1973556                    /usr/lib/x86_64-linux-gnu/libXrender.so.1.3.0
7fc092d03000-7fc092d04000 r--p 00008000 08:08 1973556                    /usr/lib/x86_64-linux-gnu/libXrender.so.1.3.0
7fc092d04000-7fc092d05000 rw-p 00009000 08:08 1973556                    /usr/lib/x86_64-linux-gnu/libXrender.so.1.3.0
7fc092d05000-7fc092d0a000 r-xp 00000000 08:08 1973536                    /usr/lib/x86_64-linux-gnu/libXfixes.so.3.1.0
7fc092d0a000-7fc092f09000 ---p 00005000 08:08 1973536                    /usr/lib/x86_64-linux-gnu/libXfixes.so.3.1.0
7fc092f09000-7fc092f0a000 r--p 00004000 08:08 1973536                    /usr/lib/x86_64-linux-gnu/libXfixes.so.3.1.0
7fc092f0a000-7fc092f0b000 rw-p 00005000 08:08 1973536                    /usr/lib/x86_64-linux-gnu/libXfixes.so.3.1.0
7fc092f0b000-7fc092f0d000 r-xp 00000000 08:08 1973530                    /usr/lib/x86_64-linux-gnu/libXdamage.so.1.1.0
7fc092f0d000-7fc09310c000 ---p 00002000 08:08 1973530                    /usr/lib/x86_64-linux-gnu/libXdamage.so.1.1.0
7fc09310c000-7fc09310d000 r--p 00001000 08:08 1973530                    /usr/lib/x86_64-linux-gnu/libXdamage.so.1.1.0
7fc09310d000-7fc09310e000 rw-p 00002000 08:08 1973530                    /usr/lib/x86_64-linux-gnu/libXdamage.so.1.1.0
7fc09310e000-7fc093110000 r-xp 00000000 08:08 1973526                    /usr/lib/x86_64-linux-gnu/libXcomposite.so.1.0.0
7fc093110000-7fc09330f000 ---p 00002000 08:08 1973526                    /usr/lib/x86_64-linux-gnu/libXcomposite.so.1.0.0
7fc09330f000-7fc093310000 r--p 00001000 08:08 1973526                    /usr/lib/x86_64-linux-gnu/libXcomposite.so.1.0.0
7fc093310000-7fc093311000 rw-p 00002000 08:08 1973526                    /usr/lib/x86_64-linux-gnu/libXcomposite.so.1.0.0
7fc093311000-7fc093314000 r-xp 00000000 08:08 1974072                    /usr/lib/x86_64-linux-gnu/libgmodule-2.0.so.0.5000.3
7fc093314000-7fc093513000 ---p 00003000 08:08 1974072                    /usr/lib/x86_64-linux-gnu/libgmodule-2.0.so.0.5000.3
7fc093513000-7fc093514000 r--p 00002000 08:08 1974072                    /usr/lib/x86_64-linux-gnu/libgmodule-2.0.so.0.5000.3
7fc093514000-7fc093515000 rw-p 00003000 08:08 1974072                    /usr/lib/x86_64-linux-gnu/libgmodule-2.0.so.0.5000.3
7fc093515000-7fc09358a000 r-xp 00000000 08:08 1973258                    /usr/lib/x86_64-linux-gnu/libGL.so.1.7.0
7fc09358a000-7fc09378a000 ---p 00075000 08:08 1973258                    /usr/lib/x86_64-linux-gnu/libGL.so.1.7.0
7fc09378a000-7fc0937a4000 r--p 00075000 08:08 1973258                    /usr/lib/x86_64-linux-gnu/libGL.so.1.7.0
7fc0937a4000-7fc0937a5000 rw-p 0008f000 08:08 1973258                    /usr/lib/x86_64-linux-gnu/libGL.so.1.7.0
7fc0937a5000-7fc0937a6000 rw-p 00000000 00:00 0 
7fc0937a6000-7fc0937ab000 r-xp 00000000 08:08 1973572                    /usr/lib/x86_64-linux-gnu/libXxf86vm.so.1.0.0
7fc0937ab000-7fc0939aa000 ---p 00005000 08:08 1973572                    /usr/lib/x86_64-linux-gnu/libXxf86vm.so.1.0.0
7fc0939aa000-7fc0939ab000 r--p 00004000 08:08 1973572                    /usr/lib/x86_64-linux-gnu/libXxf86vm.so.1.0.0
7fc0939ab000-7fc0939ac000 rw-p 00005000 08:08 1973572                    /usr/lib/x86_64-linux-gnu/libXxf86vm.so.1.0.0
7fc0939ac000-7fc093ae6000 r-xp 00000000 08:08 1973517                    /usr/lib/x86_64-linux-gnu/libX11.so.6.3.0
7fc093ae6000-7fc093ce6000 ---p 0013a000 08:08 1973517                    /usr/lib/x86_64-linux-gnu/libX11.so.6.3.0
7fc093ce6000-7fc093ce7000 r--p 0013a000 08:08 1973517                    /usr/lib/x86_64-linux-gnu/libX11.so.6.3.0
7fc093ce7000-7fc093cec000 rw-p 0013b000 08:08 1973517                    /usr/lib/x86_64-linux-gnu/libX11.so.6.3.0
7fc093cec000-7fc093dfe000 r-xp 00000000 08:08 1974060                    /usr/lib/x86_64-linux-gnu/libglib-2.0.so.0.5000.3
7fc093dfe000-7fc093ffd000 ---p 00112000 08:08 1974060                    /usr/lib/x86_64-linux-gnu/libglib-2.0.so.0.5000.3
7fc093ffd000-7fc093ffe000 r--p 00111000 08:08 1974060                    /usr/lib/x86_64-linux-gnu/libglib-2.0.so.0.5000.3
7fc093ffe000-7fc093fff000 rw-p 00112000 08:08 1974060                    /usr/lib/x86_64-linux-gnu/libglib-2.0.so.0.5000.3
7fc093fff000-7fc094000000 rw-p 00000000 00:00 0 
7fc094000000-7fc094021000 rw-p 00000000 00:00 0 
7fc094021000-7fc098000000 ---p 00000000 00:00 0 
7fc098000000-7fc098021000 rw-p 00000000 00:00 0 
7fc098021000-7fc09c000000 ---p 00000000 00:00 0 
7fc09c000000-7fc09c275000 rw-p 00000000 00:00 0 
7fc09c275000-7fc0a0000000 ---p 00000000 00:00 0 
7fc0a0000000-7fc0a0345000 rw-p 00000000 00:00 0 
7fc0a0345000-7fc0a4000000 ---p 00000000 00:00 0 
7fc0a4000000-7fc0a4021000 rw-p 00000000 00:00 0 
7fc0a4021000-7fc0a8000000 ---p 00000000 00:00 0 
7fc0a8000000-7fc0a8021000 rw-p 00000000 00:00 0 
7fc0a8021000-7fc0ac000000 ---p 00000000 00:00 0 
7fc0ac000000-7fc0ac021000 rw-p 00000000 00:00 0 
7fc0ac021000-7fc0b0000000 ---p 00000000 00:00 0 
7fc0b0000000-7fc0b0021000 rw-p 00000000 00:00 0 
7fc0b0021000-7fc0b4000000 ---p 00000000 00:00 0 
7fc0b4000000-7fc0b4021000 rw-p 00000000 00:00 0 
7fc0b4021000-7fc0b8000000 ---p 00000000 00:00 0 
7fc0b8000000-7fc0b8002000 r--s 00000000 08:08 1590387                    /var/cache/fontconfig/4bb17da730f63117fed329ee42a5d05e-le64.cache-4
7fc0b8002000-7fc0b800e000 r--s 00000000 08:08 1586852                    /var/cache/fontconfig/d589a48862398ed80a3d6066f4f56f4c-le64.cache-4
7fc0b800e000-7fc0b8026000 r--s 0021f000 08:09 14421222                   /home/atomx/eclipse-workspace/Library/lib/mysql-connector-java-8.0.17.jar
7fc0b8026000-7fc0b802b000 r-xp 00000000 08:08 1973562                    /usr/lib/x86_64-linux-gnu/libXtst.so.6.1.0
7fc0b802b000-7fc0b822a000 ---p 00005000 08:08 1973562                    /usr/lib/x86_64-linux-gnu/libXtst.so.6.1.0
7fc0b822a000-7fc0b822b000 r--p 00004000 08:08 1973562                    /usr/lib/x86_64-linux-gnu/libXtst.so.6.1.0
7fc0b822b000-7fc0b822c000 rw-p 00005000 08:08 1973562                    /usr/lib/x86_64-linux-gnu/libXtst.so.6.1.0
7fc0b822c000-7fc0b822d000 r-xp 00000000 08:08 1974280                    /usr/lib/x86_64-linux-gnu/libgthread-2.0.so.0.5000.3
7fc0b822d000-7fc0b842c000 ---p 00001000 08:08 1974280                    /usr/lib/x86_64-linux-gnu/libgthread-2.0.so.0.5000.3
7fc0b842c000-7fc0b842d000 r--p 00000000 08:08 1974280                    /usr/lib/x86_64-linux-gnu/libgthread-2.0.so.0.5000.3
7fc0b842d000-7fc0b842e000 rw-p 00001000 08:08 1974280                    /usr/lib/x86_64-linux-gnu/libgthread-2.0.so.0.5000.3
7fc0b842e000-7fc0b84d6000 r-xp 00000000 08:08 1973996                    /usr/lib/x86_64-linux-gnu/libfreetype.so.6.12.3
7fc0b84d6000-7fc0b86d6000 ---p 000a8000 08:08 1973996                    /usr/lib/x86_64-linux-gnu/libfreetype.so.6.12.3
7fc0b86d6000-7fc0b86dc000 r--p 000a8000 08:08 1973996                    /usr/lib/x86_64-linux-gnu/libfreetype.so.6.12.3
7fc0b86dc000-7fc0b86dd000 rw-p 000ae000 08:08 1973996                    /usr/lib/x86_64-linux-gnu/libfreetype.so.6.12.3
7fc0b86dd000-7fc0b8719000 r-xp 00000000 08:08 1973982                    /usr/lib/x86_64-linux-gnu/libfontconfig.so.1.8.0
7fc0b8719000-7fc0b8918000 ---p 0003c000 08:08 1973982                    /usr/lib/x86_64-linux-gnu/libfontconfig.so.1.8.0
7fc0b8918000-7fc0b891a000 r--p 0003b000 08:08 1973982                    /usr/lib/x86_64-linux-gnu/libfontconfig.so.1.8.0
7fc0b891a000-7fc0b891b000 rw-p 0003d000 08:08 1973982                    /usr/lib/x86_64-linux-gnu/libfontconfig.so.1.8.0
7fc0b891b000-7fc0b896d000 r-xp 00000000 08:08 1974112                    /usr/lib/x86_64-linux-gnu/libgobject-2.0.so.0.5000.3
7fc0b896d000-7fc0b8b6c000 ---p 00052000 08:08 1974112                    /usr/lib/x86_64-linux-gnu/libgobject-2.0.so.0.5000.3
7fc0b8b6c000-7fc0b8b6d000 r--p 00051000 08:08 1974112                    /usr/lib/x86_64-linux-gnu/libgobject-2.0.so.0.5000.3
7fc0b8b6d000-7fc0b8b6e000 rw-p 00052000 08:08 1974112                    /usr/lib/x86_64-linux-gnu/libgobject-2.0.so.0.5000.3
7fc0b8b6e000-7fc0bc89e000 rw-p 00000000 00:00 0 
7fc0bc89e000-7fc0bc89f000 r--s 00000000 08:08 1572912                    /var/cache/fontconfig/16c2fda60d1b4b719f4b3d06fd951d25-le64.cache-4
7fc0bc89f000-7fc0bc8a2000 r--s 00000000 08:08 1572923                    /var/cache/fontconfig/47e67d79d01846c7b6efd6b4f03a6092-le64.cache-4
7fc0bc8a2000-7fc0bc9e3000 rw-s 00000000 08:09 12845132                   /home/atomx/.cache/mesa_shader_cache/index
7fc0bc9e3000-7fc0bca2c000 r-xp 00000000 08:08 1974732                    /usr/lib/x86_64-linux-gnu/libpango-1.0.so.0.4000.5
7fc0bca2c000-7fc0bcc2b000 ---p 00049000 08:08 1974732                    /usr/lib/x86_64-linux-gnu/libpango-1.0.so.0.4000.5
7fc0bcc2b000-7fc0bcc2e000 r--p 00048000 08:08 1974732                    /usr/lib/x86_64-linux-gnu/libpango-1.0.so.0.4000.5
7fc0bcc2e000-7fc0bcc2f000 rw-p 0004b000 08:08 1974732                    /usr/lib/x86_64-linux-gnu/libpango-1.0.so.0.4000.5
7fc0bcc2f000-7fc0bcc43000 r-xp 00000000 08:08 1974736                    /usr/lib/x86_64-linux-gnu/libpangoft2-1.0.so.0.4000.5
7fc0bcc43000-7fc0bce43000 ---p 00014000 08:08 1974736                    /usr/lib/x86_64-linux-gnu/libpangoft2-1.0.so.0.4000.5
7fc0bce43000-7fc0bce44000 r--p 00014000 08:08 1974736                    /usr/lib/x86_64-linux-gnu/libpangoft2-1.0.so.0.4000.5
7fc0bce44000-7fc0bce45000 rw-p 00015000 08:08 1974736                    /usr/lib/x86_64-linux-gnu/libpangoft2-1.0.so.0.4000.5
7fc0bce45000-7fc0bcfd2000 r-xp 00000000 08:08 1974048                    /usr/lib/x86_64-linux-gnu/libgio-2.0.so.0.5000.3
7fc0bcfd2000-7fc0bd1d2000 ---p 0018d000 08:08 1974048                    /usr/lib/x86_64-linux-gnu/libgio-2.0.so.0.5000.3
7fc0bd1d2000-7fc0bd1d7000 r--p 0018d000 08:08 1974048                    /usr/lib/x86_64-linux-gnu/libgio-2.0.so.0.5000.3
7fc0bd1d7000-7fc0bd1da000 rw-p 00192000 08:08 1974048                    /usr/lib/x86_64-linux-gnu/libgio-2.0.so.0.5000.3
7fc0bd1da000-7fc0bd1db000 rw-p 00000000 00:00 0 
7fc0bd1db000-7fc0bd1fd000 r-xp 00000000 08:08 1974034                    /usr/lib/x86_64-linux-gnu/libgdk_pixbuf-2.0.so.0.3600.5
7fc0bd1fd000-7fc0bd3fd000 ---p 00022000 08:08 1974034                    /usr/lib/x86_64-linux-gnu/libgdk_pixbuf-2.0.so.0.3600.5
7fc0bd3fd000-7fc0bd3fe000 r--p 00022000 08:08 1974034                    /usr/lib/x86_64-linux-gnu/libgdk_pixbuf-2.0.so.0.3600.5
7fc0bd3fe000-7fc0bd3ff000 rw-p 00023000 08:08 1974034                    /usr/lib/x86_64-linux-gnu/libgdk_pixbuf-2.0.so.0.3600.5
7fc0bd3ff000-7fc0bd50d000 r-xp 00000000 08:08 1973694                    /usr/lib/x86_64-linux-gnu/libcairo.so.2.11400.8
7fc0bd50d000-7fc0bd70d000 ---p 0010e000 08:08 1973694                    /usr/lib/x86_64-linux-gnu/libcairo.so.2.11400.8
7fc0bd70d000-7fc0bd710000 r--p 0010e000 08:08 1973694                    /usr/lib/x86_64-linux-gnu/libcairo.so.2.11400.8
7fc0bd710000-7fc0bd711000 rw-p 00111000 08:08 1973694                    /usr/lib/x86_64-linux-gnu/libcairo.so.2.11400.8
7fc0bd711000-7fc0bd713000 rw-p 00000000 00:00 0 
7fc0bd713000-7fc0bd736000 r-xp 00000000 08:08 1973616                    /usr/lib/x86_64-linux-gnu/libatk-1.0.so.0.22209.1
7fc0bd736000-7fc0bd935000 ---p 00023000 08:08 1973616                    /usr/lib/x86_64-linux-gnu/libatk-1.0.so.0.22209.1
7fc0bd935000-7fc0bd938000 r--p 00022000 08:08 1973616                    /usr/lib/x86_64-linux-gnu/libatk-1.0.so.0.22209.1
7fc0bd938000-7fc0bd939000 rw-p 00025000 08:08 1973616                    /usr/lib/x86_64-linux-gnu/libatk-1.0.so.0.22209.1
7fc0bd939000-7fc0bd945000 r-xp 00000000 08:08 1974734                    /usr/lib/x86_64-linux-gnu/libpangocairo-1.0.so.0.4000.5
7fc0bd945000-7fc0bdb44000 ---p 0000c000 08:08 1974734                    /usr/lib/x86_64-linux-gnu/libpangocairo-1.0.so.0.4000.5
7fc0bdb44000-7fc0bdb45000 r--p 0000b000 08:08 1974734                    /usr/lib/x86_64-linux-gnu/libpangocairo-1.0.so.0.4000.5
7fc0bdb45000-7fc0bdb46000 rw-p 0000c000 08:08 1974734                    /usr/lib/x86_64-linux-gnu/libpangocairo-1.0.so.0.4000.5
7fc0bdb46000-7fc0bdbf6000 r-xp 00000000 08:08 1974032                    /usr/lib/x86_64-linux-gnu/libgdk-x11-2.0.so.0.2400.31
7fc0bdbf6000-7fc0bddf5000 ---p 000b0000 08:08 1974032                    /usr/lib/x86_64-linux-gnu/libgdk-x11-2.0.so.0.2400.31
7fc0bddf5000-7fc0bddf9000 r--p 000af000 08:08 1974032                    /usr/lib/x86_64-linux-gnu/libgdk-x11-2.0.so.0.2400.31
7fc0bddf9000-7fc0bddfb000 rw-p 000b3000 08:08 1974032                    /usr/lib/x86_64-linux-gnu/libgdk-x11-2.0.so.0.2400.31
7fc0bddfb000-7fc0be23b000 r-xp 00000000 08:08 1974286                    /usr/lib/x86_64-linux-gnu/libgtk-x11-2.0.so.0.2400.31
7fc0be23b000-7fc0be43a000 ---p 00440000 08:08 1974286                    /usr/lib/x86_64-linux-gnu/libgtk-x11-2.0.so.0.2400.31
7fc0be43a000-7fc0be441000 r--p 0043f000 08:08 1974286                    /usr/lib/x86_64-linux-gnu/libgtk-x11-2.0.so.0.2400.31
7fc0be441000-7fc0be445000 rw-p 00446000 08:08 1974286                    /usr/lib/x86_64-linux-gnu/libgtk-x11-2.0.so.0.2400.31
7fc0be445000-7fc0be448000 rw-p 00000000 00:00 0 
7fc0be448000-7fc0be454000 r-xp 00000000 08:08 1717405                    /usr/lib/jvm/java-8-openjdk-amd64/jre/lib/amd64/libprism_es2.so
7fc0be454000-7fc0be653000 ---p 0000c000 08:08 1717405                    /usr/lib/jvm/java-8-openjdk-amd64/jre/lib/amd64/libprism_es2.so
7fc0be653000-7fc0be654000 r--p 0000b000 08:08 1717405                    /usr/lib/jvm/java-8-openjdk-amd64/jre/lib/amd64/libprism_es2.so
7fc0be654000-7fc0be655000 rw-p 0000c000 08:08 1717405                    /usr/lib/jvm/java-8-openjdk-amd64/jre/lib/amd64/libprism_es2.so
7fc0be655000-7fc0be658000 ---p 00000000 00:00 0 
7fc0be658000-7fc0be756000 rw-p 00000000 00:00 0 
7fc0be756000-7fc0be757000 ---p 00000000 00:00 0 
7fc0be757000-7fc0be857000 rw-p 00000000 00:00 0 
7fc0be857000-7fc0be85a000 ---p 00000000 00:00 0 
7fc0be85a000-7fc0be958000 rw-p 00000000 00:00 0 
7fc0be958000-7fc0be95b000 ---p 00000000 00:00 0 
7fc0be95b000-7fc0bea59000 rw-p 00000000 00:00 0 
7fc0bea59000-7fc0bea5c000 ---p 00000000 00:00 0 
7fc0bea5c000-7fc0beb5a000 rw-p 00000000 00:00 0 
7fc0beb5a000-7fc0beb5d000 ---p 00000000 00:00 0 
7fc0beb5d000-7fc0bec5b000 rw-p 00000000 00:00 0 
7fc0bec5b000-7fc0bedf6000 r--p 00000000 08:08 1711771                    /usr/lib/locale/locale-archive
7fc0bedf6000-7fc0bedf9000 ---p 00000000 00:00 0 
7fc0bedf9000-7fc0beef7000 rw-p 00000000 00:00 0 
7fc0beef7000-7fc0beefa000 ---p 00000000 00:00 0 
7fc0beefa000-7fc0beff8000 rw-p 00000000 00:00 0 
7fc0beff8000-7fc0beff9000 ---p 00000000 00:00 0 
7fc0beff9000-7fc0c0000000 rw-p 00000000 00:00 0 
7fc0c0000000-7fc0c0021000 rw-p 00000000 00:00 0 
7fc0c0021000-7fc0c4000000 ---p 00000000 00:00 0 
7fc0c4000000-7fc0c4003000 r--s 00000000 08:08 1590385                    /var/cache/fontconfig/bf6ddb0059d58ea573e04b43f868001f-le64.cache-4
7fc0c4003000-7fc0c4008000 r--s 002f9000 08:08 1715168                    /usr/lib/jvm/java-8-openjdk-amd64/jre/lib/charsets.jar
7fc0c4008000-7fc0c400d000 r--s 0009d000 08:08 1715201                    /usr/lib/jvm/java-8-openjdk-amd64/jre/lib/jsse.jar
7fc0c400d000-7fc0c40a3000 r--s 007ce000 08:08 2654625                    /usr/share/java/openjfx/jre/lib/ext/jfxrt.jar
7fc0c40a3000-7fc0c40be000 r--s 001d6000 08:08 1715183                    /usr/lib/jvm/java-8-openjdk-amd64/jre/lib/ext/nashorn.jar
7fc0c40be000-7fc0c40d9000 r--s 00394000 08:08 1715178                    /usr/lib/jvm/java-8-openjdk-amd64/jre/lib/ext/cldrdata.jar
7fc0c40d9000-7fc0c42fc000 rw-p 00000000 00:00 0 
7fc0c42fc000-7fc0c44cb000 r--s 03c33000 08:08 1715207                    /usr/lib/jvm/java-8-openjdk-amd64/jre/lib/rt.jar
7fc0c44cb000-7fc0c489e000 rw-p 00000000 00:00 0 
7fc0c489e000-7fc0c489f000 ---p 00000000 00:00 0 
7fc0c489f000-7fc0c49c9000 rw-p 00000000 00:00 0 
7fc0c49c9000-7fc0c4c2c000 ---p 00000000 00:00 0 
7fc0c4c2c000-7fc0c4c56000 rw-p 00000000 00:00 0 
7fc0c4c56000-7fc0c4eb8000 ---p 00000000 00:00 0 
7fc0c4eb8000-7fc0c4edd000 rw-p 00000000 00:00 0 
7fc0c4edd000-7fc0c4fff000 ---p 00000000 00:00 0 
7fc0c4fff000-7fc0c5000000 rw-p 00000000 00:00 0 
7fc0c5000000-7fc0c55c0000 rwxp 00000000 00:00 0 
7fc0c55c0000-7fc0d4000000 ---p 00000000 00:00 0 
7fc0d4000000-7fc0d4278000 rw-p 00000000 00:00 0 
7fc0d4278000-7fc0d8000000 ---p 00000000 00:00 0 
7fc0d8000000-7fc0d8003000 r--s 00000000 08:08 1572931                    /var/cache/fontconfig/e13b20fdb08344e0e664864cc2ede53d-le64.cache-4
7fc0d8003000-7fc0d8004000 r--s 00000000 08:08 1590384                    /var/cache/fontconfig/2736766d4907c6828b9382ebdbe3064b-le64.cache-4
7fc0d8004000-7fc0d8008000 rw-s 00000000 00:18 188                        /i915 (deleted)
7fc0d8008000-7fc0d800d000 rw-s 00000000 00:18 185                        /i915 (deleted)
7fc0d800d000-7fc0d8011000 rw-s 00000000 00:18 191                        /i915 (deleted)
7fc0d8011000-7fc0d8015000 rw-s 00000000 00:18 47                         /i915 (deleted)
7fc0d8015000-7fc0d801a000 rw-s 00000000 00:18 33                         /i915 (deleted)
7fc0d801a000-7fc0d80ff000 rw-p 00000000 00:00 0 
7fc0d80ff000-7fc0d8100000 ---p 00000000 00:00 0 
7fc0d8100000-7fc0d8217000 rw-p 00000000 00:00 0 
7fc0d8217000-7fc0d85c0000 ---p 00000000 00:00 0 
7fc0d85c0000-7fc0d85c8000 r-xp 00000000 08:08 1715164                    /usr/lib/jvm/java-8-openjdk-amd64/jre/lib/amd64/libzip.so
7fc0d85c8000-7fc0d87c7000 ---p 00008000 08:08 1715164                    /usr/lib/jvm/java-8-openjdk-amd64/jre/lib/amd64/libzip.so
7fc0d87c7000-7fc0d87c8000 r--p 00007000 08:08 1715164                    /usr/lib/jvm/java-8-openjdk-amd64/jre/lib/amd64/libzip.so
7fc0d87c8000-7fc0d87c9000 rw-p 00008000 08:08 1715164                    /usr/lib/jvm/java-8-openjdk-amd64/jre/lib/amd64/libzip.so
7fc0d87c9000-7fc0d87d3000 r-xp 00000000 08:08 1974648                    /usr/lib/x86_64-linux-gnu/libnss_files-2.24.so
7fc0d87d3000-7fc0d89d3000 ---p 0000a000 08:08 1974648                    /usr/lib/x86_64-linux-gnu/libnss_files-2.24.so
7fc0d89d3000-7fc0d89d4000 r--p 0000a000 08:08 1974648                    /usr/lib/x86_64-linux-gnu/libnss_files-2.24.so
7fc0d89d4000-7fc0d89d5000 rw-p 0000b000 08:08 1974648                    /usr/lib/x86_64-linux-gnu/libnss_files-2.24.so
7fc0d89d5000-7fc0d89db000 rw-p 00000000 00:00 0 
7fc0d89db000-7fc0d89e6000 r-xp 00000000 08:08 1974654                    /usr/lib/x86_64-linux-gnu/libnss_nis-2.24.so
7fc0d89e6000-7fc0d8be5000 ---p 0000b000 08:08 1974654                    /usr/lib/x86_64-linux-gnu/libnss_nis-2.24.so
7fc0d8be5000-7fc0d8be6000 r--p 0000a000 08:08 1974654                    /usr/lib/x86_64-linux-gnu/libnss_nis-2.24.so
7fc0d8be6000-7fc0d8be7000 rw-p 0000b000 08:08 1974654                    /usr/lib/x86_64-linux-gnu/libnss_nis-2.24.so
7fc0d8be7000-7fc0d8bfb000 r-xp 00000000 08:08 1974636                    /usr/lib/x86_64-linux-gnu/libnsl-2.24.so
7fc0d8bfb000-7fc0d8dfb000 ---p 00014000 08:08 1974636                    /usr/lib/x86_64-linux-gnu/libnsl-2.24.so
7fc0d8dfb000-7fc0d8dfc000 r--p 00014000 08:08 1974636                    /usr/lib/x86_64-linux-gnu/libnsl-2.24.so
7fc0d8dfc000-7fc0d8dfd000 rw-p 00015000 08:08 1974636                    /usr/lib/x86_64-linux-gnu/libnsl-2.24.so
7fc0d8dfd000-7fc0d8dff000 rw-p 00000000 00:00 0 
7fc0d8dff000-7fc0d8e06000 r-xp 00000000 08:08 1974642                    /usr/lib/x86_64-linux-gnu/libnss_compat-2.24.so
7fc0d8e06000-7fc0d9005000 ---p 00007000 08:08 1974642                    /usr/lib/x86_64-linux-gnu/libnss_compat-2.24.so
7fc0d9005000-7fc0d9006000 r--p 00006000 08:08 1974642                    /usr/lib/x86_64-linux-gnu/libnss_compat-2.24.so
7fc0d9006000-7fc0d9007000 rw-p 00007000 08:08 1974642                    /usr/lib/x86_64-linux-gnu/libnss_compat-2.24.so
7fc0d9007000-7fc0d9034000 r-xp 00000000 08:08 1715145                    /usr/lib/jvm/java-8-openjdk-amd64/jre/lib/amd64/libjava.so
7fc0d9034000-7fc0d9234000 ---p 0002d000 08:08 1715145                    /usr/lib/jvm/java-8-openjdk-amd64/jre/lib/amd64/libjava.so
7fc0d9234000-7fc0d9235000 r--p 0002d000 08:08 1715145                    /usr/lib/jvm/java-8-openjdk-amd64/jre/lib/amd64/libjava.so
7fc0d9235000-7fc0d9237000 rw-p 0002e000 08:08 1715145                    /usr/lib/jvm/java-8-openjdk-amd64/jre/lib/amd64/libjava.so
7fc0d9237000-7fc0d9246000 r-xp 00000000 08:08 1715163                    /usr/lib/jvm/java-8-openjdk-amd64/jre/lib/amd64/libverify.so
7fc0d9246000-7fc0d9446000 ---p 0000f000 08:08 1715163                    /usr/lib/jvm/java-8-openjdk-amd64/jre/lib/amd64/libverify.so
7fc0d9446000-7fc0d9448000 r--p 0000f000 08:08 1715163                    /usr/lib/jvm/java-8-openjdk-amd64/jre/lib/amd64/libverify.so
7fc0d9448000-7fc0d9449000 rw-p 00011000 08:08 1715163                    /usr/lib/jvm/java-8-openjdk-amd64/jre/lib/amd64/libverify.so
7fc0d9449000-7fc0d9450000 r-xp 00000000 08:08 1974898                    /usr/lib/x86_64-linux-gnu/librt-2.24.so
7fc0d9450000-7fc0d964f000 ---p 00007000 08:08 1974898                    /usr/lib/x86_64-linux-gnu/librt-2.24.so
7fc0d964f000-7fc0d9650000 r--p 00006000 08:08 1974898                    /usr/lib/x86_64-linux-gnu/librt-2.24.so
7fc0d9650000-7fc0d9651000 rw-p 00007000 08:08 1974898                    /usr/lib/x86_64-linux-gnu/librt-2.24.so
7fc0d9651000-7fc0d9667000 r-xp 00000000 08:08 1974006                    /usr/lib/x86_64-linux-gnu/libgcc_s.so.1
7fc0d9667000-7fc0d9866000 ---p 00016000 08:08 1974006                    /usr/lib/x86_64-linux-gnu/libgcc_s.so.1
7fc0d9866000-7fc0d9867000 r--p 00015000 08:08 1974006                    /usr/lib/x86_64-linux-gnu/libgcc_s.so.1
7fc0d9867000-7fc0d9868000 rw-p 00016000 08:08 1974006                    /usr/lib/x86_64-linux-gnu/libgcc_s.so.1
7fc0d9868000-7fc0d996b000 r-xp 00000000 08:08 1974512                    /usr/lib/x86_64-linux-gnu/libm-2.24.so
7fc0d996b000-7fc0d9b6a000 ---p 00103000 08:08 1974512                    /usr/lib/x86_64-linux-gnu/libm-2.24.so
7fc0d9b6a000-7fc0d9b6b000 r--p 00102000 08:08 1974512                    /usr/lib/x86_64-linux-gnu/libm-2.24.so
7fc0d9b6b000-7fc0d9b6c000 rw-p 00103000 08:08 1974512                    /usr/lib/x86_64-linux-gnu/libm-2.24.so
7fc0d9b6c000-7fc0d9cde000 r-xp 00000000 08:08 1975001                    /usr/lib/x86_64-linux-gnu/libstdc++.so.6.0.22
7fc0d9cde000-7fc0d9ede000 ---p 00172000 08:08 1975001                    /usr/lib/x86_64-linux-gnu/libstdc++.so.6.0.22
7fc0d9ede000-7fc0d9ee8000 r--p 00172000 08:08 1975001                    /usr/lib/x86_64-linux-gnu/libstdc++.so.6.0.22
7fc0d9ee8000-7fc0d9eea000 rw-p 0017c000 08:08 1975001                    /usr/lib/x86_64-linux-gnu/libstdc++.so.6.0.22
7fc0d9eea000-7fc0d9eee000 rw-p 00000000 00:00 0 
7fc0d9eee000-7fc0dab4d000 r-xp 00000000 08:08 1715167                    /usr/lib/jvm/java-8-openjdk-amd64/jre/lib/amd64/server/libjvm.so
7fc0dab4d000-7fc0dad4c000 ---p 00c5f000 08:08 1715167                    /usr/lib/jvm/java-8-openjdk-amd64/jre/lib/amd64/server/libjvm.so
7fc0dad4c000-7fc0dade0000 r--p 00c5e000 08:08 1715167                    /usr/lib/jvm/java-8-openjdk-amd64/jre/lib/amd64/server/libjvm.so
7fc0dade0000-7fc0dae09000 rw-p 00cf2000 08:08 1715167                    /usr/lib/jvm/java-8-openjdk-amd64/jre/lib/amd64/server/libjvm.so
7fc0dae09000-7fc0dae39000 rw-p 00000000 00:00 0 
7fc0dae39000-7fc0dafce000 r-xp 00000000 08:08 1973682                    /usr/lib/x86_64-linux-gnu/libc-2.24.so
7fc0dafce000-7fc0db1ce000 ---p 00195000 08:08 1973682                    /usr/lib/x86_64-linux-gnu/libc-2.24.so
7fc0db1ce000-7fc0db1d2000 r--p 00195000 08:08 1973682                    /usr/lib/x86_64-linux-gnu/libc-2.24.so
7fc0db1d2000-7fc0db1d4000 rw-p 00199000 08:08 1973682                    /usr/lib/x86_64-linux-gnu/libc-2.24.so
7fc0db1d4000-7fc0db1d8000 rw-p 00000000 00:00 0 
7fc0db1d8000-7fc0db1db000 r-xp 00000000 08:08 1973821                    /usr/lib/x86_64-linux-gnu/libdl-2.24.so
7fc0db1db000-7fc0db3da000 ---p 00003000 08:08 1973821                    /usr/lib/x86_64-linux-gnu/libdl-2.24.so
7fc0db3da000-7fc0db3db000 r--p 00002000 08:08 1973821                    /usr/lib/x86_64-linux-gnu/libdl-2.24.so
7fc0db3db000-7fc0db3dc000 rw-p 00003000 08:08 1973821                    /usr/lib/x86_64-linux-gnu/libdl-2.24.so
7fc0db3dc000-7fc0db3e9000 r-xp 00000000 08:08 1715131                    /usr/lib/jvm/java-8-openjdk-amd64/jre/lib/amd64/jli/libjli.so
7fc0db3e9000-7fc0db5e9000 ---p 0000d000 08:08 1715131                    /usr/lib/jvm/java-8-openjdk-amd64/jre/lib/amd64/jli/libjli.so
7fc0db5e9000-7fc0db5ea000 r--p 0000d000 08:08 1715131                    /usr/lib/jvm/java-8-openjdk-amd64/jre/lib/amd64/jli/libjli.so
7fc0db5ea000-7fc0db5eb000 rw-p 0000e000 08:08 1715131                    /usr/lib/jvm/java-8-openjdk-amd64/jre/lib/amd64/jli/libjli.so
7fc0db5eb000-7fc0db604000 r-xp 00000000 08:08 1975262                    /usr/lib/x86_64-linux-gnu/libz.so.1.2.8
7fc0db604000-7fc0db803000 ---p 00019000 08:08 1975262                    /usr/lib/x86_64-linux-gnu/libz.so.1.2.8
7fc0db803000-7fc0db804000 r--p 00018000 08:08 1975262                    /usr/lib/x86_64-linux-gnu/libz.so.1.2.8
7fc0db804000-7fc0db805000 rw-p 00019000 08:08 1975262                    /usr/lib/x86_64-linux-gnu/libz.so.1.2.8
7fc0db805000-7fc0db81d000 r-xp 00000000 08:08 1974838                    /usr/lib/x86_64-linux-gnu/libpthread-2.24.so
7fc0db81d000-7fc0dba1c000 ---p 00018000 08:08 1974838                    /usr/lib/x86_64-linux-gnu/libpthread-2.24.so
7fc0dba1c000-7fc0dba1d000 r--p 00017000 08:08 1974838                    /usr/lib/x86_64-linux-gnu/libpthread-2.24.so
7fc0dba1d000-7fc0dba1e000 rw-p 00018000 08:08 1974838                    /usr/lib/x86_64-linux-gnu/libpthread-2.24.so
7fc0dba1e000-7fc0dba22000 rw-p 00000000 00:00 0 
7fc0dba22000-7fc0dba45000 r-xp 00000000 08:08 1973230                    /usr/lib/x86_64-linux-gnu/ld-2.24.so
7fc0dba45000-7fc0dba46000 r--s 00008000 08:09 13369446                   /home/atomx/.eclipse/org.eclipse.platform_4.12.0_1473617060_linux_gtk_x86_64/plugins/org.eclipse.fx.ide.css.jfx8_3.5.0.201902220800.jar
7fc0dba47000-7fc0dba48000 rwxp 00000000 00:00 0 
7fc0dba48000-7fc0dba4c000 rw-s 00000000 00:18 60                         /i915 (deleted)
7fc0dba4c000-7fc0dba4f000 r--s 0000f000 08:08 1715180                    /usr/lib/jvm/java-8-openjdk-amd64/jre/lib/ext/icedtea-sound.jar
7fc0dba4f000-7fc0dba51000 r--s 00001000 08:08 1715179                    /usr/lib/jvm/java-8-openjdk-amd64/jre/lib/ext/dnsns.jar
7fc0dba51000-7fc0dba53000 r--s 00008000 08:08 1715184                    /usr/lib/jvm/java-8-openjdk-amd64/jre/lib/ext/sunec.jar
7fc0dba53000-7fc0dba59000 r--s 0003b000 08:08 1715185                    /usr/lib/jvm/java-8-openjdk-amd64/jre/lib/ext/sunjce_provider.jar
7fc0dba59000-7fc0dba5b000 r--s 00007000 08:08 2654545                    /usr/share/java/java-atk-wrapper.jar
7fc0dba5b000-7fc0dbb26000 rw-p 00000000 00:00 0 
7fc0dbb26000-7fc0dbb29000 ---p 00000000 00:00 0 
7fc0dbb29000-7fc0dbc29000 rw-p 00000000 00:00 0 
7fc0dbc29000-7fc0dbc2a000 r--s 00010000 08:08 1715187                    /usr/lib/jvm/java-8-openjdk-amd64/jre/lib/ext/zipfs.jar
7fc0dbc2a000-7fc0dbc2b000 r--s 0000a000 08:08 1715181                    /usr/lib/jvm/java-8-openjdk-amd64/jre/lib/ext/jaccess.jar
7fc0dbc2b000-7fc0dbc2e000 r--s 00038000 08:08 1715186                    /usr/lib/jvm/java-8-openjdk-amd64/jre/lib/ext/sunpkcs11.jar
7fc0dbc2e000-7fc0dbc38000 r--s 00116000 08:08 1715182                    /usr/lib/jvm/java-8-openjdk-amd64/jre/lib/ext/localedata.jar
7fc0dbc38000-7fc0dbc40000 rw-s 00000000 08:08 2104380                    /tmp/hsperfdata_atomx/29890
7fc0dbc40000-7fc0dbc41000 rw-p 00000000 00:00 0 
7fc0dbc41000-7fc0dbc42000 r--p 00000000 00:00 0 
7fc0dbc42000-7fc0dbc45000 rw-p 00000000 00:00 0 
7fc0dbc45000-7fc0dbc46000 r--p 00023000 08:08 1973230                    /usr/lib/x86_64-linux-gnu/ld-2.24.so
7fc0dbc46000-7fc0dbc47000 rw-p 00024000 08:08 1973230                    /usr/lib/x86_64-linux-gnu/ld-2.24.so
7fc0dbc47000-7fc0dbc48000 rw-p 00000000 00:00 0 
7ffe130a4000-7ffe130c5000 rw-p 00000000 00:00 0                          [stack]
7ffe131cb000-7ffe131ce000 r--p 00000000 00:00 0                          [vvar]
7ffe131ce000-7ffe131d0000 r-xp 00000000 00:00 0                          [vdso]
ffffffffff600000-ffffffffff601000 r-xp 00000000 00:00 0                  [vsyscall]

VM Arguments:
jvm_args: -Dfile.encoding=UTF-8 
java_command: application.Main
java_class_path (initial): /home/atomx/eclipse-workspace/Library/bin:/home/atomx/.eclipse/org.eclipse.platform_4.12.0_1473617060_linux_gtk_x86_64/plugins/org.eclipse.fx.ide.css.jfx8_3.5.0.201902220800.jar:/home/atomx/eclipse-workspace/Library/lib/jfxrt.jar:/home/atomx/eclipse-workspace/Library/lib/mysql-connector-java-8.0.17.jar
Launcher Type: SUN_STANDARD

Environment Variables:
PATH=/usr/local/bin:/usr/bin:/bin:/usr/local/games:/usr/games:/sbin:/usr/sbin
SHELL=/bin/bash
DISPLAY=:0

Signal Handlers:
SIGSEGV: [libjvm.so+0xa74b40], sa_mask[0]=11111111011111111101111111111110, sa_flags=SA_RESTART|SA_SIGINFO
SIGBUS: [libjvm.so+0xa74b40], sa_mask[0]=11111111011111111101111111111110, sa_flags=SA_RESTART|SA_SIGINFO
SIGFPE: [libjvm.so+0x8bd510], sa_mask[0]=11111111011111111101111111111110, sa_flags=SA_RESTART|SA_SIGINFO
SIGPIPE: SIG_IGN, sa_mask[0]=00000000000010000000000000000000, sa_flags=SA_RESTART
SIGXFSZ: [libjvm.so+0x8bd510], sa_mask[0]=11111111011111111101111111111110, sa_flags=SA_RESTART|SA_SIGINFO
SIGILL: [libjvm.so+0x8bd510], sa_mask[0]=11111111011111111101111111111110, sa_flags=SA_RESTART|SA_SIGINFO
SIGUSR1: SIG_DFL, sa_mask[0]=00000000000000000000000000000000, sa_flags=none
SIGUSR2: [libjvm.so+0x8bd3c0], sa_mask[0]=00100000000000000000000000000000, sa_flags=SA_RESTART|SA_SIGINFO
SIGHUP: SIG_IGN, sa_mask[0]=00000000000000000000000000000000, sa_flags=none
SIGINT: [libjvm.so+0x8bd870], sa_mask[0]=11111111011111111101111111111110, sa_flags=SA_RESTART|SA_SIGINFO
SIGTERM: [libjvm.so+0x8bd870], sa_mask[0]=11111111011111111101111111111110, sa_flags=SA_RESTART|SA_SIGINFO
SIGQUIT: [libjvm.so+0x8bd870], sa_mask[0]=11111111011111111101111111111110, sa_flags=SA_RESTART|SA_SIGINFO


---------------  S Y S T E M  ---------------

OS:DISTRIB_ID=Deepin
DISTRIB_RELEASE="15.11"
DISTRIB_DESCRIPTION="Deepin 15.11 "
DISTRIB_CODENAME=stable

uname:Linux 4.15.0-30deepin-generic #31 SMP Fri Nov 30 04:29:02 UTC 2018 x86_64
libc:glibc 2.24 NPTL 2.24 
rlimit: STACK 8192k, CORE 0k, NPROC 30921, NOFILE 1048576, AS infinity
load average:3.08 1.51 1.27

/proc/meminfo:
MemTotal:        8018944 kB
MemFree:         1502176 kB
MemAvailable:    4219144 kB
Buffers:          395872 kB
Cached:          2578768 kB
SwapCached:            0 kB
Active:          4691488 kB
Inactive:        1400980 kB
Active(anon):    3119472 kB
Inactive(anon):   157668 kB
Active(file):    1572016 kB
Inactive(file):  1243312 kB
Unevictable:          96 kB
Mlocked:              96 kB
SwapTotal:       2097148 kB
SwapFree:        2097148 kB
Dirty:              4652 kB
Writeback:             0 kB
AnonPages:       3118112 kB
Mapped:           559132 kB
Shmem:            159152 kB
Slab:             281208 kB
SReclaimable:     211704 kB
SUnreclaim:        69504 kB
KernelStack:       15856 kB
PageTables:        61628 kB
NFS_Unstable:          0 kB
Bounce:                0 kB
WritebackTmp:          0 kB
CommitLimit:     6106620 kB
Committed_AS:   10706716 kB
VmallocTotal:   34359738367 kB
VmallocUsed:           0 kB
VmallocChunk:          0 kB
HardwareCorrupted:     0 kB
AnonHugePages:     14336 kB
ShmemHugePages:        0 kB
ShmemPmdMapped:        0 kB
CmaTotal:              0 kB
CmaFree:               0 kB
HugePages_Total:       0
HugePages_Free:        0
HugePages_Rsvd:        0
HugePages_Surp:        0
Hugepagesize:       2048 kB
DirectMap4k:      467900 kB
DirectMap2M:     7770112 kB


CPU:total 2 (initial active 2) (2 cores per cpu, 1 threads per core) family 6 model 76 stepping 4, cmov, cx8, fxsr, mmx, sse, sse2, sse3, ssse3, sse4.1, sse4.2, popcnt, aes, clmul, erms, 3dnowpref, tsc, tscinvbit

/proc/cpuinfo:
processor	: 0
vendor_id	: GenuineIntel
cpu family	: 6
model		: 76
model name	: Intel(R) Celeron(R) CPU  N3010  @ 1.04GHz
stepping	: 4
microcode	: 0x404
cpu MHz		: 2240.000
cache size	: 1024 KB
physical id	: 0
siblings	: 2
core id		: 0
cpu cores	: 2
apicid		: 0
initial apicid	: 0
fpu		: yes
fpu_exception	: yes
cpuid level	: 11
wp		: yes
flags		: fpu vme de pse tsc msr pae mce cx8 apic sep mtrr pge mca cmov pat pse36 clflush dts acpi mmx fxsr sse sse2 ss ht tm pbe syscall nx rdtscp lm constant_tsc arch_perfmon pebs bts rep_good nopl xtopology tsc_reliable nonstop_tsc cpuid aperfmperf tsc_known_freq pni pclmulqdq dtes64 monitor ds_cpl vmx est tm2 ssse3 cx16 xtpr pdcm sse4_1 sse4_2 movbe popcnt tsc_deadline_timer aes rdrand lahf_lm 3dnowprefetch epb pti tpr_shadow vnmi flexpriority ept vpid tsc_adjust smep erms dtherm ida arat
bugs		: cpu_meltdown spectre_v1 spectre_v2
bogomips	: 2080.00
clflush size	: 64
cache_alignment	: 64
address sizes	: 36 bits physical, 48 bits virtual
power management:

processor	: 1
vendor_id	: GenuineIntel
cpu family	: 6
model		: 76
model name	: Intel(R) Celeron(R) CPU  N3010  @ 1.04GHz
stepping	: 4
microcode	: 0x404
cpu MHz		: 2240.000
cache size	: 1024 KB
physical id	: 0
siblings	: 2
core id		: 2
cpu cores	: 2
apicid		: 4
initial apicid	: 4
fpu		: yes
fpu_exception	: yes
cpuid level	: 11
wp		: yes
flags		: fpu vme de pse tsc msr pae mce cx8 apic sep mtrr pge mca cmov pat pse36 clflush dts acpi mmx fxsr sse sse2 ss ht tm pbe syscall nx rdtscp lm constant_tsc arch_perfmon pebs bts rep_good nopl xtopology tsc_reliable nonstop_tsc cpuid aperfmperf tsc_known_freq pni pclmulqdq dtes64 monitor ds_cpl vmx est tm2 ssse3 cx16 xtpr pdcm sse4_1 sse4_2 movbe popcnt tsc_deadline_timer aes rdrand lahf_lm 3dnowprefetch epb pti tpr_shadow vnmi flexpriority ept vpid tsc_adjust smep erms dtherm ida arat
bugs		: cpu_meltdown spectre_v1 spectre_v2
bogomips	: 2080.00
clflush size	: 64
cache_alignment	: 64
address sizes	: 36 bits physical, 48 bits virtual
power management:



Memory: 4k page, physical 8018944k(1502176k free), swap 2097148k(2097148k free)

vm_info: OpenJDK 64-Bit Server VM (25.181-b13) for linux-amd64 JRE (1.8.0_181-8u181-b13-2~deb9u1-b13), built on Oct 22 2018 18:05:23 by "pbuilder" with gcc 6.3.0 20170516

time: Sat Aug 31 14:54:30 2019
elapsed time: 13 seconds (0d 0h 0m 13s)

