#
# A fatal error has been detected by the Java Runtime Environment:
#
#  SIGSEGV (0xb) at pc=0x00007f8167f8607d, pid=25352, tid=0x00007f81153f9700
#
# JRE version: OpenJDK Runtime Environment (8.0_181-b13) (build 1.8.0_181-8u181-b13-2~deb9u1-b13)
# Java VM: OpenJDK 64-Bit Server VM (25.181-b13 mixed mode linux-amd64 compressed oops)
# Problematic frame:
# V  [libjvm.so+0x68107d]
#
# Failed to write core dump. Core dumps have been disabled. To enable core dumping, try "ulimit -c unlimited" before starting Java again
#
# If you would like to submit a bug report, please visit:
#   http://bugreport.java.com/bugreport/crash.jsp
#

---------------  T H R E A D  ---------------

Current thread (0x00007f8160263800):  JavaThread "JavaFX Application Thread" [_thread_in_vm, id=25373, stack(0x00007f81152f9000,0x00007f81153fa000)]

siginfo: si_signo: 11 (SIGSEGV), si_code: 128 (SI_KERNEL), si_addr: 0x0000000000000000

Registers:
RAX=0x0000000000000000, RBX=0x00007f8160263800, RCX=0x00007f8160228d38, RDX=0x616d726f462f7365
RSP=0x00007f81153f8230, RBP=0x00007f81153f83b0, RSI=0x00007f81153f83d0, RDI=0x00007f81602639e0
R8 =0x00007f81153f8400, R9 =0x00007f8160263800, R10=0x00007f8108000bd0, R11=0x00007f815148cd20
R12=0x00007f81602639e0, R13=0x00007f8160263800, R14=0x00007f81153f8490, R15=0x616d726f462f7365
RIP=0x00007f8167f8607d, EFLAGS=0x0000000000010206, CSGSFS=0x002b000000000033, ERR=0x0000000000000000
  TRAPNO=0x000000000000000d

Top of Stack: (sp=0x00007f81153f8230)
0x00007f81153f8230:   00007f81153f8340 00007f8167f6d1d3
0x00007f81153f8240:   00007f8164d70070 00007f81153f8280
0x00007f81153f8250:   00007f810000000e 00007f81602639e0
0x00007f81153f8260:   00007f81153f8270 00007f81153f83d0
0x00007f81153f8270:   00007f8164cd1cc0 00007f8160263800
0x00007f81153f8280:   00007f8164cd1cc0 00007f8160263800
0x00007f81153f8290:   00007f81602630a0 00007f8134011e50
0x00007f81153f82a0:   00007f8134011e60 00007f8134012238
0x00007f81153f82b0:   00000000000003d8 00007f81602630e0
0x00007f81153f82c0:   00007f8164cd1cc0 00007f8160263800
0x00007f81153f82d0:   0000000064cc7c30 00000000d9357c70
0x00007f81153f82e0:   0000000000000000 00007f8151017e1b
0x00007f81153f82f0:   00007f8164cd1cc0 00007f8160263800
0x00007f81153f8300:   0000000000000000 00000000d9357d00
0x00007f81153f8310:   00007f810000006f 00007f810000000a
0x00007f81153f8320:   00000000d82f77a8 00007f8100000000
0x00007f81153f8330:   00007f81153f8420 00007f81153f83e0
0x00007f81153f8340:   00007f81153f84d0 0000000100000180
0x00007f81153f8350:   0000000000000002 00007f81153f8308
0x00007f81153f8360:   00007f81153f8349 0000000800000005
0x00007f81153f8370:   00007f8100000000 bc166d520d5f3000
0x00007f81153f8380:   00007f81153f8390 00007f8160263800
0x00007f81153f8390:   00007f81602639e0 00007f8160228d38
0x00007f81153f83a0:   00007f81153f8490 616d726f462f7365
0x00007f81153f83b0:   00007f81153f8480 00007f8167f896aa
0x00007f81153f83c0:   00007f810815cf80 00007f81153f8400
0x00007f81153f83d0:   000000000000000e 00007f8100000000
0x00007f81153f83e0:   00007f8160263800 0000000000000000
0x00007f81153f83f0:   0000000000000067 bc166d520d5f3000
0x00007f81153f8400:   00007f816876f938 00007f81694997e0
0x00007f81153f8410:   0000000060243940 00007f8100000063
0x00007f81153f8420:   0000000000000000 0000003000000018 

Instructions: (pc=0x00007f8167f8607d)
0x00007f8167f8605d:   ff 48 89 b5 b8 fe ff ff 64 48 8b 04 25 28 00 00
0x00007f8167f8606d:   00 48 89 45 c8 31 c0 48 85 d2 0f 84 3b 03 00 00
0x00007f8167f8607d:   4c 8b 32 4d 85 f6 0f 84 2f 03 00 00 49 8b b9 20
0x00007f8167f8608d:   01 00 00 48 89 cb 4d 89 c4 e8 f5 4c ff ff 4c 89 

Register to memory mapping:

RAX=0x0000000000000000 is an unknown value
RBX=0x00007f8160263800 is a thread
RCX=0x00007f8160228d38 is an unknown value
RDX=0x616d726f462f7365 is an unknown value
RSP=0x00007f81153f8230 is pointing into the stack for thread: 0x00007f8160263800
RBP=0x00007f81153f83b0 is pointing into the stack for thread: 0x00007f8160263800
RSI=0x00007f81153f83d0 is pointing into the stack for thread: 0x00007f8160263800
RDI=0x00007f81602639e0 is an unknown value
R8 =0x00007f81153f8400 is pointing into the stack for thread: 0x00007f8160263800
R9 =0x00007f8160263800 is a thread
R10=0x00007f8108000bd0 is an unknown value
R11=0x00007f815148cd20 is at entry_point+32 in (nmethod*)0x00007f815148cb90
R12=0x00007f81602639e0 is an unknown value
R13=0x00007f8160263800 is a thread
R14=0x00007f81153f8490 is pointing into the stack for thread: 0x00007f8160263800
R15=0x616d726f462f7365 is an unknown value


Stack: [0x00007f81152f9000,0x00007f81153fa000],  sp=0x00007f81153f8230,  free space=1020k
Native frames: (J=compiled Java code, j=interpreted, Vv=VM code, C=native code)
V  [libjvm.so+0x68107d]
V  [libjvm.so+0x6846aa]
C  [libglass.so+0x12d33]  JNIEnv_::CallVoidMethod(_jobject*, _jmethodID*, ...)+0x93
C  [libglass.so+0x1ccf6]  WindowContextBase::process_key(_GdkEventKey*)+0x226
C  [libglass.so+0x1a9c0]  WindowContextBase::im_filter_keypress(_GdkEventKey*)+0x1f0
C  [libglass.so+0x23094]
C  [libgdk-x11-2.0.so.0+0x5acbc]

Java frames: (J=compiled Java code, j=interpreted, Vv=VM code)
j  com.sun.glass.ui.gtk.GtkApplication._runLoop(Ljava/lang/Runnable;Z)V+0
j  com.sun.glass.ui.gtk.GtkApplication.lambda$null$5(Ljava/lang/Runnable;Z)V+7
j  com.sun.glass.ui.gtk.GtkApplication$$Lambda$41.run()V+12
j  java.lang.Thread.run()V+11
v  ~StubRoutines::call_stub

---------------  P R O C E S S  ---------------

Java Threads: ( => current thread )
  0x00007f810840d800 JavaThread "Prism Font Disposer" daemon [_thread_blocked, id=25381, stack(0x00007f8103c43000,0x00007f8103d44000)]
  0x00007f810809f000 JavaThread "mysql-cj-abandoned-connection-cleanup" daemon [_thread_blocked, id=25376, stack(0x00007f81146f3000,0x00007f81147f4000)]
  0x00007f816026a800 JavaThread "JavaFX-Launcher" [_thread_blocked, id=25375, stack(0x00007f81148b2000,0x00007f81149b3000)]
=>0x00007f8160263800 JavaThread "JavaFX Application Thread" [_thread_in_vm, id=25373, stack(0x00007f81152f9000,0x00007f81153fa000)]
  0x00007f816025f800 JavaThread "Thread-1" daemon [_thread_blocked, id=25372, stack(0x00007f81153fa000,0x00007f81154fb000)]
  0x00007f8160211000 JavaThread "QuantumRenderer-0" daemon [_thread_blocked, id=25370, stack(0x00007f814c35c000,0x00007f814c45d000)]
  0x00007f81600b9800 JavaThread "Service Thread" daemon [_thread_blocked, id=25367, stack(0x00007f814c62a000,0x00007f814c72b000)]
  0x00007f81600b7000 JavaThread "C1 CompilerThread1" daemon [_thread_blocked, id=25366, stack(0x00007f814c72b000,0x00007f814c82c000)]
  0x00007f81600b4000 JavaThread "C2 CompilerThread0" daemon [_thread_blocked, id=25365, stack(0x00007f814c82c000,0x00007f814c92d000)]
  0x00007f81600b2800 JavaThread "Signal Dispatcher" daemon [_thread_blocked, id=25364, stack(0x00007f814c92d000,0x00007f814ca2e000)]
  0x00007f8160080000 JavaThread "Finalizer" daemon [_thread_blocked, id=25363, stack(0x00007f814cbc9000,0x00007f814ccca000)]
  0x00007f816007d800 JavaThread "Reference Handler" daemon [_thread_blocked, id=25362, stack(0x00007f814ccca000,0x00007f814cdcb000)]
  0x00007f816000a800 JavaThread "main" [_thread_blocked, id=25357, stack(0x00007f816953d000,0x00007f816963e000)]

Other Threads:
  0x00007f8160074000 VMThread [stack: 0x00007f814cdcb000,0x00007f814cecc000] [id=25361]
  0x00007f81600bc000 WatcherThread [stack: 0x00007f814c529000,0x00007f814c62a000] [id=25368]

VM state:not at safepoint (normal execution)

VM Mutex/Monitor currently owned by a thread: None

Heap:
 PSYoungGen      total 36864K, used 23481K [0x00000000d7380000, 0x00000000dbb80000, 0x0000000100000000)
  eden space 31744K, 57% used [0x00000000d7380000,0x00000000d8571f80,0x00000000d9280000)
  from space 5120K, 99% used [0x00000000d9280000,0x00000000d977c4f0,0x00000000d9780000)
  to   space 5120K, 0% used [0x00000000db680000,0x00000000db680000,0x00000000dbb80000)
 ParOldGen       total 84992K, used 6965K [0x0000000085a00000, 0x000000008ad00000, 0x00000000d7380000)
  object space 84992K, 8% used [0x0000000085a00000,0x00000000860cd440,0x000000008ad00000)
 Metaspace       used 19648K, capacity 20396K, committed 20608K, reserved 1067008K
  class space    used 2641K, capacity 2833K, committed 2944K, reserved 1048576K

Card table byte_map: [0x00007f8165843000,0x00007f8165c17000] byte_map_base: 0x00007f8165416000

Marking Bits: (ParMarkBitMap*) 0x00007f81688333a0
 Begin Bits: [0x00007f814d2d0000, 0x00007f814f168000)
 End Bits:   [0x00007f814f168000, 0x00007f8151000000)

Polling page: 0x00007f8169658000

CodeCache: size=245760Kb used=5964Kb max_used=5964Kb free=239795Kb
 bounds [0x00007f8151000000, 0x00007f81515e0000, 0x00007f8160000000]
 total_blobs=2652 nmethods=1959 adapters=608
 compilation: enabled

Compilation events (10 events):
Event: 11.115 Thread 0x00007f81600b7000 nmethod 1951 0x00007f81515ca690 code [0x00007f81515ca820, 0x00007f81515caaf8]
Event: 11.115 Thread 0x00007f81600b7000 1947       3       com.sun.javafx.css.PseudoClassState::retainAll (6 bytes)
Event: 11.115 Thread 0x00007f81600b7000 nmethod 1947 0x00007f81515d1150 code [0x00007f81515d12c0, 0x00007f81515d1448]
Event: 11.115 Thread 0x00007f81600b7000 1949       1       com.sun.javafx.scene.NodeEventDispatcher::getEventHandlerManager (5 bytes)
Event: 11.115 Thread 0x00007f81600b7000 nmethod 1949 0x00007f81515d14d0 code [0x00007f81515d1620, 0x00007f81515d1730]
Event: 11.115 Thread 0x00007f81600b7000 1952   !   3       sun.reflect.GeneratedMethodAccessor2::invoke (130 bytes)
Event: 11.118 Thread 0x00007f81600b4000 1959       4       java.lang.Math::getExponent (17 bytes)
Event: 11.118 Thread 0x00007f81600b4000 nmethod 1959 0x00007f81515ca490 code [0x00007f81515ca5c0, 0x00007f81515ca618]
Event: 11.129 Thread 0x00007f81600b7000 nmethod 1952 0x00007f81515d2750 code [0x00007f81515d29c0, 0x00007f81515d3c48]
Event: 11.129 Thread 0x00007f81600b7000 1958       3       java.lang.StrictMath::floorOrCeil (128 bytes)

GC Heap History (6 events):
Event: 2.344 GC heap before
{Heap before GC invocations=1 (full 0):
 PSYoungGen      total 36864K, used 31744K [0x00000000d7380000, 0x00000000d9c80000, 0x0000000100000000)
  eden space 31744K, 100% used [0x00000000d7380000,0x00000000d9280000,0x00000000d9280000)
  from space 5120K, 0% used [0x00000000d9780000,0x00000000d9780000,0x00000000d9c80000)
  to   space 5120K, 0% used [0x00000000d9280000,0x00000000d9280000,0x00000000d9780000)
 ParOldGen       total 84992K, used 0K [0x0000000085a00000, 0x000000008ad00000, 0x00000000d7380000)
  object space 84992K, 0% used [0x0000000085a00000,0x0000000085a00000,0x000000008ad00000)
 Metaspace       used 11571K, capacity 12002K, committed 12288K, reserved 1060864K
  class space    used 1353K, capacity 1517K, committed 1536K, reserved 1048576K
Event: 2.362 GC heap after
Heap after GC invocations=1 (full 0):
 PSYoungGen      total 36864K, used 5115K [0x00000000d7380000, 0x00000000d9c80000, 0x0000000100000000)
  eden space 31744K, 0% used [0x00000000d7380000,0x00000000d7380000,0x00000000d9280000)
  from space 5120K, 99% used [0x00000000d9280000,0x00000000d977ec80,0x00000000d9780000)
  to   space 5120K, 0% used [0x00000000d9780000,0x00000000d9780000,0x00000000d9c80000)
 ParOldGen       total 84992K, used 1935K [0x0000000085a00000, 0x000000008ad00000, 0x00000000d7380000)
  object space 84992K, 2% used [0x0000000085a00000,0x0000000085be3e98,0x000000008ad00000)
 Metaspace       used 11571K, capacity 12002K, committed 12288K, reserved 1060864K
  class space    used 1353K, capacity 1517K, committed 1536K, reserved 1048576K
}
Event: 2.712 GC heap before
{Heap before GC invocations=2 (full 0):
 PSYoungGen      total 36864K, used 36859K [0x00000000d7380000, 0x00000000d9c80000, 0x0000000100000000)
  eden space 31744K, 100% used [0x00000000d7380000,0x00000000d9280000,0x00000000d9280000)
  from space 5120K, 99% used [0x00000000d9280000,0x00000000d977ec80,0x00000000d9780000)
  to   space 5120K, 0% used [0x00000000d9780000,0x00000000d9780000,0x00000000d9c80000)
 ParOldGen       total 84992K, used 1935K [0x0000000085a00000, 0x000000008ad00000, 0x00000000d7380000)
  object space 84992K, 2% used [0x0000000085a00000,0x0000000085be3e98,0x000000008ad00000)
 Metaspace       used 12846K, capacity 13198K, committed 13568K, reserved 1060864K
  class space    used 1542K, capacity 1680K, committed 1792K, reserved 1048576K
Event: 2.727 GC heap after
Heap after GC invocations=2 (full 0):
 PSYoungGen      total 36864K, used 5092K [0x00000000d7380000, 0x00000000dbb80000, 0x0000000100000000)
  eden space 31744K, 0% used [0x00000000d7380000,0x00000000d7380000,0x00000000d9280000)
  from space 5120K, 99% used [0x00000000d9780000,0x00000000d9c79000,0x00000000d9c80000)
  to   space 5120K, 0% used [0x00000000d9280000,0x00000000d9280000,0x00000000d9780000)
 ParOldGen       total 84992K, used 2837K [0x0000000085a00000, 0x000000008ad00000, 0x00000000d7380000)
  object space 84992K, 3% used [0x0000000085a00000,0x0000000085cc55e0,0x000000008ad00000)
 Metaspace       used 12846K, capacity 13198K, committed 13568K, reserved 1060864K
  class space    used 1542K, capacity 1680K, committed 1792K, reserved 1048576K
}
Event: 3.820 GC heap before
{Heap before GC invocations=3 (full 0):
 PSYoungGen      total 36864K, used 36836K [0x00000000d7380000, 0x00000000dbb80000, 0x0000000100000000)
  eden space 31744K, 100% used [0x00000000d7380000,0x00000000d9280000,0x00000000d9280000)
  from space 5120K, 99% used [0x00000000d9780000,0x00000000d9c79000,0x00000000d9c80000)
  to   space 5120K, 0% used [0x00000000d9280000,0x00000000d9280000,0x00000000d9780000)
 ParOldGen       total 84992K, used 2837K [0x0000000085a00000, 0x000000008ad00000, 0x00000000d7380000)
  object space 84992K, 3% used [0x0000000085a00000,0x0000000085cc55e0,0x000000008ad00000)
 Metaspace       used 16135K, capacity 16718K, committed 16896K, reserved 1064960K
  class space    used 2111K, capacity 2304K, committed 2304K, reserved 1048576K
Event: 3.851 GC heap after
Heap after GC invocations=3 (full 0):
 PSYoungGen      total 36864K, used 5105K [0x00000000d7380000, 0x00000000dbb80000, 0x0000000100000000)
  eden space 31744K, 0% used [0x00000000d7380000,0x00000000d7380000,0x00000000d9280000)
  from space 5120K, 99% used [0x00000000d9280000,0x00000000d977c4f0,0x00000000d9780000)
  to   space 5120K, 0% used [0x00000000db680000,0x00000000db680000,0x00000000dbb80000)
 ParOldGen       total 84992K, used 6965K [0x0000000085a00000, 0x000000008ad00000, 0x00000000d7380000)
  object space 84992K, 8% used [0x0000000085a00000,0x00000000860cd440,0x000000008ad00000)
 Metaspace       used 16135K, capacity 16718K, committed 16896K, reserved 1064960K
  class space    used 2111K, capacity 2304K, committed 2304K, reserved 1048576K
}

Deoptimization events (10 events):
Event: 3.728 Thread 0x00007f8160263800 Uncommon trap: reason=class_check action=maybe_recompile pc=0x00007f8151113ee0 method=java.lang.String.equals(Ljava/lang/Object;)Z @ 8
Event: 3.728 Thread 0x00007f8160263800 Uncommon trap: reason=class_check action=maybe_recompile pc=0x00007f8151113ee0 method=java.lang.String.equals(Ljava/lang/Object;)Z @ 8
Event: 3.735 Thread 0x00007f8160263800 Uncommon trap: reason=class_check action=maybe_recompile pc=0x00007f8151113ee0 method=java.lang.String.equals(Ljava/lang/Object;)Z @ 8
Event: 3.896 Thread 0x00007f8160263800 Uncommon trap: reason=unstable_if action=reinterpret pc=0x00007f81513a87ac method=java.lang.ClassLoader.checkName(Ljava/lang/String;)Z @ 20
Event: 4.467 Thread 0x00007f8160263800 Uncommon trap: reason=unstable_if action=reinterpret pc=0x00007f81513c4ee4 method=jdk.internal.org.objectweb.asm.Type.getArgumentsAndReturnSizes(Ljava/lang/String;)I @ 47
Event: 5.372 Thread 0x00007f8160211000 Uncommon trap: reason=unstable_if action=reinterpret pc=0x00007f815146e5e0 method=java.lang.StrictMath.floorOrCeil(DDDD)D @ 115
Event: 6.386 Thread 0x00007f810809f000 Uncommon trap: reason=unstable_if action=reinterpret pc=0x00007f81512f0c14 method=java.lang.String.lastIndexOf([CII[CIII)I @ 66
Event: 9.803 Thread 0x00007f8160263800 Uncommon trap: reason=unstable_if action=reinterpret pc=0x00007f815129b1a0 method=java.lang.CharacterData.of(I)Ljava/lang/CharacterData; @ 4
Event: 10.967 Thread 0x00007f8160263800 Uncommon trap: reason=unstable_if action=reinterpret pc=0x00007f81512f28dc method=sun.nio.cs.UTF_8$Decoder.decode([BII[C)I @ 30
Event: 11.026 Thread 0x00007f8160263800 Uncommon trap: reason=unstable_if action=reinterpret pc=0x00007f81514e447c method=java.lang.StrictMath.floorOrCeil(DDDD)D @ 38

Classes redefined (0 events):
No events

Internal exceptions (10 events):
Event: 0.617 Thread 0x00007f816000a800 Exception <a 'java/security/PrivilegedActionException'> (0x00000000d7634ef0) thrown at [/build/openjdk-8-8u181-b13/src/hotspot/src/share/vm/prims/jvm.cpp, line 1435]
Event: 0.617 Thread 0x00007f816000a800 Exception <a 'java/security/PrivilegedActionException'> (0x00000000d76359c8) thrown at [/build/openjdk-8-8u181-b13/src/hotspot/src/share/vm/prims/jvm.cpp, line 1435]
Event: 0.617 Thread 0x00007f816000a800 Exception <a 'java/security/PrivilegedActionException'> (0x00000000d7635bd8) thrown at [/build/openjdk-8-8u181-b13/src/hotspot/src/share/vm/prims/jvm.cpp, line 1435]
Event: 0.618 Thread 0x00007f816000a800 Exception <a 'java/lang/NullPointerException'> (0x00000000d7637180) thrown at [/build/openjdk-8-8u181-b13/src/hotspot/src/share/vm/interpreter/linkResolver.cpp, line 1185]
Event: 2.161 Thread 0x00007f8160263800 Exception <a 'java/lang/NullPointerException'> (0x00000000d8b463e0) thrown at [/build/openjdk-8-8u181-b13/src/hotspot/src/share/vm/interpreter/linkResolver.cpp, line 1185]
Event: 2.161 Thread 0x00007f8160263800 Exception <a 'java/lang/NullPointerException'> (0x00000000d8b463e0) thrown at [/build/openjdk-8-8u181-b13/src/hotspot/src/share/vm/prims/jvm.cpp, line 1439]
Event: 2.702 Thread 0x00007f8160263800 Exception <a 'java/lang/ArrayIndexOutOfBoundsException'> (0x00000000d9233f08) thrown at [/build/openjdk-8-8u181-b13/src/hotspot/src/share/vm/runtime/sharedRuntime.cpp, line 605]
Event: 2.703 Thread 0x00007f8160263800 Exception <a 'java/lang/ArrayIndexOutOfBoundsException'> (0x00000000d9234c08) thrown at [/build/openjdk-8-8u181-b13/src/hotspot/src/share/vm/runtime/sharedRuntime.cpp, line 605]
Event: 2.703 Thread 0x00007f8160263800 Exception <a 'java/lang/ArrayIndexOutOfBoundsException'> (0x00000000d9235fb0) thrown at [/build/openjdk-8-8u181-b13/src/hotspot/src/share/vm/runtime/sharedRuntime.cpp, line 605]
Event: 3.427 Thread 0x00007f8160263800 Implicit null exception at 0x00007f81513553f5 to 0x00007f8151355611

Events (10 events):
Event: 11.016 loading class javafx/scene/effect/Reflection$1 done
Event: 11.016 loading class com/sun/javafx/effect/EffectDirtyBits
Event: 11.016 loading class com/sun/javafx/effect/EffectDirtyBits done
Event: 11.018 loading class javafx/scene/Node$MiscProperties$9$1
Event: 11.018 loading class javafx/scene/Node$MiscProperties$9$1 done
Event: 11.026 Thread 0x00007f8160263800 Uncommon trap: trap_request=0xffffff65 fr.pc=0x00007f81514e447c
Event: 11.026 Thread 0x00007f8160263800 DEOPT PACKING pc=0x00007f81514e447c sp=0x00007f81153f67d0
Event: 11.026 Thread 0x00007f8160263800 DEOPT UNPACKING pc=0x00007f815104547a sp=0x00007f81153f6718 mode 2
Event: 11.128 loading class com/sun/javafx/scene/KeyboardShortcutsHandler$1
Event: 11.128 loading class com/sun/javafx/scene/KeyboardShortcutsHandler$1 done


Dynamic libraries:
85a00000-8ad00000 rw-p 00000000 00:00 0 
8ad00000-d7380000 ---p 00000000 00:00 0 
d7380000-dbb80000 rw-p 00000000 00:00 0 
dbb80000-100000000 ---p 00000000 00:00 0 
100000000-1002e0000 rw-p 00000000 00:00 0 
1002e0000-140000000 ---p 00000000 00:00 0 
555ce59f3000-555ce59f4000 r-xp 00000000 08:08 1715118                    /usr/lib/jvm/java-8-openjdk-amd64/jre/bin/java
555ce5bf3000-555ce5bf4000 r--p 00000000 08:08 1715118                    /usr/lib/jvm/java-8-openjdk-amd64/jre/bin/java
555ce5bf4000-555ce5bf5000 rw-p 00001000 08:08 1715118                    /usr/lib/jvm/java-8-openjdk-amd64/jre/bin/java
555ce5e8d000-555ce5eae000 rw-p 00000000 00:00 0                          [heap]
7f810325d000-7f810339d000 rw-p 00000000 00:00 0 
7f810339d000-7f810345d000 ---p 00000000 00:00 0 
7f810345d000-7f810346d000 rw-s 00000000 00:18 178                        /i915 (deleted)
7f810346d000-7f810346e000 rw-s 00000000 00:18 161                        /i915 (deleted)
7f810346e000-7f8103472000 rw-s 00000000 00:18 176                        /i915 (deleted)
7f8103472000-7f81034d2000 rw-s 1045c7000 00:06 344                       /dev/dri/card0
7f81034d2000-7f8103692000 rw-s 101a57000 00:06 344                       /dev/dri/card0
7f8103692000-7f81036f2000 rw-s 102117000 00:06 344                       /dev/dri/card0
7f81036f2000-7f8103700000 rw-s 104e5d000 00:06 344                       /dev/dri/card0
7f8103700000-7f8103704000 rw-s 00000000 00:18 141                        /i915 (deleted)
7f8103704000-7f8103709000 rw-s 00000000 00:18 140                        /i915 (deleted)
7f8103709000-7f81038c9000 rw-s 1031f6000 00:06 344                       /dev/dri/card0
7f81038c9000-7f81038d9000 rw-s 00000000 00:18 159                        /i915 (deleted)
7f81038d9000-7f81038e9000 rw-s 00000000 00:18 122                        /i915 (deleted)
7f81038e9000-7f8103be9000 rw-s 106323000 00:06 344                       /dev/dri/card0
7f8103be9000-7f8103bfc000 r--s 00346000 08:08 1715206                    /usr/lib/jvm/java-8-openjdk-amd64/jre/lib/resources.jar
7f8103bfc000-7f8103c43000 r--p 00000000 08:08 2491713                    /usr/share/fonts/truetype/noto/NotoSans-BoldItalic.ttf
7f8103c43000-7f8103c46000 ---p 00000000 00:00 0 
7f8103c46000-7f8103f44000 rw-p 00000000 00:00 0 
7f8103f44000-7f8103f74000 r-xp 00000000 08:08 1973152                    /usr/lib/x86_64-linux-gnu/gtk-2.0/2.10.0/engines/libmurrine.so
7f8103f74000-7f8104174000 ---p 00030000 08:08 1973152                    /usr/lib/x86_64-linux-gnu/gtk-2.0/2.10.0/engines/libmurrine.so
7f8104174000-7f8104175000 r--p 00030000 08:08 1973152                    /usr/lib/x86_64-linux-gnu/gtk-2.0/2.10.0/engines/libmurrine.so
7f8104175000-7f8104176000 rw-p 00031000 08:08 1973152                    /usr/lib/x86_64-linux-gnu/gtk-2.0/2.10.0/engines/libmurrine.so
7f8104176000-7f8104178000 r-xp 00000000 08:08 1973145                    /usr/lib/x86_64-linux-gnu/gtk-2.0/2.10.0/engines/libadwaita.so
7f8104178000-7f8104378000 ---p 00002000 08:08 1973145                    /usr/lib/x86_64-linux-gnu/gtk-2.0/2.10.0/engines/libadwaita.so
7f8104378000-7f8104379000 r--p 00002000 08:08 1973145                    /usr/lib/x86_64-linux-gnu/gtk-2.0/2.10.0/engines/libadwaita.so
7f8104379000-7f810437a000 rw-p 00003000 08:08 1973145                    /usr/lib/x86_64-linux-gnu/gtk-2.0/2.10.0/engines/libadwaita.so
7f810437a000-7f8104384000 r-xp 00000000 08:08 1973153                    /usr/lib/x86_64-linux-gnu/gtk-2.0/2.10.0/engines/libpixmap.so
7f8104384000-7f8104583000 ---p 0000a000 08:08 1973153                    /usr/lib/x86_64-linux-gnu/gtk-2.0/2.10.0/engines/libpixmap.so
7f8104583000-7f8104584000 r--p 00009000 08:08 1973153                    /usr/lib/x86_64-linux-gnu/gtk-2.0/2.10.0/engines/libpixmap.so
7f8104584000-7f8104585000 rw-p 0000a000 08:08 1973153                    /usr/lib/x86_64-linux-gnu/gtk-2.0/2.10.0/engines/libpixmap.so
7f8104585000-7f810458a000 r-xp 00000000 08:08 1717399                    /usr/lib/jvm/java-8-openjdk-amd64/jre/lib/amd64/libjavafx_font_freetype.so
7f810458a000-7f8104789000 ---p 00005000 08:08 1717399                    /usr/lib/jvm/java-8-openjdk-amd64/jre/lib/amd64/libjavafx_font_freetype.so
7f8104789000-7f810478a000 r--p 00004000 08:08 1717399                    /usr/lib/jvm/java-8-openjdk-amd64/jre/lib/amd64/libjavafx_font_freetype.so
7f810478a000-7f810478b000 rw-p 00005000 08:08 1717399                    /usr/lib/jvm/java-8-openjdk-amd64/jre/lib/amd64/libjavafx_font_freetype.so
7f810478b000-7f810498b000 rw-p 00000000 00:00 0 
7f810498b000-7f810498e000 r-xp 00000000 08:08 1717398                    /usr/lib/jvm/java-8-openjdk-amd64/jre/lib/amd64/libjavafx_font.so
7f810498e000-7f8104b8d000 ---p 00003000 08:08 1717398                    /usr/lib/jvm/java-8-openjdk-amd64/jre/lib/amd64/libjavafx_font.so
7f8104b8d000-7f8104b8e000 r--p 00002000 08:08 1717398                    /usr/lib/jvm/java-8-openjdk-amd64/jre/lib/amd64/libjavafx_font.so
7f8104b8e000-7f8104b8f000 rw-p 00003000 08:08 1717398                    /usr/lib/jvm/java-8-openjdk-amd64/jre/lib/amd64/libjavafx_font.so
7f8104b8f000-7f8104bf8000 r-xp 00000000 08:08 1974422                    /usr/lib/x86_64-linux-gnu/libjpeg.so.62.2.0
7f8104bf8000-7f8104df8000 ---p 00069000 08:08 1974422                    /usr/lib/x86_64-linux-gnu/libjpeg.so.62.2.0
7f8104df8000-7f8104df9000 r--p 00069000 08:08 1974422                    /usr/lib/x86_64-linux-gnu/libjpeg.so.62.2.0
7f8104df9000-7f8104dfa000 rw-p 0006a000 08:08 1974422                    /usr/lib/x86_64-linux-gnu/libjpeg.so.62.2.0
7f8104dfa000-7f8104dfe000 r-xp 00000000 08:08 1717401                    /usr/lib/jvm/java-8-openjdk-amd64/jre/lib/amd64/libjavafx_iio.so
7f8104dfe000-7f8104ffd000 ---p 00004000 08:08 1717401                    /usr/lib/jvm/java-8-openjdk-amd64/jre/lib/amd64/libjavafx_iio.so
7f8104ffd000-7f8104ffe000 r--p 00003000 08:08 1717401                    /usr/lib/jvm/java-8-openjdk-amd64/jre/lib/amd64/libjavafx_iio.so
7f8104ffe000-7f8104fff000 rw-p 00004000 08:08 1717401                    /usr/lib/jvm/java-8-openjdk-amd64/jre/lib/amd64/libjavafx_iio.so
7f8104fff000-7f8108000000 rw-p 00000000 00:00 0 
7f8108000000-7f81085d7000 rw-p 00000000 00:00 0 
7f81085d7000-7f810c000000 ---p 00000000 00:00 0 
7f810c000000-7f810c021000 rw-p 00000000 00:00 0 
7f810c021000-7f8110000000 ---p 00000000 00:00 0 
7f8110000000-7f8110021000 rw-p 00000000 00:00 0 
7f8110021000-7f8114000000 ---p 00000000 00:00 0 
7f8114000000-7f8114005000 rw-s 00000000 00:18 164                        /i915 (deleted)
7f8114005000-7f8114011000 rw-s 00000000 00:18 165                        /i915 (deleted)
7f8114011000-7f811405c000 r--p 00000000 08:08 2491715                    /usr/share/fonts/truetype/noto/NotoSans-Regular.ttf
7f811405c000-7f811405e000 r--s 00000000 08:08 1590387                    /var/cache/fontconfig/4bb17da730f63117fed329ee42a5d05e-le64.cache-4
7f811405e000-7f8114062000 r--s 00000000 08:08 1572907                    /var/cache/fontconfig/0fafd173547752dce4dee1a69e0b3c95-le64.cache-4
7f8114062000-7f81140a4000 r--s 00000000 08:08 1572909                    /var/cache/fontconfig/0bd3dc0958fa2205aaaa8ebb13e2872b-le64.cache-4
7f81140a4000-7f81140aa000 r--s 00000000 08:08 1572928                    /var/cache/fontconfig/3047814df9a2f067bd2d96a2b9c36e5a-le64.cache-4
7f81140aa000-7f81140b6000 r--s 00000000 08:08 1586852                    /var/cache/fontconfig/d589a48862398ed80a3d6066f4f56f4c-le64.cache-4
7f81140b6000-7f81140b9000 r--s 00000000 08:08 1572923                    /var/cache/fontconfig/47e67d79d01846c7b6efd6b4f03a6092-le64.cache-4
7f81140b9000-7f81140cb000 r--s 00000000 08:08 1572910                    /var/cache/fontconfig/9b89f8e3dae116d678bbf48e5f21f69b-le64.cache-4
7f81140cb000-7f81140ce000 r--s 00000000 08:08 1590385                    /var/cache/fontconfig/bf6ddb0059d58ea573e04b43f868001f-le64.cache-4
7f81140ce000-7f81140d1000 r--s 00000000 08:08 1572931                    /var/cache/fontconfig/e13b20fdb08344e0e664864cc2ede53d-le64.cache-4
7f81140d1000-7f81142d1000 rw-p 00000000 00:00 0 
7f81142d1000-7f81142d6000 r--s 002f9000 08:08 1715168                    /usr/lib/jvm/java-8-openjdk-amd64/jre/lib/charsets.jar
7f81142d6000-7f81142db000 r--s 0009d000 08:08 1715201                    /usr/lib/jvm/java-8-openjdk-amd64/jre/lib/jsse.jar
7f81142db000-7f81144db000 rw-p 00000000 00:00 0 
7f81144db000-7f81144f2000 r-xp 00000000 08:08 1715156                    /usr/lib/jvm/java-8-openjdk-amd64/jre/lib/amd64/libnet.so
7f81144f2000-7f81146f1000 ---p 00017000 08:08 1715156                    /usr/lib/jvm/java-8-openjdk-amd64/jre/lib/amd64/libnet.so
7f81146f1000-7f81146f2000 r--p 00016000 08:08 1715156                    /usr/lib/jvm/java-8-openjdk-amd64/jre/lib/amd64/libnet.so
7f81146f2000-7f81146f3000 rw-p 00017000 08:08 1715156                    /usr/lib/jvm/java-8-openjdk-amd64/jre/lib/amd64/libnet.so
7f81146f3000-7f81146f6000 ---p 00000000 00:00 0 
7f81146f6000-7f81147f4000 rw-p 00000000 00:00 0 
7f81147f4000-7f811480c000 r--s 0021f000 08:09 14421222                   /home/atomx/eclipse-workspace/Library/lib/mysql-connector-java-8.0.17.jar
7f811480c000-7f81148b2000 r--s 010bb000 08:09 14421221                   /home/atomx/eclipse-workspace/Library/lib/jfxrt.jar
7f81148b2000-7f81148b5000 ---p 00000000 00:00 0 
7f81148b5000-7f81149b3000 rw-p 00000000 00:00 0 
7f81149b3000-7f81149b7000 rw-s 00000000 00:18 155                        /i915 (deleted)
7f81149b7000-7f81149b8000 ---p 00000000 00:00 0 
7f81149b8000-7f81151b8000 rw-p 00000000 00:00 0 
7f81151b8000-7f81152f9000 rw-s 00000000 08:09 12845132                   /home/atomx/.cache/mesa_shader_cache/index
7f81152f9000-7f81152fc000 ---p 00000000 00:00 0 
7f81152fc000-7f81153fa000 rw-p 00000000 00:00 0 
7f81153fa000-7f81153fd000 ---p 00000000 00:00 0 
7f81153fd000-7f81154fb000 rw-p 00000000 00:00 0 
7f81154fb000-7f8115524000 r-xp 00000000 08:08 1717396                    /usr/lib/jvm/java-8-openjdk-amd64/jre/lib/amd64/libglass.so
7f8115524000-7f8115724000 ---p 00029000 08:08 1717396                    /usr/lib/jvm/java-8-openjdk-amd64/jre/lib/amd64/libglass.so
7f8115724000-7f8115725000 r--p 00029000 08:08 1717396                    /usr/lib/jvm/java-8-openjdk-amd64/jre/lib/amd64/libglass.so
7f8115725000-7f8115726000 rw-p 0002a000 08:08 1717396                    /usr/lib/jvm/java-8-openjdk-amd64/jre/lib/amd64/libglass.so
7f8115726000-7f8115727000 rw-p 00000000 00:00 0 
7f8115727000-7f8115728000 ---p 00000000 00:00 0 
7f8115728000-7f8115f28000 rw-p 00000000 00:00 0 
7f8115f28000-7f8115f30000 r-xp 00000000 08:08 1974752                    /usr/lib/x86_64-linux-gnu/libpciaccess.so.0.11.1
7f8115f30000-7f8116130000 ---p 00008000 08:08 1974752                    /usr/lib/x86_64-linux-gnu/libpciaccess.so.0.11.1
7f8116130000-7f8116131000 r--p 00008000 08:08 1974752                    /usr/lib/x86_64-linux-gnu/libpciaccess.so.0.11.1
7f8116131000-7f8116132000 rw-p 00009000 08:08 1974752                    /usr/lib/x86_64-linux-gnu/libpciaccess.so.0.11.1
7f8116132000-7f811613d000 r-xp 00000000 08:08 1973844                    /usr/lib/x86_64-linux-gnu/libdrm_radeon.so.1.0.1
7f811613d000-7f811633c000 ---p 0000b000 08:08 1973844                    /usr/lib/x86_64-linux-gnu/libdrm_radeon.so.1.0.1
7f811633c000-7f811633d000 r--p 0000a000 08:08 1973844                    /usr/lib/x86_64-linux-gnu/libdrm_radeon.so.1.0.1
7f811633d000-7f811633e000 rw-p 0000b000 08:08 1973844                    /usr/lib/x86_64-linux-gnu/libdrm_radeon.so.1.0.1
7f811633e000-7f8116345000 r-xp 00000000 08:08 1973842                    /usr/lib/x86_64-linux-gnu/libdrm_nouveau.so.2.0.0
7f8116345000-7f8116544000 ---p 00007000 08:08 1973842                    /usr/lib/x86_64-linux-gnu/libdrm_nouveau.so.2.0.0
7f8116544000-7f8116545000 r--p 00006000 08:08 1973842                    /usr/lib/x86_64-linux-gnu/libdrm_nouveau.so.2.0.0
7f8116545000-7f8116546000 rw-p 00007000 08:08 1973842                    /usr/lib/x86_64-linux-gnu/libdrm_nouveau.so.2.0.0
7f8116546000-7f8116569000 r-xp 00000000 08:08 1973840                    /usr/lib/x86_64-linux-gnu/libdrm_intel.so.1.0.0
7f8116569000-7f8116768000 ---p 00023000 08:08 1973840                    /usr/lib/x86_64-linux-gnu/libdrm_intel.so.1.0.0
7f8116768000-7f8116769000 r--p 00022000 08:08 1973840                    /usr/lib/x86_64-linux-gnu/libdrm_intel.so.1.0.0
7f8116769000-7f811676a000 rw-p 00023000 08:08 1973840                    /usr/lib/x86_64-linux-gnu/libdrm_intel.so.1.0.0
7f811676a000-7f8117099000 r-xp 00000000 08:08 1972506                    /usr/lib/x86_64-linux-gnu/dri/i965_dri.so
7f8117099000-7f8117298000 ---p 0092f000 08:08 1972506                    /usr/lib/x86_64-linux-gnu/dri/i965_dri.so
7f8117298000-7f81172f2000 r--p 0092e000 08:08 1972506                    /usr/lib/x86_64-linux-gnu/dri/i965_dri.so
7f81172f2000-7f81172fd000 rw-p 00988000 08:08 1972506                    /usr/lib/x86_64-linux-gnu/dri/i965_dri.so
7f81172fd000-7f81173b0000 rw-p 00000000 00:00 0 
7f81173b0000-7f81173c0000 r-xp 00000000 08:08 1973836                    /usr/lib/x86_64-linux-gnu/libdrm.so.2.4.0
7f81173c0000-7f81175bf000 ---p 00010000 08:08 1973836                    /usr/lib/x86_64-linux-gnu/libdrm.so.2.4.0
7f81175bf000-7f81175c0000 r--p 0000f000 08:08 1973836                    /usr/lib/x86_64-linux-gnu/libdrm.so.2.4.0
7f81175c0000-7f81175c1000 rw-p 00010000 08:08 1973836                    /usr/lib/x86_64-linux-gnu/libdrm.so.2.4.0
7f81175c1000-7f81175c5000 r-xp 00000000 08:08 1975194                    /usr/lib/x86_64-linux-gnu/libxcb-dri2.so.0.0.0
7f81175c5000-7f81177c4000 ---p 00004000 08:08 1975194                    /usr/lib/x86_64-linux-gnu/libxcb-dri2.so.0.0.0
7f81177c4000-7f81177c5000 r--p 00003000 08:08 1975194                    /usr/lib/x86_64-linux-gnu/libxcb-dri2.so.0.0.0
7f81177c5000-7f81177c6000 rw-p 00004000 08:08 1975194                    /usr/lib/x86_64-linux-gnu/libxcb-dri2.so.0.0.0
7f81177c6000-7f81177de000 r-xp 00000000 08:08 1975200                    /usr/lib/x86_64-linux-gnu/libxcb-glx.so.0.0.0
7f81177de000-7f81179de000 ---p 00018000 08:08 1975200                    /usr/lib/x86_64-linux-gnu/libxcb-glx.so.0.0.0
7f81179de000-7f81179e0000 r--p 00018000 08:08 1975200                    /usr/lib/x86_64-linux-gnu/libxcb-glx.so.0.0.0
7f81179e0000-7f81179e1000 rw-p 0001a000 08:08 1975200                    /usr/lib/x86_64-linux-gnu/libxcb-glx.so.0.0.0
7f81179e1000-7f81179e2000 r-xp 00000000 08:08 1973515                    /usr/lib/x86_64-linux-gnu/libX11-xcb.so.1.0.0
7f81179e2000-7f8117be1000 ---p 00001000 08:08 1973515                    /usr/lib/x86_64-linux-gnu/libX11-xcb.so.1.0.0
7f8117be1000-7f8117be2000 r--p 00000000 08:08 1973515                    /usr/lib/x86_64-linux-gnu/libX11-xcb.so.1.0.0
7f8117be2000-7f8117be3000 rw-p 00001000 08:08 1973515                    /usr/lib/x86_64-linux-gnu/libX11-xcb.so.1.0.0
7f8117be3000-7f8117c0f000 r-xp 00000000 08:08 1974054                    /usr/lib/x86_64-linux-gnu/libglapi.so.0.0.0
7f8117c0f000-7f8117e0e000 ---p 0002c000 08:08 1974054                    /usr/lib/x86_64-linux-gnu/libglapi.so.0.0.0
7f8117e0e000-7f8117e12000 r--p 0002b000 08:08 1974054                    /usr/lib/x86_64-linux-gnu/libglapi.so.0.0.0
7f8117e12000-7f8117e13000 rw-p 0002f000 08:08 1974054                    /usr/lib/x86_64-linux-gnu/libglapi.so.0.0.0
7f8117e13000-7f8117e14000 rw-p 00000000 00:00 0 
7f8117e14000-7f8117e15000 r-xp 00000000 08:08 1975250                    /usr/lib/x86_64-linux-gnu/libxshmfence.so.1.0.0
7f8117e15000-7f8118014000 ---p 00001000 08:08 1975250                    /usr/lib/x86_64-linux-gnu/libxshmfence.so.1.0.0
7f8118014000-7f8118015000 r--p 00000000 08:08 1975250                    /usr/lib/x86_64-linux-gnu/libxshmfence.so.1.0.0
7f8118015000-7f8118016000 rw-p 00001000 08:08 1975250                    /usr/lib/x86_64-linux-gnu/libxshmfence.so.1.0.0
7f8118016000-7f811801c000 r-xp 00000000 08:08 1975220                    /usr/lib/x86_64-linux-gnu/libxcb-sync.so.1.0.0
7f811801c000-7f811821b000 ---p 00006000 08:08 1975220                    /usr/lib/x86_64-linux-gnu/libxcb-sync.so.1.0.0
7f811821b000-7f811821c000 r--p 00005000 08:08 1975220                    /usr/lib/x86_64-linux-gnu/libxcb-sync.so.1.0.0
7f811821c000-7f811821d000 rw-p 00006000 08:08 1975220                    /usr/lib/x86_64-linux-gnu/libxcb-sync.so.1.0.0
7f811821d000-7f811821f000 r-xp 00000000 08:08 1975208                    /usr/lib/x86_64-linux-gnu/libxcb-present.so.0.0.0
7f811821f000-7f811841e000 ---p 00002000 08:08 1975208                    /usr/lib/x86_64-linux-gnu/libxcb-present.so.0.0.0
7f811841e000-7f811841f000 r--p 00001000 08:08 1975208                    /usr/lib/x86_64-linux-gnu/libxcb-present.so.0.0.0
7f811841f000-7f8118420000 rw-p 00002000 08:08 1975208                    /usr/lib/x86_64-linux-gnu/libxcb-present.so.0.0.0
7f8118420000-7f8118427000 r-xp 00000000 08:08 1975224                    /usr/lib/x86_64-linux-gnu/libxcb-xfixes.so.0.0.0
7f8118427000-7f8118626000 ---p 00007000 08:08 1975224                    /usr/lib/x86_64-linux-gnu/libxcb-xfixes.so.0.0.0
7f8118626000-7f8118627000 r--p 00006000 08:08 1975224                    /usr/lib/x86_64-linux-gnu/libxcb-xfixes.so.0.0.0
7f8118627000-7f8118628000 rw-p 00007000 08:08 1975224                    /usr/lib/x86_64-linux-gnu/libxcb-xfixes.so.0.0.0
7f8118628000-7f811862a000 r-xp 00000000 08:08 1975196                    /usr/lib/x86_64-linux-gnu/libxcb-dri3.so.0.0.0
7f811862a000-7f8118829000 ---p 00002000 08:08 1975196                    /usr/lib/x86_64-linux-gnu/libxcb-dri3.so.0.0.0
7f8118829000-7f811882a000 r--p 00001000 08:08 1975196                    /usr/lib/x86_64-linux-gnu/libxcb-dri3.so.0.0.0
7f811882a000-7f811882b000 rw-p 00002000 08:08 1975196                    /usr/lib/x86_64-linux-gnu/libxcb-dri3.so.0.0.0
7f811882b000-7f811889d000 r-xp 00000000 08:08 1973267                    /usr/lib/x86_64-linux-gnu/libGLX_mesa.so.0.0.0
7f811889d000-7f8118a9c000 ---p 00072000 08:08 1973267                    /usr/lib/x86_64-linux-gnu/libGLX_mesa.so.0.0.0
7f8118a9c000-7f8118a9f000 r--p 00071000 08:08 1973267                    /usr/lib/x86_64-linux-gnu/libGLX_mesa.so.0.0.0
7f8118a9f000-7f8118aa0000 rw-p 00074000 08:08 1973267                    /usr/lib/x86_64-linux-gnu/libGLX_mesa.so.0.0.0
7f8118aa0000-7f8118aa1000 rw-p 00000000 00:00 0 
7f8118aa1000-7f8118aa5000 r-xp 00000000 08:08 1975099                    /usr/lib/x86_64-linux-gnu/libuuid.so.1.3.0
7f8118aa5000-7f8118ca4000 ---p 00004000 08:08 1975099                    /usr/lib/x86_64-linux-gnu/libuuid.so.1.3.0
7f8118ca4000-7f8118ca5000 r--p 00003000 08:08 1975099                    /usr/lib/x86_64-linux-gnu/libuuid.so.1.3.0
7f8118ca5000-7f8118ca6000 rw-p 00004000 08:08 1975099                    /usr/lib/x86_64-linux-gnu/libuuid.so.1.3.0
7f8118ca6000-7f8118cb9000 r-xp 00000000 08:08 1973672                    /usr/lib/x86_64-linux-gnu/libbsd.so.0.8.3
7f8118cb9000-7f8118eb9000 ---p 00013000 08:08 1973672                    /usr/lib/x86_64-linux-gnu/libbsd.so.0.8.3
7f8118eb9000-7f8118eba000 r--p 00013000 08:08 1973672                    /usr/lib/x86_64-linux-gnu/libbsd.so.0.8.3
7f8118eba000-7f8118ebb000 rw-p 00014000 08:08 1973672                    /usr/lib/x86_64-linux-gnu/libbsd.so.0.8.3
7f8118ebb000-7f8118ebc000 rw-p 00000000 00:00 0 
7f8118ebc000-7f8118ec3000 r-xp 00000000 08:08 1973762                    /usr/lib/x86_64-linux-gnu/libdatrie.so.1.3.3
7f8118ec3000-7f81190c2000 ---p 00007000 08:08 1973762                    /usr/lib/x86_64-linux-gnu/libdatrie.so.1.3.3
7f81190c2000-7f81190c3000 r--p 00006000 08:08 1973762                    /usr/lib/x86_64-linux-gnu/libdatrie.so.1.3.3
7f81190c3000-7f81190c4000 rw-p 00007000 08:08 1973762                    /usr/lib/x86_64-linux-gnu/libdatrie.so.1.3.3
7f81190c4000-7f81190ef000 r-xp 00000000 08:08 1974207                    /usr/lib/x86_64-linux-gnu/libgraphite2.so.3.0.1
7f81190ef000-7f81192ee000 ---p 0002b000 08:08 1974207                    /usr/lib/x86_64-linux-gnu/libgraphite2.so.3.0.1
7f81192ee000-7f81192f0000 r--p 0002a000 08:08 1974207                    /usr/lib/x86_64-linux-gnu/libgraphite2.so.3.0.1
7f81192f0000-7f81192f1000 rw-p 0002c000 08:08 1974207                    /usr/lib/x86_64-linux-gnu/libgraphite2.so.3.0.1
7f81192f1000-7f8119332000 r-xp 00000000 08:08 1973657                    /usr/lib/x86_64-linux-gnu/libblkid.so.1.1.0
7f8119332000-7f8119531000 ---p 00041000 08:08 1973657                    /usr/lib/x86_64-linux-gnu/libblkid.so.1.1.0
7f8119531000-7f8119535000 r--p 00040000 08:08 1973657                    /usr/lib/x86_64-linux-gnu/libblkid.so.1.1.0
7f8119535000-7f8119536000 rw-p 00044000 08:08 1973657                    /usr/lib/x86_64-linux-gnu/libblkid.so.1.1.0
7f8119536000-7f8119537000 rw-p 00000000 00:00 0 
7f8119537000-7f811953c000 r-xp 00000000 08:08 1973532                    /usr/lib/x86_64-linux-gnu/libXdmcp.so.6.0.0
7f811953c000-7f811973b000 ---p 00005000 08:08 1973532                    /usr/lib/x86_64-linux-gnu/libXdmcp.so.6.0.0
7f811973b000-7f811973c000 r--p 00004000 08:08 1973532                    /usr/lib/x86_64-linux-gnu/libXdmcp.so.6.0.0
7f811973c000-7f811973d000 rw-p 00005000 08:08 1973532                    /usr/lib/x86_64-linux-gnu/libXdmcp.so.6.0.0
7f811973d000-7f8119740000 r-xp 00000000 08:08 1973521                    /usr/lib/x86_64-linux-gnu/libXau.so.6.0.0
7f8119740000-7f811993f000 ---p 00003000 08:08 1973521                    /usr/lib/x86_64-linux-gnu/libXau.so.6.0.0
7f811993f000-7f8119940000 r--p 00002000 08:08 1973521                    /usr/lib/x86_64-linux-gnu/libXau.so.6.0.0
7f8119940000-7f8119941000 rw-p 00003000 08:08 1973521                    /usr/lib/x86_64-linux-gnu/libXau.so.6.0.0
7f8119941000-7f81199b1000 r-xp 00000000 08:08 1973269                    /usr/lib/x86_64-linux-gnu/libGLdispatch.so.0.0.0
7f81199b1000-7f8119bb1000 ---p 00070000 08:08 1973269                    /usr/lib/x86_64-linux-gnu/libGLdispatch.so.0.0.0
7f8119bb1000-7f8119bda000 r--p 00070000 08:08 1973269                    /usr/lib/x86_64-linux-gnu/libGLdispatch.so.0.0.0
7f8119bda000-7f8119bdb000 rw-p 00099000 08:08 1973269                    /usr/lib/x86_64-linux-gnu/libGLdispatch.so.0.0.0
7f8119bdb000-7f8119bfb000 rw-p 00000000 00:00 0 
7f8119bfb000-7f8119c0b000 r-xp 00000000 08:08 1973264                    /usr/lib/x86_64-linux-gnu/libGLX.so.0.0.0
7f8119c0b000-7f8119e0b000 ---p 00010000 08:08 1973264                    /usr/lib/x86_64-linux-gnu/libGLX.so.0.0.0
7f8119e0b000-7f8119e0c000 r--p 00010000 08:08 1973264                    /usr/lib/x86_64-linux-gnu/libGLX.so.0.0.0
7f8119e0c000-7f8119e0d000 rw-p 00011000 08:08 1973264                    /usr/lib/x86_64-linux-gnu/libGLX.so.0.0.0
7f8119e0d000-7f8119e2d000 rw-p 00000000 00:00 0 
7f8119e2d000-7f8119e9f000 r-xp 00000000 08:08 1974757                    /usr/lib/x86_64-linux-gnu/libpcre.so.3.13.3
7f8119e9f000-7f811a09e000 ---p 00072000 08:08 1974757                    /usr/lib/x86_64-linux-gnu/libpcre.so.3.13.3
7f811a09e000-7f811a09f000 r--p 00071000 08:08 1974757                    /usr/lib/x86_64-linux-gnu/libpcre.so.3.13.3
7f811a09f000-7f811a0a0000 rw-p 00072000 08:08 1974757                    /usr/lib/x86_64-linux-gnu/libpcre.so.3.13.3
7f811a0a0000-7f811a0c7000 r-xp 00000000 08:08 1973918                    /usr/lib/x86_64-linux-gnu/libexpat.so.1.6.2
7f811a0c7000-7f811a2c7000 ---p 00027000 08:08 1973918                    /usr/lib/x86_64-linux-gnu/libexpat.so.1.6.2
7f811a2c7000-7f811a2c9000 r--p 00027000 08:08 1973918                    /usr/lib/x86_64-linux-gnu/libexpat.so.1.6.2
7f811a2c9000-7f811a2ca000 rw-p 00029000 08:08 1973918                    /usr/lib/x86_64-linux-gnu/libexpat.so.1.6.2
7f811a2ca000-7f811a2d1000 r-xp 00000000 08:08 1973938                    /usr/lib/x86_64-linux-gnu/libffi.so.6.0.4
7f811a2d1000-7f811a4d1000 ---p 00007000 08:08 1973938                    /usr/lib/x86_64-linux-gnu/libffi.so.6.0.4
7f811a4d1000-7f811a4d2000 r--p 00007000 08:08 1973938                    /usr/lib/x86_64-linux-gnu/libffi.so.6.0.4
7f811a4d2000-7f811a4d3000 rw-p 00008000 08:08 1973938                    /usr/lib/x86_64-linux-gnu/libffi.so.6.0.4
7f811a4d3000-7f811a4db000 r-xp 00000000 08:08 1975032                    /usr/lib/x86_64-linux-gnu/libthai.so.0.3.0
7f811a4db000-7f811a6db000 ---p 00008000 08:08 1975032                    /usr/lib/x86_64-linux-gnu/libthai.so.0.3.0
7f811a6db000-7f811a6dc000 r--p 00008000 08:08 1975032                    /usr/lib/x86_64-linux-gnu/libthai.so.0.3.0
7f811a6dc000-7f811a6dd000 rw-p 00009000 08:08 1975032                    /usr/lib/x86_64-linux-gnu/libthai.so.0.3.0
7f811a6dd000-7f811a770000 r-xp 00000000 08:08 1974304                    /usr/lib/x86_64-linux-gnu/libharfbuzz.so.0.10400.2
7f811a770000-7f811a96f000 ---p 00093000 08:08 1974304                    /usr/lib/x86_64-linux-gnu/libharfbuzz.so.0.10400.2
7f811a96f000-7f811a971000 r--p 00092000 08:08 1974304                    /usr/lib/x86_64-linux-gnu/libharfbuzz.so.0.10400.2
7f811a971000-7f811a972000 rw-p 00094000 08:08 1974304                    /usr/lib/x86_64-linux-gnu/libharfbuzz.so.0.10400.2
7f811a972000-7f811a9bc000 r-xp 00000000 08:08 1974545                    /usr/lib/x86_64-linux-gnu/libmount.so.1.1.0
7f811a9bc000-7f811abbc000 ---p 0004a000 08:08 1974545                    /usr/lib/x86_64-linux-gnu/libmount.so.1.1.0
7f811abbc000-7f811abbd000 r--p 0004a000 08:08 1974545                    /usr/lib/x86_64-linux-gnu/libmount.so.1.1.0
7f811abbd000-7f811abbe000 rw-p 0004b000 08:08 1974545                    /usr/lib/x86_64-linux-gnu/libmount.so.1.1.0
7f811abbe000-7f811abc0000 rw-p 00000000 00:00 0 
7f811abc0000-7f811abd4000 r-xp 00000000 08:08 1974883                    /usr/lib/x86_64-linux-gnu/libresolv-2.24.so
7f811abd4000-7f811add3000 ---p 00014000 08:08 1974883                    /usr/lib/x86_64-linux-gnu/libresolv-2.24.so
7f811add3000-7f811add4000 r--p 00013000 08:08 1974883                    /usr/lib/x86_64-linux-gnu/libresolv-2.24.so
7f811add4000-7f811add5000 rw-p 00014000 08:08 1974883                    /usr/lib/x86_64-linux-gnu/libresolv-2.24.so
7f811add5000-7f811add7000 rw-p 00000000 00:00 0 
7f811add7000-7f811adfc000 r-xp 00000000 08:08 1974931                    /usr/lib/x86_64-linux-gnu/libselinux.so.1
7f811adfc000-7f811affb000 ---p 00025000 08:08 1974931                    /usr/lib/x86_64-linux-gnu/libselinux.so.1
7f811affb000-7f811affc000 r--p 00024000 08:08 1974931                    /usr/lib/x86_64-linux-gnu/libselinux.so.1
7f811affc000-7f811affd000 rw-p 00025000 08:08 1974931                    /usr/lib/x86_64-linux-gnu/libselinux.so.1
7f811affd000-7f811afff000 rw-p 00000000 00:00 0 
7f811afff000-7f811b00b000 r-xp 00000000 08:08 1975214                    /usr/lib/x86_64-linux-gnu/libxcb-render.so.0.0.0
7f811b00b000-7f811b20b000 ---p 0000c000 08:08 1975214                    /usr/lib/x86_64-linux-gnu/libxcb-render.so.0.0.0
7f811b20b000-7f811b20c000 r--p 0000c000 08:08 1975214                    /usr/lib/x86_64-linux-gnu/libxcb-render.so.0.0.0
7f811b20c000-7f811b20d000 rw-p 0000d000 08:08 1975214                    /usr/lib/x86_64-linux-gnu/libxcb-render.so.0.0.0
7f811b20d000-7f811b234000 r-xp 00000000 08:08 1975232                    /usr/lib/x86_64-linux-gnu/libxcb.so.1.1.0
7f811b234000-7f811b433000 ---p 00027000 08:08 1975232                    /usr/lib/x86_64-linux-gnu/libxcb.so.1.1.0
7f811b433000-7f811b434000 r--p 00026000 08:08 1975232                    /usr/lib/x86_64-linux-gnu/libxcb.so.1.1.0
7f811b434000-7f811b435000 rw-p 00027000 08:08 1975232                    /usr/lib/x86_64-linux-gnu/libxcb.so.1.1.0
7f811b435000-7f811b437000 r-xp 00000000 08:08 1975218                    /usr/lib/x86_64-linux-gnu/libxcb-shm.so.0.0.0
7f811b437000-7f811b637000 ---p 00002000 08:08 1975218                    /usr/lib/x86_64-linux-gnu/libxcb-shm.so.0.0.0
7f811b637000-7f811b638000 r--p 00002000 08:08 1975218                    /usr/lib/x86_64-linux-gnu/libxcb-shm.so.0.0.0
7f811b638000-7f811b639000 rw-p 00003000 08:08 1975218                    /usr/lib/x86_64-linux-gnu/libxcb-shm.so.0.0.0
7f811b639000-7f811b66a000 r-xp 00000000 08:08 1974804                    /usr/lib/x86_64-linux-gnu/libpng16.so.16.28.0
7f811b66a000-7f811b86a000 ---p 00031000 08:08 1974804                    /usr/lib/x86_64-linux-gnu/libpng16.so.16.28.0
7f811b86a000-7f811b86b000 r--p 00031000 08:08 1974804                    /usr/lib/x86_64-linux-gnu/libpng16.so.16.28.0
7f811b86b000-7f811b86c000 rw-p 00032000 08:08 1974804                    /usr/lib/x86_64-linux-gnu/libpng16.so.16.28.0
7f811b86c000-7f811b90a000 r-xp 00000000 08:08 1974787                    /usr/lib/x86_64-linux-gnu/libpixman-1.so.0.34.0
7f811b90a000-7f811bb0a000 ---p 0009e000 08:08 1974787                    /usr/lib/x86_64-linux-gnu/libpixman-1.so.0.34.0
7f811bb0a000-7f811bb12000 r--p 0009e000 08:08 1974787                    /usr/lib/x86_64-linux-gnu/libpixman-1.so.0.34.0
7f811bb12000-7f811bb13000 rw-p 000a6000 08:08 1974787                    /usr/lib/x86_64-linux-gnu/libpixman-1.so.0.34.0
7f811bb13000-7f811bb24000 r-xp 00000000 08:08 1973534                    /usr/lib/x86_64-linux-gnu/libXext.so.6.4.0
7f811bb24000-7f811bd23000 ---p 00011000 08:08 1973534                    /usr/lib/x86_64-linux-gnu/libXext.so.6.4.0
7f811bd23000-7f811bd24000 r--p 00010000 08:08 1973534                    /usr/lib/x86_64-linux-gnu/libXext.so.6.4.0
7f811bd24000-7f811bd25000 rw-p 00011000 08:08 1973534                    /usr/lib/x86_64-linux-gnu/libXext.so.6.4.0
7f811bd25000-7f811bd2f000 r-xp 00000000 08:08 1973528                    /usr/lib/x86_64-linux-gnu/libXcursor.so.1.0.2
7f811bd2f000-7f811bf2e000 ---p 0000a000 08:08 1973528                    /usr/lib/x86_64-linux-gnu/libXcursor.so.1.0.2
7f811bf2e000-7f811bf2f000 r--p 00009000 08:08 1973528                    /usr/lib/x86_64-linux-gnu/libXcursor.so.1.0.2
7f811bf2f000-7f811bf30000 rw-p 0000a000 08:08 1973528                    /usr/lib/x86_64-linux-gnu/libXcursor.so.1.0.2
7f811bf30000-7f811bf3a000 r-xp 00000000 08:08 1973554                    /usr/lib/x86_64-linux-gnu/libXrandr.so.2.2.0
7f811bf3a000-7f811c139000 ---p 0000a000 08:08 1973554                    /usr/lib/x86_64-linux-gnu/libXrandr.so.2.2.0
7f811c139000-7f811c13a000 r--p 00009000 08:08 1973554                    /usr/lib/x86_64-linux-gnu/libXrandr.so.2.2.0
7f811c13a000-7f811c13b000 rw-p 0000a000 08:08 1973554                    /usr/lib/x86_64-linux-gnu/libXrandr.so.2.2.0
7f811c13b000-7f811c14a000 r-xp 00000000 08:08 1973544                    /usr/lib/x86_64-linux-gnu/libXi.so.6.1.0
7f811c14a000-7f811c349000 ---p 0000f000 08:08 1973544                    /usr/lib/x86_64-linux-gnu/libXi.so.6.1.0
7f811c349000-7f811c34a000 r--p 0000e000 08:08 1973544                    /usr/lib/x86_64-linux-gnu/libXi.so.6.1.0
7f811c34a000-7f811c34b000 rw-p 0000f000 08:08 1973544                    /usr/lib/x86_64-linux-gnu/libXi.so.6.1.0
7f811c34b000-7f811c34d000 r-xp 00000000 08:08 1973546                    /usr/lib/x86_64-linux-gnu/libXinerama.so.1.0.0
7f811c34d000-7f811c54c000 ---p 00002000 08:08 1973546                    /usr/lib/x86_64-linux-gnu/libXinerama.so.1.0.0
7f811c54c000-7f811c54d000 r--p 00001000 08:08 1973546                    /usr/lib/x86_64-linux-gnu/libXinerama.so.1.0.0
7f811c54d000-7f811c54e000 rw-p 00002000 08:08 1973546                    /usr/lib/x86_64-linux-gnu/libXinerama.so.1.0.0
7f811c54e000-7f811c557000 r-xp 00000000 08:08 1973556                    /usr/lib/x86_64-linux-gnu/libXrender.so.1.3.0
7f811c557000-7f811c756000 ---p 00009000 08:08 1973556                    /usr/lib/x86_64-linux-gnu/libXrender.so.1.3.0
7f811c756000-7f811c757000 r--p 00008000 08:08 1973556                    /usr/lib/x86_64-linux-gnu/libXrender.so.1.3.0
7f811c757000-7f811c758000 rw-p 00009000 08:08 1973556                    /usr/lib/x86_64-linux-gnu/libXrender.so.1.3.0
7f811c758000-7f811c75d000 r-xp 00000000 08:08 1973536                    /usr/lib/x86_64-linux-gnu/libXfixes.so.3.1.0
7f811c75d000-7f811c95c000 ---p 00005000 08:08 1973536                    /usr/lib/x86_64-linux-gnu/libXfixes.so.3.1.0
7f811c95c000-7f811c95d000 r--p 00004000 08:08 1973536                    /usr/lib/x86_64-linux-gnu/libXfixes.so.3.1.0
7f811c95d000-7f811c95e000 rw-p 00005000 08:08 1973536                    /usr/lib/x86_64-linux-gnu/libXfixes.so.3.1.0
7f811c95e000-7f811c960000 r-xp 00000000 08:08 1973530                    /usr/lib/x86_64-linux-gnu/libXdamage.so.1.1.0
7f811c960000-7f811cb5f000 ---p 00002000 08:08 1973530                    /usr/lib/x86_64-linux-gnu/libXdamage.so.1.1.0
7f811cb5f000-7f811cb60000 r--p 00001000 08:08 1973530                    /usr/lib/x86_64-linux-gnu/libXdamage.so.1.1.0
7f811cb60000-7f811cb61000 rw-p 00002000 08:08 1973530                    /usr/lib/x86_64-linux-gnu/libXdamage.so.1.1.0
7f811cb61000-7f811cb63000 r-xp 00000000 08:08 1973526                    /usr/lib/x86_64-linux-gnu/libXcomposite.so.1.0.0
7f811cb63000-7f811cd62000 ---p 00002000 08:08 1973526                    /usr/lib/x86_64-linux-gnu/libXcomposite.so.1.0.0
7f811cd62000-7f811cd63000 r--p 00001000 08:08 1973526                    /usr/lib/x86_64-linux-gnu/libXcomposite.so.1.0.0
7f811cd63000-7f811cd64000 rw-p 00002000 08:08 1973526                    /usr/lib/x86_64-linux-gnu/libXcomposite.so.1.0.0
7f811cd64000-7f811cd67000 r-xp 00000000 08:08 1974072                    /usr/lib/x86_64-linux-gnu/libgmodule-2.0.so.0.5000.3
7f811cd67000-7f811cf66000 ---p 00003000 08:08 1974072                    /usr/lib/x86_64-linux-gnu/libgmodule-2.0.so.0.5000.3
7f811cf66000-7f811cf67000 r--p 00002000 08:08 1974072                    /usr/lib/x86_64-linux-gnu/libgmodule-2.0.so.0.5000.3
7f811cf67000-7f811cf68000 rw-p 00003000 08:08 1974072                    /usr/lib/x86_64-linux-gnu/libgmodule-2.0.so.0.5000.3
7f811cf68000-7f811cfdd000 r-xp 00000000 08:08 1973258                    /usr/lib/x86_64-linux-gnu/libGL.so.1.7.0
7f811cfdd000-7f811d1dd000 ---p 00075000 08:08 1973258                    /usr/lib/x86_64-linux-gnu/libGL.so.1.7.0
7f811d1dd000-7f811d1f7000 r--p 00075000 08:08 1973258                    /usr/lib/x86_64-linux-gnu/libGL.so.1.7.0
7f811d1f7000-7f811d1f8000 rw-p 0008f000 08:08 1973258                    /usr/lib/x86_64-linux-gnu/libGL.so.1.7.0
7f811d1f8000-7f811d1f9000 rw-p 00000000 00:00 0 
7f811d1f9000-7f811d1fe000 r-xp 00000000 08:08 1973572                    /usr/lib/x86_64-linux-gnu/libXxf86vm.so.1.0.0
7f811d1fe000-7f811d3fd000 ---p 00005000 08:08 1973572                    /usr/lib/x86_64-linux-gnu/libXxf86vm.so.1.0.0
7f811d3fd000-7f811d3fe000 r--p 00004000 08:08 1973572                    /usr/lib/x86_64-linux-gnu/libXxf86vm.so.1.0.0
7f811d3fe000-7f811d3ff000 rw-p 00005000 08:08 1973572                    /usr/lib/x86_64-linux-gnu/libXxf86vm.so.1.0.0
7f811d3ff000-7f811d539000 r-xp 00000000 08:08 1973517                    /usr/lib/x86_64-linux-gnu/libX11.so.6.3.0
7f811d539000-7f811d739000 ---p 0013a000 08:08 1973517                    /usr/lib/x86_64-linux-gnu/libX11.so.6.3.0
7f811d739000-7f811d73a000 r--p 0013a000 08:08 1973517                    /usr/lib/x86_64-linux-gnu/libX11.so.6.3.0
7f811d73a000-7f811d73f000 rw-p 0013b000 08:08 1973517                    /usr/lib/x86_64-linux-gnu/libX11.so.6.3.0
7f811d73f000-7f811d744000 r-xp 00000000 08:08 1973562                    /usr/lib/x86_64-linux-gnu/libXtst.so.6.1.0
7f811d744000-7f811d943000 ---p 00005000 08:08 1973562                    /usr/lib/x86_64-linux-gnu/libXtst.so.6.1.0
7f811d943000-7f811d944000 r--p 00004000 08:08 1973562                    /usr/lib/x86_64-linux-gnu/libXtst.so.6.1.0
7f811d944000-7f811d945000 rw-p 00005000 08:08 1973562                    /usr/lib/x86_64-linux-gnu/libXtst.so.6.1.0
7f811d945000-7f811da57000 r-xp 00000000 08:08 1974060                    /usr/lib/x86_64-linux-gnu/libglib-2.0.so.0.5000.3
7f811da57000-7f811dc56000 ---p 00112000 08:08 1974060                    /usr/lib/x86_64-linux-gnu/libglib-2.0.so.0.5000.3
7f811dc56000-7f811dc57000 r--p 00111000 08:08 1974060                    /usr/lib/x86_64-linux-gnu/libglib-2.0.so.0.5000.3
7f811dc57000-7f811dc58000 rw-p 00112000 08:08 1974060                    /usr/lib/x86_64-linux-gnu/libglib-2.0.so.0.5000.3
7f811dc58000-7f811dc59000 rw-p 00000000 00:00 0 
7f811dc59000-7f811dc5a000 r-xp 00000000 08:08 1974280                    /usr/lib/x86_64-linux-gnu/libgthread-2.0.so.0.5000.3
7f811dc5a000-7f811de59000 ---p 00001000 08:08 1974280                    /usr/lib/x86_64-linux-gnu/libgthread-2.0.so.0.5000.3
7f811de59000-7f811de5a000 r--p 00000000 08:08 1974280                    /usr/lib/x86_64-linux-gnu/libgthread-2.0.so.0.5000.3
7f811de5a000-7f811de5b000 rw-p 00001000 08:08 1974280                    /usr/lib/x86_64-linux-gnu/libgthread-2.0.so.0.5000.3
7f811de5b000-7f811df03000 r-xp 00000000 08:08 1973996                    /usr/lib/x86_64-linux-gnu/libfreetype.so.6.12.3
7f811df03000-7f811e103000 ---p 000a8000 08:08 1973996                    /usr/lib/x86_64-linux-gnu/libfreetype.so.6.12.3
7f811e103000-7f811e109000 r--p 000a8000 08:08 1973996                    /usr/lib/x86_64-linux-gnu/libfreetype.so.6.12.3
7f811e109000-7f811e10a000 rw-p 000ae000 08:08 1973996                    /usr/lib/x86_64-linux-gnu/libfreetype.so.6.12.3
7f811e10a000-7f811e146000 r-xp 00000000 08:08 1973982                    /usr/lib/x86_64-linux-gnu/libfontconfig.so.1.8.0
7f811e146000-7f811e345000 ---p 0003c000 08:08 1973982                    /usr/lib/x86_64-linux-gnu/libfontconfig.so.1.8.0
7f811e345000-7f811e347000 r--p 0003b000 08:08 1973982                    /usr/lib/x86_64-linux-gnu/libfontconfig.so.1.8.0
7f811e347000-7f811e348000 rw-p 0003d000 08:08 1973982                    /usr/lib/x86_64-linux-gnu/libfontconfig.so.1.8.0
7f811e348000-7f811e39a000 r-xp 00000000 08:08 1974112                    /usr/lib/x86_64-linux-gnu/libgobject-2.0.so.0.5000.3
7f811e39a000-7f811e599000 ---p 00052000 08:08 1974112                    /usr/lib/x86_64-linux-gnu/libgobject-2.0.so.0.5000.3
7f811e599000-7f811e59a000 r--p 00051000 08:08 1974112                    /usr/lib/x86_64-linux-gnu/libgobject-2.0.so.0.5000.3
7f811e59a000-7f811e59b000 rw-p 00052000 08:08 1974112                    /usr/lib/x86_64-linux-gnu/libgobject-2.0.so.0.5000.3
7f811e59b000-7f811e5e4000 r-xp 00000000 08:08 1974732                    /usr/lib/x86_64-linux-gnu/libpango-1.0.so.0.4000.5
7f811e5e4000-7f811e7e3000 ---p 00049000 08:08 1974732                    /usr/lib/x86_64-linux-gnu/libpango-1.0.so.0.4000.5
7f811e7e3000-7f811e7e6000 r--p 00048000 08:08 1974732                    /usr/lib/x86_64-linux-gnu/libpango-1.0.so.0.4000.5
7f811e7e6000-7f811e7e7000 rw-p 0004b000 08:08 1974732                    /usr/lib/x86_64-linux-gnu/libpango-1.0.so.0.4000.5
7f811e7e7000-7f811e7fb000 r-xp 00000000 08:08 1974736                    /usr/lib/x86_64-linux-gnu/libpangoft2-1.0.so.0.4000.5
7f811e7fb000-7f811e9fb000 ---p 00014000 08:08 1974736                    /usr/lib/x86_64-linux-gnu/libpangoft2-1.0.so.0.4000.5
7f811e9fb000-7f811e9fc000 r--p 00014000 08:08 1974736                    /usr/lib/x86_64-linux-gnu/libpangoft2-1.0.so.0.4000.5
7f811e9fc000-7f811e9fd000 rw-p 00015000 08:08 1974736                    /usr/lib/x86_64-linux-gnu/libpangoft2-1.0.so.0.4000.5
7f811e9fd000-7f811eb8a000 r-xp 00000000 08:08 1974048                    /usr/lib/x86_64-linux-gnu/libgio-2.0.so.0.5000.3
7f811eb8a000-7f811ed8a000 ---p 0018d000 08:08 1974048                    /usr/lib/x86_64-linux-gnu/libgio-2.0.so.0.5000.3
7f811ed8a000-7f811ed8f000 r--p 0018d000 08:08 1974048                    /usr/lib/x86_64-linux-gnu/libgio-2.0.so.0.5000.3
7f811ed8f000-7f811ed92000 rw-p 00192000 08:08 1974048                    /usr/lib/x86_64-linux-gnu/libgio-2.0.so.0.5000.3
7f811ed92000-7f811ed93000 rw-p 00000000 00:00 0 
7f811ed93000-7f811edb5000 r-xp 00000000 08:08 1974034                    /usr/lib/x86_64-linux-gnu/libgdk_pixbuf-2.0.so.0.3600.5
7f811edb5000-7f811efb5000 ---p 00022000 08:08 1974034                    /usr/lib/x86_64-linux-gnu/libgdk_pixbuf-2.0.so.0.3600.5
7f811efb5000-7f811efb6000 r--p 00022000 08:08 1974034                    /usr/lib/x86_64-linux-gnu/libgdk_pixbuf-2.0.so.0.3600.5
7f811efb6000-7f811efb7000 rw-p 00023000 08:08 1974034                    /usr/lib/x86_64-linux-gnu/libgdk_pixbuf-2.0.so.0.3600.5
7f811efb7000-7f811f0c5000 r-xp 00000000 08:08 1973694                    /usr/lib/x86_64-linux-gnu/libcairo.so.2.11400.8
7f811f0c5000-7f811f2c5000 ---p 0010e000 08:08 1973694                    /usr/lib/x86_64-linux-gnu/libcairo.so.2.11400.8
7f811f2c5000-7f811f2c8000 r--p 0010e000 08:08 1973694                    /usr/lib/x86_64-linux-gnu/libcairo.so.2.11400.8
7f811f2c8000-7f811f2c9000 rw-p 00111000 08:08 1973694                    /usr/lib/x86_64-linux-gnu/libcairo.so.2.11400.8
7f811f2c9000-7f811f2cb000 rw-p 00000000 00:00 0 
7f811f2cb000-7f811f2ee000 r-xp 00000000 08:08 1973616                    /usr/lib/x86_64-linux-gnu/libatk-1.0.so.0.22209.1
7f811f2ee000-7f811f4ed000 ---p 00023000 08:08 1973616                    /usr/lib/x86_64-linux-gnu/libatk-1.0.so.0.22209.1
7f811f4ed000-7f811f4f0000 r--p 00022000 08:08 1973616                    /usr/lib/x86_64-linux-gnu/libatk-1.0.so.0.22209.1
7f811f4f0000-7f811f4f1000 rw-p 00025000 08:08 1973616                    /usr/lib/x86_64-linux-gnu/libatk-1.0.so.0.22209.1
7f811f4f1000-7f811f4fd000 r-xp 00000000 08:08 1974734                    /usr/lib/x86_64-linux-gnu/libpangocairo-1.0.so.0.4000.5
7f811f4fd000-7f811f6fc000 ---p 0000c000 08:08 1974734                    /usr/lib/x86_64-linux-gnu/libpangocairo-1.0.so.0.4000.5
7f811f6fc000-7f811f6fd000 r--p 0000b000 08:08 1974734                    /usr/lib/x86_64-linux-gnu/libpangocairo-1.0.so.0.4000.5
7f811f6fd000-7f811f6fe000 rw-p 0000c000 08:08 1974734                    /usr/lib/x86_64-linux-gnu/libpangocairo-1.0.so.0.4000.5
7f811f6fe000-7f811f7ae000 r-xp 00000000 08:08 1974032                    /usr/lib/x86_64-linux-gnu/libgdk-x11-2.0.so.0.2400.31
7f811f7ae000-7f811f9ad000 ---p 000b0000 08:08 1974032                    /usr/lib/x86_64-linux-gnu/libgdk-x11-2.0.so.0.2400.31
7f811f9ad000-7f811f9b1000 r--p 000af000 08:08 1974032                    /usr/lib/x86_64-linux-gnu/libgdk-x11-2.0.so.0.2400.31
7f811f9b1000-7f811f9b3000 rw-p 000b3000 08:08 1974032                    /usr/lib/x86_64-linux-gnu/libgdk-x11-2.0.so.0.2400.31
7f811f9b3000-7f811fdf3000 r-xp 00000000 08:08 1974286                    /usr/lib/x86_64-linux-gnu/libgtk-x11-2.0.so.0.2400.31
7f811fdf3000-7f811fff2000 ---p 00440000 08:08 1974286                    /usr/lib/x86_64-linux-gnu/libgtk-x11-2.0.so.0.2400.31
7f811fff2000-7f811fff9000 r--p 0043f000 08:08 1974286                    /usr/lib/x86_64-linux-gnu/libgtk-x11-2.0.so.0.2400.31
7f811fff9000-7f811fffd000 rw-p 00446000 08:08 1974286                    /usr/lib/x86_64-linux-gnu/libgtk-x11-2.0.so.0.2400.31
7f811fffd000-7f8120000000 rw-p 00000000 00:00 0 
7f8120000000-7f8120021000 rw-p 00000000 00:00 0 
7f8120021000-7f8124000000 ---p 00000000 00:00 0 
7f8124000000-7f81258d8000 rw-p 00000000 00:00 0 
7f81258d8000-7f8128000000 ---p 00000000 00:00 0 
7f8128000000-7f8128352000 rw-p 00000000 00:00 0 
7f8128352000-7f812c000000 ---p 00000000 00:00 0 
7f812c000000-7f812c021000 rw-p 00000000 00:00 0 
7f812c021000-7f8130000000 ---p 00000000 00:00 0 
7f8130000000-7f8130021000 rw-p 00000000 00:00 0 
7f8130021000-7f8134000000 ---p 00000000 00:00 0 
7f8134000000-7f813424b000 rw-p 00000000 00:00 0 
7f813424b000-7f8138000000 ---p 00000000 00:00 0 
7f8138000000-7f8138021000 rw-p 00000000 00:00 0 
7f8138021000-7f813c000000 ---p 00000000 00:00 0 
7f813c000000-7f813c021000 rw-p 00000000 00:00 0 
7f813c021000-7f8140000000 ---p 00000000 00:00 0 
7f8140000000-7f8140021000 rw-p 00000000 00:00 0 
7f8140021000-7f8144000000 ---p 00000000 00:00 0 
7f8144000000-7f8144021000 rw-p 00000000 00:00 0 
7f8144021000-7f8148000000 ---p 00000000 00:00 0 
7f8148000000-7f8148021000 rw-p 00000000 00:00 0 
7f8148021000-7f814c000000 ---p 00000000 00:00 0 
7f814c000000-7f814c001000 rw-s 00000000 00:18 160                        /i915 (deleted)
7f814c001000-7f814c006000 rw-s 00000000 00:18 154                        /i915 (deleted)
7f814c006000-7f814c00a000 rw-s 00000000 00:18 157                        /i915 (deleted)
7f814c00a000-7f814c00e000 rw-s 00000000 00:18 144                        /i915 (deleted)
7f814c00e000-7f814c14f000 rw-s 00000000 08:09 12845132                   /home/atomx/.cache/mesa_shader_cache/index
7f814c14f000-7f814c15b000 r-xp 00000000 08:08 1717405                    /usr/lib/jvm/java-8-openjdk-amd64/jre/lib/amd64/libprism_es2.so
7f814c15b000-7f814c35a000 ---p 0000c000 08:08 1717405                    /usr/lib/jvm/java-8-openjdk-amd64/jre/lib/amd64/libprism_es2.so
7f814c35a000-7f814c35b000 r--p 0000b000 08:08 1717405                    /usr/lib/jvm/java-8-openjdk-amd64/jre/lib/amd64/libprism_es2.so
7f814c35b000-7f814c35c000 rw-p 0000c000 08:08 1717405                    /usr/lib/jvm/java-8-openjdk-amd64/jre/lib/amd64/libprism_es2.so
7f814c35c000-7f814c35f000 ---p 00000000 00:00 0 
7f814c35f000-7f814c45d000 rw-p 00000000 00:00 0 
7f814c45d000-7f814c4f3000 r--s 007ce000 08:08 2654625                    /usr/share/java/openjfx/jre/lib/ext/jfxrt.jar
7f814c4f3000-7f814c50e000 r--s 001d6000 08:08 1715183                    /usr/lib/jvm/java-8-openjdk-amd64/jre/lib/ext/nashorn.jar
7f814c50e000-7f814c529000 r--s 00394000 08:08 1715178                    /usr/lib/jvm/java-8-openjdk-amd64/jre/lib/ext/cldrdata.jar
7f814c529000-7f814c52a000 ---p 00000000 00:00 0 
7f814c52a000-7f814c62a000 rw-p 00000000 00:00 0 
7f814c62a000-7f814c62d000 ---p 00000000 00:00 0 
7f814c62d000-7f814c72b000 rw-p 00000000 00:00 0 
7f814c72b000-7f814c72e000 ---p 00000000 00:00 0 
7f814c72e000-7f814c82c000 rw-p 00000000 00:00 0 
7f814c82c000-7f814c82f000 ---p 00000000 00:00 0 
7f814c82f000-7f814c92d000 rw-p 00000000 00:00 0 
7f814c92d000-7f814c930000 ---p 00000000 00:00 0 
7f814c930000-7f814ca2e000 rw-p 00000000 00:00 0 
7f814ca2e000-7f814cbc9000 r--p 00000000 08:08 1711771                    /usr/lib/locale/locale-archive
7f814cbc9000-7f814cbcc000 ---p 00000000 00:00 0 
7f814cbcc000-7f814ccca000 rw-p 00000000 00:00 0 
7f814ccca000-7f814cccd000 ---p 00000000 00:00 0 
7f814cccd000-7f814cdcb000 rw-p 00000000 00:00 0 
7f814cdcb000-7f814cdcc000 ---p 00000000 00:00 0 
7f814cdcc000-7f8151000000 rw-p 00000000 00:00 0 
7f8151000000-7f81515e0000 rwxp 00000000 00:00 0 
7f81515e0000-7f8160000000 ---p 00000000 00:00 0 
7f8160000000-7f8160270000 rw-p 00000000 00:00 0 
7f8160270000-7f8164000000 ---p 00000000 00:00 0 
7f8164000000-7f8164001000 r--s 00000000 08:08 1572912                    /var/cache/fontconfig/16c2fda60d1b4b719f4b3d06fd951d25-le64.cache-4
7f8164001000-7f8164002000 r--s 00000000 08:08 1590384                    /var/cache/fontconfig/2736766d4907c6828b9382ebdbe3064b-le64.cache-4
7f8164002000-7f8164007000 rw-s 00000000 00:18 143                        /i915 (deleted)
7f8164007000-7f816459c000 rw-p 00000000 00:00 0 
7f816459c000-7f816476b000 r--s 03c33000 08:08 1715207                    /usr/lib/jvm/java-8-openjdk-amd64/jre/lib/rt.jar
7f816476b000-7f81653b4000 rw-p 00000000 00:00 0 
7f81653b4000-7f81653b5000 ---p 00000000 00:00 0 
7f81653b5000-7f81654b5000 rw-p 00000000 00:00 0 
7f81654b5000-7f81654b6000 ---p 00000000 00:00 0 
7f81654b6000-7f81655e0000 rw-p 00000000 00:00 0 
7f81655e0000-7f8165843000 ---p 00000000 00:00 0 
7f8165843000-7f816586d000 rw-p 00000000 00:00 0 
7f816586d000-7f8165acf000 ---p 00000000 00:00 0 
7f8165acf000-7f8165af4000 rw-p 00000000 00:00 0 
7f8165af4000-7f8165c16000 ---p 00000000 00:00 0 
7f8165c16000-7f8165c2f000 rw-p 00000000 00:00 0 
7f8165c2f000-7f8165fd7000 ---p 00000000 00:00 0 
7f8165fd7000-7f8165fdf000 r-xp 00000000 08:08 1715164                    /usr/lib/jvm/java-8-openjdk-amd64/jre/lib/amd64/libzip.so
7f8165fdf000-7f81661de000 ---p 00008000 08:08 1715164                    /usr/lib/jvm/java-8-openjdk-amd64/jre/lib/amd64/libzip.so
7f81661de000-7f81661df000 r--p 00007000 08:08 1715164                    /usr/lib/jvm/java-8-openjdk-amd64/jre/lib/amd64/libzip.so
7f81661df000-7f81661e0000 rw-p 00008000 08:08 1715164                    /usr/lib/jvm/java-8-openjdk-amd64/jre/lib/amd64/libzip.so
7f81661e0000-7f81661ea000 r-xp 00000000 08:08 1974648                    /usr/lib/x86_64-linux-gnu/libnss_files-2.24.so
7f81661ea000-7f81663ea000 ---p 0000a000 08:08 1974648                    /usr/lib/x86_64-linux-gnu/libnss_files-2.24.so
7f81663ea000-7f81663eb000 r--p 0000a000 08:08 1974648                    /usr/lib/x86_64-linux-gnu/libnss_files-2.24.so
7f81663eb000-7f81663ec000 rw-p 0000b000 08:08 1974648                    /usr/lib/x86_64-linux-gnu/libnss_files-2.24.so
7f81663ec000-7f81663f2000 rw-p 00000000 00:00 0 
7f81663f2000-7f81663fd000 r-xp 00000000 08:08 1974654                    /usr/lib/x86_64-linux-gnu/libnss_nis-2.24.so
7f81663fd000-7f81665fc000 ---p 0000b000 08:08 1974654                    /usr/lib/x86_64-linux-gnu/libnss_nis-2.24.so
7f81665fc000-7f81665fd000 r--p 0000a000 08:08 1974654                    /usr/lib/x86_64-linux-gnu/libnss_nis-2.24.so
7f81665fd000-7f81665fe000 rw-p 0000b000 08:08 1974654                    /usr/lib/x86_64-linux-gnu/libnss_nis-2.24.so
7f81665fe000-7f8166612000 r-xp 00000000 08:08 1974636                    /usr/lib/x86_64-linux-gnu/libnsl-2.24.so
7f8166612000-7f8166812000 ---p 00014000 08:08 1974636                    /usr/lib/x86_64-linux-gnu/libnsl-2.24.so
7f8166812000-7f8166813000 r--p 00014000 08:08 1974636                    /usr/lib/x86_64-linux-gnu/libnsl-2.24.so
7f8166813000-7f8166814000 rw-p 00015000 08:08 1974636                    /usr/lib/x86_64-linux-gnu/libnsl-2.24.so
7f8166814000-7f8166816000 rw-p 00000000 00:00 0 
7f8166816000-7f816681d000 r-xp 00000000 08:08 1974642                    /usr/lib/x86_64-linux-gnu/libnss_compat-2.24.so
7f816681d000-7f8166a1c000 ---p 00007000 08:08 1974642                    /usr/lib/x86_64-linux-gnu/libnss_compat-2.24.so
7f8166a1c000-7f8166a1d000 r--p 00006000 08:08 1974642                    /usr/lib/x86_64-linux-gnu/libnss_compat-2.24.so
7f8166a1d000-7f8166a1e000 rw-p 00007000 08:08 1974642                    /usr/lib/x86_64-linux-gnu/libnss_compat-2.24.so
7f8166a1e000-7f8166a4b000 r-xp 00000000 08:08 1715145                    /usr/lib/jvm/java-8-openjdk-amd64/jre/lib/amd64/libjava.so
7f8166a4b000-7f8166c4b000 ---p 0002d000 08:08 1715145                    /usr/lib/jvm/java-8-openjdk-amd64/jre/lib/amd64/libjava.so
7f8166c4b000-7f8166c4c000 r--p 0002d000 08:08 1715145                    /usr/lib/jvm/java-8-openjdk-amd64/jre/lib/amd64/libjava.so
7f8166c4c000-7f8166c4e000 rw-p 0002e000 08:08 1715145                    /usr/lib/jvm/java-8-openjdk-amd64/jre/lib/amd64/libjava.so
7f8166c4e000-7f8166c5d000 r-xp 00000000 08:08 1715163                    /usr/lib/jvm/java-8-openjdk-amd64/jre/lib/amd64/libverify.so
7f8166c5d000-7f8166e5d000 ---p 0000f000 08:08 1715163                    /usr/lib/jvm/java-8-openjdk-amd64/jre/lib/amd64/libverify.so
7f8166e5d000-7f8166e5f000 r--p 0000f000 08:08 1715163                    /usr/lib/jvm/java-8-openjdk-amd64/jre/lib/amd64/libverify.so
7f8166e5f000-7f8166e60000 rw-p 00011000 08:08 1715163                    /usr/lib/jvm/java-8-openjdk-amd64/jre/lib/amd64/libverify.so
7f8166e60000-7f8166e67000 r-xp 00000000 08:08 1974898                    /usr/lib/x86_64-linux-gnu/librt-2.24.so
7f8166e67000-7f8167066000 ---p 00007000 08:08 1974898                    /usr/lib/x86_64-linux-gnu/librt-2.24.so
7f8167066000-7f8167067000 r--p 00006000 08:08 1974898                    /usr/lib/x86_64-linux-gnu/librt-2.24.so
7f8167067000-7f8167068000 rw-p 00007000 08:08 1974898                    /usr/lib/x86_64-linux-gnu/librt-2.24.so
7f8167068000-7f816707e000 r-xp 00000000 08:08 1974006                    /usr/lib/x86_64-linux-gnu/libgcc_s.so.1
7f816707e000-7f816727d000 ---p 00016000 08:08 1974006                    /usr/lib/x86_64-linux-gnu/libgcc_s.so.1
7f816727d000-7f816727e000 r--p 00015000 08:08 1974006                    /usr/lib/x86_64-linux-gnu/libgcc_s.so.1
7f816727e000-7f816727f000 rw-p 00016000 08:08 1974006                    /usr/lib/x86_64-linux-gnu/libgcc_s.so.1
7f816727f000-7f8167382000 r-xp 00000000 08:08 1974512                    /usr/lib/x86_64-linux-gnu/libm-2.24.so
7f8167382000-7f8167581000 ---p 00103000 08:08 1974512                    /usr/lib/x86_64-linux-gnu/libm-2.24.so
7f8167581000-7f8167582000 r--p 00102000 08:08 1974512                    /usr/lib/x86_64-linux-gnu/libm-2.24.so
7f8167582000-7f8167583000 rw-p 00103000 08:08 1974512                    /usr/lib/x86_64-linux-gnu/libm-2.24.so
7f8167583000-7f81676f5000 r-xp 00000000 08:08 1975001                    /usr/lib/x86_64-linux-gnu/libstdc++.so.6.0.22
7f81676f5000-7f81678f5000 ---p 00172000 08:08 1975001                    /usr/lib/x86_64-linux-gnu/libstdc++.so.6.0.22
7f81678f5000-7f81678ff000 r--p 00172000 08:08 1975001                    /usr/lib/x86_64-linux-gnu/libstdc++.so.6.0.22
7f81678ff000-7f8167901000 rw-p 0017c000 08:08 1975001                    /usr/lib/x86_64-linux-gnu/libstdc++.so.6.0.22
7f8167901000-7f8167905000 rw-p 00000000 00:00 0 
7f8167905000-7f8168564000 r-xp 00000000 08:08 1715167                    /usr/lib/jvm/java-8-openjdk-amd64/jre/lib/amd64/server/libjvm.so
7f8168564000-7f8168763000 ---p 00c5f000 08:08 1715167                    /usr/lib/jvm/java-8-openjdk-amd64/jre/lib/amd64/server/libjvm.so
7f8168763000-7f81687f7000 r--p 00c5e000 08:08 1715167                    /usr/lib/jvm/java-8-openjdk-amd64/jre/lib/amd64/server/libjvm.so
7f81687f7000-7f8168820000 rw-p 00cf2000 08:08 1715167                    /usr/lib/jvm/java-8-openjdk-amd64/jre/lib/amd64/server/libjvm.so
7f8168820000-7f8168850000 rw-p 00000000 00:00 0 
7f8168850000-7f81689e5000 r-xp 00000000 08:08 1973682                    /usr/lib/x86_64-linux-gnu/libc-2.24.so
7f81689e5000-7f8168be5000 ---p 00195000 08:08 1973682                    /usr/lib/x86_64-linux-gnu/libc-2.24.so
7f8168be5000-7f8168be9000 r--p 00195000 08:08 1973682                    /usr/lib/x86_64-linux-gnu/libc-2.24.so
7f8168be9000-7f8168beb000 rw-p 00199000 08:08 1973682                    /usr/lib/x86_64-linux-gnu/libc-2.24.so
7f8168beb000-7f8168bef000 rw-p 00000000 00:00 0 
7f8168bef000-7f8168bf2000 r-xp 00000000 08:08 1973821                    /usr/lib/x86_64-linux-gnu/libdl-2.24.so
7f8168bf2000-7f8168df1000 ---p 00003000 08:08 1973821                    /usr/lib/x86_64-linux-gnu/libdl-2.24.so
7f8168df1000-7f8168df2000 r--p 00002000 08:08 1973821                    /usr/lib/x86_64-linux-gnu/libdl-2.24.so
7f8168df2000-7f8168df3000 rw-p 00003000 08:08 1973821                    /usr/lib/x86_64-linux-gnu/libdl-2.24.so
7f8168df3000-7f8168e00000 r-xp 00000000 08:08 1715131                    /usr/lib/jvm/java-8-openjdk-amd64/jre/lib/amd64/jli/libjli.so
7f8168e00000-7f8169000000 ---p 0000d000 08:08 1715131                    /usr/lib/jvm/java-8-openjdk-amd64/jre/lib/amd64/jli/libjli.so
7f8169000000-7f8169001000 r--p 0000d000 08:08 1715131                    /usr/lib/jvm/java-8-openjdk-amd64/jre/lib/amd64/jli/libjli.so
7f8169001000-7f8169002000 rw-p 0000e000 08:08 1715131                    /usr/lib/jvm/java-8-openjdk-amd64/jre/lib/amd64/jli/libjli.so
7f8169002000-7f816901b000 r-xp 00000000 08:08 1975262                    /usr/lib/x86_64-linux-gnu/libz.so.1.2.8
7f816901b000-7f816921a000 ---p 00019000 08:08 1975262                    /usr/lib/x86_64-linux-gnu/libz.so.1.2.8
7f816921a000-7f816921b000 r--p 00018000 08:08 1975262                    /usr/lib/x86_64-linux-gnu/libz.so.1.2.8
7f816921b000-7f816921c000 rw-p 00019000 08:08 1975262                    /usr/lib/x86_64-linux-gnu/libz.so.1.2.8
7f816921c000-7f8169234000 r-xp 00000000 08:08 1974838                    /usr/lib/x86_64-linux-gnu/libpthread-2.24.so
7f8169234000-7f8169433000 ---p 00018000 08:08 1974838                    /usr/lib/x86_64-linux-gnu/libpthread-2.24.so
7f8169433000-7f8169434000 r--p 00017000 08:08 1974838                    /usr/lib/x86_64-linux-gnu/libpthread-2.24.so
7f8169434000-7f8169435000 rw-p 00018000 08:08 1974838                    /usr/lib/x86_64-linux-gnu/libpthread-2.24.so
7f8169435000-7f8169439000 rw-p 00000000 00:00 0 
7f8169439000-7f816945c000 r-xp 00000000 08:08 1973230                    /usr/lib/x86_64-linux-gnu/ld-2.24.so
7f816945c000-7f816945d000 r--s 00008000 08:09 13369446                   /home/atomx/.eclipse/org.eclipse.platform_4.12.0_1473617060_linux_gtk_x86_64/plugins/org.eclipse.fx.ide.css.jfx8_3.5.0.201902220800.jar
7f816945e000-7f816945f000 rwxp 00000000 00:00 0 
7f816945f000-7f8169463000 rw-s 00000000 00:18 146                        /i915 (deleted)
7f8169463000-7f8169466000 r--s 0000f000 08:08 1715180                    /usr/lib/jvm/java-8-openjdk-amd64/jre/lib/ext/icedtea-sound.jar
7f8169466000-7f8169468000 r--s 00001000 08:08 1715179                    /usr/lib/jvm/java-8-openjdk-amd64/jre/lib/ext/dnsns.jar
7f8169468000-7f816946a000 r--s 00008000 08:08 1715184                    /usr/lib/jvm/java-8-openjdk-amd64/jre/lib/ext/sunec.jar
7f816946a000-7f8169470000 r--s 0003b000 08:08 1715185                    /usr/lib/jvm/java-8-openjdk-amd64/jre/lib/ext/sunjce_provider.jar
7f8169470000-7f8169472000 r--s 00007000 08:08 2654545                    /usr/share/java/java-atk-wrapper.jar
7f8169472000-7f816953d000 rw-p 00000000 00:00 0 
7f816953d000-7f8169540000 ---p 00000000 00:00 0 
7f8169540000-7f8169640000 rw-p 00000000 00:00 0 
7f8169640000-7f8169641000 r--s 00010000 08:08 1715187                    /usr/lib/jvm/java-8-openjdk-amd64/jre/lib/ext/zipfs.jar
7f8169641000-7f8169642000 r--s 0000a000 08:08 1715181                    /usr/lib/jvm/java-8-openjdk-amd64/jre/lib/ext/jaccess.jar
7f8169642000-7f8169645000 r--s 00038000 08:08 1715186                    /usr/lib/jvm/java-8-openjdk-amd64/jre/lib/ext/sunpkcs11.jar
7f8169645000-7f816964f000 r--s 00116000 08:08 1715182                    /usr/lib/jvm/java-8-openjdk-amd64/jre/lib/ext/localedata.jar
7f816964f000-7f8169657000 rw-s 00000000 08:08 2104380                    /tmp/hsperfdata_atomx/25352
7f8169657000-7f8169658000 rw-p 00000000 00:00 0 
7f8169658000-7f8169659000 r--p 00000000 00:00 0 
7f8169659000-7f816965c000 rw-p 00000000 00:00 0 
7f816965c000-7f816965d000 r--p 00023000 08:08 1973230                    /usr/lib/x86_64-linux-gnu/ld-2.24.so
7f816965d000-7f816965e000 rw-p 00024000 08:08 1973230                    /usr/lib/x86_64-linux-gnu/ld-2.24.so
7f816965e000-7f816965f000 rw-p 00000000 00:00 0 
7ffcd043b000-7ffcd045c000 rw-p 00000000 00:00 0                          [stack]
7ffcd05ce000-7ffcd05d1000 r--p 00000000 00:00 0                          [vvar]
7ffcd05d1000-7ffcd05d3000 r-xp 00000000 00:00 0                          [vdso]
ffffffffff600000-ffffffffff601000 r-xp 00000000 00:00 0                  [vsyscall]

VM Arguments:
jvm_args: -Dfile.encoding=UTF-8 
java_command: application.Main
java_class_path (initial): /home/atomx/eclipse-workspace/Library/bin:/home/atomx/.eclipse/org.eclipse.platform_4.12.0_1473617060_linux_gtk_x86_64/plugins/org.eclipse.fx.ide.css.jfx8_3.5.0.201902220800.jar:/home/atomx/eclipse-workspace/Library/lib/jfxrt.jar:/home/atomx/eclipse-workspace/Library/lib/mysql-connector-java-8.0.17.jar
Launcher Type: SUN_STANDARD

Environment Variables:
PATH=/usr/local/bin:/usr/bin:/bin:/usr/local/games:/usr/games:/sbin:/usr/sbin
SHELL=/bin/bash
DISPLAY=:0

Signal Handlers:
SIGSEGV: [libjvm.so+0xa74b40], sa_mask[0]=11111111011111111101111111111110, sa_flags=SA_RESTART|SA_SIGINFO
SIGBUS: [libjvm.so+0xa74b40], sa_mask[0]=11111111011111111101111111111110, sa_flags=SA_RESTART|SA_SIGINFO
SIGFPE: [libjvm.so+0x8bd510], sa_mask[0]=11111111011111111101111111111110, sa_flags=SA_RESTART|SA_SIGINFO
SIGPIPE: SIG_IGN, sa_mask[0]=00000000000010000000000000000000, sa_flags=SA_RESTART
SIGXFSZ: [libjvm.so+0x8bd510], sa_mask[0]=11111111011111111101111111111110, sa_flags=SA_RESTART|SA_SIGINFO
SIGILL: [libjvm.so+0x8bd510], sa_mask[0]=11111111011111111101111111111110, sa_flags=SA_RESTART|SA_SIGINFO
SIGUSR1: SIG_DFL, sa_mask[0]=00000000000000000000000000000000, sa_flags=none
SIGUSR2: [libjvm.so+0x8bd3c0], sa_mask[0]=00100000000000000000000000000000, sa_flags=SA_RESTART|SA_SIGINFO
SIGHUP: SIG_IGN, sa_mask[0]=00000000000000000000000000000000, sa_flags=none
SIGINT: [libjvm.so+0x8bd870], sa_mask[0]=11111111011111111101111111111110, sa_flags=SA_RESTART|SA_SIGINFO
SIGTERM: [libjvm.so+0x8bd870], sa_mask[0]=11111111011111111101111111111110, sa_flags=SA_RESTART|SA_SIGINFO
SIGQUIT: [libjvm.so+0x8bd870], sa_mask[0]=11111111011111111101111111111110, sa_flags=SA_RESTART|SA_SIGINFO


---------------  S Y S T E M  ---------------

OS:DISTRIB_ID=Deepin
DISTRIB_RELEASE="15.11"
DISTRIB_DESCRIPTION="Deepin 15.11 "
DISTRIB_CODENAME=stable

uname:Linux 4.15.0-30deepin-generic #31 SMP Fri Nov 30 04:29:02 UTC 2018 x86_64
libc:glibc 2.24 NPTL 2.24 
rlimit: STACK 8192k, CORE 0k, NPROC 30921, NOFILE 1048576, AS infinity
load average:1.88 1.93 1.50

/proc/meminfo:
MemTotal:        8018944 kB
MemFree:         1801740 kB
MemAvailable:    4493604 kB
Buffers:          390436 kB
Cached:          2522988 kB
SwapCached:            0 kB
Active:          4461236 kB
Inactive:        1355500 kB
Active(anon):    2904776 kB
Inactive(anon):   120312 kB
Active(file):    1556460 kB
Inactive(file):  1235188 kB
Unevictable:         112 kB
Mlocked:             112 kB
SwapTotal:       2097148 kB
SwapFree:        2097148 kB
Dirty:               436 kB
Writeback:             0 kB
AnonPages:       2903432 kB
Mapped:           548784 kB
Shmem:            121788 kB
Slab:             276716 kB
SReclaimable:     210280 kB
SUnreclaim:        66436 kB
KernelStack:       13184 kB
PageTables:        49524 kB
NFS_Unstable:          0 kB
Bounce:                0 kB
WritebackTmp:          0 kB
CommitLimit:     6106620 kB
Committed_AS:    8942816 kB
VmallocTotal:   34359738367 kB
VmallocUsed:           0 kB
VmallocChunk:          0 kB
HardwareCorrupted:     0 kB
AnonHugePages:      2048 kB
ShmemHugePages:        0 kB
ShmemPmdMapped:        0 kB
CmaTotal:              0 kB
CmaFree:               0 kB
HugePages_Total:       0
HugePages_Free:        0
HugePages_Rsvd:        0
HugePages_Surp:        0
Hugepagesize:       2048 kB
DirectMap4k:      443324 kB
DirectMap2M:     7794688 kB


CPU:total 2 (initial active 2) (2 cores per cpu, 1 threads per core) family 6 model 76 stepping 4, cmov, cx8, fxsr, mmx, sse, sse2, sse3, ssse3, sse4.1, sse4.2, popcnt, aes, clmul, erms, 3dnowpref, tsc, tscinvbit

/proc/cpuinfo:
processor	: 0
vendor_id	: GenuineIntel
cpu family	: 6
model		: 76
model name	: Intel(R) Celeron(R) CPU  N3010  @ 1.04GHz
stepping	: 4
microcode	: 0x404
cpu MHz		: 2047.406
cache size	: 1024 KB
physical id	: 0
siblings	: 2
core id		: 0
cpu cores	: 2
apicid		: 0
initial apicid	: 0
fpu		: yes
fpu_exception	: yes
cpuid level	: 11
wp		: yes
flags		: fpu vme de pse tsc msr pae mce cx8 apic sep mtrr pge mca cmov pat pse36 clflush dts acpi mmx fxsr sse sse2 ss ht tm pbe syscall nx rdtscp lm constant_tsc arch_perfmon pebs bts rep_good nopl xtopology tsc_reliable nonstop_tsc cpuid aperfmperf tsc_known_freq pni pclmulqdq dtes64 monitor ds_cpl vmx est tm2 ssse3 cx16 xtpr pdcm sse4_1 sse4_2 movbe popcnt tsc_deadline_timer aes rdrand lahf_lm 3dnowprefetch epb pti tpr_shadow vnmi flexpriority ept vpid tsc_adjust smep erms dtherm ida arat
bugs		: cpu_meltdown spectre_v1 spectre_v2
bogomips	: 2080.00
clflush size	: 64
cache_alignment	: 64
address sizes	: 36 bits physical, 48 bits virtual
power management:

processor	: 1
vendor_id	: GenuineIntel
cpu family	: 6
model		: 76
model name	: Intel(R) Celeron(R) CPU  N3010  @ 1.04GHz
stepping	: 4
microcode	: 0x404
cpu MHz		: 2128.911
cache size	: 1024 KB
physical id	: 0
siblings	: 2
core id		: 2
cpu cores	: 2
apicid		: 4
initial apicid	: 4
fpu		: yes
fpu_exception	: yes
cpuid level	: 11
wp		: yes
flags		: fpu vme de pse tsc msr pae mce cx8 apic sep mtrr pge mca cmov pat pse36 clflush dts acpi mmx fxsr sse sse2 ss ht tm pbe syscall nx rdtscp lm constant_tsc arch_perfmon pebs bts rep_good nopl xtopology tsc_reliable nonstop_tsc cpuid aperfmperf tsc_known_freq pni pclmulqdq dtes64 monitor ds_cpl vmx est tm2 ssse3 cx16 xtpr pdcm sse4_1 sse4_2 movbe popcnt tsc_deadline_timer aes rdrand lahf_lm 3dnowprefetch epb pti tpr_shadow vnmi flexpriority ept vpid tsc_adjust smep erms dtherm ida arat
bugs		: cpu_meltdown spectre_v1 spectre_v2
bogomips	: 2080.00
clflush size	: 64
cache_alignment	: 64
address sizes	: 36 bits physical, 48 bits virtual
power management:



Memory: 4k page, physical 8018944k(1801740k free), swap 2097148k(2097148k free)

vm_info: OpenJDK 64-Bit Server VM (25.181-b13) for linux-amd64 JRE (1.8.0_181-8u181-b13-2~deb9u1-b13), built on Oct 22 2018 18:05:23 by "pbuilder" with gcc 6.3.0 20170516

time: Sat Aug 31 14:17:33 2019
elapsed time: 11 seconds (0d 0h 0m 11s)

