#
# A fatal error has been detected by the Java Runtime Environment:
#
#  SIGSEGV (0xb) at pc=0x00007f1b2024207d, pid=26135, tid=0x00007f1acd56d700
#
# JRE version: OpenJDK Runtime Environment (8.0_181-b13) (build 1.8.0_181-8u181-b13-2~deb9u1-b13)
# Java VM: OpenJDK 64-Bit Server VM (25.181-b13 mixed mode linux-amd64 compressed oops)
# Problematic frame:
# V  [libjvm.so+0x68107d]
#
# Failed to write core dump. Core dumps have been disabled. To enable core dumping, try "ulimit -c unlimited" before starting Java again
#
# If you would like to submit a bug report, please visit:
#   http://bugreport.java.com/bugreport/crash.jsp
#

---------------  T H R E A D  ---------------

Current thread (0x00007f1b182f3800):  JavaThread "JavaFX Application Thread" [_thread_in_vm, id=26156, stack(0x00007f1acd46d000,0x00007f1acd56e000)]

siginfo: si_signo: 11 (SIGSEGV), si_code: 128 (SI_KERNEL), si_addr: 0x0000000000000000

Registers:
RAX=0x0000000000000000, RBX=0x00007f1b182f3800, RCX=0x00007f1b182b73c8, RDX=0x6174736e6f632041
RSP=0x00007f1acd56c230, RBP=0x00007f1acd56c3b0, RSI=0x00007f1acd56c3d0, RDI=0x00007f1b182f39e0
R8 =0x00007f1acd56c400, R9 =0x00007f1b182f3800, R10=0x00007f1ac0000c68, R11=0x00007f1b095a8880
R12=0x00007f1b182f39e0, R13=0x00007f1b182f3800, R14=0x00007f1acd56c490, R15=0x6174736e6f632041
RIP=0x00007f1b2024207d, EFLAGS=0x0000000000010206, CSGSFS=0x002b000000000033, ERR=0x0000000000000000
  TRAPNO=0x000000000000000d

Top of Stack: (sp=0x00007f1acd56c230)
0x00007f1acd56c230:   00007f1acd56c340 00007f1b202291d3
0x00007f1acd56c240:   00007f1b1d02b730 00007f1acd56c280
0x00007f1acd56c250:   00007f1b0000000e 00007f1b182f39e0
0x00007f1acd56c260:   00007f1acd56c270 00007f1acd56c3d0
0x00007f1acd56c270:   00007f1b1cf8dcc0 00007f1b182f3800
0x00007f1acd56c280:   00007f1b1cf8dcc0 00007f1b182f3800
0x00007f1acd56c290:   00007f1b182f31a0 00007f1aec000e60
0x00007f1acd56c2a0:   00007f1aec000e70 00007f1aec001248
0x00007f1acd56c2b0:   00000000000003d8 00007f1b182f31e0
0x00007f1acd56c2c0:   00007f1b1cf8dcc0 00007f1b182f3800
0x00007f1acd56c2d0:   000000001cf83c30 00000000d9294700
0x00007f1acd56c2e0:   0000000000000000 00007f1b09017e1b
0x00007f1acd56c2f0:   00007f1b1cf8dcc0 00007f1b182f3800
0x00007f1acd56c300:   0000000000000000 00000000d9294428
0x00007f1acd56c310:   00007f1a0000006f 00007f1a0000000a
0x00007f1acd56c320:   00000000d885afb8 00007f1b00000000
0x00007f1acd56c330:   00007f1acd56c420 00007f1acd56c3e0
0x00007f1acd56c340:   00007f1acd56c4d0 0000000100000180
0x00007f1acd56c350:   0000000000000002 00007f1acd56c308
0x00007f1acd56c360:   00007f1acd56c349 0000000800000005
0x00007f1acd56c370:   00007f1b00000000 af36a1d1fef38200
0x00007f1acd56c380:   00007f1acd56c390 00007f1b182f3800
0x00007f1acd56c390:   00007f1b182f39e0 00007f1b182b73c8
0x00007f1acd56c3a0:   00007f1acd56c490 6174736e6f632041
0x00007f1acd56c3b0:   00007f1acd56c480 00007f1b202456aa
0x00007f1acd56c3c0:   000000000000ff0d 00007f1acd56c400
0x00007f1acd56c3d0:   000000000000000e 00007f1a00000000
0x00007f1acd56c3e0:   00007f1b182f3800 0000000000000000
0x00007f1acd56c3f0:   0000000000000067 af36a1d1fef38200
0x00007f1acd56c400:   00007f1b20a2b938 00007f1b217557e0
0x00007f1acd56c410:   00000000182d3c00 00007f1a00000063
0x00007f1acd56c420:   0000000000000000 0000003000000018 

Instructions: (pc=0x00007f1b2024207d)
0x00007f1b2024205d:   ff 48 89 b5 b8 fe ff ff 64 48 8b 04 25 28 00 00
0x00007f1b2024206d:   00 48 89 45 c8 31 c0 48 85 d2 0f 84 3b 03 00 00
0x00007f1b2024207d:   4c 8b 32 4d 85 f6 0f 84 2f 03 00 00 49 8b b9 20
0x00007f1b2024208d:   01 00 00 48 89 cb 4d 89 c4 e8 f5 4c ff ff 4c 89 

Register to memory mapping:

RAX=0x0000000000000000 is an unknown value
RBX=0x00007f1b182f3800 is a thread
RCX=0x00007f1b182b73c8 is an unknown value
RDX=0x6174736e6f632041 is an unknown value
RSP=0x00007f1acd56c230 is pointing into the stack for thread: 0x00007f1b182f3800
RBP=0x00007f1acd56c3b0 is pointing into the stack for thread: 0x00007f1b182f3800
RSI=0x00007f1acd56c3d0 is pointing into the stack for thread: 0x00007f1b182f3800
RDI=0x00007f1b182f39e0 is an unknown value
R8 =0x00007f1acd56c400 is pointing into the stack for thread: 0x00007f1b182f3800
R9 =0x00007f1b182f3800 is a thread
R10=0x00007f1ac0000c68 is an unknown value
R11=0x00007f1b095a8880 is at entry_point+32 in (nmethod*)0x00007f1b095a8710
R12=0x00007f1b182f39e0 is an unknown value
R13=0x00007f1b182f3800 is a thread
R14=0x00007f1acd56c490 is pointing into the stack for thread: 0x00007f1b182f3800
R15=0x6174736e6f632041 is an unknown value


Stack: [0x00007f1acd46d000,0x00007f1acd56e000],  sp=0x00007f1acd56c230,  free space=1020k
Native frames: (J=compiled Java code, j=interpreted, Vv=VM code, C=native code)
V  [libjvm.so+0x68107d]
V  [libjvm.so+0x6846aa]
C  [libglass.so+0x12d33]  JNIEnv_::CallVoidMethod(_jobject*, _jmethodID*, ...)+0x93
C  [libglass.so+0x1ccf6]  WindowContextBase::process_key(_GdkEventKey*)+0x226
C  [libglass.so+0x1a9c0]  WindowContextBase::im_filter_keypress(_GdkEventKey*)+0x1f0
C  [libglass.so+0x23094]
C  [libgdk-x11-2.0.so.0+0x5acbc]

Java frames: (J=compiled Java code, j=interpreted, Vv=VM code)
j  com.sun.glass.ui.gtk.GtkApplication._runLoop(Ljava/lang/Runnable;Z)V+0
j  com.sun.glass.ui.gtk.GtkApplication.lambda$null$5(Ljava/lang/Runnable;Z)V+7
j  com.sun.glass.ui.gtk.GtkApplication$$Lambda$41.run()V+12
j  java.lang.Thread.run()V+11
v  ~StubRoutines::call_stub

---------------  P R O C E S S  ---------------

Java Threads: ( => current thread )
  0x00007f1ac0390000 JavaThread "Prism Font Disposer" daemon [_thread_blocked, id=26166, stack(0x00007f1abbe48000,0x00007f1abbf49000)]
  0x00007f1ac009f000 JavaThread "mysql-cj-abandoned-connection-cleanup" daemon [_thread_blocked, id=26162, stack(0x00007f1acc929000,0x00007f1acca2a000)]
  0x00007f1b182fb000 JavaThread "JavaFX-Launcher" [_thread_blocked, id=26161, stack(0x00007f1acca2a000,0x00007f1accb2b000)]
=>0x00007f1b182f3800 JavaThread "JavaFX Application Thread" [_thread_in_vm, id=26156, stack(0x00007f1acd46d000,0x00007f1acd56e000)]
  0x00007f1b182ef800 JavaThread "Thread-1" daemon [_thread_blocked, id=26155, stack(0x00007f1acd56e000,0x00007f1acd66f000)]
  0x00007f1b182a1000 JavaThread "QuantumRenderer-0" daemon [_thread_blocked, id=26153, stack(0x00007f1b04594000,0x00007f1b04695000)]
  0x00007f1b180b9800 JavaThread "Service Thread" daemon [_thread_blocked, id=26151, stack(0x00007f1b0482c000,0x00007f1b0492d000)]
  0x00007f1b180b7000 JavaThread "C1 CompilerThread1" daemon [_thread_in_native, id=26150, stack(0x00007f1b0492d000,0x00007f1b04a2e000)]
  0x00007f1b180b4000 JavaThread "C2 CompilerThread0" daemon [_thread_in_native, id=26149, stack(0x00007f1b04a2e000,0x00007f1b04b2f000)]
  0x00007f1b180b2800 JavaThread "Signal Dispatcher" daemon [_thread_blocked, id=26148, stack(0x00007f1b04b2f000,0x00007f1b04c30000)]
  0x00007f1b18080000 JavaThread "Finalizer" daemon [_thread_blocked, id=26147, stack(0x00007f1b04dcb000,0x00007f1b04ecc000)]
  0x00007f1b1807d800 JavaThread "Reference Handler" daemon [_thread_blocked, id=26146, stack(0x00007f1b04ecc000,0x00007f1b04fcd000)]
  0x00007f1b1800a800 JavaThread "main" [_thread_blocked, id=26141, stack(0x00007f1b217f9000,0x00007f1b218fa000)]

Other Threads:
  0x00007f1b18074000 VMThread [stack: 0x00007f1b04fcd000,0x00007f1b050ce000] [id=26145]
  0x00007f1b180bc000 WatcherThread [stack: 0x00007f1b0472b000,0x00007f1b0482c000] [id=26152]

VM state:not at safepoint (normal execution)

VM Mutex/Monitor currently owned by a thread: None

Heap:
 PSYoungGen      total 68608K, used 1273K [0x00000000d7380000, 0x00000000dbb80000, 0x0000000100000000)
  eden space 63488K, 2% used [0x00000000d7380000,0x00000000d74be5b8,0x00000000db180000)
  from space 5120K, 0% used [0x00000000db680000,0x00000000db680000,0x00000000dbb80000)
  to   space 5120K, 0% used [0x00000000db180000,0x00000000db180000,0x00000000db680000)
 ParOldGen       total 53760K, used 11199K [0x0000000085a00000, 0x0000000088e80000, 0x00000000d7380000)
  object space 53760K, 20% used [0x0000000085a00000,0x00000000864efc40,0x0000000088e80000)
 Metaspace       used 20335K, capacity 21182K, committed 21504K, reserved 1067008K
  class space    used 2746K, capacity 2950K, committed 3072K, reserved 1048576K

Card table byte_map: [0x00007f1b1daff000,0x00007f1b1ded3000] byte_map_base: 0x00007f1b1d6d2000

Marking Bits: (ParMarkBitMap*) 0x00007f1b20aef3a0
 Begin Bits: [0x00007f1b052d0000, 0x00007f1b07168000)
 End Bits:   [0x00007f1b07168000, 0x00007f1b09000000)

Polling page: 0x00007f1b21914000

CodeCache: size=245760Kb used=6916Kb max_used=6916Kb free=238844Kb
 bounds [0x00007f1b09000000, 0x00007f1b096d0000, 0x00007f1b18000000]
 total_blobs=3049 nmethods=2350 adapters=614
 compilation: enabled

Compilation events (10 events):
Event: 30.251 Thread 0x00007f1b180b7000 nmethod 2362 0x00007f1b096c0710 code [0x00007f1b096c0900, 0x00007f1b096c12c8]
Event: 30.251 Thread 0x00007f1b180b7000 2363       3       javafx.scene.CssStyleHelper::getTransitionStates (144 bytes)
Event: 30.255 Thread 0x00007f1b180b7000 nmethod 2363 0x00007f1b096c1590 code [0x00007f1b096c1820, 0x00007f1b096c2b88]
Event: 30.255 Thread 0x00007f1b180b7000 2365       3       sun.text.normalizer.UTF16::isSurrogate (18 bytes)
Event: 30.256 Thread 0x00007f1b180b7000 nmethod 2365 0x00007f1b096c3410 code [0x00007f1b096c3580, 0x00007f1b096c3750]
Event: 30.256 Thread 0x00007f1b180b7000 2366       3       sun.text.normalizer.UBiDiProps::getClass (12 bytes)
Event: 30.256 Thread 0x00007f1b180b7000 nmethod 2366 0x00007f1b096c37d0 code [0x00007f1b096c3940, 0x00007f1b096c3ba8]
Event: 30.256 Thread 0x00007f1b180b7000 2367       3       sun.text.normalizer.CharTrie::getCodePointValue (58 bytes)
Event: 30.257 Thread 0x00007f1b180b7000 nmethod 2367 0x00007f1b096c3c90 code [0x00007f1b096c3e20, 0x00007f1b096c4188]
Event: 30.257 Thread 0x00007f1b180b7000 2368       3       sun.text.normalizer.UBiDiProps::getClassFromProps (5 bytes)

GC Heap History (10 events):
Event: 2.317 GC heap before
{Heap before GC invocations=1 (full 0):
 PSYoungGen      total 36864K, used 31744K [0x00000000d7380000, 0x00000000d9c80000, 0x0000000100000000)
  eden space 31744K, 100% used [0x00000000d7380000,0x00000000d9280000,0x00000000d9280000)
  from space 5120K, 0% used [0x00000000d9780000,0x00000000d9780000,0x00000000d9c80000)
  to   space 5120K, 0% used [0x00000000d9280000,0x00000000d9280000,0x00000000d9780000)
 ParOldGen       total 84992K, used 0K [0x0000000085a00000, 0x000000008ad00000, 0x00000000d7380000)
  object space 84992K, 0% used [0x0000000085a00000,0x0000000085a00000,0x000000008ad00000)
 Metaspace       used 11578K, capacity 12002K, committed 12288K, reserved 1060864K
  class space    used 1353K, capacity 1517K, committed 1536K, reserved 1048576K
Event: 2.338 GC heap after
Heap after GC invocations=1 (full 0):
 PSYoungGen      total 36864K, used 5097K [0x00000000d7380000, 0x00000000d9c80000, 0x0000000100000000)
  eden space 31744K, 0% used [0x00000000d7380000,0x00000000d7380000,0x00000000d9280000)
  from space 5120K, 99% used [0x00000000d9280000,0x00000000d977a670,0x00000000d9780000)
  to   space 5120K, 0% used [0x00000000d9780000,0x00000000d9780000,0x00000000d9c80000)
 ParOldGen       total 84992K, used 1917K [0x0000000085a00000, 0x000000008ad00000, 0x00000000d7380000)
  object space 84992K, 2% used [0x0000000085a00000,0x0000000085bdf518,0x000000008ad00000)
 Metaspace       used 11578K, capacity 12002K, committed 12288K, reserved 1060864K
  class space    used 1353K, capacity 1517K, committed 1536K, reserved 1048576K
}
Event: 2.694 GC heap before
{Heap before GC invocations=2 (full 0):
 PSYoungGen      total 36864K, used 36841K [0x00000000d7380000, 0x00000000d9c80000, 0x0000000100000000)
  eden space 31744K, 100% used [0x00000000d7380000,0x00000000d9280000,0x00000000d9280000)
  from space 5120K, 99% used [0x00000000d9280000,0x00000000d977a670,0x00000000d9780000)
  to   space 5120K, 0% used [0x00000000d9780000,0x00000000d9780000,0x00000000d9c80000)
 ParOldGen       total 84992K, used 1917K [0x0000000085a00000, 0x000000008ad00000, 0x00000000d7380000)
  object space 84992K, 2% used [0x0000000085a00000,0x0000000085bdf518,0x000000008ad00000)
 Metaspace       used 12851K, capacity 13262K, committed 13568K, reserved 1060864K
  class space    used 1542K, capacity 1680K, committed 1792K, reserved 1048576K
Event: 2.708 GC heap after
Heap after GC invocations=2 (full 0):
 PSYoungGen      total 36864K, used 5101K [0x00000000d7380000, 0x00000000dbb80000, 0x0000000100000000)
  eden space 31744K, 0% used [0x00000000d7380000,0x00000000d7380000,0x00000000d9280000)
  from space 5120K, 99% used [0x00000000d9780000,0x00000000d9c7b5f0,0x00000000d9c80000)
  to   space 5120K, 0% used [0x00000000d9280000,0x00000000d9280000,0x00000000d9780000)
 ParOldGen       total 84992K, used 2817K [0x0000000085a00000, 0x000000008ad00000, 0x00000000d7380000)
  object space 84992K, 3% used [0x0000000085a00000,0x0000000085cc0488,0x000000008ad00000)
 Metaspace       used 12851K, capacity 13262K, committed 13568K, reserved 1060864K
  class space    used 1542K, capacity 1680K, committed 1792K, reserved 1048576K
}
Event: 3.851 GC heap before
{Heap before GC invocations=3 (full 0):
 PSYoungGen      total 36864K, used 36845K [0x00000000d7380000, 0x00000000dbb80000, 0x0000000100000000)
  eden space 31744K, 100% used [0x00000000d7380000,0x00000000d9280000,0x00000000d9280000)
  from space 5120K, 99% used [0x00000000d9780000,0x00000000d9c7b5f0,0x00000000d9c80000)
  to   space 5120K, 0% used [0x00000000d9280000,0x00000000d9280000,0x00000000d9780000)
 ParOldGen       total 84992K, used 2817K [0x0000000085a00000, 0x000000008ad00000, 0x00000000d7380000)
  object space 84992K, 3% used [0x0000000085a00000,0x0000000085cc0488,0x000000008ad00000)
 Metaspace       used 15980K, capacity 16546K, committed 16896K, reserved 1064960K
  class space    used 2062K, capacity 2232K, committed 2304K, reserved 1048576K
Event: 3.883 GC heap after
Heap after GC invocations=3 (full 0):
 PSYoungGen      total 36864K, used 5114K [0x00000000d7380000, 0x00000000dbb80000, 0x0000000100000000)
  eden space 31744K, 0% used [0x00000000d7380000,0x00000000d7380000,0x00000000d9280000)
  from space 5120K, 99% used [0x00000000d9280000,0x00000000d977eac0,0x00000000d9780000)
  to   space 5120K, 0% used [0x00000000db680000,0x00000000db680000,0x00000000dbb80000)
 ParOldGen       total 84992K, used 6783K [0x0000000085a00000, 0x000000008ad00000, 0x00000000d7380000)
  object space 84992K, 7% used [0x0000000085a00000,0x000000008609fc68,0x000000008ad00000)
 Metaspace       used 15980K, capacity 16546K, committed 16896K, reserved 1064960K
  class space    used 2062K, capacity 2232K, committed 2304K, reserved 1048576K
}
Event: 29.947 GC heap before
{Heap before GC invocations=4 (full 0):
 PSYoungGen      total 36864K, used 27077K [0x00000000d7380000, 0x00000000dbb80000, 0x0000000100000000)
  eden space 31744K, 69% used [0x00000000d7380000,0x00000000d88f2948,0x00000000d9280000)
  from space 5120K, 99% used [0x00000000d9280000,0x00000000d977eac0,0x00000000d9780000)
  to   space 5120K, 0% used [0x00000000db680000,0x00000000db680000,0x00000000dbb80000)
 ParOldGen       total 84992K, used 6783K [0x0000000085a00000, 0x000000008ad00000, 0x00000000d7380000)
  object space 84992K, 7% used [0x0000000085a00000,0x000000008609fc68,0x000000008ad00000)
 Metaspace       used 20270K, capacity 21112K, committed 21248K, reserved 1067008K
  class space    used 2726K, capacity 2949K, committed 3072K, reserved 1048576K
Event: 29.971 GC heap after
Heap after GC invocations=4 (full 0):
 PSYoungGen      total 68608K, used 5117K [0x00000000d7380000, 0x00000000dbb80000, 0x0000000100000000)
  eden space 63488K, 0% used [0x00000000d7380000,0x00000000d7380000,0x00000000db180000)
  from space 5120K, 99% used [0x00000000db680000,0x00000000dbb7f568,0x00000000dbb80000)
  to   space 5120K, 0% used [0x00000000db180000,0x00000000db180000,0x00000000db680000)
 ParOldGen       total 84992K, used 10939K [0x0000000085a00000, 0x000000008ad00000, 0x00000000d7380000)
  object space 84992K, 12% used [0x0000000085a00000,0x00000000864aec40,0x000000008ad00000)
 Metaspace       used 20270K, capacity 21112K, committed 21248K, reserved 1067008K
  class space    used 2726K, capacity 2949K, committed 3072K, reserved 1048576K
}
Event: 29.971 GC heap before
{Heap before GC invocations=5 (full 1):
 PSYoungGen      total 68608K, used 5117K [0x00000000d7380000, 0x00000000dbb80000, 0x0000000100000000)
  eden space 63488K, 0% used [0x00000000d7380000,0x00000000d7380000,0x00000000db180000)
  from space 5120K, 99% used [0x00000000db680000,0x00000000dbb7f568,0x00000000dbb80000)
  to   space 5120K, 0% used [0x00000000db180000,0x00000000db180000,0x00000000db680000)
 ParOldGen       total 84992K, used 10939K [0x0000000085a00000, 0x000000008ad00000, 0x00000000d7380000)
  object space 84992K, 12% used [0x0000000085a00000,0x00000000864aec40,0x000000008ad00000)
 Metaspace       used 20270K, capacity 21112K, committed 21248K, reserved 1067008K
  class space    used 2726K, capacity 2949K, committed 3072K, reserved 1048576K
Event: 30.069 GC heap after
Heap after GC invocations=5 (full 1):
 PSYoungGen      total 68608K, used 0K [0x00000000d7380000, 0x00000000dbb80000, 0x0000000100000000)
  eden space 63488K, 0% used [0x00000000d7380000,0x00000000d7380000,0x00000000db180000)
  from space 5120K, 0% used [0x00000000db680000,0x00000000db680000,0x00000000dbb80000)
  to   space 5120K, 0% used [0x00000000db180000,0x00000000db180000,0x00000000db680000)
 ParOldGen       total 53760K, used 11199K [0x0000000085a00000, 0x0000000088e80000, 0x00000000d7380000)
  object space 53760K, 20% used [0x0000000085a00000,0x00000000864efc40,0x0000000088e80000)
 Metaspace       used 20270K, capacity 21112K, committed 21248K, reserved 1067008K
  class space    used 2726K, capacity 2949K, committed 3072K, reserved 1048576K
}

Deoptimization events (10 events):
Event: 4.630 Thread 0x00007f1b182f3800 Uncommon trap: reason=unstable_if action=reinterpret pc=0x00007f1b093865e4 method=jdk.internal.org.objectweb.asm.Type.getArgumentsAndReturnSizes(Ljava/lang/String;)I @ 47
Event: 5.514 Thread 0x00007f1b182a1000 Uncommon trap: reason=unstable_if action=reinterpret pc=0x00007f1b09452560 method=java.lang.StrictMath.floorOrCeil(DDDD)D @ 115
Event: 22.459 Thread 0x00007f1b182f3800 Uncommon trap: reason=unstable_if action=reinterpret pc=0x00007f1b09298da0 method=java.lang.CharacterData.of(I)Ljava/lang/CharacterData; @ 4
Event: 24.397 Thread 0x00007f1b182f3800 Uncommon trap: reason=unstable_if action=reinterpret pc=0x00007f1b092dfc9c method=sun.nio.cs.UTF_8$Decoder.decode([BII[C)I @ 30
Event: 24.479 Thread 0x00007f1b182f3800 Uncommon trap: reason=unstable_if action=reinterpret pc=0x00007f1b094ef87c method=java.lang.StrictMath.floorOrCeil(DDDD)D @ 38
Event: 24.480 Thread 0x00007f1b182f3800 Uncommon trap: reason=unstable_if action=reinterpret pc=0x00007f1b095cb374 method=javafx.scene.Node.updateLocalToParentTransform()V @ 4
Event: 24.490 Thread 0x00007f1b182f3800 Uncommon trap: reason=class_check action=maybe_recompile pc=0x00007f1b09403c8c method=java.io.FilterInputStream.read()I @ 4
Event: 24.490 Thread 0x00007f1b182f3800 Uncommon trap: reason=class_check action=maybe_recompile pc=0x00007f1b09403c8c method=java.io.FilterInputStream.read()I @ 4
Event: 24.490 Thread 0x00007f1b182f3800 Uncommon trap: reason=class_check action=maybe_recompile pc=0x00007f1b09403c8c method=java.io.FilterInputStream.read()I @ 4
Event: 24.490 Thread 0x00007f1b182f3800 Uncommon trap: reason=class_check action=maybe_recompile pc=0x00007f1b09403c8c method=java.io.FilterInputStream.read()I @ 4

Classes redefined (0 events):
No events

Internal exceptions (10 events):
Event: 0.440 Thread 0x00007f1b1800a800 Exception <a 'java/security/PrivilegedActionException'> (0x00000000d7634ef0) thrown at [/build/openjdk-8-8u181-b13/src/hotspot/src/share/vm/prims/jvm.cpp, line 1435]
Event: 0.440 Thread 0x00007f1b1800a800 Exception <a 'java/security/PrivilegedActionException'> (0x00000000d76359c8) thrown at [/build/openjdk-8-8u181-b13/src/hotspot/src/share/vm/prims/jvm.cpp, line 1435]
Event: 0.440 Thread 0x00007f1b1800a800 Exception <a 'java/security/PrivilegedActionException'> (0x00000000d7635bd8) thrown at [/build/openjdk-8-8u181-b13/src/hotspot/src/share/vm/prims/jvm.cpp, line 1435]
Event: 0.441 Thread 0x00007f1b1800a800 Exception <a 'java/lang/NullPointerException'> (0x00000000d7637180) thrown at [/build/openjdk-8-8u181-b13/src/hotspot/src/share/vm/interpreter/linkResolver.cpp, line 1185]
Event: 2.148 Thread 0x00007f1b182f3800 Exception <a 'java/lang/NullPointerException'> (0x00000000d8b465b0) thrown at [/build/openjdk-8-8u181-b13/src/hotspot/src/share/vm/interpreter/linkResolver.cpp, line 1185]
Event: 2.148 Thread 0x00007f1b182f3800 Exception <a 'java/lang/NullPointerException'> (0x00000000d8b465b0) thrown at [/build/openjdk-8-8u181-b13/src/hotspot/src/share/vm/prims/jvm.cpp, line 1439]
Event: 2.684 Thread 0x00007f1b182f3800 Exception <a 'java/lang/ArrayIndexOutOfBoundsException'> (0x00000000d9233fc8) thrown at [/build/openjdk-8-8u181-b13/src/hotspot/src/share/vm/runtime/sharedRuntime.cpp, line 605]
Event: 2.685 Thread 0x00007f1b182f3800 Exception <a 'java/lang/ArrayIndexOutOfBoundsException'> (0x00000000d9234cc8) thrown at [/build/openjdk-8-8u181-b13/src/hotspot/src/share/vm/runtime/sharedRuntime.cpp, line 605]
Event: 2.685 Thread 0x00007f1b182f3800 Exception <a 'java/lang/ArrayIndexOutOfBoundsException'> (0x00000000d9236070) thrown at [/build/openjdk-8-8u181-b13/src/hotspot/src/share/vm/runtime/sharedRuntime.cpp, line 605]
Event: 3.420 Thread 0x00007f1b182f3800 Implicit null exception at 0x00007f1b09357375 to 0x00007f1b09357559

Events (10 events):
Event: 30.157 loading class javafx/scene/effect/Reflection$4
Event: 30.157 loading class javafx/scene/effect/Reflection$4 done
Event: 30.158 loading class javafx/scene/effect/Reflection$3
Event: 30.158 loading class javafx/scene/effect/Reflection$3 done
Event: 30.158 loading class javafx/scene/effect/Reflection$2
Event: 30.158 loading class javafx/scene/effect/Reflection$2 done
Event: 30.159 loading class com/sun/javafx/effect/EffectDirtyBits
Event: 30.159 loading class com/sun/javafx/effect/EffectDirtyBits done
Event: 30.160 loading class javafx/scene/Node$MiscProperties$9$1
Event: 30.160 loading class javafx/scene/Node$MiscProperties$9$1 done


Dynamic libraries:
85a00000-88e80000 rw-p 00000000 00:00 0 
88e80000-d7380000 ---p 00000000 00:00 0 
d7380000-dbb80000 rw-p 00000000 00:00 0 
dbb80000-100000000 ---p 00000000 00:00 0 
100000000-100300000 rw-p 00000000 00:00 0 
100300000-140000000 ---p 00000000 00:00 0 
5578a758a000-5578a758b000 r-xp 00000000 08:08 1715118                    /usr/lib/jvm/java-8-openjdk-amd64/jre/bin/java
5578a778a000-5578a778b000 r--p 00000000 08:08 1715118                    /usr/lib/jvm/java-8-openjdk-amd64/jre/bin/java
5578a778b000-5578a778c000 rw-p 00001000 08:08 1715118                    /usr/lib/jvm/java-8-openjdk-amd64/jre/bin/java
5578a9765000-5578a9786000 rw-p 00000000 00:00 0                          [heap]
7f1abb502000-7f1abb508000 rw-s 103486000 00:06 344                       /dev/dri/card0
7f1abb508000-7f1abb708000 rw-p 00000000 00:00 0 
7f1abb708000-7f1abb768000 rw-s 104a2a000 00:06 344                       /dev/dri/card0
7f1abb768000-7f1abb928000 rw-s 1063e3000 00:06 344                       /dev/dri/card0
7f1abb928000-7f1abb988000 rw-s 104f76000 00:06 344                       /dev/dri/card0
7f1abb988000-7f1abbb48000 rw-s 104b9f000 00:06 344                       /dev/dri/card0
7f1abbb48000-7f1abbe48000 rw-s 10156d000 00:06 344                       /dev/dri/card0
7f1abbe48000-7f1abbe4b000 ---p 00000000 00:00 0 
7f1abbe4b000-7f1abc149000 rw-p 00000000 00:00 0 
7f1abc149000-7f1abc179000 r-xp 00000000 08:08 1973152                    /usr/lib/x86_64-linux-gnu/gtk-2.0/2.10.0/engines/libmurrine.so
7f1abc179000-7f1abc379000 ---p 00030000 08:08 1973152                    /usr/lib/x86_64-linux-gnu/gtk-2.0/2.10.0/engines/libmurrine.so
7f1abc379000-7f1abc37a000 r--p 00030000 08:08 1973152                    /usr/lib/x86_64-linux-gnu/gtk-2.0/2.10.0/engines/libmurrine.so
7f1abc37a000-7f1abc37b000 rw-p 00031000 08:08 1973152                    /usr/lib/x86_64-linux-gnu/gtk-2.0/2.10.0/engines/libmurrine.so
7f1abc37b000-7f1abc37d000 r-xp 00000000 08:08 1973145                    /usr/lib/x86_64-linux-gnu/gtk-2.0/2.10.0/engines/libadwaita.so
7f1abc37d000-7f1abc57d000 ---p 00002000 08:08 1973145                    /usr/lib/x86_64-linux-gnu/gtk-2.0/2.10.0/engines/libadwaita.so
7f1abc57d000-7f1abc57e000 r--p 00002000 08:08 1973145                    /usr/lib/x86_64-linux-gnu/gtk-2.0/2.10.0/engines/libadwaita.so
7f1abc57e000-7f1abc57f000 rw-p 00003000 08:08 1973145                    /usr/lib/x86_64-linux-gnu/gtk-2.0/2.10.0/engines/libadwaita.so
7f1abc57f000-7f1abc589000 r-xp 00000000 08:08 1973153                    /usr/lib/x86_64-linux-gnu/gtk-2.0/2.10.0/engines/libpixmap.so
7f1abc589000-7f1abc788000 ---p 0000a000 08:08 1973153                    /usr/lib/x86_64-linux-gnu/gtk-2.0/2.10.0/engines/libpixmap.so
7f1abc788000-7f1abc789000 r--p 00009000 08:08 1973153                    /usr/lib/x86_64-linux-gnu/gtk-2.0/2.10.0/engines/libpixmap.so
7f1abc789000-7f1abc78a000 rw-p 0000a000 08:08 1973153                    /usr/lib/x86_64-linux-gnu/gtk-2.0/2.10.0/engines/libpixmap.so
7f1abc78a000-7f1abc78f000 r-xp 00000000 08:08 1717399                    /usr/lib/jvm/java-8-openjdk-amd64/jre/lib/amd64/libjavafx_font_freetype.so
7f1abc78f000-7f1abc98e000 ---p 00005000 08:08 1717399                    /usr/lib/jvm/java-8-openjdk-amd64/jre/lib/amd64/libjavafx_font_freetype.so
7f1abc98e000-7f1abc98f000 r--p 00004000 08:08 1717399                    /usr/lib/jvm/java-8-openjdk-amd64/jre/lib/amd64/libjavafx_font_freetype.so
7f1abc98f000-7f1abc990000 rw-p 00005000 08:08 1717399                    /usr/lib/jvm/java-8-openjdk-amd64/jre/lib/amd64/libjavafx_font_freetype.so
7f1abc990000-7f1abcb90000 rw-p 00000000 00:00 0 
7f1abcb90000-7f1abcb93000 r-xp 00000000 08:08 1717398                    /usr/lib/jvm/java-8-openjdk-amd64/jre/lib/amd64/libjavafx_font.so
7f1abcb93000-7f1abcd92000 ---p 00003000 08:08 1717398                    /usr/lib/jvm/java-8-openjdk-amd64/jre/lib/amd64/libjavafx_font.so
7f1abcd92000-7f1abcd93000 r--p 00002000 08:08 1717398                    /usr/lib/jvm/java-8-openjdk-amd64/jre/lib/amd64/libjavafx_font.so
7f1abcd93000-7f1abcd94000 rw-p 00003000 08:08 1717398                    /usr/lib/jvm/java-8-openjdk-amd64/jre/lib/amd64/libjavafx_font.so
7f1abcd94000-7f1abcdfd000 r-xp 00000000 08:08 1974422                    /usr/lib/x86_64-linux-gnu/libjpeg.so.62.2.0
7f1abcdfd000-7f1abcffd000 ---p 00069000 08:08 1974422                    /usr/lib/x86_64-linux-gnu/libjpeg.so.62.2.0
7f1abcffd000-7f1abcffe000 r--p 00069000 08:08 1974422                    /usr/lib/x86_64-linux-gnu/libjpeg.so.62.2.0
7f1abcffe000-7f1abcfff000 rw-p 0006a000 08:08 1974422                    /usr/lib/x86_64-linux-gnu/libjpeg.so.62.2.0
7f1abcfff000-7f1ac0000000 rw-p 00000000 00:00 0 
7f1ac0000000-7f1ac0509000 rw-p 00000000 00:00 0 
7f1ac0509000-7f1ac4000000 ---p 00000000 00:00 0 
7f1ac4000000-7f1ac4021000 rw-p 00000000 00:00 0 
7f1ac4021000-7f1ac8000000 ---p 00000000 00:00 0 
7f1ac8000000-7f1ac8021000 rw-p 00000000 00:00 0 
7f1ac8021000-7f1acc000000 ---p 00000000 00:00 0 
7f1acc001000-7f1acc011000 rw-s 00000000 00:18 160                        /i915 (deleted)
7f1acc011000-7f1acc021000 rw-s 00000000 00:18 205                        /i915 (deleted)
7f1acc021000-7f1acc022000 rw-s 00000000 00:18 159                        /i915 (deleted)
7f1acc026000-7f1acc034000 rw-s 106732000 00:06 344                       /dev/dri/card0
7f1acc034000-7f1acc038000 rw-s 00000000 00:18 187                        /i915 (deleted)
7f1acc038000-7f1acc07f000 r--p 00000000 08:08 2491713                    /usr/share/fonts/truetype/noto/NotoSans-BoldItalic.ttf
7f1acc07f000-7f1acc0ca000 r--p 00000000 08:08 2491715                    /usr/share/fonts/truetype/noto/NotoSans-Regular.ttf
7f1acc0ca000-7f1acc10c000 r--s 00000000 08:08 1572909                    /var/cache/fontconfig/0bd3dc0958fa2205aaaa8ebb13e2872b-le64.cache-4
7f1acc10c000-7f1acc110000 r-xp 00000000 08:08 1717401                    /usr/lib/jvm/java-8-openjdk-amd64/jre/lib/amd64/libjavafx_iio.so
7f1acc110000-7f1acc30f000 ---p 00004000 08:08 1717401                    /usr/lib/jvm/java-8-openjdk-amd64/jre/lib/amd64/libjavafx_iio.so
7f1acc30f000-7f1acc310000 r--p 00003000 08:08 1717401                    /usr/lib/jvm/java-8-openjdk-amd64/jre/lib/amd64/libjavafx_iio.so
7f1acc310000-7f1acc311000 rw-p 00004000 08:08 1717401                    /usr/lib/jvm/java-8-openjdk-amd64/jre/lib/amd64/libjavafx_iio.so
7f1acc311000-7f1acc511000 rw-p 00000000 00:00 0 
7f1acc511000-7f1acc711000 rw-p 00000000 00:00 0 
7f1acc711000-7f1acc728000 r-xp 00000000 08:08 1715156                    /usr/lib/jvm/java-8-openjdk-amd64/jre/lib/amd64/libnet.so
7f1acc728000-7f1acc927000 ---p 00017000 08:08 1715156                    /usr/lib/jvm/java-8-openjdk-amd64/jre/lib/amd64/libnet.so
7f1acc927000-7f1acc928000 r--p 00016000 08:08 1715156                    /usr/lib/jvm/java-8-openjdk-amd64/jre/lib/amd64/libnet.so
7f1acc928000-7f1acc929000 rw-p 00017000 08:08 1715156                    /usr/lib/jvm/java-8-openjdk-amd64/jre/lib/amd64/libnet.so
7f1acc929000-7f1acc92c000 ---p 00000000 00:00 0 
7f1acc92c000-7f1acca2a000 rw-p 00000000 00:00 0 
7f1acca2a000-7f1acca2d000 ---p 00000000 00:00 0 
7f1acca2d000-7f1accb2b000 rw-p 00000000 00:00 0 
7f1accb2b000-7f1accb2c000 ---p 00000000 00:00 0 
7f1accb2c000-7f1acd32c000 rw-p 00000000 00:00 0 
7f1acd32c000-7f1acd46d000 rw-s 00000000 08:09 12845132                   /home/atomx/.cache/mesa_shader_cache/index
7f1acd46d000-7f1acd470000 ---p 00000000 00:00 0 
7f1acd470000-7f1acd56e000 rw-p 00000000 00:00 0 
7f1acd56e000-7f1acd571000 ---p 00000000 00:00 0 
7f1acd571000-7f1acd66f000 rw-p 00000000 00:00 0 
7f1acd66f000-7f1acd698000 r-xp 00000000 08:08 1717396                    /usr/lib/jvm/java-8-openjdk-amd64/jre/lib/amd64/libglass.so
7f1acd698000-7f1acd898000 ---p 00029000 08:08 1717396                    /usr/lib/jvm/java-8-openjdk-amd64/jre/lib/amd64/libglass.so
7f1acd898000-7f1acd899000 r--p 00029000 08:08 1717396                    /usr/lib/jvm/java-8-openjdk-amd64/jre/lib/amd64/libglass.so
7f1acd899000-7f1acd89a000 rw-p 0002a000 08:08 1717396                    /usr/lib/jvm/java-8-openjdk-amd64/jre/lib/amd64/libglass.so
7f1acd89a000-7f1acd89b000 rw-p 00000000 00:00 0 
7f1acd89b000-7f1acd89c000 ---p 00000000 00:00 0 
7f1acd89c000-7f1ace09c000 rw-p 00000000 00:00 0 
7f1ace09c000-7f1ace1dd000 rw-s 00000000 08:09 12845132                   /home/atomx/.cache/mesa_shader_cache/index
7f1ace1dd000-7f1ace1e5000 r-xp 00000000 08:08 1974752                    /usr/lib/x86_64-linux-gnu/libpciaccess.so.0.11.1
7f1ace1e5000-7f1ace3e5000 ---p 00008000 08:08 1974752                    /usr/lib/x86_64-linux-gnu/libpciaccess.so.0.11.1
7f1ace3e5000-7f1ace3e6000 r--p 00008000 08:08 1974752                    /usr/lib/x86_64-linux-gnu/libpciaccess.so.0.11.1
7f1ace3e6000-7f1ace3e7000 rw-p 00009000 08:08 1974752                    /usr/lib/x86_64-linux-gnu/libpciaccess.so.0.11.1
7f1ace3e7000-7f1ace3f2000 r-xp 00000000 08:08 1973844                    /usr/lib/x86_64-linux-gnu/libdrm_radeon.so.1.0.1
7f1ace3f2000-7f1ace5f1000 ---p 0000b000 08:08 1973844                    /usr/lib/x86_64-linux-gnu/libdrm_radeon.so.1.0.1
7f1ace5f1000-7f1ace5f2000 r--p 0000a000 08:08 1973844                    /usr/lib/x86_64-linux-gnu/libdrm_radeon.so.1.0.1
7f1ace5f2000-7f1ace5f3000 rw-p 0000b000 08:08 1973844                    /usr/lib/x86_64-linux-gnu/libdrm_radeon.so.1.0.1
7f1ace5f3000-7f1ace5fa000 r-xp 00000000 08:08 1973842                    /usr/lib/x86_64-linux-gnu/libdrm_nouveau.so.2.0.0
7f1ace5fa000-7f1ace7f9000 ---p 00007000 08:08 1973842                    /usr/lib/x86_64-linux-gnu/libdrm_nouveau.so.2.0.0
7f1ace7f9000-7f1ace7fa000 r--p 00006000 08:08 1973842                    /usr/lib/x86_64-linux-gnu/libdrm_nouveau.so.2.0.0
7f1ace7fa000-7f1ace7fb000 rw-p 00007000 08:08 1973842                    /usr/lib/x86_64-linux-gnu/libdrm_nouveau.so.2.0.0
7f1ace7fb000-7f1ace81e000 r-xp 00000000 08:08 1973840                    /usr/lib/x86_64-linux-gnu/libdrm_intel.so.1.0.0
7f1ace81e000-7f1acea1d000 ---p 00023000 08:08 1973840                    /usr/lib/x86_64-linux-gnu/libdrm_intel.so.1.0.0
7f1acea1d000-7f1acea1e000 r--p 00022000 08:08 1973840                    /usr/lib/x86_64-linux-gnu/libdrm_intel.so.1.0.0
7f1acea1e000-7f1acea1f000 rw-p 00023000 08:08 1973840                    /usr/lib/x86_64-linux-gnu/libdrm_intel.so.1.0.0
7f1acea1f000-7f1acf34e000 r-xp 00000000 08:08 1972506                    /usr/lib/x86_64-linux-gnu/dri/i965_dri.so
7f1acf34e000-7f1acf54d000 ---p 0092f000 08:08 1972506                    /usr/lib/x86_64-linux-gnu/dri/i965_dri.so
7f1acf54d000-7f1acf5a7000 r--p 0092e000 08:08 1972506                    /usr/lib/x86_64-linux-gnu/dri/i965_dri.so
7f1acf5a7000-7f1acf5b2000 rw-p 00988000 08:08 1972506                    /usr/lib/x86_64-linux-gnu/dri/i965_dri.so
7f1acf5b2000-7f1acf665000 rw-p 00000000 00:00 0 
7f1acf665000-7f1acf675000 r-xp 00000000 08:08 1973836                    /usr/lib/x86_64-linux-gnu/libdrm.so.2.4.0
7f1acf675000-7f1acf874000 ---p 00010000 08:08 1973836                    /usr/lib/x86_64-linux-gnu/libdrm.so.2.4.0
7f1acf874000-7f1acf875000 r--p 0000f000 08:08 1973836                    /usr/lib/x86_64-linux-gnu/libdrm.so.2.4.0
7f1acf875000-7f1acf876000 rw-p 00010000 08:08 1973836                    /usr/lib/x86_64-linux-gnu/libdrm.so.2.4.0
7f1acf876000-7f1acf87a000 r-xp 00000000 08:08 1975194                    /usr/lib/x86_64-linux-gnu/libxcb-dri2.so.0.0.0
7f1acf87a000-7f1acfa79000 ---p 00004000 08:08 1975194                    /usr/lib/x86_64-linux-gnu/libxcb-dri2.so.0.0.0
7f1acfa79000-7f1acfa7a000 r--p 00003000 08:08 1975194                    /usr/lib/x86_64-linux-gnu/libxcb-dri2.so.0.0.0
7f1acfa7a000-7f1acfa7b000 rw-p 00004000 08:08 1975194                    /usr/lib/x86_64-linux-gnu/libxcb-dri2.so.0.0.0
7f1acfa7b000-7f1acfa93000 r-xp 00000000 08:08 1975200                    /usr/lib/x86_64-linux-gnu/libxcb-glx.so.0.0.0
7f1acfa93000-7f1acfc93000 ---p 00018000 08:08 1975200                    /usr/lib/x86_64-linux-gnu/libxcb-glx.so.0.0.0
7f1acfc93000-7f1acfc95000 r--p 00018000 08:08 1975200                    /usr/lib/x86_64-linux-gnu/libxcb-glx.so.0.0.0
7f1acfc95000-7f1acfc96000 rw-p 0001a000 08:08 1975200                    /usr/lib/x86_64-linux-gnu/libxcb-glx.so.0.0.0
7f1acfc96000-7f1acfc97000 r-xp 00000000 08:08 1973515                    /usr/lib/x86_64-linux-gnu/libX11-xcb.so.1.0.0
7f1acfc97000-7f1acfe96000 ---p 00001000 08:08 1973515                    /usr/lib/x86_64-linux-gnu/libX11-xcb.so.1.0.0
7f1acfe96000-7f1acfe97000 r--p 00000000 08:08 1973515                    /usr/lib/x86_64-linux-gnu/libX11-xcb.so.1.0.0
7f1acfe97000-7f1acfe98000 rw-p 00001000 08:08 1973515                    /usr/lib/x86_64-linux-gnu/libX11-xcb.so.1.0.0
7f1acfe98000-7f1acfec4000 r-xp 00000000 08:08 1974054                    /usr/lib/x86_64-linux-gnu/libglapi.so.0.0.0
7f1acfec4000-7f1ad00c3000 ---p 0002c000 08:08 1974054                    /usr/lib/x86_64-linux-gnu/libglapi.so.0.0.0
7f1ad00c3000-7f1ad00c7000 r--p 0002b000 08:08 1974054                    /usr/lib/x86_64-linux-gnu/libglapi.so.0.0.0
7f1ad00c7000-7f1ad00c8000 rw-p 0002f000 08:08 1974054                    /usr/lib/x86_64-linux-gnu/libglapi.so.0.0.0
7f1ad00c8000-7f1ad00c9000 rw-p 00000000 00:00 0 
7f1ad00c9000-7f1ad00ca000 r-xp 00000000 08:08 1975250                    /usr/lib/x86_64-linux-gnu/libxshmfence.so.1.0.0
7f1ad00ca000-7f1ad02c9000 ---p 00001000 08:08 1975250                    /usr/lib/x86_64-linux-gnu/libxshmfence.so.1.0.0
7f1ad02c9000-7f1ad02ca000 r--p 00000000 08:08 1975250                    /usr/lib/x86_64-linux-gnu/libxshmfence.so.1.0.0
7f1ad02ca000-7f1ad02cb000 rw-p 00001000 08:08 1975250                    /usr/lib/x86_64-linux-gnu/libxshmfence.so.1.0.0
7f1ad02cb000-7f1ad02d1000 r-xp 00000000 08:08 1975220                    /usr/lib/x86_64-linux-gnu/libxcb-sync.so.1.0.0
7f1ad02d1000-7f1ad04d0000 ---p 00006000 08:08 1975220                    /usr/lib/x86_64-linux-gnu/libxcb-sync.so.1.0.0
7f1ad04d0000-7f1ad04d1000 r--p 00005000 08:08 1975220                    /usr/lib/x86_64-linux-gnu/libxcb-sync.so.1.0.0
7f1ad04d1000-7f1ad04d2000 rw-p 00006000 08:08 1975220                    /usr/lib/x86_64-linux-gnu/libxcb-sync.so.1.0.0
7f1ad04d2000-7f1ad04d4000 r-xp 00000000 08:08 1975208                    /usr/lib/x86_64-linux-gnu/libxcb-present.so.0.0.0
7f1ad04d4000-7f1ad06d3000 ---p 00002000 08:08 1975208                    /usr/lib/x86_64-linux-gnu/libxcb-present.so.0.0.0
7f1ad06d3000-7f1ad06d4000 r--p 00001000 08:08 1975208                    /usr/lib/x86_64-linux-gnu/libxcb-present.so.0.0.0
7f1ad06d4000-7f1ad06d5000 rw-p 00002000 08:08 1975208                    /usr/lib/x86_64-linux-gnu/libxcb-present.so.0.0.0
7f1ad06d5000-7f1ad06dc000 r-xp 00000000 08:08 1975224                    /usr/lib/x86_64-linux-gnu/libxcb-xfixes.so.0.0.0
7f1ad06dc000-7f1ad08db000 ---p 00007000 08:08 1975224                    /usr/lib/x86_64-linux-gnu/libxcb-xfixes.so.0.0.0
7f1ad08db000-7f1ad08dc000 r--p 00006000 08:08 1975224                    /usr/lib/x86_64-linux-gnu/libxcb-xfixes.so.0.0.0
7f1ad08dc000-7f1ad08dd000 rw-p 00007000 08:08 1975224                    /usr/lib/x86_64-linux-gnu/libxcb-xfixes.so.0.0.0
7f1ad08dd000-7f1ad08df000 r-xp 00000000 08:08 1975196                    /usr/lib/x86_64-linux-gnu/libxcb-dri3.so.0.0.0
7f1ad08df000-7f1ad0ade000 ---p 00002000 08:08 1975196                    /usr/lib/x86_64-linux-gnu/libxcb-dri3.so.0.0.0
7f1ad0ade000-7f1ad0adf000 r--p 00001000 08:08 1975196                    /usr/lib/x86_64-linux-gnu/libxcb-dri3.so.0.0.0
7f1ad0adf000-7f1ad0ae0000 rw-p 00002000 08:08 1975196                    /usr/lib/x86_64-linux-gnu/libxcb-dri3.so.0.0.0
7f1ad0ae0000-7f1ad0b52000 r-xp 00000000 08:08 1973267                    /usr/lib/x86_64-linux-gnu/libGLX_mesa.so.0.0.0
7f1ad0b52000-7f1ad0d51000 ---p 00072000 08:08 1973267                    /usr/lib/x86_64-linux-gnu/libGLX_mesa.so.0.0.0
7f1ad0d51000-7f1ad0d54000 r--p 00071000 08:08 1973267                    /usr/lib/x86_64-linux-gnu/libGLX_mesa.so.0.0.0
7f1ad0d54000-7f1ad0d55000 rw-p 00074000 08:08 1973267                    /usr/lib/x86_64-linux-gnu/libGLX_mesa.so.0.0.0
7f1ad0d55000-7f1ad0d56000 rw-p 00000000 00:00 0 
7f1ad0d56000-7f1ad0d5a000 r-xp 00000000 08:08 1975099                    /usr/lib/x86_64-linux-gnu/libuuid.so.1.3.0
7f1ad0d5a000-7f1ad0f59000 ---p 00004000 08:08 1975099                    /usr/lib/x86_64-linux-gnu/libuuid.so.1.3.0
7f1ad0f59000-7f1ad0f5a000 r--p 00003000 08:08 1975099                    /usr/lib/x86_64-linux-gnu/libuuid.so.1.3.0
7f1ad0f5a000-7f1ad0f5b000 rw-p 00004000 08:08 1975099                    /usr/lib/x86_64-linux-gnu/libuuid.so.1.3.0
7f1ad0f5b000-7f1ad0f6e000 r-xp 00000000 08:08 1973672                    /usr/lib/x86_64-linux-gnu/libbsd.so.0.8.3
7f1ad0f6e000-7f1ad116e000 ---p 00013000 08:08 1973672                    /usr/lib/x86_64-linux-gnu/libbsd.so.0.8.3
7f1ad116e000-7f1ad116f000 r--p 00013000 08:08 1973672                    /usr/lib/x86_64-linux-gnu/libbsd.so.0.8.3
7f1ad116f000-7f1ad1170000 rw-p 00014000 08:08 1973672                    /usr/lib/x86_64-linux-gnu/libbsd.so.0.8.3
7f1ad1170000-7f1ad1171000 rw-p 00000000 00:00 0 
7f1ad1171000-7f1ad1178000 r-xp 00000000 08:08 1973762                    /usr/lib/x86_64-linux-gnu/libdatrie.so.1.3.3
7f1ad1178000-7f1ad1377000 ---p 00007000 08:08 1973762                    /usr/lib/x86_64-linux-gnu/libdatrie.so.1.3.3
7f1ad1377000-7f1ad1378000 r--p 00006000 08:08 1973762                    /usr/lib/x86_64-linux-gnu/libdatrie.so.1.3.3
7f1ad1378000-7f1ad1379000 rw-p 00007000 08:08 1973762                    /usr/lib/x86_64-linux-gnu/libdatrie.so.1.3.3
7f1ad1379000-7f1ad13a4000 r-xp 00000000 08:08 1974207                    /usr/lib/x86_64-linux-gnu/libgraphite2.so.3.0.1
7f1ad13a4000-7f1ad15a3000 ---p 0002b000 08:08 1974207                    /usr/lib/x86_64-linux-gnu/libgraphite2.so.3.0.1
7f1ad15a3000-7f1ad15a5000 r--p 0002a000 08:08 1974207                    /usr/lib/x86_64-linux-gnu/libgraphite2.so.3.0.1
7f1ad15a5000-7f1ad15a6000 rw-p 0002c000 08:08 1974207                    /usr/lib/x86_64-linux-gnu/libgraphite2.so.3.0.1
7f1ad15a6000-7f1ad15e7000 r-xp 00000000 08:08 1973657                    /usr/lib/x86_64-linux-gnu/libblkid.so.1.1.0
7f1ad15e7000-7f1ad17e6000 ---p 00041000 08:08 1973657                    /usr/lib/x86_64-linux-gnu/libblkid.so.1.1.0
7f1ad17e6000-7f1ad17ea000 r--p 00040000 08:08 1973657                    /usr/lib/x86_64-linux-gnu/libblkid.so.1.1.0
7f1ad17ea000-7f1ad17eb000 rw-p 00044000 08:08 1973657                    /usr/lib/x86_64-linux-gnu/libblkid.so.1.1.0
7f1ad17eb000-7f1ad17ec000 rw-p 00000000 00:00 0 
7f1ad17ec000-7f1ad17f1000 r-xp 00000000 08:08 1973532                    /usr/lib/x86_64-linux-gnu/libXdmcp.so.6.0.0
7f1ad17f1000-7f1ad19f0000 ---p 00005000 08:08 1973532                    /usr/lib/x86_64-linux-gnu/libXdmcp.so.6.0.0
7f1ad19f0000-7f1ad19f1000 r--p 00004000 08:08 1973532                    /usr/lib/x86_64-linux-gnu/libXdmcp.so.6.0.0
7f1ad19f1000-7f1ad19f2000 rw-p 00005000 08:08 1973532                    /usr/lib/x86_64-linux-gnu/libXdmcp.so.6.0.0
7f1ad19f2000-7f1ad19f5000 r-xp 00000000 08:08 1973521                    /usr/lib/x86_64-linux-gnu/libXau.so.6.0.0
7f1ad19f5000-7f1ad1bf4000 ---p 00003000 08:08 1973521                    /usr/lib/x86_64-linux-gnu/libXau.so.6.0.0
7f1ad1bf4000-7f1ad1bf5000 r--p 00002000 08:08 1973521                    /usr/lib/x86_64-linux-gnu/libXau.so.6.0.0
7f1ad1bf5000-7f1ad1bf6000 rw-p 00003000 08:08 1973521                    /usr/lib/x86_64-linux-gnu/libXau.so.6.0.0
7f1ad1bf6000-7f1ad1c66000 r-xp 00000000 08:08 1973269                    /usr/lib/x86_64-linux-gnu/libGLdispatch.so.0.0.0
7f1ad1c66000-7f1ad1e66000 ---p 00070000 08:08 1973269                    /usr/lib/x86_64-linux-gnu/libGLdispatch.so.0.0.0
7f1ad1e66000-7f1ad1e8f000 r--p 00070000 08:08 1973269                    /usr/lib/x86_64-linux-gnu/libGLdispatch.so.0.0.0
7f1ad1e8f000-7f1ad1e90000 rw-p 00099000 08:08 1973269                    /usr/lib/x86_64-linux-gnu/libGLdispatch.so.0.0.0
7f1ad1e90000-7f1ad1eb0000 rw-p 00000000 00:00 0 
7f1ad1eb0000-7f1ad1ec0000 r-xp 00000000 08:08 1973264                    /usr/lib/x86_64-linux-gnu/libGLX.so.0.0.0
7f1ad1ec0000-7f1ad20c0000 ---p 00010000 08:08 1973264                    /usr/lib/x86_64-linux-gnu/libGLX.so.0.0.0
7f1ad20c0000-7f1ad20c1000 r--p 00010000 08:08 1973264                    /usr/lib/x86_64-linux-gnu/libGLX.so.0.0.0
7f1ad20c1000-7f1ad20c2000 rw-p 00011000 08:08 1973264                    /usr/lib/x86_64-linux-gnu/libGLX.so.0.0.0
7f1ad20c2000-7f1ad20e2000 rw-p 00000000 00:00 0 
7f1ad20e2000-7f1ad2154000 r-xp 00000000 08:08 1974757                    /usr/lib/x86_64-linux-gnu/libpcre.so.3.13.3
7f1ad2154000-7f1ad2353000 ---p 00072000 08:08 1974757                    /usr/lib/x86_64-linux-gnu/libpcre.so.3.13.3
7f1ad2353000-7f1ad2354000 r--p 00071000 08:08 1974757                    /usr/lib/x86_64-linux-gnu/libpcre.so.3.13.3
7f1ad2354000-7f1ad2355000 rw-p 00072000 08:08 1974757                    /usr/lib/x86_64-linux-gnu/libpcre.so.3.13.3
7f1ad2355000-7f1ad237c000 r-xp 00000000 08:08 1973918                    /usr/lib/x86_64-linux-gnu/libexpat.so.1.6.2
7f1ad237c000-7f1ad257c000 ---p 00027000 08:08 1973918                    /usr/lib/x86_64-linux-gnu/libexpat.so.1.6.2
7f1ad257c000-7f1ad257e000 r--p 00027000 08:08 1973918                    /usr/lib/x86_64-linux-gnu/libexpat.so.1.6.2
7f1ad257e000-7f1ad257f000 rw-p 00029000 08:08 1973918                    /usr/lib/x86_64-linux-gnu/libexpat.so.1.6.2
7f1ad257f000-7f1ad2586000 r-xp 00000000 08:08 1973938                    /usr/lib/x86_64-linux-gnu/libffi.so.6.0.4
7f1ad2586000-7f1ad2786000 ---p 00007000 08:08 1973938                    /usr/lib/x86_64-linux-gnu/libffi.so.6.0.4
7f1ad2786000-7f1ad2787000 r--p 00007000 08:08 1973938                    /usr/lib/x86_64-linux-gnu/libffi.so.6.0.4
7f1ad2787000-7f1ad2788000 rw-p 00008000 08:08 1973938                    /usr/lib/x86_64-linux-gnu/libffi.so.6.0.4
7f1ad2788000-7f1ad2790000 r-xp 00000000 08:08 1975032                    /usr/lib/x86_64-linux-gnu/libthai.so.0.3.0
7f1ad2790000-7f1ad2990000 ---p 00008000 08:08 1975032                    /usr/lib/x86_64-linux-gnu/libthai.so.0.3.0
7f1ad2990000-7f1ad2991000 r--p 00008000 08:08 1975032                    /usr/lib/x86_64-linux-gnu/libthai.so.0.3.0
7f1ad2991000-7f1ad2992000 rw-p 00009000 08:08 1975032                    /usr/lib/x86_64-linux-gnu/libthai.so.0.3.0
7f1ad2992000-7f1ad2a25000 r-xp 00000000 08:08 1974304                    /usr/lib/x86_64-linux-gnu/libharfbuzz.so.0.10400.2
7f1ad2a25000-7f1ad2c24000 ---p 00093000 08:08 1974304                    /usr/lib/x86_64-linux-gnu/libharfbuzz.so.0.10400.2
7f1ad2c24000-7f1ad2c26000 r--p 00092000 08:08 1974304                    /usr/lib/x86_64-linux-gnu/libharfbuzz.so.0.10400.2
7f1ad2c26000-7f1ad2c27000 rw-p 00094000 08:08 1974304                    /usr/lib/x86_64-linux-gnu/libharfbuzz.so.0.10400.2
7f1ad2c27000-7f1ad2c71000 r-xp 00000000 08:08 1974545                    /usr/lib/x86_64-linux-gnu/libmount.so.1.1.0
7f1ad2c71000-7f1ad2e71000 ---p 0004a000 08:08 1974545                    /usr/lib/x86_64-linux-gnu/libmount.so.1.1.0
7f1ad2e71000-7f1ad2e72000 r--p 0004a000 08:08 1974545                    /usr/lib/x86_64-linux-gnu/libmount.so.1.1.0
7f1ad2e72000-7f1ad2e73000 rw-p 0004b000 08:08 1974545                    /usr/lib/x86_64-linux-gnu/libmount.so.1.1.0
7f1ad2e73000-7f1ad2e75000 rw-p 00000000 00:00 0 
7f1ad2e75000-7f1ad2e89000 r-xp 00000000 08:08 1974883                    /usr/lib/x86_64-linux-gnu/libresolv-2.24.so
7f1ad2e89000-7f1ad3088000 ---p 00014000 08:08 1974883                    /usr/lib/x86_64-linux-gnu/libresolv-2.24.so
7f1ad3088000-7f1ad3089000 r--p 00013000 08:08 1974883                    /usr/lib/x86_64-linux-gnu/libresolv-2.24.so
7f1ad3089000-7f1ad308a000 rw-p 00014000 08:08 1974883                    /usr/lib/x86_64-linux-gnu/libresolv-2.24.so
7f1ad308a000-7f1ad308c000 rw-p 00000000 00:00 0 
7f1ad308c000-7f1ad30b1000 r-xp 00000000 08:08 1974931                    /usr/lib/x86_64-linux-gnu/libselinux.so.1
7f1ad30b1000-7f1ad32b0000 ---p 00025000 08:08 1974931                    /usr/lib/x86_64-linux-gnu/libselinux.so.1
7f1ad32b0000-7f1ad32b1000 r--p 00024000 08:08 1974931                    /usr/lib/x86_64-linux-gnu/libselinux.so.1
7f1ad32b1000-7f1ad32b2000 rw-p 00025000 08:08 1974931                    /usr/lib/x86_64-linux-gnu/libselinux.so.1
7f1ad32b2000-7f1ad32b4000 rw-p 00000000 00:00 0 
7f1ad32b4000-7f1ad32c0000 r-xp 00000000 08:08 1975214                    /usr/lib/x86_64-linux-gnu/libxcb-render.so.0.0.0
7f1ad32c0000-7f1ad34c0000 ---p 0000c000 08:08 1975214                    /usr/lib/x86_64-linux-gnu/libxcb-render.so.0.0.0
7f1ad34c0000-7f1ad34c1000 r--p 0000c000 08:08 1975214                    /usr/lib/x86_64-linux-gnu/libxcb-render.so.0.0.0
7f1ad34c1000-7f1ad34c2000 rw-p 0000d000 08:08 1975214                    /usr/lib/x86_64-linux-gnu/libxcb-render.so.0.0.0
7f1ad34c2000-7f1ad34e9000 r-xp 00000000 08:08 1975232                    /usr/lib/x86_64-linux-gnu/libxcb.so.1.1.0
7f1ad34e9000-7f1ad36e8000 ---p 00027000 08:08 1975232                    /usr/lib/x86_64-linux-gnu/libxcb.so.1.1.0
7f1ad36e8000-7f1ad36e9000 r--p 00026000 08:08 1975232                    /usr/lib/x86_64-linux-gnu/libxcb.so.1.1.0
7f1ad36e9000-7f1ad36ea000 rw-p 00027000 08:08 1975232                    /usr/lib/x86_64-linux-gnu/libxcb.so.1.1.0
7f1ad36ea000-7f1ad36ec000 r-xp 00000000 08:08 1975218                    /usr/lib/x86_64-linux-gnu/libxcb-shm.so.0.0.0
7f1ad36ec000-7f1ad38ec000 ---p 00002000 08:08 1975218                    /usr/lib/x86_64-linux-gnu/libxcb-shm.so.0.0.0
7f1ad38ec000-7f1ad38ed000 r--p 00002000 08:08 1975218                    /usr/lib/x86_64-linux-gnu/libxcb-shm.so.0.0.0
7f1ad38ed000-7f1ad38ee000 rw-p 00003000 08:08 1975218                    /usr/lib/x86_64-linux-gnu/libxcb-shm.so.0.0.0
7f1ad38ee000-7f1ad391f000 r-xp 00000000 08:08 1974804                    /usr/lib/x86_64-linux-gnu/libpng16.so.16.28.0
7f1ad391f000-7f1ad3b1f000 ---p 00031000 08:08 1974804                    /usr/lib/x86_64-linux-gnu/libpng16.so.16.28.0
7f1ad3b1f000-7f1ad3b20000 r--p 00031000 08:08 1974804                    /usr/lib/x86_64-linux-gnu/libpng16.so.16.28.0
7f1ad3b20000-7f1ad3b21000 rw-p 00032000 08:08 1974804                    /usr/lib/x86_64-linux-gnu/libpng16.so.16.28.0
7f1ad3b21000-7f1ad3bbf000 r-xp 00000000 08:08 1974787                    /usr/lib/x86_64-linux-gnu/libpixman-1.so.0.34.0
7f1ad3bbf000-7f1ad3dbf000 ---p 0009e000 08:08 1974787                    /usr/lib/x86_64-linux-gnu/libpixman-1.so.0.34.0
7f1ad3dbf000-7f1ad3dc7000 r--p 0009e000 08:08 1974787                    /usr/lib/x86_64-linux-gnu/libpixman-1.so.0.34.0
7f1ad3dc7000-7f1ad3dc8000 rw-p 000a6000 08:08 1974787                    /usr/lib/x86_64-linux-gnu/libpixman-1.so.0.34.0
7f1ad3dc8000-7f1ad3dd9000 r-xp 00000000 08:08 1973534                    /usr/lib/x86_64-linux-gnu/libXext.so.6.4.0
7f1ad3dd9000-7f1ad3fd8000 ---p 00011000 08:08 1973534                    /usr/lib/x86_64-linux-gnu/libXext.so.6.4.0
7f1ad3fd8000-7f1ad3fd9000 r--p 00010000 08:08 1973534                    /usr/lib/x86_64-linux-gnu/libXext.so.6.4.0
7f1ad3fd9000-7f1ad3fda000 rw-p 00011000 08:08 1973534                    /usr/lib/x86_64-linux-gnu/libXext.so.6.4.0
7f1ad3fda000-7f1ad3fe4000 r-xp 00000000 08:08 1973528                    /usr/lib/x86_64-linux-gnu/libXcursor.so.1.0.2
7f1ad3fe4000-7f1ad41e3000 ---p 0000a000 08:08 1973528                    /usr/lib/x86_64-linux-gnu/libXcursor.so.1.0.2
7f1ad41e3000-7f1ad41e4000 r--p 00009000 08:08 1973528                    /usr/lib/x86_64-linux-gnu/libXcursor.so.1.0.2
7f1ad41e4000-7f1ad41e5000 rw-p 0000a000 08:08 1973528                    /usr/lib/x86_64-linux-gnu/libXcursor.so.1.0.2
7f1ad41e5000-7f1ad41ef000 r-xp 00000000 08:08 1973554                    /usr/lib/x86_64-linux-gnu/libXrandr.so.2.2.0
7f1ad41ef000-7f1ad43ee000 ---p 0000a000 08:08 1973554                    /usr/lib/x86_64-linux-gnu/libXrandr.so.2.2.0
7f1ad43ee000-7f1ad43ef000 r--p 00009000 08:08 1973554                    /usr/lib/x86_64-linux-gnu/libXrandr.so.2.2.0
7f1ad43ef000-7f1ad43f0000 rw-p 0000a000 08:08 1973554                    /usr/lib/x86_64-linux-gnu/libXrandr.so.2.2.0
7f1ad43f0000-7f1ad43ff000 r-xp 00000000 08:08 1973544                    /usr/lib/x86_64-linux-gnu/libXi.so.6.1.0
7f1ad43ff000-7f1ad45fe000 ---p 0000f000 08:08 1973544                    /usr/lib/x86_64-linux-gnu/libXi.so.6.1.0
7f1ad45fe000-7f1ad45ff000 r--p 0000e000 08:08 1973544                    /usr/lib/x86_64-linux-gnu/libXi.so.6.1.0
7f1ad45ff000-7f1ad4600000 rw-p 0000f000 08:08 1973544                    /usr/lib/x86_64-linux-gnu/libXi.so.6.1.0
7f1ad4600000-7f1ad4602000 r-xp 00000000 08:08 1973546                    /usr/lib/x86_64-linux-gnu/libXinerama.so.1.0.0
7f1ad4602000-7f1ad4801000 ---p 00002000 08:08 1973546                    /usr/lib/x86_64-linux-gnu/libXinerama.so.1.0.0
7f1ad4801000-7f1ad4802000 r--p 00001000 08:08 1973546                    /usr/lib/x86_64-linux-gnu/libXinerama.so.1.0.0
7f1ad4802000-7f1ad4803000 rw-p 00002000 08:08 1973546                    /usr/lib/x86_64-linux-gnu/libXinerama.so.1.0.0
7f1ad4803000-7f1ad480c000 r-xp 00000000 08:08 1973556                    /usr/lib/x86_64-linux-gnu/libXrender.so.1.3.0
7f1ad480c000-7f1ad4a0b000 ---p 00009000 08:08 1973556                    /usr/lib/x86_64-linux-gnu/libXrender.so.1.3.0
7f1ad4a0b000-7f1ad4a0c000 r--p 00008000 08:08 1973556                    /usr/lib/x86_64-linux-gnu/libXrender.so.1.3.0
7f1ad4a0c000-7f1ad4a0d000 rw-p 00009000 08:08 1973556                    /usr/lib/x86_64-linux-gnu/libXrender.so.1.3.0
7f1ad4a0d000-7f1ad4a12000 r-xp 00000000 08:08 1973536                    /usr/lib/x86_64-linux-gnu/libXfixes.so.3.1.0
7f1ad4a12000-7f1ad4c11000 ---p 00005000 08:08 1973536                    /usr/lib/x86_64-linux-gnu/libXfixes.so.3.1.0
7f1ad4c11000-7f1ad4c12000 r--p 00004000 08:08 1973536                    /usr/lib/x86_64-linux-gnu/libXfixes.so.3.1.0
7f1ad4c12000-7f1ad4c13000 rw-p 00005000 08:08 1973536                    /usr/lib/x86_64-linux-gnu/libXfixes.so.3.1.0
7f1ad4c13000-7f1ad4c15000 r-xp 00000000 08:08 1973530                    /usr/lib/x86_64-linux-gnu/libXdamage.so.1.1.0
7f1ad4c15000-7f1ad4e14000 ---p 00002000 08:08 1973530                    /usr/lib/x86_64-linux-gnu/libXdamage.so.1.1.0
7f1ad4e14000-7f1ad4e15000 r--p 00001000 08:08 1973530                    /usr/lib/x86_64-linux-gnu/libXdamage.so.1.1.0
7f1ad4e15000-7f1ad4e16000 rw-p 00002000 08:08 1973530                    /usr/lib/x86_64-linux-gnu/libXdamage.so.1.1.0
7f1ad4e16000-7f1ad4e18000 r-xp 00000000 08:08 1973526                    /usr/lib/x86_64-linux-gnu/libXcomposite.so.1.0.0
7f1ad4e18000-7f1ad5017000 ---p 00002000 08:08 1973526                    /usr/lib/x86_64-linux-gnu/libXcomposite.so.1.0.0
7f1ad5017000-7f1ad5018000 r--p 00001000 08:08 1973526                    /usr/lib/x86_64-linux-gnu/libXcomposite.so.1.0.0
7f1ad5018000-7f1ad5019000 rw-p 00002000 08:08 1973526                    /usr/lib/x86_64-linux-gnu/libXcomposite.so.1.0.0
7f1ad5019000-7f1ad501c000 r-xp 00000000 08:08 1974072                    /usr/lib/x86_64-linux-gnu/libgmodule-2.0.so.0.5000.3
7f1ad501c000-7f1ad521b000 ---p 00003000 08:08 1974072                    /usr/lib/x86_64-linux-gnu/libgmodule-2.0.so.0.5000.3
7f1ad521b000-7f1ad521c000 r--p 00002000 08:08 1974072                    /usr/lib/x86_64-linux-gnu/libgmodule-2.0.so.0.5000.3
7f1ad521c000-7f1ad521d000 rw-p 00003000 08:08 1974072                    /usr/lib/x86_64-linux-gnu/libgmodule-2.0.so.0.5000.3
7f1ad521d000-7f1ad5292000 r-xp 00000000 08:08 1973258                    /usr/lib/x86_64-linux-gnu/libGL.so.1.7.0
7f1ad5292000-7f1ad5492000 ---p 00075000 08:08 1973258                    /usr/lib/x86_64-linux-gnu/libGL.so.1.7.0
7f1ad5492000-7f1ad54ac000 r--p 00075000 08:08 1973258                    /usr/lib/x86_64-linux-gnu/libGL.so.1.7.0
7f1ad54ac000-7f1ad54ad000 rw-p 0008f000 08:08 1973258                    /usr/lib/x86_64-linux-gnu/libGL.so.1.7.0
7f1ad54ad000-7f1ad54ae000 rw-p 00000000 00:00 0 
7f1ad54ae000-7f1ad54b3000 r-xp 00000000 08:08 1973572                    /usr/lib/x86_64-linux-gnu/libXxf86vm.so.1.0.0
7f1ad54b3000-7f1ad56b2000 ---p 00005000 08:08 1973572                    /usr/lib/x86_64-linux-gnu/libXxf86vm.so.1.0.0
7f1ad56b2000-7f1ad56b3000 r--p 00004000 08:08 1973572                    /usr/lib/x86_64-linux-gnu/libXxf86vm.so.1.0.0
7f1ad56b3000-7f1ad56b4000 rw-p 00005000 08:08 1973572                    /usr/lib/x86_64-linux-gnu/libXxf86vm.so.1.0.0
7f1ad56b4000-7f1ad57ee000 r-xp 00000000 08:08 1973517                    /usr/lib/x86_64-linux-gnu/libX11.so.6.3.0
7f1ad57ee000-7f1ad59ee000 ---p 0013a000 08:08 1973517                    /usr/lib/x86_64-linux-gnu/libX11.so.6.3.0
7f1ad59ee000-7f1ad59ef000 r--p 0013a000 08:08 1973517                    /usr/lib/x86_64-linux-gnu/libX11.so.6.3.0
7f1ad59ef000-7f1ad59f4000 rw-p 0013b000 08:08 1973517                    /usr/lib/x86_64-linux-gnu/libX11.so.6.3.0
7f1ad59f4000-7f1ad59f9000 r-xp 00000000 08:08 1973562                    /usr/lib/x86_64-linux-gnu/libXtst.so.6.1.0
7f1ad59f9000-7f1ad5bf8000 ---p 00005000 08:08 1973562                    /usr/lib/x86_64-linux-gnu/libXtst.so.6.1.0
7f1ad5bf8000-7f1ad5bf9000 r--p 00004000 08:08 1973562                    /usr/lib/x86_64-linux-gnu/libXtst.so.6.1.0
7f1ad5bf9000-7f1ad5bfa000 rw-p 00005000 08:08 1973562                    /usr/lib/x86_64-linux-gnu/libXtst.so.6.1.0
7f1ad5bfa000-7f1ad5d0c000 r-xp 00000000 08:08 1974060                    /usr/lib/x86_64-linux-gnu/libglib-2.0.so.0.5000.3
7f1ad5d0c000-7f1ad5f0b000 ---p 00112000 08:08 1974060                    /usr/lib/x86_64-linux-gnu/libglib-2.0.so.0.5000.3
7f1ad5f0b000-7f1ad5f0c000 r--p 00111000 08:08 1974060                    /usr/lib/x86_64-linux-gnu/libglib-2.0.so.0.5000.3
7f1ad5f0c000-7f1ad5f0d000 rw-p 00112000 08:08 1974060                    /usr/lib/x86_64-linux-gnu/libglib-2.0.so.0.5000.3
7f1ad5f0d000-7f1ad5f0e000 rw-p 00000000 00:00 0 
7f1ad5f0e000-7f1ad5f0f000 r-xp 00000000 08:08 1974280                    /usr/lib/x86_64-linux-gnu/libgthread-2.0.so.0.5000.3
7f1ad5f0f000-7f1ad610e000 ---p 00001000 08:08 1974280                    /usr/lib/x86_64-linux-gnu/libgthread-2.0.so.0.5000.3
7f1ad610e000-7f1ad610f000 r--p 00000000 08:08 1974280                    /usr/lib/x86_64-linux-gnu/libgthread-2.0.so.0.5000.3
7f1ad610f000-7f1ad6110000 rw-p 00001000 08:08 1974280                    /usr/lib/x86_64-linux-gnu/libgthread-2.0.so.0.5000.3
7f1ad6110000-7f1ad61b8000 r-xp 00000000 08:08 1973996                    /usr/lib/x86_64-linux-gnu/libfreetype.so.6.12.3
7f1ad61b8000-7f1ad63b8000 ---p 000a8000 08:08 1973996                    /usr/lib/x86_64-linux-gnu/libfreetype.so.6.12.3
7f1ad63b8000-7f1ad63be000 r--p 000a8000 08:08 1973996                    /usr/lib/x86_64-linux-gnu/libfreetype.so.6.12.3
7f1ad63be000-7f1ad63bf000 rw-p 000ae000 08:08 1973996                    /usr/lib/x86_64-linux-gnu/libfreetype.so.6.12.3
7f1ad63bf000-7f1ad63fb000 r-xp 00000000 08:08 1973982                    /usr/lib/x86_64-linux-gnu/libfontconfig.so.1.8.0
7f1ad63fb000-7f1ad65fa000 ---p 0003c000 08:08 1973982                    /usr/lib/x86_64-linux-gnu/libfontconfig.so.1.8.0
7f1ad65fa000-7f1ad65fc000 r--p 0003b000 08:08 1973982                    /usr/lib/x86_64-linux-gnu/libfontconfig.so.1.8.0
7f1ad65fc000-7f1ad65fd000 rw-p 0003d000 08:08 1973982                    /usr/lib/x86_64-linux-gnu/libfontconfig.so.1.8.0
7f1ad65fd000-7f1ad664f000 r-xp 00000000 08:08 1974112                    /usr/lib/x86_64-linux-gnu/libgobject-2.0.so.0.5000.3
7f1ad664f000-7f1ad684e000 ---p 00052000 08:08 1974112                    /usr/lib/x86_64-linux-gnu/libgobject-2.0.so.0.5000.3
7f1ad684e000-7f1ad684f000 r--p 00051000 08:08 1974112                    /usr/lib/x86_64-linux-gnu/libgobject-2.0.so.0.5000.3
7f1ad684f000-7f1ad6850000 rw-p 00052000 08:08 1974112                    /usr/lib/x86_64-linux-gnu/libgobject-2.0.so.0.5000.3
7f1ad6850000-7f1ad6899000 r-xp 00000000 08:08 1974732                    /usr/lib/x86_64-linux-gnu/libpango-1.0.so.0.4000.5
7f1ad6899000-7f1ad6a98000 ---p 00049000 08:08 1974732                    /usr/lib/x86_64-linux-gnu/libpango-1.0.so.0.4000.5
7f1ad6a98000-7f1ad6a9b000 r--p 00048000 08:08 1974732                    /usr/lib/x86_64-linux-gnu/libpango-1.0.so.0.4000.5
7f1ad6a9b000-7f1ad6a9c000 rw-p 0004b000 08:08 1974732                    /usr/lib/x86_64-linux-gnu/libpango-1.0.so.0.4000.5
7f1ad6a9c000-7f1ad6ab0000 r-xp 00000000 08:08 1974736                    /usr/lib/x86_64-linux-gnu/libpangoft2-1.0.so.0.4000.5
7f1ad6ab0000-7f1ad6cb0000 ---p 00014000 08:08 1974736                    /usr/lib/x86_64-linux-gnu/libpangoft2-1.0.so.0.4000.5
7f1ad6cb0000-7f1ad6cb1000 r--p 00014000 08:08 1974736                    /usr/lib/x86_64-linux-gnu/libpangoft2-1.0.so.0.4000.5
7f1ad6cb1000-7f1ad6cb2000 rw-p 00015000 08:08 1974736                    /usr/lib/x86_64-linux-gnu/libpangoft2-1.0.so.0.4000.5
7f1ad6cb2000-7f1ad6e3f000 r-xp 00000000 08:08 1974048                    /usr/lib/x86_64-linux-gnu/libgio-2.0.so.0.5000.3
7f1ad6e3f000-7f1ad703f000 ---p 0018d000 08:08 1974048                    /usr/lib/x86_64-linux-gnu/libgio-2.0.so.0.5000.3
7f1ad703f000-7f1ad7044000 r--p 0018d000 08:08 1974048                    /usr/lib/x86_64-linux-gnu/libgio-2.0.so.0.5000.3
7f1ad7044000-7f1ad7047000 rw-p 00192000 08:08 1974048                    /usr/lib/x86_64-linux-gnu/libgio-2.0.so.0.5000.3
7f1ad7047000-7f1ad7048000 rw-p 00000000 00:00 0 
7f1ad7048000-7f1ad706a000 r-xp 00000000 08:08 1974034                    /usr/lib/x86_64-linux-gnu/libgdk_pixbuf-2.0.so.0.3600.5
7f1ad706a000-7f1ad726a000 ---p 00022000 08:08 1974034                    /usr/lib/x86_64-linux-gnu/libgdk_pixbuf-2.0.so.0.3600.5
7f1ad726a000-7f1ad726b000 r--p 00022000 08:08 1974034                    /usr/lib/x86_64-linux-gnu/libgdk_pixbuf-2.0.so.0.3600.5
7f1ad726b000-7f1ad726c000 rw-p 00023000 08:08 1974034                    /usr/lib/x86_64-linux-gnu/libgdk_pixbuf-2.0.so.0.3600.5
7f1ad726c000-7f1ad737a000 r-xp 00000000 08:08 1973694                    /usr/lib/x86_64-linux-gnu/libcairo.so.2.11400.8
7f1ad737a000-7f1ad757a000 ---p 0010e000 08:08 1973694                    /usr/lib/x86_64-linux-gnu/libcairo.so.2.11400.8
7f1ad757a000-7f1ad757d000 r--p 0010e000 08:08 1973694                    /usr/lib/x86_64-linux-gnu/libcairo.so.2.11400.8
7f1ad757d000-7f1ad757e000 rw-p 00111000 08:08 1973694                    /usr/lib/x86_64-linux-gnu/libcairo.so.2.11400.8
7f1ad757e000-7f1ad7580000 rw-p 00000000 00:00 0 
7f1ad7580000-7f1ad75a3000 r-xp 00000000 08:08 1973616                    /usr/lib/x86_64-linux-gnu/libatk-1.0.so.0.22209.1
7f1ad75a3000-7f1ad77a2000 ---p 00023000 08:08 1973616                    /usr/lib/x86_64-linux-gnu/libatk-1.0.so.0.22209.1
7f1ad77a2000-7f1ad77a5000 r--p 00022000 08:08 1973616                    /usr/lib/x86_64-linux-gnu/libatk-1.0.so.0.22209.1
7f1ad77a5000-7f1ad77a6000 rw-p 00025000 08:08 1973616                    /usr/lib/x86_64-linux-gnu/libatk-1.0.so.0.22209.1
7f1ad77a6000-7f1ad77b2000 r-xp 00000000 08:08 1974734                    /usr/lib/x86_64-linux-gnu/libpangocairo-1.0.so.0.4000.5
7f1ad77b2000-7f1ad79b1000 ---p 0000c000 08:08 1974734                    /usr/lib/x86_64-linux-gnu/libpangocairo-1.0.so.0.4000.5
7f1ad79b1000-7f1ad79b2000 r--p 0000b000 08:08 1974734                    /usr/lib/x86_64-linux-gnu/libpangocairo-1.0.so.0.4000.5
7f1ad79b2000-7f1ad79b3000 rw-p 0000c000 08:08 1974734                    /usr/lib/x86_64-linux-gnu/libpangocairo-1.0.so.0.4000.5
7f1ad79b3000-7f1ad7df3000 r-xp 00000000 08:08 1974286                    /usr/lib/x86_64-linux-gnu/libgtk-x11-2.0.so.0.2400.31
7f1ad7df3000-7f1ad7ff2000 ---p 00440000 08:08 1974286                    /usr/lib/x86_64-linux-gnu/libgtk-x11-2.0.so.0.2400.31
7f1ad7ff2000-7f1ad7ff9000 r--p 0043f000 08:08 1974286                    /usr/lib/x86_64-linux-gnu/libgtk-x11-2.0.so.0.2400.31
7f1ad7ff9000-7f1ad7ffd000 rw-p 00446000 08:08 1974286                    /usr/lib/x86_64-linux-gnu/libgtk-x11-2.0.so.0.2400.31
7f1ad7ffd000-7f1ad8000000 rw-p 00000000 00:00 0 
7f1ad8000000-7f1ad8021000 rw-p 00000000 00:00 0 
7f1ad8021000-7f1adc000000 ---p 00000000 00:00 0 
7f1adc000000-7f1add8d3000 rw-p 00000000 00:00 0 
7f1add8d3000-7f1ae0000000 ---p 00000000 00:00 0 
7f1ae0000000-7f1ae03bc000 rw-p 00000000 00:00 0 
7f1ae03bc000-7f1ae4000000 ---p 00000000 00:00 0 
7f1ae4000000-7f1ae4021000 rw-p 00000000 00:00 0 
7f1ae4021000-7f1ae8000000 ---p 00000000 00:00 0 
7f1ae8000000-7f1ae8021000 rw-p 00000000 00:00 0 
7f1ae8021000-7f1aec000000 ---p 00000000 00:00 0 
7f1aec000000-7f1aec27c000 rw-p 00000000 00:00 0 
7f1aec27c000-7f1af0000000 ---p 00000000 00:00 0 
7f1af0000000-7f1af0021000 rw-p 00000000 00:00 0 
7f1af0021000-7f1af4000000 ---p 00000000 00:00 0 
7f1af4000000-7f1af4021000 rw-p 00000000 00:00 0 
7f1af4021000-7f1af8000000 ---p 00000000 00:00 0 
7f1af8000000-7f1af8023000 rw-p 00000000 00:00 0 
7f1af8023000-7f1afc000000 ---p 00000000 00:00 0 
7f1afc000000-7f1afc021000 rw-p 00000000 00:00 0 
7f1afc021000-7f1b00000000 ---p 00000000 00:00 0 
7f1b00000000-7f1b00021000 rw-p 00000000 00:00 0 
7f1b00021000-7f1b04000000 ---p 00000000 00:00 0 
7f1b04000000-7f1b04010000 rw-s 00000000 00:18 189                        /i915 (deleted)
7f1b04012000-7f1b04017000 rw-s 00000000 00:18 26                         /i915 (deleted)
7f1b04017000-7f1b0401b000 rw-s 00000000 00:18 58                         /i915 (deleted)
7f1b0401b000-7f1b04020000 rw-s 00000000 00:18 57                         /i915 (deleted)
7f1b04020000-7f1b0402c000 rw-s 00000000 00:18 167                        /i915 (deleted)
7f1b0402c000-7f1b040d2000 r--s 010bb000 08:09 14421221                   /home/atomx/eclipse-workspace/Library/lib/jfxrt.jar
7f1b040d2000-7f1b04182000 r-xp 00000000 08:08 1974032                    /usr/lib/x86_64-linux-gnu/libgdk-x11-2.0.so.0.2400.31
7f1b04182000-7f1b04381000 ---p 000b0000 08:08 1974032                    /usr/lib/x86_64-linux-gnu/libgdk-x11-2.0.so.0.2400.31
7f1b04381000-7f1b04385000 r--p 000af000 08:08 1974032                    /usr/lib/x86_64-linux-gnu/libgdk-x11-2.0.so.0.2400.31
7f1b04385000-7f1b04387000 rw-p 000b3000 08:08 1974032                    /usr/lib/x86_64-linux-gnu/libgdk-x11-2.0.so.0.2400.31
7f1b04387000-7f1b04393000 r-xp 00000000 08:08 1717405                    /usr/lib/jvm/java-8-openjdk-amd64/jre/lib/amd64/libprism_es2.so
7f1b04393000-7f1b04592000 ---p 0000c000 08:08 1717405                    /usr/lib/jvm/java-8-openjdk-amd64/jre/lib/amd64/libprism_es2.so
7f1b04592000-7f1b04593000 r--p 0000b000 08:08 1717405                    /usr/lib/jvm/java-8-openjdk-amd64/jre/lib/amd64/libprism_es2.so
7f1b04593000-7f1b04594000 rw-p 0000c000 08:08 1717405                    /usr/lib/jvm/java-8-openjdk-amd64/jre/lib/amd64/libprism_es2.so
7f1b04594000-7f1b04597000 ---p 00000000 00:00 0 
7f1b04597000-7f1b04695000 rw-p 00000000 00:00 0 
7f1b04695000-7f1b0472b000 r--s 007ce000 08:08 2654625                    /usr/share/java/openjfx/jre/lib/ext/jfxrt.jar
7f1b0472b000-7f1b0472c000 ---p 00000000 00:00 0 
7f1b0472c000-7f1b0482c000 rw-p 00000000 00:00 0 
7f1b0482c000-7f1b0482f000 ---p 00000000 00:00 0 
7f1b0482f000-7f1b0492d000 rw-p 00000000 00:00 0 
7f1b0492d000-7f1b04930000 ---p 00000000 00:00 0 
7f1b04930000-7f1b04a2e000 rw-p 00000000 00:00 0 
7f1b04a2e000-7f1b04a31000 ---p 00000000 00:00 0 
7f1b04a31000-7f1b04b2f000 rw-p 00000000 00:00 0 
7f1b04b2f000-7f1b04b32000 ---p 00000000 00:00 0 
7f1b04b32000-7f1b04c30000 rw-p 00000000 00:00 0 
7f1b04c30000-7f1b04dcb000 r--p 00000000 08:08 1711771                    /usr/lib/locale/locale-archive
7f1b04dcb000-7f1b04dce000 ---p 00000000 00:00 0 
7f1b04dce000-7f1b04ecc000 rw-p 00000000 00:00 0 
7f1b04ecc000-7f1b04ecf000 ---p 00000000 00:00 0 
7f1b04ecf000-7f1b04fcd000 rw-p 00000000 00:00 0 
7f1b04fcd000-7f1b04fce000 ---p 00000000 00:00 0 
7f1b04fce000-7f1b09000000 rw-p 00000000 00:00 0 
7f1b09000000-7f1b096d0000 rwxp 00000000 00:00 0 
7f1b096d0000-7f1b18000000 ---p 00000000 00:00 0 
7f1b18000000-7f1b18300000 rw-p 00000000 00:00 0 
7f1b18300000-7f1b1c000000 ---p 00000000 00:00 0 
7f1b1c000000-7f1b1c001000 rw-s 00000000 00:18 156                        /i915 (deleted)
7f1b1c001000-7f1b1c006000 rw-s 00000000 00:18 186                        /i915 (deleted)
7f1b1c009000-7f1b1c00a000 rw-s 10620d000 00:06 344                       /dev/dri/card0
7f1b1c00a000-7f1b1c00b000 rw-s 1061f3000 00:06 344                       /dev/dri/card0
7f1b1c00b000-7f1b1c01e000 r--s 00346000 08:08 1715206                    /usr/lib/jvm/java-8-openjdk-amd64/jre/lib/resources.jar
7f1b1c01e000-7f1b1c020000 r--s 00000000 08:08 1590387                    /var/cache/fontconfig/4bb17da730f63117fed329ee42a5d05e-le64.cache-4
7f1b1c020000-7f1b1c024000 r--s 00000000 08:08 1572907                    /var/cache/fontconfig/0fafd173547752dce4dee1a69e0b3c95-le64.cache-4
7f1b1c024000-7f1b1c025000 r--s 00000000 08:08 1572912                    /var/cache/fontconfig/16c2fda60d1b4b719f4b3d06fd951d25-le64.cache-4
7f1b1c025000-7f1b1c02b000 r--s 00000000 08:08 1572928                    /var/cache/fontconfig/3047814df9a2f067bd2d96a2b9c36e5a-le64.cache-4
7f1b1c02b000-7f1b1c037000 r--s 00000000 08:08 1586852                    /var/cache/fontconfig/d589a48862398ed80a3d6066f4f56f4c-le64.cache-4
7f1b1c037000-7f1b1c03a000 r--s 00000000 08:08 1572923                    /var/cache/fontconfig/47e67d79d01846c7b6efd6b4f03a6092-le64.cache-4
7f1b1c03a000-7f1b1c04c000 r--s 00000000 08:08 1572910                    /var/cache/fontconfig/9b89f8e3dae116d678bbf48e5f21f69b-le64.cache-4
7f1b1c04c000-7f1b1c04f000 r--s 00000000 08:08 1590385                    /var/cache/fontconfig/bf6ddb0059d58ea573e04b43f868001f-le64.cache-4
7f1b1c04f000-7f1b1c052000 r--s 00000000 08:08 1572931                    /var/cache/fontconfig/e13b20fdb08344e0e664864cc2ede53d-le64.cache-4
7f1b1c052000-7f1b1c053000 r--s 00000000 08:08 1590384                    /var/cache/fontconfig/2736766d4907c6828b9382ebdbe3064b-le64.cache-4
7f1b1c053000-7f1b1c058000 r--s 002f9000 08:08 1715168                    /usr/lib/jvm/java-8-openjdk-amd64/jre/lib/charsets.jar
7f1b1c058000-7f1b1c05d000 r--s 0009d000 08:08 1715201                    /usr/lib/jvm/java-8-openjdk-amd64/jre/lib/jsse.jar
7f1b1c05d000-7f1b1c075000 r--s 0021f000 08:09 14421222                   /home/atomx/eclipse-workspace/Library/lib/mysql-connector-java-8.0.17.jar
7f1b1c075000-7f1b1c079000 rw-s 00000000 00:18 152                        /i915 (deleted)
7f1b1c079000-7f1b1c07e000 rw-s 00000000 00:18 150                        /i915 (deleted)
7f1b1c07e000-7f1b1c082000 rw-s 00000000 00:18 154                        /i915 (deleted)
7f1b1c082000-7f1b1c086000 rw-s 00000000 00:18 136                        /i915 (deleted)
7f1b1c086000-7f1b1c08b000 rw-s 00000000 00:18 135                        /i915 (deleted)
7f1b1c08b000-7f1b1c0a6000 r--s 001d6000 08:08 1715183                    /usr/lib/jvm/java-8-openjdk-amd64/jre/lib/ext/nashorn.jar
7f1b1c0a6000-7f1b1c0c1000 r--s 00394000 08:08 1715178                    /usr/lib/jvm/java-8-openjdk-amd64/jre/lib/ext/cldrdata.jar
7f1b1c0c1000-7f1b1c858000 rw-p 00000000 00:00 0 
7f1b1c858000-7f1b1ca27000 r--s 03c33000 08:08 1715207                    /usr/lib/jvm/java-8-openjdk-amd64/jre/lib/rt.jar
7f1b1ca27000-7f1b1d670000 rw-p 00000000 00:00 0 
7f1b1d670000-7f1b1d671000 ---p 00000000 00:00 0 
7f1b1d671000-7f1b1d771000 rw-p 00000000 00:00 0 
7f1b1d771000-7f1b1d772000 ---p 00000000 00:00 0 
7f1b1d772000-7f1b1d88d000 rw-p 00000000 00:00 0 
7f1b1d88d000-7f1b1daff000 ---p 00000000 00:00 0 
7f1b1daff000-7f1b1db1a000 rw-p 00000000 00:00 0 
7f1b1db1a000-7f1b1dd8b000 ---p 00000000 00:00 0 
7f1b1dd8b000-7f1b1ddb0000 rw-p 00000000 00:00 0 
7f1b1ddb0000-7f1b1ded2000 ---p 00000000 00:00 0 
7f1b1ded2000-7f1b1deef000 rw-p 00000000 00:00 0 
7f1b1deef000-7f1b1e293000 ---p 00000000 00:00 0 
7f1b1e293000-7f1b1e29b000 r-xp 00000000 08:08 1715164                    /usr/lib/jvm/java-8-openjdk-amd64/jre/lib/amd64/libzip.so
7f1b1e29b000-7f1b1e49a000 ---p 00008000 08:08 1715164                    /usr/lib/jvm/java-8-openjdk-amd64/jre/lib/amd64/libzip.so
7f1b1e49a000-7f1b1e49b000 r--p 00007000 08:08 1715164                    /usr/lib/jvm/java-8-openjdk-amd64/jre/lib/amd64/libzip.so
7f1b1e49b000-7f1b1e49c000 rw-p 00008000 08:08 1715164                    /usr/lib/jvm/java-8-openjdk-amd64/jre/lib/amd64/libzip.so
7f1b1e49c000-7f1b1e4a6000 r-xp 00000000 08:08 1974648                    /usr/lib/x86_64-linux-gnu/libnss_files-2.24.so
7f1b1e4a6000-7f1b1e6a6000 ---p 0000a000 08:08 1974648                    /usr/lib/x86_64-linux-gnu/libnss_files-2.24.so
7f1b1e6a6000-7f1b1e6a7000 r--p 0000a000 08:08 1974648                    /usr/lib/x86_64-linux-gnu/libnss_files-2.24.so
7f1b1e6a7000-7f1b1e6a8000 rw-p 0000b000 08:08 1974648                    /usr/lib/x86_64-linux-gnu/libnss_files-2.24.so
7f1b1e6a8000-7f1b1e6ae000 rw-p 00000000 00:00 0 
7f1b1e6ae000-7f1b1e6b9000 r-xp 00000000 08:08 1974654                    /usr/lib/x86_64-linux-gnu/libnss_nis-2.24.so
7f1b1e6b9000-7f1b1e8b8000 ---p 0000b000 08:08 1974654                    /usr/lib/x86_64-linux-gnu/libnss_nis-2.24.so
7f1b1e8b8000-7f1b1e8b9000 r--p 0000a000 08:08 1974654                    /usr/lib/x86_64-linux-gnu/libnss_nis-2.24.so
7f1b1e8b9000-7f1b1e8ba000 rw-p 0000b000 08:08 1974654                    /usr/lib/x86_64-linux-gnu/libnss_nis-2.24.so
7f1b1e8ba000-7f1b1e8ce000 r-xp 00000000 08:08 1974636                    /usr/lib/x86_64-linux-gnu/libnsl-2.24.so
7f1b1e8ce000-7f1b1eace000 ---p 00014000 08:08 1974636                    /usr/lib/x86_64-linux-gnu/libnsl-2.24.so
7f1b1eace000-7f1b1eacf000 r--p 00014000 08:08 1974636                    /usr/lib/x86_64-linux-gnu/libnsl-2.24.so
7f1b1eacf000-7f1b1ead0000 rw-p 00015000 08:08 1974636                    /usr/lib/x86_64-linux-gnu/libnsl-2.24.so
7f1b1ead0000-7f1b1ead2000 rw-p 00000000 00:00 0 
7f1b1ead2000-7f1b1ead9000 r-xp 00000000 08:08 1974642                    /usr/lib/x86_64-linux-gnu/libnss_compat-2.24.so
7f1b1ead9000-7f1b1ecd8000 ---p 00007000 08:08 1974642                    /usr/lib/x86_64-linux-gnu/libnss_compat-2.24.so
7f1b1ecd8000-7f1b1ecd9000 r--p 00006000 08:08 1974642                    /usr/lib/x86_64-linux-gnu/libnss_compat-2.24.so
7f1b1ecd9000-7f1b1ecda000 rw-p 00007000 08:08 1974642                    /usr/lib/x86_64-linux-gnu/libnss_compat-2.24.so
7f1b1ecda000-7f1b1ed07000 r-xp 00000000 08:08 1715145                    /usr/lib/jvm/java-8-openjdk-amd64/jre/lib/amd64/libjava.so
7f1b1ed07000-7f1b1ef07000 ---p 0002d000 08:08 1715145                    /usr/lib/jvm/java-8-openjdk-amd64/jre/lib/amd64/libjava.so
7f1b1ef07000-7f1b1ef08000 r--p 0002d000 08:08 1715145                    /usr/lib/jvm/java-8-openjdk-amd64/jre/lib/amd64/libjava.so
7f1b1ef08000-7f1b1ef0a000 rw-p 0002e000 08:08 1715145                    /usr/lib/jvm/java-8-openjdk-amd64/jre/lib/amd64/libjava.so
7f1b1ef0a000-7f1b1ef19000 r-xp 00000000 08:08 1715163                    /usr/lib/jvm/java-8-openjdk-amd64/jre/lib/amd64/libverify.so
7f1b1ef19000-7f1b1f119000 ---p 0000f000 08:08 1715163                    /usr/lib/jvm/java-8-openjdk-amd64/jre/lib/amd64/libverify.so
7f1b1f119000-7f1b1f11b000 r--p 0000f000 08:08 1715163                    /usr/lib/jvm/java-8-openjdk-amd64/jre/lib/amd64/libverify.so
7f1b1f11b000-7f1b1f11c000 rw-p 00011000 08:08 1715163                    /usr/lib/jvm/java-8-openjdk-amd64/jre/lib/amd64/libverify.so
7f1b1f11c000-7f1b1f123000 r-xp 00000000 08:08 1974898                    /usr/lib/x86_64-linux-gnu/librt-2.24.so
7f1b1f123000-7f1b1f322000 ---p 00007000 08:08 1974898                    /usr/lib/x86_64-linux-gnu/librt-2.24.so
7f1b1f322000-7f1b1f323000 r--p 00006000 08:08 1974898                    /usr/lib/x86_64-linux-gnu/librt-2.24.so
7f1b1f323000-7f1b1f324000 rw-p 00007000 08:08 1974898                    /usr/lib/x86_64-linux-gnu/librt-2.24.so
7f1b1f324000-7f1b1f33a000 r-xp 00000000 08:08 1974006                    /usr/lib/x86_64-linux-gnu/libgcc_s.so.1
7f1b1f33a000-7f1b1f539000 ---p 00016000 08:08 1974006                    /usr/lib/x86_64-linux-gnu/libgcc_s.so.1
7f1b1f539000-7f1b1f53a000 r--p 00015000 08:08 1974006                    /usr/lib/x86_64-linux-gnu/libgcc_s.so.1
7f1b1f53a000-7f1b1f53b000 rw-p 00016000 08:08 1974006                    /usr/lib/x86_64-linux-gnu/libgcc_s.so.1
7f1b1f53b000-7f1b1f63e000 r-xp 00000000 08:08 1974512                    /usr/lib/x86_64-linux-gnu/libm-2.24.so
7f1b1f63e000-7f1b1f83d000 ---p 00103000 08:08 1974512                    /usr/lib/x86_64-linux-gnu/libm-2.24.so
7f1b1f83d000-7f1b1f83e000 r--p 00102000 08:08 1974512                    /usr/lib/x86_64-linux-gnu/libm-2.24.so
7f1b1f83e000-7f1b1f83f000 rw-p 00103000 08:08 1974512                    /usr/lib/x86_64-linux-gnu/libm-2.24.so
7f1b1f83f000-7f1b1f9b1000 r-xp 00000000 08:08 1975001                    /usr/lib/x86_64-linux-gnu/libstdc++.so.6.0.22
7f1b1f9b1000-7f1b1fbb1000 ---p 00172000 08:08 1975001                    /usr/lib/x86_64-linux-gnu/libstdc++.so.6.0.22
7f1b1fbb1000-7f1b1fbbb000 r--p 00172000 08:08 1975001                    /usr/lib/x86_64-linux-gnu/libstdc++.so.6.0.22
7f1b1fbbb000-7f1b1fbbd000 rw-p 0017c000 08:08 1975001                    /usr/lib/x86_64-linux-gnu/libstdc++.so.6.0.22
7f1b1fbbd000-7f1b1fbc1000 rw-p 00000000 00:00 0 
7f1b1fbc1000-7f1b20820000 r-xp 00000000 08:08 1715167                    /usr/lib/jvm/java-8-openjdk-amd64/jre/lib/amd64/server/libjvm.so
7f1b20820000-7f1b20a1f000 ---p 00c5f000 08:08 1715167                    /usr/lib/jvm/java-8-openjdk-amd64/jre/lib/amd64/server/libjvm.so
7f1b20a1f000-7f1b20ab3000 r--p 00c5e000 08:08 1715167                    /usr/lib/jvm/java-8-openjdk-amd64/jre/lib/amd64/server/libjvm.so
7f1b20ab3000-7f1b20adc000 rw-p 00cf2000 08:08 1715167                    /usr/lib/jvm/java-8-openjdk-amd64/jre/lib/amd64/server/libjvm.so
7f1b20adc000-7f1b20b0c000 rw-p 00000000 00:00 0 
7f1b20b0c000-7f1b20ca1000 r-xp 00000000 08:08 1973682                    /usr/lib/x86_64-linux-gnu/libc-2.24.so
7f1b20ca1000-7f1b20ea1000 ---p 00195000 08:08 1973682                    /usr/lib/x86_64-linux-gnu/libc-2.24.so
7f1b20ea1000-7f1b20ea5000 r--p 00195000 08:08 1973682                    /usr/lib/x86_64-linux-gnu/libc-2.24.so
7f1b20ea5000-7f1b20ea7000 rw-p 00199000 08:08 1973682                    /usr/lib/x86_64-linux-gnu/libc-2.24.so
7f1b20ea7000-7f1b20eab000 rw-p 00000000 00:00 0 
7f1b20eab000-7f1b20eae000 r-xp 00000000 08:08 1973821                    /usr/lib/x86_64-linux-gnu/libdl-2.24.so
7f1b20eae000-7f1b210ad000 ---p 00003000 08:08 1973821                    /usr/lib/x86_64-linux-gnu/libdl-2.24.so
7f1b210ad000-7f1b210ae000 r--p 00002000 08:08 1973821                    /usr/lib/x86_64-linux-gnu/libdl-2.24.so
7f1b210ae000-7f1b210af000 rw-p 00003000 08:08 1973821                    /usr/lib/x86_64-linux-gnu/libdl-2.24.so
7f1b210af000-7f1b210bc000 r-xp 00000000 08:08 1715131                    /usr/lib/jvm/java-8-openjdk-amd64/jre/lib/amd64/jli/libjli.so
7f1b210bc000-7f1b212bc000 ---p 0000d000 08:08 1715131                    /usr/lib/jvm/java-8-openjdk-amd64/jre/lib/amd64/jli/libjli.so
7f1b212bc000-7f1b212bd000 r--p 0000d000 08:08 1715131                    /usr/lib/jvm/java-8-openjdk-amd64/jre/lib/amd64/jli/libjli.so
7f1b212bd000-7f1b212be000 rw-p 0000e000 08:08 1715131                    /usr/lib/jvm/java-8-openjdk-amd64/jre/lib/amd64/jli/libjli.so
7f1b212be000-7f1b212d7000 r-xp 00000000 08:08 1975262                    /usr/lib/x86_64-linux-gnu/libz.so.1.2.8
7f1b212d7000-7f1b214d6000 ---p 00019000 08:08 1975262                    /usr/lib/x86_64-linux-gnu/libz.so.1.2.8
7f1b214d6000-7f1b214d7000 r--p 00018000 08:08 1975262                    /usr/lib/x86_64-linux-gnu/libz.so.1.2.8
7f1b214d7000-7f1b214d8000 rw-p 00019000 08:08 1975262                    /usr/lib/x86_64-linux-gnu/libz.so.1.2.8
7f1b214d8000-7f1b214f0000 r-xp 00000000 08:08 1974838                    /usr/lib/x86_64-linux-gnu/libpthread-2.24.so
7f1b214f0000-7f1b216ef000 ---p 00018000 08:08 1974838                    /usr/lib/x86_64-linux-gnu/libpthread-2.24.so
7f1b216ef000-7f1b216f0000 r--p 00017000 08:08 1974838                    /usr/lib/x86_64-linux-gnu/libpthread-2.24.so
7f1b216f0000-7f1b216f1000 rw-p 00018000 08:08 1974838                    /usr/lib/x86_64-linux-gnu/libpthread-2.24.so
7f1b216f1000-7f1b216f5000 rw-p 00000000 00:00 0 
7f1b216f5000-7f1b21718000 r-xp 00000000 08:08 1973230                    /usr/lib/x86_64-linux-gnu/ld-2.24.so
7f1b21718000-7f1b21719000 r--s 00008000 08:09 13369446                   /home/atomx/.eclipse/org.eclipse.platform_4.12.0_1473617060_linux_gtk_x86_64/plugins/org.eclipse.fx.ide.css.jfx8_3.5.0.201902220800.jar
7f1b21719000-7f1b2171a000 rw-s 1009d1000 00:06 344                       /dev/dri/card0
7f1b2171a000-7f1b2171b000 rwxp 00000000 00:00 0 
7f1b2171b000-7f1b2171f000 rw-s 00000000 00:18 138                        /i915 (deleted)
7f1b2171f000-7f1b21722000 r--s 0000f000 08:08 1715180                    /usr/lib/jvm/java-8-openjdk-amd64/jre/lib/ext/icedtea-sound.jar
7f1b21722000-7f1b21724000 r--s 00001000 08:08 1715179                    /usr/lib/jvm/java-8-openjdk-amd64/jre/lib/ext/dnsns.jar
7f1b21724000-7f1b21726000 r--s 00008000 08:08 1715184                    /usr/lib/jvm/java-8-openjdk-amd64/jre/lib/ext/sunec.jar
7f1b21726000-7f1b2172c000 r--s 0003b000 08:08 1715185                    /usr/lib/jvm/java-8-openjdk-amd64/jre/lib/ext/sunjce_provider.jar
7f1b2172c000-7f1b2172e000 r--s 00007000 08:08 2654545                    /usr/share/java/java-atk-wrapper.jar
7f1b2172e000-7f1b217f9000 rw-p 00000000 00:00 0 
7f1b217f9000-7f1b217fc000 ---p 00000000 00:00 0 
7f1b217fc000-7f1b218fc000 rw-p 00000000 00:00 0 
7f1b218fc000-7f1b218fd000 r--s 00010000 08:08 1715187                    /usr/lib/jvm/java-8-openjdk-amd64/jre/lib/ext/zipfs.jar
7f1b218fd000-7f1b218fe000 r--s 0000a000 08:08 1715181                    /usr/lib/jvm/java-8-openjdk-amd64/jre/lib/ext/jaccess.jar
7f1b218fe000-7f1b21901000 r--s 00038000 08:08 1715186                    /usr/lib/jvm/java-8-openjdk-amd64/jre/lib/ext/sunpkcs11.jar
7f1b21901000-7f1b2190b000 r--s 00116000 08:08 1715182                    /usr/lib/jvm/java-8-openjdk-amd64/jre/lib/ext/localedata.jar
7f1b2190b000-7f1b21913000 rw-s 00000000 08:08 2104380                    /tmp/hsperfdata_atomx/26135
7f1b21913000-7f1b21914000 rw-p 00000000 00:00 0 
7f1b21914000-7f1b21915000 r--p 00000000 00:00 0 
7f1b21915000-7f1b21918000 rw-p 00000000 00:00 0 
7f1b21918000-7f1b21919000 r--p 00023000 08:08 1973230                    /usr/lib/x86_64-linux-gnu/ld-2.24.so
7f1b21919000-7f1b2191a000 rw-p 00024000 08:08 1973230                    /usr/lib/x86_64-linux-gnu/ld-2.24.so
7f1b2191a000-7f1b2191b000 rw-p 00000000 00:00 0 
7ffe2d288000-7ffe2d2a9000 rw-p 00000000 00:00 0                          [stack]
7ffe2d3cc000-7ffe2d3cf000 r--p 00000000 00:00 0                          [vvar]
7ffe2d3cf000-7ffe2d3d1000 r-xp 00000000 00:00 0                          [vdso]
ffffffffff600000-ffffffffff601000 r-xp 00000000 00:00 0                  [vsyscall]

VM Arguments:
jvm_args: -Dfile.encoding=UTF-8 
java_command: application.Main
java_class_path (initial): /home/atomx/eclipse-workspace/Library/bin:/home/atomx/.eclipse/org.eclipse.platform_4.12.0_1473617060_linux_gtk_x86_64/plugins/org.eclipse.fx.ide.css.jfx8_3.5.0.201902220800.jar:/home/atomx/eclipse-workspace/Library/lib/jfxrt.jar:/home/atomx/eclipse-workspace/Library/lib/mysql-connector-java-8.0.17.jar
Launcher Type: SUN_STANDARD

Environment Variables:
PATH=/usr/local/bin:/usr/bin:/bin:/usr/local/games:/usr/games:/sbin:/usr/sbin
SHELL=/bin/bash
DISPLAY=:0

Signal Handlers:
SIGSEGV: [libjvm.so+0xa74b40], sa_mask[0]=11111111011111111101111111111110, sa_flags=SA_RESTART|SA_SIGINFO
SIGBUS: [libjvm.so+0xa74b40], sa_mask[0]=11111111011111111101111111111110, sa_flags=SA_RESTART|SA_SIGINFO
SIGFPE: [libjvm.so+0x8bd510], sa_mask[0]=11111111011111111101111111111110, sa_flags=SA_RESTART|SA_SIGINFO
SIGPIPE: SIG_IGN, sa_mask[0]=00000000000010000000000000000000, sa_flags=SA_RESTART
SIGXFSZ: [libjvm.so+0x8bd510], sa_mask[0]=11111111011111111101111111111110, sa_flags=SA_RESTART|SA_SIGINFO
SIGILL: [libjvm.so+0x8bd510], sa_mask[0]=11111111011111111101111111111110, sa_flags=SA_RESTART|SA_SIGINFO
SIGUSR1: SIG_DFL, sa_mask[0]=00000000000000000000000000000000, sa_flags=none
SIGUSR2: [libjvm.so+0x8bd3c0], sa_mask[0]=00100000000000000000000000000000, sa_flags=SA_RESTART|SA_SIGINFO
SIGHUP: SIG_IGN, sa_mask[0]=00000000000000000000000000000000, sa_flags=none
SIGINT: [libjvm.so+0x8bd870], sa_mask[0]=11111111011111111101111111111110, sa_flags=SA_RESTART|SA_SIGINFO
SIGTERM: [libjvm.so+0x8bd870], sa_mask[0]=11111111011111111101111111111110, sa_flags=SA_RESTART|SA_SIGINFO
SIGQUIT: [libjvm.so+0x8bd870], sa_mask[0]=11111111011111111101111111111110, sa_flags=SA_RESTART|SA_SIGINFO


---------------  S Y S T E M  ---------------

OS:DISTRIB_ID=Deepin
DISTRIB_RELEASE="15.11"
DISTRIB_DESCRIPTION="Deepin 15.11 "
DISTRIB_CODENAME=stable

uname:Linux 4.15.0-30deepin-generic #31 SMP Fri Nov 30 04:29:02 UTC 2018 x86_64
libc:glibc 2.24 NPTL 2.24 
rlimit: STACK 8192k, CORE 0k, NPROC 30921, NOFILE 1048576, AS infinity
load average:1.01 1.17 1.30

/proc/meminfo:
MemTotal:        8018944 kB
MemFree:         1790560 kB
MemAvailable:    4487808 kB
Buffers:          391672 kB
Cached:          2526876 kB
SwapCached:            0 kB
Active:          4472756 kB
Inactive:        1355656 kB
Active(anon):    2911332 kB
Inactive(anon):   120056 kB
Active(file):    1561424 kB
Inactive(file):  1235600 kB
Unevictable:         112 kB
Mlocked:             112 kB
SwapTotal:       2097148 kB
SwapFree:        2097148 kB
Dirty:               552 kB
Writeback:             0 kB
AnonPages:       2910060 kB
Mapped:           543328 kB
Shmem:            121536 kB
Slab:             276132 kB
SReclaimable:     210288 kB
SUnreclaim:        65844 kB
KernelStack:       13040 kB
PageTables:        49328 kB
NFS_Unstable:          0 kB
Bounce:                0 kB
WritebackTmp:          0 kB
CommitLimit:     6106620 kB
Committed_AS:    8872592 kB
VmallocTotal:   34359738367 kB
VmallocUsed:           0 kB
VmallocChunk:          0 kB
HardwareCorrupted:     0 kB
AnonHugePages:      2048 kB
ShmemHugePages:        0 kB
ShmemPmdMapped:        0 kB
CmaTotal:              0 kB
CmaFree:               0 kB
HugePages_Total:       0
HugePages_Free:        0
HugePages_Rsvd:        0
HugePages_Surp:        0
Hugepagesize:       2048 kB
DirectMap4k:      445372 kB
DirectMap2M:     7792640 kB


CPU:total 2 (initial active 2) (2 cores per cpu, 1 threads per core) family 6 model 76 stepping 4, cmov, cx8, fxsr, mmx, sse, sse2, sse3, ssse3, sse4.1, sse4.2, popcnt, aes, clmul, erms, 3dnowpref, tsc, tscinvbit

/proc/cpuinfo:
processor	: 0
vendor_id	: GenuineIntel
cpu family	: 6
model		: 76
model name	: Intel(R) Celeron(R) CPU  N3010  @ 1.04GHz
stepping	: 4
microcode	: 0x404
cpu MHz		: 2240.000
cache size	: 1024 KB
physical id	: 0
siblings	: 2
core id		: 0
cpu cores	: 2
apicid		: 0
initial apicid	: 0
fpu		: yes
fpu_exception	: yes
cpuid level	: 11
wp		: yes
flags		: fpu vme de pse tsc msr pae mce cx8 apic sep mtrr pge mca cmov pat pse36 clflush dts acpi mmx fxsr sse sse2 ss ht tm pbe syscall nx rdtscp lm constant_tsc arch_perfmon pebs bts rep_good nopl xtopology tsc_reliable nonstop_tsc cpuid aperfmperf tsc_known_freq pni pclmulqdq dtes64 monitor ds_cpl vmx est tm2 ssse3 cx16 xtpr pdcm sse4_1 sse4_2 movbe popcnt tsc_deadline_timer aes rdrand lahf_lm 3dnowprefetch epb pti tpr_shadow vnmi flexpriority ept vpid tsc_adjust smep erms dtherm ida arat
bugs		: cpu_meltdown spectre_v1 spectre_v2
bogomips	: 2080.00
clflush size	: 64
cache_alignment	: 64
address sizes	: 36 bits physical, 48 bits virtual
power management:

processor	: 1
vendor_id	: GenuineIntel
cpu family	: 6
model		: 76
model name	: Intel(R) Celeron(R) CPU  N3010  @ 1.04GHz
stepping	: 4
microcode	: 0x404
cpu MHz		: 2240.000
cache size	: 1024 KB
physical id	: 0
siblings	: 2
core id		: 2
cpu cores	: 2
apicid		: 4
initial apicid	: 4
fpu		: yes
fpu_exception	: yes
cpuid level	: 11
wp		: yes
flags		: fpu vme de pse tsc msr pae mce cx8 apic sep mtrr pge mca cmov pat pse36 clflush dts acpi mmx fxsr sse sse2 ss ht tm pbe syscall nx rdtscp lm constant_tsc arch_perfmon pebs bts rep_good nopl xtopology tsc_reliable nonstop_tsc cpuid aperfmperf tsc_known_freq pni pclmulqdq dtes64 monitor ds_cpl vmx est tm2 ssse3 cx16 xtpr pdcm sse4_1 sse4_2 movbe popcnt tsc_deadline_timer aes rdrand lahf_lm 3dnowprefetch epb pti tpr_shadow vnmi flexpriority ept vpid tsc_adjust smep erms dtherm ida arat
bugs		: cpu_meltdown spectre_v1 spectre_v2
bogomips	: 2080.00
clflush size	: 64
cache_alignment	: 64
address sizes	: 36 bits physical, 48 bits virtual
power management:



Memory: 4k page, physical 8018944k(1790600k free), swap 2097148k(2097148k free)

vm_info: OpenJDK 64-Bit Server VM (25.181-b13) for linux-amd64 JRE (1.8.0_181-8u181-b13-2~deb9u1-b13), built on Oct 22 2018 18:05:23 by "pbuilder" with gcc 6.3.0 20170516

time: Sat Aug 31 14:25:04 2019
elapsed time: 30 seconds (0d 0h 0m 30s)

