#
# A fatal error has been detected by the Java Runtime Environment:
#
#  SIGSEGV (0xb) at pc=0x00007efca19f707d, pid=26435, tid=0x00007efc4ee5e700
#
# JRE version: OpenJDK Runtime Environment (8.0_181-b13) (build 1.8.0_181-8u181-b13-2~deb9u1-b13)
# Java VM: OpenJDK 64-Bit Server VM (25.181-b13 mixed mode linux-amd64 compressed oops)
# Problematic frame:
# V  [libjvm.so+0x68107d]
#
# Failed to write core dump. Core dumps have been disabled. To enable core dumping, try "ulimit -c unlimited" before starting Java again
#
# If you would like to submit a bug report, please visit:
#   http://bugreport.java.com/bugreport/crash.jsp
#

---------------  T H R E A D  ---------------

Current thread (0x00007efc9c283000):  JavaThread "JavaFX Application Thread" [_thread_in_vm, id=26475, stack(0x00007efc4ed5e000,0x00007efc4ee5f000)]

siginfo: si_signo: 11 (SIGSEGV), si_code: 128 (SI_KERNEL), si_addr: 0x0000000000000000

Registers:
RAX=0x0000000000000000, RBX=0x00007efc9c283000, RCX=0x00007efc9c248798, RDX=0x2f78666176616a4c
RSP=0x00007efc4ee5d230, RBP=0x00007efc4ee5d3b0, RSI=0x00007efc4ee5d3d0, RDI=0x00007efc9c2831e0
R8 =0x00007efc4ee5d400, R9 =0x00007efc9c283000, R10=0x00007efc40000bd0, R11=0x00007efc8ce5ba20
R12=0x00007efc9c2831e0, R13=0x00007efc9c283000, R14=0x00007efc4ee5d490, R15=0x2f78666176616a4c
RIP=0x00007efca19f707d, EFLAGS=0x0000000000010202, CSGSFS=0x002b000000000033, ERR=0x0000000000000000
  TRAPNO=0x000000000000000d

Top of Stack: (sp=0x00007efc4ee5d230)
0x00007efc4ee5d230:   00007efc4ee5d340 00007efca19de1d3
0x00007efc4ee5d240:   00007efc87a40f38 00007efc4ee5d280
0x00007efc4ee5d250:   00007efc0000000e 00007efc9c2831e0
0x00007efc4ee5d260:   00007efc4ee5d270 00007efc4ee5d3d0
0x00007efc4ee5d270:   00007efc879a3cc0 00007efc9c283000
0x00007efc4ee5d280:   00007efc879a3cc0 00007efc9c283000
0x00007efc4ee5d290:   00007efc9c282af0 00007efc6020a770
0x00007efc4ee5d2a0:   00007efc6020a780 00007efc6020ab58
0x00007efc4ee5d2b0:   00000000000003d8 00007efc9c282b30
0x00007efc4ee5d2c0:   00007efc879a3cc0 00007efc9c283000
0x00007efc4ee5d2d0:   0000000087999c30 00000000d9465bf0
0x00007efc4ee5d2e0:   0000000000000000 00007efc8c9f0e1b
0x00007efc4ee5d2f0:   00007efc879a3cc0 00007efc9c283000
0x00007efc4ee5d300:   0000000000000000 00000000d9465c80
0x00007efc4ee5d310:   00007efc0000006f 00007efc0000000a
0x00007efc4ee5d320:   00000000d846fe28 00007efc00000000
0x00007efc4ee5d330:   00007efc4ee5d420 00007efc4ee5d3e0
0x00007efc4ee5d340:   00007efc4ee5d4d0 0000000100000180
0x00007efc4ee5d350:   0000000000000002 00007efc4ee5d308
0x00007efc4ee5d360:   00007efc4ee5d349 0000000800000005
0x00007efc4ee5d370:   00007efc00000000 1fc687832f1d0500
0x00007efc4ee5d380:   00007efc4ee5d390 00007efc9c283000
0x00007efc4ee5d390:   00007efc9c2831e0 00007efc9c248798
0x00007efc4ee5d3a0:   00007efc4ee5d490 2f78666176616a4c
0x00007efc4ee5d3b0:   00007efc4ee5d480 00007efca19fa6aa
0x00007efc4ee5d3c0:   000000000000ff0d 00007efc4ee5d400
0x00007efc4ee5d3d0:   000000000000000e 00007efc00000000
0x00007efc4ee5d3e0:   00007efc9c283000 0000000000000000
0x00007efc4ee5d3f0:   0000000000000067 1fc687832f1d0500
0x00007efc4ee5d400:   00007efca21e0938 00007efca2f0a7e0
0x00007efc4ee5d410:   000000009c263400 00007efc00000063
0x00007efc4ee5d420:   0000000000000000 0000003000000018 

Instructions: (pc=0x00007efca19f707d)
0x00007efca19f705d:   ff 48 89 b5 b8 fe ff ff 64 48 8b 04 25 28 00 00
0x00007efca19f706d:   00 48 89 45 c8 31 c0 48 85 d2 0f 84 3b 03 00 00
0x00007efca19f707d:   4c 8b 32 4d 85 f6 0f 84 2f 03 00 00 49 8b b9 20
0x00007efca19f708d:   01 00 00 48 89 cb 4d 89 c4 e8 f5 4c ff ff 4c 89 

Register to memory mapping:

RAX=0x0000000000000000 is an unknown value
RBX=0x00007efc9c283000 is a thread
RCX=0x00007efc9c248798 is an unknown value
RDX=0x2f78666176616a4c is an unknown value
RSP=0x00007efc4ee5d230 is pointing into the stack for thread: 0x00007efc9c283000
RBP=0x00007efc4ee5d3b0 is pointing into the stack for thread: 0x00007efc9c283000
RSI=0x00007efc4ee5d3d0 is pointing into the stack for thread: 0x00007efc9c283000
RDI=0x00007efc9c2831e0 is an unknown value
R8 =0x00007efc4ee5d400 is pointing into the stack for thread: 0x00007efc9c283000
R9 =0x00007efc9c283000 is a thread
R10=0x00007efc40000bd0 is an unknown value
R11=0x00007efc8ce5ba20 is at entry_point+32 in (nmethod*)0x00007efc8ce5b890
R12=0x00007efc9c2831e0 is an unknown value
R13=0x00007efc9c283000 is a thread
R14=0x00007efc4ee5d490 is pointing into the stack for thread: 0x00007efc9c283000
R15=0x2f78666176616a4c is an unknown value


Stack: [0x00007efc4ed5e000,0x00007efc4ee5f000],  sp=0x00007efc4ee5d230,  free space=1020k
Native frames: (J=compiled Java code, j=interpreted, Vv=VM code, C=native code)
V  [libjvm.so+0x68107d]
V  [libjvm.so+0x6846aa]
C  [libglass.so+0x12d33]  JNIEnv_::CallVoidMethod(_jobject*, _jmethodID*, ...)+0x93
C  [libglass.so+0x1ccf6]  WindowContextBase::process_key(_GdkEventKey*)+0x226
C  [libglass.so+0x1a9c0]  WindowContextBase::im_filter_keypress(_GdkEventKey*)+0x1f0
C  [libglass.so+0x23094]
C  [libgdk-x11-2.0.so.0+0x5acbc]

Java frames: (J=compiled Java code, j=interpreted, Vv=VM code)
j  com.sun.glass.ui.gtk.GtkApplication._runLoop(Ljava/lang/Runnable;Z)V+0
j  com.sun.glass.ui.gtk.GtkApplication.lambda$null$5(Ljava/lang/Runnable;Z)V+7
j  com.sun.glass.ui.gtk.GtkApplication$$Lambda$41.run()V+12
j  java.lang.Thread.run()V+11
v  ~StubRoutines::call_stub

---------------  P R O C E S S  ---------------

Java Threads: ( => current thread )
  0x00007efc403e1800 JavaThread "Prism Font Disposer" daemon [_thread_blocked, id=26498, stack(0x00007efc4c6c5000,0x00007efc4c7c6000)]
  0x00007efc4009f000 JavaThread "mysql-cj-abandoned-connection-cleanup" daemon [_thread_blocked, id=26483, stack(0x00007efc4e15c000,0x00007efc4e25d000)]
  0x00007efc9c28a800 JavaThread "JavaFX-Launcher" [_thread_blocked, id=26481, stack(0x00007efc4e31b000,0x00007efc4e41c000)]
=>0x00007efc9c283000 JavaThread "JavaFX Application Thread" [_thread_in_vm, id=26475, stack(0x00007efc4ed5e000,0x00007efc4ee5f000)]
  0x00007efc9c27f000 JavaThread "Thread-1" daemon [_thread_blocked, id=26474, stack(0x00007efc4ee5f000,0x00007efc4ef60000)]
  0x00007efc9c230800 JavaThread "QuantumRenderer-0" daemon [_thread_blocked, id=26472, stack(0x00007efc85dd4000,0x00007efc85ed5000)]
  0x00007efc9c0b9800 JavaThread "Service Thread" daemon [_thread_blocked, id=26450, stack(0x00007efc860a2000,0x00007efc861a3000)]
  0x00007efc9c0b7000 JavaThread "C1 CompilerThread1" daemon [_thread_blocked, id=26449, stack(0x00007efc861a3000,0x00007efc862a4000)]
  0x00007efc9c0b4000 JavaThread "C2 CompilerThread0" daemon [_thread_in_native, id=26448, stack(0x00007efc862a4000,0x00007efc863a5000)]
  0x00007efc9c0b2800 JavaThread "Signal Dispatcher" daemon [_thread_blocked, id=26447, stack(0x00007efc863a5000,0x00007efc864a6000)]
  0x00007efc9c080000 JavaThread "Finalizer" daemon [_thread_blocked, id=26446, stack(0x00007efc86641000,0x00007efc86742000)]
  0x00007efc9c07d800 JavaThread "Reference Handler" daemon [_thread_blocked, id=26445, stack(0x00007efc86742000,0x00007efc86843000)]
  0x00007efc9c00a800 JavaThread "main" [_thread_blocked, id=26440, stack(0x00007efca2fae000,0x00007efca30af000)]

Other Threads:
  0x00007efc9c074000 VMThread [stack: 0x00007efc86843000,0x00007efc86944000] [id=26444]
  0x00007efc9c0bc000 WatcherThread [stack: 0x00007efc85fa1000,0x00007efc860a2000] [id=26451]

VM state:not at safepoint (normal execution)

VM Mutex/Monitor currently owned by a thread: None

Heap:
 PSYoungGen      total 36864K, used 24682K [0x00000000d7380000, 0x00000000dbb80000, 0x0000000100000000)
  eden space 31744K, 61% used [0x00000000d7380000,0x00000000d869ea60,0x00000000d9280000)
  from space 5120K, 99% used [0x00000000d9280000,0x00000000d977c0e0,0x00000000d9780000)
  to   space 5120K, 0% used [0x00000000db680000,0x00000000db680000,0x00000000dbb80000)
 ParOldGen       total 84992K, used 6843K [0x0000000085a00000, 0x000000008ad00000, 0x00000000d7380000)
  object space 84992K, 8% used [0x0000000085a00000,0x00000000860aedf8,0x000000008ad00000)
 Metaspace       used 19698K, capacity 20508K, committed 20864K, reserved 1067008K
  class space    used 2642K, capacity 2833K, committed 2944K, reserved 1048576K

Card table byte_map: [0x00007efc8c245000,0x00007efc8c619000] byte_map_base: 0x00007efc8be18000

Marking Bits: (ParMarkBitMap*) 0x00007efca22a43a0
 Begin Bits: [0x00007efc88086000, 0x00007efc89f1e000)
 End Bits:   [0x00007efc89f1e000, 0x00007efc8bdb6000)

Polling page: 0x00007efca30c9000

CodeCache: size=245760Kb used=6040Kb max_used=6052Kb free=239719Kb
 bounds [0x00007efc8c9d9000, 0x00007efc8cfc9000, 0x00007efc9b9d9000]
 total_blobs=2680 nmethods=1987 adapters=608
 compilation: enabled

Compilation events (10 events):
Event: 21.306 Thread 0x00007efc9c0b7000 1996       3       sun.text.normalizer.UTF16::isSurrogate (18 bytes)
Event: 21.318 Thread 0x00007efc9c0b7000 nmethod 1996 0x00007efc8cfbe110 code [0x00007efc8cfbe280, 0x00007efc8cfbe450]
Event: 21.318 Thread 0x00007efc9c0b7000 2000       3       java.lang.StrictMath::floorOrCeil (128 bytes)
Event: 21.319 Thread 0x00007efc9c0b7000 nmethod 2000 0x00007efc8cfbe4d0 code [0x00007efc8cfbe660, 0x00007efc8cfbeaf0]
Event: 21.319 Thread 0x00007efc9c0b7000 1999       3       sun.text.bidi.BidiBase::DirPropFlag (4 bytes)
Event: 21.319 Thread 0x00007efc9c0b7000 nmethod 1999 0x00007efc8cfbebd0 code [0x00007efc8cfbed20, 0x00007efc8cfbee50]
Event: 21.319 Thread 0x00007efc9c0b7000 1997       1       javafx.scene.text.Font::impl_getNativeFont (5 bytes)
Event: 21.319 Thread 0x00007efc9c0b7000 nmethod 1997 0x00007efc8cfbeed0 code [0x00007efc8cfbf020, 0x00007efc8cfbf130]
Event: 21.319 Thread 0x00007efc9c0b7000 1998       1       com.sun.javafx.font.PrismFontFile::getDefaultAAMode (2 bytes)
Event: 21.319 Thread 0x00007efc9c0b7000 nmethod 1998 0x00007efc8cfbf190 code [0x00007efc8cfbf2e0, 0x00007efc8cfbf3f0]

GC Heap History (6 events):
Event: 3.570 GC heap before
{Heap before GC invocations=1 (full 0):
 PSYoungGen      total 36864K, used 31744K [0x00000000d7380000, 0x00000000d9c80000, 0x0000000100000000)
  eden space 31744K, 100% used [0x00000000d7380000,0x00000000d9280000,0x00000000d9280000)
  from space 5120K, 0% used [0x00000000d9780000,0x00000000d9780000,0x00000000d9c80000)
  to   space 5120K, 0% used [0x00000000d9280000,0x00000000d9280000,0x00000000d9780000)
 ParOldGen       total 84992K, used 0K [0x0000000085a00000, 0x000000008ad00000, 0x00000000d7380000)
  object space 84992K, 0% used [0x0000000085a00000,0x0000000085a00000,0x000000008ad00000)
 Metaspace       used 11577K, capacity 11986K, committed 12288K, reserved 1060864K
  class space    used 1353K, capacity 1517K, committed 1536K, reserved 1048576K
Event: 3.601 GC heap after
Heap after GC invocations=1 (full 0):
 PSYoungGen      total 36864K, used 5115K [0x00000000d7380000, 0x00000000d9c80000, 0x0000000100000000)
  eden space 31744K, 0% used [0x00000000d7380000,0x00000000d7380000,0x00000000d9280000)
  from space 5120K, 99% used [0x00000000d9280000,0x00000000d977ec60,0x00000000d9780000)
  to   space 5120K, 0% used [0x00000000d9780000,0x00000000d9780000,0x00000000d9c80000)
 ParOldGen       total 84992K, used 1932K [0x0000000085a00000, 0x000000008ad00000, 0x00000000d7380000)
  object space 84992K, 2% used [0x0000000085a00000,0x0000000085be30e8,0x000000008ad00000)
 Metaspace       used 11577K, capacity 11986K, committed 12288K, reserved 1060864K
  class space    used 1353K, capacity 1517K, committed 1536K, reserved 1048576K
}
Event: 4.387 GC heap before
{Heap before GC invocations=2 (full 0):
 PSYoungGen      total 36864K, used 36859K [0x00000000d7380000, 0x00000000d9c80000, 0x0000000100000000)
  eden space 31744K, 100% used [0x00000000d7380000,0x00000000d9280000,0x00000000d9280000)
  from space 5120K, 99% used [0x00000000d9280000,0x00000000d977ec60,0x00000000d9780000)
  to   space 5120K, 0% used [0x00000000d9780000,0x00000000d9780000,0x00000000d9c80000)
 ParOldGen       total 84992K, used 1932K [0x0000000085a00000, 0x000000008ad00000, 0x00000000d7380000)
  object space 84992K, 2% used [0x0000000085a00000,0x0000000085be30e8,0x000000008ad00000)
 Metaspace       used 12858K, capacity 13246K, committed 13568K, reserved 1060864K
  class space    used 1542K, capacity 1680K, committed 1792K, reserved 1048576K
Event: 4.430 GC heap after
Heap after GC invocations=2 (full 0):
 PSYoungGen      total 36864K, used 5107K [0x00000000d7380000, 0x00000000dbb80000, 0x0000000100000000)
  eden space 31744K, 0% used [0x00000000d7380000,0x00000000d7380000,0x00000000d9280000)
  from space 5120K, 99% used [0x00000000d9780000,0x00000000d9c7cc10,0x00000000d9c80000)
  to   space 5120K, 0% used [0x00000000d9280000,0x00000000d9280000,0x00000000d9780000)
 ParOldGen       total 84992K, used 2834K [0x0000000085a00000, 0x000000008ad00000, 0x00000000d7380000)
  object space 84992K, 3% used [0x0000000085a00000,0x0000000085cc4af8,0x000000008ad00000)
 Metaspace       used 12858K, capacity 13246K, committed 13568K, reserved 1060864K
  class space    used 1542K, capacity 1680K, committed 1792K, reserved 1048576K
}
Event: 6.598 GC heap before
{Heap before GC invocations=3 (full 0):
 PSYoungGen      total 36864K, used 36851K [0x00000000d7380000, 0x00000000dbb80000, 0x0000000100000000)
  eden space 31744K, 100% used [0x00000000d7380000,0x00000000d9280000,0x00000000d9280000)
  from space 5120K, 99% used [0x00000000d9780000,0x00000000d9c7cc10,0x00000000d9c80000)
  to   space 5120K, 0% used [0x00000000d9280000,0x00000000d9280000,0x00000000d9780000)
 ParOldGen       total 84992K, used 2834K [0x0000000085a00000, 0x000000008ad00000, 0x00000000d7380000)
  object space 84992K, 3% used [0x0000000085a00000,0x0000000085cc4af8,0x000000008ad00000)
 Metaspace       used 15949K, capacity 16530K, committed 16896K, reserved 1064960K
  class space    used 2063K, capacity 2232K, committed 2304K, reserved 1048576K
Event: 6.646 GC heap after
Heap after GC invocations=3 (full 0):
 PSYoungGen      total 36864K, used 5104K [0x00000000d7380000, 0x00000000dbb80000, 0x0000000100000000)
  eden space 31744K, 0% used [0x00000000d7380000,0x00000000d7380000,0x00000000d9280000)
  from space 5120K, 99% used [0x00000000d9280000,0x00000000d977c0e0,0x00000000d9780000)
  to   space 5120K, 0% used [0x00000000db680000,0x00000000db680000,0x00000000dbb80000)
 ParOldGen       total 84992K, used 6843K [0x0000000085a00000, 0x000000008ad00000, 0x00000000d7380000)
  object space 84992K, 8% used [0x0000000085a00000,0x00000000860aedf8,0x000000008ad00000)
 Metaspace       used 15949K, capacity 16530K, committed 16896K, reserved 1064960K
  class space    used 2063K, capacity 2232K, committed 2304K, reserved 1048576K
}

Deoptimization events (10 events):
Event: 6.428 Thread 0x00007efc9c283000 Uncommon trap: reason=class_check action=maybe_recompile pc=0x00007efc8cd20f34 method=java.io.DataInputStream.readShort()S @ 4
Event: 6.515 Thread 0x00007efc9c283000 Uncommon trap: reason=class_check action=maybe_recompile pc=0x00007efc8caef1e0 method=java.lang.String.equals(Ljava/lang/Object;)Z @ 8
Event: 6.515 Thread 0x00007efc9c283000 Uncommon trap: reason=class_check action=maybe_recompile pc=0x00007efc8caef1e0 method=java.lang.String.equals(Ljava/lang/Object;)Z @ 8
Event: 6.519 Thread 0x00007efc9c283000 Uncommon trap: reason=class_check action=maybe_recompile pc=0x00007efc8caef1e0 method=java.lang.String.equals(Ljava/lang/Object;)Z @ 8
Event: 6.536 Thread 0x00007efc9c283000 Uncommon trap: reason=class_check action=maybe_recompile pc=0x00007efc8caef1e0 method=java.lang.String.equals(Ljava/lang/Object;)Z @ 8
Event: 6.853 Thread 0x00007efc9c283000 Uncommon trap: reason=unstable_if action=reinterpret pc=0x00007efc8cd6c0ec method=java.lang.ClassLoader.checkName(Ljava/lang/String;)Z @ 20
Event: 8.140 Thread 0x00007efc9c283000 Uncommon trap: reason=unstable_if action=reinterpret pc=0x00007efc8cd4a2a4 method=jdk.internal.org.objectweb.asm.Type.getArgumentsAndReturnSizes(Ljava/lang/String;)I @ 47
Event: 17.583 Thread 0x00007efc9c283000 Uncommon trap: reason=unstable_if action=reinterpret pc=0x00007efc8cc32be0 method=java.lang.CharacterData.of(I)Ljava/lang/CharacterData; @ 4
Event: 21.106 Thread 0x00007efc9c283000 Uncommon trap: reason=unstable_if action=reinterpret pc=0x00007efc8ccb009c method=sun.nio.cs.UTF_8$Decoder.decode([BII[C)I @ 30
Event: 21.193 Thread 0x00007efc9c283000 Uncommon trap: reason=unstable_if action=reinterpret pc=0x00007efc8ce3533c method=java.lang.StrictMath.floorOrCeil(DDDD)D @ 38

Classes redefined (0 events):
No events

Internal exceptions (10 events):
Event: 0.707 Thread 0x00007efc9c00a800 Exception <a 'java/security/PrivilegedActionException'> (0x00000000d7634ef0) thrown at [/build/openjdk-8-8u181-b13/src/hotspot/src/share/vm/prims/jvm.cpp, line 1435]
Event: 0.707 Thread 0x00007efc9c00a800 Exception <a 'java/security/PrivilegedActionException'> (0x00000000d76359c8) thrown at [/build/openjdk-8-8u181-b13/src/hotspot/src/share/vm/prims/jvm.cpp, line 1435]
Event: 0.707 Thread 0x00007efc9c00a800 Exception <a 'java/security/PrivilegedActionException'> (0x00000000d7635bd8) thrown at [/build/openjdk-8-8u181-b13/src/hotspot/src/share/vm/prims/jvm.cpp, line 1435]
Event: 0.708 Thread 0x00007efc9c00a800 Exception <a 'java/lang/NullPointerException'> (0x00000000d7637180) thrown at [/build/openjdk-8-8u181-b13/src/hotspot/src/share/vm/interpreter/linkResolver.cpp, line 1185]
Event: 3.329 Thread 0x00007efc9c283000 Exception <a 'java/lang/NullPointerException'> (0x00000000d8b46410) thrown at [/build/openjdk-8-8u181-b13/src/hotspot/src/share/vm/interpreter/linkResolver.cpp, line 1185]
Event: 3.329 Thread 0x00007efc9c283000 Exception <a 'java/lang/NullPointerException'> (0x00000000d8b46410) thrown at [/build/openjdk-8-8u181-b13/src/hotspot/src/share/vm/prims/jvm.cpp, line 1439]
Event: 4.365 Thread 0x00007efc9c283000 Exception <a 'java/lang/ArrayIndexOutOfBoundsException'> (0x00000000d9233de8) thrown at [/build/openjdk-8-8u181-b13/src/hotspot/src/share/vm/runtime/sharedRuntime.cpp, line 605]
Event: 4.366 Thread 0x00007efc9c283000 Exception <a 'java/lang/ArrayIndexOutOfBoundsException'> (0x00000000d9234ae8) thrown at [/build/openjdk-8-8u181-b13/src/hotspot/src/share/vm/runtime/sharedRuntime.cpp, line 605]
Event: 4.370 Thread 0x00007efc9c283000 Exception <a 'java/lang/ArrayIndexOutOfBoundsException'> (0x00000000d9235e90) thrown at [/build/openjdk-8-8u181-b13/src/hotspot/src/share/vm/runtime/sharedRuntime.cpp, line 605]
Event: 5.766 Thread 0x00007efc9c283000 Implicit null exception at 0x00007efc8cd313f5 to 0x00007efc8cd31611

Events (10 events):
Event: 21.160 loading class javafx/scene/effect/Reflection$3 done
Event: 21.160 loading class com/sun/javafx/effect/EffectDirtyBits
Event: 21.160 loading class com/sun/javafx/effect/EffectDirtyBits done
Event: 21.161 loading class javafx/scene/Node$MiscProperties$9$1
Event: 21.161 loading class javafx/scene/Node$MiscProperties$9$1 done
Event: 21.193 Thread 0x00007efc9c283000 Uncommon trap: trap_request=0xffffff65 fr.pc=0x00007efc8ce3533c
Event: 21.193 Thread 0x00007efc9c283000 DEOPT PACKING pc=0x00007efc8ce3533c sp=0x00007efc4ee5b7d0
Event: 21.193 Thread 0x00007efc9c283000 DEOPT UNPACKING pc=0x00007efc8ca1e47a sp=0x00007efc4ee5b718 mode 2
Event: 21.329 loading class com/sun/javafx/scene/KeyboardShortcutsHandler$1
Event: 21.329 loading class com/sun/javafx/scene/KeyboardShortcutsHandler$1 done


Dynamic libraries:
85a00000-8ad00000 rw-p 00000000 00:00 0 
8ad00000-d7380000 ---p 00000000 00:00 0 
d7380000-dbb80000 rw-p 00000000 00:00 0 
dbb80000-100000000 ---p 00000000 00:00 0 
100000000-1002e0000 rw-p 00000000 00:00 0 
1002e0000-140000000 ---p 00000000 00:00 0 
55acc5811000-55acc5812000 r-xp 00000000 08:08 1715118                    /usr/lib/jvm/java-8-openjdk-amd64/jre/bin/java
55acc5a11000-55acc5a12000 r--p 00000000 08:08 1715118                    /usr/lib/jvm/java-8-openjdk-amd64/jre/bin/java
55acc5a12000-55acc5a13000 rw-p 00001000 08:08 1715118                    /usr/lib/jvm/java-8-openjdk-amd64/jre/bin/java
55acc7863000-55acc7884000 rw-p 00000000 00:00 0                          [heap]
7efc3cc3f000-7efc3cdbf000 rw-p 00000000 00:00 0 
7efc3cdbf000-7efc3ce3f000 ---p 00000000 00:00 0 
7efc3ce3f000-7efc3cfff000 rw-s 1063e3000 00:06 344                       /dev/dri/card0
7efc3cfff000-7efc40000000 rw-p 00000000 00:00 0 
7efc40000000-7efc4058e000 rw-p 00000000 00:00 0 
7efc4058e000-7efc44000000 ---p 00000000 00:00 0 
7efc44000000-7efc44021000 rw-p 00000000 00:00 0 
7efc44021000-7efc48000000 ---p 00000000 00:00 0 
7efc48000000-7efc48021000 rw-p 00000000 00:00 0 
7efc48021000-7efc4c000000 ---p 00000000 00:00 0 
7efc4c08b000-7efc4c08c000 rw-s 104e8f000 00:06 344                       /dev/dri/card0
7efc4c08c000-7efc4c08d000 rw-s 104634000 00:06 344                       /dev/dri/card0
7efc4c08d000-7efc4c08e000 rw-s 105d01000 00:06 344                       /dev/dri/card0
7efc4c08e000-7efc4c08f000 rw-s 104eb3000 00:06 344                       /dev/dri/card0
7efc4c08f000-7efc4c09f000 rw-s 00000000 00:18 231                        /i915 (deleted)
7efc4c09f000-7efc4c0a3000 rw-s 00000000 00:18 229                        /i915 (deleted)
7efc4c0a3000-7efc4c103000 rw-s 104f76000 00:06 344                       /dev/dri/card0
7efc4c103000-7efc4c163000 rw-s 104a2a000 00:06 344                       /dev/dri/card0
7efc4c163000-7efc4c171000 rw-s 105cee000 00:06 344                       /dev/dri/card0
7efc4c171000-7efc4c175000 rw-s 00000000 00:18 220                        /i915 (deleted)
7efc4c175000-7efc4c17a000 rw-s 00000000 00:18 219                        /i915 (deleted)
7efc4c17a000-7efc4c33a000 rw-s 104b9f000 00:06 344                       /dev/dri/card0
7efc4c33a000-7efc4c34a000 rw-s 00000000 00:18 126                        /i915 (deleted)
7efc4c34a000-7efc4c34f000 rw-s 00000000 00:18 40                         /i915 (deleted)
7efc4c34f000-7efc4c35f000 rw-s 00000000 00:18 216                        /i915 (deleted)
7efc4c35f000-7efc4c36b000 rw-s 00000000 00:18 160                        /i915 (deleted)
7efc4c36b000-7efc4c66b000 rw-s 10156d000 00:06 344                       /dev/dri/card0
7efc4c66b000-7efc4c67e000 r--s 00346000 08:08 1715206                    /usr/lib/jvm/java-8-openjdk-amd64/jre/lib/resources.jar
7efc4c67e000-7efc4c6c5000 r--p 00000000 08:08 2491713                    /usr/share/fonts/truetype/noto/NotoSans-BoldItalic.ttf
7efc4c6c5000-7efc4c6c8000 ---p 00000000 00:00 0 
7efc4c6c8000-7efc4c7c6000 rw-p 00000000 00:00 0 
7efc4c7c6000-7efc4c811000 r--p 00000000 08:08 2491715                    /usr/share/fonts/truetype/noto/NotoSans-Regular.ttf
7efc4c811000-7efc4ca11000 rw-p 00000000 00:00 0 
7efc4ca11000-7efc4ca41000 r-xp 00000000 08:08 1973152                    /usr/lib/x86_64-linux-gnu/gtk-2.0/2.10.0/engines/libmurrine.so
7efc4ca41000-7efc4cc41000 ---p 00030000 08:08 1973152                    /usr/lib/x86_64-linux-gnu/gtk-2.0/2.10.0/engines/libmurrine.so
7efc4cc41000-7efc4cc42000 r--p 00030000 08:08 1973152                    /usr/lib/x86_64-linux-gnu/gtk-2.0/2.10.0/engines/libmurrine.so
7efc4cc42000-7efc4cc43000 rw-p 00031000 08:08 1973152                    /usr/lib/x86_64-linux-gnu/gtk-2.0/2.10.0/engines/libmurrine.so
7efc4cc43000-7efc4cc45000 r-xp 00000000 08:08 1973145                    /usr/lib/x86_64-linux-gnu/gtk-2.0/2.10.0/engines/libadwaita.so
7efc4cc45000-7efc4ce45000 ---p 00002000 08:08 1973145                    /usr/lib/x86_64-linux-gnu/gtk-2.0/2.10.0/engines/libadwaita.so
7efc4ce45000-7efc4ce46000 r--p 00002000 08:08 1973145                    /usr/lib/x86_64-linux-gnu/gtk-2.0/2.10.0/engines/libadwaita.so
7efc4ce46000-7efc4ce47000 rw-p 00003000 08:08 1973145                    /usr/lib/x86_64-linux-gnu/gtk-2.0/2.10.0/engines/libadwaita.so
7efc4ce47000-7efc4ce51000 r-xp 00000000 08:08 1973153                    /usr/lib/x86_64-linux-gnu/gtk-2.0/2.10.0/engines/libpixmap.so
7efc4ce51000-7efc4d050000 ---p 0000a000 08:08 1973153                    /usr/lib/x86_64-linux-gnu/gtk-2.0/2.10.0/engines/libpixmap.so
7efc4d050000-7efc4d051000 r--p 00009000 08:08 1973153                    /usr/lib/x86_64-linux-gnu/gtk-2.0/2.10.0/engines/libpixmap.so
7efc4d051000-7efc4d052000 rw-p 0000a000 08:08 1973153                    /usr/lib/x86_64-linux-gnu/gtk-2.0/2.10.0/engines/libpixmap.so
7efc4d052000-7efc4d054000 r--s 00000000 08:08 1590387                    /var/cache/fontconfig/4bb17da730f63117fed329ee42a5d05e-le64.cache-4
7efc4d054000-7efc4d058000 r--s 00000000 08:08 1572907                    /var/cache/fontconfig/0fafd173547752dce4dee1a69e0b3c95-le64.cache-4
7efc4d058000-7efc4d09a000 r--s 00000000 08:08 1572909                    /var/cache/fontconfig/0bd3dc0958fa2205aaaa8ebb13e2872b-le64.cache-4
7efc4d09a000-7efc4d0a0000 r--s 00000000 08:08 1572928                    /var/cache/fontconfig/3047814df9a2f067bd2d96a2b9c36e5a-le64.cache-4
7efc4d0a0000-7efc4d0ac000 r--s 00000000 08:08 1586852                    /var/cache/fontconfig/d589a48862398ed80a3d6066f4f56f4c-le64.cache-4
7efc4d0ac000-7efc4d0b1000 r-xp 00000000 08:08 1717399                    /usr/lib/jvm/java-8-openjdk-amd64/jre/lib/amd64/libjavafx_font_freetype.so
7efc4d0b1000-7efc4d2b0000 ---p 00005000 08:08 1717399                    /usr/lib/jvm/java-8-openjdk-amd64/jre/lib/amd64/libjavafx_font_freetype.so
7efc4d2b0000-7efc4d2b1000 r--p 00004000 08:08 1717399                    /usr/lib/jvm/java-8-openjdk-amd64/jre/lib/amd64/libjavafx_font_freetype.so
7efc4d2b1000-7efc4d2b2000 rw-p 00005000 08:08 1717399                    /usr/lib/jvm/java-8-openjdk-amd64/jre/lib/amd64/libjavafx_font_freetype.so
7efc4d2b2000-7efc4d4b2000 rw-p 00000000 00:00 0 
7efc4d4b2000-7efc4d4b5000 r-xp 00000000 08:08 1717398                    /usr/lib/jvm/java-8-openjdk-amd64/jre/lib/amd64/libjavafx_font.so
7efc4d4b5000-7efc4d6b4000 ---p 00003000 08:08 1717398                    /usr/lib/jvm/java-8-openjdk-amd64/jre/lib/amd64/libjavafx_font.so
7efc4d6b4000-7efc4d6b5000 r--p 00002000 08:08 1717398                    /usr/lib/jvm/java-8-openjdk-amd64/jre/lib/amd64/libjavafx_font.so
7efc4d6b5000-7efc4d6b6000 rw-p 00003000 08:08 1717398                    /usr/lib/jvm/java-8-openjdk-amd64/jre/lib/amd64/libjavafx_font.so
7efc4d6b6000-7efc4d71f000 r-xp 00000000 08:08 1974422                    /usr/lib/x86_64-linux-gnu/libjpeg.so.62.2.0
7efc4d71f000-7efc4d91f000 ---p 00069000 08:08 1974422                    /usr/lib/x86_64-linux-gnu/libjpeg.so.62.2.0
7efc4d91f000-7efc4d920000 r--p 00069000 08:08 1974422                    /usr/lib/x86_64-linux-gnu/libjpeg.so.62.2.0
7efc4d920000-7efc4d921000 rw-p 0006a000 08:08 1974422                    /usr/lib/x86_64-linux-gnu/libjpeg.so.62.2.0
7efc4d921000-7efc4d922000 rw-s 00000000 00:18 152                        /i915 (deleted)
7efc4d922000-7efc4d925000 r--s 00000000 08:08 1572923                    /var/cache/fontconfig/47e67d79d01846c7b6efd6b4f03a6092-le64.cache-4
7efc4d925000-7efc4d937000 r--s 00000000 08:08 1572910                    /var/cache/fontconfig/9b89f8e3dae116d678bbf48e5f21f69b-le64.cache-4
7efc4d937000-7efc4d93a000 r--s 00000000 08:08 1590385                    /var/cache/fontconfig/bf6ddb0059d58ea573e04b43f868001f-le64.cache-4
7efc4d93a000-7efc4d93e000 r-xp 00000000 08:08 1717401                    /usr/lib/jvm/java-8-openjdk-amd64/jre/lib/amd64/libjavafx_iio.so
7efc4d93e000-7efc4db3d000 ---p 00004000 08:08 1717401                    /usr/lib/jvm/java-8-openjdk-amd64/jre/lib/amd64/libjavafx_iio.so
7efc4db3d000-7efc4db3e000 r--p 00003000 08:08 1717401                    /usr/lib/jvm/java-8-openjdk-amd64/jre/lib/amd64/libjavafx_iio.so
7efc4db3e000-7efc4db3f000 rw-p 00004000 08:08 1717401                    /usr/lib/jvm/java-8-openjdk-amd64/jre/lib/amd64/libjavafx_iio.so
7efc4db3f000-7efc4dd3f000 rw-p 00000000 00:00 0 
7efc4dd3f000-7efc4dd44000 r--s 002f9000 08:08 1715168                    /usr/lib/jvm/java-8-openjdk-amd64/jre/lib/charsets.jar
7efc4dd44000-7efc4df44000 rw-p 00000000 00:00 0 
7efc4df44000-7efc4df5b000 r-xp 00000000 08:08 1715156                    /usr/lib/jvm/java-8-openjdk-amd64/jre/lib/amd64/libnet.so
7efc4df5b000-7efc4e15a000 ---p 00017000 08:08 1715156                    /usr/lib/jvm/java-8-openjdk-amd64/jre/lib/amd64/libnet.so
7efc4e15a000-7efc4e15b000 r--p 00016000 08:08 1715156                    /usr/lib/jvm/java-8-openjdk-amd64/jre/lib/amd64/libnet.so
7efc4e15b000-7efc4e15c000 rw-p 00017000 08:08 1715156                    /usr/lib/jvm/java-8-openjdk-amd64/jre/lib/amd64/libnet.so
7efc4e15c000-7efc4e15f000 ---p 00000000 00:00 0 
7efc4e15f000-7efc4e25d000 rw-p 00000000 00:00 0 
7efc4e25d000-7efc4e275000 r--s 0021f000 08:09 14421222                   /home/atomx/eclipse-workspace/Library/lib/mysql-connector-java-8.0.17.jar
7efc4e275000-7efc4e31b000 r--s 010bb000 08:09 14421221                   /home/atomx/eclipse-workspace/Library/lib/jfxrt.jar
7efc4e31b000-7efc4e31e000 ---p 00000000 00:00 0 
7efc4e31e000-7efc4e41c000 rw-p 00000000 00:00 0 
7efc4e41c000-7efc4e41d000 ---p 00000000 00:00 0 
7efc4e41d000-7efc4ec1d000 rw-p 00000000 00:00 0 
7efc4ec1d000-7efc4ed5e000 rw-s 00000000 08:09 12845132                   /home/atomx/.cache/mesa_shader_cache/index
7efc4ed5e000-7efc4ed61000 ---p 00000000 00:00 0 
7efc4ed61000-7efc4ee5f000 rw-p 00000000 00:00 0 
7efc4ee5f000-7efc4ee62000 ---p 00000000 00:00 0 
7efc4ee62000-7efc4ef60000 rw-p 00000000 00:00 0 
7efc4ef60000-7efc4ef89000 r-xp 00000000 08:08 1717396                    /usr/lib/jvm/java-8-openjdk-amd64/jre/lib/amd64/libglass.so
7efc4ef89000-7efc4f189000 ---p 00029000 08:08 1717396                    /usr/lib/jvm/java-8-openjdk-amd64/jre/lib/amd64/libglass.so
7efc4f189000-7efc4f18a000 r--p 00029000 08:08 1717396                    /usr/lib/jvm/java-8-openjdk-amd64/jre/lib/amd64/libglass.so
7efc4f18a000-7efc4f18b000 rw-p 0002a000 08:08 1717396                    /usr/lib/jvm/java-8-openjdk-amd64/jre/lib/amd64/libglass.so
7efc4f18b000-7efc4f18c000 rw-p 00000000 00:00 0 
7efc4f18c000-7efc4f18d000 ---p 00000000 00:00 0 
7efc4f18d000-7efc4f98d000 rw-p 00000000 00:00 0 
7efc4f98d000-7efc4f995000 r-xp 00000000 08:08 1974752                    /usr/lib/x86_64-linux-gnu/libpciaccess.so.0.11.1
7efc4f995000-7efc4fb95000 ---p 00008000 08:08 1974752                    /usr/lib/x86_64-linux-gnu/libpciaccess.so.0.11.1
7efc4fb95000-7efc4fb96000 r--p 00008000 08:08 1974752                    /usr/lib/x86_64-linux-gnu/libpciaccess.so.0.11.1
7efc4fb96000-7efc4fb97000 rw-p 00009000 08:08 1974752                    /usr/lib/x86_64-linux-gnu/libpciaccess.so.0.11.1
7efc4fb97000-7efc4fba2000 r-xp 00000000 08:08 1973844                    /usr/lib/x86_64-linux-gnu/libdrm_radeon.so.1.0.1
7efc4fba2000-7efc4fda1000 ---p 0000b000 08:08 1973844                    /usr/lib/x86_64-linux-gnu/libdrm_radeon.so.1.0.1
7efc4fda1000-7efc4fda2000 r--p 0000a000 08:08 1973844                    /usr/lib/x86_64-linux-gnu/libdrm_radeon.so.1.0.1
7efc4fda2000-7efc4fda3000 rw-p 0000b000 08:08 1973844                    /usr/lib/x86_64-linux-gnu/libdrm_radeon.so.1.0.1
7efc4fda3000-7efc4fdaa000 r-xp 00000000 08:08 1973842                    /usr/lib/x86_64-linux-gnu/libdrm_nouveau.so.2.0.0
7efc4fdaa000-7efc4ffa9000 ---p 00007000 08:08 1973842                    /usr/lib/x86_64-linux-gnu/libdrm_nouveau.so.2.0.0
7efc4ffa9000-7efc4ffaa000 r--p 00006000 08:08 1973842                    /usr/lib/x86_64-linux-gnu/libdrm_nouveau.so.2.0.0
7efc4ffaa000-7efc4ffab000 rw-p 00007000 08:08 1973842                    /usr/lib/x86_64-linux-gnu/libdrm_nouveau.so.2.0.0
7efc4ffab000-7efc4ffce000 r-xp 00000000 08:08 1973840                    /usr/lib/x86_64-linux-gnu/libdrm_intel.so.1.0.0
7efc4ffce000-7efc501cd000 ---p 00023000 08:08 1973840                    /usr/lib/x86_64-linux-gnu/libdrm_intel.so.1.0.0
7efc501cd000-7efc501ce000 r--p 00022000 08:08 1973840                    /usr/lib/x86_64-linux-gnu/libdrm_intel.so.1.0.0
7efc501ce000-7efc501cf000 rw-p 00023000 08:08 1973840                    /usr/lib/x86_64-linux-gnu/libdrm_intel.so.1.0.0
7efc501cf000-7efc50afe000 r-xp 00000000 08:08 1972506                    /usr/lib/x86_64-linux-gnu/dri/i965_dri.so
7efc50afe000-7efc50cfd000 ---p 0092f000 08:08 1972506                    /usr/lib/x86_64-linux-gnu/dri/i965_dri.so
7efc50cfd000-7efc50d57000 r--p 0092e000 08:08 1972506                    /usr/lib/x86_64-linux-gnu/dri/i965_dri.so
7efc50d57000-7efc50d62000 rw-p 00988000 08:08 1972506                    /usr/lib/x86_64-linux-gnu/dri/i965_dri.so
7efc50d62000-7efc50e15000 rw-p 00000000 00:00 0 
7efc50e15000-7efc50e25000 r-xp 00000000 08:08 1973836                    /usr/lib/x86_64-linux-gnu/libdrm.so.2.4.0
7efc50e25000-7efc51024000 ---p 00010000 08:08 1973836                    /usr/lib/x86_64-linux-gnu/libdrm.so.2.4.0
7efc51024000-7efc51025000 r--p 0000f000 08:08 1973836                    /usr/lib/x86_64-linux-gnu/libdrm.so.2.4.0
7efc51025000-7efc51026000 rw-p 00010000 08:08 1973836                    /usr/lib/x86_64-linux-gnu/libdrm.so.2.4.0
7efc51026000-7efc5102a000 r-xp 00000000 08:08 1975194                    /usr/lib/x86_64-linux-gnu/libxcb-dri2.so.0.0.0
7efc5102a000-7efc51229000 ---p 00004000 08:08 1975194                    /usr/lib/x86_64-linux-gnu/libxcb-dri2.so.0.0.0
7efc51229000-7efc5122a000 r--p 00003000 08:08 1975194                    /usr/lib/x86_64-linux-gnu/libxcb-dri2.so.0.0.0
7efc5122a000-7efc5122b000 rw-p 00004000 08:08 1975194                    /usr/lib/x86_64-linux-gnu/libxcb-dri2.so.0.0.0
7efc5122b000-7efc51243000 r-xp 00000000 08:08 1975200                    /usr/lib/x86_64-linux-gnu/libxcb-glx.so.0.0.0
7efc51243000-7efc51443000 ---p 00018000 08:08 1975200                    /usr/lib/x86_64-linux-gnu/libxcb-glx.so.0.0.0
7efc51443000-7efc51445000 r--p 00018000 08:08 1975200                    /usr/lib/x86_64-linux-gnu/libxcb-glx.so.0.0.0
7efc51445000-7efc51446000 rw-p 0001a000 08:08 1975200                    /usr/lib/x86_64-linux-gnu/libxcb-glx.so.0.0.0
7efc51446000-7efc51447000 r-xp 00000000 08:08 1973515                    /usr/lib/x86_64-linux-gnu/libX11-xcb.so.1.0.0
7efc51447000-7efc51646000 ---p 00001000 08:08 1973515                    /usr/lib/x86_64-linux-gnu/libX11-xcb.so.1.0.0
7efc51646000-7efc51647000 r--p 00000000 08:08 1973515                    /usr/lib/x86_64-linux-gnu/libX11-xcb.so.1.0.0
7efc51647000-7efc51648000 rw-p 00001000 08:08 1973515                    /usr/lib/x86_64-linux-gnu/libX11-xcb.so.1.0.0
7efc51648000-7efc51674000 r-xp 00000000 08:08 1974054                    /usr/lib/x86_64-linux-gnu/libglapi.so.0.0.0
7efc51674000-7efc51873000 ---p 0002c000 08:08 1974054                    /usr/lib/x86_64-linux-gnu/libglapi.so.0.0.0
7efc51873000-7efc51877000 r--p 0002b000 08:08 1974054                    /usr/lib/x86_64-linux-gnu/libglapi.so.0.0.0
7efc51877000-7efc51878000 rw-p 0002f000 08:08 1974054                    /usr/lib/x86_64-linux-gnu/libglapi.so.0.0.0
7efc51878000-7efc51879000 rw-p 00000000 00:00 0 
7efc51879000-7efc5187a000 r-xp 00000000 08:08 1975250                    /usr/lib/x86_64-linux-gnu/libxshmfence.so.1.0.0
7efc5187a000-7efc51a79000 ---p 00001000 08:08 1975250                    /usr/lib/x86_64-linux-gnu/libxshmfence.so.1.0.0
7efc51a79000-7efc51a7a000 r--p 00000000 08:08 1975250                    /usr/lib/x86_64-linux-gnu/libxshmfence.so.1.0.0
7efc51a7a000-7efc51a7b000 rw-p 00001000 08:08 1975250                    /usr/lib/x86_64-linux-gnu/libxshmfence.so.1.0.0
7efc51a7b000-7efc51a81000 r-xp 00000000 08:08 1975220                    /usr/lib/x86_64-linux-gnu/libxcb-sync.so.1.0.0
7efc51a81000-7efc51c80000 ---p 00006000 08:08 1975220                    /usr/lib/x86_64-linux-gnu/libxcb-sync.so.1.0.0
7efc51c80000-7efc51c81000 r--p 00005000 08:08 1975220                    /usr/lib/x86_64-linux-gnu/libxcb-sync.so.1.0.0
7efc51c81000-7efc51c82000 rw-p 00006000 08:08 1975220                    /usr/lib/x86_64-linux-gnu/libxcb-sync.so.1.0.0
7efc51c82000-7efc51c84000 r-xp 00000000 08:08 1975208                    /usr/lib/x86_64-linux-gnu/libxcb-present.so.0.0.0
7efc51c84000-7efc51e83000 ---p 00002000 08:08 1975208                    /usr/lib/x86_64-linux-gnu/libxcb-present.so.0.0.0
7efc51e83000-7efc51e84000 r--p 00001000 08:08 1975208                    /usr/lib/x86_64-linux-gnu/libxcb-present.so.0.0.0
7efc51e84000-7efc51e85000 rw-p 00002000 08:08 1975208                    /usr/lib/x86_64-linux-gnu/libxcb-present.so.0.0.0
7efc51e85000-7efc51e8c000 r-xp 00000000 08:08 1975224                    /usr/lib/x86_64-linux-gnu/libxcb-xfixes.so.0.0.0
7efc51e8c000-7efc5208b000 ---p 00007000 08:08 1975224                    /usr/lib/x86_64-linux-gnu/libxcb-xfixes.so.0.0.0
7efc5208b000-7efc5208c000 r--p 00006000 08:08 1975224                    /usr/lib/x86_64-linux-gnu/libxcb-xfixes.so.0.0.0
7efc5208c000-7efc5208d000 rw-p 00007000 08:08 1975224                    /usr/lib/x86_64-linux-gnu/libxcb-xfixes.so.0.0.0
7efc5208d000-7efc5208f000 r-xp 00000000 08:08 1975196                    /usr/lib/x86_64-linux-gnu/libxcb-dri3.so.0.0.0
7efc5208f000-7efc5228e000 ---p 00002000 08:08 1975196                    /usr/lib/x86_64-linux-gnu/libxcb-dri3.so.0.0.0
7efc5228e000-7efc5228f000 r--p 00001000 08:08 1975196                    /usr/lib/x86_64-linux-gnu/libxcb-dri3.so.0.0.0
7efc5228f000-7efc52290000 rw-p 00002000 08:08 1975196                    /usr/lib/x86_64-linux-gnu/libxcb-dri3.so.0.0.0
7efc52290000-7efc52302000 r-xp 00000000 08:08 1973267                    /usr/lib/x86_64-linux-gnu/libGLX_mesa.so.0.0.0
7efc52302000-7efc52501000 ---p 00072000 08:08 1973267                    /usr/lib/x86_64-linux-gnu/libGLX_mesa.so.0.0.0
7efc52501000-7efc52504000 r--p 00071000 08:08 1973267                    /usr/lib/x86_64-linux-gnu/libGLX_mesa.so.0.0.0
7efc52504000-7efc52505000 rw-p 00074000 08:08 1973267                    /usr/lib/x86_64-linux-gnu/libGLX_mesa.so.0.0.0
7efc52505000-7efc52506000 rw-p 00000000 00:00 0 
7efc52506000-7efc5250a000 r-xp 00000000 08:08 1975099                    /usr/lib/x86_64-linux-gnu/libuuid.so.1.3.0
7efc5250a000-7efc52709000 ---p 00004000 08:08 1975099                    /usr/lib/x86_64-linux-gnu/libuuid.so.1.3.0
7efc52709000-7efc5270a000 r--p 00003000 08:08 1975099                    /usr/lib/x86_64-linux-gnu/libuuid.so.1.3.0
7efc5270a000-7efc5270b000 rw-p 00004000 08:08 1975099                    /usr/lib/x86_64-linux-gnu/libuuid.so.1.3.0
7efc5270b000-7efc5271e000 r-xp 00000000 08:08 1973672                    /usr/lib/x86_64-linux-gnu/libbsd.so.0.8.3
7efc5271e000-7efc5291e000 ---p 00013000 08:08 1973672                    /usr/lib/x86_64-linux-gnu/libbsd.so.0.8.3
7efc5291e000-7efc5291f000 r--p 00013000 08:08 1973672                    /usr/lib/x86_64-linux-gnu/libbsd.so.0.8.3
7efc5291f000-7efc52920000 rw-p 00014000 08:08 1973672                    /usr/lib/x86_64-linux-gnu/libbsd.so.0.8.3
7efc52920000-7efc52921000 rw-p 00000000 00:00 0 
7efc52921000-7efc52928000 r-xp 00000000 08:08 1973762                    /usr/lib/x86_64-linux-gnu/libdatrie.so.1.3.3
7efc52928000-7efc52b27000 ---p 00007000 08:08 1973762                    /usr/lib/x86_64-linux-gnu/libdatrie.so.1.3.3
7efc52b27000-7efc52b28000 r--p 00006000 08:08 1973762                    /usr/lib/x86_64-linux-gnu/libdatrie.so.1.3.3
7efc52b28000-7efc52b29000 rw-p 00007000 08:08 1973762                    /usr/lib/x86_64-linux-gnu/libdatrie.so.1.3.3
7efc52b29000-7efc52b54000 r-xp 00000000 08:08 1974207                    /usr/lib/x86_64-linux-gnu/libgraphite2.so.3.0.1
7efc52b54000-7efc52d53000 ---p 0002b000 08:08 1974207                    /usr/lib/x86_64-linux-gnu/libgraphite2.so.3.0.1
7efc52d53000-7efc52d55000 r--p 0002a000 08:08 1974207                    /usr/lib/x86_64-linux-gnu/libgraphite2.so.3.0.1
7efc52d55000-7efc52d56000 rw-p 0002c000 08:08 1974207                    /usr/lib/x86_64-linux-gnu/libgraphite2.so.3.0.1
7efc52d56000-7efc52d97000 r-xp 00000000 08:08 1973657                    /usr/lib/x86_64-linux-gnu/libblkid.so.1.1.0
7efc52d97000-7efc52f96000 ---p 00041000 08:08 1973657                    /usr/lib/x86_64-linux-gnu/libblkid.so.1.1.0
7efc52f96000-7efc52f9a000 r--p 00040000 08:08 1973657                    /usr/lib/x86_64-linux-gnu/libblkid.so.1.1.0
7efc52f9a000-7efc52f9b000 rw-p 00044000 08:08 1973657                    /usr/lib/x86_64-linux-gnu/libblkid.so.1.1.0
7efc52f9b000-7efc52f9c000 rw-p 00000000 00:00 0 
7efc52f9c000-7efc52fa1000 r-xp 00000000 08:08 1973532                    /usr/lib/x86_64-linux-gnu/libXdmcp.so.6.0.0
7efc52fa1000-7efc531a0000 ---p 00005000 08:08 1973532                    /usr/lib/x86_64-linux-gnu/libXdmcp.so.6.0.0
7efc531a0000-7efc531a1000 r--p 00004000 08:08 1973532                    /usr/lib/x86_64-linux-gnu/libXdmcp.so.6.0.0
7efc531a1000-7efc531a2000 rw-p 00005000 08:08 1973532                    /usr/lib/x86_64-linux-gnu/libXdmcp.so.6.0.0
7efc531a2000-7efc531a5000 r-xp 00000000 08:08 1973521                    /usr/lib/x86_64-linux-gnu/libXau.so.6.0.0
7efc531a5000-7efc533a4000 ---p 00003000 08:08 1973521                    /usr/lib/x86_64-linux-gnu/libXau.so.6.0.0
7efc533a4000-7efc533a5000 r--p 00002000 08:08 1973521                    /usr/lib/x86_64-linux-gnu/libXau.so.6.0.0
7efc533a5000-7efc533a6000 rw-p 00003000 08:08 1973521                    /usr/lib/x86_64-linux-gnu/libXau.so.6.0.0
7efc533a6000-7efc53416000 r-xp 00000000 08:08 1973269                    /usr/lib/x86_64-linux-gnu/libGLdispatch.so.0.0.0
7efc53416000-7efc53616000 ---p 00070000 08:08 1973269                    /usr/lib/x86_64-linux-gnu/libGLdispatch.so.0.0.0
7efc53616000-7efc5363f000 r--p 00070000 08:08 1973269                    /usr/lib/x86_64-linux-gnu/libGLdispatch.so.0.0.0
7efc5363f000-7efc53640000 rw-p 00099000 08:08 1973269                    /usr/lib/x86_64-linux-gnu/libGLdispatch.so.0.0.0
7efc53640000-7efc53660000 rw-p 00000000 00:00 0 
7efc53660000-7efc53670000 r-xp 00000000 08:08 1973264                    /usr/lib/x86_64-linux-gnu/libGLX.so.0.0.0
7efc53670000-7efc53870000 ---p 00010000 08:08 1973264                    /usr/lib/x86_64-linux-gnu/libGLX.so.0.0.0
7efc53870000-7efc53871000 r--p 00010000 08:08 1973264                    /usr/lib/x86_64-linux-gnu/libGLX.so.0.0.0
7efc53871000-7efc53872000 rw-p 00011000 08:08 1973264                    /usr/lib/x86_64-linux-gnu/libGLX.so.0.0.0
7efc53872000-7efc53892000 rw-p 00000000 00:00 0 
7efc53892000-7efc53904000 r-xp 00000000 08:08 1974757                    /usr/lib/x86_64-linux-gnu/libpcre.so.3.13.3
7efc53904000-7efc53b03000 ---p 00072000 08:08 1974757                    /usr/lib/x86_64-linux-gnu/libpcre.so.3.13.3
7efc53b03000-7efc53b04000 r--p 00071000 08:08 1974757                    /usr/lib/x86_64-linux-gnu/libpcre.so.3.13.3
7efc53b04000-7efc53b05000 rw-p 00072000 08:08 1974757                    /usr/lib/x86_64-linux-gnu/libpcre.so.3.13.3
7efc53b05000-7efc53b2c000 r-xp 00000000 08:08 1973918                    /usr/lib/x86_64-linux-gnu/libexpat.so.1.6.2
7efc53b2c000-7efc53d2c000 ---p 00027000 08:08 1973918                    /usr/lib/x86_64-linux-gnu/libexpat.so.1.6.2
7efc53d2c000-7efc53d2e000 r--p 00027000 08:08 1973918                    /usr/lib/x86_64-linux-gnu/libexpat.so.1.6.2
7efc53d2e000-7efc53d2f000 rw-p 00029000 08:08 1973918                    /usr/lib/x86_64-linux-gnu/libexpat.so.1.6.2
7efc53d2f000-7efc53d36000 r-xp 00000000 08:08 1973938                    /usr/lib/x86_64-linux-gnu/libffi.so.6.0.4
7efc53d36000-7efc53f36000 ---p 00007000 08:08 1973938                    /usr/lib/x86_64-linux-gnu/libffi.so.6.0.4
7efc53f36000-7efc53f37000 r--p 00007000 08:08 1973938                    /usr/lib/x86_64-linux-gnu/libffi.so.6.0.4
7efc53f37000-7efc53f38000 rw-p 00008000 08:08 1973938                    /usr/lib/x86_64-linux-gnu/libffi.so.6.0.4
7efc53f38000-7efc53f40000 r-xp 00000000 08:08 1975032                    /usr/lib/x86_64-linux-gnu/libthai.so.0.3.0
7efc53f40000-7efc54140000 ---p 00008000 08:08 1975032                    /usr/lib/x86_64-linux-gnu/libthai.so.0.3.0
7efc54140000-7efc54141000 r--p 00008000 08:08 1975032                    /usr/lib/x86_64-linux-gnu/libthai.so.0.3.0
7efc54141000-7efc54142000 rw-p 00009000 08:08 1975032                    /usr/lib/x86_64-linux-gnu/libthai.so.0.3.0
7efc54142000-7efc541d5000 r-xp 00000000 08:08 1974304                    /usr/lib/x86_64-linux-gnu/libharfbuzz.so.0.10400.2
7efc541d5000-7efc543d4000 ---p 00093000 08:08 1974304                    /usr/lib/x86_64-linux-gnu/libharfbuzz.so.0.10400.2
7efc543d4000-7efc543d6000 r--p 00092000 08:08 1974304                    /usr/lib/x86_64-linux-gnu/libharfbuzz.so.0.10400.2
7efc543d6000-7efc543d7000 rw-p 00094000 08:08 1974304                    /usr/lib/x86_64-linux-gnu/libharfbuzz.so.0.10400.2
7efc543d7000-7efc54421000 r-xp 00000000 08:08 1974545                    /usr/lib/x86_64-linux-gnu/libmount.so.1.1.0
7efc54421000-7efc54621000 ---p 0004a000 08:08 1974545                    /usr/lib/x86_64-linux-gnu/libmount.so.1.1.0
7efc54621000-7efc54622000 r--p 0004a000 08:08 1974545                    /usr/lib/x86_64-linux-gnu/libmount.so.1.1.0
7efc54622000-7efc54623000 rw-p 0004b000 08:08 1974545                    /usr/lib/x86_64-linux-gnu/libmount.so.1.1.0
7efc54623000-7efc54625000 rw-p 00000000 00:00 0 
7efc54625000-7efc54639000 r-xp 00000000 08:08 1974883                    /usr/lib/x86_64-linux-gnu/libresolv-2.24.so
7efc54639000-7efc54838000 ---p 00014000 08:08 1974883                    /usr/lib/x86_64-linux-gnu/libresolv-2.24.so
7efc54838000-7efc54839000 r--p 00013000 08:08 1974883                    /usr/lib/x86_64-linux-gnu/libresolv-2.24.so
7efc54839000-7efc5483a000 rw-p 00014000 08:08 1974883                    /usr/lib/x86_64-linux-gnu/libresolv-2.24.so
7efc5483a000-7efc5483c000 rw-p 00000000 00:00 0 
7efc5483c000-7efc54861000 r-xp 00000000 08:08 1974931                    /usr/lib/x86_64-linux-gnu/libselinux.so.1
7efc54861000-7efc54a60000 ---p 00025000 08:08 1974931                    /usr/lib/x86_64-linux-gnu/libselinux.so.1
7efc54a60000-7efc54a61000 r--p 00024000 08:08 1974931                    /usr/lib/x86_64-linux-gnu/libselinux.so.1
7efc54a61000-7efc54a62000 rw-p 00025000 08:08 1974931                    /usr/lib/x86_64-linux-gnu/libselinux.so.1
7efc54a62000-7efc54a64000 rw-p 00000000 00:00 0 
7efc54a64000-7efc54a70000 r-xp 00000000 08:08 1975214                    /usr/lib/x86_64-linux-gnu/libxcb-render.so.0.0.0
7efc54a70000-7efc54c70000 ---p 0000c000 08:08 1975214                    /usr/lib/x86_64-linux-gnu/libxcb-render.so.0.0.0
7efc54c70000-7efc54c71000 r--p 0000c000 08:08 1975214                    /usr/lib/x86_64-linux-gnu/libxcb-render.so.0.0.0
7efc54c71000-7efc54c72000 rw-p 0000d000 08:08 1975214                    /usr/lib/x86_64-linux-gnu/libxcb-render.so.0.0.0
7efc54c72000-7efc54c99000 r-xp 00000000 08:08 1975232                    /usr/lib/x86_64-linux-gnu/libxcb.so.1.1.0
7efc54c99000-7efc54e98000 ---p 00027000 08:08 1975232                    /usr/lib/x86_64-linux-gnu/libxcb.so.1.1.0
7efc54e98000-7efc54e99000 r--p 00026000 08:08 1975232                    /usr/lib/x86_64-linux-gnu/libxcb.so.1.1.0
7efc54e99000-7efc54e9a000 rw-p 00027000 08:08 1975232                    /usr/lib/x86_64-linux-gnu/libxcb.so.1.1.0
7efc54e9a000-7efc54e9c000 r-xp 00000000 08:08 1975218                    /usr/lib/x86_64-linux-gnu/libxcb-shm.so.0.0.0
7efc54e9c000-7efc5509c000 ---p 00002000 08:08 1975218                    /usr/lib/x86_64-linux-gnu/libxcb-shm.so.0.0.0
7efc5509c000-7efc5509d000 r--p 00002000 08:08 1975218                    /usr/lib/x86_64-linux-gnu/libxcb-shm.so.0.0.0
7efc5509d000-7efc5509e000 rw-p 00003000 08:08 1975218                    /usr/lib/x86_64-linux-gnu/libxcb-shm.so.0.0.0
7efc5509e000-7efc550cf000 r-xp 00000000 08:08 1974804                    /usr/lib/x86_64-linux-gnu/libpng16.so.16.28.0
7efc550cf000-7efc552cf000 ---p 00031000 08:08 1974804                    /usr/lib/x86_64-linux-gnu/libpng16.so.16.28.0
7efc552cf000-7efc552d0000 r--p 00031000 08:08 1974804                    /usr/lib/x86_64-linux-gnu/libpng16.so.16.28.0
7efc552d0000-7efc552d1000 rw-p 00032000 08:08 1974804                    /usr/lib/x86_64-linux-gnu/libpng16.so.16.28.0
7efc552d1000-7efc5536f000 r-xp 00000000 08:08 1974787                    /usr/lib/x86_64-linux-gnu/libpixman-1.so.0.34.0
7efc5536f000-7efc5556f000 ---p 0009e000 08:08 1974787                    /usr/lib/x86_64-linux-gnu/libpixman-1.so.0.34.0
7efc5556f000-7efc55577000 r--p 0009e000 08:08 1974787                    /usr/lib/x86_64-linux-gnu/libpixman-1.so.0.34.0
7efc55577000-7efc55578000 rw-p 000a6000 08:08 1974787                    /usr/lib/x86_64-linux-gnu/libpixman-1.so.0.34.0
7efc55578000-7efc55589000 r-xp 00000000 08:08 1973534                    /usr/lib/x86_64-linux-gnu/libXext.so.6.4.0
7efc55589000-7efc55788000 ---p 00011000 08:08 1973534                    /usr/lib/x86_64-linux-gnu/libXext.so.6.4.0
7efc55788000-7efc55789000 r--p 00010000 08:08 1973534                    /usr/lib/x86_64-linux-gnu/libXext.so.6.4.0
7efc55789000-7efc5578a000 rw-p 00011000 08:08 1973534                    /usr/lib/x86_64-linux-gnu/libXext.so.6.4.0
7efc5578a000-7efc55794000 r-xp 00000000 08:08 1973528                    /usr/lib/x86_64-linux-gnu/libXcursor.so.1.0.2
7efc55794000-7efc55993000 ---p 0000a000 08:08 1973528                    /usr/lib/x86_64-linux-gnu/libXcursor.so.1.0.2
7efc55993000-7efc55994000 r--p 00009000 08:08 1973528                    /usr/lib/x86_64-linux-gnu/libXcursor.so.1.0.2
7efc55994000-7efc55995000 rw-p 0000a000 08:08 1973528                    /usr/lib/x86_64-linux-gnu/libXcursor.so.1.0.2
7efc55995000-7efc5599f000 r-xp 00000000 08:08 1973554                    /usr/lib/x86_64-linux-gnu/libXrandr.so.2.2.0
7efc5599f000-7efc55b9e000 ---p 0000a000 08:08 1973554                    /usr/lib/x86_64-linux-gnu/libXrandr.so.2.2.0
7efc55b9e000-7efc55b9f000 r--p 00009000 08:08 1973554                    /usr/lib/x86_64-linux-gnu/libXrandr.so.2.2.0
7efc55b9f000-7efc55ba0000 rw-p 0000a000 08:08 1973554                    /usr/lib/x86_64-linux-gnu/libXrandr.so.2.2.0
7efc55ba0000-7efc55baf000 r-xp 00000000 08:08 1973544                    /usr/lib/x86_64-linux-gnu/libXi.so.6.1.0
7efc55baf000-7efc55dae000 ---p 0000f000 08:08 1973544                    /usr/lib/x86_64-linux-gnu/libXi.so.6.1.0
7efc55dae000-7efc55daf000 r--p 0000e000 08:08 1973544                    /usr/lib/x86_64-linux-gnu/libXi.so.6.1.0
7efc55daf000-7efc55db0000 rw-p 0000f000 08:08 1973544                    /usr/lib/x86_64-linux-gnu/libXi.so.6.1.0
7efc55db0000-7efc55db2000 r-xp 00000000 08:08 1973546                    /usr/lib/x86_64-linux-gnu/libXinerama.so.1.0.0
7efc55db2000-7efc55fb1000 ---p 00002000 08:08 1973546                    /usr/lib/x86_64-linux-gnu/libXinerama.so.1.0.0
7efc55fb1000-7efc55fb2000 r--p 00001000 08:08 1973546                    /usr/lib/x86_64-linux-gnu/libXinerama.so.1.0.0
7efc55fb2000-7efc55fb3000 rw-p 00002000 08:08 1973546                    /usr/lib/x86_64-linux-gnu/libXinerama.so.1.0.0
7efc55fb3000-7efc55fbc000 r-xp 00000000 08:08 1973556                    /usr/lib/x86_64-linux-gnu/libXrender.so.1.3.0
7efc55fbc000-7efc561bb000 ---p 00009000 08:08 1973556                    /usr/lib/x86_64-linux-gnu/libXrender.so.1.3.0
7efc561bb000-7efc561bc000 r--p 00008000 08:08 1973556                    /usr/lib/x86_64-linux-gnu/libXrender.so.1.3.0
7efc561bc000-7efc561bd000 rw-p 00009000 08:08 1973556                    /usr/lib/x86_64-linux-gnu/libXrender.so.1.3.0
7efc561bd000-7efc561c2000 r-xp 00000000 08:08 1973536                    /usr/lib/x86_64-linux-gnu/libXfixes.so.3.1.0
7efc561c2000-7efc563c1000 ---p 00005000 08:08 1973536                    /usr/lib/x86_64-linux-gnu/libXfixes.so.3.1.0
7efc563c1000-7efc563c2000 r--p 00004000 08:08 1973536                    /usr/lib/x86_64-linux-gnu/libXfixes.so.3.1.0
7efc563c2000-7efc563c3000 rw-p 00005000 08:08 1973536                    /usr/lib/x86_64-linux-gnu/libXfixes.so.3.1.0
7efc563c3000-7efc563c5000 r-xp 00000000 08:08 1973530                    /usr/lib/x86_64-linux-gnu/libXdamage.so.1.1.0
7efc563c5000-7efc565c4000 ---p 00002000 08:08 1973530                    /usr/lib/x86_64-linux-gnu/libXdamage.so.1.1.0
7efc565c4000-7efc565c5000 r--p 00001000 08:08 1973530                    /usr/lib/x86_64-linux-gnu/libXdamage.so.1.1.0
7efc565c5000-7efc565c6000 rw-p 00002000 08:08 1973530                    /usr/lib/x86_64-linux-gnu/libXdamage.so.1.1.0
7efc565c6000-7efc565c8000 r-xp 00000000 08:08 1973526                    /usr/lib/x86_64-linux-gnu/libXcomposite.so.1.0.0
7efc565c8000-7efc567c7000 ---p 00002000 08:08 1973526                    /usr/lib/x86_64-linux-gnu/libXcomposite.so.1.0.0
7efc567c7000-7efc567c8000 r--p 00001000 08:08 1973526                    /usr/lib/x86_64-linux-gnu/libXcomposite.so.1.0.0
7efc567c8000-7efc567c9000 rw-p 00002000 08:08 1973526                    /usr/lib/x86_64-linux-gnu/libXcomposite.so.1.0.0
7efc567c9000-7efc567cc000 r-xp 00000000 08:08 1974072                    /usr/lib/x86_64-linux-gnu/libgmodule-2.0.so.0.5000.3
7efc567cc000-7efc569cb000 ---p 00003000 08:08 1974072                    /usr/lib/x86_64-linux-gnu/libgmodule-2.0.so.0.5000.3
7efc569cb000-7efc569cc000 r--p 00002000 08:08 1974072                    /usr/lib/x86_64-linux-gnu/libgmodule-2.0.so.0.5000.3
7efc569cc000-7efc569cd000 rw-p 00003000 08:08 1974072                    /usr/lib/x86_64-linux-gnu/libgmodule-2.0.so.0.5000.3
7efc569cd000-7efc56a42000 r-xp 00000000 08:08 1973258                    /usr/lib/x86_64-linux-gnu/libGL.so.1.7.0
7efc56a42000-7efc56c42000 ---p 00075000 08:08 1973258                    /usr/lib/x86_64-linux-gnu/libGL.so.1.7.0
7efc56c42000-7efc56c5c000 r--p 00075000 08:08 1973258                    /usr/lib/x86_64-linux-gnu/libGL.so.1.7.0
7efc56c5c000-7efc56c5d000 rw-p 0008f000 08:08 1973258                    /usr/lib/x86_64-linux-gnu/libGL.so.1.7.0
7efc56c5d000-7efc56c5e000 rw-p 00000000 00:00 0 
7efc56c5e000-7efc56c63000 r-xp 00000000 08:08 1973572                    /usr/lib/x86_64-linux-gnu/libXxf86vm.so.1.0.0
7efc56c63000-7efc56e62000 ---p 00005000 08:08 1973572                    /usr/lib/x86_64-linux-gnu/libXxf86vm.so.1.0.0
7efc56e62000-7efc56e63000 r--p 00004000 08:08 1973572                    /usr/lib/x86_64-linux-gnu/libXxf86vm.so.1.0.0
7efc56e63000-7efc56e64000 rw-p 00005000 08:08 1973572                    /usr/lib/x86_64-linux-gnu/libXxf86vm.so.1.0.0
7efc56e64000-7efc56f9e000 r-xp 00000000 08:08 1973517                    /usr/lib/x86_64-linux-gnu/libX11.so.6.3.0
7efc56f9e000-7efc5719e000 ---p 0013a000 08:08 1973517                    /usr/lib/x86_64-linux-gnu/libX11.so.6.3.0
7efc5719e000-7efc5719f000 r--p 0013a000 08:08 1973517                    /usr/lib/x86_64-linux-gnu/libX11.so.6.3.0
7efc5719f000-7efc571a4000 rw-p 0013b000 08:08 1973517                    /usr/lib/x86_64-linux-gnu/libX11.so.6.3.0
7efc571a4000-7efc571a9000 r-xp 00000000 08:08 1973562                    /usr/lib/x86_64-linux-gnu/libXtst.so.6.1.0
7efc571a9000-7efc573a8000 ---p 00005000 08:08 1973562                    /usr/lib/x86_64-linux-gnu/libXtst.so.6.1.0
7efc573a8000-7efc573a9000 r--p 00004000 08:08 1973562                    /usr/lib/x86_64-linux-gnu/libXtst.so.6.1.0
7efc573a9000-7efc573aa000 rw-p 00005000 08:08 1973562                    /usr/lib/x86_64-linux-gnu/libXtst.so.6.1.0
7efc573aa000-7efc574bc000 r-xp 00000000 08:08 1974060                    /usr/lib/x86_64-linux-gnu/libglib-2.0.so.0.5000.3
7efc574bc000-7efc576bb000 ---p 00112000 08:08 1974060                    /usr/lib/x86_64-linux-gnu/libglib-2.0.so.0.5000.3
7efc576bb000-7efc576bc000 r--p 00111000 08:08 1974060                    /usr/lib/x86_64-linux-gnu/libglib-2.0.so.0.5000.3
7efc576bc000-7efc576bd000 rw-p 00112000 08:08 1974060                    /usr/lib/x86_64-linux-gnu/libglib-2.0.so.0.5000.3
7efc576bd000-7efc576be000 rw-p 00000000 00:00 0 
7efc576be000-7efc576bf000 r-xp 00000000 08:08 1974280                    /usr/lib/x86_64-linux-gnu/libgthread-2.0.so.0.5000.3
7efc576bf000-7efc578be000 ---p 00001000 08:08 1974280                    /usr/lib/x86_64-linux-gnu/libgthread-2.0.so.0.5000.3
7efc578be000-7efc578bf000 r--p 00000000 08:08 1974280                    /usr/lib/x86_64-linux-gnu/libgthread-2.0.so.0.5000.3
7efc578bf000-7efc578c0000 rw-p 00001000 08:08 1974280                    /usr/lib/x86_64-linux-gnu/libgthread-2.0.so.0.5000.3
7efc578c0000-7efc57968000 r-xp 00000000 08:08 1973996                    /usr/lib/x86_64-linux-gnu/libfreetype.so.6.12.3
7efc57968000-7efc57b68000 ---p 000a8000 08:08 1973996                    /usr/lib/x86_64-linux-gnu/libfreetype.so.6.12.3
7efc57b68000-7efc57b6e000 r--p 000a8000 08:08 1973996                    /usr/lib/x86_64-linux-gnu/libfreetype.so.6.12.3
7efc57b6e000-7efc57b6f000 rw-p 000ae000 08:08 1973996                    /usr/lib/x86_64-linux-gnu/libfreetype.so.6.12.3
7efc57b6f000-7efc57bab000 r-xp 00000000 08:08 1973982                    /usr/lib/x86_64-linux-gnu/libfontconfig.so.1.8.0
7efc57bab000-7efc57daa000 ---p 0003c000 08:08 1973982                    /usr/lib/x86_64-linux-gnu/libfontconfig.so.1.8.0
7efc57daa000-7efc57dac000 r--p 0003b000 08:08 1973982                    /usr/lib/x86_64-linux-gnu/libfontconfig.so.1.8.0
7efc57dac000-7efc57dad000 rw-p 0003d000 08:08 1973982                    /usr/lib/x86_64-linux-gnu/libfontconfig.so.1.8.0
7efc57dad000-7efc57dff000 r-xp 00000000 08:08 1974112                    /usr/lib/x86_64-linux-gnu/libgobject-2.0.so.0.5000.3
7efc57dff000-7efc57ffe000 ---p 00052000 08:08 1974112                    /usr/lib/x86_64-linux-gnu/libgobject-2.0.so.0.5000.3
7efc57ffe000-7efc57fff000 r--p 00051000 08:08 1974112                    /usr/lib/x86_64-linux-gnu/libgobject-2.0.so.0.5000.3
7efc57fff000-7efc58000000 rw-p 00052000 08:08 1974112                    /usr/lib/x86_64-linux-gnu/libgobject-2.0.so.0.5000.3
7efc58000000-7efc58021000 rw-p 00000000 00:00 0 
7efc58021000-7efc5c000000 ---p 00000000 00:00 0 
7efc5c000000-7efc5d8fd000 rw-p 00000000 00:00 0 
7efc5d8fd000-7efc60000000 ---p 00000000 00:00 0 
7efc60000000-7efc603cb000 rw-p 00000000 00:00 0 
7efc603cb000-7efc64000000 ---p 00000000 00:00 0 
7efc64000000-7efc64021000 rw-p 00000000 00:00 0 
7efc64021000-7efc68000000 ---p 00000000 00:00 0 
7efc68000000-7efc68021000 rw-p 00000000 00:00 0 
7efc68021000-7efc6c000000 ---p 00000000 00:00 0 
7efc6c000000-7efc6c2a9000 rw-p 00000000 00:00 0 
7efc6c2a9000-7efc70000000 ---p 00000000 00:00 0 
7efc70000000-7efc70021000 rw-p 00000000 00:00 0 
7efc70021000-7efc74000000 ---p 00000000 00:00 0 
7efc74000000-7efc74021000 rw-p 00000000 00:00 0 
7efc74021000-7efc78000000 ---p 00000000 00:00 0 
7efc78000000-7efc78021000 rw-p 00000000 00:00 0 
7efc78021000-7efc7c000000 ---p 00000000 00:00 0 
7efc7c000000-7efc7c021000 rw-p 00000000 00:00 0 
7efc7c021000-7efc80000000 ---p 00000000 00:00 0 
7efc80000000-7efc80021000 rw-p 00000000 00:00 0 
7efc80021000-7efc84000000 ---p 00000000 00:00 0 
7efc84000000-7efc84003000 r--s 00000000 08:08 1572931                    /var/cache/fontconfig/e13b20fdb08344e0e664864cc2ede53d-le64.cache-4
7efc84003000-7efc84008000 r--s 0009d000 08:08 1715201                    /usr/lib/jvm/java-8-openjdk-amd64/jre/lib/jsse.jar
7efc84008000-7efc84149000 rw-s 00000000 08:09 12845132                   /home/atomx/.cache/mesa_shader_cache/index
7efc84149000-7efc84192000 r-xp 00000000 08:08 1974732                    /usr/lib/x86_64-linux-gnu/libpango-1.0.so.0.4000.5
7efc84192000-7efc84391000 ---p 00049000 08:08 1974732                    /usr/lib/x86_64-linux-gnu/libpango-1.0.so.0.4000.5
7efc84391000-7efc84394000 r--p 00048000 08:08 1974732                    /usr/lib/x86_64-linux-gnu/libpango-1.0.so.0.4000.5
7efc84394000-7efc84395000 rw-p 0004b000 08:08 1974732                    /usr/lib/x86_64-linux-gnu/libpango-1.0.so.0.4000.5
7efc84395000-7efc843a9000 r-xp 00000000 08:08 1974736                    /usr/lib/x86_64-linux-gnu/libpangoft2-1.0.so.0.4000.5
7efc843a9000-7efc845a9000 ---p 00014000 08:08 1974736                    /usr/lib/x86_64-linux-gnu/libpangoft2-1.0.so.0.4000.5
7efc845a9000-7efc845aa000 r--p 00014000 08:08 1974736                    /usr/lib/x86_64-linux-gnu/libpangoft2-1.0.so.0.4000.5
7efc845aa000-7efc845ab000 rw-p 00015000 08:08 1974736                    /usr/lib/x86_64-linux-gnu/libpangoft2-1.0.so.0.4000.5
7efc845ab000-7efc84738000 r-xp 00000000 08:08 1974048                    /usr/lib/x86_64-linux-gnu/libgio-2.0.so.0.5000.3
7efc84738000-7efc84938000 ---p 0018d000 08:08 1974048                    /usr/lib/x86_64-linux-gnu/libgio-2.0.so.0.5000.3
7efc84938000-7efc8493d000 r--p 0018d000 08:08 1974048                    /usr/lib/x86_64-linux-gnu/libgio-2.0.so.0.5000.3
7efc8493d000-7efc84940000 rw-p 00192000 08:08 1974048                    /usr/lib/x86_64-linux-gnu/libgio-2.0.so.0.5000.3
7efc84940000-7efc84941000 rw-p 00000000 00:00 0 
7efc84941000-7efc84963000 r-xp 00000000 08:08 1974034                    /usr/lib/x86_64-linux-gnu/libgdk_pixbuf-2.0.so.0.3600.5
7efc84963000-7efc84b63000 ---p 00022000 08:08 1974034                    /usr/lib/x86_64-linux-gnu/libgdk_pixbuf-2.0.so.0.3600.5
7efc84b63000-7efc84b64000 r--p 00022000 08:08 1974034                    /usr/lib/x86_64-linux-gnu/libgdk_pixbuf-2.0.so.0.3600.5
7efc84b64000-7efc84b65000 rw-p 00023000 08:08 1974034                    /usr/lib/x86_64-linux-gnu/libgdk_pixbuf-2.0.so.0.3600.5
7efc84b65000-7efc84c73000 r-xp 00000000 08:08 1973694                    /usr/lib/x86_64-linux-gnu/libcairo.so.2.11400.8
7efc84c73000-7efc84e73000 ---p 0010e000 08:08 1973694                    /usr/lib/x86_64-linux-gnu/libcairo.so.2.11400.8
7efc84e73000-7efc84e76000 r--p 0010e000 08:08 1973694                    /usr/lib/x86_64-linux-gnu/libcairo.so.2.11400.8
7efc84e76000-7efc84e77000 rw-p 00111000 08:08 1973694                    /usr/lib/x86_64-linux-gnu/libcairo.so.2.11400.8
7efc84e77000-7efc84e79000 rw-p 00000000 00:00 0 
7efc84e79000-7efc84e9c000 r-xp 00000000 08:08 1973616                    /usr/lib/x86_64-linux-gnu/libatk-1.0.so.0.22209.1
7efc84e9c000-7efc8509b000 ---p 00023000 08:08 1973616                    /usr/lib/x86_64-linux-gnu/libatk-1.0.so.0.22209.1
7efc8509b000-7efc8509e000 r--p 00022000 08:08 1973616                    /usr/lib/x86_64-linux-gnu/libatk-1.0.so.0.22209.1
7efc8509e000-7efc8509f000 rw-p 00025000 08:08 1973616                    /usr/lib/x86_64-linux-gnu/libatk-1.0.so.0.22209.1
7efc8509f000-7efc850ab000 r-xp 00000000 08:08 1974734                    /usr/lib/x86_64-linux-gnu/libpangocairo-1.0.so.0.4000.5
7efc850ab000-7efc852aa000 ---p 0000c000 08:08 1974734                    /usr/lib/x86_64-linux-gnu/libpangocairo-1.0.so.0.4000.5
7efc852aa000-7efc852ab000 r--p 0000b000 08:08 1974734                    /usr/lib/x86_64-linux-gnu/libpangocairo-1.0.so.0.4000.5
7efc852ab000-7efc852ac000 rw-p 0000c000 08:08 1974734                    /usr/lib/x86_64-linux-gnu/libpangocairo-1.0.so.0.4000.5
7efc852ac000-7efc8535c000 r-xp 00000000 08:08 1974032                    /usr/lib/x86_64-linux-gnu/libgdk-x11-2.0.so.0.2400.31
7efc8535c000-7efc8555b000 ---p 000b0000 08:08 1974032                    /usr/lib/x86_64-linux-gnu/libgdk-x11-2.0.so.0.2400.31
7efc8555b000-7efc8555f000 r--p 000af000 08:08 1974032                    /usr/lib/x86_64-linux-gnu/libgdk-x11-2.0.so.0.2400.31
7efc8555f000-7efc85561000 rw-p 000b3000 08:08 1974032                    /usr/lib/x86_64-linux-gnu/libgdk-x11-2.0.so.0.2400.31
7efc85561000-7efc859a1000 r-xp 00000000 08:08 1974286                    /usr/lib/x86_64-linux-gnu/libgtk-x11-2.0.so.0.2400.31
7efc859a1000-7efc85ba0000 ---p 00440000 08:08 1974286                    /usr/lib/x86_64-linux-gnu/libgtk-x11-2.0.so.0.2400.31
7efc85ba0000-7efc85ba7000 r--p 0043f000 08:08 1974286                    /usr/lib/x86_64-linux-gnu/libgtk-x11-2.0.so.0.2400.31
7efc85ba7000-7efc85bab000 rw-p 00446000 08:08 1974286                    /usr/lib/x86_64-linux-gnu/libgtk-x11-2.0.so.0.2400.31
7efc85bab000-7efc85bae000 rw-p 00000000 00:00 0 
7efc85bae000-7efc85baf000 rw-s 00000000 00:18 150                        /i915 (deleted)
7efc85baf000-7efc85bb0000 r--s 00000000 08:08 1572912                    /var/cache/fontconfig/16c2fda60d1b4b719f4b3d06fd951d25-le64.cache-4
7efc85bb0000-7efc85bb1000 r--s 00000000 08:08 1590384                    /var/cache/fontconfig/2736766d4907c6828b9382ebdbe3064b-le64.cache-4
7efc85bb1000-7efc85bb5000 rw-s 00000000 00:18 42                         /i915 (deleted)
7efc85bb5000-7efc85bba000 rw-s 00000000 00:18 108                        /i915 (deleted)
7efc85bba000-7efc85bbe000 rw-s 00000000 00:18 145                        /i915 (deleted)
7efc85bbe000-7efc85bc2000 rw-s 00000000 00:18 62                         /i915 (deleted)
7efc85bc2000-7efc85bc7000 rw-s 00000000 00:18 59                         /i915 (deleted)
7efc85bc7000-7efc85bd3000 r-xp 00000000 08:08 1717405                    /usr/lib/jvm/java-8-openjdk-amd64/jre/lib/amd64/libprism_es2.so
7efc85bd3000-7efc85dd2000 ---p 0000c000 08:08 1717405                    /usr/lib/jvm/java-8-openjdk-amd64/jre/lib/amd64/libprism_es2.so
7efc85dd2000-7efc85dd3000 r--p 0000b000 08:08 1717405                    /usr/lib/jvm/java-8-openjdk-amd64/jre/lib/amd64/libprism_es2.so
7efc85dd3000-7efc85dd4000 rw-p 0000c000 08:08 1717405                    /usr/lib/jvm/java-8-openjdk-amd64/jre/lib/amd64/libprism_es2.so
7efc85dd4000-7efc85dd7000 ---p 00000000 00:00 0 
7efc85dd7000-7efc85ed5000 rw-p 00000000 00:00 0 
7efc85ed5000-7efc85f6b000 r--s 007ce000 08:08 2654625                    /usr/share/java/openjfx/jre/lib/ext/jfxrt.jar
7efc85f6b000-7efc85f86000 r--s 001d6000 08:08 1715183                    /usr/lib/jvm/java-8-openjdk-amd64/jre/lib/ext/nashorn.jar
7efc85f86000-7efc85fa1000 r--s 00394000 08:08 1715178                    /usr/lib/jvm/java-8-openjdk-amd64/jre/lib/ext/cldrdata.jar
7efc85fa1000-7efc85fa2000 ---p 00000000 00:00 0 
7efc85fa2000-7efc860a2000 rw-p 00000000 00:00 0 
7efc860a2000-7efc860a5000 ---p 00000000 00:00 0 
7efc860a5000-7efc861a3000 rw-p 00000000 00:00 0 
7efc861a3000-7efc861a6000 ---p 00000000 00:00 0 
7efc861a6000-7efc862a4000 rw-p 00000000 00:00 0 
7efc862a4000-7efc862a7000 ---p 00000000 00:00 0 
7efc862a7000-7efc863a5000 rw-p 00000000 00:00 0 
7efc863a5000-7efc863a8000 ---p 00000000 00:00 0 
7efc863a8000-7efc864a6000 rw-p 00000000 00:00 0 
7efc864a6000-7efc86641000 r--p 00000000 08:08 1711771                    /usr/lib/locale/locale-archive
7efc86641000-7efc86644000 ---p 00000000 00:00 0 
7efc86644000-7efc86742000 rw-p 00000000 00:00 0 
7efc86742000-7efc86745000 ---p 00000000 00:00 0 
7efc86745000-7efc86843000 rw-p 00000000 00:00 0 
7efc86843000-7efc86844000 ---p 00000000 00:00 0 
7efc86844000-7efc8726e000 rw-p 00000000 00:00 0 
7efc8726e000-7efc8743d000 r--s 03c33000 08:08 1715207                    /usr/lib/jvm/java-8-openjdk-amd64/jre/lib/rt.jar
7efc8743d000-7efc8bdb6000 rw-p 00000000 00:00 0 
7efc8bdb6000-7efc8bdb7000 ---p 00000000 00:00 0 
7efc8bdb7000-7efc8beb7000 rw-p 00000000 00:00 0 
7efc8beb7000-7efc8beb8000 ---p 00000000 00:00 0 
7efc8beb8000-7efc8bfe2000 rw-p 00000000 00:00 0 
7efc8bfe2000-7efc8c245000 ---p 00000000 00:00 0 
7efc8c245000-7efc8c26f000 rw-p 00000000 00:00 0 
7efc8c26f000-7efc8c4d1000 ---p 00000000 00:00 0 
7efc8c4d1000-7efc8c4f6000 rw-p 00000000 00:00 0 
7efc8c4f6000-7efc8c618000 ---p 00000000 00:00 0 
7efc8c618000-7efc8c631000 rw-p 00000000 00:00 0 
7efc8c631000-7efc8c9d9000 ---p 00000000 00:00 0 
7efc8c9d9000-7efc8cfc9000 rwxp 00000000 00:00 0 
7efc8cfc9000-7efc9b9d9000 ---p 00000000 00:00 0 
7efc9b9d9000-7efc9b9e1000 r-xp 00000000 08:08 1715164                    /usr/lib/jvm/java-8-openjdk-amd64/jre/lib/amd64/libzip.so
7efc9b9e1000-7efc9bbe0000 ---p 00008000 08:08 1715164                    /usr/lib/jvm/java-8-openjdk-amd64/jre/lib/amd64/libzip.so
7efc9bbe0000-7efc9bbe1000 r--p 00007000 08:08 1715164                    /usr/lib/jvm/java-8-openjdk-amd64/jre/lib/amd64/libzip.so
7efc9bbe1000-7efc9bbe2000 rw-p 00008000 08:08 1715164                    /usr/lib/jvm/java-8-openjdk-amd64/jre/lib/amd64/libzip.so
7efc9bbe2000-7efc9bbec000 r-xp 00000000 08:08 1974648                    /usr/lib/x86_64-linux-gnu/libnss_files-2.24.so
7efc9bbec000-7efc9bdec000 ---p 0000a000 08:08 1974648                    /usr/lib/x86_64-linux-gnu/libnss_files-2.24.so
7efc9bdec000-7efc9bded000 r--p 0000a000 08:08 1974648                    /usr/lib/x86_64-linux-gnu/libnss_files-2.24.so
7efc9bded000-7efc9bdee000 rw-p 0000b000 08:08 1974648                    /usr/lib/x86_64-linux-gnu/libnss_files-2.24.so
7efc9bdee000-7efc9bdf4000 rw-p 00000000 00:00 0 
7efc9bdf4000-7efc9bdff000 r-xp 00000000 08:08 1974654                    /usr/lib/x86_64-linux-gnu/libnss_nis-2.24.so
7efc9bdff000-7efc9bffe000 ---p 0000b000 08:08 1974654                    /usr/lib/x86_64-linux-gnu/libnss_nis-2.24.so
7efc9bffe000-7efc9bfff000 r--p 0000a000 08:08 1974654                    /usr/lib/x86_64-linux-gnu/libnss_nis-2.24.so
7efc9bfff000-7efc9c000000 rw-p 0000b000 08:08 1974654                    /usr/lib/x86_64-linux-gnu/libnss_nis-2.24.so
7efc9c000000-7efc9c290000 rw-p 00000000 00:00 0 
7efc9c290000-7efca0000000 ---p 00000000 00:00 0 
7efca0000000-7efca006f000 rw-p 00000000 00:00 0 
7efca006f000-7efca0083000 r-xp 00000000 08:08 1974636                    /usr/lib/x86_64-linux-gnu/libnsl-2.24.so
7efca0083000-7efca0283000 ---p 00014000 08:08 1974636                    /usr/lib/x86_64-linux-gnu/libnsl-2.24.so
7efca0283000-7efca0284000 r--p 00014000 08:08 1974636                    /usr/lib/x86_64-linux-gnu/libnsl-2.24.so
7efca0284000-7efca0285000 rw-p 00015000 08:08 1974636                    /usr/lib/x86_64-linux-gnu/libnsl-2.24.so
7efca0285000-7efca0287000 rw-p 00000000 00:00 0 
7efca0287000-7efca028e000 r-xp 00000000 08:08 1974642                    /usr/lib/x86_64-linux-gnu/libnss_compat-2.24.so
7efca028e000-7efca048d000 ---p 00007000 08:08 1974642                    /usr/lib/x86_64-linux-gnu/libnss_compat-2.24.so
7efca048d000-7efca048e000 r--p 00006000 08:08 1974642                    /usr/lib/x86_64-linux-gnu/libnss_compat-2.24.so
7efca048e000-7efca048f000 rw-p 00007000 08:08 1974642                    /usr/lib/x86_64-linux-gnu/libnss_compat-2.24.so
7efca048f000-7efca04bc000 r-xp 00000000 08:08 1715145                    /usr/lib/jvm/java-8-openjdk-amd64/jre/lib/amd64/libjava.so
7efca04bc000-7efca06bc000 ---p 0002d000 08:08 1715145                    /usr/lib/jvm/java-8-openjdk-amd64/jre/lib/amd64/libjava.so
7efca06bc000-7efca06bd000 r--p 0002d000 08:08 1715145                    /usr/lib/jvm/java-8-openjdk-amd64/jre/lib/amd64/libjava.so
7efca06bd000-7efca06bf000 rw-p 0002e000 08:08 1715145                    /usr/lib/jvm/java-8-openjdk-amd64/jre/lib/amd64/libjava.so
7efca06bf000-7efca06ce000 r-xp 00000000 08:08 1715163                    /usr/lib/jvm/java-8-openjdk-amd64/jre/lib/amd64/libverify.so
7efca06ce000-7efca08ce000 ---p 0000f000 08:08 1715163                    /usr/lib/jvm/java-8-openjdk-amd64/jre/lib/amd64/libverify.so
7efca08ce000-7efca08d0000 r--p 0000f000 08:08 1715163                    /usr/lib/jvm/java-8-openjdk-amd64/jre/lib/amd64/libverify.so
7efca08d0000-7efca08d1000 rw-p 00011000 08:08 1715163                    /usr/lib/jvm/java-8-openjdk-amd64/jre/lib/amd64/libverify.so
7efca08d1000-7efca08d8000 r-xp 00000000 08:08 1974898                    /usr/lib/x86_64-linux-gnu/librt-2.24.so
7efca08d8000-7efca0ad7000 ---p 00007000 08:08 1974898                    /usr/lib/x86_64-linux-gnu/librt-2.24.so
7efca0ad7000-7efca0ad8000 r--p 00006000 08:08 1974898                    /usr/lib/x86_64-linux-gnu/librt-2.24.so
7efca0ad8000-7efca0ad9000 rw-p 00007000 08:08 1974898                    /usr/lib/x86_64-linux-gnu/librt-2.24.so
7efca0ad9000-7efca0aef000 r-xp 00000000 08:08 1974006                    /usr/lib/x86_64-linux-gnu/libgcc_s.so.1
7efca0aef000-7efca0cee000 ---p 00016000 08:08 1974006                    /usr/lib/x86_64-linux-gnu/libgcc_s.so.1
7efca0cee000-7efca0cef000 r--p 00015000 08:08 1974006                    /usr/lib/x86_64-linux-gnu/libgcc_s.so.1
7efca0cef000-7efca0cf0000 rw-p 00016000 08:08 1974006                    /usr/lib/x86_64-linux-gnu/libgcc_s.so.1
7efca0cf0000-7efca0df3000 r-xp 00000000 08:08 1974512                    /usr/lib/x86_64-linux-gnu/libm-2.24.so
7efca0df3000-7efca0ff2000 ---p 00103000 08:08 1974512                    /usr/lib/x86_64-linux-gnu/libm-2.24.so
7efca0ff2000-7efca0ff3000 r--p 00102000 08:08 1974512                    /usr/lib/x86_64-linux-gnu/libm-2.24.so
7efca0ff3000-7efca0ff4000 rw-p 00103000 08:08 1974512                    /usr/lib/x86_64-linux-gnu/libm-2.24.so
7efca0ff4000-7efca1166000 r-xp 00000000 08:08 1975001                    /usr/lib/x86_64-linux-gnu/libstdc++.so.6.0.22
7efca1166000-7efca1366000 ---p 00172000 08:08 1975001                    /usr/lib/x86_64-linux-gnu/libstdc++.so.6.0.22
7efca1366000-7efca1370000 r--p 00172000 08:08 1975001                    /usr/lib/x86_64-linux-gnu/libstdc++.so.6.0.22
7efca1370000-7efca1372000 rw-p 0017c000 08:08 1975001                    /usr/lib/x86_64-linux-gnu/libstdc++.so.6.0.22
7efca1372000-7efca1376000 rw-p 00000000 00:00 0 
7efca1376000-7efca1fd5000 r-xp 00000000 08:08 1715167                    /usr/lib/jvm/java-8-openjdk-amd64/jre/lib/amd64/server/libjvm.so
7efca1fd5000-7efca21d4000 ---p 00c5f000 08:08 1715167                    /usr/lib/jvm/java-8-openjdk-amd64/jre/lib/amd64/server/libjvm.so
7efca21d4000-7efca2268000 r--p 00c5e000 08:08 1715167                    /usr/lib/jvm/java-8-openjdk-amd64/jre/lib/amd64/server/libjvm.so
7efca2268000-7efca2291000 rw-p 00cf2000 08:08 1715167                    /usr/lib/jvm/java-8-openjdk-amd64/jre/lib/amd64/server/libjvm.so
7efca2291000-7efca22c1000 rw-p 00000000 00:00 0 
7efca22c1000-7efca2456000 r-xp 00000000 08:08 1973682                    /usr/lib/x86_64-linux-gnu/libc-2.24.so
7efca2456000-7efca2656000 ---p 00195000 08:08 1973682                    /usr/lib/x86_64-linux-gnu/libc-2.24.so
7efca2656000-7efca265a000 r--p 00195000 08:08 1973682                    /usr/lib/x86_64-linux-gnu/libc-2.24.so
7efca265a000-7efca265c000 rw-p 00199000 08:08 1973682                    /usr/lib/x86_64-linux-gnu/libc-2.24.so
7efca265c000-7efca2660000 rw-p 00000000 00:00 0 
7efca2660000-7efca2663000 r-xp 00000000 08:08 1973821                    /usr/lib/x86_64-linux-gnu/libdl-2.24.so
7efca2663000-7efca2862000 ---p 00003000 08:08 1973821                    /usr/lib/x86_64-linux-gnu/libdl-2.24.so
7efca2862000-7efca2863000 r--p 00002000 08:08 1973821                    /usr/lib/x86_64-linux-gnu/libdl-2.24.so
7efca2863000-7efca2864000 rw-p 00003000 08:08 1973821                    /usr/lib/x86_64-linux-gnu/libdl-2.24.so
7efca2864000-7efca2871000 r-xp 00000000 08:08 1715131                    /usr/lib/jvm/java-8-openjdk-amd64/jre/lib/amd64/jli/libjli.so
7efca2871000-7efca2a71000 ---p 0000d000 08:08 1715131                    /usr/lib/jvm/java-8-openjdk-amd64/jre/lib/amd64/jli/libjli.so
7efca2a71000-7efca2a72000 r--p 0000d000 08:08 1715131                    /usr/lib/jvm/java-8-openjdk-amd64/jre/lib/amd64/jli/libjli.so
7efca2a72000-7efca2a73000 rw-p 0000e000 08:08 1715131                    /usr/lib/jvm/java-8-openjdk-amd64/jre/lib/amd64/jli/libjli.so
7efca2a73000-7efca2a8c000 r-xp 00000000 08:08 1975262                    /usr/lib/x86_64-linux-gnu/libz.so.1.2.8
7efca2a8c000-7efca2c8b000 ---p 00019000 08:08 1975262                    /usr/lib/x86_64-linux-gnu/libz.so.1.2.8
7efca2c8b000-7efca2c8c000 r--p 00018000 08:08 1975262                    /usr/lib/x86_64-linux-gnu/libz.so.1.2.8
7efca2c8c000-7efca2c8d000 rw-p 00019000 08:08 1975262                    /usr/lib/x86_64-linux-gnu/libz.so.1.2.8
7efca2c8d000-7efca2ca5000 r-xp 00000000 08:08 1974838                    /usr/lib/x86_64-linux-gnu/libpthread-2.24.so
7efca2ca5000-7efca2ea4000 ---p 00018000 08:08 1974838                    /usr/lib/x86_64-linux-gnu/libpthread-2.24.so
7efca2ea4000-7efca2ea5000 r--p 00017000 08:08 1974838                    /usr/lib/x86_64-linux-gnu/libpthread-2.24.so
7efca2ea5000-7efca2ea6000 rw-p 00018000 08:08 1974838                    /usr/lib/x86_64-linux-gnu/libpthread-2.24.so
7efca2ea6000-7efca2eaa000 rw-p 00000000 00:00 0 
7efca2eaa000-7efca2ecd000 r-xp 00000000 08:08 1973230                    /usr/lib/x86_64-linux-gnu/ld-2.24.so
7efca2ecd000-7efca2ece000 r--s 00008000 08:09 13369446                   /home/atomx/.eclipse/org.eclipse.platform_4.12.0_1473617060_linux_gtk_x86_64/plugins/org.eclipse.fx.ide.css.jfx8_3.5.0.201902220800.jar
7efca2ecf000-7efca2ed0000 rwxp 00000000 00:00 0 
7efca2ed0000-7efca2ed4000 rw-s 00000000 00:18 73                         /i915 (deleted)
7efca2ed4000-7efca2ed7000 r--s 0000f000 08:08 1715180                    /usr/lib/jvm/java-8-openjdk-amd64/jre/lib/ext/icedtea-sound.jar
7efca2ed7000-7efca2ed9000 r--s 00001000 08:08 1715179                    /usr/lib/jvm/java-8-openjdk-amd64/jre/lib/ext/dnsns.jar
7efca2ed9000-7efca2edb000 r--s 00008000 08:08 1715184                    /usr/lib/jvm/java-8-openjdk-amd64/jre/lib/ext/sunec.jar
7efca2edb000-7efca2ee1000 r--s 0003b000 08:08 1715185                    /usr/lib/jvm/java-8-openjdk-amd64/jre/lib/ext/sunjce_provider.jar
7efca2ee1000-7efca2ee3000 r--s 00007000 08:08 2654545                    /usr/share/java/java-atk-wrapper.jar
7efca2ee3000-7efca2fae000 rw-p 00000000 00:00 0 
7efca2fae000-7efca2fb1000 ---p 00000000 00:00 0 
7efca2fb1000-7efca30b1000 rw-p 00000000 00:00 0 
7efca30b1000-7efca30b2000 r--s 00010000 08:08 1715187                    /usr/lib/jvm/java-8-openjdk-amd64/jre/lib/ext/zipfs.jar
7efca30b2000-7efca30b3000 r--s 0000a000 08:08 1715181                    /usr/lib/jvm/java-8-openjdk-amd64/jre/lib/ext/jaccess.jar
7efca30b3000-7efca30b6000 r--s 00038000 08:08 1715186                    /usr/lib/jvm/java-8-openjdk-amd64/jre/lib/ext/sunpkcs11.jar
7efca30b6000-7efca30c0000 r--s 00116000 08:08 1715182                    /usr/lib/jvm/java-8-openjdk-amd64/jre/lib/ext/localedata.jar
7efca30c0000-7efca30c8000 rw-s 00000000 08:08 2104380                    /tmp/hsperfdata_atomx/26435
7efca30c8000-7efca30c9000 rw-p 00000000 00:00 0 
7efca30c9000-7efca30ca000 r--p 00000000 00:00 0 
7efca30ca000-7efca30cd000 rw-p 00000000 00:00 0 
7efca30cd000-7efca30ce000 r--p 00023000 08:08 1973230                    /usr/lib/x86_64-linux-gnu/ld-2.24.so
7efca30ce000-7efca30cf000 rw-p 00024000 08:08 1973230                    /usr/lib/x86_64-linux-gnu/ld-2.24.so
7efca30cf000-7efca30d0000 rw-p 00000000 00:00 0 
7fffd9c83000-7fffd9ca4000 rw-p 00000000 00:00 0                          [stack]
7fffd9d05000-7fffd9d08000 r--p 00000000 00:00 0                          [vvar]
7fffd9d08000-7fffd9d0a000 r-xp 00000000 00:00 0                          [vdso]
ffffffffff600000-ffffffffff601000 r-xp 00000000 00:00 0                  [vsyscall]

VM Arguments:
jvm_args: -Dfile.encoding=UTF-8 
java_command: application.Main
java_class_path (initial): /home/atomx/eclipse-workspace/Library/bin:/home/atomx/.eclipse/org.eclipse.platform_4.12.0_1473617060_linux_gtk_x86_64/plugins/org.eclipse.fx.ide.css.jfx8_3.5.0.201902220800.jar:/home/atomx/eclipse-workspace/Library/lib/jfxrt.jar:/home/atomx/eclipse-workspace/Library/lib/mysql-connector-java-8.0.17.jar
Launcher Type: SUN_STANDARD

Environment Variables:
PATH=/usr/local/bin:/usr/bin:/bin:/usr/local/games:/usr/games:/sbin:/usr/sbin
SHELL=/bin/bash
DISPLAY=:0

Signal Handlers:
SIGSEGV: [libjvm.so+0xa74b40], sa_mask[0]=11111111011111111101111111111110, sa_flags=SA_RESTART|SA_SIGINFO
SIGBUS: [libjvm.so+0xa74b40], sa_mask[0]=11111111011111111101111111111110, sa_flags=SA_RESTART|SA_SIGINFO
SIGFPE: [libjvm.so+0x8bd510], sa_mask[0]=11111111011111111101111111111110, sa_flags=SA_RESTART|SA_SIGINFO
SIGPIPE: SIG_IGN, sa_mask[0]=00000000000010000000000000000000, sa_flags=SA_RESTART
SIGXFSZ: [libjvm.so+0x8bd510], sa_mask[0]=11111111011111111101111111111110, sa_flags=SA_RESTART|SA_SIGINFO
SIGILL: [libjvm.so+0x8bd510], sa_mask[0]=11111111011111111101111111111110, sa_flags=SA_RESTART|SA_SIGINFO
SIGUSR1: SIG_DFL, sa_mask[0]=00000000000000000000000000000000, sa_flags=none
SIGUSR2: [libjvm.so+0x8bd3c0], sa_mask[0]=00100000000000000000000000000000, sa_flags=SA_RESTART|SA_SIGINFO
SIGHUP: SIG_IGN, sa_mask[0]=00000000000000000000000000000000, sa_flags=none
SIGINT: [libjvm.so+0x8bd870], sa_mask[0]=11111111011111111101111111111110, sa_flags=SA_RESTART|SA_SIGINFO
SIGTERM: [libjvm.so+0x8bd870], sa_mask[0]=11111111011111111101111111111110, sa_flags=SA_RESTART|SA_SIGINFO
SIGQUIT: [libjvm.so+0x8bd870], sa_mask[0]=11111111011111111101111111111110, sa_flags=SA_RESTART|SA_SIGINFO


---------------  S Y S T E M  ---------------

OS:DISTRIB_ID=Deepin
DISTRIB_RELEASE="15.11"
DISTRIB_DESCRIPTION="Deepin 15.11 "
DISTRIB_CODENAME=stable

uname:Linux 4.15.0-30deepin-generic #31 SMP Fri Nov 30 04:29:02 UTC 2018 x86_64
libc:glibc 2.24 NPTL 2.24 
rlimit: STACK 8192k, CORE 0k, NPROC 30921, NOFILE 1048576, AS infinity
load average:1.68 1.27 1.31

/proc/meminfo:
MemTotal:        8018944 kB
MemFree:         1723160 kB
MemAvailable:    4420860 kB
Buffers:          391960 kB
Cached:          2551268 kB
SwapCached:            0 kB
Active:          4518512 kB
Inactive:        1377060 kB
Active(anon):    2953808 kB
Inactive(anon):   144416 kB
Active(file):    1564704 kB
Inactive(file):  1232644 kB
Unevictable:          96 kB
Mlocked:              96 kB
SwapTotal:       2097148 kB
SwapFree:        2097148 kB
Dirty:               908 kB
Writeback:             0 kB
AnonPages:       2952428 kB
Mapped:           554720 kB
Shmem:            145892 kB
Slab:             276528 kB
SReclaimable:     210416 kB
SUnreclaim:        66112 kB
KernelStack:       13104 kB
PageTables:        49100 kB
NFS_Unstable:          0 kB
Bounce:                0 kB
WritebackTmp:          0 kB
CommitLimit:     6106620 kB
Committed_AS:    8985180 kB
VmallocTotal:   34359738367 kB
VmallocUsed:           0 kB
VmallocChunk:          0 kB
HardwareCorrupted:     0 kB
AnonHugePages:     14336 kB
ShmemHugePages:        0 kB
ShmemPmdMapped:        0 kB
CmaTotal:              0 kB
CmaFree:               0 kB
HugePages_Total:       0
HugePages_Free:        0
HugePages_Rsvd:        0
HugePages_Surp:        0
Hugepagesize:       2048 kB
DirectMap4k:      451516 kB
DirectMap2M:     7786496 kB


CPU:total 2 (initial active 2) (2 cores per cpu, 1 threads per core) family 6 model 76 stepping 4, cmov, cx8, fxsr, mmx, sse, sse2, sse3, ssse3, sse4.1, sse4.2, popcnt, aes, clmul, erms, 3dnowpref, tsc, tscinvbit

/proc/cpuinfo:
processor	: 0
vendor_id	: GenuineIntel
cpu family	: 6
model		: 76
model name	: Intel(R) Celeron(R) CPU  N3010  @ 1.04GHz
stepping	: 4
microcode	: 0x404
cpu MHz		: 2240.000
cache size	: 1024 KB
physical id	: 0
siblings	: 2
core id		: 0
cpu cores	: 2
apicid		: 0
initial apicid	: 0
fpu		: yes
fpu_exception	: yes
cpuid level	: 11
wp		: yes
flags		: fpu vme de pse tsc msr pae mce cx8 apic sep mtrr pge mca cmov pat pse36 clflush dts acpi mmx fxsr sse sse2 ss ht tm pbe syscall nx rdtscp lm constant_tsc arch_perfmon pebs bts rep_good nopl xtopology tsc_reliable nonstop_tsc cpuid aperfmperf tsc_known_freq pni pclmulqdq dtes64 monitor ds_cpl vmx est tm2 ssse3 cx16 xtpr pdcm sse4_1 sse4_2 movbe popcnt tsc_deadline_timer aes rdrand lahf_lm 3dnowprefetch epb pti tpr_shadow vnmi flexpriority ept vpid tsc_adjust smep erms dtherm ida arat
bugs		: cpu_meltdown spectre_v1 spectre_v2
bogomips	: 2080.00
clflush size	: 64
cache_alignment	: 64
address sizes	: 36 bits physical, 48 bits virtual
power management:

processor	: 1
vendor_id	: GenuineIntel
cpu family	: 6
model		: 76
model name	: Intel(R) Celeron(R) CPU  N3010  @ 1.04GHz
stepping	: 4
microcode	: 0x404
cpu MHz		: 2240.000
cache size	: 1024 KB
physical id	: 0
siblings	: 2
core id		: 2
cpu cores	: 2
apicid		: 4
initial apicid	: 4
fpu		: yes
fpu_exception	: yes
cpuid level	: 11
wp		: yes
flags		: fpu vme de pse tsc msr pae mce cx8 apic sep mtrr pge mca cmov pat pse36 clflush dts acpi mmx fxsr sse sse2 ss ht tm pbe syscall nx rdtscp lm constant_tsc arch_perfmon pebs bts rep_good nopl xtopology tsc_reliable nonstop_tsc cpuid aperfmperf tsc_known_freq pni pclmulqdq dtes64 monitor ds_cpl vmx est tm2 ssse3 cx16 xtpr pdcm sse4_1 sse4_2 movbe popcnt tsc_deadline_timer aes rdrand lahf_lm 3dnowprefetch epb pti tpr_shadow vnmi flexpriority ept vpid tsc_adjust smep erms dtherm ida arat
bugs		: cpu_meltdown spectre_v1 spectre_v2
bogomips	: 2080.00
clflush size	: 64
cache_alignment	: 64
address sizes	: 36 bits physical, 48 bits virtual
power management:



Memory: 4k page, physical 8018944k(1722920k free), swap 2097148k(2097148k free)

vm_info: OpenJDK 64-Bit Server VM (25.181-b13) for linux-amd64 JRE (1.8.0_181-8u181-b13-2~deb9u1-b13), built on Oct 22 2018 18:05:23 by "pbuilder" with gcc 6.3.0 20170516

time: Sat Aug 31 14:27:15 2019
elapsed time: 21 seconds (0d 0h 0m 21s)

