#
# A fatal error has been detected by the Java Runtime Environment:
#
#  SIGSEGV (0xb) at pc=0x00007fe2e597407d, pid=25214, tid=0x00007fe292d1d700
#
# JRE version: OpenJDK Runtime Environment (8.0_181-b13) (build 1.8.0_181-8u181-b13-2~deb9u1-b13)
# Java VM: OpenJDK 64-Bit Server VM (25.181-b13 mixed mode linux-amd64 compressed oops)
# Problematic frame:
# V  [libjvm.so+0x68107d]
#
# Failed to write core dump. Core dumps have been disabled. To enable core dumping, try "ulimit -c unlimited" before starting Java again
#
# If you would like to submit a bug report, please visit:
#   http://bugreport.java.com/bugreport/crash.jsp
#

---------------  T H R E A D  ---------------

Current thread (0x00007fe2e0263800):  JavaThread "JavaFX Application Thread" [_thread_in_vm, id=25238, stack(0x00007fe292c1d000,0x00007fe292d1e000)]

siginfo: si_signo: 11 (SIGSEGV), si_code: 128 (SI_KERNEL), si_addr: 0x0000000000000000

Registers:
RAX=0x0000000000000000, RBX=0x00007fe2e0263800, RCX=0x00007fe2e0220788, RDX=0x776569762f637273
RSP=0x00007fe292d1c230, RBP=0x00007fe292d1c3b0, RSI=0x00007fe292d1c3d0, RDI=0x00007fe2e02639e0
R8 =0x00007fe292d1c400, R9 =0x00007fe2e0263800, R10=0x00007fe284000bd0, R11=0x00007fe2d0c3b060
R12=0x00007fe2e02639e0, R13=0x00007fe2e0263800, R14=0x00007fe292d1c490, R15=0x776569762f637273
RIP=0x00007fe2e597407d, EFLAGS=0x0000000000010202, CSGSFS=0x002b000000000033, ERR=0x0000000000000000
  TRAPNO=0x000000000000000d

Top of Stack: (sp=0x00007fe292d1c230)
0x00007fe292d1c230:   00007fe292d1c340 00007fe2e595b1d3
0x00007fe292d1c240:   00007fe2c79bbba0 00007fe292d1c280
0x00007fe292d1c250:   00007fe20000000e 00007fe2e02639e0
0x00007fe292d1c260:   00007fe292d1c270 00007fe292d1c3d0
0x00007fe292d1c270:   00007fe2c791dcc0 00007fe2e0263800
0x00007fe292d1c280:   00007fe2c791dcc0 00007fe2e0263800
0x00007fe292d1c290:   00007fe2e0262f10 00007fe2b007d5a0
0x00007fe292d1c2a0:   00007fe2b007d5b0 00007fe2b007d988
0x00007fe292d1c2b0:   00000000000003d8 00007fe2e0262f50
0x00007fe292d1c2c0:   00007fe2c791dcc0 00007fe2e0263800
0x00007fe292d1c2d0:   00000000c7913c30 00000000d95c7590
0x00007fe292d1c2e0:   0000000000000000 00007fe2d07d8e1b
0x00007fe292d1c2f0:   00007fe2c791dcc0 00007fe2e0263800
0x00007fe292d1c300:   0000000000000000 00000000d95c7620
0x00007fe292d1c310:   00007fe20000006f 00007fe20000000a
0x00007fe292d1c320:   00000000d83c37a0 00007fe200000000
0x00007fe292d1c330:   00007fe292d1c420 00007fe292d1c3e0
0x00007fe292d1c340:   00007fe292d1c4d0 0000000100000180
0x00007fe292d1c350:   0000000000000002 00007fe292d1c308
0x00007fe292d1c360:   00007fe292d1c349 0000000800000005
0x00007fe292d1c370:   00007fe200000000 843b0eb0485bb400
0x00007fe292d1c380:   00007fe292d1c390 00007fe2e0263800
0x00007fe292d1c390:   00007fe2e02639e0 00007fe2e0220788
0x00007fe292d1c3a0:   00007fe292d1c490 776569762f637273
0x00007fe292d1c3b0:   00007fe292d1c480 00007fe2e59776aa
0x00007fe292d1c3c0:   00007fe2844a5190 00007fe292d1c400
0x00007fe292d1c3d0:   000000000000000e 00007fe200000000
0x00007fe292d1c3e0:   00007fe2e0263800 0000000000000000
0x00007fe292d1c3f0:   0000000000000067 843b0eb0485bb400
0x00007fe292d1c400:   00007fe2e615d938 00007fe2e6e877e0
0x00007fe292d1c410:   00000000e0243800 00007fe200000063
0x00007fe292d1c420:   0000000000000000 0000003000000018 

Instructions: (pc=0x00007fe2e597407d)
0x00007fe2e597405d:   ff 48 89 b5 b8 fe ff ff 64 48 8b 04 25 28 00 00
0x00007fe2e597406d:   00 48 89 45 c8 31 c0 48 85 d2 0f 84 3b 03 00 00
0x00007fe2e597407d:   4c 8b 32 4d 85 f6 0f 84 2f 03 00 00 49 8b b9 20
0x00007fe2e597408d:   01 00 00 48 89 cb 4d 89 c4 e8 f5 4c ff ff 4c 89 

Register to memory mapping:

RAX=0x0000000000000000 is an unknown value
RBX=0x00007fe2e0263800 is a thread
RCX=0x00007fe2e0220788 is an unknown value
RDX=0x776569762f637273 is an unknown value
RSP=0x00007fe292d1c230 is pointing into the stack for thread: 0x00007fe2e0263800
RBP=0x00007fe292d1c3b0 is pointing into the stack for thread: 0x00007fe2e0263800
RSI=0x00007fe292d1c3d0 is pointing into the stack for thread: 0x00007fe2e0263800
RDI=0x00007fe2e02639e0 is an unknown value
R8 =0x00007fe292d1c400 is pointing into the stack for thread: 0x00007fe2e0263800
R9 =0x00007fe2e0263800 is a thread
R10=0x00007fe284000bd0 is an unknown value
R11=0x00007fe2d0c3b060 is at entry_point+32 in (nmethod*)0x00007fe2d0c3aed0
R12=0x00007fe2e02639e0 is an unknown value
R13=0x00007fe2e0263800 is a thread
R14=0x00007fe292d1c490 is pointing into the stack for thread: 0x00007fe2e0263800
R15=0x776569762f637273 is an unknown value


Stack: [0x00007fe292c1d000,0x00007fe292d1e000],  sp=0x00007fe292d1c230,  free space=1020k
Native frames: (J=compiled Java code, j=interpreted, Vv=VM code, C=native code)
V  [libjvm.so+0x68107d]
V  [libjvm.so+0x6846aa]
C  [libglass.so+0x12d33]  JNIEnv_::CallVoidMethod(_jobject*, _jmethodID*, ...)+0x93
C  [libglass.so+0x1ccf6]  WindowContextBase::process_key(_GdkEventKey*)+0x226
C  [libglass.so+0x1a9c0]  WindowContextBase::im_filter_keypress(_GdkEventKey*)+0x1f0
C  [libglass.so+0x23094]
C  [libgdk-x11-2.0.so.0+0x5acbc]

Java frames: (J=compiled Java code, j=interpreted, Vv=VM code)
j  com.sun.glass.ui.gtk.GtkApplication._runLoop(Ljava/lang/Runnable;Z)V+0
j  com.sun.glass.ui.gtk.GtkApplication.lambda$null$5(Ljava/lang/Runnable;Z)V+7
j  com.sun.glass.ui.gtk.GtkApplication$$Lambda$41.run()V+12
j  java.lang.Thread.run()V+11
v  ~StubRoutines::call_stub

---------------  P R O C E S S  ---------------

Java Threads: ( => current thread )
  0x00007fe2843c0800 JavaThread "Prism Font Disposer" daemon [_thread_blocked, id=25246, stack(0x00007fe290642000,0x00007fe290743000)]
  0x00007fe28409f000 JavaThread "mysql-cj-abandoned-connection-cleanup" daemon [_thread_blocked, id=25241, stack(0x00007fe2920d9000,0x00007fe2921da000)]
  0x00007fe2e026b000 JavaThread "JavaFX-Launcher" [_thread_blocked, id=25240, stack(0x00007fe2921da000,0x00007fe2922db000)]
=>0x00007fe2e0263800 JavaThread "JavaFX Application Thread" [_thread_in_vm, id=25238, stack(0x00007fe292c1d000,0x00007fe292d1e000)]
  0x00007fe2e025f800 JavaThread "Thread-1" daemon [_thread_blocked, id=25237, stack(0x00007fe292d1e000,0x00007fe292e1f000)]
  0x00007fe2e0211000 JavaThread "QuantumRenderer-0" daemon [_thread_blocked, id=25235, stack(0x00007fe2c5d4e000,0x00007fe2c5e4f000)]
  0x00007fe2e00cc000 JavaThread "Service Thread" daemon [_thread_blocked, id=25230, stack(0x00007fe2c601c000,0x00007fe2c611d000)]
  0x00007fe2e00b7000 JavaThread "C1 CompilerThread1" daemon [_thread_in_vm, id=25229, stack(0x00007fe2c611d000,0x00007fe2c621e000)]
  0x00007fe2e00b4000 JavaThread "C2 CompilerThread0" daemon [_thread_blocked, id=25228, stack(0x00007fe2c621e000,0x00007fe2c631f000)]
  0x00007fe2e00b2800 JavaThread "Signal Dispatcher" daemon [_thread_blocked, id=25227, stack(0x00007fe2c631f000,0x00007fe2c6420000)]
  0x00007fe2e0080000 JavaThread "Finalizer" daemon [_thread_blocked, id=25226, stack(0x00007fe2c65bb000,0x00007fe2c66bc000)]
  0x00007fe2e007d800 JavaThread "Reference Handler" daemon [_thread_blocked, id=25225, stack(0x00007fe2c66bc000,0x00007fe2c67bd000)]
  0x00007fe2e000a800 JavaThread "main" [_thread_blocked, id=25220, stack(0x00007fe2e6f2b000,0x00007fe2e702c000)]

Other Threads:
  0x00007fe2e0074000 VMThread [stack: 0x00007fe2c67bd000,0x00007fe2c68be000] [id=25224]
  0x00007fe2e00ce000 WatcherThread [stack: 0x00007fe2c5f1b000,0x00007fe2c601c000] [id=25231]

VM state:not at safepoint (normal execution)

VM Mutex/Monitor currently owned by a thread: None

Heap:
 PSYoungGen      total 36864K, used 24169K [0x00000000d7380000, 0x00000000dbb80000, 0x0000000100000000)
  eden space 31744K, 60% used [0x00000000d7380000,0x00000000d861f448,0x00000000d9280000)
  from space 5120K, 99% used [0x00000000d9280000,0x00000000d977b080,0x00000000d9780000)
  to   space 5120K, 0% used [0x00000000db680000,0x00000000db680000,0x00000000dbb80000)
 ParOldGen       total 84992K, used 6787K [0x0000000085a00000, 0x000000008ad00000, 0x00000000d7380000)
  object space 84992K, 7% used [0x0000000085a00000,0x00000000860a0f10,0x000000008ad00000)
 Metaspace       used 19545K, capacity 20268K, committed 20608K, reserved 1067008K
  class space    used 2635K, capacity 2833K, committed 2944K, reserved 1048576K

Card table byte_map: [0x00007fe2d002d000,0x00007fe2d0401000] byte_map_base: 0x00007fe2cfc00000

Marking Bits: (ParMarkBitMap*) 0x00007fe2e62213a0
 Begin Bits: [0x00007fe2cc070000, 0x00007fe2cdf08000)
 End Bits:   [0x00007fe2cdf08000, 0x00007fe2cfda0000)

Polling page: 0x00007fe2e7046000

CodeCache: size=245760Kb used=5672Kb max_used=5675Kb free=240087Kb
 bounds [0x00007fe2d07c1000, 0x00007fe2d0d51000, 0x00007fe2df7c1000]
 total_blobs=2595 nmethods=1901 adapters=608
 compilation: enabled

Compilation events (10 events):
Event: 14.908 Thread 0x00007fe2e00b7000 nmethod 1907 0x00007fe2d0d49290 code [0x00007fe2d0d49440, 0x00007fe2d0d49938]
Event: 14.908 Thread 0x00007fe2e00b7000 1908       1       javafx.scene.text.Font::impl_getNativeFont (5 bytes)
Event: 14.908 Thread 0x00007fe2e00b7000 nmethod 1908 0x00007fe2d0d4a190 code [0x00007fe2d0d4a2e0, 0x00007fe2d0d4a3f0]
Event: 14.908 Thread 0x00007fe2e00b7000 1909       1       com.sun.javafx.font.PrismFontFile::getDefaultAAMode (2 bytes)
Event: 14.908 Thread 0x00007fe2e00b7000 nmethod 1909 0x00007fe2d0d48910 code [0x00007fe2d0d48a60, 0x00007fe2d0d48b70]
Event: 14.908 Thread 0x00007fe2e00b7000 1902       3       javafx.scene.Node::impl_isTreeVisible (8 bytes)
Event: 14.909 Thread 0x00007fe2e00b7000 nmethod 1902 0x00007fe2d0d4f250 code [0x00007fe2d0d4f3e0, 0x00007fe2d0d4f890]
Event: 14.909 Thread 0x00007fe2e00b4000 nmethod 1882 0x00007fe2d0d4e350 code [0x00007fe2d0d4e580, 0x00007fe2d0d4e6f8]
Event: 14.909 Thread 0x00007fe2e00b4000 1910       4       java.lang.Math::ceil (5 bytes)
Event: 14.911 Thread 0x00007fe2e00b4000 nmethod 1910 0x00007fe2d0d4e010 code [0x00007fe2d0d4e180, 0x00007fe2d0d4e278]

GC Heap History (6 events):
Event: 4.003 GC heap before
{Heap before GC invocations=1 (full 0):
 PSYoungGen      total 36864K, used 31744K [0x00000000d7380000, 0x00000000d9c80000, 0x0000000100000000)
  eden space 31744K, 100% used [0x00000000d7380000,0x00000000d9280000,0x00000000d9280000)
  from space 5120K, 0% used [0x00000000d9780000,0x00000000d9780000,0x00000000d9c80000)
  to   space 5120K, 0% used [0x00000000d9280000,0x00000000d9280000,0x00000000d9780000)
 ParOldGen       total 84992K, used 0K [0x0000000085a00000, 0x000000008ad00000, 0x00000000d7380000)
  object space 84992K, 0% used [0x0000000085a00000,0x0000000085a00000,0x000000008ad00000)
 Metaspace       used 11565K, capacity 11934K, committed 12032K, reserved 1060864K
  class space    used 1353K, capacity 1517K, committed 1536K, reserved 1048576K
Event: 4.029 GC heap after
Heap after GC invocations=1 (full 0):
 PSYoungGen      total 36864K, used 5113K [0x00000000d7380000, 0x00000000d9c80000, 0x0000000100000000)
  eden space 31744K, 0% used [0x00000000d7380000,0x00000000d7380000,0x00000000d9280000)
  from space 5120K, 99% used [0x00000000d9280000,0x00000000d977e680,0x00000000d9780000)
  to   space 5120K, 0% used [0x00000000d9780000,0x00000000d9780000,0x00000000d9c80000)
 ParOldGen       total 84992K, used 1917K [0x0000000085a00000, 0x000000008ad00000, 0x00000000d7380000)
  object space 84992K, 2% used [0x0000000085a00000,0x0000000085bdf518,0x000000008ad00000)
 Metaspace       used 11565K, capacity 11934K, committed 12032K, reserved 1060864K
  class space    used 1353K, capacity 1517K, committed 1536K, reserved 1048576K
}
Event: 4.728 GC heap before
{Heap before GC invocations=2 (full 0):
 PSYoungGen      total 36864K, used 36857K [0x00000000d7380000, 0x00000000d9c80000, 0x0000000100000000)
  eden space 31744K, 100% used [0x00000000d7380000,0x00000000d9280000,0x00000000d9280000)
  from space 5120K, 99% used [0x00000000d9280000,0x00000000d977e680,0x00000000d9780000)
  to   space 5120K, 0% used [0x00000000d9780000,0x00000000d9780000,0x00000000d9c80000)
 ParOldGen       total 84992K, used 1917K [0x0000000085a00000, 0x000000008ad00000, 0x00000000d7380000)
  object space 84992K, 2% used [0x0000000085a00000,0x0000000085bdf518,0x000000008ad00000)
 Metaspace       used 12847K, capacity 13194K, committed 13568K, reserved 1060864K
  class space    used 1542K, capacity 1680K, committed 1792K, reserved 1048576K
Event: 4.759 GC heap after
Heap after GC invocations=2 (full 0):
 PSYoungGen      total 36864K, used 5092K [0x00000000d7380000, 0x00000000dbb80000, 0x0000000100000000)
  eden space 31744K, 0% used [0x00000000d7380000,0x00000000d7380000,0x00000000d9280000)
  from space 5120K, 99% used [0x00000000d9780000,0x00000000d9c79020,0x00000000d9c80000)
  to   space 5120K, 0% used [0x00000000d9280000,0x00000000d9280000,0x00000000d9780000)
 ParOldGen       total 84992K, used 2836K [0x0000000085a00000, 0x000000008ad00000, 0x00000000d7380000)
  object space 84992K, 3% used [0x0000000085a00000,0x0000000085cc5190,0x000000008ad00000)
 Metaspace       used 12847K, capacity 13194K, committed 13568K, reserved 1060864K
  class space    used 1542K, capacity 1680K, committed 1792K, reserved 1048576K
}
Event: 6.261 GC heap before
{Heap before GC invocations=3 (full 0):
 PSYoungGen      total 36864K, used 36836K [0x00000000d7380000, 0x00000000dbb80000, 0x0000000100000000)
  eden space 31744K, 100% used [0x00000000d7380000,0x00000000d9280000,0x00000000d9280000)
  from space 5120K, 99% used [0x00000000d9780000,0x00000000d9c79020,0x00000000d9c80000)
  to   space 5120K, 0% used [0x00000000d9280000,0x00000000d9280000,0x00000000d9780000)
 ParOldGen       total 84992K, used 2836K [0x0000000085a00000, 0x000000008ad00000, 0x00000000d7380000)
  object space 84992K, 3% used [0x0000000085a00000,0x0000000085cc5190,0x000000008ad00000)
 Metaspace       used 15971K, capacity 16542K, committed 16896K, reserved 1064960K
  class space    used 2063K, capacity 2232K, committed 2304K, reserved 1048576K
Event: 6.303 GC heap after
Heap after GC invocations=3 (full 0):
 PSYoungGen      total 36864K, used 5100K [0x00000000d7380000, 0x00000000dbb80000, 0x0000000100000000)
  eden space 31744K, 0% used [0x00000000d7380000,0x00000000d7380000,0x00000000d9280000)
  from space 5120K, 99% used [0x00000000d9280000,0x00000000d977b080,0x00000000d9780000)
  to   space 5120K, 0% used [0x00000000db680000,0x00000000db680000,0x00000000dbb80000)
 ParOldGen       total 84992K, used 6787K [0x0000000085a00000, 0x000000008ad00000, 0x00000000d7380000)
  object space 84992K, 7% used [0x0000000085a00000,0x00000000860a0f10,0x000000008ad00000)
 Metaspace       used 15971K, capacity 16542K, committed 16896K, reserved 1064960K
  class space    used 2063K, capacity 2232K, committed 2304K, reserved 1048576K
}

Deoptimization events (10 events):
Event: 6.185 Thread 0x00007fe2e0263800 Uncommon trap: reason=class_check action=maybe_recompile pc=0x00007fe2d08d3d20 method=java.lang.String.equals(Ljava/lang/Object;)Z @ 8
Event: 6.185 Thread 0x00007fe2e0263800 Uncommon trap: reason=class_check action=maybe_recompile pc=0x00007fe2d08d3d20 method=java.lang.String.equals(Ljava/lang/Object;)Z @ 8
Event: 6.185 Thread 0x00007fe2e0263800 Uncommon trap: reason=class_check action=maybe_recompile pc=0x00007fe2d08d3d20 method=java.lang.String.equals(Ljava/lang/Object;)Z @ 8
Event: 6.202 Thread 0x00007fe2e0263800 Uncommon trap: reason=class_check action=maybe_recompile pc=0x00007fe2d08d3d20 method=java.lang.String.equals(Ljava/lang/Object;)Z @ 8
Event: 6.386 Thread 0x00007fe2e0263800 Uncommon trap: reason=unstable_if action=reinterpret pc=0x00007fe2d0b7566c method=java.lang.ClassLoader.checkName(Ljava/lang/String;)Z @ 20
Event: 7.349 Thread 0x00007fe2e0263800 Uncommon trap: reason=unstable_if action=reinterpret pc=0x00007fe2d0b473a4 method=jdk.internal.org.objectweb.asm.Type.getArgumentsAndReturnSizes(Ljava/lang/String;)I @ 47
Event: 8.201 Thread 0x00007fe2e0211000 Uncommon trap: reason=unstable_if action=reinterpret pc=0x00007fe2d0c11ee0 method=java.lang.StrictMath.floorOrCeil(DDDD)D @ 115
Event: 13.329 Thread 0x00007fe2e0263800 Uncommon trap: reason=unstable_if action=reinterpret pc=0x00007fe2d0a54f20 method=java.lang.CharacterData.of(I)Ljava/lang/CharacterData; @ 4
Event: 14.637 Thread 0x00007fe2e0263800 Uncommon trap: reason=unstable_if action=reinterpret pc=0x00007fe2d0aa19dc method=sun.nio.cs.UTF_8$Decoder.decode([BII[C)I @ 30
Event: 14.727 Thread 0x00007fe2e0263800 Uncommon trap: reason=unstable_if action=reinterpret pc=0x00007fe2d0c739bc method=java.lang.StrictMath.floorOrCeil(DDDD)D @ 38

Classes redefined (0 events):
No events

Internal exceptions (10 events):
Event: 0.872 Thread 0x00007fe2e000a800 Exception <a 'java/security/PrivilegedActionException'> (0x00000000d7634ef0) thrown at [/build/openjdk-8-8u181-b13/src/hotspot/src/share/vm/prims/jvm.cpp, line 1435]
Event: 0.872 Thread 0x00007fe2e000a800 Exception <a 'java/security/PrivilegedActionException'> (0x00000000d76359c8) thrown at [/build/openjdk-8-8u181-b13/src/hotspot/src/share/vm/prims/jvm.cpp, line 1435]
Event: 0.872 Thread 0x00007fe2e000a800 Exception <a 'java/security/PrivilegedActionException'> (0x00000000d7635bd8) thrown at [/build/openjdk-8-8u181-b13/src/hotspot/src/share/vm/prims/jvm.cpp, line 1435]
Event: 0.873 Thread 0x00007fe2e000a800 Exception <a 'java/lang/NullPointerException'> (0x00000000d7637180) thrown at [/build/openjdk-8-8u181-b13/src/hotspot/src/share/vm/interpreter/linkResolver.cpp, line 1185]
Event: 3.688 Thread 0x00007fe2e0263800 Exception <a 'java/lang/NullPointerException'> (0x00000000d8b46648) thrown at [/build/openjdk-8-8u181-b13/src/hotspot/src/share/vm/interpreter/linkResolver.cpp, line 1185]
Event: 3.688 Thread 0x00007fe2e0263800 Exception <a 'java/lang/NullPointerException'> (0x00000000d8b46648) thrown at [/build/openjdk-8-8u181-b13/src/hotspot/src/share/vm/prims/jvm.cpp, line 1439]
Event: 4.696 Thread 0x00007fe2e0263800 Exception <a 'java/lang/ArrayIndexOutOfBoundsException'> (0x00000000d9233ff0) thrown at [/build/openjdk-8-8u181-b13/src/hotspot/src/share/vm/runtime/sharedRuntime.cpp, line 605]
Event: 4.697 Thread 0x00007fe2e0263800 Exception <a 'java/lang/ArrayIndexOutOfBoundsException'> (0x00000000d9234cf0) thrown at [/build/openjdk-8-8u181-b13/src/hotspot/src/share/vm/runtime/sharedRuntime.cpp, line 605]
Event: 4.698 Thread 0x00007fe2e0263800 Exception <a 'java/lang/ArrayIndexOutOfBoundsException'> (0x00000000d9236098) thrown at [/build/openjdk-8-8u181-b13/src/hotspot/src/share/vm/runtime/sharedRuntime.cpp, line 605]
Event: 5.768 Thread 0x00007fe2e0263800 Implicit null exception at 0x00007fe2d0b2eeb5 to 0x00007fe2d0b2f0d1

Events (10 events):
Event: 14.713 loading class javafx/scene/effect/Reflection$3 done
Event: 14.714 loading class com/sun/javafx/effect/EffectDirtyBits
Event: 14.714 loading class com/sun/javafx/effect/EffectDirtyBits done
Event: 14.715 loading class javafx/scene/Node$MiscProperties$9$1
Event: 14.715 loading class javafx/scene/Node$MiscProperties$9$1 done
Event: 14.727 Thread 0x00007fe2e0263800 Uncommon trap: trap_request=0xffffff65 fr.pc=0x00007fe2d0c739bc
Event: 14.727 Thread 0x00007fe2e0263800 DEOPT PACKING pc=0x00007fe2d0c739bc sp=0x00007fe292d1a750
Event: 14.727 Thread 0x00007fe2e0263800 DEOPT UNPACKING pc=0x00007fe2d080647a sp=0x00007fe292d1a698 mode 2
Event: 14.929 loading class com/sun/javafx/scene/KeyboardShortcutsHandler$1
Event: 14.929 loading class com/sun/javafx/scene/KeyboardShortcutsHandler$1 done


Dynamic libraries:
85a00000-8ad00000 rw-p 00000000 00:00 0 
8ad00000-d7380000 ---p 00000000 00:00 0 
d7380000-dbb80000 rw-p 00000000 00:00 0 
dbb80000-100000000 ---p 00000000 00:00 0 
100000000-1002e0000 rw-p 00000000 00:00 0 
1002e0000-140000000 ---p 00000000 00:00 0 
5645eab1d000-5645eab1e000 r-xp 00000000 08:08 1715118                    /usr/lib/jvm/java-8-openjdk-amd64/jre/bin/java
5645ead1d000-5645ead1e000 r--p 00000000 08:08 1715118                    /usr/lib/jvm/java-8-openjdk-amd64/jre/bin/java
5645ead1e000-5645ead1f000 rw-p 00001000 08:08 1715118                    /usr/lib/jvm/java-8-openjdk-amd64/jre/bin/java
5645ec34b000-5645ec36c000 rw-p 00000000 00:00 0                          [heap]
7fe280c3f000-7fe280d7f000 rw-p 00000000 00:00 0 
7fe280d7f000-7fe280e3f000 ---p 00000000 00:00 0 
7fe280e3f000-7fe280fff000 rw-s 101a57000 00:06 344                       /dev/dri/card0
7fe280fff000-7fe284000000 rw-p 00000000 00:00 0 
7fe284000000-7fe284568000 rw-p 00000000 00:00 0 
7fe284568000-7fe288000000 ---p 00000000 00:00 0 
7fe288000000-7fe288021000 rw-p 00000000 00:00 0 
7fe288021000-7fe28c000000 ---p 00000000 00:00 0 
7fe28c000000-7fe28c021000 rw-p 00000000 00:00 0 
7fe28c021000-7fe290000000 ---p 00000000 00:00 0 
7fe29000a000-7fe29000b000 rw-s 1009d6000 00:06 344                       /dev/dri/card0
7fe29000b000-7fe29000c000 rw-s 1031ea000 00:06 344                       /dev/dri/card0
7fe29000c000-7fe29001c000 rw-s 00000000 00:18 157                        /i915 (deleted)
7fe29001c000-7fe290020000 rw-s 00000000 00:18 137                        /i915 (deleted)
7fe290020000-7fe290080000 rw-s 1045c7000 00:06 344                       /dev/dri/card0
7fe290080000-7fe2900e0000 rw-s 102117000 00:06 344                       /dev/dri/card0
7fe2900e0000-7fe2900ee000 rw-s 106732000 00:06 344                       /dev/dri/card0
7fe2900ee000-7fe2900f2000 rw-s 00000000 00:18 105                        /i915 (deleted)
7fe2900f2000-7fe2900f7000 rw-s 00000000 00:18 103                        /i915 (deleted)
7fe2900f7000-7fe2902b7000 rw-s 1031f6000 00:06 344                       /dev/dri/card0
7fe2902b7000-7fe2902c7000 rw-s 00000000 00:18 107                        /i915 (deleted)
7fe2902c7000-7fe2902cc000 rw-s 00000000 00:18 155                        /i915 (deleted)
7fe2902cc000-7fe2902dc000 rw-s 00000000 00:18 100                        /i915 (deleted)
7fe2902dc000-7fe2902e8000 rw-s 00000000 00:18 156                        /i915 (deleted)
7fe2902e8000-7fe2905e8000 rw-s 106323000 00:06 344                       /dev/dri/card0
7fe2905e8000-7fe2905fb000 r--s 00346000 08:08 1715206                    /usr/lib/jvm/java-8-openjdk-amd64/jre/lib/resources.jar
7fe2905fb000-7fe290642000 r--p 00000000 08:08 2491713                    /usr/share/fonts/truetype/noto/NotoSans-BoldItalic.ttf
7fe290642000-7fe290645000 ---p 00000000 00:00 0 
7fe290645000-7fe290743000 rw-p 00000000 00:00 0 
7fe290743000-7fe29078e000 r--p 00000000 08:08 2491715                    /usr/share/fonts/truetype/noto/NotoSans-Regular.ttf
7fe29078e000-7fe29098e000 rw-p 00000000 00:00 0 
7fe29098e000-7fe2909be000 r-xp 00000000 08:08 1973152                    /usr/lib/x86_64-linux-gnu/gtk-2.0/2.10.0/engines/libmurrine.so
7fe2909be000-7fe290bbe000 ---p 00030000 08:08 1973152                    /usr/lib/x86_64-linux-gnu/gtk-2.0/2.10.0/engines/libmurrine.so
7fe290bbe000-7fe290bbf000 r--p 00030000 08:08 1973152                    /usr/lib/x86_64-linux-gnu/gtk-2.0/2.10.0/engines/libmurrine.so
7fe290bbf000-7fe290bc0000 rw-p 00031000 08:08 1973152                    /usr/lib/x86_64-linux-gnu/gtk-2.0/2.10.0/engines/libmurrine.so
7fe290bc0000-7fe290bc2000 r-xp 00000000 08:08 1973145                    /usr/lib/x86_64-linux-gnu/gtk-2.0/2.10.0/engines/libadwaita.so
7fe290bc2000-7fe290dc2000 ---p 00002000 08:08 1973145                    /usr/lib/x86_64-linux-gnu/gtk-2.0/2.10.0/engines/libadwaita.so
7fe290dc2000-7fe290dc3000 r--p 00002000 08:08 1973145                    /usr/lib/x86_64-linux-gnu/gtk-2.0/2.10.0/engines/libadwaita.so
7fe290dc3000-7fe290dc4000 rw-p 00003000 08:08 1973145                    /usr/lib/x86_64-linux-gnu/gtk-2.0/2.10.0/engines/libadwaita.so
7fe290dc4000-7fe290dce000 r-xp 00000000 08:08 1973153                    /usr/lib/x86_64-linux-gnu/gtk-2.0/2.10.0/engines/libpixmap.so
7fe290dce000-7fe290fcd000 ---p 0000a000 08:08 1973153                    /usr/lib/x86_64-linux-gnu/gtk-2.0/2.10.0/engines/libpixmap.so
7fe290fcd000-7fe290fce000 r--p 00009000 08:08 1973153                    /usr/lib/x86_64-linux-gnu/gtk-2.0/2.10.0/engines/libpixmap.so
7fe290fce000-7fe290fcf000 rw-p 0000a000 08:08 1973153                    /usr/lib/x86_64-linux-gnu/gtk-2.0/2.10.0/engines/libpixmap.so
7fe290fcf000-7fe290fd1000 r--s 00000000 08:08 1590387                    /var/cache/fontconfig/4bb17da730f63117fed329ee42a5d05e-le64.cache-4
7fe290fd1000-7fe290fd5000 r--s 00000000 08:08 1572907                    /var/cache/fontconfig/0fafd173547752dce4dee1a69e0b3c95-le64.cache-4
7fe290fd5000-7fe291017000 r--s 00000000 08:08 1572909                    /var/cache/fontconfig/0bd3dc0958fa2205aaaa8ebb13e2872b-le64.cache-4
7fe291017000-7fe29101d000 r--s 00000000 08:08 1572928                    /var/cache/fontconfig/3047814df9a2f067bd2d96a2b9c36e5a-le64.cache-4
7fe29101d000-7fe291029000 r--s 00000000 08:08 1586852                    /var/cache/fontconfig/d589a48862398ed80a3d6066f4f56f4c-le64.cache-4
7fe291029000-7fe29102e000 r-xp 00000000 08:08 1717399                    /usr/lib/jvm/java-8-openjdk-amd64/jre/lib/amd64/libjavafx_font_freetype.so
7fe29102e000-7fe29122d000 ---p 00005000 08:08 1717399                    /usr/lib/jvm/java-8-openjdk-amd64/jre/lib/amd64/libjavafx_font_freetype.so
7fe29122d000-7fe29122e000 r--p 00004000 08:08 1717399                    /usr/lib/jvm/java-8-openjdk-amd64/jre/lib/amd64/libjavafx_font_freetype.so
7fe29122e000-7fe29122f000 rw-p 00005000 08:08 1717399                    /usr/lib/jvm/java-8-openjdk-amd64/jre/lib/amd64/libjavafx_font_freetype.so
7fe29122f000-7fe29142f000 rw-p 00000000 00:00 0 
7fe29142f000-7fe291432000 r-xp 00000000 08:08 1717398                    /usr/lib/jvm/java-8-openjdk-amd64/jre/lib/amd64/libjavafx_font.so
7fe291432000-7fe291631000 ---p 00003000 08:08 1717398                    /usr/lib/jvm/java-8-openjdk-amd64/jre/lib/amd64/libjavafx_font.so
7fe291631000-7fe291632000 r--p 00002000 08:08 1717398                    /usr/lib/jvm/java-8-openjdk-amd64/jre/lib/amd64/libjavafx_font.so
7fe291632000-7fe291633000 rw-p 00003000 08:08 1717398                    /usr/lib/jvm/java-8-openjdk-amd64/jre/lib/amd64/libjavafx_font.so
7fe291633000-7fe29169c000 r-xp 00000000 08:08 1974422                    /usr/lib/x86_64-linux-gnu/libjpeg.so.62.2.0
7fe29169c000-7fe29189c000 ---p 00069000 08:08 1974422                    /usr/lib/x86_64-linux-gnu/libjpeg.so.62.2.0
7fe29189c000-7fe29189d000 r--p 00069000 08:08 1974422                    /usr/lib/x86_64-linux-gnu/libjpeg.so.62.2.0
7fe29189d000-7fe29189e000 rw-p 0006a000 08:08 1974422                    /usr/lib/x86_64-linux-gnu/libjpeg.so.62.2.0
7fe29189e000-7fe29189f000 rw-s 00000000 00:18 152                        /i915 (deleted)
7fe29189f000-7fe2918a2000 r--s 00000000 08:08 1572923                    /var/cache/fontconfig/47e67d79d01846c7b6efd6b4f03a6092-le64.cache-4
7fe2918a2000-7fe2918b4000 r--s 00000000 08:08 1572910                    /var/cache/fontconfig/9b89f8e3dae116d678bbf48e5f21f69b-le64.cache-4
7fe2918b4000-7fe2918b7000 r--s 00000000 08:08 1590385                    /var/cache/fontconfig/bf6ddb0059d58ea573e04b43f868001f-le64.cache-4
7fe2918b7000-7fe2918bb000 r-xp 00000000 08:08 1717401                    /usr/lib/jvm/java-8-openjdk-amd64/jre/lib/amd64/libjavafx_iio.so
7fe2918bb000-7fe291aba000 ---p 00004000 08:08 1717401                    /usr/lib/jvm/java-8-openjdk-amd64/jre/lib/amd64/libjavafx_iio.so
7fe291aba000-7fe291abb000 r--p 00003000 08:08 1717401                    /usr/lib/jvm/java-8-openjdk-amd64/jre/lib/amd64/libjavafx_iio.so
7fe291abb000-7fe291abc000 rw-p 00004000 08:08 1717401                    /usr/lib/jvm/java-8-openjdk-amd64/jre/lib/amd64/libjavafx_iio.so
7fe291abc000-7fe291cbc000 rw-p 00000000 00:00 0 
7fe291cbc000-7fe291cc1000 r--s 002f9000 08:08 1715168                    /usr/lib/jvm/java-8-openjdk-amd64/jre/lib/charsets.jar
7fe291cc1000-7fe291ec1000 rw-p 00000000 00:00 0 
7fe291ec1000-7fe291ed8000 r-xp 00000000 08:08 1715156                    /usr/lib/jvm/java-8-openjdk-amd64/jre/lib/amd64/libnet.so
7fe291ed8000-7fe2920d7000 ---p 00017000 08:08 1715156                    /usr/lib/jvm/java-8-openjdk-amd64/jre/lib/amd64/libnet.so
7fe2920d7000-7fe2920d8000 r--p 00016000 08:08 1715156                    /usr/lib/jvm/java-8-openjdk-amd64/jre/lib/amd64/libnet.so
7fe2920d8000-7fe2920d9000 rw-p 00017000 08:08 1715156                    /usr/lib/jvm/java-8-openjdk-amd64/jre/lib/amd64/libnet.so
7fe2920d9000-7fe2920dc000 ---p 00000000 00:00 0 
7fe2920dc000-7fe2921da000 rw-p 00000000 00:00 0 
7fe2921da000-7fe2921dd000 ---p 00000000 00:00 0 
7fe2921dd000-7fe2922db000 rw-p 00000000 00:00 0 
7fe2922db000-7fe2922dc000 ---p 00000000 00:00 0 
7fe2922dc000-7fe292adc000 rw-p 00000000 00:00 0 
7fe292adc000-7fe292c1d000 rw-s 00000000 08:09 12845132                   /home/atomx/.cache/mesa_shader_cache/index
7fe292c1d000-7fe292c20000 ---p 00000000 00:00 0 
7fe292c20000-7fe292d1e000 rw-p 00000000 00:00 0 
7fe292d1e000-7fe292d21000 ---p 00000000 00:00 0 
7fe292d21000-7fe292e1f000 rw-p 00000000 00:00 0 
7fe292e1f000-7fe292e48000 r-xp 00000000 08:08 1717396                    /usr/lib/jvm/java-8-openjdk-amd64/jre/lib/amd64/libglass.so
7fe292e48000-7fe293048000 ---p 00029000 08:08 1717396                    /usr/lib/jvm/java-8-openjdk-amd64/jre/lib/amd64/libglass.so
7fe293048000-7fe293049000 r--p 00029000 08:08 1717396                    /usr/lib/jvm/java-8-openjdk-amd64/jre/lib/amd64/libglass.so
7fe293049000-7fe29304a000 rw-p 0002a000 08:08 1717396                    /usr/lib/jvm/java-8-openjdk-amd64/jre/lib/amd64/libglass.so
7fe29304a000-7fe29304b000 rw-p 00000000 00:00 0 
7fe29304b000-7fe29304c000 ---p 00000000 00:00 0 
7fe29304c000-7fe29384c000 rw-p 00000000 00:00 0 
7fe29384c000-7fe29398d000 rw-s 00000000 08:09 12845132                   /home/atomx/.cache/mesa_shader_cache/index
7fe29398d000-7fe293995000 r-xp 00000000 08:08 1974752                    /usr/lib/x86_64-linux-gnu/libpciaccess.so.0.11.1
7fe293995000-7fe293b95000 ---p 00008000 08:08 1974752                    /usr/lib/x86_64-linux-gnu/libpciaccess.so.0.11.1
7fe293b95000-7fe293b96000 r--p 00008000 08:08 1974752                    /usr/lib/x86_64-linux-gnu/libpciaccess.so.0.11.1
7fe293b96000-7fe293b97000 rw-p 00009000 08:08 1974752                    /usr/lib/x86_64-linux-gnu/libpciaccess.so.0.11.1
7fe293b97000-7fe293ba2000 r-xp 00000000 08:08 1973844                    /usr/lib/x86_64-linux-gnu/libdrm_radeon.so.1.0.1
7fe293ba2000-7fe293da1000 ---p 0000b000 08:08 1973844                    /usr/lib/x86_64-linux-gnu/libdrm_radeon.so.1.0.1
7fe293da1000-7fe293da2000 r--p 0000a000 08:08 1973844                    /usr/lib/x86_64-linux-gnu/libdrm_radeon.so.1.0.1
7fe293da2000-7fe293da3000 rw-p 0000b000 08:08 1973844                    /usr/lib/x86_64-linux-gnu/libdrm_radeon.so.1.0.1
7fe293da3000-7fe293daa000 r-xp 00000000 08:08 1973842                    /usr/lib/x86_64-linux-gnu/libdrm_nouveau.so.2.0.0
7fe293daa000-7fe293fa9000 ---p 00007000 08:08 1973842                    /usr/lib/x86_64-linux-gnu/libdrm_nouveau.so.2.0.0
7fe293fa9000-7fe293faa000 r--p 00006000 08:08 1973842                    /usr/lib/x86_64-linux-gnu/libdrm_nouveau.so.2.0.0
7fe293faa000-7fe293fab000 rw-p 00007000 08:08 1973842                    /usr/lib/x86_64-linux-gnu/libdrm_nouveau.so.2.0.0
7fe293fab000-7fe293fce000 r-xp 00000000 08:08 1973840                    /usr/lib/x86_64-linux-gnu/libdrm_intel.so.1.0.0
7fe293fce000-7fe2941cd000 ---p 00023000 08:08 1973840                    /usr/lib/x86_64-linux-gnu/libdrm_intel.so.1.0.0
7fe2941cd000-7fe2941ce000 r--p 00022000 08:08 1973840                    /usr/lib/x86_64-linux-gnu/libdrm_intel.so.1.0.0
7fe2941ce000-7fe2941cf000 rw-p 00023000 08:08 1973840                    /usr/lib/x86_64-linux-gnu/libdrm_intel.so.1.0.0
7fe2941cf000-7fe294afe000 r-xp 00000000 08:08 1972506                    /usr/lib/x86_64-linux-gnu/dri/i965_dri.so
7fe294afe000-7fe294cfd000 ---p 0092f000 08:08 1972506                    /usr/lib/x86_64-linux-gnu/dri/i965_dri.so
7fe294cfd000-7fe294d57000 r--p 0092e000 08:08 1972506                    /usr/lib/x86_64-linux-gnu/dri/i965_dri.so
7fe294d57000-7fe294d62000 rw-p 00988000 08:08 1972506                    /usr/lib/x86_64-linux-gnu/dri/i965_dri.so
7fe294d62000-7fe294e15000 rw-p 00000000 00:00 0 
7fe294e15000-7fe294e25000 r-xp 00000000 08:08 1973836                    /usr/lib/x86_64-linux-gnu/libdrm.so.2.4.0
7fe294e25000-7fe295024000 ---p 00010000 08:08 1973836                    /usr/lib/x86_64-linux-gnu/libdrm.so.2.4.0
7fe295024000-7fe295025000 r--p 0000f000 08:08 1973836                    /usr/lib/x86_64-linux-gnu/libdrm.so.2.4.0
7fe295025000-7fe295026000 rw-p 00010000 08:08 1973836                    /usr/lib/x86_64-linux-gnu/libdrm.so.2.4.0
7fe295026000-7fe29502a000 r-xp 00000000 08:08 1975194                    /usr/lib/x86_64-linux-gnu/libxcb-dri2.so.0.0.0
7fe29502a000-7fe295229000 ---p 00004000 08:08 1975194                    /usr/lib/x86_64-linux-gnu/libxcb-dri2.so.0.0.0
7fe295229000-7fe29522a000 r--p 00003000 08:08 1975194                    /usr/lib/x86_64-linux-gnu/libxcb-dri2.so.0.0.0
7fe29522a000-7fe29522b000 rw-p 00004000 08:08 1975194                    /usr/lib/x86_64-linux-gnu/libxcb-dri2.so.0.0.0
7fe29522b000-7fe295243000 r-xp 00000000 08:08 1975200                    /usr/lib/x86_64-linux-gnu/libxcb-glx.so.0.0.0
7fe295243000-7fe295443000 ---p 00018000 08:08 1975200                    /usr/lib/x86_64-linux-gnu/libxcb-glx.so.0.0.0
7fe295443000-7fe295445000 r--p 00018000 08:08 1975200                    /usr/lib/x86_64-linux-gnu/libxcb-glx.so.0.0.0
7fe295445000-7fe295446000 rw-p 0001a000 08:08 1975200                    /usr/lib/x86_64-linux-gnu/libxcb-glx.so.0.0.0
7fe295446000-7fe295447000 r-xp 00000000 08:08 1973515                    /usr/lib/x86_64-linux-gnu/libX11-xcb.so.1.0.0
7fe295447000-7fe295646000 ---p 00001000 08:08 1973515                    /usr/lib/x86_64-linux-gnu/libX11-xcb.so.1.0.0
7fe295646000-7fe295647000 r--p 00000000 08:08 1973515                    /usr/lib/x86_64-linux-gnu/libX11-xcb.so.1.0.0
7fe295647000-7fe295648000 rw-p 00001000 08:08 1973515                    /usr/lib/x86_64-linux-gnu/libX11-xcb.so.1.0.0
7fe295648000-7fe295674000 r-xp 00000000 08:08 1974054                    /usr/lib/x86_64-linux-gnu/libglapi.so.0.0.0
7fe295674000-7fe295873000 ---p 0002c000 08:08 1974054                    /usr/lib/x86_64-linux-gnu/libglapi.so.0.0.0
7fe295873000-7fe295877000 r--p 0002b000 08:08 1974054                    /usr/lib/x86_64-linux-gnu/libglapi.so.0.0.0
7fe295877000-7fe295878000 rw-p 0002f000 08:08 1974054                    /usr/lib/x86_64-linux-gnu/libglapi.so.0.0.0
7fe295878000-7fe295879000 rw-p 00000000 00:00 0 
7fe295879000-7fe29587a000 r-xp 00000000 08:08 1975250                    /usr/lib/x86_64-linux-gnu/libxshmfence.so.1.0.0
7fe29587a000-7fe295a79000 ---p 00001000 08:08 1975250                    /usr/lib/x86_64-linux-gnu/libxshmfence.so.1.0.0
7fe295a79000-7fe295a7a000 r--p 00000000 08:08 1975250                    /usr/lib/x86_64-linux-gnu/libxshmfence.so.1.0.0
7fe295a7a000-7fe295a7b000 rw-p 00001000 08:08 1975250                    /usr/lib/x86_64-linux-gnu/libxshmfence.so.1.0.0
7fe295a7b000-7fe295a81000 r-xp 00000000 08:08 1975220                    /usr/lib/x86_64-linux-gnu/libxcb-sync.so.1.0.0
7fe295a81000-7fe295c80000 ---p 00006000 08:08 1975220                    /usr/lib/x86_64-linux-gnu/libxcb-sync.so.1.0.0
7fe295c80000-7fe295c81000 r--p 00005000 08:08 1975220                    /usr/lib/x86_64-linux-gnu/libxcb-sync.so.1.0.0
7fe295c81000-7fe295c82000 rw-p 00006000 08:08 1975220                    /usr/lib/x86_64-linux-gnu/libxcb-sync.so.1.0.0
7fe295c82000-7fe295c84000 r-xp 00000000 08:08 1975208                    /usr/lib/x86_64-linux-gnu/libxcb-present.so.0.0.0
7fe295c84000-7fe295e83000 ---p 00002000 08:08 1975208                    /usr/lib/x86_64-linux-gnu/libxcb-present.so.0.0.0
7fe295e83000-7fe295e84000 r--p 00001000 08:08 1975208                    /usr/lib/x86_64-linux-gnu/libxcb-present.so.0.0.0
7fe295e84000-7fe295e85000 rw-p 00002000 08:08 1975208                    /usr/lib/x86_64-linux-gnu/libxcb-present.so.0.0.0
7fe295e85000-7fe295e8c000 r-xp 00000000 08:08 1975224                    /usr/lib/x86_64-linux-gnu/libxcb-xfixes.so.0.0.0
7fe295e8c000-7fe29608b000 ---p 00007000 08:08 1975224                    /usr/lib/x86_64-linux-gnu/libxcb-xfixes.so.0.0.0
7fe29608b000-7fe29608c000 r--p 00006000 08:08 1975224                    /usr/lib/x86_64-linux-gnu/libxcb-xfixes.so.0.0.0
7fe29608c000-7fe29608d000 rw-p 00007000 08:08 1975224                    /usr/lib/x86_64-linux-gnu/libxcb-xfixes.so.0.0.0
7fe29608d000-7fe29608f000 r-xp 00000000 08:08 1975196                    /usr/lib/x86_64-linux-gnu/libxcb-dri3.so.0.0.0
7fe29608f000-7fe29628e000 ---p 00002000 08:08 1975196                    /usr/lib/x86_64-linux-gnu/libxcb-dri3.so.0.0.0
7fe29628e000-7fe29628f000 r--p 00001000 08:08 1975196                    /usr/lib/x86_64-linux-gnu/libxcb-dri3.so.0.0.0
7fe29628f000-7fe296290000 rw-p 00002000 08:08 1975196                    /usr/lib/x86_64-linux-gnu/libxcb-dri3.so.0.0.0
7fe296290000-7fe296302000 r-xp 00000000 08:08 1973267                    /usr/lib/x86_64-linux-gnu/libGLX_mesa.so.0.0.0
7fe296302000-7fe296501000 ---p 00072000 08:08 1973267                    /usr/lib/x86_64-linux-gnu/libGLX_mesa.so.0.0.0
7fe296501000-7fe296504000 r--p 00071000 08:08 1973267                    /usr/lib/x86_64-linux-gnu/libGLX_mesa.so.0.0.0
7fe296504000-7fe296505000 rw-p 00074000 08:08 1973267                    /usr/lib/x86_64-linux-gnu/libGLX_mesa.so.0.0.0
7fe296505000-7fe296506000 rw-p 00000000 00:00 0 
7fe296506000-7fe29650a000 r-xp 00000000 08:08 1975099                    /usr/lib/x86_64-linux-gnu/libuuid.so.1.3.0
7fe29650a000-7fe296709000 ---p 00004000 08:08 1975099                    /usr/lib/x86_64-linux-gnu/libuuid.so.1.3.0
7fe296709000-7fe29670a000 r--p 00003000 08:08 1975099                    /usr/lib/x86_64-linux-gnu/libuuid.so.1.3.0
7fe29670a000-7fe29670b000 rw-p 00004000 08:08 1975099                    /usr/lib/x86_64-linux-gnu/libuuid.so.1.3.0
7fe29670b000-7fe29671e000 r-xp 00000000 08:08 1973672                    /usr/lib/x86_64-linux-gnu/libbsd.so.0.8.3
7fe29671e000-7fe29691e000 ---p 00013000 08:08 1973672                    /usr/lib/x86_64-linux-gnu/libbsd.so.0.8.3
7fe29691e000-7fe29691f000 r--p 00013000 08:08 1973672                    /usr/lib/x86_64-linux-gnu/libbsd.so.0.8.3
7fe29691f000-7fe296920000 rw-p 00014000 08:08 1973672                    /usr/lib/x86_64-linux-gnu/libbsd.so.0.8.3
7fe296920000-7fe296921000 rw-p 00000000 00:00 0 
7fe296921000-7fe296928000 r-xp 00000000 08:08 1973762                    /usr/lib/x86_64-linux-gnu/libdatrie.so.1.3.3
7fe296928000-7fe296b27000 ---p 00007000 08:08 1973762                    /usr/lib/x86_64-linux-gnu/libdatrie.so.1.3.3
7fe296b27000-7fe296b28000 r--p 00006000 08:08 1973762                    /usr/lib/x86_64-linux-gnu/libdatrie.so.1.3.3
7fe296b28000-7fe296b29000 rw-p 00007000 08:08 1973762                    /usr/lib/x86_64-linux-gnu/libdatrie.so.1.3.3
7fe296b29000-7fe296b54000 r-xp 00000000 08:08 1974207                    /usr/lib/x86_64-linux-gnu/libgraphite2.so.3.0.1
7fe296b54000-7fe296d53000 ---p 0002b000 08:08 1974207                    /usr/lib/x86_64-linux-gnu/libgraphite2.so.3.0.1
7fe296d53000-7fe296d55000 r--p 0002a000 08:08 1974207                    /usr/lib/x86_64-linux-gnu/libgraphite2.so.3.0.1
7fe296d55000-7fe296d56000 rw-p 0002c000 08:08 1974207                    /usr/lib/x86_64-linux-gnu/libgraphite2.so.3.0.1
7fe296d56000-7fe296d97000 r-xp 00000000 08:08 1973657                    /usr/lib/x86_64-linux-gnu/libblkid.so.1.1.0
7fe296d97000-7fe296f96000 ---p 00041000 08:08 1973657                    /usr/lib/x86_64-linux-gnu/libblkid.so.1.1.0
7fe296f96000-7fe296f9a000 r--p 00040000 08:08 1973657                    /usr/lib/x86_64-linux-gnu/libblkid.so.1.1.0
7fe296f9a000-7fe296f9b000 rw-p 00044000 08:08 1973657                    /usr/lib/x86_64-linux-gnu/libblkid.so.1.1.0
7fe296f9b000-7fe296f9c000 rw-p 00000000 00:00 0 
7fe296f9c000-7fe296fa1000 r-xp 00000000 08:08 1973532                    /usr/lib/x86_64-linux-gnu/libXdmcp.so.6.0.0
7fe296fa1000-7fe2971a0000 ---p 00005000 08:08 1973532                    /usr/lib/x86_64-linux-gnu/libXdmcp.so.6.0.0
7fe2971a0000-7fe2971a1000 r--p 00004000 08:08 1973532                    /usr/lib/x86_64-linux-gnu/libXdmcp.so.6.0.0
7fe2971a1000-7fe2971a2000 rw-p 00005000 08:08 1973532                    /usr/lib/x86_64-linux-gnu/libXdmcp.so.6.0.0
7fe2971a2000-7fe2971a5000 r-xp 00000000 08:08 1973521                    /usr/lib/x86_64-linux-gnu/libXau.so.6.0.0
7fe2971a5000-7fe2973a4000 ---p 00003000 08:08 1973521                    /usr/lib/x86_64-linux-gnu/libXau.so.6.0.0
7fe2973a4000-7fe2973a5000 r--p 00002000 08:08 1973521                    /usr/lib/x86_64-linux-gnu/libXau.so.6.0.0
7fe2973a5000-7fe2973a6000 rw-p 00003000 08:08 1973521                    /usr/lib/x86_64-linux-gnu/libXau.so.6.0.0
7fe2973a6000-7fe297416000 r-xp 00000000 08:08 1973269                    /usr/lib/x86_64-linux-gnu/libGLdispatch.so.0.0.0
7fe297416000-7fe297616000 ---p 00070000 08:08 1973269                    /usr/lib/x86_64-linux-gnu/libGLdispatch.so.0.0.0
7fe297616000-7fe29763f000 r--p 00070000 08:08 1973269                    /usr/lib/x86_64-linux-gnu/libGLdispatch.so.0.0.0
7fe29763f000-7fe297640000 rw-p 00099000 08:08 1973269                    /usr/lib/x86_64-linux-gnu/libGLdispatch.so.0.0.0
7fe297640000-7fe297660000 rw-p 00000000 00:00 0 
7fe297660000-7fe297670000 r-xp 00000000 08:08 1973264                    /usr/lib/x86_64-linux-gnu/libGLX.so.0.0.0
7fe297670000-7fe297870000 ---p 00010000 08:08 1973264                    /usr/lib/x86_64-linux-gnu/libGLX.so.0.0.0
7fe297870000-7fe297871000 r--p 00010000 08:08 1973264                    /usr/lib/x86_64-linux-gnu/libGLX.so.0.0.0
7fe297871000-7fe297872000 rw-p 00011000 08:08 1973264                    /usr/lib/x86_64-linux-gnu/libGLX.so.0.0.0
7fe297872000-7fe297892000 rw-p 00000000 00:00 0 
7fe297892000-7fe297904000 r-xp 00000000 08:08 1974757                    /usr/lib/x86_64-linux-gnu/libpcre.so.3.13.3
7fe297904000-7fe297b03000 ---p 00072000 08:08 1974757                    /usr/lib/x86_64-linux-gnu/libpcre.so.3.13.3
7fe297b03000-7fe297b04000 r--p 00071000 08:08 1974757                    /usr/lib/x86_64-linux-gnu/libpcre.so.3.13.3
7fe297b04000-7fe297b05000 rw-p 00072000 08:08 1974757                    /usr/lib/x86_64-linux-gnu/libpcre.so.3.13.3
7fe297b05000-7fe297b2c000 r-xp 00000000 08:08 1973918                    /usr/lib/x86_64-linux-gnu/libexpat.so.1.6.2
7fe297b2c000-7fe297d2c000 ---p 00027000 08:08 1973918                    /usr/lib/x86_64-linux-gnu/libexpat.so.1.6.2
7fe297d2c000-7fe297d2e000 r--p 00027000 08:08 1973918                    /usr/lib/x86_64-linux-gnu/libexpat.so.1.6.2
7fe297d2e000-7fe297d2f000 rw-p 00029000 08:08 1973918                    /usr/lib/x86_64-linux-gnu/libexpat.so.1.6.2
7fe297d2f000-7fe297d36000 r-xp 00000000 08:08 1973938                    /usr/lib/x86_64-linux-gnu/libffi.so.6.0.4
7fe297d36000-7fe297f36000 ---p 00007000 08:08 1973938                    /usr/lib/x86_64-linux-gnu/libffi.so.6.0.4
7fe297f36000-7fe297f37000 r--p 00007000 08:08 1973938                    /usr/lib/x86_64-linux-gnu/libffi.so.6.0.4
7fe297f37000-7fe297f38000 rw-p 00008000 08:08 1973938                    /usr/lib/x86_64-linux-gnu/libffi.so.6.0.4
7fe297f38000-7fe297f40000 r-xp 00000000 08:08 1975032                    /usr/lib/x86_64-linux-gnu/libthai.so.0.3.0
7fe297f40000-7fe298140000 ---p 00008000 08:08 1975032                    /usr/lib/x86_64-linux-gnu/libthai.so.0.3.0
7fe298140000-7fe298141000 r--p 00008000 08:08 1975032                    /usr/lib/x86_64-linux-gnu/libthai.so.0.3.0
7fe298141000-7fe298142000 rw-p 00009000 08:08 1975032                    /usr/lib/x86_64-linux-gnu/libthai.so.0.3.0
7fe298142000-7fe2981d5000 r-xp 00000000 08:08 1974304                    /usr/lib/x86_64-linux-gnu/libharfbuzz.so.0.10400.2
7fe2981d5000-7fe2983d4000 ---p 00093000 08:08 1974304                    /usr/lib/x86_64-linux-gnu/libharfbuzz.so.0.10400.2
7fe2983d4000-7fe2983d6000 r--p 00092000 08:08 1974304                    /usr/lib/x86_64-linux-gnu/libharfbuzz.so.0.10400.2
7fe2983d6000-7fe2983d7000 rw-p 00094000 08:08 1974304                    /usr/lib/x86_64-linux-gnu/libharfbuzz.so.0.10400.2
7fe2983d7000-7fe298421000 r-xp 00000000 08:08 1974545                    /usr/lib/x86_64-linux-gnu/libmount.so.1.1.0
7fe298421000-7fe298621000 ---p 0004a000 08:08 1974545                    /usr/lib/x86_64-linux-gnu/libmount.so.1.1.0
7fe298621000-7fe298622000 r--p 0004a000 08:08 1974545                    /usr/lib/x86_64-linux-gnu/libmount.so.1.1.0
7fe298622000-7fe298623000 rw-p 0004b000 08:08 1974545                    /usr/lib/x86_64-linux-gnu/libmount.so.1.1.0
7fe298623000-7fe298625000 rw-p 00000000 00:00 0 
7fe298625000-7fe298639000 r-xp 00000000 08:08 1974883                    /usr/lib/x86_64-linux-gnu/libresolv-2.24.so
7fe298639000-7fe298838000 ---p 00014000 08:08 1974883                    /usr/lib/x86_64-linux-gnu/libresolv-2.24.so
7fe298838000-7fe298839000 r--p 00013000 08:08 1974883                    /usr/lib/x86_64-linux-gnu/libresolv-2.24.so
7fe298839000-7fe29883a000 rw-p 00014000 08:08 1974883                    /usr/lib/x86_64-linux-gnu/libresolv-2.24.so
7fe29883a000-7fe29883c000 rw-p 00000000 00:00 0 
7fe29883c000-7fe298861000 r-xp 00000000 08:08 1974931                    /usr/lib/x86_64-linux-gnu/libselinux.so.1
7fe298861000-7fe298a60000 ---p 00025000 08:08 1974931                    /usr/lib/x86_64-linux-gnu/libselinux.so.1
7fe298a60000-7fe298a61000 r--p 00024000 08:08 1974931                    /usr/lib/x86_64-linux-gnu/libselinux.so.1
7fe298a61000-7fe298a62000 rw-p 00025000 08:08 1974931                    /usr/lib/x86_64-linux-gnu/libselinux.so.1
7fe298a62000-7fe298a64000 rw-p 00000000 00:00 0 
7fe298a64000-7fe298a70000 r-xp 00000000 08:08 1975214                    /usr/lib/x86_64-linux-gnu/libxcb-render.so.0.0.0
7fe298a70000-7fe298c70000 ---p 0000c000 08:08 1975214                    /usr/lib/x86_64-linux-gnu/libxcb-render.so.0.0.0
7fe298c70000-7fe298c71000 r--p 0000c000 08:08 1975214                    /usr/lib/x86_64-linux-gnu/libxcb-render.so.0.0.0
7fe298c71000-7fe298c72000 rw-p 0000d000 08:08 1975214                    /usr/lib/x86_64-linux-gnu/libxcb-render.so.0.0.0
7fe298c72000-7fe298c99000 r-xp 00000000 08:08 1975232                    /usr/lib/x86_64-linux-gnu/libxcb.so.1.1.0
7fe298c99000-7fe298e98000 ---p 00027000 08:08 1975232                    /usr/lib/x86_64-linux-gnu/libxcb.so.1.1.0
7fe298e98000-7fe298e99000 r--p 00026000 08:08 1975232                    /usr/lib/x86_64-linux-gnu/libxcb.so.1.1.0
7fe298e99000-7fe298e9a000 rw-p 00027000 08:08 1975232                    /usr/lib/x86_64-linux-gnu/libxcb.so.1.1.0
7fe298e9a000-7fe298e9c000 r-xp 00000000 08:08 1975218                    /usr/lib/x86_64-linux-gnu/libxcb-shm.so.0.0.0
7fe298e9c000-7fe29909c000 ---p 00002000 08:08 1975218                    /usr/lib/x86_64-linux-gnu/libxcb-shm.so.0.0.0
7fe29909c000-7fe29909d000 r--p 00002000 08:08 1975218                    /usr/lib/x86_64-linux-gnu/libxcb-shm.so.0.0.0
7fe29909d000-7fe29909e000 rw-p 00003000 08:08 1975218                    /usr/lib/x86_64-linux-gnu/libxcb-shm.so.0.0.0
7fe29909e000-7fe2990cf000 r-xp 00000000 08:08 1974804                    /usr/lib/x86_64-linux-gnu/libpng16.so.16.28.0
7fe2990cf000-7fe2992cf000 ---p 00031000 08:08 1974804                    /usr/lib/x86_64-linux-gnu/libpng16.so.16.28.0
7fe2992cf000-7fe2992d0000 r--p 00031000 08:08 1974804                    /usr/lib/x86_64-linux-gnu/libpng16.so.16.28.0
7fe2992d0000-7fe2992d1000 rw-p 00032000 08:08 1974804                    /usr/lib/x86_64-linux-gnu/libpng16.so.16.28.0
7fe2992d1000-7fe29936f000 r-xp 00000000 08:08 1974787                    /usr/lib/x86_64-linux-gnu/libpixman-1.so.0.34.0
7fe29936f000-7fe29956f000 ---p 0009e000 08:08 1974787                    /usr/lib/x86_64-linux-gnu/libpixman-1.so.0.34.0
7fe29956f000-7fe299577000 r--p 0009e000 08:08 1974787                    /usr/lib/x86_64-linux-gnu/libpixman-1.so.0.34.0
7fe299577000-7fe299578000 rw-p 000a6000 08:08 1974787                    /usr/lib/x86_64-linux-gnu/libpixman-1.so.0.34.0
7fe299578000-7fe299589000 r-xp 00000000 08:08 1973534                    /usr/lib/x86_64-linux-gnu/libXext.so.6.4.0
7fe299589000-7fe299788000 ---p 00011000 08:08 1973534                    /usr/lib/x86_64-linux-gnu/libXext.so.6.4.0
7fe299788000-7fe299789000 r--p 00010000 08:08 1973534                    /usr/lib/x86_64-linux-gnu/libXext.so.6.4.0
7fe299789000-7fe29978a000 rw-p 00011000 08:08 1973534                    /usr/lib/x86_64-linux-gnu/libXext.so.6.4.0
7fe29978a000-7fe299794000 r-xp 00000000 08:08 1973528                    /usr/lib/x86_64-linux-gnu/libXcursor.so.1.0.2
7fe299794000-7fe299993000 ---p 0000a000 08:08 1973528                    /usr/lib/x86_64-linux-gnu/libXcursor.so.1.0.2
7fe299993000-7fe299994000 r--p 00009000 08:08 1973528                    /usr/lib/x86_64-linux-gnu/libXcursor.so.1.0.2
7fe299994000-7fe299995000 rw-p 0000a000 08:08 1973528                    /usr/lib/x86_64-linux-gnu/libXcursor.so.1.0.2
7fe299995000-7fe29999f000 r-xp 00000000 08:08 1973554                    /usr/lib/x86_64-linux-gnu/libXrandr.so.2.2.0
7fe29999f000-7fe299b9e000 ---p 0000a000 08:08 1973554                    /usr/lib/x86_64-linux-gnu/libXrandr.so.2.2.0
7fe299b9e000-7fe299b9f000 r--p 00009000 08:08 1973554                    /usr/lib/x86_64-linux-gnu/libXrandr.so.2.2.0
7fe299b9f000-7fe299ba0000 rw-p 0000a000 08:08 1973554                    /usr/lib/x86_64-linux-gnu/libXrandr.so.2.2.0
7fe299ba0000-7fe299baf000 r-xp 00000000 08:08 1973544                    /usr/lib/x86_64-linux-gnu/libXi.so.6.1.0
7fe299baf000-7fe299dae000 ---p 0000f000 08:08 1973544                    /usr/lib/x86_64-linux-gnu/libXi.so.6.1.0
7fe299dae000-7fe299daf000 r--p 0000e000 08:08 1973544                    /usr/lib/x86_64-linux-gnu/libXi.so.6.1.0
7fe299daf000-7fe299db0000 rw-p 0000f000 08:08 1973544                    /usr/lib/x86_64-linux-gnu/libXi.so.6.1.0
7fe299db0000-7fe299db2000 r-xp 00000000 08:08 1973546                    /usr/lib/x86_64-linux-gnu/libXinerama.so.1.0.0
7fe299db2000-7fe299fb1000 ---p 00002000 08:08 1973546                    /usr/lib/x86_64-linux-gnu/libXinerama.so.1.0.0
7fe299fb1000-7fe299fb2000 r--p 00001000 08:08 1973546                    /usr/lib/x86_64-linux-gnu/libXinerama.so.1.0.0
7fe299fb2000-7fe299fb3000 rw-p 00002000 08:08 1973546                    /usr/lib/x86_64-linux-gnu/libXinerama.so.1.0.0
7fe299fb3000-7fe299fbc000 r-xp 00000000 08:08 1973556                    /usr/lib/x86_64-linux-gnu/libXrender.so.1.3.0
7fe299fbc000-7fe29a1bb000 ---p 00009000 08:08 1973556                    /usr/lib/x86_64-linux-gnu/libXrender.so.1.3.0
7fe29a1bb000-7fe29a1bc000 r--p 00008000 08:08 1973556                    /usr/lib/x86_64-linux-gnu/libXrender.so.1.3.0
7fe29a1bc000-7fe29a1bd000 rw-p 00009000 08:08 1973556                    /usr/lib/x86_64-linux-gnu/libXrender.so.1.3.0
7fe29a1bd000-7fe29a1c2000 r-xp 00000000 08:08 1973536                    /usr/lib/x86_64-linux-gnu/libXfixes.so.3.1.0
7fe29a1c2000-7fe29a3c1000 ---p 00005000 08:08 1973536                    /usr/lib/x86_64-linux-gnu/libXfixes.so.3.1.0
7fe29a3c1000-7fe29a3c2000 r--p 00004000 08:08 1973536                    /usr/lib/x86_64-linux-gnu/libXfixes.so.3.1.0
7fe29a3c2000-7fe29a3c3000 rw-p 00005000 08:08 1973536                    /usr/lib/x86_64-linux-gnu/libXfixes.so.3.1.0
7fe29a3c3000-7fe29a3c5000 r-xp 00000000 08:08 1973530                    /usr/lib/x86_64-linux-gnu/libXdamage.so.1.1.0
7fe29a3c5000-7fe29a5c4000 ---p 00002000 08:08 1973530                    /usr/lib/x86_64-linux-gnu/libXdamage.so.1.1.0
7fe29a5c4000-7fe29a5c5000 r--p 00001000 08:08 1973530                    /usr/lib/x86_64-linux-gnu/libXdamage.so.1.1.0
7fe29a5c5000-7fe29a5c6000 rw-p 00002000 08:08 1973530                    /usr/lib/x86_64-linux-gnu/libXdamage.so.1.1.0
7fe29a5c6000-7fe29a5c8000 r-xp 00000000 08:08 1973526                    /usr/lib/x86_64-linux-gnu/libXcomposite.so.1.0.0
7fe29a5c8000-7fe29a7c7000 ---p 00002000 08:08 1973526                    /usr/lib/x86_64-linux-gnu/libXcomposite.so.1.0.0
7fe29a7c7000-7fe29a7c8000 r--p 00001000 08:08 1973526                    /usr/lib/x86_64-linux-gnu/libXcomposite.so.1.0.0
7fe29a7c8000-7fe29a7c9000 rw-p 00002000 08:08 1973526                    /usr/lib/x86_64-linux-gnu/libXcomposite.so.1.0.0
7fe29a7c9000-7fe29a7cc000 r-xp 00000000 08:08 1974072                    /usr/lib/x86_64-linux-gnu/libgmodule-2.0.so.0.5000.3
7fe29a7cc000-7fe29a9cb000 ---p 00003000 08:08 1974072                    /usr/lib/x86_64-linux-gnu/libgmodule-2.0.so.0.5000.3
7fe29a9cb000-7fe29a9cc000 r--p 00002000 08:08 1974072                    /usr/lib/x86_64-linux-gnu/libgmodule-2.0.so.0.5000.3
7fe29a9cc000-7fe29a9cd000 rw-p 00003000 08:08 1974072                    /usr/lib/x86_64-linux-gnu/libgmodule-2.0.so.0.5000.3
7fe29a9cd000-7fe29aa42000 r-xp 00000000 08:08 1973258                    /usr/lib/x86_64-linux-gnu/libGL.so.1.7.0
7fe29aa42000-7fe29ac42000 ---p 00075000 08:08 1973258                    /usr/lib/x86_64-linux-gnu/libGL.so.1.7.0
7fe29ac42000-7fe29ac5c000 r--p 00075000 08:08 1973258                    /usr/lib/x86_64-linux-gnu/libGL.so.1.7.0
7fe29ac5c000-7fe29ac5d000 rw-p 0008f000 08:08 1973258                    /usr/lib/x86_64-linux-gnu/libGL.so.1.7.0
7fe29ac5d000-7fe29ac5e000 rw-p 00000000 00:00 0 
7fe29ac5e000-7fe29ac63000 r-xp 00000000 08:08 1973572                    /usr/lib/x86_64-linux-gnu/libXxf86vm.so.1.0.0
7fe29ac63000-7fe29ae62000 ---p 00005000 08:08 1973572                    /usr/lib/x86_64-linux-gnu/libXxf86vm.so.1.0.0
7fe29ae62000-7fe29ae63000 r--p 00004000 08:08 1973572                    /usr/lib/x86_64-linux-gnu/libXxf86vm.so.1.0.0
7fe29ae63000-7fe29ae64000 rw-p 00005000 08:08 1973572                    /usr/lib/x86_64-linux-gnu/libXxf86vm.so.1.0.0
7fe29ae64000-7fe29af9e000 r-xp 00000000 08:08 1973517                    /usr/lib/x86_64-linux-gnu/libX11.so.6.3.0
7fe29af9e000-7fe29b19e000 ---p 0013a000 08:08 1973517                    /usr/lib/x86_64-linux-gnu/libX11.so.6.3.0
7fe29b19e000-7fe29b19f000 r--p 0013a000 08:08 1973517                    /usr/lib/x86_64-linux-gnu/libX11.so.6.3.0
7fe29b19f000-7fe29b1a4000 rw-p 0013b000 08:08 1973517                    /usr/lib/x86_64-linux-gnu/libX11.so.6.3.0
7fe29b1a4000-7fe29b1a9000 r-xp 00000000 08:08 1973562                    /usr/lib/x86_64-linux-gnu/libXtst.so.6.1.0
7fe29b1a9000-7fe29b3a8000 ---p 00005000 08:08 1973562                    /usr/lib/x86_64-linux-gnu/libXtst.so.6.1.0
7fe29b3a8000-7fe29b3a9000 r--p 00004000 08:08 1973562                    /usr/lib/x86_64-linux-gnu/libXtst.so.6.1.0
7fe29b3a9000-7fe29b3aa000 rw-p 00005000 08:08 1973562                    /usr/lib/x86_64-linux-gnu/libXtst.so.6.1.0
7fe29b3aa000-7fe29b4bc000 r-xp 00000000 08:08 1974060                    /usr/lib/x86_64-linux-gnu/libglib-2.0.so.0.5000.3
7fe29b4bc000-7fe29b6bb000 ---p 00112000 08:08 1974060                    /usr/lib/x86_64-linux-gnu/libglib-2.0.so.0.5000.3
7fe29b6bb000-7fe29b6bc000 r--p 00111000 08:08 1974060                    /usr/lib/x86_64-linux-gnu/libglib-2.0.so.0.5000.3
7fe29b6bc000-7fe29b6bd000 rw-p 00112000 08:08 1974060                    /usr/lib/x86_64-linux-gnu/libglib-2.0.so.0.5000.3
7fe29b6bd000-7fe29b6be000 rw-p 00000000 00:00 0 
7fe29b6be000-7fe29b6bf000 r-xp 00000000 08:08 1974280                    /usr/lib/x86_64-linux-gnu/libgthread-2.0.so.0.5000.3
7fe29b6bf000-7fe29b8be000 ---p 00001000 08:08 1974280                    /usr/lib/x86_64-linux-gnu/libgthread-2.0.so.0.5000.3
7fe29b8be000-7fe29b8bf000 r--p 00000000 08:08 1974280                    /usr/lib/x86_64-linux-gnu/libgthread-2.0.so.0.5000.3
7fe29b8bf000-7fe29b8c0000 rw-p 00001000 08:08 1974280                    /usr/lib/x86_64-linux-gnu/libgthread-2.0.so.0.5000.3
7fe29b8c0000-7fe29b968000 r-xp 00000000 08:08 1973996                    /usr/lib/x86_64-linux-gnu/libfreetype.so.6.12.3
7fe29b968000-7fe29bb68000 ---p 000a8000 08:08 1973996                    /usr/lib/x86_64-linux-gnu/libfreetype.so.6.12.3
7fe29bb68000-7fe29bb6e000 r--p 000a8000 08:08 1973996                    /usr/lib/x86_64-linux-gnu/libfreetype.so.6.12.3
7fe29bb6e000-7fe29bb6f000 rw-p 000ae000 08:08 1973996                    /usr/lib/x86_64-linux-gnu/libfreetype.so.6.12.3
7fe29bb6f000-7fe29bbab000 r-xp 00000000 08:08 1973982                    /usr/lib/x86_64-linux-gnu/libfontconfig.so.1.8.0
7fe29bbab000-7fe29bdaa000 ---p 0003c000 08:08 1973982                    /usr/lib/x86_64-linux-gnu/libfontconfig.so.1.8.0
7fe29bdaa000-7fe29bdac000 r--p 0003b000 08:08 1973982                    /usr/lib/x86_64-linux-gnu/libfontconfig.so.1.8.0
7fe29bdac000-7fe29bdad000 rw-p 0003d000 08:08 1973982                    /usr/lib/x86_64-linux-gnu/libfontconfig.so.1.8.0
7fe29bdad000-7fe29bdff000 r-xp 00000000 08:08 1974112                    /usr/lib/x86_64-linux-gnu/libgobject-2.0.so.0.5000.3
7fe29bdff000-7fe29bffe000 ---p 00052000 08:08 1974112                    /usr/lib/x86_64-linux-gnu/libgobject-2.0.so.0.5000.3
7fe29bffe000-7fe29bfff000 r--p 00051000 08:08 1974112                    /usr/lib/x86_64-linux-gnu/libgobject-2.0.so.0.5000.3
7fe29bfff000-7fe29c000000 rw-p 00052000 08:08 1974112                    /usr/lib/x86_64-linux-gnu/libgobject-2.0.so.0.5000.3
7fe29c000000-7fe29c021000 rw-p 00000000 00:00 0 
7fe29c021000-7fe2a0000000 ---p 00000000 00:00 0 
7fe2a0000000-7fe2a18cd000 rw-p 00000000 00:00 0 
7fe2a18cd000-7fe2a4000000 ---p 00000000 00:00 0 
7fe2a4000000-7fe2a430b000 rw-p 00000000 00:00 0 
7fe2a430b000-7fe2a8000000 ---p 00000000 00:00 0 
7fe2a8000000-7fe2a8021000 rw-p 00000000 00:00 0 
7fe2a8021000-7fe2ac000000 ---p 00000000 00:00 0 
7fe2ac000000-7fe2ac021000 rw-p 00000000 00:00 0 
7fe2ac021000-7fe2b0000000 ---p 00000000 00:00 0 
7fe2b0000000-7fe2b029f000 rw-p 00000000 00:00 0 
7fe2b029f000-7fe2b4000000 ---p 00000000 00:00 0 
7fe2b4000000-7fe2b4021000 rw-p 00000000 00:00 0 
7fe2b4021000-7fe2b8000000 ---p 00000000 00:00 0 
7fe2b8000000-7fe2b8021000 rw-p 00000000 00:00 0 
7fe2b8021000-7fe2bc000000 ---p 00000000 00:00 0 
7fe2bc000000-7fe2bc021000 rw-p 00000000 00:00 0 
7fe2bc021000-7fe2c0000000 ---p 00000000 00:00 0 
7fe2c0000000-7fe2c0021000 rw-p 00000000 00:00 0 
7fe2c0021000-7fe2c4000000 ---p 00000000 00:00 0 
7fe2c4000000-7fe2c4005000 r--s 0009d000 08:08 1715201                    /usr/lib/jvm/java-8-openjdk-amd64/jre/lib/jsse.jar
7fe2c4005000-7fe2c401d000 r--s 0021f000 08:09 14421222                   /home/atomx/eclipse-workspace/Library/lib/mysql-connector-java-8.0.17.jar
7fe2c401d000-7fe2c40c3000 r--s 010bb000 08:09 14421221                   /home/atomx/eclipse-workspace/Library/lib/jfxrt.jar
7fe2c40c3000-7fe2c410c000 r-xp 00000000 08:08 1974732                    /usr/lib/x86_64-linux-gnu/libpango-1.0.so.0.4000.5
7fe2c410c000-7fe2c430b000 ---p 00049000 08:08 1974732                    /usr/lib/x86_64-linux-gnu/libpango-1.0.so.0.4000.5
7fe2c430b000-7fe2c430e000 r--p 00048000 08:08 1974732                    /usr/lib/x86_64-linux-gnu/libpango-1.0.so.0.4000.5
7fe2c430e000-7fe2c430f000 rw-p 0004b000 08:08 1974732                    /usr/lib/x86_64-linux-gnu/libpango-1.0.so.0.4000.5
7fe2c430f000-7fe2c4323000 r-xp 00000000 08:08 1974736                    /usr/lib/x86_64-linux-gnu/libpangoft2-1.0.so.0.4000.5
7fe2c4323000-7fe2c4523000 ---p 00014000 08:08 1974736                    /usr/lib/x86_64-linux-gnu/libpangoft2-1.0.so.0.4000.5
7fe2c4523000-7fe2c4524000 r--p 00014000 08:08 1974736                    /usr/lib/x86_64-linux-gnu/libpangoft2-1.0.so.0.4000.5
7fe2c4524000-7fe2c4525000 rw-p 00015000 08:08 1974736                    /usr/lib/x86_64-linux-gnu/libpangoft2-1.0.so.0.4000.5
7fe2c4525000-7fe2c46b2000 r-xp 00000000 08:08 1974048                    /usr/lib/x86_64-linux-gnu/libgio-2.0.so.0.5000.3
7fe2c46b2000-7fe2c48b2000 ---p 0018d000 08:08 1974048                    /usr/lib/x86_64-linux-gnu/libgio-2.0.so.0.5000.3
7fe2c48b2000-7fe2c48b7000 r--p 0018d000 08:08 1974048                    /usr/lib/x86_64-linux-gnu/libgio-2.0.so.0.5000.3
7fe2c48b7000-7fe2c48ba000 rw-p 00192000 08:08 1974048                    /usr/lib/x86_64-linux-gnu/libgio-2.0.so.0.5000.3
7fe2c48ba000-7fe2c48bb000 rw-p 00000000 00:00 0 
7fe2c48bb000-7fe2c48dd000 r-xp 00000000 08:08 1974034                    /usr/lib/x86_64-linux-gnu/libgdk_pixbuf-2.0.so.0.3600.5
7fe2c48dd000-7fe2c4add000 ---p 00022000 08:08 1974034                    /usr/lib/x86_64-linux-gnu/libgdk_pixbuf-2.0.so.0.3600.5
7fe2c4add000-7fe2c4ade000 r--p 00022000 08:08 1974034                    /usr/lib/x86_64-linux-gnu/libgdk_pixbuf-2.0.so.0.3600.5
7fe2c4ade000-7fe2c4adf000 rw-p 00023000 08:08 1974034                    /usr/lib/x86_64-linux-gnu/libgdk_pixbuf-2.0.so.0.3600.5
7fe2c4adf000-7fe2c4bed000 r-xp 00000000 08:08 1973694                    /usr/lib/x86_64-linux-gnu/libcairo.so.2.11400.8
7fe2c4bed000-7fe2c4ded000 ---p 0010e000 08:08 1973694                    /usr/lib/x86_64-linux-gnu/libcairo.so.2.11400.8
7fe2c4ded000-7fe2c4df0000 r--p 0010e000 08:08 1973694                    /usr/lib/x86_64-linux-gnu/libcairo.so.2.11400.8
7fe2c4df0000-7fe2c4df1000 rw-p 00111000 08:08 1973694                    /usr/lib/x86_64-linux-gnu/libcairo.so.2.11400.8
7fe2c4df1000-7fe2c4df3000 rw-p 00000000 00:00 0 
7fe2c4df3000-7fe2c4e16000 r-xp 00000000 08:08 1973616                    /usr/lib/x86_64-linux-gnu/libatk-1.0.so.0.22209.1
7fe2c4e16000-7fe2c5015000 ---p 00023000 08:08 1973616                    /usr/lib/x86_64-linux-gnu/libatk-1.0.so.0.22209.1
7fe2c5015000-7fe2c5018000 r--p 00022000 08:08 1973616                    /usr/lib/x86_64-linux-gnu/libatk-1.0.so.0.22209.1
7fe2c5018000-7fe2c5019000 rw-p 00025000 08:08 1973616                    /usr/lib/x86_64-linux-gnu/libatk-1.0.so.0.22209.1
7fe2c5019000-7fe2c5025000 r-xp 00000000 08:08 1974734                    /usr/lib/x86_64-linux-gnu/libpangocairo-1.0.so.0.4000.5
7fe2c5025000-7fe2c5224000 ---p 0000c000 08:08 1974734                    /usr/lib/x86_64-linux-gnu/libpangocairo-1.0.so.0.4000.5
7fe2c5224000-7fe2c5225000 r--p 0000b000 08:08 1974734                    /usr/lib/x86_64-linux-gnu/libpangocairo-1.0.so.0.4000.5
7fe2c5225000-7fe2c5226000 rw-p 0000c000 08:08 1974734                    /usr/lib/x86_64-linux-gnu/libpangocairo-1.0.so.0.4000.5
7fe2c5226000-7fe2c52d6000 r-xp 00000000 08:08 1974032                    /usr/lib/x86_64-linux-gnu/libgdk-x11-2.0.so.0.2400.31
7fe2c52d6000-7fe2c54d5000 ---p 000b0000 08:08 1974032                    /usr/lib/x86_64-linux-gnu/libgdk-x11-2.0.so.0.2400.31
7fe2c54d5000-7fe2c54d9000 r--p 000af000 08:08 1974032                    /usr/lib/x86_64-linux-gnu/libgdk-x11-2.0.so.0.2400.31
7fe2c54d9000-7fe2c54db000 rw-p 000b3000 08:08 1974032                    /usr/lib/x86_64-linux-gnu/libgdk-x11-2.0.so.0.2400.31
7fe2c54db000-7fe2c591b000 r-xp 00000000 08:08 1974286                    /usr/lib/x86_64-linux-gnu/libgtk-x11-2.0.so.0.2400.31
7fe2c591b000-7fe2c5b1a000 ---p 00440000 08:08 1974286                    /usr/lib/x86_64-linux-gnu/libgtk-x11-2.0.so.0.2400.31
7fe2c5b1a000-7fe2c5b21000 r--p 0043f000 08:08 1974286                    /usr/lib/x86_64-linux-gnu/libgtk-x11-2.0.so.0.2400.31
7fe2c5b21000-7fe2c5b25000 rw-p 00446000 08:08 1974286                    /usr/lib/x86_64-linux-gnu/libgtk-x11-2.0.so.0.2400.31
7fe2c5b25000-7fe2c5b28000 rw-p 00000000 00:00 0 
7fe2c5b28000-7fe2c5b2b000 r--s 00000000 08:08 1572931                    /var/cache/fontconfig/e13b20fdb08344e0e664864cc2ede53d-le64.cache-4
7fe2c5b2b000-7fe2c5b2f000 rw-s 00000000 00:18 147                        /i915 (deleted)
7fe2c5b2f000-7fe2c5b34000 rw-s 00000000 00:18 146                        /i915 (deleted)
7fe2c5b34000-7fe2c5b38000 rw-s 00000000 00:18 149                        /i915 (deleted)
7fe2c5b38000-7fe2c5b3c000 rw-s 00000000 00:18 121                        /i915 (deleted)
7fe2c5b3c000-7fe2c5b41000 rw-s 00000000 00:18 120                        /i915 (deleted)
7fe2c5b41000-7fe2c5b4d000 r-xp 00000000 08:08 1717405                    /usr/lib/jvm/java-8-openjdk-amd64/jre/lib/amd64/libprism_es2.so
7fe2c5b4d000-7fe2c5d4c000 ---p 0000c000 08:08 1717405                    /usr/lib/jvm/java-8-openjdk-amd64/jre/lib/amd64/libprism_es2.so
7fe2c5d4c000-7fe2c5d4d000 r--p 0000b000 08:08 1717405                    /usr/lib/jvm/java-8-openjdk-amd64/jre/lib/amd64/libprism_es2.so
7fe2c5d4d000-7fe2c5d4e000 rw-p 0000c000 08:08 1717405                    /usr/lib/jvm/java-8-openjdk-amd64/jre/lib/amd64/libprism_es2.so
7fe2c5d4e000-7fe2c5d51000 ---p 00000000 00:00 0 
7fe2c5d51000-7fe2c5e4f000 rw-p 00000000 00:00 0 
7fe2c5e4f000-7fe2c5ee5000 r--s 007ce000 08:08 2654625                    /usr/share/java/openjfx/jre/lib/ext/jfxrt.jar
7fe2c5ee5000-7fe2c5f00000 r--s 001d6000 08:08 1715183                    /usr/lib/jvm/java-8-openjdk-amd64/jre/lib/ext/nashorn.jar
7fe2c5f00000-7fe2c5f1b000 r--s 00394000 08:08 1715178                    /usr/lib/jvm/java-8-openjdk-amd64/jre/lib/ext/cldrdata.jar
7fe2c5f1b000-7fe2c5f1c000 ---p 00000000 00:00 0 
7fe2c5f1c000-7fe2c601c000 rw-p 00000000 00:00 0 
7fe2c601c000-7fe2c601f000 ---p 00000000 00:00 0 
7fe2c601f000-7fe2c611d000 rw-p 00000000 00:00 0 
7fe2c611d000-7fe2c6120000 ---p 00000000 00:00 0 
7fe2c6120000-7fe2c621e000 rw-p 00000000 00:00 0 
7fe2c621e000-7fe2c6221000 ---p 00000000 00:00 0 
7fe2c6221000-7fe2c631f000 rw-p 00000000 00:00 0 
7fe2c631f000-7fe2c6322000 ---p 00000000 00:00 0 
7fe2c6322000-7fe2c6420000 rw-p 00000000 00:00 0 
7fe2c6420000-7fe2c65bb000 r--p 00000000 08:08 1711771                    /usr/lib/locale/locale-archive
7fe2c65bb000-7fe2c65be000 ---p 00000000 00:00 0 
7fe2c65be000-7fe2c66bc000 rw-p 00000000 00:00 0 
7fe2c66bc000-7fe2c66bf000 ---p 00000000 00:00 0 
7fe2c66bf000-7fe2c67bd000 rw-p 00000000 00:00 0 
7fe2c67bd000-7fe2c67be000 ---p 00000000 00:00 0 
7fe2c67be000-7fe2c71e8000 rw-p 00000000 00:00 0 
7fe2c71e8000-7fe2c73b7000 r--s 03c33000 08:08 1715207                    /usr/lib/jvm/java-8-openjdk-amd64/jre/lib/rt.jar
7fe2c73b7000-7fe2c8000000 rw-p 00000000 00:00 0 
7fe2c8000000-7fe2c8021000 rw-p 00000000 00:00 0 
7fe2c8021000-7fe2cc000000 ---p 00000000 00:00 0 
7fe2cc000000-7fe2cc001000 rw-s 00000000 00:18 151                        /i915 (deleted)
7fe2cc001000-7fe2cfdca000 rw-p 00000000 00:00 0 
7fe2cfdca000-7fe2d002d000 ---p 00000000 00:00 0 
7fe2d002d000-7fe2d0057000 rw-p 00000000 00:00 0 
7fe2d0057000-7fe2d02b9000 ---p 00000000 00:00 0 
7fe2d02b9000-7fe2d02de000 rw-p 00000000 00:00 0 
7fe2d02de000-7fe2d0400000 ---p 00000000 00:00 0 
7fe2d0400000-7fe2d0418000 rw-p 00000000 00:00 0 
7fe2d0418000-7fe2d07c1000 ---p 00000000 00:00 0 
7fe2d07c1000-7fe2d0d51000 rwxp 00000000 00:00 0 
7fe2d0d51000-7fe2df7c1000 ---p 00000000 00:00 0 
7fe2df7c1000-7fe2df7c9000 r-xp 00000000 08:08 1715164                    /usr/lib/jvm/java-8-openjdk-amd64/jre/lib/amd64/libzip.so
7fe2df7c9000-7fe2df9c8000 ---p 00008000 08:08 1715164                    /usr/lib/jvm/java-8-openjdk-amd64/jre/lib/amd64/libzip.so
7fe2df9c8000-7fe2df9c9000 r--p 00007000 08:08 1715164                    /usr/lib/jvm/java-8-openjdk-amd64/jre/lib/amd64/libzip.so
7fe2df9c9000-7fe2df9ca000 rw-p 00008000 08:08 1715164                    /usr/lib/jvm/java-8-openjdk-amd64/jre/lib/amd64/libzip.so
7fe2df9ca000-7fe2df9d4000 r-xp 00000000 08:08 1974648                    /usr/lib/x86_64-linux-gnu/libnss_files-2.24.so
7fe2df9d4000-7fe2dfbd4000 ---p 0000a000 08:08 1974648                    /usr/lib/x86_64-linux-gnu/libnss_files-2.24.so
7fe2dfbd4000-7fe2dfbd5000 r--p 0000a000 08:08 1974648                    /usr/lib/x86_64-linux-gnu/libnss_files-2.24.so
7fe2dfbd5000-7fe2dfbd6000 rw-p 0000b000 08:08 1974648                    /usr/lib/x86_64-linux-gnu/libnss_files-2.24.so
7fe2dfbd6000-7fe2dfbdc000 rw-p 00000000 00:00 0 
7fe2dfbdc000-7fe2dfbe7000 r-xp 00000000 08:08 1974654                    /usr/lib/x86_64-linux-gnu/libnss_nis-2.24.so
7fe2dfbe7000-7fe2dfde6000 ---p 0000b000 08:08 1974654                    /usr/lib/x86_64-linux-gnu/libnss_nis-2.24.so
7fe2dfde6000-7fe2dfde7000 r--p 0000a000 08:08 1974654                    /usr/lib/x86_64-linux-gnu/libnss_nis-2.24.so
7fe2dfde7000-7fe2dfde8000 rw-p 0000b000 08:08 1974654                    /usr/lib/x86_64-linux-gnu/libnss_nis-2.24.so
7fe2dfde8000-7fe2dfdfc000 r-xp 00000000 08:08 1974636                    /usr/lib/x86_64-linux-gnu/libnsl-2.24.so
7fe2dfdfc000-7fe2dfffc000 ---p 00014000 08:08 1974636                    /usr/lib/x86_64-linux-gnu/libnsl-2.24.so
7fe2dfffc000-7fe2dfffd000 r--p 00014000 08:08 1974636                    /usr/lib/x86_64-linux-gnu/libnsl-2.24.so
7fe2dfffd000-7fe2dfffe000 rw-p 00015000 08:08 1974636                    /usr/lib/x86_64-linux-gnu/libnsl-2.24.so
7fe2dfffe000-7fe2e0000000 rw-p 00000000 00:00 0 
7fe2e0000000-7fe2e0270000 rw-p 00000000 00:00 0 
7fe2e0270000-7fe2e4000000 ---p 00000000 00:00 0 
7fe2e4000000-7fe2e4001000 r--s 00000000 08:08 1572912                    /var/cache/fontconfig/16c2fda60d1b4b719f4b3d06fd951d25-le64.cache-4
7fe2e4001000-7fe2e4002000 r--s 00000000 08:08 1590384                    /var/cache/fontconfig/2736766d4907c6828b9382ebdbe3064b-le64.cache-4
7fe2e4002000-7fe2e4003000 ---p 00000000 00:00 0 
7fe2e4003000-7fe2e4103000 rw-p 00000000 00:00 0 
7fe2e4103000-7fe2e4104000 ---p 00000000 00:00 0 
7fe2e4104000-7fe2e4204000 rw-p 00000000 00:00 0 
7fe2e4204000-7fe2e420b000 r-xp 00000000 08:08 1974642                    /usr/lib/x86_64-linux-gnu/libnss_compat-2.24.so
7fe2e420b000-7fe2e440a000 ---p 00007000 08:08 1974642                    /usr/lib/x86_64-linux-gnu/libnss_compat-2.24.so
7fe2e440a000-7fe2e440b000 r--p 00006000 08:08 1974642                    /usr/lib/x86_64-linux-gnu/libnss_compat-2.24.so
7fe2e440b000-7fe2e440c000 rw-p 00007000 08:08 1974642                    /usr/lib/x86_64-linux-gnu/libnss_compat-2.24.so
7fe2e440c000-7fe2e4439000 r-xp 00000000 08:08 1715145                    /usr/lib/jvm/java-8-openjdk-amd64/jre/lib/amd64/libjava.so
7fe2e4439000-7fe2e4639000 ---p 0002d000 08:08 1715145                    /usr/lib/jvm/java-8-openjdk-amd64/jre/lib/amd64/libjava.so
7fe2e4639000-7fe2e463a000 r--p 0002d000 08:08 1715145                    /usr/lib/jvm/java-8-openjdk-amd64/jre/lib/amd64/libjava.so
7fe2e463a000-7fe2e463c000 rw-p 0002e000 08:08 1715145                    /usr/lib/jvm/java-8-openjdk-amd64/jre/lib/amd64/libjava.so
7fe2e463c000-7fe2e464b000 r-xp 00000000 08:08 1715163                    /usr/lib/jvm/java-8-openjdk-amd64/jre/lib/amd64/libverify.so
7fe2e464b000-7fe2e484b000 ---p 0000f000 08:08 1715163                    /usr/lib/jvm/java-8-openjdk-amd64/jre/lib/amd64/libverify.so
7fe2e484b000-7fe2e484d000 r--p 0000f000 08:08 1715163                    /usr/lib/jvm/java-8-openjdk-amd64/jre/lib/amd64/libverify.so
7fe2e484d000-7fe2e484e000 rw-p 00011000 08:08 1715163                    /usr/lib/jvm/java-8-openjdk-amd64/jre/lib/amd64/libverify.so
7fe2e484e000-7fe2e4855000 r-xp 00000000 08:08 1974898                    /usr/lib/x86_64-linux-gnu/librt-2.24.so
7fe2e4855000-7fe2e4a54000 ---p 00007000 08:08 1974898                    /usr/lib/x86_64-linux-gnu/librt-2.24.so
7fe2e4a54000-7fe2e4a55000 r--p 00006000 08:08 1974898                    /usr/lib/x86_64-linux-gnu/librt-2.24.so
7fe2e4a55000-7fe2e4a56000 rw-p 00007000 08:08 1974898                    /usr/lib/x86_64-linux-gnu/librt-2.24.so
7fe2e4a56000-7fe2e4a6c000 r-xp 00000000 08:08 1974006                    /usr/lib/x86_64-linux-gnu/libgcc_s.so.1
7fe2e4a6c000-7fe2e4c6b000 ---p 00016000 08:08 1974006                    /usr/lib/x86_64-linux-gnu/libgcc_s.so.1
7fe2e4c6b000-7fe2e4c6c000 r--p 00015000 08:08 1974006                    /usr/lib/x86_64-linux-gnu/libgcc_s.so.1
7fe2e4c6c000-7fe2e4c6d000 rw-p 00016000 08:08 1974006                    /usr/lib/x86_64-linux-gnu/libgcc_s.so.1
7fe2e4c6d000-7fe2e4d70000 r-xp 00000000 08:08 1974512                    /usr/lib/x86_64-linux-gnu/libm-2.24.so
7fe2e4d70000-7fe2e4f6f000 ---p 00103000 08:08 1974512                    /usr/lib/x86_64-linux-gnu/libm-2.24.so
7fe2e4f6f000-7fe2e4f70000 r--p 00102000 08:08 1974512                    /usr/lib/x86_64-linux-gnu/libm-2.24.so
7fe2e4f70000-7fe2e4f71000 rw-p 00103000 08:08 1974512                    /usr/lib/x86_64-linux-gnu/libm-2.24.so
7fe2e4f71000-7fe2e50e3000 r-xp 00000000 08:08 1975001                    /usr/lib/x86_64-linux-gnu/libstdc++.so.6.0.22
7fe2e50e3000-7fe2e52e3000 ---p 00172000 08:08 1975001                    /usr/lib/x86_64-linux-gnu/libstdc++.so.6.0.22
7fe2e52e3000-7fe2e52ed000 r--p 00172000 08:08 1975001                    /usr/lib/x86_64-linux-gnu/libstdc++.so.6.0.22
7fe2e52ed000-7fe2e52ef000 rw-p 0017c000 08:08 1975001                    /usr/lib/x86_64-linux-gnu/libstdc++.so.6.0.22
7fe2e52ef000-7fe2e52f3000 rw-p 00000000 00:00 0 
7fe2e52f3000-7fe2e5f52000 r-xp 00000000 08:08 1715167                    /usr/lib/jvm/java-8-openjdk-amd64/jre/lib/amd64/server/libjvm.so
7fe2e5f52000-7fe2e6151000 ---p 00c5f000 08:08 1715167                    /usr/lib/jvm/java-8-openjdk-amd64/jre/lib/amd64/server/libjvm.so
7fe2e6151000-7fe2e61e5000 r--p 00c5e000 08:08 1715167                    /usr/lib/jvm/java-8-openjdk-amd64/jre/lib/amd64/server/libjvm.so
7fe2e61e5000-7fe2e620e000 rw-p 00cf2000 08:08 1715167                    /usr/lib/jvm/java-8-openjdk-amd64/jre/lib/amd64/server/libjvm.so
7fe2e620e000-7fe2e623e000 rw-p 00000000 00:00 0 
7fe2e623e000-7fe2e63d3000 r-xp 00000000 08:08 1973682                    /usr/lib/x86_64-linux-gnu/libc-2.24.so
7fe2e63d3000-7fe2e65d3000 ---p 00195000 08:08 1973682                    /usr/lib/x86_64-linux-gnu/libc-2.24.so
7fe2e65d3000-7fe2e65d7000 r--p 00195000 08:08 1973682                    /usr/lib/x86_64-linux-gnu/libc-2.24.so
7fe2e65d7000-7fe2e65d9000 rw-p 00199000 08:08 1973682                    /usr/lib/x86_64-linux-gnu/libc-2.24.so
7fe2e65d9000-7fe2e65dd000 rw-p 00000000 00:00 0 
7fe2e65dd000-7fe2e65e0000 r-xp 00000000 08:08 1973821                    /usr/lib/x86_64-linux-gnu/libdl-2.24.so
7fe2e65e0000-7fe2e67df000 ---p 00003000 08:08 1973821                    /usr/lib/x86_64-linux-gnu/libdl-2.24.so
7fe2e67df000-7fe2e67e0000 r--p 00002000 08:08 1973821                    /usr/lib/x86_64-linux-gnu/libdl-2.24.so
7fe2e67e0000-7fe2e67e1000 rw-p 00003000 08:08 1973821                    /usr/lib/x86_64-linux-gnu/libdl-2.24.so
7fe2e67e1000-7fe2e67ee000 r-xp 00000000 08:08 1715131                    /usr/lib/jvm/java-8-openjdk-amd64/jre/lib/amd64/jli/libjli.so
7fe2e67ee000-7fe2e69ee000 ---p 0000d000 08:08 1715131                    /usr/lib/jvm/java-8-openjdk-amd64/jre/lib/amd64/jli/libjli.so
7fe2e69ee000-7fe2e69ef000 r--p 0000d000 08:08 1715131                    /usr/lib/jvm/java-8-openjdk-amd64/jre/lib/amd64/jli/libjli.so
7fe2e69ef000-7fe2e69f0000 rw-p 0000e000 08:08 1715131                    /usr/lib/jvm/java-8-openjdk-amd64/jre/lib/amd64/jli/libjli.so
7fe2e69f0000-7fe2e6a09000 r-xp 00000000 08:08 1975262                    /usr/lib/x86_64-linux-gnu/libz.so.1.2.8
7fe2e6a09000-7fe2e6c08000 ---p 00019000 08:08 1975262                    /usr/lib/x86_64-linux-gnu/libz.so.1.2.8
7fe2e6c08000-7fe2e6c09000 r--p 00018000 08:08 1975262                    /usr/lib/x86_64-linux-gnu/libz.so.1.2.8
7fe2e6c09000-7fe2e6c0a000 rw-p 00019000 08:08 1975262                    /usr/lib/x86_64-linux-gnu/libz.so.1.2.8
7fe2e6c0a000-7fe2e6c22000 r-xp 00000000 08:08 1974838                    /usr/lib/x86_64-linux-gnu/libpthread-2.24.so
7fe2e6c22000-7fe2e6e21000 ---p 00018000 08:08 1974838                    /usr/lib/x86_64-linux-gnu/libpthread-2.24.so
7fe2e6e21000-7fe2e6e22000 r--p 00017000 08:08 1974838                    /usr/lib/x86_64-linux-gnu/libpthread-2.24.so
7fe2e6e22000-7fe2e6e23000 rw-p 00018000 08:08 1974838                    /usr/lib/x86_64-linux-gnu/libpthread-2.24.so
7fe2e6e23000-7fe2e6e27000 rw-p 00000000 00:00 0 
7fe2e6e27000-7fe2e6e4a000 r-xp 00000000 08:08 1973230                    /usr/lib/x86_64-linux-gnu/ld-2.24.so
7fe2e6e4a000-7fe2e6e4b000 r--s 00008000 08:09 13369446                   /home/atomx/.eclipse/org.eclipse.platform_4.12.0_1473617060_linux_gtk_x86_64/plugins/org.eclipse.fx.ide.css.jfx8_3.5.0.201902220800.jar
7fe2e6e4c000-7fe2e6e4d000 rwxp 00000000 00:00 0 
7fe2e6e4d000-7fe2e6e51000 rw-s 00000000 00:18 124                        /i915 (deleted)
7fe2e6e51000-7fe2e6e54000 r--s 0000f000 08:08 1715180                    /usr/lib/jvm/java-8-openjdk-amd64/jre/lib/ext/icedtea-sound.jar
7fe2e6e54000-7fe2e6e56000 r--s 00001000 08:08 1715179                    /usr/lib/jvm/java-8-openjdk-amd64/jre/lib/ext/dnsns.jar
7fe2e6e56000-7fe2e6e58000 r--s 00008000 08:08 1715184                    /usr/lib/jvm/java-8-openjdk-amd64/jre/lib/ext/sunec.jar
7fe2e6e58000-7fe2e6e5e000 r--s 0003b000 08:08 1715185                    /usr/lib/jvm/java-8-openjdk-amd64/jre/lib/ext/sunjce_provider.jar
7fe2e6e5e000-7fe2e6e60000 r--s 00007000 08:08 2654545                    /usr/share/java/java-atk-wrapper.jar
7fe2e6e60000-7fe2e6f2b000 rw-p 00000000 00:00 0 
7fe2e6f2b000-7fe2e6f2e000 ---p 00000000 00:00 0 
7fe2e6f2e000-7fe2e702e000 rw-p 00000000 00:00 0 
7fe2e702e000-7fe2e702f000 r--s 00010000 08:08 1715187                    /usr/lib/jvm/java-8-openjdk-amd64/jre/lib/ext/zipfs.jar
7fe2e702f000-7fe2e7030000 r--s 0000a000 08:08 1715181                    /usr/lib/jvm/java-8-openjdk-amd64/jre/lib/ext/jaccess.jar
7fe2e7030000-7fe2e7033000 r--s 00038000 08:08 1715186                    /usr/lib/jvm/java-8-openjdk-amd64/jre/lib/ext/sunpkcs11.jar
7fe2e7033000-7fe2e703d000 r--s 00116000 08:08 1715182                    /usr/lib/jvm/java-8-openjdk-amd64/jre/lib/ext/localedata.jar
7fe2e703d000-7fe2e7045000 rw-s 00000000 08:08 2104380                    /tmp/hsperfdata_atomx/25214
7fe2e7045000-7fe2e7046000 rw-p 00000000 00:00 0 
7fe2e7046000-7fe2e7047000 r--p 00000000 00:00 0 
7fe2e7047000-7fe2e704a000 rw-p 00000000 00:00 0 
7fe2e704a000-7fe2e704b000 r--p 00023000 08:08 1973230                    /usr/lib/x86_64-linux-gnu/ld-2.24.so
7fe2e704b000-7fe2e704c000 rw-p 00024000 08:08 1973230                    /usr/lib/x86_64-linux-gnu/ld-2.24.so
7fe2e704c000-7fe2e704d000 rw-p 00000000 00:00 0 
7ffec9ea0000-7ffec9ec1000 rw-p 00000000 00:00 0                          [stack]
7ffec9f77000-7ffec9f7a000 r--p 00000000 00:00 0                          [vvar]
7ffec9f7a000-7ffec9f7c000 r-xp 00000000 00:00 0                          [vdso]
ffffffffff600000-ffffffffff601000 r-xp 00000000 00:00 0                  [vsyscall]

VM Arguments:
jvm_args: -Dfile.encoding=UTF-8 
java_command: application.Main
java_class_path (initial): /home/atomx/eclipse-workspace/Library/bin:/home/atomx/.eclipse/org.eclipse.platform_4.12.0_1473617060_linux_gtk_x86_64/plugins/org.eclipse.fx.ide.css.jfx8_3.5.0.201902220800.jar:/home/atomx/eclipse-workspace/Library/lib/jfxrt.jar:/home/atomx/eclipse-workspace/Library/lib/mysql-connector-java-8.0.17.jar
Launcher Type: SUN_STANDARD

Environment Variables:
PATH=/usr/local/bin:/usr/bin:/bin:/usr/local/games:/usr/games:/sbin:/usr/sbin
SHELL=/bin/bash
DISPLAY=:0

Signal Handlers:
SIGSEGV: [libjvm.so+0xa74b40], sa_mask[0]=11111111011111111101111111111110, sa_flags=SA_RESTART|SA_SIGINFO
SIGBUS: [libjvm.so+0xa74b40], sa_mask[0]=11111111011111111101111111111110, sa_flags=SA_RESTART|SA_SIGINFO
SIGFPE: [libjvm.so+0x8bd510], sa_mask[0]=11111111011111111101111111111110, sa_flags=SA_RESTART|SA_SIGINFO
SIGPIPE: SIG_IGN, sa_mask[0]=00000000000010000000000000000000, sa_flags=SA_RESTART
SIGXFSZ: [libjvm.so+0x8bd510], sa_mask[0]=11111111011111111101111111111110, sa_flags=SA_RESTART|SA_SIGINFO
SIGILL: [libjvm.so+0x8bd510], sa_mask[0]=11111111011111111101111111111110, sa_flags=SA_RESTART|SA_SIGINFO
SIGUSR1: SIG_DFL, sa_mask[0]=00000000000000000000000000000000, sa_flags=none
SIGUSR2: [libjvm.so+0x8bd3c0], sa_mask[0]=00100000000000000000000000000000, sa_flags=SA_RESTART|SA_SIGINFO
SIGHUP: SIG_IGN, sa_mask[0]=00000000000000000000000000000000, sa_flags=none
SIGINT: [libjvm.so+0x8bd870], sa_mask[0]=11111111011111111101111111111110, sa_flags=SA_RESTART|SA_SIGINFO
SIGTERM: [libjvm.so+0x8bd870], sa_mask[0]=11111111011111111101111111111110, sa_flags=SA_RESTART|SA_SIGINFO
SIGQUIT: [libjvm.so+0x8bd870], sa_mask[0]=11111111011111111101111111111110, sa_flags=SA_RESTART|SA_SIGINFO


---------------  S Y S T E M  ---------------

OS:DISTRIB_ID=Deepin
DISTRIB_RELEASE="15.11"
DISTRIB_DESCRIPTION="Deepin 15.11 "
DISTRIB_CODENAME=stable

uname:Linux 4.15.0-30deepin-generic #31 SMP Fri Nov 30 04:29:02 UTC 2018 x86_64
libc:glibc 2.24 NPTL 2.24 
rlimit: STACK 8192k, CORE 0k, NPROC 30921, NOFILE 1048576, AS infinity
load average:3.36 2.14 1.54

/proc/meminfo:
MemTotal:        8018944 kB
MemFree:         1725296 kB
MemAvailable:    4416036 kB
Buffers:          390324 kB
Cached:          2544668 kB
SwapCached:            0 kB
Active:          4515468 kB
Inactive:        1377276 kB
Active(anon):    2959216 kB
Inactive(anon):   142892 kB
Active(file):    1556252 kB
Inactive(file):  1234384 kB
Unevictable:         112 kB
Mlocked:             112 kB
SwapTotal:       2097148 kB
SwapFree:        2097148 kB
Dirty:              1564 kB
Writeback:             0 kB
AnonPages:       2957704 kB
Mapped:           572812 kB
Shmem:            144364 kB
Slab:             276556 kB
SReclaimable:     210168 kB
SUnreclaim:        66388 kB
KernelStack:       13280 kB
PageTables:        49764 kB
NFS_Unstable:          0 kB
Bounce:                0 kB
WritebackTmp:          0 kB
CommitLimit:     6106620 kB
Committed_AS:    9046468 kB
VmallocTotal:   34359738367 kB
VmallocUsed:           0 kB
VmallocChunk:          0 kB
HardwareCorrupted:     0 kB
AnonHugePages:     14336 kB
ShmemHugePages:        0 kB
ShmemPmdMapped:        0 kB
CmaTotal:              0 kB
CmaFree:               0 kB
HugePages_Total:       0
HugePages_Free:        0
HugePages_Rsvd:        0
HugePages_Surp:        0
Hugepagesize:       2048 kB
DirectMap4k:      443324 kB
DirectMap2M:     7794688 kB


CPU:total 2 (initial active 2) (2 cores per cpu, 1 threads per core) family 6 model 76 stepping 4, cmov, cx8, fxsr, mmx, sse, sse2, sse3, ssse3, sse4.1, sse4.2, popcnt, aes, clmul, erms, 3dnowpref, tsc, tscinvbit

/proc/cpuinfo:
processor	: 0
vendor_id	: GenuineIntel
cpu family	: 6
model		: 76
model name	: Intel(R) Celeron(R) CPU  N3010  @ 1.04GHz
stepping	: 4
microcode	: 0x404
cpu MHz		: 2240.000
cache size	: 1024 KB
physical id	: 0
siblings	: 2
core id		: 0
cpu cores	: 2
apicid		: 0
initial apicid	: 0
fpu		: yes
fpu_exception	: yes
cpuid level	: 11
wp		: yes
flags		: fpu vme de pse tsc msr pae mce cx8 apic sep mtrr pge mca cmov pat pse36 clflush dts acpi mmx fxsr sse sse2 ss ht tm pbe syscall nx rdtscp lm constant_tsc arch_perfmon pebs bts rep_good nopl xtopology tsc_reliable nonstop_tsc cpuid aperfmperf tsc_known_freq pni pclmulqdq dtes64 monitor ds_cpl vmx est tm2 ssse3 cx16 xtpr pdcm sse4_1 sse4_2 movbe popcnt tsc_deadline_timer aes rdrand lahf_lm 3dnowprefetch epb pti tpr_shadow vnmi flexpriority ept vpid tsc_adjust smep erms dtherm ida arat
bugs		: cpu_meltdown spectre_v1 spectre_v2
bogomips	: 2080.00
clflush size	: 64
cache_alignment	: 64
address sizes	: 36 bits physical, 48 bits virtual
power management:

processor	: 1
vendor_id	: GenuineIntel
cpu family	: 6
model		: 76
model name	: Intel(R) Celeron(R) CPU  N3010  @ 1.04GHz
stepping	: 4
microcode	: 0x404
cpu MHz		: 2240.000
cache size	: 1024 KB
physical id	: 0
siblings	: 2
core id		: 2
cpu cores	: 2
apicid		: 4
initial apicid	: 4
fpu		: yes
fpu_exception	: yes
cpuid level	: 11
wp		: yes
flags		: fpu vme de pse tsc msr pae mce cx8 apic sep mtrr pge mca cmov pat pse36 clflush dts acpi mmx fxsr sse sse2 ss ht tm pbe syscall nx rdtscp lm constant_tsc arch_perfmon pebs bts rep_good nopl xtopology tsc_reliable nonstop_tsc cpuid aperfmperf tsc_known_freq pni pclmulqdq dtes64 monitor ds_cpl vmx est tm2 ssse3 cx16 xtpr pdcm sse4_1 sse4_2 movbe popcnt tsc_deadline_timer aes rdrand lahf_lm 3dnowprefetch epb pti tpr_shadow vnmi flexpriority ept vpid tsc_adjust smep erms dtherm ida arat
bugs		: cpu_meltdown spectre_v1 spectre_v2
bogomips	: 2080.00
clflush size	: 64
cache_alignment	: 64
address sizes	: 36 bits physical, 48 bits virtual
power management:



Memory: 4k page, physical 8018944k(1725296k free), swap 2097148k(2097148k free)

vm_info: OpenJDK 64-Bit Server VM (25.181-b13) for linux-amd64 JRE (1.8.0_181-8u181-b13-2~deb9u1-b13), built on Oct 22 2018 18:05:23 by "pbuilder" with gcc 6.3.0 20170516

time: Sat Aug 31 14:16:34 2019
elapsed time: 15 seconds (0d 0h 0m 15s)

