#
# A fatal error has been detected by the Java Runtime Environment:
#
#  SIGSEGV (0xb) at pc=0x00007fe9cd53007d, pid=27184, tid=0x00007fe97a8bb700
#
# JRE version: OpenJDK Runtime Environment (8.0_181-b13) (build 1.8.0_181-8u181-b13-2~deb9u1-b13)
# Java VM: OpenJDK 64-Bit Server VM (25.181-b13 mixed mode linux-amd64 compressed oops)
# Problematic frame:
# V  [libjvm.so+0x68107d]
#
# Failed to write core dump. Core dumps have been disabled. To enable core dumping, try "ulimit -c unlimited" before starting Java again
#
# If you would like to submit a bug report, please visit:
#   http://bugreport.java.com/bugreport/crash.jsp
#

---------------  T H R E A D  ---------------

Current thread (0x00007fe9c82bb800):  JavaThread "JavaFX Application Thread" [_thread_in_vm, id=27205, stack(0x00007fe97a7bb000,0x00007fe97a8bc000)]

siginfo: si_signo: 11 (SIGSEGV), si_code: 1 (SEGV_MAPERR), si_addr: 0xffffffffffffffff

Registers:
RAX=0x0000000000000000, RBX=0x00007fe9c82bb800, RCX=0x00007fe9c8280258, RDX=0xffffffffffffffff
RSP=0x00007fe97a8ba230, RBP=0x00007fe97a8ba3b0, RSI=0x00007fe97a8ba3d0, RDI=0x00007fe9c82bb9e0
R8 =0x00007fe97a8ba400, R9 =0x00007fe9c82bb800, R10=0x00007fe96c000d08, R11=0x00007fe9b8a37280
R12=0x00007fe9c82bb9e0, R13=0x00007fe9c82bb800, R14=0x00007fe97a8ba490, R15=0xffffffffffffffff
RIP=0x00007fe9cd53007d, EFLAGS=0x0000000000010286, CSGSFS=0x002b000000000033, ERR=0x0000000000000005
  TRAPNO=0x000000000000000e

Top of Stack: (sp=0x00007fe97a8ba230)
0x00007fe97a8ba230:   00007fe97a8ba340 00007fe9cd5171d3
0x00007fe97a8ba240:   00007fe9b34f0fe0 00007fe97a8ba280
0x00007fe97a8ba250:   00007fe90000000e 00007fe9c82bb9e0
0x00007fe97a8ba260:   00007fe97a8ba270 00007fe97a8ba3d0
0x00007fe97a8ba270:   00007fe9b3454cc0 00007fe9c82bb800
0x00007fe97a8ba280:   00007fe9b3454cc0 00007fe9c82bb800
0x00007fe97a8ba290:   00007fe9c82bafa0 00007fe98c011200
0x00007fe97a8ba2a0:   00007fe98c011210 00007fe98c0115e8
0x00007fe97a8ba2b0:   00000000000003d8 00007fe9c82bafe0
0x00007fe97a8ba2c0:   00007fe9b3454cc0 00007fe9c82bb800
0x00007fe97a8ba2d0:   00000000b344ac30 00000000d90ada08
0x00007fe97a8ba2e0:   0000000000000000 00007fe9b83a0e1b
0x00007fe97a8ba2f0:   00007fe9b3454cc0 00007fe9c82bb800
0x00007fe97a8ba300:   0000000000000000 00000000d90f6df0
0x00007fe97a8ba310:   00007fe90000006f 00007fe90000000a
0x00007fe97a8ba320:   00000000daa61518 00007fe900000000
0x00007fe97a8ba330:   00007fe97a8ba420 00007fe97a8ba3e0
0x00007fe97a8ba340:   00007fe97a8ba4d0 0000000100000180
0x00007fe97a8ba350:   0000000000000002 00007fe97a8ba308
0x00007fe97a8ba360:   00007fe97a8ba349 0000000800000005
0x00007fe97a8ba370:   00007fe900000000 00d4197388c9bb00
0x00007fe97a8ba380:   00007fe97a8ba390 00007fe9c82bb800
0x00007fe97a8ba390:   00007fe9c82bb9e0 00007fe9c8280258
0x00007fe97a8ba3a0:   00007fe97a8ba490 ffffffffffffffff
0x00007fe97a8ba3b0:   00007fe97a8ba480 00007fe9cd5336aa
0x00007fe97a8ba3c0:   00007fe96c15a2c0 00007fe97a8ba400
0x00007fe97a8ba3d0:   000000000000000e 00007fe900000000
0x00007fe97a8ba3e0:   00007fe9c82bb800 0000000000000000
0x00007fe97a8ba3f0:   0000000000000067 00d4197388c9bb00
0x00007fe97a8ba400:   00007fe9cdd19938 00007fe9cea437e0
0x00007fe97a8ba410:   00000000c829b8a0 00007fe900000063
0x00007fe97a8ba420:   0000000000000000 0000003000000018 

Instructions: (pc=0x00007fe9cd53007d)
0x00007fe9cd53005d:   ff 48 89 b5 b8 fe ff ff 64 48 8b 04 25 28 00 00
0x00007fe9cd53006d:   00 48 89 45 c8 31 c0 48 85 d2 0f 84 3b 03 00 00
0x00007fe9cd53007d:   4c 8b 32 4d 85 f6 0f 84 2f 03 00 00 49 8b b9 20
0x00007fe9cd53008d:   01 00 00 48 89 cb 4d 89 c4 e8 f5 4c ff ff 4c 89 

Register to memory mapping:

RAX=0x0000000000000000 is an unknown value
RBX=0x00007fe9c82bb800 is a thread
RCX=0x00007fe9c8280258 is an unknown value
RDX=0xffffffffffffffff is an unknown value
RSP=0x00007fe97a8ba230 is pointing into the stack for thread: 0x00007fe9c82bb800
RBP=0x00007fe97a8ba3b0 is pointing into the stack for thread: 0x00007fe9c82bb800
RSI=0x00007fe97a8ba3d0 is pointing into the stack for thread: 0x00007fe9c82bb800
RDI=0x00007fe9c82bb9e0 is an unknown value
R8 =0x00007fe97a8ba400 is pointing into the stack for thread: 0x00007fe9c82bb800
R9 =0x00007fe9c82bb800 is a thread
R10=0x00007fe96c000d08 is an unknown value
R11=0x00007fe9b8a37280 is at entry_point+32 in (nmethod*)0x00007fe9b8a37110
R12=0x00007fe9c82bb9e0 is an unknown value
R13=0x00007fe9c82bb800 is a thread
R14=0x00007fe97a8ba490 is pointing into the stack for thread: 0x00007fe9c82bb800
R15=0xffffffffffffffff is an unknown value


Stack: [0x00007fe97a7bb000,0x00007fe97a8bc000],  sp=0x00007fe97a8ba230,  free space=1020k
Native frames: (J=compiled Java code, j=interpreted, Vv=VM code, C=native code)
V  [libjvm.so+0x68107d]
V  [libjvm.so+0x6846aa]
C  [libglass.so+0x12d33]  JNIEnv_::CallVoidMethod(_jobject*, _jmethodID*, ...)+0x93
C  [libglass.so+0x1ccf6]  WindowContextBase::process_key(_GdkEventKey*)+0x226
C  [libglass.so+0x1a9c0]  WindowContextBase::im_filter_keypress(_GdkEventKey*)+0x1f0
C  [libglass.so+0x23094]
C  [libgdk-x11-2.0.so.0+0x5acbc]

Java frames: (J=compiled Java code, j=interpreted, Vv=VM code)
j  com.sun.glass.ui.gtk.GtkApplication._runLoop(Ljava/lang/Runnable;Z)V+0
j  com.sun.glass.ui.gtk.GtkApplication.lambda$null$5(Ljava/lang/Runnable;Z)V+7
j  com.sun.glass.ui.gtk.GtkApplication$$Lambda$41.run()V+12
j  java.lang.Thread.run()V+11
v  ~StubRoutines::call_stub

---------------  P R O C E S S  ---------------

Java Threads: ( => current thread )
  0x00007fe96c3a1000 JavaThread "Prism Font Disposer" daemon [_thread_blocked, id=27212, stack(0x00007fe9781fd000,0x00007fe9782fe000)]
  0x00007fe96c09f000 JavaThread "mysql-cj-abandoned-connection-cleanup" daemon [_thread_blocked, id=27208, stack(0x00007fe979c77000,0x00007fe979d78000)]
  0x00007fe9c82c3000 JavaThread "JavaFX-Launcher" [_thread_blocked, id=27207, stack(0x00007fe979d78000,0x00007fe979e79000)]
=>0x00007fe9c82bb800 JavaThread "JavaFX Application Thread" [_thread_in_vm, id=27205, stack(0x00007fe97a7bb000,0x00007fe97a8bc000)]
  0x00007fe9c82b7800 JavaThread "Thread-1" daemon [_thread_blocked, id=27203, stack(0x00007fe97a8bc000,0x00007fe97a9bd000)]
  0x00007fe9c8269000 JavaThread "QuantumRenderer-0" daemon [_thread_blocked, id=27201, stack(0x00007fe9b18fb000,0x00007fe9b19fc000)]
  0x00007fe9c80b9800 JavaThread "Service Thread" daemon [_thread_blocked, id=27199, stack(0x00007fe9b1bc9000,0x00007fe9b1cca000)]
  0x00007fe9c80b7000 JavaThread "C1 CompilerThread1" daemon [_thread_in_native, id=27198, stack(0x00007fe9b1cca000,0x00007fe9b1dcb000)]
  0x00007fe9c80b4000 JavaThread "C2 CompilerThread0" daemon [_thread_in_native, id=27197, stack(0x00007fe9b1dcb000,0x00007fe9b1ecc000)]
  0x00007fe9c80b2800 JavaThread "Signal Dispatcher" daemon [_thread_blocked, id=27196, stack(0x00007fe9b1ecc000,0x00007fe9b1fcd000)]
  0x00007fe9c8080000 JavaThread "Finalizer" daemon [_thread_blocked, id=27195, stack(0x00007fe9b2168000,0x00007fe9b2269000)]
  0x00007fe9c807d800 JavaThread "Reference Handler" daemon [_thread_blocked, id=27194, stack(0x00007fe9b2269000,0x00007fe9b236a000)]
  0x00007fe9c800a800 JavaThread "main" [_thread_blocked, id=27189, stack(0x00007fe9ceae7000,0x00007fe9cebe8000)]

Other Threads:
  0x00007fe9c8074000 VMThread [stack: 0x00007fe9b236a000,0x00007fe9b246b000] [id=27193]
  0x00007fe9c80bc000 WatcherThread [stack: 0x00007fe9b1ac8000,0x00007fe9b1bc9000] [id=27200]

VM state:not at safepoint (normal execution)

VM Mutex/Monitor currently owned by a thread: None

Heap:
 PSYoungGen      total 68608K, used 1385K [0x00000000d7380000, 0x00000000df980000, 0x0000000100000000)
  eden space 63488K, 2% used [0x00000000d7380000,0x00000000d74da730,0x00000000db180000)
  from space 5120K, 0% used [0x00000000db180000,0x00000000db180000,0x00000000db680000)
  to   space 5120K, 0% used [0x00000000df480000,0x00000000df480000,0x00000000df980000)
 ParOldGen       total 61952K, used 13297K [0x0000000085a00000, 0x0000000089680000, 0x00000000d7380000)
  object space 61952K, 21% used [0x0000000085a00000,0x00000000866fc700,0x0000000089680000)
 Metaspace       used 20467K, capacity 21310K, committed 21504K, reserved 1067008K
  class space    used 2748K, capacity 2950K, committed 3072K, reserved 1048576K

Card table byte_map: [0x00007fe9b7bf5000,0x00007fe9b7fc9000] byte_map_base: 0x00007fe9b77c8000

Marking Bits: (ParMarkBitMap*) 0x00007fe9cdddd3a0
 Begin Bits: [0x00007fe9b3b37000, 0x00007fe9b59cf000)
 End Bits:   [0x00007fe9b59cf000, 0x00007fe9b7867000)

Polling page: 0x00007fe9cec02000

CodeCache: size=245760Kb used=7484Kb max_used=7497Kb free=238275Kb
 bounds [0x00007fe9b8389000, 0x00007fe9b8ae9000, 0x00007fe9c7389000]
 total_blobs=3226 nmethods=2527 adapters=614
 compilation: enabled

Compilation events (10 events):
Event: 26.294 Thread 0x00007fe9c80b7000 nmethod 2545 0x00007fe9b849e850 code [0x00007fe9b849e9e0, 0x00007fe9b849ed48]
Event: 26.294 Thread 0x00007fe9c80b7000 2547       3       javafx.scene.CssStyleHelper::getCachedFont (155 bytes)
Event: 26.317 Thread 0x00007fe9c80b7000 nmethod 2547 0x00007fe9b8ad7b90 code [0x00007fe9b8ad7e60, 0x00007fe9b8ad90b8]
Event: 26.317 Thread 0x00007fe9c80b7000 2548       3       java.util.Collections::emptyIterator (4 bytes)
Event: 26.319 Thread 0x00007fe9c80b7000 nmethod 2548 0x00007fe9b84b5e90 code [0x00007fe9b84b5fe0, 0x00007fe9b84b6110]
Event: 26.321 Thread 0x00007fe9c80b7000 2550       3       javafx.scene.Node::reapplyCss (174 bytes)
Event: 26.325 Thread 0x00007fe9c80b7000 nmethod 2550 0x00007fe9b8ad9950 code [0x00007fe9b8ad9c00, 0x00007fe9b8adb1c8]
Event: 26.325 Thread 0x00007fe9c80b7000 2551       3       com.sun.javafx.css.StyleManager$Cache$Key::equals (75 bytes)
Event: 26.327 Thread 0x00007fe9c80b7000 nmethod 2551 0x00007fe9b849ded0 code [0x00007fe9b849e080, 0x00007fe9b849e6b8]
Event: 26.328 Thread 0x00007fe9c80b7000 2552   !   3       com.sun.javafx.css.StyleManager::findMatchingStyles (1260 bytes)

GC Heap History (8 events):
Event: 2.050 GC heap before
{Heap before GC invocations=1 (full 0):
 PSYoungGen      total 36864K, used 31744K [0x00000000d7380000, 0x00000000d9c80000, 0x0000000100000000)
  eden space 31744K, 100% used [0x00000000d7380000,0x00000000d9280000,0x00000000d9280000)
  from space 5120K, 0% used [0x00000000d9780000,0x00000000d9780000,0x00000000d9c80000)
  to   space 5120K, 0% used [0x00000000d9280000,0x00000000d9280000,0x00000000d9780000)
 ParOldGen       total 84992K, used 0K [0x0000000085a00000, 0x000000008ad00000, 0x00000000d7380000)
  object space 84992K, 0% used [0x0000000085a00000,0x0000000085a00000,0x000000008ad00000)
 Metaspace       used 11559K, capacity 11934K, committed 12032K, reserved 1060864K
  class space    used 1353K, capacity 1517K, committed 1536K, reserved 1048576K
Event: 2.077 GC heap after
Heap after GC invocations=1 (full 0):
 PSYoungGen      total 36864K, used 5099K [0x00000000d7380000, 0x00000000dbb80000, 0x0000000100000000)
  eden space 31744K, 0% used [0x00000000d7380000,0x00000000d7380000,0x00000000d9280000)
  from space 5120K, 99% used [0x00000000d9280000,0x00000000d977ac70,0x00000000d9780000)
  to   space 5120K, 0% used [0x00000000db680000,0x00000000db680000,0x00000000dbb80000)
 ParOldGen       total 84992K, used 1932K [0x0000000085a00000, 0x000000008ad00000, 0x00000000d7380000)
  object space 84992K, 2% used [0x0000000085a00000,0x0000000085be30e8,0x000000008ad00000)
 Metaspace       used 11559K, capacity 11934K, committed 12032K, reserved 1060864K
  class space    used 1353K, capacity 1517K, committed 1536K, reserved 1048576K
}
Event: 2.492 GC heap before
{Heap before GC invocations=2 (full 0):
 PSYoungGen      total 36864K, used 36843K [0x00000000d7380000, 0x00000000dbb80000, 0x0000000100000000)
  eden space 31744K, 100% used [0x00000000d7380000,0x00000000d9280000,0x00000000d9280000)
  from space 5120K, 99% used [0x00000000d9280000,0x00000000d977ac70,0x00000000d9780000)
  to   space 5120K, 0% used [0x00000000db680000,0x00000000db680000,0x00000000dbb80000)
 ParOldGen       total 84992K, used 1932K [0x0000000085a00000, 0x000000008ad00000, 0x00000000d7380000)
  object space 84992K, 2% used [0x0000000085a00000,0x0000000085be30e8,0x000000008ad00000)
 Metaspace       used 12669K, capacity 13034K, committed 13184K, reserved 1060864K
  class space    used 1518K, capacity 1648K, committed 1664K, reserved 1048576K
Event: 2.505 GC heap after
Heap after GC invocations=2 (full 0):
 PSYoungGen      total 68608K, used 5117K [0x00000000d7380000, 0x00000000dbb80000, 0x0000000100000000)
  eden space 63488K, 0% used [0x00000000d7380000,0x00000000d7380000,0x00000000db180000)
  from space 5120K, 99% used [0x00000000db680000,0x00000000dbb7f5c0,0x00000000dbb80000)
  to   space 5120K, 0% used [0x00000000db180000,0x00000000db180000,0x00000000db680000)
 ParOldGen       total 84992K, used 2767K [0x0000000085a00000, 0x000000008ad00000, 0x00000000d7380000)
  object space 84992K, 3% used [0x0000000085a00000,0x0000000085cb3e20,0x000000008ad00000)
 Metaspace       used 12669K, capacity 13034K, committed 13184K, reserved 1060864K
  class space    used 1518K, capacity 1648K, committed 1664K, reserved 1048576K
}
Event: 26.087 GC heap before
{Heap before GC invocations=3 (full 0):
 PSYoungGen      total 68608K, used 63695K [0x00000000d7380000, 0x00000000dbb80000, 0x0000000100000000)
  eden space 63488K, 92% used [0x00000000d7380000,0x00000000dacb4a00,0x00000000db180000)
  from space 5120K, 99% used [0x00000000db680000,0x00000000dbb7f5c0,0x00000000dbb80000)
  to   space 5120K, 0% used [0x00000000db180000,0x00000000db180000,0x00000000db680000)
 ParOldGen       total 84992K, used 2767K [0x0000000085a00000, 0x000000008ad00000, 0x00000000d7380000)
  object space 84992K, 3% used [0x0000000085a00000,0x0000000085cb3e20,0x000000008ad00000)
 Metaspace       used 20301K, capacity 21112K, committed 21248K, reserved 1067008K
  class space    used 2721K, capacity 2949K, committed 3072K, reserved 1048576K
Event: 26.122 GC heap after
Heap after GC invocations=3 (full 0):
 PSYoungGen      total 68608K, used 5116K [0x00000000d7380000, 0x00000000df980000, 0x0000000100000000)
  eden space 63488K, 0% used [0x00000000d7380000,0x00000000d7380000,0x00000000db180000)
  from space 5120K, 99% used [0x00000000db180000,0x00000000db67f070,0x00000000db680000)
  to   space 5120K, 0% used [0x00000000df480000,0x00000000df480000,0x00000000df980000)
 ParOldGen       total 84992K, used 11675K [0x0000000085a00000, 0x000000008ad00000, 0x00000000d7380000)
  object space 84992K, 13% used [0x0000000085a00000,0x0000000086566db0,0x000000008ad00000)
 Metaspace       used 20301K, capacity 21112K, committed 21248K, reserved 1067008K
  class space    used 2721K, capacity 2949K, committed 3072K, reserved 1048576K
}
Event: 26.122 GC heap before
{Heap before GC invocations=4 (full 1):
 PSYoungGen      total 68608K, used 5116K [0x00000000d7380000, 0x00000000df980000, 0x0000000100000000)
  eden space 63488K, 0% used [0x00000000d7380000,0x00000000d7380000,0x00000000db180000)
  from space 5120K, 99% used [0x00000000db180000,0x00000000db67f070,0x00000000db680000)
  to   space 5120K, 0% used [0x00000000df480000,0x00000000df480000,0x00000000df980000)
 ParOldGen       total 84992K, used 11675K [0x0000000085a00000, 0x000000008ad00000, 0x00000000d7380000)
  object space 84992K, 13% used [0x0000000085a00000,0x0000000086566db0,0x000000008ad00000)
 Metaspace       used 20301K, capacity 21112K, committed 21248K, reserved 1067008K
  class space    used 2721K, capacity 2949K, committed 3072K, reserved 1048576K
Event: 26.228 GC heap after
Heap after GC invocations=4 (full 1):
 PSYoungGen      total 68608K, used 0K [0x00000000d7380000, 0x00000000df980000, 0x0000000100000000)
  eden space 63488K, 0% used [0x00000000d7380000,0x00000000d7380000,0x00000000db180000)
  from space 5120K, 0% used [0x00000000db180000,0x00000000db180000,0x00000000db680000)
  to   space 5120K, 0% used [0x00000000df480000,0x00000000df480000,0x00000000df980000)
 ParOldGen       total 61952K, used 13297K [0x0000000085a00000, 0x0000000089680000, 0x00000000d7380000)
  object space 61952K, 21% used [0x0000000085a00000,0x00000000866fc700,0x0000000089680000)
 Metaspace       used 20301K, capacity 21112K, committed 21248K, reserved 1067008K
  class space    used 2721K, capacity 2949K, committed 3072K, reserved 1048576K
}

Deoptimization events (10 events):
Event: 7.336 Thread 0x00007fe9c82bb800 Uncommon trap: reason=class_check action=maybe_recompile pc=0x00007fe9b877dc8c method=java.io.FilterInputStream.read()I @ 4
Event: 7.336 Thread 0x00007fe9c82bb800 Uncommon trap: reason=class_check action=maybe_recompile pc=0x00007fe9b877dc8c method=java.io.FilterInputStream.read()I @ 4
Event: 7.336 Thread 0x00007fe9c82bb800 Uncommon trap: reason=class_check action=maybe_recompile pc=0x00007fe9b877dc8c method=java.io.FilterInputStream.read()I @ 4
Event: 7.336 Thread 0x00007fe9c82bb800 Uncommon trap: reason=class_check action=maybe_recompile pc=0x00007fe9b877dc8c method=java.io.FilterInputStream.read()I @ 4
Event: 11.559 Thread 0x00007fe9c82bb800 Uncommon trap: reason=array_check action=maybe_recompile pc=0x00007fe9b8967130 method=com.sun.javafx.css.SimpleSelector.applies(Ljavafx/css/Styleable;[Ljava/util/Set;I)Z @ 37
Event: 11.559 Thread 0x00007fe9c82bb800 Uncommon trap: reason=array_check action=maybe_recompile pc=0x00007fe9b8967130 method=com.sun.javafx.css.SimpleSelector.applies(Ljavafx/css/Styleable;[Ljava/util/Set;I)Z @ 37
Event: 11.560 Thread 0x00007fe9c82bb800 Uncommon trap: reason=array_check action=maybe_recompile pc=0x00007fe9b8967130 method=com.sun.javafx.css.SimpleSelector.applies(Ljavafx/css/Styleable;[Ljava/util/Set;I)Z @ 37
Event: 11.560 Thread 0x00007fe9c82bb800 Uncommon trap: reason=array_check action=maybe_recompile pc=0x00007fe9b8967130 method=com.sun.javafx.css.SimpleSelector.applies(Ljavafx/css/Styleable;[Ljava/util/Set;I)Z @ 37
Event: 13.581 Thread 0x00007fe9c82bb800 Uncommon trap: reason=unstable_if action=reinterpret pc=0x00007fe9b861c560 method=java.lang.CharacterData.of(I)Ljava/lang/CharacterData; @ 4
Event: 26.078 Thread 0x00007fe9c82bb800 Uncommon trap: reason=unstable_if action=reinterpret pc=0x00007fe9b866345c method=sun.nio.cs.UTF_8$Decoder.decode([BII[C)I @ 30

Classes redefined (0 events):
No events

Internal exceptions (10 events):
Event: 0.400 Thread 0x00007fe9c800a800 Exception <a 'java/security/PrivilegedActionException'> (0x00000000d7635bd8) thrown at [/build/openjdk-8-8u181-b13/src/hotspot/src/share/vm/prims/jvm.cpp, line 1435]
Event: 0.401 Thread 0x00007fe9c800a800 Exception <a 'java/lang/NullPointerException'> (0x00000000d7637180) thrown at [/build/openjdk-8-8u181-b13/src/hotspot/src/share/vm/interpreter/linkResolver.cpp, line 1185]
Event: 1.857 Thread 0x00007fe9c82bb800 Exception <a 'java/lang/NullPointerException'> (0x00000000d8b46270) thrown at [/build/openjdk-8-8u181-b13/src/hotspot/src/share/vm/interpreter/linkResolver.cpp, line 1185]
Event: 1.857 Thread 0x00007fe9c82bb800 Exception <a 'java/lang/NullPointerException'> (0x00000000d8b46270) thrown at [/build/openjdk-8-8u181-b13/src/hotspot/src/share/vm/prims/jvm.cpp, line 1439]
Event: 2.197 Thread 0x00007fe9c82bb800 Implicit null exception at 0x00007fe9b8679557 to 0x00007fe9b8679a0d
Event: 2.198 Thread 0x00007fe9c82bb800 Implicit null exception at 0x00007fe9b867053f to 0x00007fe9b8670bb5
Event: 2.520 Thread 0x00007fe9c82bb800 Exception <a 'java/lang/ArrayIndexOutOfBoundsException'> (0x00000000d73abef8) thrown at [/build/openjdk-8-8u181-b13/src/hotspot/src/share/vm/runtime/sharedRuntime.cpp, line 605]
Event: 2.521 Thread 0x00007fe9c82bb800 Exception <a 'java/lang/ArrayIndexOutOfBoundsException'> (0x00000000d73acbf8) thrown at [/build/openjdk-8-8u181-b13/src/hotspot/src/share/vm/runtime/sharedRuntime.cpp, line 605]
Event: 2.521 Thread 0x00007fe9c82bb800 Exception <a 'java/lang/ArrayIndexOutOfBoundsException'> (0x00000000d73adfa0) thrown at [/build/openjdk-8-8u181-b13/src/hotspot/src/share/vm/runtime/sharedRuntime.cpp, line 605]
Event: 3.145 Thread 0x00007fe9c82bb800 Implicit null exception at 0x00007fe9b86dcf75 to 0x00007fe9b86dd191

Events (10 events):
Event: 26.271 loading class javafx/scene/effect/Reflection$2
Event: 26.271 loading class javafx/scene/effect/Reflection$2 done
Event: 26.272 loading class javafx/scene/effect/Reflection$3
Event: 26.272 loading class javafx/scene/effect/Reflection$3 done
Event: 26.272 loading class javafx/scene/effect/Reflection$1
Event: 26.272 loading class javafx/scene/effect/Reflection$1 done
Event: 26.273 loading class com/sun/javafx/effect/EffectDirtyBits
Event: 26.273 loading class com/sun/javafx/effect/EffectDirtyBits done
Event: 26.274 loading class javafx/scene/Node$MiscProperties$9$1
Event: 26.274 loading class javafx/scene/Node$MiscProperties$9$1 done


Dynamic libraries:
85a00000-89680000 rw-p 00000000 00:00 0 
89680000-d7380000 ---p 00000000 00:00 0 
d7380000-df980000 rw-p 00000000 00:00 0 
df980000-100000000 ---p 00000000 00:00 0 
100000000-100300000 rw-p 00000000 00:00 0 
100300000-140000000 ---p 00000000 00:00 0 
55e57c295000-55e57c296000 r-xp 00000000 08:08 1715118                    /usr/lib/jvm/java-8-openjdk-amd64/jre/bin/java
55e57c495000-55e57c496000 r--p 00000000 08:08 1715118                    /usr/lib/jvm/java-8-openjdk-amd64/jre/bin/java
55e57c496000-55e57c497000 rw-p 00001000 08:08 1715118                    /usr/lib/jvm/java-8-openjdk-amd64/jre/bin/java
55e57ccf7000-55e57cd18000 rw-p 00000000 00:00 0                          [heap]
7fe96877f000-7fe96897f000 rw-p 00000000 00:00 0 
7fe96897f000-7fe968b3f000 rw-s 104b9f000 00:06 344                       /dev/dri/card0
7fe968b3f000-7fe968cff000 rw-s 1063e3000 00:06 344                       /dev/dri/card0
7fe968cff000-7fe968fff000 rw-s 105816000 00:06 344                       /dev/dri/card0
7fe968fff000-7fe96c000000 rw-p 00000000 00:00 0 
7fe96c000000-7fe96c56c000 rw-p 00000000 00:00 0 
7fe96c56c000-7fe970000000 ---p 00000000 00:00 0 
7fe970000000-7fe970021000 rw-p 00000000 00:00 0 
7fe970021000-7fe974000000 ---p 00000000 00:00 0 
7fe974000000-7fe974021000 rw-p 00000000 00:00 0 
7fe974021000-7fe978000000 ---p 00000000 00:00 0 
7fe978078000-7fe978079000 rw-s 1031ed000 00:06 344                       /dev/dri/card0
7fe978079000-7fe97807a000 rw-s 104632000 00:06 344                       /dev/dri/card0
7fe97807a000-7fe97807b000 rw-s 104631000 00:06 344                       /dev/dri/card0
7fe97807b000-7fe978080000 rw-s 00000000 00:18 197                        /i915 (deleted)
7fe978080000-7fe978086000 rw-s 1009ce000 00:06 344                       /dev/dri/card0
7fe978086000-7fe978087000 rw-s 104630000 00:06 344                       /dev/dri/card0
7fe978087000-7fe978097000 rw-s 00000000 00:18 186                        /i915 (deleted)
7fe978097000-7fe97809b000 rw-s 00000000 00:18 184                        /i915 (deleted)
7fe97809b000-7fe9780fb000 rw-s 104eba000 00:06 344                       /dev/dri/card0
7fe9780fb000-7fe97815b000 rw-s 1045c7000 00:06 344                       /dev/dri/card0
7fe97815b000-7fe978169000 rw-s 106732000 00:06 344                       /dev/dri/card0
7fe978169000-7fe97816d000 rw-s 00000000 00:18 174                        /i915 (deleted)
7fe97816d000-7fe978172000 rw-s 00000000 00:18 173                        /i915 (deleted)
7fe978172000-7fe978182000 rw-s 00000000 00:18 175                        /i915 (deleted)
7fe978182000-7fe978187000 rw-s 00000000 00:18 155                        /i915 (deleted)
7fe978187000-7fe978197000 rw-s 00000000 00:18 169                        /i915 (deleted)
7fe978197000-7fe9781a3000 rw-s 00000000 00:18 156                        /i915 (deleted)
7fe9781a3000-7fe9781b6000 r--s 00346000 08:08 1715206                    /usr/lib/jvm/java-8-openjdk-amd64/jre/lib/resources.jar
7fe9781b6000-7fe9781fd000 r--p 00000000 08:08 2491713                    /usr/share/fonts/truetype/noto/NotoSans-BoldItalic.ttf
7fe9781fd000-7fe978200000 ---p 00000000 00:00 0 
7fe978200000-7fe9782fe000 rw-p 00000000 00:00 0 
7fe9782fe000-7fe978349000 r--p 00000000 08:08 2491715                    /usr/share/fonts/truetype/noto/NotoSans-Regular.ttf
7fe978349000-7fe978549000 rw-p 00000000 00:00 0 
7fe978549000-7fe978579000 r-xp 00000000 08:08 1973152                    /usr/lib/x86_64-linux-gnu/gtk-2.0/2.10.0/engines/libmurrine.so
7fe978579000-7fe978779000 ---p 00030000 08:08 1973152                    /usr/lib/x86_64-linux-gnu/gtk-2.0/2.10.0/engines/libmurrine.so
7fe978779000-7fe97877a000 r--p 00030000 08:08 1973152                    /usr/lib/x86_64-linux-gnu/gtk-2.0/2.10.0/engines/libmurrine.so
7fe97877a000-7fe97877b000 rw-p 00031000 08:08 1973152                    /usr/lib/x86_64-linux-gnu/gtk-2.0/2.10.0/engines/libmurrine.so
7fe97877b000-7fe97877d000 r-xp 00000000 08:08 1973145                    /usr/lib/x86_64-linux-gnu/gtk-2.0/2.10.0/engines/libadwaita.so
7fe97877d000-7fe97897d000 ---p 00002000 08:08 1973145                    /usr/lib/x86_64-linux-gnu/gtk-2.0/2.10.0/engines/libadwaita.so
7fe97897d000-7fe97897e000 r--p 00002000 08:08 1973145                    /usr/lib/x86_64-linux-gnu/gtk-2.0/2.10.0/engines/libadwaita.so
7fe97897e000-7fe97897f000 rw-p 00003000 08:08 1973145                    /usr/lib/x86_64-linux-gnu/gtk-2.0/2.10.0/engines/libadwaita.so
7fe97897f000-7fe978989000 r-xp 00000000 08:08 1973153                    /usr/lib/x86_64-linux-gnu/gtk-2.0/2.10.0/engines/libpixmap.so
7fe978989000-7fe978b88000 ---p 0000a000 08:08 1973153                    /usr/lib/x86_64-linux-gnu/gtk-2.0/2.10.0/engines/libpixmap.so
7fe978b88000-7fe978b89000 r--p 00009000 08:08 1973153                    /usr/lib/x86_64-linux-gnu/gtk-2.0/2.10.0/engines/libpixmap.so
7fe978b89000-7fe978b8a000 rw-p 0000a000 08:08 1973153                    /usr/lib/x86_64-linux-gnu/gtk-2.0/2.10.0/engines/libpixmap.so
7fe978b8a000-7fe978bcc000 r--s 00000000 08:08 1572909                    /var/cache/fontconfig/0bd3dc0958fa2205aaaa8ebb13e2872b-le64.cache-4
7fe978bcc000-7fe978bd1000 r-xp 00000000 08:08 1717399                    /usr/lib/jvm/java-8-openjdk-amd64/jre/lib/amd64/libjavafx_font_freetype.so
7fe978bd1000-7fe978dd0000 ---p 00005000 08:08 1717399                    /usr/lib/jvm/java-8-openjdk-amd64/jre/lib/amd64/libjavafx_font_freetype.so
7fe978dd0000-7fe978dd1000 r--p 00004000 08:08 1717399                    /usr/lib/jvm/java-8-openjdk-amd64/jre/lib/amd64/libjavafx_font_freetype.so
7fe978dd1000-7fe978dd2000 rw-p 00005000 08:08 1717399                    /usr/lib/jvm/java-8-openjdk-amd64/jre/lib/amd64/libjavafx_font_freetype.so
7fe978dd2000-7fe978fd2000 rw-p 00000000 00:00 0 
7fe978fd2000-7fe978fd5000 r-xp 00000000 08:08 1717398                    /usr/lib/jvm/java-8-openjdk-amd64/jre/lib/amd64/libjavafx_font.so
7fe978fd5000-7fe9791d4000 ---p 00003000 08:08 1717398                    /usr/lib/jvm/java-8-openjdk-amd64/jre/lib/amd64/libjavafx_font.so
7fe9791d4000-7fe9791d5000 r--p 00002000 08:08 1717398                    /usr/lib/jvm/java-8-openjdk-amd64/jre/lib/amd64/libjavafx_font.so
7fe9791d5000-7fe9791d6000 rw-p 00003000 08:08 1717398                    /usr/lib/jvm/java-8-openjdk-amd64/jre/lib/amd64/libjavafx_font.so
7fe9791d6000-7fe97923f000 r-xp 00000000 08:08 1974422                    /usr/lib/x86_64-linux-gnu/libjpeg.so.62.2.0
7fe97923f000-7fe97943f000 ---p 00069000 08:08 1974422                    /usr/lib/x86_64-linux-gnu/libjpeg.so.62.2.0
7fe97943f000-7fe979440000 r--p 00069000 08:08 1974422                    /usr/lib/x86_64-linux-gnu/libjpeg.so.62.2.0
7fe979440000-7fe979441000 rw-p 0006a000 08:08 1974422                    /usr/lib/x86_64-linux-gnu/libjpeg.so.62.2.0
7fe979442000-7fe979443000 rw-s 00000000 00:18 152                        /i915 (deleted)
7fe979443000-7fe979444000 rw-s 00000000 00:18 149                        /i915 (deleted)
7fe979444000-7fe979448000 r--s 00000000 08:08 1572907                    /var/cache/fontconfig/0fafd173547752dce4dee1a69e0b3c95-le64.cache-4
7fe979448000-7fe97944e000 r--s 00000000 08:08 1572928                    /var/cache/fontconfig/3047814df9a2f067bd2d96a2b9c36e5a-le64.cache-4
7fe97944e000-7fe97945a000 r--s 00000000 08:08 1586852                    /var/cache/fontconfig/d589a48862398ed80a3d6066f4f56f4c-le64.cache-4
7fe97945a000-7fe97945e000 r-xp 00000000 08:08 1717401                    /usr/lib/jvm/java-8-openjdk-amd64/jre/lib/amd64/libjavafx_iio.so
7fe97945e000-7fe97965d000 ---p 00004000 08:08 1717401                    /usr/lib/jvm/java-8-openjdk-amd64/jre/lib/amd64/libjavafx_iio.so
7fe97965d000-7fe97965e000 r--p 00003000 08:08 1717401                    /usr/lib/jvm/java-8-openjdk-amd64/jre/lib/amd64/libjavafx_iio.so
7fe97965e000-7fe97965f000 rw-p 00004000 08:08 1717401                    /usr/lib/jvm/java-8-openjdk-amd64/jre/lib/amd64/libjavafx_iio.so
7fe97965f000-7fe97985f000 rw-p 00000000 00:00 0 
7fe97985f000-7fe979a5f000 rw-p 00000000 00:00 0 
7fe979a5f000-7fe979a76000 r-xp 00000000 08:08 1715156                    /usr/lib/jvm/java-8-openjdk-amd64/jre/lib/amd64/libnet.so
7fe979a76000-7fe979c75000 ---p 00017000 08:08 1715156                    /usr/lib/jvm/java-8-openjdk-amd64/jre/lib/amd64/libnet.so
7fe979c75000-7fe979c76000 r--p 00016000 08:08 1715156                    /usr/lib/jvm/java-8-openjdk-amd64/jre/lib/amd64/libnet.so
7fe979c76000-7fe979c77000 rw-p 00017000 08:08 1715156                    /usr/lib/jvm/java-8-openjdk-amd64/jre/lib/amd64/libnet.so
7fe979c77000-7fe979c7a000 ---p 00000000 00:00 0 
7fe979c7a000-7fe979d78000 rw-p 00000000 00:00 0 
7fe979d78000-7fe979d7b000 ---p 00000000 00:00 0 
7fe979d7b000-7fe979e79000 rw-p 00000000 00:00 0 
7fe979e79000-7fe979e7a000 ---p 00000000 00:00 0 
7fe979e7a000-7fe97a67a000 rw-p 00000000 00:00 0 
7fe97a67a000-7fe97a7bb000 rw-s 00000000 08:09 12845132                   /home/atomx/.cache/mesa_shader_cache/index
7fe97a7bb000-7fe97a7be000 ---p 00000000 00:00 0 
7fe97a7be000-7fe97a8bc000 rw-p 00000000 00:00 0 
7fe97a8bc000-7fe97a8bf000 ---p 00000000 00:00 0 
7fe97a8bf000-7fe97a9bd000 rw-p 00000000 00:00 0 
7fe97a9bd000-7fe97a9e6000 r-xp 00000000 08:08 1717396                    /usr/lib/jvm/java-8-openjdk-amd64/jre/lib/amd64/libglass.so
7fe97a9e6000-7fe97abe6000 ---p 00029000 08:08 1717396                    /usr/lib/jvm/java-8-openjdk-amd64/jre/lib/amd64/libglass.so
7fe97abe6000-7fe97abe7000 r--p 00029000 08:08 1717396                    /usr/lib/jvm/java-8-openjdk-amd64/jre/lib/amd64/libglass.so
7fe97abe7000-7fe97abe8000 rw-p 0002a000 08:08 1717396                    /usr/lib/jvm/java-8-openjdk-amd64/jre/lib/amd64/libglass.so
7fe97abe8000-7fe97abe9000 rw-p 00000000 00:00 0 
7fe97abe9000-7fe97abea000 ---p 00000000 00:00 0 
7fe97abea000-7fe97b3ea000 rw-p 00000000 00:00 0 
7fe97b3ea000-7fe97b52b000 rw-s 00000000 08:09 12845132                   /home/atomx/.cache/mesa_shader_cache/index
7fe97b52b000-7fe97b533000 r-xp 00000000 08:08 1974752                    /usr/lib/x86_64-linux-gnu/libpciaccess.so.0.11.1
7fe97b533000-7fe97b733000 ---p 00008000 08:08 1974752                    /usr/lib/x86_64-linux-gnu/libpciaccess.so.0.11.1
7fe97b733000-7fe97b734000 r--p 00008000 08:08 1974752                    /usr/lib/x86_64-linux-gnu/libpciaccess.so.0.11.1
7fe97b734000-7fe97b735000 rw-p 00009000 08:08 1974752                    /usr/lib/x86_64-linux-gnu/libpciaccess.so.0.11.1
7fe97b735000-7fe97b740000 r-xp 00000000 08:08 1973844                    /usr/lib/x86_64-linux-gnu/libdrm_radeon.so.1.0.1
7fe97b740000-7fe97b93f000 ---p 0000b000 08:08 1973844                    /usr/lib/x86_64-linux-gnu/libdrm_radeon.so.1.0.1
7fe97b93f000-7fe97b940000 r--p 0000a000 08:08 1973844                    /usr/lib/x86_64-linux-gnu/libdrm_radeon.so.1.0.1
7fe97b940000-7fe97b941000 rw-p 0000b000 08:08 1973844                    /usr/lib/x86_64-linux-gnu/libdrm_radeon.so.1.0.1
7fe97b941000-7fe97b948000 r-xp 00000000 08:08 1973842                    /usr/lib/x86_64-linux-gnu/libdrm_nouveau.so.2.0.0
7fe97b948000-7fe97bb47000 ---p 00007000 08:08 1973842                    /usr/lib/x86_64-linux-gnu/libdrm_nouveau.so.2.0.0
7fe97bb47000-7fe97bb48000 r--p 00006000 08:08 1973842                    /usr/lib/x86_64-linux-gnu/libdrm_nouveau.so.2.0.0
7fe97bb48000-7fe97bb49000 rw-p 00007000 08:08 1973842                    /usr/lib/x86_64-linux-gnu/libdrm_nouveau.so.2.0.0
7fe97bb49000-7fe97bb6c000 r-xp 00000000 08:08 1973840                    /usr/lib/x86_64-linux-gnu/libdrm_intel.so.1.0.0
7fe97bb6c000-7fe97bd6b000 ---p 00023000 08:08 1973840                    /usr/lib/x86_64-linux-gnu/libdrm_intel.so.1.0.0
7fe97bd6b000-7fe97bd6c000 r--p 00022000 08:08 1973840                    /usr/lib/x86_64-linux-gnu/libdrm_intel.so.1.0.0
7fe97bd6c000-7fe97bd6d000 rw-p 00023000 08:08 1973840                    /usr/lib/x86_64-linux-gnu/libdrm_intel.so.1.0.0
7fe97bd6d000-7fe97c69c000 r-xp 00000000 08:08 1972506                    /usr/lib/x86_64-linux-gnu/dri/i965_dri.so
7fe97c69c000-7fe97c89b000 ---p 0092f000 08:08 1972506                    /usr/lib/x86_64-linux-gnu/dri/i965_dri.so
7fe97c89b000-7fe97c8f5000 r--p 0092e000 08:08 1972506                    /usr/lib/x86_64-linux-gnu/dri/i965_dri.so
7fe97c8f5000-7fe97c900000 rw-p 00988000 08:08 1972506                    /usr/lib/x86_64-linux-gnu/dri/i965_dri.so
7fe97c900000-7fe97c9b3000 rw-p 00000000 00:00 0 
7fe97c9b3000-7fe97c9c3000 r-xp 00000000 08:08 1973836                    /usr/lib/x86_64-linux-gnu/libdrm.so.2.4.0
7fe97c9c3000-7fe97cbc2000 ---p 00010000 08:08 1973836                    /usr/lib/x86_64-linux-gnu/libdrm.so.2.4.0
7fe97cbc2000-7fe97cbc3000 r--p 0000f000 08:08 1973836                    /usr/lib/x86_64-linux-gnu/libdrm.so.2.4.0
7fe97cbc3000-7fe97cbc4000 rw-p 00010000 08:08 1973836                    /usr/lib/x86_64-linux-gnu/libdrm.so.2.4.0
7fe97cbc4000-7fe97cbc8000 r-xp 00000000 08:08 1975194                    /usr/lib/x86_64-linux-gnu/libxcb-dri2.so.0.0.0
7fe97cbc8000-7fe97cdc7000 ---p 00004000 08:08 1975194                    /usr/lib/x86_64-linux-gnu/libxcb-dri2.so.0.0.0
7fe97cdc7000-7fe97cdc8000 r--p 00003000 08:08 1975194                    /usr/lib/x86_64-linux-gnu/libxcb-dri2.so.0.0.0
7fe97cdc8000-7fe97cdc9000 rw-p 00004000 08:08 1975194                    /usr/lib/x86_64-linux-gnu/libxcb-dri2.so.0.0.0
7fe97cdc9000-7fe97cde1000 r-xp 00000000 08:08 1975200                    /usr/lib/x86_64-linux-gnu/libxcb-glx.so.0.0.0
7fe97cde1000-7fe97cfe1000 ---p 00018000 08:08 1975200                    /usr/lib/x86_64-linux-gnu/libxcb-glx.so.0.0.0
7fe97cfe1000-7fe97cfe3000 r--p 00018000 08:08 1975200                    /usr/lib/x86_64-linux-gnu/libxcb-glx.so.0.0.0
7fe97cfe3000-7fe97cfe4000 rw-p 0001a000 08:08 1975200                    /usr/lib/x86_64-linux-gnu/libxcb-glx.so.0.0.0
7fe97cfe4000-7fe97cfe5000 r-xp 00000000 08:08 1973515                    /usr/lib/x86_64-linux-gnu/libX11-xcb.so.1.0.0
7fe97cfe5000-7fe97d1e4000 ---p 00001000 08:08 1973515                    /usr/lib/x86_64-linux-gnu/libX11-xcb.so.1.0.0
7fe97d1e4000-7fe97d1e5000 r--p 00000000 08:08 1973515                    /usr/lib/x86_64-linux-gnu/libX11-xcb.so.1.0.0
7fe97d1e5000-7fe97d1e6000 rw-p 00001000 08:08 1973515                    /usr/lib/x86_64-linux-gnu/libX11-xcb.so.1.0.0
7fe97d1e6000-7fe97d212000 r-xp 00000000 08:08 1974054                    /usr/lib/x86_64-linux-gnu/libglapi.so.0.0.0
7fe97d212000-7fe97d411000 ---p 0002c000 08:08 1974054                    /usr/lib/x86_64-linux-gnu/libglapi.so.0.0.0
7fe97d411000-7fe97d415000 r--p 0002b000 08:08 1974054                    /usr/lib/x86_64-linux-gnu/libglapi.so.0.0.0
7fe97d415000-7fe97d416000 rw-p 0002f000 08:08 1974054                    /usr/lib/x86_64-linux-gnu/libglapi.so.0.0.0
7fe97d416000-7fe97d417000 rw-p 00000000 00:00 0 
7fe97d417000-7fe97d418000 r-xp 00000000 08:08 1975250                    /usr/lib/x86_64-linux-gnu/libxshmfence.so.1.0.0
7fe97d418000-7fe97d617000 ---p 00001000 08:08 1975250                    /usr/lib/x86_64-linux-gnu/libxshmfence.so.1.0.0
7fe97d617000-7fe97d618000 r--p 00000000 08:08 1975250                    /usr/lib/x86_64-linux-gnu/libxshmfence.so.1.0.0
7fe97d618000-7fe97d619000 rw-p 00001000 08:08 1975250                    /usr/lib/x86_64-linux-gnu/libxshmfence.so.1.0.0
7fe97d619000-7fe97d61f000 r-xp 00000000 08:08 1975220                    /usr/lib/x86_64-linux-gnu/libxcb-sync.so.1.0.0
7fe97d61f000-7fe97d81e000 ---p 00006000 08:08 1975220                    /usr/lib/x86_64-linux-gnu/libxcb-sync.so.1.0.0
7fe97d81e000-7fe97d81f000 r--p 00005000 08:08 1975220                    /usr/lib/x86_64-linux-gnu/libxcb-sync.so.1.0.0
7fe97d81f000-7fe97d820000 rw-p 00006000 08:08 1975220                    /usr/lib/x86_64-linux-gnu/libxcb-sync.so.1.0.0
7fe97d820000-7fe97d822000 r-xp 00000000 08:08 1975208                    /usr/lib/x86_64-linux-gnu/libxcb-present.so.0.0.0
7fe97d822000-7fe97da21000 ---p 00002000 08:08 1975208                    /usr/lib/x86_64-linux-gnu/libxcb-present.so.0.0.0
7fe97da21000-7fe97da22000 r--p 00001000 08:08 1975208                    /usr/lib/x86_64-linux-gnu/libxcb-present.so.0.0.0
7fe97da22000-7fe97da23000 rw-p 00002000 08:08 1975208                    /usr/lib/x86_64-linux-gnu/libxcb-present.so.0.0.0
7fe97da23000-7fe97da2a000 r-xp 00000000 08:08 1975224                    /usr/lib/x86_64-linux-gnu/libxcb-xfixes.so.0.0.0
7fe97da2a000-7fe97dc29000 ---p 00007000 08:08 1975224                    /usr/lib/x86_64-linux-gnu/libxcb-xfixes.so.0.0.0
7fe97dc29000-7fe97dc2a000 r--p 00006000 08:08 1975224                    /usr/lib/x86_64-linux-gnu/libxcb-xfixes.so.0.0.0
7fe97dc2a000-7fe97dc2b000 rw-p 00007000 08:08 1975224                    /usr/lib/x86_64-linux-gnu/libxcb-xfixes.so.0.0.0
7fe97dc2b000-7fe97dc2d000 r-xp 00000000 08:08 1975196                    /usr/lib/x86_64-linux-gnu/libxcb-dri3.so.0.0.0
7fe97dc2d000-7fe97de2c000 ---p 00002000 08:08 1975196                    /usr/lib/x86_64-linux-gnu/libxcb-dri3.so.0.0.0
7fe97de2c000-7fe97de2d000 r--p 00001000 08:08 1975196                    /usr/lib/x86_64-linux-gnu/libxcb-dri3.so.0.0.0
7fe97de2d000-7fe97de2e000 rw-p 00002000 08:08 1975196                    /usr/lib/x86_64-linux-gnu/libxcb-dri3.so.0.0.0
7fe97de2e000-7fe97dea0000 r-xp 00000000 08:08 1973267                    /usr/lib/x86_64-linux-gnu/libGLX_mesa.so.0.0.0
7fe97dea0000-7fe97e09f000 ---p 00072000 08:08 1973267                    /usr/lib/x86_64-linux-gnu/libGLX_mesa.so.0.0.0
7fe97e09f000-7fe97e0a2000 r--p 00071000 08:08 1973267                    /usr/lib/x86_64-linux-gnu/libGLX_mesa.so.0.0.0
7fe97e0a2000-7fe97e0a3000 rw-p 00074000 08:08 1973267                    /usr/lib/x86_64-linux-gnu/libGLX_mesa.so.0.0.0
7fe97e0a3000-7fe97e0a4000 rw-p 00000000 00:00 0 
7fe97e0a4000-7fe97e0a8000 r-xp 00000000 08:08 1975099                    /usr/lib/x86_64-linux-gnu/libuuid.so.1.3.0
7fe97e0a8000-7fe97e2a7000 ---p 00004000 08:08 1975099                    /usr/lib/x86_64-linux-gnu/libuuid.so.1.3.0
7fe97e2a7000-7fe97e2a8000 r--p 00003000 08:08 1975099                    /usr/lib/x86_64-linux-gnu/libuuid.so.1.3.0
7fe97e2a8000-7fe97e2a9000 rw-p 00004000 08:08 1975099                    /usr/lib/x86_64-linux-gnu/libuuid.so.1.3.0
7fe97e2a9000-7fe97e2bc000 r-xp 00000000 08:08 1973672                    /usr/lib/x86_64-linux-gnu/libbsd.so.0.8.3
7fe97e2bc000-7fe97e4bc000 ---p 00013000 08:08 1973672                    /usr/lib/x86_64-linux-gnu/libbsd.so.0.8.3
7fe97e4bc000-7fe97e4bd000 r--p 00013000 08:08 1973672                    /usr/lib/x86_64-linux-gnu/libbsd.so.0.8.3
7fe97e4bd000-7fe97e4be000 rw-p 00014000 08:08 1973672                    /usr/lib/x86_64-linux-gnu/libbsd.so.0.8.3
7fe97e4be000-7fe97e4bf000 rw-p 00000000 00:00 0 
7fe97e4bf000-7fe97e4c6000 r-xp 00000000 08:08 1973762                    /usr/lib/x86_64-linux-gnu/libdatrie.so.1.3.3
7fe97e4c6000-7fe97e6c5000 ---p 00007000 08:08 1973762                    /usr/lib/x86_64-linux-gnu/libdatrie.so.1.3.3
7fe97e6c5000-7fe97e6c6000 r--p 00006000 08:08 1973762                    /usr/lib/x86_64-linux-gnu/libdatrie.so.1.3.3
7fe97e6c6000-7fe97e6c7000 rw-p 00007000 08:08 1973762                    /usr/lib/x86_64-linux-gnu/libdatrie.so.1.3.3
7fe97e6c7000-7fe97e6f2000 r-xp 00000000 08:08 1974207                    /usr/lib/x86_64-linux-gnu/libgraphite2.so.3.0.1
7fe97e6f2000-7fe97e8f1000 ---p 0002b000 08:08 1974207                    /usr/lib/x86_64-linux-gnu/libgraphite2.so.3.0.1
7fe97e8f1000-7fe97e8f3000 r--p 0002a000 08:08 1974207                    /usr/lib/x86_64-linux-gnu/libgraphite2.so.3.0.1
7fe97e8f3000-7fe97e8f4000 rw-p 0002c000 08:08 1974207                    /usr/lib/x86_64-linux-gnu/libgraphite2.so.3.0.1
7fe97e8f4000-7fe97e935000 r-xp 00000000 08:08 1973657                    /usr/lib/x86_64-linux-gnu/libblkid.so.1.1.0
7fe97e935000-7fe97eb34000 ---p 00041000 08:08 1973657                    /usr/lib/x86_64-linux-gnu/libblkid.so.1.1.0
7fe97eb34000-7fe97eb38000 r--p 00040000 08:08 1973657                    /usr/lib/x86_64-linux-gnu/libblkid.so.1.1.0
7fe97eb38000-7fe97eb39000 rw-p 00044000 08:08 1973657                    /usr/lib/x86_64-linux-gnu/libblkid.so.1.1.0
7fe97eb39000-7fe97eb3a000 rw-p 00000000 00:00 0 
7fe97eb3a000-7fe97eb3f000 r-xp 00000000 08:08 1973532                    /usr/lib/x86_64-linux-gnu/libXdmcp.so.6.0.0
7fe97eb3f000-7fe97ed3e000 ---p 00005000 08:08 1973532                    /usr/lib/x86_64-linux-gnu/libXdmcp.so.6.0.0
7fe97ed3e000-7fe97ed3f000 r--p 00004000 08:08 1973532                    /usr/lib/x86_64-linux-gnu/libXdmcp.so.6.0.0
7fe97ed3f000-7fe97ed40000 rw-p 00005000 08:08 1973532                    /usr/lib/x86_64-linux-gnu/libXdmcp.so.6.0.0
7fe97ed40000-7fe97ed43000 r-xp 00000000 08:08 1973521                    /usr/lib/x86_64-linux-gnu/libXau.so.6.0.0
7fe97ed43000-7fe97ef42000 ---p 00003000 08:08 1973521                    /usr/lib/x86_64-linux-gnu/libXau.so.6.0.0
7fe97ef42000-7fe97ef43000 r--p 00002000 08:08 1973521                    /usr/lib/x86_64-linux-gnu/libXau.so.6.0.0
7fe97ef43000-7fe97ef44000 rw-p 00003000 08:08 1973521                    /usr/lib/x86_64-linux-gnu/libXau.so.6.0.0
7fe97ef44000-7fe97efb4000 r-xp 00000000 08:08 1973269                    /usr/lib/x86_64-linux-gnu/libGLdispatch.so.0.0.0
7fe97efb4000-7fe97f1b4000 ---p 00070000 08:08 1973269                    /usr/lib/x86_64-linux-gnu/libGLdispatch.so.0.0.0
7fe97f1b4000-7fe97f1dd000 r--p 00070000 08:08 1973269                    /usr/lib/x86_64-linux-gnu/libGLdispatch.so.0.0.0
7fe97f1dd000-7fe97f1de000 rw-p 00099000 08:08 1973269                    /usr/lib/x86_64-linux-gnu/libGLdispatch.so.0.0.0
7fe97f1de000-7fe97f1fe000 rw-p 00000000 00:00 0 
7fe97f1fe000-7fe97f20e000 r-xp 00000000 08:08 1973264                    /usr/lib/x86_64-linux-gnu/libGLX.so.0.0.0
7fe97f20e000-7fe97f40e000 ---p 00010000 08:08 1973264                    /usr/lib/x86_64-linux-gnu/libGLX.so.0.0.0
7fe97f40e000-7fe97f40f000 r--p 00010000 08:08 1973264                    /usr/lib/x86_64-linux-gnu/libGLX.so.0.0.0
7fe97f40f000-7fe97f410000 rw-p 00011000 08:08 1973264                    /usr/lib/x86_64-linux-gnu/libGLX.so.0.0.0
7fe97f410000-7fe97f430000 rw-p 00000000 00:00 0 
7fe97f430000-7fe97f4a2000 r-xp 00000000 08:08 1974757                    /usr/lib/x86_64-linux-gnu/libpcre.so.3.13.3
7fe97f4a2000-7fe97f6a1000 ---p 00072000 08:08 1974757                    /usr/lib/x86_64-linux-gnu/libpcre.so.3.13.3
7fe97f6a1000-7fe97f6a2000 r--p 00071000 08:08 1974757                    /usr/lib/x86_64-linux-gnu/libpcre.so.3.13.3
7fe97f6a2000-7fe97f6a3000 rw-p 00072000 08:08 1974757                    /usr/lib/x86_64-linux-gnu/libpcre.so.3.13.3
7fe97f6a3000-7fe97f6ca000 r-xp 00000000 08:08 1973918                    /usr/lib/x86_64-linux-gnu/libexpat.so.1.6.2
7fe97f6ca000-7fe97f8ca000 ---p 00027000 08:08 1973918                    /usr/lib/x86_64-linux-gnu/libexpat.so.1.6.2
7fe97f8ca000-7fe97f8cc000 r--p 00027000 08:08 1973918                    /usr/lib/x86_64-linux-gnu/libexpat.so.1.6.2
7fe97f8cc000-7fe97f8cd000 rw-p 00029000 08:08 1973918                    /usr/lib/x86_64-linux-gnu/libexpat.so.1.6.2
7fe97f8cd000-7fe97f8d4000 r-xp 00000000 08:08 1973938                    /usr/lib/x86_64-linux-gnu/libffi.so.6.0.4
7fe97f8d4000-7fe97fad4000 ---p 00007000 08:08 1973938                    /usr/lib/x86_64-linux-gnu/libffi.so.6.0.4
7fe97fad4000-7fe97fad5000 r--p 00007000 08:08 1973938                    /usr/lib/x86_64-linux-gnu/libffi.so.6.0.4
7fe97fad5000-7fe97fad6000 rw-p 00008000 08:08 1973938                    /usr/lib/x86_64-linux-gnu/libffi.so.6.0.4
7fe97fad6000-7fe97fade000 r-xp 00000000 08:08 1975032                    /usr/lib/x86_64-linux-gnu/libthai.so.0.3.0
7fe97fade000-7fe97fcde000 ---p 00008000 08:08 1975032                    /usr/lib/x86_64-linux-gnu/libthai.so.0.3.0
7fe97fcde000-7fe97fcdf000 r--p 00008000 08:08 1975032                    /usr/lib/x86_64-linux-gnu/libthai.so.0.3.0
7fe97fcdf000-7fe97fce0000 rw-p 00009000 08:08 1975032                    /usr/lib/x86_64-linux-gnu/libthai.so.0.3.0
7fe97fce0000-7fe97fd73000 r-xp 00000000 08:08 1974304                    /usr/lib/x86_64-linux-gnu/libharfbuzz.so.0.10400.2
7fe97fd73000-7fe97ff72000 ---p 00093000 08:08 1974304                    /usr/lib/x86_64-linux-gnu/libharfbuzz.so.0.10400.2
7fe97ff72000-7fe97ff74000 r--p 00092000 08:08 1974304                    /usr/lib/x86_64-linux-gnu/libharfbuzz.so.0.10400.2
7fe97ff74000-7fe97ff75000 rw-p 00094000 08:08 1974304                    /usr/lib/x86_64-linux-gnu/libharfbuzz.so.0.10400.2
7fe97ff75000-7fe97ffbf000 r-xp 00000000 08:08 1974545                    /usr/lib/x86_64-linux-gnu/libmount.so.1.1.0
7fe97ffbf000-7fe9801bf000 ---p 0004a000 08:08 1974545                    /usr/lib/x86_64-linux-gnu/libmount.so.1.1.0
7fe9801bf000-7fe9801c0000 r--p 0004a000 08:08 1974545                    /usr/lib/x86_64-linux-gnu/libmount.so.1.1.0
7fe9801c0000-7fe9801c1000 rw-p 0004b000 08:08 1974545                    /usr/lib/x86_64-linux-gnu/libmount.so.1.1.0
7fe9801c1000-7fe9801c3000 rw-p 00000000 00:00 0 
7fe9801c3000-7fe9801d7000 r-xp 00000000 08:08 1974883                    /usr/lib/x86_64-linux-gnu/libresolv-2.24.so
7fe9801d7000-7fe9803d6000 ---p 00014000 08:08 1974883                    /usr/lib/x86_64-linux-gnu/libresolv-2.24.so
7fe9803d6000-7fe9803d7000 r--p 00013000 08:08 1974883                    /usr/lib/x86_64-linux-gnu/libresolv-2.24.so
7fe9803d7000-7fe9803d8000 rw-p 00014000 08:08 1974883                    /usr/lib/x86_64-linux-gnu/libresolv-2.24.so
7fe9803d8000-7fe9803da000 rw-p 00000000 00:00 0 
7fe9803da000-7fe9803ff000 r-xp 00000000 08:08 1974931                    /usr/lib/x86_64-linux-gnu/libselinux.so.1
7fe9803ff000-7fe9805fe000 ---p 00025000 08:08 1974931                    /usr/lib/x86_64-linux-gnu/libselinux.so.1
7fe9805fe000-7fe9805ff000 r--p 00024000 08:08 1974931                    /usr/lib/x86_64-linux-gnu/libselinux.so.1
7fe9805ff000-7fe980600000 rw-p 00025000 08:08 1974931                    /usr/lib/x86_64-linux-gnu/libselinux.so.1
7fe980600000-7fe980602000 rw-p 00000000 00:00 0 
7fe980602000-7fe98060e000 r-xp 00000000 08:08 1975214                    /usr/lib/x86_64-linux-gnu/libxcb-render.so.0.0.0
7fe98060e000-7fe98080e000 ---p 0000c000 08:08 1975214                    /usr/lib/x86_64-linux-gnu/libxcb-render.so.0.0.0
7fe98080e000-7fe98080f000 r--p 0000c000 08:08 1975214                    /usr/lib/x86_64-linux-gnu/libxcb-render.so.0.0.0
7fe98080f000-7fe980810000 rw-p 0000d000 08:08 1975214                    /usr/lib/x86_64-linux-gnu/libxcb-render.so.0.0.0
7fe980810000-7fe980837000 r-xp 00000000 08:08 1975232                    /usr/lib/x86_64-linux-gnu/libxcb.so.1.1.0
7fe980837000-7fe980a36000 ---p 00027000 08:08 1975232                    /usr/lib/x86_64-linux-gnu/libxcb.so.1.1.0
7fe980a36000-7fe980a37000 r--p 00026000 08:08 1975232                    /usr/lib/x86_64-linux-gnu/libxcb.so.1.1.0
7fe980a37000-7fe980a38000 rw-p 00027000 08:08 1975232                    /usr/lib/x86_64-linux-gnu/libxcb.so.1.1.0
7fe980a38000-7fe980a3a000 r-xp 00000000 08:08 1975218                    /usr/lib/x86_64-linux-gnu/libxcb-shm.so.0.0.0
7fe980a3a000-7fe980c3a000 ---p 00002000 08:08 1975218                    /usr/lib/x86_64-linux-gnu/libxcb-shm.so.0.0.0
7fe980c3a000-7fe980c3b000 r--p 00002000 08:08 1975218                    /usr/lib/x86_64-linux-gnu/libxcb-shm.so.0.0.0
7fe980c3b000-7fe980c3c000 rw-p 00003000 08:08 1975218                    /usr/lib/x86_64-linux-gnu/libxcb-shm.so.0.0.0
7fe980c3c000-7fe980c6d000 r-xp 00000000 08:08 1974804                    /usr/lib/x86_64-linux-gnu/libpng16.so.16.28.0
7fe980c6d000-7fe980e6d000 ---p 00031000 08:08 1974804                    /usr/lib/x86_64-linux-gnu/libpng16.so.16.28.0
7fe980e6d000-7fe980e6e000 r--p 00031000 08:08 1974804                    /usr/lib/x86_64-linux-gnu/libpng16.so.16.28.0
7fe980e6e000-7fe980e6f000 rw-p 00032000 08:08 1974804                    /usr/lib/x86_64-linux-gnu/libpng16.so.16.28.0
7fe980e6f000-7fe980f0d000 r-xp 00000000 08:08 1974787                    /usr/lib/x86_64-linux-gnu/libpixman-1.so.0.34.0
7fe980f0d000-7fe98110d000 ---p 0009e000 08:08 1974787                    /usr/lib/x86_64-linux-gnu/libpixman-1.so.0.34.0
7fe98110d000-7fe981115000 r--p 0009e000 08:08 1974787                    /usr/lib/x86_64-linux-gnu/libpixman-1.so.0.34.0
7fe981115000-7fe981116000 rw-p 000a6000 08:08 1974787                    /usr/lib/x86_64-linux-gnu/libpixman-1.so.0.34.0
7fe981116000-7fe981127000 r-xp 00000000 08:08 1973534                    /usr/lib/x86_64-linux-gnu/libXext.so.6.4.0
7fe981127000-7fe981326000 ---p 00011000 08:08 1973534                    /usr/lib/x86_64-linux-gnu/libXext.so.6.4.0
7fe981326000-7fe981327000 r--p 00010000 08:08 1973534                    /usr/lib/x86_64-linux-gnu/libXext.so.6.4.0
7fe981327000-7fe981328000 rw-p 00011000 08:08 1973534                    /usr/lib/x86_64-linux-gnu/libXext.so.6.4.0
7fe981328000-7fe981332000 r-xp 00000000 08:08 1973528                    /usr/lib/x86_64-linux-gnu/libXcursor.so.1.0.2
7fe981332000-7fe981531000 ---p 0000a000 08:08 1973528                    /usr/lib/x86_64-linux-gnu/libXcursor.so.1.0.2
7fe981531000-7fe981532000 r--p 00009000 08:08 1973528                    /usr/lib/x86_64-linux-gnu/libXcursor.so.1.0.2
7fe981532000-7fe981533000 rw-p 0000a000 08:08 1973528                    /usr/lib/x86_64-linux-gnu/libXcursor.so.1.0.2
7fe981533000-7fe98153d000 r-xp 00000000 08:08 1973554                    /usr/lib/x86_64-linux-gnu/libXrandr.so.2.2.0
7fe98153d000-7fe98173c000 ---p 0000a000 08:08 1973554                    /usr/lib/x86_64-linux-gnu/libXrandr.so.2.2.0
7fe98173c000-7fe98173d000 r--p 00009000 08:08 1973554                    /usr/lib/x86_64-linux-gnu/libXrandr.so.2.2.0
7fe98173d000-7fe98173e000 rw-p 0000a000 08:08 1973554                    /usr/lib/x86_64-linux-gnu/libXrandr.so.2.2.0
7fe98173e000-7fe98174d000 r-xp 00000000 08:08 1973544                    /usr/lib/x86_64-linux-gnu/libXi.so.6.1.0
7fe98174d000-7fe98194c000 ---p 0000f000 08:08 1973544                    /usr/lib/x86_64-linux-gnu/libXi.so.6.1.0
7fe98194c000-7fe98194d000 r--p 0000e000 08:08 1973544                    /usr/lib/x86_64-linux-gnu/libXi.so.6.1.0
7fe98194d000-7fe98194e000 rw-p 0000f000 08:08 1973544                    /usr/lib/x86_64-linux-gnu/libXi.so.6.1.0
7fe98194e000-7fe981950000 r-xp 00000000 08:08 1973546                    /usr/lib/x86_64-linux-gnu/libXinerama.so.1.0.0
7fe981950000-7fe981b4f000 ---p 00002000 08:08 1973546                    /usr/lib/x86_64-linux-gnu/libXinerama.so.1.0.0
7fe981b4f000-7fe981b50000 r--p 00001000 08:08 1973546                    /usr/lib/x86_64-linux-gnu/libXinerama.so.1.0.0
7fe981b50000-7fe981b51000 rw-p 00002000 08:08 1973546                    /usr/lib/x86_64-linux-gnu/libXinerama.so.1.0.0
7fe981b51000-7fe981b5a000 r-xp 00000000 08:08 1973556                    /usr/lib/x86_64-linux-gnu/libXrender.so.1.3.0
7fe981b5a000-7fe981d59000 ---p 00009000 08:08 1973556                    /usr/lib/x86_64-linux-gnu/libXrender.so.1.3.0
7fe981d59000-7fe981d5a000 r--p 00008000 08:08 1973556                    /usr/lib/x86_64-linux-gnu/libXrender.so.1.3.0
7fe981d5a000-7fe981d5b000 rw-p 00009000 08:08 1973556                    /usr/lib/x86_64-linux-gnu/libXrender.so.1.3.0
7fe981d5b000-7fe981d60000 r-xp 00000000 08:08 1973536                    /usr/lib/x86_64-linux-gnu/libXfixes.so.3.1.0
7fe981d60000-7fe981f5f000 ---p 00005000 08:08 1973536                    /usr/lib/x86_64-linux-gnu/libXfixes.so.3.1.0
7fe981f5f000-7fe981f60000 r--p 00004000 08:08 1973536                    /usr/lib/x86_64-linux-gnu/libXfixes.so.3.1.0
7fe981f60000-7fe981f61000 rw-p 00005000 08:08 1973536                    /usr/lib/x86_64-linux-gnu/libXfixes.so.3.1.0
7fe981f61000-7fe981f63000 r-xp 00000000 08:08 1973530                    /usr/lib/x86_64-linux-gnu/libXdamage.so.1.1.0
7fe981f63000-7fe982162000 ---p 00002000 08:08 1973530                    /usr/lib/x86_64-linux-gnu/libXdamage.so.1.1.0
7fe982162000-7fe982163000 r--p 00001000 08:08 1973530                    /usr/lib/x86_64-linux-gnu/libXdamage.so.1.1.0
7fe982163000-7fe982164000 rw-p 00002000 08:08 1973530                    /usr/lib/x86_64-linux-gnu/libXdamage.so.1.1.0
7fe982164000-7fe982166000 r-xp 00000000 08:08 1973526                    /usr/lib/x86_64-linux-gnu/libXcomposite.so.1.0.0
7fe982166000-7fe982365000 ---p 00002000 08:08 1973526                    /usr/lib/x86_64-linux-gnu/libXcomposite.so.1.0.0
7fe982365000-7fe982366000 r--p 00001000 08:08 1973526                    /usr/lib/x86_64-linux-gnu/libXcomposite.so.1.0.0
7fe982366000-7fe982367000 rw-p 00002000 08:08 1973526                    /usr/lib/x86_64-linux-gnu/libXcomposite.so.1.0.0
7fe982367000-7fe98236a000 r-xp 00000000 08:08 1974072                    /usr/lib/x86_64-linux-gnu/libgmodule-2.0.so.0.5000.3
7fe98236a000-7fe982569000 ---p 00003000 08:08 1974072                    /usr/lib/x86_64-linux-gnu/libgmodule-2.0.so.0.5000.3
7fe982569000-7fe98256a000 r--p 00002000 08:08 1974072                    /usr/lib/x86_64-linux-gnu/libgmodule-2.0.so.0.5000.3
7fe98256a000-7fe98256b000 rw-p 00003000 08:08 1974072                    /usr/lib/x86_64-linux-gnu/libgmodule-2.0.so.0.5000.3
7fe98256b000-7fe9825e0000 r-xp 00000000 08:08 1973258                    /usr/lib/x86_64-linux-gnu/libGL.so.1.7.0
7fe9825e0000-7fe9827e0000 ---p 00075000 08:08 1973258                    /usr/lib/x86_64-linux-gnu/libGL.so.1.7.0
7fe9827e0000-7fe9827fa000 r--p 00075000 08:08 1973258                    /usr/lib/x86_64-linux-gnu/libGL.so.1.7.0
7fe9827fa000-7fe9827fb000 rw-p 0008f000 08:08 1973258                    /usr/lib/x86_64-linux-gnu/libGL.so.1.7.0
7fe9827fb000-7fe9827fc000 rw-p 00000000 00:00 0 
7fe9827fc000-7fe982801000 r-xp 00000000 08:08 1973572                    /usr/lib/x86_64-linux-gnu/libXxf86vm.so.1.0.0
7fe982801000-7fe982a00000 ---p 00005000 08:08 1973572                    /usr/lib/x86_64-linux-gnu/libXxf86vm.so.1.0.0
7fe982a00000-7fe982a01000 r--p 00004000 08:08 1973572                    /usr/lib/x86_64-linux-gnu/libXxf86vm.so.1.0.0
7fe982a01000-7fe982a02000 rw-p 00005000 08:08 1973572                    /usr/lib/x86_64-linux-gnu/libXxf86vm.so.1.0.0
7fe982a02000-7fe982b3c000 r-xp 00000000 08:08 1973517                    /usr/lib/x86_64-linux-gnu/libX11.so.6.3.0
7fe982b3c000-7fe982d3c000 ---p 0013a000 08:08 1973517                    /usr/lib/x86_64-linux-gnu/libX11.so.6.3.0
7fe982d3c000-7fe982d3d000 r--p 0013a000 08:08 1973517                    /usr/lib/x86_64-linux-gnu/libX11.so.6.3.0
7fe982d3d000-7fe982d42000 rw-p 0013b000 08:08 1973517                    /usr/lib/x86_64-linux-gnu/libX11.so.6.3.0
7fe982d42000-7fe982d47000 r-xp 00000000 08:08 1973562                    /usr/lib/x86_64-linux-gnu/libXtst.so.6.1.0
7fe982d47000-7fe982f46000 ---p 00005000 08:08 1973562                    /usr/lib/x86_64-linux-gnu/libXtst.so.6.1.0
7fe982f46000-7fe982f47000 r--p 00004000 08:08 1973562                    /usr/lib/x86_64-linux-gnu/libXtst.so.6.1.0
7fe982f47000-7fe982f48000 rw-p 00005000 08:08 1973562                    /usr/lib/x86_64-linux-gnu/libXtst.so.6.1.0
7fe982f48000-7fe98305a000 r-xp 00000000 08:08 1974060                    /usr/lib/x86_64-linux-gnu/libglib-2.0.so.0.5000.3
7fe98305a000-7fe983259000 ---p 00112000 08:08 1974060                    /usr/lib/x86_64-linux-gnu/libglib-2.0.so.0.5000.3
7fe983259000-7fe98325a000 r--p 00111000 08:08 1974060                    /usr/lib/x86_64-linux-gnu/libglib-2.0.so.0.5000.3
7fe98325a000-7fe98325b000 rw-p 00112000 08:08 1974060                    /usr/lib/x86_64-linux-gnu/libglib-2.0.so.0.5000.3
7fe98325b000-7fe98325c000 rw-p 00000000 00:00 0 
7fe98325c000-7fe98325d000 r-xp 00000000 08:08 1974280                    /usr/lib/x86_64-linux-gnu/libgthread-2.0.so.0.5000.3
7fe98325d000-7fe98345c000 ---p 00001000 08:08 1974280                    /usr/lib/x86_64-linux-gnu/libgthread-2.0.so.0.5000.3
7fe98345c000-7fe98345d000 r--p 00000000 08:08 1974280                    /usr/lib/x86_64-linux-gnu/libgthread-2.0.so.0.5000.3
7fe98345d000-7fe98345e000 rw-p 00001000 08:08 1974280                    /usr/lib/x86_64-linux-gnu/libgthread-2.0.so.0.5000.3
7fe98345e000-7fe983506000 r-xp 00000000 08:08 1973996                    /usr/lib/x86_64-linux-gnu/libfreetype.so.6.12.3
7fe983506000-7fe983706000 ---p 000a8000 08:08 1973996                    /usr/lib/x86_64-linux-gnu/libfreetype.so.6.12.3
7fe983706000-7fe98370c000 r--p 000a8000 08:08 1973996                    /usr/lib/x86_64-linux-gnu/libfreetype.so.6.12.3
7fe98370c000-7fe98370d000 rw-p 000ae000 08:08 1973996                    /usr/lib/x86_64-linux-gnu/libfreetype.so.6.12.3
7fe98370d000-7fe983749000 r-xp 00000000 08:08 1973982                    /usr/lib/x86_64-linux-gnu/libfontconfig.so.1.8.0
7fe983749000-7fe983948000 ---p 0003c000 08:08 1973982                    /usr/lib/x86_64-linux-gnu/libfontconfig.so.1.8.0
7fe983948000-7fe98394a000 r--p 0003b000 08:08 1973982                    /usr/lib/x86_64-linux-gnu/libfontconfig.so.1.8.0
7fe98394a000-7fe98394b000 rw-p 0003d000 08:08 1973982                    /usr/lib/x86_64-linux-gnu/libfontconfig.so.1.8.0
7fe98394b000-7fe98399d000 r-xp 00000000 08:08 1974112                    /usr/lib/x86_64-linux-gnu/libgobject-2.0.so.0.5000.3
7fe98399d000-7fe983b9c000 ---p 00052000 08:08 1974112                    /usr/lib/x86_64-linux-gnu/libgobject-2.0.so.0.5000.3
7fe983b9c000-7fe983b9d000 r--p 00051000 08:08 1974112                    /usr/lib/x86_64-linux-gnu/libgobject-2.0.so.0.5000.3
7fe983b9d000-7fe983b9e000 rw-p 00052000 08:08 1974112                    /usr/lib/x86_64-linux-gnu/libgobject-2.0.so.0.5000.3
7fe983b9e000-7fe983be7000 r-xp 00000000 08:08 1974732                    /usr/lib/x86_64-linux-gnu/libpango-1.0.so.0.4000.5
7fe983be7000-7fe983de6000 ---p 00049000 08:08 1974732                    /usr/lib/x86_64-linux-gnu/libpango-1.0.so.0.4000.5
7fe983de6000-7fe983de9000 r--p 00048000 08:08 1974732                    /usr/lib/x86_64-linux-gnu/libpango-1.0.so.0.4000.5
7fe983de9000-7fe983dea000 rw-p 0004b000 08:08 1974732                    /usr/lib/x86_64-linux-gnu/libpango-1.0.so.0.4000.5
7fe983dea000-7fe983dfe000 r-xp 00000000 08:08 1974736                    /usr/lib/x86_64-linux-gnu/libpangoft2-1.0.so.0.4000.5
7fe983dfe000-7fe983ffe000 ---p 00014000 08:08 1974736                    /usr/lib/x86_64-linux-gnu/libpangoft2-1.0.so.0.4000.5
7fe983ffe000-7fe983fff000 r--p 00014000 08:08 1974736                    /usr/lib/x86_64-linux-gnu/libpangoft2-1.0.so.0.4000.5
7fe983fff000-7fe984000000 rw-p 00015000 08:08 1974736                    /usr/lib/x86_64-linux-gnu/libpangoft2-1.0.so.0.4000.5
7fe984000000-7fe984021000 rw-p 00000000 00:00 0 
7fe984021000-7fe988000000 ---p 00000000 00:00 0 
7fe988000000-7fe9898d5000 rw-p 00000000 00:00 0 
7fe9898d5000-7fe98c000000 ---p 00000000 00:00 0 
7fe98c000000-7fe98c386000 rw-p 00000000 00:00 0 
7fe98c386000-7fe990000000 ---p 00000000 00:00 0 
7fe990000000-7fe990021000 rw-p 00000000 00:00 0 
7fe990021000-7fe994000000 ---p 00000000 00:00 0 
7fe994000000-7fe994021000 rw-p 00000000 00:00 0 
7fe994021000-7fe998000000 ---p 00000000 00:00 0 
7fe998000000-7fe998477000 rw-p 00000000 00:00 0 
7fe998477000-7fe99c000000 ---p 00000000 00:00 0 
7fe99c000000-7fe99c021000 rw-p 00000000 00:00 0 
7fe99c021000-7fe9a0000000 ---p 00000000 00:00 0 
7fe9a0000000-7fe9a0021000 rw-p 00000000 00:00 0 
7fe9a0021000-7fe9a4000000 ---p 00000000 00:00 0 
7fe9a4000000-7fe9a4021000 rw-p 00000000 00:00 0 
7fe9a4021000-7fe9a8000000 ---p 00000000 00:00 0 
7fe9a8000000-7fe9a8021000 rw-p 00000000 00:00 0 
7fe9a8021000-7fe9ac000000 ---p 00000000 00:00 0 
7fe9ac000000-7fe9ac021000 rw-p 00000000 00:00 0 
7fe9ac021000-7fe9b0000000 ---p 00000000 00:00 0 
7fe9b0000000-7fe9b0002000 r--s 00000000 08:08 1590387                    /var/cache/fontconfig/4bb17da730f63117fed329ee42a5d05e-le64.cache-4
7fe9b0002000-7fe9b0014000 r--s 00000000 08:08 1572910                    /var/cache/fontconfig/9b89f8e3dae116d678bbf48e5f21f69b-le64.cache-4
7fe9b0014000-7fe9b002c000 r--s 0021f000 08:09 14421222                   /home/atomx/eclipse-workspace/Library/lib/mysql-connector-java-8.0.17.jar
7fe9b002c000-7fe9b00d2000 r--s 010bb000 08:09 14421221                   /home/atomx/eclipse-workspace/Library/lib/jfxrt.jar
7fe9b00d2000-7fe9b025f000 r-xp 00000000 08:08 1974048                    /usr/lib/x86_64-linux-gnu/libgio-2.0.so.0.5000.3
7fe9b025f000-7fe9b045f000 ---p 0018d000 08:08 1974048                    /usr/lib/x86_64-linux-gnu/libgio-2.0.so.0.5000.3
7fe9b045f000-7fe9b0464000 r--p 0018d000 08:08 1974048                    /usr/lib/x86_64-linux-gnu/libgio-2.0.so.0.5000.3
7fe9b0464000-7fe9b0467000 rw-p 00192000 08:08 1974048                    /usr/lib/x86_64-linux-gnu/libgio-2.0.so.0.5000.3
7fe9b0467000-7fe9b0468000 rw-p 00000000 00:00 0 
7fe9b0468000-7fe9b048a000 r-xp 00000000 08:08 1974034                    /usr/lib/x86_64-linux-gnu/libgdk_pixbuf-2.0.so.0.3600.5
7fe9b048a000-7fe9b068a000 ---p 00022000 08:08 1974034                    /usr/lib/x86_64-linux-gnu/libgdk_pixbuf-2.0.so.0.3600.5
7fe9b068a000-7fe9b068b000 r--p 00022000 08:08 1974034                    /usr/lib/x86_64-linux-gnu/libgdk_pixbuf-2.0.so.0.3600.5
7fe9b068b000-7fe9b068c000 rw-p 00023000 08:08 1974034                    /usr/lib/x86_64-linux-gnu/libgdk_pixbuf-2.0.so.0.3600.5
7fe9b068c000-7fe9b079a000 r-xp 00000000 08:08 1973694                    /usr/lib/x86_64-linux-gnu/libcairo.so.2.11400.8
7fe9b079a000-7fe9b099a000 ---p 0010e000 08:08 1973694                    /usr/lib/x86_64-linux-gnu/libcairo.so.2.11400.8
7fe9b099a000-7fe9b099d000 r--p 0010e000 08:08 1973694                    /usr/lib/x86_64-linux-gnu/libcairo.so.2.11400.8
7fe9b099d000-7fe9b099e000 rw-p 00111000 08:08 1973694                    /usr/lib/x86_64-linux-gnu/libcairo.so.2.11400.8
7fe9b099e000-7fe9b09a0000 rw-p 00000000 00:00 0 
7fe9b09a0000-7fe9b09c3000 r-xp 00000000 08:08 1973616                    /usr/lib/x86_64-linux-gnu/libatk-1.0.so.0.22209.1
7fe9b09c3000-7fe9b0bc2000 ---p 00023000 08:08 1973616                    /usr/lib/x86_64-linux-gnu/libatk-1.0.so.0.22209.1
7fe9b0bc2000-7fe9b0bc5000 r--p 00022000 08:08 1973616                    /usr/lib/x86_64-linux-gnu/libatk-1.0.so.0.22209.1
7fe9b0bc5000-7fe9b0bc6000 rw-p 00025000 08:08 1973616                    /usr/lib/x86_64-linux-gnu/libatk-1.0.so.0.22209.1
7fe9b0bc6000-7fe9b0bd2000 r-xp 00000000 08:08 1974734                    /usr/lib/x86_64-linux-gnu/libpangocairo-1.0.so.0.4000.5
7fe9b0bd2000-7fe9b0dd1000 ---p 0000c000 08:08 1974734                    /usr/lib/x86_64-linux-gnu/libpangocairo-1.0.so.0.4000.5
7fe9b0dd1000-7fe9b0dd2000 r--p 0000b000 08:08 1974734                    /usr/lib/x86_64-linux-gnu/libpangocairo-1.0.so.0.4000.5
7fe9b0dd2000-7fe9b0dd3000 rw-p 0000c000 08:08 1974734                    /usr/lib/x86_64-linux-gnu/libpangocairo-1.0.so.0.4000.5
7fe9b0dd3000-7fe9b0e83000 r-xp 00000000 08:08 1974032                    /usr/lib/x86_64-linux-gnu/libgdk-x11-2.0.so.0.2400.31
7fe9b0e83000-7fe9b1082000 ---p 000b0000 08:08 1974032                    /usr/lib/x86_64-linux-gnu/libgdk-x11-2.0.so.0.2400.31
7fe9b1082000-7fe9b1086000 r--p 000af000 08:08 1974032                    /usr/lib/x86_64-linux-gnu/libgdk-x11-2.0.so.0.2400.31
7fe9b1086000-7fe9b1088000 rw-p 000b3000 08:08 1974032                    /usr/lib/x86_64-linux-gnu/libgdk-x11-2.0.so.0.2400.31
7fe9b1088000-7fe9b14c8000 r-xp 00000000 08:08 1974286                    /usr/lib/x86_64-linux-gnu/libgtk-x11-2.0.so.0.2400.31
7fe9b14c8000-7fe9b16c7000 ---p 00440000 08:08 1974286                    /usr/lib/x86_64-linux-gnu/libgtk-x11-2.0.so.0.2400.31
7fe9b16c7000-7fe9b16ce000 r--p 0043f000 08:08 1974286                    /usr/lib/x86_64-linux-gnu/libgtk-x11-2.0.so.0.2400.31
7fe9b16ce000-7fe9b16d2000 rw-p 00446000 08:08 1974286                    /usr/lib/x86_64-linux-gnu/libgtk-x11-2.0.so.0.2400.31
7fe9b16d2000-7fe9b16d5000 rw-p 00000000 00:00 0 
7fe9b16d5000-7fe9b16d6000 r--s 00000000 08:08 1572912                    /var/cache/fontconfig/16c2fda60d1b4b719f4b3d06fd951d25-le64.cache-4
7fe9b16d6000-7fe9b16d9000 r--s 00000000 08:08 1572923                    /var/cache/fontconfig/47e67d79d01846c7b6efd6b4f03a6092-le64.cache-4
7fe9b16d9000-7fe9b16dc000 r--s 00000000 08:08 1590385                    /var/cache/fontconfig/bf6ddb0059d58ea573e04b43f868001f-le64.cache-4
7fe9b16dc000-7fe9b16df000 r--s 00000000 08:08 1572931                    /var/cache/fontconfig/e13b20fdb08344e0e664864cc2ede53d-le64.cache-4
7fe9b16df000-7fe9b16e0000 r--s 00000000 08:08 1590384                    /var/cache/fontconfig/2736766d4907c6828b9382ebdbe3064b-le64.cache-4
7fe9b16e0000-7fe9b16e5000 r--s 002f9000 08:08 1715168                    /usr/lib/jvm/java-8-openjdk-amd64/jre/lib/charsets.jar
7fe9b16e5000-7fe9b16ea000 r--s 0009d000 08:08 1715201                    /usr/lib/jvm/java-8-openjdk-amd64/jre/lib/jsse.jar
7fe9b16ea000-7fe9b16ee000 rw-s 00000000 00:18 140                        /i915 (deleted)
7fe9b16ee000-7fe9b16fa000 r-xp 00000000 08:08 1717405                    /usr/lib/jvm/java-8-openjdk-amd64/jre/lib/amd64/libprism_es2.so
7fe9b16fa000-7fe9b18f9000 ---p 0000c000 08:08 1717405                    /usr/lib/jvm/java-8-openjdk-amd64/jre/lib/amd64/libprism_es2.so
7fe9b18f9000-7fe9b18fa000 r--p 0000b000 08:08 1717405                    /usr/lib/jvm/java-8-openjdk-amd64/jre/lib/amd64/libprism_es2.so
7fe9b18fa000-7fe9b18fb000 rw-p 0000c000 08:08 1717405                    /usr/lib/jvm/java-8-openjdk-amd64/jre/lib/amd64/libprism_es2.so
7fe9b18fb000-7fe9b18fe000 ---p 00000000 00:00 0 
7fe9b18fe000-7fe9b19fc000 rw-p 00000000 00:00 0 
7fe9b19fc000-7fe9b1a92000 r--s 007ce000 08:08 2654625                    /usr/share/java/openjfx/jre/lib/ext/jfxrt.jar
7fe9b1a92000-7fe9b1aad000 r--s 001d6000 08:08 1715183                    /usr/lib/jvm/java-8-openjdk-amd64/jre/lib/ext/nashorn.jar
7fe9b1aad000-7fe9b1ac8000 r--s 00394000 08:08 1715178                    /usr/lib/jvm/java-8-openjdk-amd64/jre/lib/ext/cldrdata.jar
7fe9b1ac8000-7fe9b1ac9000 ---p 00000000 00:00 0 
7fe9b1ac9000-7fe9b1bc9000 rw-p 00000000 00:00 0 
7fe9b1bc9000-7fe9b1bcc000 ---p 00000000 00:00 0 
7fe9b1bcc000-7fe9b1cca000 rw-p 00000000 00:00 0 
7fe9b1cca000-7fe9b1ccd000 ---p 00000000 00:00 0 
7fe9b1ccd000-7fe9b1dcb000 rw-p 00000000 00:00 0 
7fe9b1dcb000-7fe9b1dce000 ---p 00000000 00:00 0 
7fe9b1dce000-7fe9b1ecc000 rw-p 00000000 00:00 0 
7fe9b1ecc000-7fe9b1ecf000 ---p 00000000 00:00 0 
7fe9b1ecf000-7fe9b1fcd000 rw-p 00000000 00:00 0 
7fe9b1fcd000-7fe9b2168000 r--p 00000000 08:08 1711771                    /usr/lib/locale/locale-archive
7fe9b2168000-7fe9b216b000 ---p 00000000 00:00 0 
7fe9b216b000-7fe9b2269000 rw-p 00000000 00:00 0 
7fe9b2269000-7fe9b226c000 ---p 00000000 00:00 0 
7fe9b226c000-7fe9b236a000 rw-p 00000000 00:00 0 
7fe9b236a000-7fe9b236b000 ---p 00000000 00:00 0 
7fe9b236b000-7fe9b2d95000 rw-p 00000000 00:00 0 
7fe9b2d95000-7fe9b2f64000 r--s 03c33000 08:08 1715207                    /usr/lib/jvm/java-8-openjdk-amd64/jre/lib/rt.jar
7fe9b2f64000-7fe9b7867000 rw-p 00000000 00:00 0 
7fe9b7867000-7fe9b7868000 ---p 00000000 00:00 0 
7fe9b7868000-7fe9b7987000 rw-p 00000000 00:00 0 
7fe9b7987000-7fe9b7bf5000 ---p 00000000 00:00 0 
7fe9b7bf5000-7fe9b7c14000 rw-p 00000000 00:00 0 
7fe9b7c14000-7fe9b7e81000 ---p 00000000 00:00 0 
7fe9b7e81000-7fe9b7ec5000 rw-p 00000000 00:00 0 
7fe9b7ec5000-7fe9b7fc8000 ---p 00000000 00:00 0 
7fe9b7fc8000-7fe9b7fe7000 rw-p 00000000 00:00 0 
7fe9b7fe7000-7fe9b8389000 ---p 00000000 00:00 0 
7fe9b8389000-7fe9b8af9000 rwxp 00000000 00:00 0 
7fe9b8af9000-7fe9c7389000 ---p 00000000 00:00 0 
7fe9c7389000-7fe9c7391000 r-xp 00000000 08:08 1715164                    /usr/lib/jvm/java-8-openjdk-amd64/jre/lib/amd64/libzip.so
7fe9c7391000-7fe9c7590000 ---p 00008000 08:08 1715164                    /usr/lib/jvm/java-8-openjdk-amd64/jre/lib/amd64/libzip.so
7fe9c7590000-7fe9c7591000 r--p 00007000 08:08 1715164                    /usr/lib/jvm/java-8-openjdk-amd64/jre/lib/amd64/libzip.so
7fe9c7591000-7fe9c7592000 rw-p 00008000 08:08 1715164                    /usr/lib/jvm/java-8-openjdk-amd64/jre/lib/amd64/libzip.so
7fe9c7592000-7fe9c759c000 r-xp 00000000 08:08 1974648                    /usr/lib/x86_64-linux-gnu/libnss_files-2.24.so
7fe9c759c000-7fe9c779c000 ---p 0000a000 08:08 1974648                    /usr/lib/x86_64-linux-gnu/libnss_files-2.24.so
7fe9c779c000-7fe9c779d000 r--p 0000a000 08:08 1974648                    /usr/lib/x86_64-linux-gnu/libnss_files-2.24.so
7fe9c779d000-7fe9c779e000 rw-p 0000b000 08:08 1974648                    /usr/lib/x86_64-linux-gnu/libnss_files-2.24.so
7fe9c779e000-7fe9c77a4000 rw-p 00000000 00:00 0 
7fe9c77a4000-7fe9c77af000 r-xp 00000000 08:08 1974654                    /usr/lib/x86_64-linux-gnu/libnss_nis-2.24.so
7fe9c77af000-7fe9c79ae000 ---p 0000b000 08:08 1974654                    /usr/lib/x86_64-linux-gnu/libnss_nis-2.24.so
7fe9c79ae000-7fe9c79af000 r--p 0000a000 08:08 1974654                    /usr/lib/x86_64-linux-gnu/libnss_nis-2.24.so
7fe9c79af000-7fe9c79b0000 rw-p 0000b000 08:08 1974654                    /usr/lib/x86_64-linux-gnu/libnss_nis-2.24.so
7fe9c79b0000-7fe9c79c4000 r-xp 00000000 08:08 1974636                    /usr/lib/x86_64-linux-gnu/libnsl-2.24.so
7fe9c79c4000-7fe9c7bc4000 ---p 00014000 08:08 1974636                    /usr/lib/x86_64-linux-gnu/libnsl-2.24.so
7fe9c7bc4000-7fe9c7bc5000 r--p 00014000 08:08 1974636                    /usr/lib/x86_64-linux-gnu/libnsl-2.24.so
7fe9c7bc5000-7fe9c7bc6000 rw-p 00015000 08:08 1974636                    /usr/lib/x86_64-linux-gnu/libnsl-2.24.so
7fe9c7bc6000-7fe9c7bc8000 rw-p 00000000 00:00 0 
7fe9c7bc8000-7fe9c7bcf000 r-xp 00000000 08:08 1974642                    /usr/lib/x86_64-linux-gnu/libnss_compat-2.24.so
7fe9c7bcf000-7fe9c7dce000 ---p 00007000 08:08 1974642                    /usr/lib/x86_64-linux-gnu/libnss_compat-2.24.so
7fe9c7dce000-7fe9c7dcf000 r--p 00006000 08:08 1974642                    /usr/lib/x86_64-linux-gnu/libnss_compat-2.24.so
7fe9c7dcf000-7fe9c7dd0000 rw-p 00007000 08:08 1974642                    /usr/lib/x86_64-linux-gnu/libnss_compat-2.24.so
7fe9c7dd0000-7fe9c7dfd000 r-xp 00000000 08:08 1715145                    /usr/lib/jvm/java-8-openjdk-amd64/jre/lib/amd64/libjava.so
7fe9c7dfd000-7fe9c7ffd000 ---p 0002d000 08:08 1715145                    /usr/lib/jvm/java-8-openjdk-amd64/jre/lib/amd64/libjava.so
7fe9c7ffd000-7fe9c7ffe000 r--p 0002d000 08:08 1715145                    /usr/lib/jvm/java-8-openjdk-amd64/jre/lib/amd64/libjava.so
7fe9c7ffe000-7fe9c8000000 rw-p 0002e000 08:08 1715145                    /usr/lib/jvm/java-8-openjdk-amd64/jre/lib/amd64/libjava.so
7fe9c8000000-7fe9c82c8000 rw-p 00000000 00:00 0 
7fe9c82c8000-7fe9cc000000 ---p 00000000 00:00 0 
7fe9cc000000-7fe9cc005000 rw-s 00000000 00:18 139                        /i915 (deleted)
7fe9cc005000-7fe9cc009000 rw-s 00000000 00:18 145                        /i915 (deleted)
7fe9cc009000-7fe9cc00d000 rw-s 00000000 00:18 124                        /i915 (deleted)
7fe9cc00d000-7fe9cc012000 rw-s 00000000 00:18 123                        /i915 (deleted)
7fe9cc012000-7fe9cc0f7000 rw-p 00000000 00:00 0 
7fe9cc0f7000-7fe9cc0f8000 ---p 00000000 00:00 0 
7fe9cc0f8000-7fe9cc1f8000 rw-p 00000000 00:00 0 
7fe9cc1f8000-7fe9cc207000 r-xp 00000000 08:08 1715163                    /usr/lib/jvm/java-8-openjdk-amd64/jre/lib/amd64/libverify.so
7fe9cc207000-7fe9cc407000 ---p 0000f000 08:08 1715163                    /usr/lib/jvm/java-8-openjdk-amd64/jre/lib/amd64/libverify.so
7fe9cc407000-7fe9cc409000 r--p 0000f000 08:08 1715163                    /usr/lib/jvm/java-8-openjdk-amd64/jre/lib/amd64/libverify.so
7fe9cc409000-7fe9cc40a000 rw-p 00011000 08:08 1715163                    /usr/lib/jvm/java-8-openjdk-amd64/jre/lib/amd64/libverify.so
7fe9cc40a000-7fe9cc411000 r-xp 00000000 08:08 1974898                    /usr/lib/x86_64-linux-gnu/librt-2.24.so
7fe9cc411000-7fe9cc610000 ---p 00007000 08:08 1974898                    /usr/lib/x86_64-linux-gnu/librt-2.24.so
7fe9cc610000-7fe9cc611000 r--p 00006000 08:08 1974898                    /usr/lib/x86_64-linux-gnu/librt-2.24.so
7fe9cc611000-7fe9cc612000 rw-p 00007000 08:08 1974898                    /usr/lib/x86_64-linux-gnu/librt-2.24.so
7fe9cc612000-7fe9cc628000 r-xp 00000000 08:08 1974006                    /usr/lib/x86_64-linux-gnu/libgcc_s.so.1
7fe9cc628000-7fe9cc827000 ---p 00016000 08:08 1974006                    /usr/lib/x86_64-linux-gnu/libgcc_s.so.1
7fe9cc827000-7fe9cc828000 r--p 00015000 08:08 1974006                    /usr/lib/x86_64-linux-gnu/libgcc_s.so.1
7fe9cc828000-7fe9cc829000 rw-p 00016000 08:08 1974006                    /usr/lib/x86_64-linux-gnu/libgcc_s.so.1
7fe9cc829000-7fe9cc92c000 r-xp 00000000 08:08 1974512                    /usr/lib/x86_64-linux-gnu/libm-2.24.so
7fe9cc92c000-7fe9ccb2b000 ---p 00103000 08:08 1974512                    /usr/lib/x86_64-linux-gnu/libm-2.24.so
7fe9ccb2b000-7fe9ccb2c000 r--p 00102000 08:08 1974512                    /usr/lib/x86_64-linux-gnu/libm-2.24.so
7fe9ccb2c000-7fe9ccb2d000 rw-p 00103000 08:08 1974512                    /usr/lib/x86_64-linux-gnu/libm-2.24.so
7fe9ccb2d000-7fe9ccc9f000 r-xp 00000000 08:08 1975001                    /usr/lib/x86_64-linux-gnu/libstdc++.so.6.0.22
7fe9ccc9f000-7fe9cce9f000 ---p 00172000 08:08 1975001                    /usr/lib/x86_64-linux-gnu/libstdc++.so.6.0.22
7fe9cce9f000-7fe9ccea9000 r--p 00172000 08:08 1975001                    /usr/lib/x86_64-linux-gnu/libstdc++.so.6.0.22
7fe9ccea9000-7fe9cceab000 rw-p 0017c000 08:08 1975001                    /usr/lib/x86_64-linux-gnu/libstdc++.so.6.0.22
7fe9cceab000-7fe9cceaf000 rw-p 00000000 00:00 0 
7fe9cceaf000-7fe9cdb0e000 r-xp 00000000 08:08 1715167                    /usr/lib/jvm/java-8-openjdk-amd64/jre/lib/amd64/server/libjvm.so
7fe9cdb0e000-7fe9cdd0d000 ---p 00c5f000 08:08 1715167                    /usr/lib/jvm/java-8-openjdk-amd64/jre/lib/amd64/server/libjvm.so
7fe9cdd0d000-7fe9cdda1000 r--p 00c5e000 08:08 1715167                    /usr/lib/jvm/java-8-openjdk-amd64/jre/lib/amd64/server/libjvm.so
7fe9cdda1000-7fe9cddca000 rw-p 00cf2000 08:08 1715167                    /usr/lib/jvm/java-8-openjdk-amd64/jre/lib/amd64/server/libjvm.so
7fe9cddca000-7fe9cddfa000 rw-p 00000000 00:00 0 
7fe9cddfa000-7fe9cdf8f000 r-xp 00000000 08:08 1973682                    /usr/lib/x86_64-linux-gnu/libc-2.24.so
7fe9cdf8f000-7fe9ce18f000 ---p 00195000 08:08 1973682                    /usr/lib/x86_64-linux-gnu/libc-2.24.so
7fe9ce18f000-7fe9ce193000 r--p 00195000 08:08 1973682                    /usr/lib/x86_64-linux-gnu/libc-2.24.so
7fe9ce193000-7fe9ce195000 rw-p 00199000 08:08 1973682                    /usr/lib/x86_64-linux-gnu/libc-2.24.so
7fe9ce195000-7fe9ce199000 rw-p 00000000 00:00 0 
7fe9ce199000-7fe9ce19c000 r-xp 00000000 08:08 1973821                    /usr/lib/x86_64-linux-gnu/libdl-2.24.so
7fe9ce19c000-7fe9ce39b000 ---p 00003000 08:08 1973821                    /usr/lib/x86_64-linux-gnu/libdl-2.24.so
7fe9ce39b000-7fe9ce39c000 r--p 00002000 08:08 1973821                    /usr/lib/x86_64-linux-gnu/libdl-2.24.so
7fe9ce39c000-7fe9ce39d000 rw-p 00003000 08:08 1973821                    /usr/lib/x86_64-linux-gnu/libdl-2.24.so
7fe9ce39d000-7fe9ce3aa000 r-xp 00000000 08:08 1715131                    /usr/lib/jvm/java-8-openjdk-amd64/jre/lib/amd64/jli/libjli.so
7fe9ce3aa000-7fe9ce5aa000 ---p 0000d000 08:08 1715131                    /usr/lib/jvm/java-8-openjdk-amd64/jre/lib/amd64/jli/libjli.so
7fe9ce5aa000-7fe9ce5ab000 r--p 0000d000 08:08 1715131                    /usr/lib/jvm/java-8-openjdk-amd64/jre/lib/amd64/jli/libjli.so
7fe9ce5ab000-7fe9ce5ac000 rw-p 0000e000 08:08 1715131                    /usr/lib/jvm/java-8-openjdk-amd64/jre/lib/amd64/jli/libjli.so
7fe9ce5ac000-7fe9ce5c5000 r-xp 00000000 08:08 1975262                    /usr/lib/x86_64-linux-gnu/libz.so.1.2.8
7fe9ce5c5000-7fe9ce7c4000 ---p 00019000 08:08 1975262                    /usr/lib/x86_64-linux-gnu/libz.so.1.2.8
7fe9ce7c4000-7fe9ce7c5000 r--p 00018000 08:08 1975262                    /usr/lib/x86_64-linux-gnu/libz.so.1.2.8
7fe9ce7c5000-7fe9ce7c6000 rw-p 00019000 08:08 1975262                    /usr/lib/x86_64-linux-gnu/libz.so.1.2.8
7fe9ce7c6000-7fe9ce7de000 r-xp 00000000 08:08 1974838                    /usr/lib/x86_64-linux-gnu/libpthread-2.24.so
7fe9ce7de000-7fe9ce9dd000 ---p 00018000 08:08 1974838                    /usr/lib/x86_64-linux-gnu/libpthread-2.24.so
7fe9ce9dd000-7fe9ce9de000 r--p 00017000 08:08 1974838                    /usr/lib/x86_64-linux-gnu/libpthread-2.24.so
7fe9ce9de000-7fe9ce9df000 rw-p 00018000 08:08 1974838                    /usr/lib/x86_64-linux-gnu/libpthread-2.24.so
7fe9ce9df000-7fe9ce9e3000 rw-p 00000000 00:00 0 
7fe9ce9e3000-7fe9cea06000 r-xp 00000000 08:08 1973230                    /usr/lib/x86_64-linux-gnu/ld-2.24.so
7fe9cea06000-7fe9cea07000 r--s 00008000 08:09 13369446                   /home/atomx/.eclipse/org.eclipse.platform_4.12.0_1473617060_linux_gtk_x86_64/plugins/org.eclipse.fx.ide.css.jfx8_3.5.0.201902220800.jar
7fe9cea07000-7fe9cea08000 rw-s 1031ee000 00:06 344                       /dev/dri/card0
7fe9cea08000-7fe9cea09000 rwxp 00000000 00:00 0 
7fe9cea09000-7fe9cea0d000 rw-s 00000000 00:18 127                        /i915 (deleted)
7fe9cea0d000-7fe9cea10000 r--s 0000f000 08:08 1715180                    /usr/lib/jvm/java-8-openjdk-amd64/jre/lib/ext/icedtea-sound.jar
7fe9cea10000-7fe9cea12000 r--s 00001000 08:08 1715179                    /usr/lib/jvm/java-8-openjdk-amd64/jre/lib/ext/dnsns.jar
7fe9cea12000-7fe9cea14000 r--s 00008000 08:08 1715184                    /usr/lib/jvm/java-8-openjdk-amd64/jre/lib/ext/sunec.jar
7fe9cea14000-7fe9cea1a000 r--s 0003b000 08:08 1715185                    /usr/lib/jvm/java-8-openjdk-amd64/jre/lib/ext/sunjce_provider.jar
7fe9cea1a000-7fe9cea1c000 r--s 00007000 08:08 2654545                    /usr/share/java/java-atk-wrapper.jar
7fe9cea1c000-7fe9ceae7000 rw-p 00000000 00:00 0 
7fe9ceae7000-7fe9ceaea000 ---p 00000000 00:00 0 
7fe9ceaea000-7fe9cebea000 rw-p 00000000 00:00 0 
7fe9cebea000-7fe9cebeb000 r--s 00010000 08:08 1715187                    /usr/lib/jvm/java-8-openjdk-amd64/jre/lib/ext/zipfs.jar
7fe9cebeb000-7fe9cebec000 r--s 0000a000 08:08 1715181                    /usr/lib/jvm/java-8-openjdk-amd64/jre/lib/ext/jaccess.jar
7fe9cebec000-7fe9cebef000 r--s 00038000 08:08 1715186                    /usr/lib/jvm/java-8-openjdk-amd64/jre/lib/ext/sunpkcs11.jar
7fe9cebef000-7fe9cebf9000 r--s 00116000 08:08 1715182                    /usr/lib/jvm/java-8-openjdk-amd64/jre/lib/ext/localedata.jar
7fe9cebf9000-7fe9cec01000 rw-s 00000000 08:08 2104380                    /tmp/hsperfdata_atomx/27184
7fe9cec01000-7fe9cec02000 rw-p 00000000 00:00 0 
7fe9cec02000-7fe9cec03000 r--p 00000000 00:00 0 
7fe9cec03000-7fe9cec06000 rw-p 00000000 00:00 0 
7fe9cec06000-7fe9cec07000 r--p 00023000 08:08 1973230                    /usr/lib/x86_64-linux-gnu/ld-2.24.so
7fe9cec07000-7fe9cec08000 rw-p 00024000 08:08 1973230                    /usr/lib/x86_64-linux-gnu/ld-2.24.so
7fe9cec08000-7fe9cec09000 rw-p 00000000 00:00 0 
7ffecd158000-7ffecd179000 rw-p 00000000 00:00 0                          [stack]
7ffecd17a000-7ffecd17d000 r--p 00000000 00:00 0                          [vvar]
7ffecd17d000-7ffecd17f000 r-xp 00000000 00:00 0                          [vdso]
ffffffffff600000-ffffffffff601000 r-xp 00000000 00:00 0                  [vsyscall]

VM Arguments:
jvm_args: -Dfile.encoding=UTF-8 
java_command: application.Main
java_class_path (initial): /home/atomx/eclipse-workspace/Library/bin:/home/atomx/.eclipse/org.eclipse.platform_4.12.0_1473617060_linux_gtk_x86_64/plugins/org.eclipse.fx.ide.css.jfx8_3.5.0.201902220800.jar:/home/atomx/eclipse-workspace/Library/lib/jfxrt.jar:/home/atomx/eclipse-workspace/Library/lib/mysql-connector-java-8.0.17.jar
Launcher Type: SUN_STANDARD

Environment Variables:
PATH=/usr/local/bin:/usr/bin:/bin:/usr/local/games:/usr/games:/sbin:/usr/sbin
SHELL=/bin/bash
DISPLAY=:0

Signal Handlers:
SIGSEGV: [libjvm.so+0xa74b40], sa_mask[0]=11111111011111111101111111111110, sa_flags=SA_RESTART|SA_SIGINFO
SIGBUS: [libjvm.so+0xa74b40], sa_mask[0]=11111111011111111101111111111110, sa_flags=SA_RESTART|SA_SIGINFO
SIGFPE: [libjvm.so+0x8bd510], sa_mask[0]=11111111011111111101111111111110, sa_flags=SA_RESTART|SA_SIGINFO
SIGPIPE: SIG_IGN, sa_mask[0]=00000000000010000000000000000000, sa_flags=SA_RESTART
SIGXFSZ: [libjvm.so+0x8bd510], sa_mask[0]=11111111011111111101111111111110, sa_flags=SA_RESTART|SA_SIGINFO
SIGILL: [libjvm.so+0x8bd510], sa_mask[0]=11111111011111111101111111111110, sa_flags=SA_RESTART|SA_SIGINFO
SIGUSR1: SIG_DFL, sa_mask[0]=00000000000000000000000000000000, sa_flags=none
SIGUSR2: [libjvm.so+0x8bd3c0], sa_mask[0]=00100000000000000000000000000000, sa_flags=SA_RESTART|SA_SIGINFO
SIGHUP: SIG_IGN, sa_mask[0]=00000000000000000000000000000000, sa_flags=none
SIGINT: [libjvm.so+0x8bd870], sa_mask[0]=11111111011111111101111111111110, sa_flags=SA_RESTART|SA_SIGINFO
SIGTERM: [libjvm.so+0x8bd870], sa_mask[0]=11111111011111111101111111111110, sa_flags=SA_RESTART|SA_SIGINFO
SIGQUIT: [libjvm.so+0x8bd870], sa_mask[0]=11111111011111111101111111111110, sa_flags=SA_RESTART|SA_SIGINFO


---------------  S Y S T E M  ---------------

OS:DISTRIB_ID=Deepin
DISTRIB_RELEASE="15.11"
DISTRIB_DESCRIPTION="Deepin 15.11 "
DISTRIB_CODENAME=stable

uname:Linux 4.15.0-30deepin-generic #31 SMP Fri Nov 30 04:29:02 UTC 2018 x86_64
libc:glibc 2.24 NPTL 2.24 
rlimit: STACK 8192k, CORE 0k, NPROC 30921, NOFILE 1048576, AS infinity
load average:1.80 1.46 1.38

/proc/meminfo:
MemTotal:        8018944 kB
MemFree:         1721656 kB
MemAvailable:    4425804 kB
Buffers:          393068 kB
Cached:          2540880 kB
SwapCached:            0 kB
Active:          4530348 kB
Inactive:        1365584 kB
Active(anon):    2963624 kB
Inactive(anon):   128664 kB
Active(file):    1566724 kB
Inactive(file):  1236920 kB
Unevictable:          96 kB
Mlocked:              96 kB
SwapTotal:       2097148 kB
SwapFree:        2097148 kB
Dirty:               660 kB
Writeback:             0 kB
AnonPages:       2962152 kB
Mapped:           531708 kB
Shmem:            130144 kB
Slab:             276356 kB
SReclaimable:     210568 kB
SUnreclaim:        65788 kB
KernelStack:       13232 kB
PageTables:        49996 kB
NFS_Unstable:          0 kB
Bounce:                0 kB
WritebackTmp:          0 kB
CommitLimit:     6106620 kB
Committed_AS:    9080312 kB
VmallocTotal:   34359738367 kB
VmallocUsed:           0 kB
VmallocChunk:          0 kB
HardwareCorrupted:     0 kB
AnonHugePages:      2048 kB
ShmemHugePages:        0 kB
ShmemPmdMapped:        0 kB
CmaTotal:              0 kB
CmaFree:               0 kB
HugePages_Total:       0
HugePages_Free:        0
HugePages_Rsvd:        0
HugePages_Surp:        0
Hugepagesize:       2048 kB
DirectMap4k:      453564 kB
DirectMap2M:     7784448 kB


CPU:total 2 (initial active 2) (2 cores per cpu, 1 threads per core) family 6 model 76 stepping 4, cmov, cx8, fxsr, mmx, sse, sse2, sse3, ssse3, sse4.1, sse4.2, popcnt, aes, clmul, erms, 3dnowpref, tsc, tscinvbit

/proc/cpuinfo:
processor	: 0
vendor_id	: GenuineIntel
cpu family	: 6
model		: 76
model name	: Intel(R) Celeron(R) CPU  N3010  @ 1.04GHz
stepping	: 4
microcode	: 0x404
cpu MHz		: 2240.000
cache size	: 1024 KB
physical id	: 0
siblings	: 2
core id		: 0
cpu cores	: 2
apicid		: 0
initial apicid	: 0
fpu		: yes
fpu_exception	: yes
cpuid level	: 11
wp		: yes
flags		: fpu vme de pse tsc msr pae mce cx8 apic sep mtrr pge mca cmov pat pse36 clflush dts acpi mmx fxsr sse sse2 ss ht tm pbe syscall nx rdtscp lm constant_tsc arch_perfmon pebs bts rep_good nopl xtopology tsc_reliable nonstop_tsc cpuid aperfmperf tsc_known_freq pni pclmulqdq dtes64 monitor ds_cpl vmx est tm2 ssse3 cx16 xtpr pdcm sse4_1 sse4_2 movbe popcnt tsc_deadline_timer aes rdrand lahf_lm 3dnowprefetch epb pti tpr_shadow vnmi flexpriority ept vpid tsc_adjust smep erms dtherm ida arat
bugs		: cpu_meltdown spectre_v1 spectre_v2
bogomips	: 2080.00
clflush size	: 64
cache_alignment	: 64
address sizes	: 36 bits physical, 48 bits virtual
power management:

processor	: 1
vendor_id	: GenuineIntel
cpu family	: 6
model		: 76
model name	: Intel(R) Celeron(R) CPU  N3010  @ 1.04GHz
stepping	: 4
microcode	: 0x404
cpu MHz		: 1635.226
cache size	: 1024 KB
physical id	: 0
siblings	: 2
core id		: 2
cpu cores	: 2
apicid		: 4
initial apicid	: 4
fpu		: yes
fpu_exception	: yes
cpuid level	: 11
wp		: yes
flags		: fpu vme de pse tsc msr pae mce cx8 apic sep mtrr pge mca cmov pat pse36 clflush dts acpi mmx fxsr sse sse2 ss ht tm pbe syscall nx rdtscp lm constant_tsc arch_perfmon pebs bts rep_good nopl xtopology tsc_reliable nonstop_tsc cpuid aperfmperf tsc_known_freq pni pclmulqdq dtes64 monitor ds_cpl vmx est tm2 ssse3 cx16 xtpr pdcm sse4_1 sse4_2 movbe popcnt tsc_deadline_timer aes rdrand lahf_lm 3dnowprefetch epb pti tpr_shadow vnmi flexpriority ept vpid tsc_adjust smep erms dtherm ida arat
bugs		: cpu_meltdown spectre_v1 spectre_v2
bogomips	: 2080.00
clflush size	: 64
cache_alignment	: 64
address sizes	: 36 bits physical, 48 bits virtual
power management:



Memory: 4k page, physical 8018944k(1721656k free), swap 2097148k(2097148k free)

vm_info: OpenJDK 64-Bit Server VM (25.181-b13) for linux-amd64 JRE (1.8.0_181-8u181-b13-2~deb9u1-b13), built on Oct 22 2018 18:05:23 by "pbuilder" with gcc 6.3.0 20170516

time: Sat Aug 31 14:33:11 2019
elapsed time: 26 seconds (0d 0h 0m 26s)

