#
# A fatal error has been detected by the Java Runtime Environment:
#
#  SIGSEGV (0xb) at pc=0x00007f45e57f507d, pid=27124, tid=0x00007f4592c12700
#
# JRE version: OpenJDK Runtime Environment (8.0_181-b13) (build 1.8.0_181-8u181-b13-2~deb9u1-b13)
# Java VM: OpenJDK 64-Bit Server VM (25.181-b13 mixed mode linux-amd64 compressed oops)
# Problematic frame:
# V  [libjvm.so+0x68107d]
#
# Failed to write core dump. Core dumps have been disabled. To enable core dumping, try "ulimit -c unlimited" before starting Java again
#
# If you would like to submit a bug report, please visit:
#   http://bugreport.java.com/bugreport/crash.jsp
#

---------------  T H R E A D  ---------------

Current thread (0x00007f45e028b000):  JavaThread "JavaFX Application Thread" [_thread_in_vm, id=27146, stack(0x00007f4592b12000,0x00007f4592c13000)]

siginfo: si_signo: 11 (SIGSEGV), si_code: 1 (SEGV_MAPERR), si_addr: 0x00007f45656e6170

Registers:
RAX=0x0000000000000000, RBX=0x00007f45e028b000, RCX=0x00007f45e0247ec8, RDX=0x00007f45656e6170
RSP=0x00007f4592c11230, RBP=0x00007f4592c113b0, RSI=0x00007f4592c113d0, RDI=0x00007f45e028b1e0
R8 =0x00007f4592c11400, R9 =0x00007f45e028b000, R10=0x00007f4584000c18, R11=0x00007f45d0d252c0
R12=0x00007f45e028b1e0, R13=0x00007f45e028b000, R14=0x00007f4592c11490, R15=0x00007f45656e6170
RIP=0x00007f45e57f507d, EFLAGS=0x0000000000010202, CSGSFS=0x002b000000000033, ERR=0x0000000000000004
  TRAPNO=0x000000000000000e

Top of Stack: (sp=0x00007f4592c11230)
0x00007f4592c11230:   00007f4592c11340 00007f45e57dc1d3
0x00007f4592c11240:   00007f45cb827fe0 00007f4592c11280
0x00007f4592c11250:   00007f450000000e 00007f45e028b1e0
0x00007f4592c11260:   00007f4592c11270 00007f4592c113d0
0x00007f4592c11270:   00007f45cb78bcc0 00007f45e028b000
0x00007f4592c11280:   00007f45cb78bcc0 00007f45e028b000
0x00007f4592c11290:   00007f45e028abc0 00007f45b0011a60
0x00007f4592c112a0:   00007f45b0011a70 00007f45b0011e48
0x00007f4592c112b0:   00000000000003d8 00007f45e028ac00
0x00007f4592c112c0:   00007f45cb78bcc0 00007f45e028b000
0x00007f4592c112d0:   00000000cb781c30 00000000d92988f0
0x00007f4592c112e0:   0000000000000000 00007f45d07d8e1b
0x00007f4592c112f0:   00007f45cb78bcc0 00007f45e028b000
0x00007f4592c11300:   0000000000000000 00000000d9623e48
0x00007f4592c11310:   00007f450000006f 00007f450000000a
0x00007f4592c11320:   00000000d8930c80 00007f4500000000
0x00007f4592c11330:   00007f4592c11420 00007f4592c113e0
0x00007f4592c11340:   00007f4592c114d0 0000000100000180
0x00007f4592c11350:   0000000000000002 00007f4592c11308
0x00007f4592c11360:   00007f4592c11349 0000000800000005
0x00007f4592c11370:   00007f4500000000 12daa2dc08970e00
0x00007f4592c11380:   00007f4592c11390 00007f45e028b000
0x00007f4592c11390:   00007f45e028b1e0 00007f45e0247ec8
0x00007f4592c113a0:   00007f4592c11490 00007f45656e6170
0x00007f4592c113b0:   00007f4592c11480 00007f45e57f86aa
0x00007f4592c113c0:   00007f458449ed90 00007f4592c11400
0x00007f4592c113d0:   000000000000000e 00007f4500000000
0x00007f4592c113e0:   00007f45e028b000 0000000000000000
0x00007f4592c113f0:   0000000000000067 12daa2dc08970e00
0x00007f4592c11400:   00007f45e5fde938 00007f45e6d087e0
0x00007f4592c11410:   00000000e026b4a0 00007f4500000063
0x00007f4592c11420:   0000000000000000 0000003000000018 

Instructions: (pc=0x00007f45e57f507d)
0x00007f45e57f505d:   ff 48 89 b5 b8 fe ff ff 64 48 8b 04 25 28 00 00
0x00007f45e57f506d:   00 48 89 45 c8 31 c0 48 85 d2 0f 84 3b 03 00 00
0x00007f45e57f507d:   4c 8b 32 4d 85 f6 0f 84 2f 03 00 00 49 8b b9 20
0x00007f45e57f508d:   01 00 00 48 89 cb 4d 89 c4 e8 f5 4c ff ff 4c 89 

Register to memory mapping:

RAX=0x0000000000000000 is an unknown value
RBX=0x00007f45e028b000 is a thread
RCX=0x00007f45e0247ec8 is an unknown value
RDX=0x00007f45656e6170 is an unknown value
RSP=0x00007f4592c11230 is pointing into the stack for thread: 0x00007f45e028b000
RBP=0x00007f4592c113b0 is pointing into the stack for thread: 0x00007f45e028b000
RSI=0x00007f4592c113d0 is pointing into the stack for thread: 0x00007f45e028b000
RDI=0x00007f45e028b1e0 is an unknown value
R8 =0x00007f4592c11400 is pointing into the stack for thread: 0x00007f45e028b000
R9 =0x00007f45e028b000 is a thread
R10=0x00007f4584000c18 is an unknown value
R11=0x00007f45d0d252c0 is at entry_point+32 in (nmethod*)0x00007f45d0d25150
R12=0x00007f45e028b1e0 is an unknown value
R13=0x00007f45e028b000 is a thread
R14=0x00007f4592c11490 is pointing into the stack for thread: 0x00007f45e028b000
R15=0x00007f45656e6170 is an unknown value


Stack: [0x00007f4592b12000,0x00007f4592c13000],  sp=0x00007f4592c11230,  free space=1020k
Native frames: (J=compiled Java code, j=interpreted, Vv=VM code, C=native code)
V  [libjvm.so+0x68107d]
V  [libjvm.so+0x6846aa]
C  [libglass.so+0x12d33]  JNIEnv_::CallVoidMethod(_jobject*, _jmethodID*, ...)+0x93
C  [libglass.so+0x1ccf6]  WindowContextBase::process_key(_GdkEventKey*)+0x226
C  [libglass.so+0x1a9c0]  WindowContextBase::im_filter_keypress(_GdkEventKey*)+0x1f0
C  [libglass.so+0x23094]
C  [libgdk-x11-2.0.so.0+0x5acbc]

Java frames: (J=compiled Java code, j=interpreted, Vv=VM code)
j  com.sun.glass.ui.gtk.GtkApplication._runLoop(Ljava/lang/Runnable;Z)V+0
j  com.sun.glass.ui.gtk.GtkApplication.lambda$null$5(Ljava/lang/Runnable;Z)V+7
j  com.sun.glass.ui.gtk.GtkApplication$$Lambda$41.run()V+12
j  java.lang.Thread.run()V+11
v  ~StubRoutines::call_stub

---------------  P R O C E S S  ---------------

Java Threads: ( => current thread )
  0x00007f4584397800 JavaThread "Prism Font Disposer" daemon [_thread_blocked, id=27155, stack(0x00007f45904c5000,0x00007f45905c6000)]
  0x00007f458409f000 JavaThread "mysql-cj-abandoned-connection-cleanup" daemon [_thread_blocked, id=27152, stack(0x00007f4591f28000,0x00007f4592029000)]
  0x00007f45e0292800 JavaThread "JavaFX-Launcher" [_thread_blocked, id=27151, stack(0x00007f45920cf000,0x00007f45921d0000)]
=>0x00007f45e028b000 JavaThread "JavaFX Application Thread" [_thread_in_vm, id=27146, stack(0x00007f4592b12000,0x00007f4592c13000)]
  0x00007f45e0287000 JavaThread "Thread-1" daemon [_thread_blocked, id=27145, stack(0x00007f4592c13000,0x00007f4592d14000)]
  0x00007f45e0238800 JavaThread "QuantumRenderer-0" daemon [_thread_blocked, id=27143, stack(0x00007f45c9bc3000,0x00007f45c9cc4000)]
  0x00007f45e00b9800 JavaThread "Service Thread" daemon [_thread_blocked, id=27141, stack(0x00007f45c9e91000,0x00007f45c9f92000)]
  0x00007f45e00b7000 JavaThread "C1 CompilerThread1" daemon [_thread_blocked, id=27140, stack(0x00007f45c9f92000,0x00007f45ca093000)]
  0x00007f45e00b4000 JavaThread "C2 CompilerThread0" daemon [_thread_in_native, id=27139, stack(0x00007f45ca093000,0x00007f45ca194000)]
  0x00007f45e00b2800 JavaThread "Signal Dispatcher" daemon [_thread_blocked, id=27138, stack(0x00007f45ca194000,0x00007f45ca295000)]
  0x00007f45e0080000 JavaThread "Finalizer" daemon [_thread_blocked, id=27137, stack(0x00007f45ca430000,0x00007f45ca531000)]
  0x00007f45e007d800 JavaThread "Reference Handler" daemon [_thread_blocked, id=27136, stack(0x00007f45ca531000,0x00007f45ca632000)]
  0x00007f45e000a800 JavaThread "main" [_thread_blocked, id=27128, stack(0x00007f45e6dac000,0x00007f45e6ead000)]

Other Threads:
  0x00007f45e0074000 VMThread [stack: 0x00007f45ca632000,0x00007f45ca733000] [id=27135]
  0x00007f45e00bc000 WatcherThread [stack: 0x00007f45c9d90000,0x00007f45c9e91000] [id=27142]

VM state:not at safepoint (normal execution)

VM Mutex/Monitor currently owned by a thread: None

Heap:
 PSYoungGen      total 36864K, used 29297K [0x00000000d7380000, 0x00000000dbb80000, 0x0000000100000000)
  eden space 31744K, 76% used [0x00000000d7380000,0x00000000d8b20018,0x00000000d9280000)
  from space 5120K, 99% used [0x00000000d9280000,0x00000000d977c4b0,0x00000000d9780000)
  to   space 5120K, 0% used [0x00000000db680000,0x00000000db680000,0x00000000dbb80000)
 ParOldGen       total 84992K, used 5933K [0x0000000085a00000, 0x000000008ad00000, 0x00000000d7380000)
  object space 84992K, 6% used [0x0000000085a00000,0x0000000085fcb680,0x000000008ad00000)
 Metaspace       used 20327K, capacity 21118K, committed 21248K, reserved 1067008K
  class space    used 2742K, capacity 2950K, committed 3072K, reserved 1048576K

Card table byte_map: [0x00007f45d002d000,0x00007f45d0401000] byte_map_base: 0x00007f45cfc00000

Marking Bits: (ParMarkBitMap*) 0x00007f45e60a23a0
 Begin Bits: [0x00007f45cbe6e000, 0x00007f45cdd06000)
 End Bits:   [0x00007f45cdd06000, 0x00007f45cfb9e000)

Polling page: 0x00007f45e6ec7000

CodeCache: size=245760Kb used=6797Kb max_used=6797Kb free=238962Kb
 bounds [0x00007f45d07c1000, 0x00007f45d0e71000, 0x00007f45df7c1000]
 total_blobs=3005 nmethods=2306 adapters=614
 compilation: enabled

Compilation events (10 events):
Event: 21.057 Thread 0x00007f45e00b7000 nmethod 2302 0x00007f45d0e62b90 code [0x00007f45d0e62e00, 0x00007f45d0e64088]
Event: 21.057 Thread 0x00007f45e00b7000 2303       3       java.lang.CharacterDataLatin1::isIdeographic (19 bytes)
Event: 21.058 Thread 0x00007f45e00b7000 nmethod 2303 0x00007f45d0e64810 code [0x00007f45d0e64980, 0x00007f45d0e64bd0]
Event: 21.059 Thread 0x00007f45e00b7000 2304       3       javafx.beans.property.ReadOnlyDoublePropertyBase::fireValueChangedEvent (8 bytes)
Event: 21.059 Thread 0x00007f45e00b7000 nmethod 2304 0x00007f45d0e64d10 code [0x00007f45d0e64e80, 0x00007f45d0e65128]
Event: 21.061 Thread 0x00007f45e00b7000 2305       3       com.sun.javafx.font.LogicalFont::getStrike (117 bytes)
Event: 21.062 Thread 0x00007f45e00b7000 nmethod 2305 0x00007f45d0e65210 code [0x00007f45d0e65440, 0x00007f45d0e66148]
Event: 21.062 Thread 0x00007f45e00b7000 2308       3       com.sun.javafx.text.PrismTextLayout::isMirrored (81 bytes)
Event: 21.063 Thread 0x00007f45e00b7000 nmethod 2308 0x00007f45d0e66710 code [0x00007f45d0e66880, 0x00007f45d0e66ab0]
Event: 21.063 Thread 0x00007f45e00b7000 2309       3       java.lang.Math::min (45 bytes)

GC Heap History (6 events):
Event: 2.519 GC heap before
{Heap before GC invocations=1 (full 0):
 PSYoungGen      total 36864K, used 31744K [0x00000000d7380000, 0x00000000d9c80000, 0x0000000100000000)
  eden space 31744K, 100% used [0x00000000d7380000,0x00000000d9280000,0x00000000d9280000)
  from space 5120K, 0% used [0x00000000d9780000,0x00000000d9780000,0x00000000d9c80000)
  to   space 5120K, 0% used [0x00000000d9280000,0x00000000d9280000,0x00000000d9780000)
 ParOldGen       total 84992K, used 0K [0x0000000085a00000, 0x000000008ad00000, 0x00000000d7380000)
  object space 84992K, 0% used [0x0000000085a00000,0x0000000085a00000,0x000000008ad00000)
 Metaspace       used 11567K, capacity 12002K, committed 12288K, reserved 1060864K
  class space    used 1353K, capacity 1517K, committed 1536K, reserved 1048576K
Event: 2.536 GC heap after
Heap after GC invocations=1 (full 0):
 PSYoungGen      total 36864K, used 5113K [0x00000000d7380000, 0x00000000d9c80000, 0x0000000100000000)
  eden space 31744K, 0% used [0x00000000d7380000,0x00000000d7380000,0x00000000d9280000)
  from space 5120K, 99% used [0x00000000d9280000,0x00000000d977e680,0x00000000d9780000)
  to   space 5120K, 0% used [0x00000000d9780000,0x00000000d9780000,0x00000000d9c80000)
 ParOldGen       total 84992K, used 1880K [0x0000000085a00000, 0x000000008ad00000, 0x00000000d7380000)
  object space 84992K, 2% used [0x0000000085a00000,0x0000000085bd61f8,0x000000008ad00000)
 Metaspace       used 11567K, capacity 12002K, committed 12288K, reserved 1060864K
  class space    used 1353K, capacity 1517K, committed 1536K, reserved 1048576K
}
Event: 2.839 GC heap before
{Heap before GC invocations=2 (full 0):
 PSYoungGen      total 36864K, used 35714K [0x00000000d7380000, 0x00000000d9c80000, 0x0000000100000000)
  eden space 31744K, 96% used [0x00000000d7380000,0x00000000d91622b8,0x00000000d9280000)
  from space 5120K, 99% used [0x00000000d9280000,0x00000000d977e680,0x00000000d9780000)
  to   space 5120K, 0% used [0x00000000d9780000,0x00000000d9780000,0x00000000d9c80000)
 ParOldGen       total 84992K, used 1880K [0x0000000085a00000, 0x000000008ad00000, 0x00000000d7380000)
  object space 84992K, 2% used [0x0000000085a00000,0x0000000085bd61f8,0x000000008ad00000)
 Metaspace       used 12626K, capacity 13038K, committed 13184K, reserved 1060864K
  class space    used 1510K, capacity 1648K, committed 1664K, reserved 1048576K
Event: 2.856 GC heap after
Heap after GC invocations=2 (full 0):
 PSYoungGen      total 36864K, used 4688K [0x00000000d7380000, 0x00000000dbb80000, 0x0000000100000000)
  eden space 31744K, 0% used [0x00000000d7380000,0x00000000d7380000,0x00000000d9280000)
  from space 5120K, 91% used [0x00000000d9780000,0x00000000d9c140f8,0x00000000d9c80000)
  to   space 5120K, 0% used [0x00000000d9280000,0x00000000d9280000,0x00000000d9780000)
 ParOldGen       total 84992K, used 1888K [0x0000000085a00000, 0x000000008ad00000, 0x00000000d7380000)
  object space 84992K, 2% used [0x0000000085a00000,0x0000000085bd81f8,0x000000008ad00000)
 Metaspace       used 12626K, capacity 13038K, committed 13184K, reserved 1060864K
  class space    used 1510K, capacity 1648K, committed 1664K, reserved 1048576K
}
Event: 3.682 GC heap before
{Heap before GC invocations=3 (full 0):
 PSYoungGen      total 36864K, used 36432K [0x00000000d7380000, 0x00000000dbb80000, 0x0000000100000000)
  eden space 31744K, 100% used [0x00000000d7380000,0x00000000d9280000,0x00000000d9280000)
  from space 5120K, 91% used [0x00000000d9780000,0x00000000d9c140f8,0x00000000d9c80000)
  to   space 5120K, 0% used [0x00000000d9280000,0x00000000d9280000,0x00000000d9780000)
 ParOldGen       total 84992K, used 1888K [0x0000000085a00000, 0x000000008ad00000, 0x00000000d7380000)
  object space 84992K, 2% used [0x0000000085a00000,0x0000000085bd81f8,0x000000008ad00000)
 Metaspace       used 15525K, capacity 16006K, committed 16256K, reserved 1062912K
  class space    used 1996K, capacity 2160K, committed 2176K, reserved 1048576K
Event: 3.702 GC heap after
Heap after GC invocations=3 (full 0):
 PSYoungGen      total 36864K, used 5105K [0x00000000d7380000, 0x00000000dbb80000, 0x0000000100000000)
  eden space 31744K, 0% used [0x00000000d7380000,0x00000000d7380000,0x00000000d9280000)
  from space 5120K, 99% used [0x00000000d9280000,0x00000000d977c4b0,0x00000000d9780000)
  to   space 5120K, 0% used [0x00000000db680000,0x00000000db680000,0x00000000dbb80000)
 ParOldGen       total 84992K, used 5933K [0x0000000085a00000, 0x000000008ad00000, 0x00000000d7380000)
  object space 84992K, 6% used [0x0000000085a00000,0x0000000085fcb680,0x000000008ad00000)
 Metaspace       used 15525K, capacity 16006K, committed 16256K, reserved 1062912K
  class space    used 1996K, capacity 2160K, committed 2176K, reserved 1048576K
}

Deoptimization events (10 events):
Event: 3.756 Thread 0x00007f45e028b000 Uncommon trap: reason=class_check action=maybe_recompile pc=0x00007f45d08d87a0 method=java.lang.String.equals(Ljava/lang/Object;)Z @ 8
Event: 3.860 Thread 0x00007f45e028b000 Uncommon trap: reason=unstable_if action=reinterpret pc=0x00007f45d0b5972c method=java.lang.ClassLoader.checkName(Ljava/lang/String;)Z @ 20
Event: 4.440 Thread 0x00007f45e028b000 Uncommon trap: reason=unstable_if action=reinterpret pc=0x00007f45d0b65024 method=jdk.internal.org.objectweb.asm.Type.getArgumentsAndReturnSizes(Ljava/lang/String;)I @ 47
Event: 5.086 Thread 0x00007f45e0238800 Uncommon trap: reason=unstable_if action=reinterpret pc=0x00007f45d0c0f660 method=java.lang.StrictMath.floorOrCeil(DDDD)D @ 115
Event: 7.317 Thread 0x00007f45e028b000 Uncommon trap: reason=class_check action=maybe_recompile pc=0x00007f45d0b9c14c method=java.io.FilterInputStream.read()I @ 4
Event: 7.317 Thread 0x00007f45e028b000 Uncommon trap: reason=class_check action=maybe_recompile pc=0x00007f45d0b9c14c method=java.io.FilterInputStream.read()I @ 4
Event: 7.317 Thread 0x00007f45e028b000 Uncommon trap: reason=class_check action=maybe_recompile pc=0x00007f45d0b9c14c method=java.io.FilterInputStream.read()I @ 4
Event: 7.317 Thread 0x00007f45e028b000 Uncommon trap: reason=class_check action=maybe_recompile pc=0x00007f45d0b9c14c method=java.io.FilterInputStream.read()I @ 4
Event: 17.758 Thread 0x00007f45e028b000 Uncommon trap: reason=unstable_if action=reinterpret pc=0x00007f45d0a131e0 method=java.lang.CharacterData.of(I)Ljava/lang/CharacterData; @ 4
Event: 20.935 Thread 0x00007f45e028b000 Uncommon trap: reason=unstable_if action=reinterpret pc=0x00007f45d0a9231c method=sun.nio.cs.UTF_8$Decoder.decode([BII[C)I @ 30

Classes redefined (0 events):
No events

Internal exceptions (10 events):
Event: 0.847 Thread 0x00007f45e000a800 Exception <a 'java/security/PrivilegedActionException'> (0x00000000d76359a8) thrown at [/build/openjdk-8-8u181-b13/src/hotspot/src/share/vm/prims/jvm.cpp, line 1435]
Event: 0.847 Thread 0x00007f45e000a800 Exception <a 'java/security/PrivilegedActionException'> (0x00000000d7635bb8) thrown at [/build/openjdk-8-8u181-b13/src/hotspot/src/share/vm/prims/jvm.cpp, line 1435]
Event: 0.847 Thread 0x00007f45e000a800 Exception <a 'java/lang/NullPointerException'> (0x00000000d7637160) thrown at [/build/openjdk-8-8u181-b13/src/hotspot/src/share/vm/interpreter/linkResolver.cpp, line 1185]
Event: 2.353 Thread 0x00007f45e028b000 Exception <a 'java/lang/NullPointerException'> (0x00000000d8b46280) thrown at [/build/openjdk-8-8u181-b13/src/hotspot/src/share/vm/interpreter/linkResolver.cpp, line 1185]
Event: 2.353 Thread 0x00007f45e028b000 Exception <a 'java/lang/NullPointerException'> (0x00000000d8b46280) thrown at [/build/openjdk-8-8u181-b13/src/hotspot/src/share/vm/prims/jvm.cpp, line 1439]
Event: 2.634 Thread 0x00007f45e028b000 Implicit null exception at 0x00007f45d0aa4117 to 0x00007f45d0aa45cd
Event: 2.885 Thread 0x00007f45e028b000 Exception <a 'java/lang/ArrayIndexOutOfBoundsException'> (0x00000000d7517ba0) thrown at [/build/openjdk-8-8u181-b13/src/hotspot/src/share/vm/runtime/sharedRuntime.cpp, line 605]
Event: 2.886 Thread 0x00007f45e028b000 Exception <a 'java/lang/ArrayIndexOutOfBoundsException'> (0x00000000d75188a0) thrown at [/build/openjdk-8-8u181-b13/src/hotspot/src/share/vm/runtime/sharedRuntime.cpp, line 605]
Event: 2.887 Thread 0x00007f45e028b000 Exception <a 'java/lang/ArrayIndexOutOfBoundsException'> (0x00000000d7519c48) thrown at [/build/openjdk-8-8u181-b13/src/hotspot/src/share/vm/runtime/sharedRuntime.cpp, line 605]
Event: 3.483 Thread 0x00007f45e028b000 Implicit null exception at 0x00007f45d0b05bb5 to 0x00007f45d0b05d99

Events (10 events):
Event: 20.975 loading class javafx/scene/effect/Reflection$2
Event: 20.975 loading class javafx/scene/effect/Reflection$2 done
Event: 20.975 loading class javafx/scene/effect/Reflection$4
Event: 20.975 loading class javafx/scene/effect/Reflection$4 done
Event: 20.976 loading class javafx/scene/effect/Reflection$3
Event: 20.976 loading class javafx/scene/effect/Reflection$3 done
Event: 20.976 loading class com/sun/javafx/effect/EffectDirtyBits
Event: 20.976 loading class com/sun/javafx/effect/EffectDirtyBits done
Event: 20.977 loading class javafx/scene/Node$MiscProperties$9$1
Event: 20.977 loading class javafx/scene/Node$MiscProperties$9$1 done


Dynamic libraries:
85a00000-8ad00000 rw-p 00000000 00:00 0 
8ad00000-d7380000 ---p 00000000 00:00 0 
d7380000-dbb80000 rw-p 00000000 00:00 0 
dbb80000-100000000 ---p 00000000 00:00 0 
100000000-100300000 rw-p 00000000 00:00 0 
100300000-140000000 ---p 00000000 00:00 0 
56079831e000-56079831f000 r-xp 00000000 08:08 1715118                    /usr/lib/jvm/java-8-openjdk-amd64/jre/bin/java
56079851e000-56079851f000 r--p 00000000 08:08 1715118                    /usr/lib/jvm/java-8-openjdk-amd64/jre/bin/java
56079851f000-560798520000 rw-p 00001000 08:08 1715118                    /usr/lib/jvm/java-8-openjdk-amd64/jre/bin/java
560799a4f000-560799a70000 rw-p 00000000 00:00 0                          [heap]
7f4580a7f000-7f4580c3f000 rw-p 00000000 00:00 0 
7f4580c3f000-7f4580c7f000 ---p 00000000 00:00 0 
7f4580c7f000-7f4580e3f000 rw-s 1063e3000 00:06 344                       /dev/dri/card0
7f4580e3f000-7f4580fff000 rw-s 104b9f000 00:06 344                       /dev/dri/card0
7f4580fff000-7f4584000000 rw-p 00000000 00:00 0 
7f4584000000-7f4584569000 rw-p 00000000 00:00 0 
7f4584569000-7f4588000000 ---p 00000000 00:00 0 
7f4588000000-7f4588021000 rw-p 00000000 00:00 0 
7f4588021000-7f458c000000 ---p 00000000 00:00 0 
7f458c000000-7f458c021000 rw-p 00000000 00:00 0 
7f458c021000-7f4590000000 ---p 00000000 00:00 0 
7f459003d000-7f459003e000 rw-s 10620c000 00:06 344                       /dev/dri/card0
7f459003e000-7f459003f000 rw-s 105315000 00:06 344                       /dev/dri/card0
7f4590040000-7f4590045000 rw-s 00000000 00:18 186                        /i915 (deleted)
7f4590045000-7f459004b000 rw-s 1009ce000 00:06 344                       /dev/dri/card0
7f459004d000-7f459005d000 rw-s 00000000 00:18 181                        /i915 (deleted)
7f459005d000-7f459005e000 rw-s 00000000 00:18 139                        /i915 (deleted)
7f459005e000-7f4590062000 rw-s 00000000 00:18 189                        /i915 (deleted)
7f4590062000-7f4590063000 rw-s 00000000 00:18 138                        /i915 (deleted)
7f4590063000-7f45900c3000 rw-s 101cd7000 00:06 344                       /dev/dri/card0
7f45900c3000-7f4590123000 rw-s 1045c7000 00:06 344                       /dev/dri/card0
7f4590123000-7f4590131000 rw-s 106732000 00:06 344                       /dev/dri/card0
7f4590131000-7f4590135000 rw-s 00000000 00:18 167                        /i915 (deleted)
7f4590135000-7f459013a000 rw-s 00000000 00:18 184                        /i915 (deleted)
7f459013a000-7f459014a000 rw-s 00000000 00:18 169                        /i915 (deleted)
7f459014a000-7f459014f000 rw-s 00000000 00:18 145                        /i915 (deleted)
7f459014f000-7f459015f000 rw-s 00000000 00:18 185                        /i915 (deleted)
7f459015f000-7f459016b000 rw-s 00000000 00:18 146                        /i915 (deleted)
7f459016b000-7f459046b000 rw-s 105816000 00:06 344                       /dev/dri/card0
7f459046b000-7f459047e000 r--s 00346000 08:08 1715206                    /usr/lib/jvm/java-8-openjdk-amd64/jre/lib/resources.jar
7f459047e000-7f45904c5000 r--p 00000000 08:08 2491713                    /usr/share/fonts/truetype/noto/NotoSans-BoldItalic.ttf
7f45904c5000-7f45904c8000 ---p 00000000 00:00 0 
7f45904c8000-7f45905c6000 rw-p 00000000 00:00 0 
7f45905c6000-7f4590611000 r--p 00000000 08:08 2491715                    /usr/share/fonts/truetype/noto/NotoSans-Regular.ttf
7f4590611000-7f4590811000 rw-p 00000000 00:00 0 
7f4590811000-7f4590841000 r-xp 00000000 08:08 1973152                    /usr/lib/x86_64-linux-gnu/gtk-2.0/2.10.0/engines/libmurrine.so
7f4590841000-7f4590a41000 ---p 00030000 08:08 1973152                    /usr/lib/x86_64-linux-gnu/gtk-2.0/2.10.0/engines/libmurrine.so
7f4590a41000-7f4590a42000 r--p 00030000 08:08 1973152                    /usr/lib/x86_64-linux-gnu/gtk-2.0/2.10.0/engines/libmurrine.so
7f4590a42000-7f4590a43000 rw-p 00031000 08:08 1973152                    /usr/lib/x86_64-linux-gnu/gtk-2.0/2.10.0/engines/libmurrine.so
7f4590a43000-7f4590a45000 r-xp 00000000 08:08 1973145                    /usr/lib/x86_64-linux-gnu/gtk-2.0/2.10.0/engines/libadwaita.so
7f4590a45000-7f4590c45000 ---p 00002000 08:08 1973145                    /usr/lib/x86_64-linux-gnu/gtk-2.0/2.10.0/engines/libadwaita.so
7f4590c45000-7f4590c46000 r--p 00002000 08:08 1973145                    /usr/lib/x86_64-linux-gnu/gtk-2.0/2.10.0/engines/libadwaita.so
7f4590c46000-7f4590c47000 rw-p 00003000 08:08 1973145                    /usr/lib/x86_64-linux-gnu/gtk-2.0/2.10.0/engines/libadwaita.so
7f4590c47000-7f4590c51000 r-xp 00000000 08:08 1973153                    /usr/lib/x86_64-linux-gnu/gtk-2.0/2.10.0/engines/libpixmap.so
7f4590c51000-7f4590e50000 ---p 0000a000 08:08 1973153                    /usr/lib/x86_64-linux-gnu/gtk-2.0/2.10.0/engines/libpixmap.so
7f4590e50000-7f4590e51000 r--p 00009000 08:08 1973153                    /usr/lib/x86_64-linux-gnu/gtk-2.0/2.10.0/engines/libpixmap.so
7f4590e51000-7f4590e52000 rw-p 0000a000 08:08 1973153                    /usr/lib/x86_64-linux-gnu/gtk-2.0/2.10.0/engines/libpixmap.so
7f4590e52000-7f4590e54000 r--s 00000000 08:08 1590387                    /var/cache/fontconfig/4bb17da730f63117fed329ee42a5d05e-le64.cache-4
7f4590e54000-7f4590e96000 r--s 00000000 08:08 1572909                    /var/cache/fontconfig/0bd3dc0958fa2205aaaa8ebb13e2872b-le64.cache-4
7f4590e96000-7f4590e9b000 r-xp 00000000 08:08 1717399                    /usr/lib/jvm/java-8-openjdk-amd64/jre/lib/amd64/libjavafx_font_freetype.so
7f4590e9b000-7f459109a000 ---p 00005000 08:08 1717399                    /usr/lib/jvm/java-8-openjdk-amd64/jre/lib/amd64/libjavafx_font_freetype.so
7f459109a000-7f459109b000 r--p 00004000 08:08 1717399                    /usr/lib/jvm/java-8-openjdk-amd64/jre/lib/amd64/libjavafx_font_freetype.so
7f459109b000-7f459109c000 rw-p 00005000 08:08 1717399                    /usr/lib/jvm/java-8-openjdk-amd64/jre/lib/amd64/libjavafx_font_freetype.so
7f459109c000-7f459129c000 rw-p 00000000 00:00 0 
7f459129c000-7f459129f000 r-xp 00000000 08:08 1717398                    /usr/lib/jvm/java-8-openjdk-amd64/jre/lib/amd64/libjavafx_font.so
7f459129f000-7f459149e000 ---p 00003000 08:08 1717398                    /usr/lib/jvm/java-8-openjdk-amd64/jre/lib/amd64/libjavafx_font.so
7f459149e000-7f459149f000 r--p 00002000 08:08 1717398                    /usr/lib/jvm/java-8-openjdk-amd64/jre/lib/amd64/libjavafx_font.so
7f459149f000-7f45914a0000 rw-p 00003000 08:08 1717398                    /usr/lib/jvm/java-8-openjdk-amd64/jre/lib/amd64/libjavafx_font.so
7f45914a0000-7f4591509000 r-xp 00000000 08:08 1974422                    /usr/lib/x86_64-linux-gnu/libjpeg.so.62.2.0
7f4591509000-7f4591709000 ---p 00069000 08:08 1974422                    /usr/lib/x86_64-linux-gnu/libjpeg.so.62.2.0
7f4591709000-7f459170a000 r--p 00069000 08:08 1974422                    /usr/lib/x86_64-linux-gnu/libjpeg.so.62.2.0
7f459170a000-7f459170b000 rw-p 0006a000 08:08 1974422                    /usr/lib/x86_64-linux-gnu/libjpeg.so.62.2.0
7f459170b000-7f459170f000 r-xp 00000000 08:08 1717401                    /usr/lib/jvm/java-8-openjdk-amd64/jre/lib/amd64/libjavafx_iio.so
7f459170f000-7f459190e000 ---p 00004000 08:08 1717401                    /usr/lib/jvm/java-8-openjdk-amd64/jre/lib/amd64/libjavafx_iio.so
7f459190e000-7f459190f000 r--p 00003000 08:08 1717401                    /usr/lib/jvm/java-8-openjdk-amd64/jre/lib/amd64/libjavafx_iio.so
7f459190f000-7f4591910000 rw-p 00004000 08:08 1717401                    /usr/lib/jvm/java-8-openjdk-amd64/jre/lib/amd64/libjavafx_iio.so
7f4591910000-7f4591b10000 rw-p 00000000 00:00 0 
7f4591b10000-7f4591d10000 rw-p 00000000 00:00 0 
7f4591d10000-7f4591d27000 r-xp 00000000 08:08 1715156                    /usr/lib/jvm/java-8-openjdk-amd64/jre/lib/amd64/libnet.so
7f4591d27000-7f4591f26000 ---p 00017000 08:08 1715156                    /usr/lib/jvm/java-8-openjdk-amd64/jre/lib/amd64/libnet.so
7f4591f26000-7f4591f27000 r--p 00016000 08:08 1715156                    /usr/lib/jvm/java-8-openjdk-amd64/jre/lib/amd64/libnet.so
7f4591f27000-7f4591f28000 rw-p 00017000 08:08 1715156                    /usr/lib/jvm/java-8-openjdk-amd64/jre/lib/amd64/libnet.so
7f4591f28000-7f4591f2b000 ---p 00000000 00:00 0 
7f4591f2b000-7f4592029000 rw-p 00000000 00:00 0 
7f4592029000-7f45920cf000 r--s 010bb000 08:09 14421221                   /home/atomx/eclipse-workspace/Library/lib/jfxrt.jar
7f45920cf000-7f45920d2000 ---p 00000000 00:00 0 
7f45920d2000-7f45921d0000 rw-p 00000000 00:00 0 
7f45921d0000-7f45921d1000 ---p 00000000 00:00 0 
7f45921d1000-7f45929d1000 rw-p 00000000 00:00 0 
7f45929d1000-7f4592b12000 rw-s 00000000 08:09 12845132                   /home/atomx/.cache/mesa_shader_cache/index
7f4592b12000-7f4592b15000 ---p 00000000 00:00 0 
7f4592b15000-7f4592c13000 rw-p 00000000 00:00 0 
7f4592c13000-7f4592c16000 ---p 00000000 00:00 0 
7f4592c16000-7f4592d14000 rw-p 00000000 00:00 0 
7f4592d14000-7f4592d3d000 r-xp 00000000 08:08 1717396                    /usr/lib/jvm/java-8-openjdk-amd64/jre/lib/amd64/libglass.so
7f4592d3d000-7f4592f3d000 ---p 00029000 08:08 1717396                    /usr/lib/jvm/java-8-openjdk-amd64/jre/lib/amd64/libglass.so
7f4592f3d000-7f4592f3e000 r--p 00029000 08:08 1717396                    /usr/lib/jvm/java-8-openjdk-amd64/jre/lib/amd64/libglass.so
7f4592f3e000-7f4592f3f000 rw-p 0002a000 08:08 1717396                    /usr/lib/jvm/java-8-openjdk-amd64/jre/lib/amd64/libglass.so
7f4592f3f000-7f4592f40000 rw-p 00000000 00:00 0 
7f4592f40000-7f4592f41000 ---p 00000000 00:00 0 
7f4592f41000-7f4593741000 rw-p 00000000 00:00 0 
7f4593741000-7f4593749000 r-xp 00000000 08:08 1974752                    /usr/lib/x86_64-linux-gnu/libpciaccess.so.0.11.1
7f4593749000-7f4593949000 ---p 00008000 08:08 1974752                    /usr/lib/x86_64-linux-gnu/libpciaccess.so.0.11.1
7f4593949000-7f459394a000 r--p 00008000 08:08 1974752                    /usr/lib/x86_64-linux-gnu/libpciaccess.so.0.11.1
7f459394a000-7f459394b000 rw-p 00009000 08:08 1974752                    /usr/lib/x86_64-linux-gnu/libpciaccess.so.0.11.1
7f459394b000-7f4593956000 r-xp 00000000 08:08 1973844                    /usr/lib/x86_64-linux-gnu/libdrm_radeon.so.1.0.1
7f4593956000-7f4593b55000 ---p 0000b000 08:08 1973844                    /usr/lib/x86_64-linux-gnu/libdrm_radeon.so.1.0.1
7f4593b55000-7f4593b56000 r--p 0000a000 08:08 1973844                    /usr/lib/x86_64-linux-gnu/libdrm_radeon.so.1.0.1
7f4593b56000-7f4593b57000 rw-p 0000b000 08:08 1973844                    /usr/lib/x86_64-linux-gnu/libdrm_radeon.so.1.0.1
7f4593b57000-7f4593b5e000 r-xp 00000000 08:08 1973842                    /usr/lib/x86_64-linux-gnu/libdrm_nouveau.so.2.0.0
7f4593b5e000-7f4593d5d000 ---p 00007000 08:08 1973842                    /usr/lib/x86_64-linux-gnu/libdrm_nouveau.so.2.0.0
7f4593d5d000-7f4593d5e000 r--p 00006000 08:08 1973842                    /usr/lib/x86_64-linux-gnu/libdrm_nouveau.so.2.0.0
7f4593d5e000-7f4593d5f000 rw-p 00007000 08:08 1973842                    /usr/lib/x86_64-linux-gnu/libdrm_nouveau.so.2.0.0
7f4593d5f000-7f4593d82000 r-xp 00000000 08:08 1973840                    /usr/lib/x86_64-linux-gnu/libdrm_intel.so.1.0.0
7f4593d82000-7f4593f81000 ---p 00023000 08:08 1973840                    /usr/lib/x86_64-linux-gnu/libdrm_intel.so.1.0.0
7f4593f81000-7f4593f82000 r--p 00022000 08:08 1973840                    /usr/lib/x86_64-linux-gnu/libdrm_intel.so.1.0.0
7f4593f82000-7f4593f83000 rw-p 00023000 08:08 1973840                    /usr/lib/x86_64-linux-gnu/libdrm_intel.so.1.0.0
7f4593f83000-7f45948b2000 r-xp 00000000 08:08 1972506                    /usr/lib/x86_64-linux-gnu/dri/i965_dri.so
7f45948b2000-7f4594ab1000 ---p 0092f000 08:08 1972506                    /usr/lib/x86_64-linux-gnu/dri/i965_dri.so
7f4594ab1000-7f4594b0b000 r--p 0092e000 08:08 1972506                    /usr/lib/x86_64-linux-gnu/dri/i965_dri.so
7f4594b0b000-7f4594b16000 rw-p 00988000 08:08 1972506                    /usr/lib/x86_64-linux-gnu/dri/i965_dri.so
7f4594b16000-7f4594bc9000 rw-p 00000000 00:00 0 
7f4594bc9000-7f4594bd9000 r-xp 00000000 08:08 1973836                    /usr/lib/x86_64-linux-gnu/libdrm.so.2.4.0
7f4594bd9000-7f4594dd8000 ---p 00010000 08:08 1973836                    /usr/lib/x86_64-linux-gnu/libdrm.so.2.4.0
7f4594dd8000-7f4594dd9000 r--p 0000f000 08:08 1973836                    /usr/lib/x86_64-linux-gnu/libdrm.so.2.4.0
7f4594dd9000-7f4594dda000 rw-p 00010000 08:08 1973836                    /usr/lib/x86_64-linux-gnu/libdrm.so.2.4.0
7f4594dda000-7f4594dde000 r-xp 00000000 08:08 1975194                    /usr/lib/x86_64-linux-gnu/libxcb-dri2.so.0.0.0
7f4594dde000-7f4594fdd000 ---p 00004000 08:08 1975194                    /usr/lib/x86_64-linux-gnu/libxcb-dri2.so.0.0.0
7f4594fdd000-7f4594fde000 r--p 00003000 08:08 1975194                    /usr/lib/x86_64-linux-gnu/libxcb-dri2.so.0.0.0
7f4594fde000-7f4594fdf000 rw-p 00004000 08:08 1975194                    /usr/lib/x86_64-linux-gnu/libxcb-dri2.so.0.0.0
7f4594fdf000-7f4594ff7000 r-xp 00000000 08:08 1975200                    /usr/lib/x86_64-linux-gnu/libxcb-glx.so.0.0.0
7f4594ff7000-7f45951f7000 ---p 00018000 08:08 1975200                    /usr/lib/x86_64-linux-gnu/libxcb-glx.so.0.0.0
7f45951f7000-7f45951f9000 r--p 00018000 08:08 1975200                    /usr/lib/x86_64-linux-gnu/libxcb-glx.so.0.0.0
7f45951f9000-7f45951fa000 rw-p 0001a000 08:08 1975200                    /usr/lib/x86_64-linux-gnu/libxcb-glx.so.0.0.0
7f45951fa000-7f45951fb000 r-xp 00000000 08:08 1973515                    /usr/lib/x86_64-linux-gnu/libX11-xcb.so.1.0.0
7f45951fb000-7f45953fa000 ---p 00001000 08:08 1973515                    /usr/lib/x86_64-linux-gnu/libX11-xcb.so.1.0.0
7f45953fa000-7f45953fb000 r--p 00000000 08:08 1973515                    /usr/lib/x86_64-linux-gnu/libX11-xcb.so.1.0.0
7f45953fb000-7f45953fc000 rw-p 00001000 08:08 1973515                    /usr/lib/x86_64-linux-gnu/libX11-xcb.so.1.0.0
7f45953fc000-7f4595428000 r-xp 00000000 08:08 1974054                    /usr/lib/x86_64-linux-gnu/libglapi.so.0.0.0
7f4595428000-7f4595627000 ---p 0002c000 08:08 1974054                    /usr/lib/x86_64-linux-gnu/libglapi.so.0.0.0
7f4595627000-7f459562b000 r--p 0002b000 08:08 1974054                    /usr/lib/x86_64-linux-gnu/libglapi.so.0.0.0
7f459562b000-7f459562c000 rw-p 0002f000 08:08 1974054                    /usr/lib/x86_64-linux-gnu/libglapi.so.0.0.0
7f459562c000-7f459562d000 rw-p 00000000 00:00 0 
7f459562d000-7f459562e000 r-xp 00000000 08:08 1975250                    /usr/lib/x86_64-linux-gnu/libxshmfence.so.1.0.0
7f459562e000-7f459582d000 ---p 00001000 08:08 1975250                    /usr/lib/x86_64-linux-gnu/libxshmfence.so.1.0.0
7f459582d000-7f459582e000 r--p 00000000 08:08 1975250                    /usr/lib/x86_64-linux-gnu/libxshmfence.so.1.0.0
7f459582e000-7f459582f000 rw-p 00001000 08:08 1975250                    /usr/lib/x86_64-linux-gnu/libxshmfence.so.1.0.0
7f459582f000-7f4595835000 r-xp 00000000 08:08 1975220                    /usr/lib/x86_64-linux-gnu/libxcb-sync.so.1.0.0
7f4595835000-7f4595a34000 ---p 00006000 08:08 1975220                    /usr/lib/x86_64-linux-gnu/libxcb-sync.so.1.0.0
7f4595a34000-7f4595a35000 r--p 00005000 08:08 1975220                    /usr/lib/x86_64-linux-gnu/libxcb-sync.so.1.0.0
7f4595a35000-7f4595a36000 rw-p 00006000 08:08 1975220                    /usr/lib/x86_64-linux-gnu/libxcb-sync.so.1.0.0
7f4595a36000-7f4595a38000 r-xp 00000000 08:08 1975208                    /usr/lib/x86_64-linux-gnu/libxcb-present.so.0.0.0
7f4595a38000-7f4595c37000 ---p 00002000 08:08 1975208                    /usr/lib/x86_64-linux-gnu/libxcb-present.so.0.0.0
7f4595c37000-7f4595c38000 r--p 00001000 08:08 1975208                    /usr/lib/x86_64-linux-gnu/libxcb-present.so.0.0.0
7f4595c38000-7f4595c39000 rw-p 00002000 08:08 1975208                    /usr/lib/x86_64-linux-gnu/libxcb-present.so.0.0.0
7f4595c39000-7f4595c40000 r-xp 00000000 08:08 1975224                    /usr/lib/x86_64-linux-gnu/libxcb-xfixes.so.0.0.0
7f4595c40000-7f4595e3f000 ---p 00007000 08:08 1975224                    /usr/lib/x86_64-linux-gnu/libxcb-xfixes.so.0.0.0
7f4595e3f000-7f4595e40000 r--p 00006000 08:08 1975224                    /usr/lib/x86_64-linux-gnu/libxcb-xfixes.so.0.0.0
7f4595e40000-7f4595e41000 rw-p 00007000 08:08 1975224                    /usr/lib/x86_64-linux-gnu/libxcb-xfixes.so.0.0.0
7f4595e41000-7f4595e43000 r-xp 00000000 08:08 1975196                    /usr/lib/x86_64-linux-gnu/libxcb-dri3.so.0.0.0
7f4595e43000-7f4596042000 ---p 00002000 08:08 1975196                    /usr/lib/x86_64-linux-gnu/libxcb-dri3.so.0.0.0
7f4596042000-7f4596043000 r--p 00001000 08:08 1975196                    /usr/lib/x86_64-linux-gnu/libxcb-dri3.so.0.0.0
7f4596043000-7f4596044000 rw-p 00002000 08:08 1975196                    /usr/lib/x86_64-linux-gnu/libxcb-dri3.so.0.0.0
7f4596044000-7f45960b6000 r-xp 00000000 08:08 1973267                    /usr/lib/x86_64-linux-gnu/libGLX_mesa.so.0.0.0
7f45960b6000-7f45962b5000 ---p 00072000 08:08 1973267                    /usr/lib/x86_64-linux-gnu/libGLX_mesa.so.0.0.0
7f45962b5000-7f45962b8000 r--p 00071000 08:08 1973267                    /usr/lib/x86_64-linux-gnu/libGLX_mesa.so.0.0.0
7f45962b8000-7f45962b9000 rw-p 00074000 08:08 1973267                    /usr/lib/x86_64-linux-gnu/libGLX_mesa.so.0.0.0
7f45962b9000-7f45962ba000 rw-p 00000000 00:00 0 
7f45962ba000-7f45962be000 r-xp 00000000 08:08 1975099                    /usr/lib/x86_64-linux-gnu/libuuid.so.1.3.0
7f45962be000-7f45964bd000 ---p 00004000 08:08 1975099                    /usr/lib/x86_64-linux-gnu/libuuid.so.1.3.0
7f45964bd000-7f45964be000 r--p 00003000 08:08 1975099                    /usr/lib/x86_64-linux-gnu/libuuid.so.1.3.0
7f45964be000-7f45964bf000 rw-p 00004000 08:08 1975099                    /usr/lib/x86_64-linux-gnu/libuuid.so.1.3.0
7f45964bf000-7f45964d2000 r-xp 00000000 08:08 1973672                    /usr/lib/x86_64-linux-gnu/libbsd.so.0.8.3
7f45964d2000-7f45966d2000 ---p 00013000 08:08 1973672                    /usr/lib/x86_64-linux-gnu/libbsd.so.0.8.3
7f45966d2000-7f45966d3000 r--p 00013000 08:08 1973672                    /usr/lib/x86_64-linux-gnu/libbsd.so.0.8.3
7f45966d3000-7f45966d4000 rw-p 00014000 08:08 1973672                    /usr/lib/x86_64-linux-gnu/libbsd.so.0.8.3
7f45966d4000-7f45966d5000 rw-p 00000000 00:00 0 
7f45966d5000-7f45966dc000 r-xp 00000000 08:08 1973762                    /usr/lib/x86_64-linux-gnu/libdatrie.so.1.3.3
7f45966dc000-7f45968db000 ---p 00007000 08:08 1973762                    /usr/lib/x86_64-linux-gnu/libdatrie.so.1.3.3
7f45968db000-7f45968dc000 r--p 00006000 08:08 1973762                    /usr/lib/x86_64-linux-gnu/libdatrie.so.1.3.3
7f45968dc000-7f45968dd000 rw-p 00007000 08:08 1973762                    /usr/lib/x86_64-linux-gnu/libdatrie.so.1.3.3
7f45968dd000-7f4596908000 r-xp 00000000 08:08 1974207                    /usr/lib/x86_64-linux-gnu/libgraphite2.so.3.0.1
7f4596908000-7f4596b07000 ---p 0002b000 08:08 1974207                    /usr/lib/x86_64-linux-gnu/libgraphite2.so.3.0.1
7f4596b07000-7f4596b09000 r--p 0002a000 08:08 1974207                    /usr/lib/x86_64-linux-gnu/libgraphite2.so.3.0.1
7f4596b09000-7f4596b0a000 rw-p 0002c000 08:08 1974207                    /usr/lib/x86_64-linux-gnu/libgraphite2.so.3.0.1
7f4596b0a000-7f4596b4b000 r-xp 00000000 08:08 1973657                    /usr/lib/x86_64-linux-gnu/libblkid.so.1.1.0
7f4596b4b000-7f4596d4a000 ---p 00041000 08:08 1973657                    /usr/lib/x86_64-linux-gnu/libblkid.so.1.1.0
7f4596d4a000-7f4596d4e000 r--p 00040000 08:08 1973657                    /usr/lib/x86_64-linux-gnu/libblkid.so.1.1.0
7f4596d4e000-7f4596d4f000 rw-p 00044000 08:08 1973657                    /usr/lib/x86_64-linux-gnu/libblkid.so.1.1.0
7f4596d4f000-7f4596d50000 rw-p 00000000 00:00 0 
7f4596d50000-7f4596d55000 r-xp 00000000 08:08 1973532                    /usr/lib/x86_64-linux-gnu/libXdmcp.so.6.0.0
7f4596d55000-7f4596f54000 ---p 00005000 08:08 1973532                    /usr/lib/x86_64-linux-gnu/libXdmcp.so.6.0.0
7f4596f54000-7f4596f55000 r--p 00004000 08:08 1973532                    /usr/lib/x86_64-linux-gnu/libXdmcp.so.6.0.0
7f4596f55000-7f4596f56000 rw-p 00005000 08:08 1973532                    /usr/lib/x86_64-linux-gnu/libXdmcp.so.6.0.0
7f4596f56000-7f4596f59000 r-xp 00000000 08:08 1973521                    /usr/lib/x86_64-linux-gnu/libXau.so.6.0.0
7f4596f59000-7f4597158000 ---p 00003000 08:08 1973521                    /usr/lib/x86_64-linux-gnu/libXau.so.6.0.0
7f4597158000-7f4597159000 r--p 00002000 08:08 1973521                    /usr/lib/x86_64-linux-gnu/libXau.so.6.0.0
7f4597159000-7f459715a000 rw-p 00003000 08:08 1973521                    /usr/lib/x86_64-linux-gnu/libXau.so.6.0.0
7f459715a000-7f45971ca000 r-xp 00000000 08:08 1973269                    /usr/lib/x86_64-linux-gnu/libGLdispatch.so.0.0.0
7f45971ca000-7f45973ca000 ---p 00070000 08:08 1973269                    /usr/lib/x86_64-linux-gnu/libGLdispatch.so.0.0.0
7f45973ca000-7f45973f3000 r--p 00070000 08:08 1973269                    /usr/lib/x86_64-linux-gnu/libGLdispatch.so.0.0.0
7f45973f3000-7f45973f4000 rw-p 00099000 08:08 1973269                    /usr/lib/x86_64-linux-gnu/libGLdispatch.so.0.0.0
7f45973f4000-7f4597414000 rw-p 00000000 00:00 0 
7f4597414000-7f4597424000 r-xp 00000000 08:08 1973264                    /usr/lib/x86_64-linux-gnu/libGLX.so.0.0.0
7f4597424000-7f4597624000 ---p 00010000 08:08 1973264                    /usr/lib/x86_64-linux-gnu/libGLX.so.0.0.0
7f4597624000-7f4597625000 r--p 00010000 08:08 1973264                    /usr/lib/x86_64-linux-gnu/libGLX.so.0.0.0
7f4597625000-7f4597626000 rw-p 00011000 08:08 1973264                    /usr/lib/x86_64-linux-gnu/libGLX.so.0.0.0
7f4597626000-7f4597646000 rw-p 00000000 00:00 0 
7f4597646000-7f45976b8000 r-xp 00000000 08:08 1974757                    /usr/lib/x86_64-linux-gnu/libpcre.so.3.13.3
7f45976b8000-7f45978b7000 ---p 00072000 08:08 1974757                    /usr/lib/x86_64-linux-gnu/libpcre.so.3.13.3
7f45978b7000-7f45978b8000 r--p 00071000 08:08 1974757                    /usr/lib/x86_64-linux-gnu/libpcre.so.3.13.3
7f45978b8000-7f45978b9000 rw-p 00072000 08:08 1974757                    /usr/lib/x86_64-linux-gnu/libpcre.so.3.13.3
7f45978b9000-7f45978e0000 r-xp 00000000 08:08 1973918                    /usr/lib/x86_64-linux-gnu/libexpat.so.1.6.2
7f45978e0000-7f4597ae0000 ---p 00027000 08:08 1973918                    /usr/lib/x86_64-linux-gnu/libexpat.so.1.6.2
7f4597ae0000-7f4597ae2000 r--p 00027000 08:08 1973918                    /usr/lib/x86_64-linux-gnu/libexpat.so.1.6.2
7f4597ae2000-7f4597ae3000 rw-p 00029000 08:08 1973918                    /usr/lib/x86_64-linux-gnu/libexpat.so.1.6.2
7f4597ae3000-7f4597aea000 r-xp 00000000 08:08 1973938                    /usr/lib/x86_64-linux-gnu/libffi.so.6.0.4
7f4597aea000-7f4597cea000 ---p 00007000 08:08 1973938                    /usr/lib/x86_64-linux-gnu/libffi.so.6.0.4
7f4597cea000-7f4597ceb000 r--p 00007000 08:08 1973938                    /usr/lib/x86_64-linux-gnu/libffi.so.6.0.4
7f4597ceb000-7f4597cec000 rw-p 00008000 08:08 1973938                    /usr/lib/x86_64-linux-gnu/libffi.so.6.0.4
7f4597cec000-7f4597cf4000 r-xp 00000000 08:08 1975032                    /usr/lib/x86_64-linux-gnu/libthai.so.0.3.0
7f4597cf4000-7f4597ef4000 ---p 00008000 08:08 1975032                    /usr/lib/x86_64-linux-gnu/libthai.so.0.3.0
7f4597ef4000-7f4597ef5000 r--p 00008000 08:08 1975032                    /usr/lib/x86_64-linux-gnu/libthai.so.0.3.0
7f4597ef5000-7f4597ef6000 rw-p 00009000 08:08 1975032                    /usr/lib/x86_64-linux-gnu/libthai.so.0.3.0
7f4597ef6000-7f4597f89000 r-xp 00000000 08:08 1974304                    /usr/lib/x86_64-linux-gnu/libharfbuzz.so.0.10400.2
7f4597f89000-7f4598188000 ---p 00093000 08:08 1974304                    /usr/lib/x86_64-linux-gnu/libharfbuzz.so.0.10400.2
7f4598188000-7f459818a000 r--p 00092000 08:08 1974304                    /usr/lib/x86_64-linux-gnu/libharfbuzz.so.0.10400.2
7f459818a000-7f459818b000 rw-p 00094000 08:08 1974304                    /usr/lib/x86_64-linux-gnu/libharfbuzz.so.0.10400.2
7f459818b000-7f45981d5000 r-xp 00000000 08:08 1974545                    /usr/lib/x86_64-linux-gnu/libmount.so.1.1.0
7f45981d5000-7f45983d5000 ---p 0004a000 08:08 1974545                    /usr/lib/x86_64-linux-gnu/libmount.so.1.1.0
7f45983d5000-7f45983d6000 r--p 0004a000 08:08 1974545                    /usr/lib/x86_64-linux-gnu/libmount.so.1.1.0
7f45983d6000-7f45983d7000 rw-p 0004b000 08:08 1974545                    /usr/lib/x86_64-linux-gnu/libmount.so.1.1.0
7f45983d7000-7f45983d9000 rw-p 00000000 00:00 0 
7f45983d9000-7f45983ed000 r-xp 00000000 08:08 1974883                    /usr/lib/x86_64-linux-gnu/libresolv-2.24.so
7f45983ed000-7f45985ec000 ---p 00014000 08:08 1974883                    /usr/lib/x86_64-linux-gnu/libresolv-2.24.so
7f45985ec000-7f45985ed000 r--p 00013000 08:08 1974883                    /usr/lib/x86_64-linux-gnu/libresolv-2.24.so
7f45985ed000-7f45985ee000 rw-p 00014000 08:08 1974883                    /usr/lib/x86_64-linux-gnu/libresolv-2.24.so
7f45985ee000-7f45985f0000 rw-p 00000000 00:00 0 
7f45985f0000-7f4598615000 r-xp 00000000 08:08 1974931                    /usr/lib/x86_64-linux-gnu/libselinux.so.1
7f4598615000-7f4598814000 ---p 00025000 08:08 1974931                    /usr/lib/x86_64-linux-gnu/libselinux.so.1
7f4598814000-7f4598815000 r--p 00024000 08:08 1974931                    /usr/lib/x86_64-linux-gnu/libselinux.so.1
7f4598815000-7f4598816000 rw-p 00025000 08:08 1974931                    /usr/lib/x86_64-linux-gnu/libselinux.so.1
7f4598816000-7f4598818000 rw-p 00000000 00:00 0 
7f4598818000-7f4598824000 r-xp 00000000 08:08 1975214                    /usr/lib/x86_64-linux-gnu/libxcb-render.so.0.0.0
7f4598824000-7f4598a24000 ---p 0000c000 08:08 1975214                    /usr/lib/x86_64-linux-gnu/libxcb-render.so.0.0.0
7f4598a24000-7f4598a25000 r--p 0000c000 08:08 1975214                    /usr/lib/x86_64-linux-gnu/libxcb-render.so.0.0.0
7f4598a25000-7f4598a26000 rw-p 0000d000 08:08 1975214                    /usr/lib/x86_64-linux-gnu/libxcb-render.so.0.0.0
7f4598a26000-7f4598a4d000 r-xp 00000000 08:08 1975232                    /usr/lib/x86_64-linux-gnu/libxcb.so.1.1.0
7f4598a4d000-7f4598c4c000 ---p 00027000 08:08 1975232                    /usr/lib/x86_64-linux-gnu/libxcb.so.1.1.0
7f4598c4c000-7f4598c4d000 r--p 00026000 08:08 1975232                    /usr/lib/x86_64-linux-gnu/libxcb.so.1.1.0
7f4598c4d000-7f4598c4e000 rw-p 00027000 08:08 1975232                    /usr/lib/x86_64-linux-gnu/libxcb.so.1.1.0
7f4598c4e000-7f4598c50000 r-xp 00000000 08:08 1975218                    /usr/lib/x86_64-linux-gnu/libxcb-shm.so.0.0.0
7f4598c50000-7f4598e50000 ---p 00002000 08:08 1975218                    /usr/lib/x86_64-linux-gnu/libxcb-shm.so.0.0.0
7f4598e50000-7f4598e51000 r--p 00002000 08:08 1975218                    /usr/lib/x86_64-linux-gnu/libxcb-shm.so.0.0.0
7f4598e51000-7f4598e52000 rw-p 00003000 08:08 1975218                    /usr/lib/x86_64-linux-gnu/libxcb-shm.so.0.0.0
7f4598e52000-7f4598e83000 r-xp 00000000 08:08 1974804                    /usr/lib/x86_64-linux-gnu/libpng16.so.16.28.0
7f4598e83000-7f4599083000 ---p 00031000 08:08 1974804                    /usr/lib/x86_64-linux-gnu/libpng16.so.16.28.0
7f4599083000-7f4599084000 r--p 00031000 08:08 1974804                    /usr/lib/x86_64-linux-gnu/libpng16.so.16.28.0
7f4599084000-7f4599085000 rw-p 00032000 08:08 1974804                    /usr/lib/x86_64-linux-gnu/libpng16.so.16.28.0
7f4599085000-7f4599123000 r-xp 00000000 08:08 1974787                    /usr/lib/x86_64-linux-gnu/libpixman-1.so.0.34.0
7f4599123000-7f4599323000 ---p 0009e000 08:08 1974787                    /usr/lib/x86_64-linux-gnu/libpixman-1.so.0.34.0
7f4599323000-7f459932b000 r--p 0009e000 08:08 1974787                    /usr/lib/x86_64-linux-gnu/libpixman-1.so.0.34.0
7f459932b000-7f459932c000 rw-p 000a6000 08:08 1974787                    /usr/lib/x86_64-linux-gnu/libpixman-1.so.0.34.0
7f459932c000-7f459933d000 r-xp 00000000 08:08 1973534                    /usr/lib/x86_64-linux-gnu/libXext.so.6.4.0
7f459933d000-7f459953c000 ---p 00011000 08:08 1973534                    /usr/lib/x86_64-linux-gnu/libXext.so.6.4.0
7f459953c000-7f459953d000 r--p 00010000 08:08 1973534                    /usr/lib/x86_64-linux-gnu/libXext.so.6.4.0
7f459953d000-7f459953e000 rw-p 00011000 08:08 1973534                    /usr/lib/x86_64-linux-gnu/libXext.so.6.4.0
7f459953e000-7f4599548000 r-xp 00000000 08:08 1973528                    /usr/lib/x86_64-linux-gnu/libXcursor.so.1.0.2
7f4599548000-7f4599747000 ---p 0000a000 08:08 1973528                    /usr/lib/x86_64-linux-gnu/libXcursor.so.1.0.2
7f4599747000-7f4599748000 r--p 00009000 08:08 1973528                    /usr/lib/x86_64-linux-gnu/libXcursor.so.1.0.2
7f4599748000-7f4599749000 rw-p 0000a000 08:08 1973528                    /usr/lib/x86_64-linux-gnu/libXcursor.so.1.0.2
7f4599749000-7f4599753000 r-xp 00000000 08:08 1973554                    /usr/lib/x86_64-linux-gnu/libXrandr.so.2.2.0
7f4599753000-7f4599952000 ---p 0000a000 08:08 1973554                    /usr/lib/x86_64-linux-gnu/libXrandr.so.2.2.0
7f4599952000-7f4599953000 r--p 00009000 08:08 1973554                    /usr/lib/x86_64-linux-gnu/libXrandr.so.2.2.0
7f4599953000-7f4599954000 rw-p 0000a000 08:08 1973554                    /usr/lib/x86_64-linux-gnu/libXrandr.so.2.2.0
7f4599954000-7f4599963000 r-xp 00000000 08:08 1973544                    /usr/lib/x86_64-linux-gnu/libXi.so.6.1.0
7f4599963000-7f4599b62000 ---p 0000f000 08:08 1973544                    /usr/lib/x86_64-linux-gnu/libXi.so.6.1.0
7f4599b62000-7f4599b63000 r--p 0000e000 08:08 1973544                    /usr/lib/x86_64-linux-gnu/libXi.so.6.1.0
7f4599b63000-7f4599b64000 rw-p 0000f000 08:08 1973544                    /usr/lib/x86_64-linux-gnu/libXi.so.6.1.0
7f4599b64000-7f4599b66000 r-xp 00000000 08:08 1973546                    /usr/lib/x86_64-linux-gnu/libXinerama.so.1.0.0
7f4599b66000-7f4599d65000 ---p 00002000 08:08 1973546                    /usr/lib/x86_64-linux-gnu/libXinerama.so.1.0.0
7f4599d65000-7f4599d66000 r--p 00001000 08:08 1973546                    /usr/lib/x86_64-linux-gnu/libXinerama.so.1.0.0
7f4599d66000-7f4599d67000 rw-p 00002000 08:08 1973546                    /usr/lib/x86_64-linux-gnu/libXinerama.so.1.0.0
7f4599d67000-7f4599d70000 r-xp 00000000 08:08 1973556                    /usr/lib/x86_64-linux-gnu/libXrender.so.1.3.0
7f4599d70000-7f4599f6f000 ---p 00009000 08:08 1973556                    /usr/lib/x86_64-linux-gnu/libXrender.so.1.3.0
7f4599f6f000-7f4599f70000 r--p 00008000 08:08 1973556                    /usr/lib/x86_64-linux-gnu/libXrender.so.1.3.0
7f4599f70000-7f4599f71000 rw-p 00009000 08:08 1973556                    /usr/lib/x86_64-linux-gnu/libXrender.so.1.3.0
7f4599f71000-7f4599f76000 r-xp 00000000 08:08 1973536                    /usr/lib/x86_64-linux-gnu/libXfixes.so.3.1.0
7f4599f76000-7f459a175000 ---p 00005000 08:08 1973536                    /usr/lib/x86_64-linux-gnu/libXfixes.so.3.1.0
7f459a175000-7f459a176000 r--p 00004000 08:08 1973536                    /usr/lib/x86_64-linux-gnu/libXfixes.so.3.1.0
7f459a176000-7f459a177000 rw-p 00005000 08:08 1973536                    /usr/lib/x86_64-linux-gnu/libXfixes.so.3.1.0
7f459a177000-7f459a179000 r-xp 00000000 08:08 1973530                    /usr/lib/x86_64-linux-gnu/libXdamage.so.1.1.0
7f459a179000-7f459a378000 ---p 00002000 08:08 1973530                    /usr/lib/x86_64-linux-gnu/libXdamage.so.1.1.0
7f459a378000-7f459a379000 r--p 00001000 08:08 1973530                    /usr/lib/x86_64-linux-gnu/libXdamage.so.1.1.0
7f459a379000-7f459a37a000 rw-p 00002000 08:08 1973530                    /usr/lib/x86_64-linux-gnu/libXdamage.so.1.1.0
7f459a37a000-7f459a37c000 r-xp 00000000 08:08 1973526                    /usr/lib/x86_64-linux-gnu/libXcomposite.so.1.0.0
7f459a37c000-7f459a57b000 ---p 00002000 08:08 1973526                    /usr/lib/x86_64-linux-gnu/libXcomposite.so.1.0.0
7f459a57b000-7f459a57c000 r--p 00001000 08:08 1973526                    /usr/lib/x86_64-linux-gnu/libXcomposite.so.1.0.0
7f459a57c000-7f459a57d000 rw-p 00002000 08:08 1973526                    /usr/lib/x86_64-linux-gnu/libXcomposite.so.1.0.0
7f459a57d000-7f459a580000 r-xp 00000000 08:08 1974072                    /usr/lib/x86_64-linux-gnu/libgmodule-2.0.so.0.5000.3
7f459a580000-7f459a77f000 ---p 00003000 08:08 1974072                    /usr/lib/x86_64-linux-gnu/libgmodule-2.0.so.0.5000.3
7f459a77f000-7f459a780000 r--p 00002000 08:08 1974072                    /usr/lib/x86_64-linux-gnu/libgmodule-2.0.so.0.5000.3
7f459a780000-7f459a781000 rw-p 00003000 08:08 1974072                    /usr/lib/x86_64-linux-gnu/libgmodule-2.0.so.0.5000.3
7f459a781000-7f459a7f6000 r-xp 00000000 08:08 1973258                    /usr/lib/x86_64-linux-gnu/libGL.so.1.7.0
7f459a7f6000-7f459a9f6000 ---p 00075000 08:08 1973258                    /usr/lib/x86_64-linux-gnu/libGL.so.1.7.0
7f459a9f6000-7f459aa10000 r--p 00075000 08:08 1973258                    /usr/lib/x86_64-linux-gnu/libGL.so.1.7.0
7f459aa10000-7f459aa11000 rw-p 0008f000 08:08 1973258                    /usr/lib/x86_64-linux-gnu/libGL.so.1.7.0
7f459aa11000-7f459aa12000 rw-p 00000000 00:00 0 
7f459aa12000-7f459aa17000 r-xp 00000000 08:08 1973572                    /usr/lib/x86_64-linux-gnu/libXxf86vm.so.1.0.0
7f459aa17000-7f459ac16000 ---p 00005000 08:08 1973572                    /usr/lib/x86_64-linux-gnu/libXxf86vm.so.1.0.0
7f459ac16000-7f459ac17000 r--p 00004000 08:08 1973572                    /usr/lib/x86_64-linux-gnu/libXxf86vm.so.1.0.0
7f459ac17000-7f459ac18000 rw-p 00005000 08:08 1973572                    /usr/lib/x86_64-linux-gnu/libXxf86vm.so.1.0.0
7f459ac18000-7f459ad52000 r-xp 00000000 08:08 1973517                    /usr/lib/x86_64-linux-gnu/libX11.so.6.3.0
7f459ad52000-7f459af52000 ---p 0013a000 08:08 1973517                    /usr/lib/x86_64-linux-gnu/libX11.so.6.3.0
7f459af52000-7f459af53000 r--p 0013a000 08:08 1973517                    /usr/lib/x86_64-linux-gnu/libX11.so.6.3.0
7f459af53000-7f459af58000 rw-p 0013b000 08:08 1973517                    /usr/lib/x86_64-linux-gnu/libX11.so.6.3.0
7f459af58000-7f459af5d000 r-xp 00000000 08:08 1973562                    /usr/lib/x86_64-linux-gnu/libXtst.so.6.1.0
7f459af5d000-7f459b15c000 ---p 00005000 08:08 1973562                    /usr/lib/x86_64-linux-gnu/libXtst.so.6.1.0
7f459b15c000-7f459b15d000 r--p 00004000 08:08 1973562                    /usr/lib/x86_64-linux-gnu/libXtst.so.6.1.0
7f459b15d000-7f459b15e000 rw-p 00005000 08:08 1973562                    /usr/lib/x86_64-linux-gnu/libXtst.so.6.1.0
7f459b15e000-7f459b270000 r-xp 00000000 08:08 1974060                    /usr/lib/x86_64-linux-gnu/libglib-2.0.so.0.5000.3
7f459b270000-7f459b46f000 ---p 00112000 08:08 1974060                    /usr/lib/x86_64-linux-gnu/libglib-2.0.so.0.5000.3
7f459b46f000-7f459b470000 r--p 00111000 08:08 1974060                    /usr/lib/x86_64-linux-gnu/libglib-2.0.so.0.5000.3
7f459b470000-7f459b471000 rw-p 00112000 08:08 1974060                    /usr/lib/x86_64-linux-gnu/libglib-2.0.so.0.5000.3
7f459b471000-7f459b472000 rw-p 00000000 00:00 0 
7f459b472000-7f459b473000 r-xp 00000000 08:08 1974280                    /usr/lib/x86_64-linux-gnu/libgthread-2.0.so.0.5000.3
7f459b473000-7f459b672000 ---p 00001000 08:08 1974280                    /usr/lib/x86_64-linux-gnu/libgthread-2.0.so.0.5000.3
7f459b672000-7f459b673000 r--p 00000000 08:08 1974280                    /usr/lib/x86_64-linux-gnu/libgthread-2.0.so.0.5000.3
7f459b673000-7f459b674000 rw-p 00001000 08:08 1974280                    /usr/lib/x86_64-linux-gnu/libgthread-2.0.so.0.5000.3
7f459b674000-7f459b71c000 r-xp 00000000 08:08 1973996                    /usr/lib/x86_64-linux-gnu/libfreetype.so.6.12.3
7f459b71c000-7f459b91c000 ---p 000a8000 08:08 1973996                    /usr/lib/x86_64-linux-gnu/libfreetype.so.6.12.3
7f459b91c000-7f459b922000 r--p 000a8000 08:08 1973996                    /usr/lib/x86_64-linux-gnu/libfreetype.so.6.12.3
7f459b922000-7f459b923000 rw-p 000ae000 08:08 1973996                    /usr/lib/x86_64-linux-gnu/libfreetype.so.6.12.3
7f459b923000-7f459b95f000 r-xp 00000000 08:08 1973982                    /usr/lib/x86_64-linux-gnu/libfontconfig.so.1.8.0
7f459b95f000-7f459bb5e000 ---p 0003c000 08:08 1973982                    /usr/lib/x86_64-linux-gnu/libfontconfig.so.1.8.0
7f459bb5e000-7f459bb60000 r--p 0003b000 08:08 1973982                    /usr/lib/x86_64-linux-gnu/libfontconfig.so.1.8.0
7f459bb60000-7f459bb61000 rw-p 0003d000 08:08 1973982                    /usr/lib/x86_64-linux-gnu/libfontconfig.so.1.8.0
7f459bb61000-7f459bbb3000 r-xp 00000000 08:08 1974112                    /usr/lib/x86_64-linux-gnu/libgobject-2.0.so.0.5000.3
7f459bbb3000-7f459bdb2000 ---p 00052000 08:08 1974112                    /usr/lib/x86_64-linux-gnu/libgobject-2.0.so.0.5000.3
7f459bdb2000-7f459bdb3000 r--p 00051000 08:08 1974112                    /usr/lib/x86_64-linux-gnu/libgobject-2.0.so.0.5000.3
7f459bdb3000-7f459bdb4000 rw-p 00052000 08:08 1974112                    /usr/lib/x86_64-linux-gnu/libgobject-2.0.so.0.5000.3
7f459bdb4000-7f459bdfd000 r-xp 00000000 08:08 1974732                    /usr/lib/x86_64-linux-gnu/libpango-1.0.so.0.4000.5
7f459bdfd000-7f459bffc000 ---p 00049000 08:08 1974732                    /usr/lib/x86_64-linux-gnu/libpango-1.0.so.0.4000.5
7f459bffc000-7f459bfff000 r--p 00048000 08:08 1974732                    /usr/lib/x86_64-linux-gnu/libpango-1.0.so.0.4000.5
7f459bfff000-7f459c000000 rw-p 0004b000 08:08 1974732                    /usr/lib/x86_64-linux-gnu/libpango-1.0.so.0.4000.5
7f459c000000-7f459c021000 rw-p 00000000 00:00 0 
7f459c021000-7f45a0000000 ---p 00000000 00:00 0 
7f45a0000000-7f45a18d5000 rw-p 00000000 00:00 0 
7f45a18d5000-7f45a4000000 ---p 00000000 00:00 0 
7f45a4000000-7f45a43ba000 rw-p 00000000 00:00 0 
7f45a43ba000-7f45a8000000 ---p 00000000 00:00 0 
7f45a8000000-7f45a8021000 rw-p 00000000 00:00 0 
7f45a8021000-7f45ac000000 ---p 00000000 00:00 0 
7f45ac000000-7f45ac021000 rw-p 00000000 00:00 0 
7f45ac021000-7f45b0000000 ---p 00000000 00:00 0 
7f45b0000000-7f45b046a000 rw-p 00000000 00:00 0 
7f45b046a000-7f45b4000000 ---p 00000000 00:00 0 
7f45b4000000-7f45b4021000 rw-p 00000000 00:00 0 
7f45b4021000-7f45b8000000 ---p 00000000 00:00 0 
7f45b8000000-7f45b8021000 rw-p 00000000 00:00 0 
7f45b8021000-7f45bc000000 ---p 00000000 00:00 0 
7f45bc000000-7f45bc021000 rw-p 00000000 00:00 0 
7f45bc021000-7f45c0000000 ---p 00000000 00:00 0 
7f45c0000000-7f45c0021000 rw-p 00000000 00:00 0 
7f45c0021000-7f45c4000000 ---p 00000000 00:00 0 
7f45c4000000-7f45c4021000 rw-p 00000000 00:00 0 
7f45c4021000-7f45c8000000 ---p 00000000 00:00 0 
7f45c8000000-7f45c8004000 r--s 00000000 08:08 1572907                    /var/cache/fontconfig/0fafd173547752dce4dee1a69e0b3c95-le64.cache-4
7f45c8004000-7f45c800a000 r--s 00000000 08:08 1572928                    /var/cache/fontconfig/3047814df9a2f067bd2d96a2b9c36e5a-le64.cache-4
7f45c800a000-7f45c8016000 r--s 00000000 08:08 1586852                    /var/cache/fontconfig/d589a48862398ed80a3d6066f4f56f4c-le64.cache-4
7f45c8016000-7f45c8019000 r--s 00000000 08:08 1572923                    /var/cache/fontconfig/47e67d79d01846c7b6efd6b4f03a6092-le64.cache-4
7f45c8019000-7f45c802b000 r--s 00000000 08:08 1572910                    /var/cache/fontconfig/9b89f8e3dae116d678bbf48e5f21f69b-le64.cache-4
7f45c802b000-7f45c8043000 r--s 0021f000 08:09 14421222                   /home/atomx/eclipse-workspace/Library/lib/mysql-connector-java-8.0.17.jar
7f45c8043000-7f45c8184000 rw-s 00000000 08:09 12845132                   /home/atomx/.cache/mesa_shader_cache/index
7f45c8184000-7f45c8198000 r-xp 00000000 08:08 1974736                    /usr/lib/x86_64-linux-gnu/libpangoft2-1.0.so.0.4000.5
7f45c8198000-7f45c8398000 ---p 00014000 08:08 1974736                    /usr/lib/x86_64-linux-gnu/libpangoft2-1.0.so.0.4000.5
7f45c8398000-7f45c8399000 r--p 00014000 08:08 1974736                    /usr/lib/x86_64-linux-gnu/libpangoft2-1.0.so.0.4000.5
7f45c8399000-7f45c839a000 rw-p 00015000 08:08 1974736                    /usr/lib/x86_64-linux-gnu/libpangoft2-1.0.so.0.4000.5
7f45c839a000-7f45c8527000 r-xp 00000000 08:08 1974048                    /usr/lib/x86_64-linux-gnu/libgio-2.0.so.0.5000.3
7f45c8527000-7f45c8727000 ---p 0018d000 08:08 1974048                    /usr/lib/x86_64-linux-gnu/libgio-2.0.so.0.5000.3
7f45c8727000-7f45c872c000 r--p 0018d000 08:08 1974048                    /usr/lib/x86_64-linux-gnu/libgio-2.0.so.0.5000.3
7f45c872c000-7f45c872f000 rw-p 00192000 08:08 1974048                    /usr/lib/x86_64-linux-gnu/libgio-2.0.so.0.5000.3
7f45c872f000-7f45c8730000 rw-p 00000000 00:00 0 
7f45c8730000-7f45c8752000 r-xp 00000000 08:08 1974034                    /usr/lib/x86_64-linux-gnu/libgdk_pixbuf-2.0.so.0.3600.5
7f45c8752000-7f45c8952000 ---p 00022000 08:08 1974034                    /usr/lib/x86_64-linux-gnu/libgdk_pixbuf-2.0.so.0.3600.5
7f45c8952000-7f45c8953000 r--p 00022000 08:08 1974034                    /usr/lib/x86_64-linux-gnu/libgdk_pixbuf-2.0.so.0.3600.5
7f45c8953000-7f45c8954000 rw-p 00023000 08:08 1974034                    /usr/lib/x86_64-linux-gnu/libgdk_pixbuf-2.0.so.0.3600.5
7f45c8954000-7f45c8a62000 r-xp 00000000 08:08 1973694                    /usr/lib/x86_64-linux-gnu/libcairo.so.2.11400.8
7f45c8a62000-7f45c8c62000 ---p 0010e000 08:08 1973694                    /usr/lib/x86_64-linux-gnu/libcairo.so.2.11400.8
7f45c8c62000-7f45c8c65000 r--p 0010e000 08:08 1973694                    /usr/lib/x86_64-linux-gnu/libcairo.so.2.11400.8
7f45c8c65000-7f45c8c66000 rw-p 00111000 08:08 1973694                    /usr/lib/x86_64-linux-gnu/libcairo.so.2.11400.8
7f45c8c66000-7f45c8c68000 rw-p 00000000 00:00 0 
7f45c8c68000-7f45c8c8b000 r-xp 00000000 08:08 1973616                    /usr/lib/x86_64-linux-gnu/libatk-1.0.so.0.22209.1
7f45c8c8b000-7f45c8e8a000 ---p 00023000 08:08 1973616                    /usr/lib/x86_64-linux-gnu/libatk-1.0.so.0.22209.1
7f45c8e8a000-7f45c8e8d000 r--p 00022000 08:08 1973616                    /usr/lib/x86_64-linux-gnu/libatk-1.0.so.0.22209.1
7f45c8e8d000-7f45c8e8e000 rw-p 00025000 08:08 1973616                    /usr/lib/x86_64-linux-gnu/libatk-1.0.so.0.22209.1
7f45c8e8e000-7f45c8e9a000 r-xp 00000000 08:08 1974734                    /usr/lib/x86_64-linux-gnu/libpangocairo-1.0.so.0.4000.5
7f45c8e9a000-7f45c9099000 ---p 0000c000 08:08 1974734                    /usr/lib/x86_64-linux-gnu/libpangocairo-1.0.so.0.4000.5
7f45c9099000-7f45c909a000 r--p 0000b000 08:08 1974734                    /usr/lib/x86_64-linux-gnu/libpangocairo-1.0.so.0.4000.5
7f45c909a000-7f45c909b000 rw-p 0000c000 08:08 1974734                    /usr/lib/x86_64-linux-gnu/libpangocairo-1.0.so.0.4000.5
7f45c909b000-7f45c914b000 r-xp 00000000 08:08 1974032                    /usr/lib/x86_64-linux-gnu/libgdk-x11-2.0.so.0.2400.31
7f45c914b000-7f45c934a000 ---p 000b0000 08:08 1974032                    /usr/lib/x86_64-linux-gnu/libgdk-x11-2.0.so.0.2400.31
7f45c934a000-7f45c934e000 r--p 000af000 08:08 1974032                    /usr/lib/x86_64-linux-gnu/libgdk-x11-2.0.so.0.2400.31
7f45c934e000-7f45c9350000 rw-p 000b3000 08:08 1974032                    /usr/lib/x86_64-linux-gnu/libgdk-x11-2.0.so.0.2400.31
7f45c9350000-7f45c9790000 r-xp 00000000 08:08 1974286                    /usr/lib/x86_64-linux-gnu/libgtk-x11-2.0.so.0.2400.31
7f45c9790000-7f45c998f000 ---p 00440000 08:08 1974286                    /usr/lib/x86_64-linux-gnu/libgtk-x11-2.0.so.0.2400.31
7f45c998f000-7f45c9996000 r--p 0043f000 08:08 1974286                    /usr/lib/x86_64-linux-gnu/libgtk-x11-2.0.so.0.2400.31
7f45c9996000-7f45c999a000 rw-p 00446000 08:08 1974286                    /usr/lib/x86_64-linux-gnu/libgtk-x11-2.0.so.0.2400.31
7f45c999a000-7f45c999d000 rw-p 00000000 00:00 0 
7f45c999d000-7f45c99a0000 r--s 00000000 08:08 1590385                    /var/cache/fontconfig/bf6ddb0059d58ea573e04b43f868001f-le64.cache-4
7f45c99a0000-7f45c99a3000 r--s 00000000 08:08 1572931                    /var/cache/fontconfig/e13b20fdb08344e0e664864cc2ede53d-le64.cache-4
7f45c99a3000-7f45c99a8000 r--s 002f9000 08:08 1715168                    /usr/lib/jvm/java-8-openjdk-amd64/jre/lib/charsets.jar
7f45c99a8000-7f45c99ad000 r--s 0009d000 08:08 1715201                    /usr/lib/jvm/java-8-openjdk-amd64/jre/lib/jsse.jar
7f45c99ad000-7f45c99b1000 rw-s 00000000 00:18 129                        /i915 (deleted)
7f45c99b1000-7f45c99b6000 rw-s 00000000 00:18 128                        /i915 (deleted)
7f45c99b6000-7f45c99c2000 r-xp 00000000 08:08 1717405                    /usr/lib/jvm/java-8-openjdk-amd64/jre/lib/amd64/libprism_es2.so
7f45c99c2000-7f45c9bc1000 ---p 0000c000 08:08 1717405                    /usr/lib/jvm/java-8-openjdk-amd64/jre/lib/amd64/libprism_es2.so
7f45c9bc1000-7f45c9bc2000 r--p 0000b000 08:08 1717405                    /usr/lib/jvm/java-8-openjdk-amd64/jre/lib/amd64/libprism_es2.so
7f45c9bc2000-7f45c9bc3000 rw-p 0000c000 08:08 1717405                    /usr/lib/jvm/java-8-openjdk-amd64/jre/lib/amd64/libprism_es2.so
7f45c9bc3000-7f45c9bc6000 ---p 00000000 00:00 0 
7f45c9bc6000-7f45c9cc4000 rw-p 00000000 00:00 0 
7f45c9cc4000-7f45c9d5a000 r--s 007ce000 08:08 2654625                    /usr/share/java/openjfx/jre/lib/ext/jfxrt.jar
7f45c9d5a000-7f45c9d75000 r--s 001d6000 08:08 1715183                    /usr/lib/jvm/java-8-openjdk-amd64/jre/lib/ext/nashorn.jar
7f45c9d75000-7f45c9d90000 r--s 00394000 08:08 1715178                    /usr/lib/jvm/java-8-openjdk-amd64/jre/lib/ext/cldrdata.jar
7f45c9d90000-7f45c9d91000 ---p 00000000 00:00 0 
7f45c9d91000-7f45c9e91000 rw-p 00000000 00:00 0 
7f45c9e91000-7f45c9e94000 ---p 00000000 00:00 0 
7f45c9e94000-7f45c9f92000 rw-p 00000000 00:00 0 
7f45c9f92000-7f45c9f95000 ---p 00000000 00:00 0 
7f45c9f95000-7f45ca093000 rw-p 00000000 00:00 0 
7f45ca093000-7f45ca096000 ---p 00000000 00:00 0 
7f45ca096000-7f45ca194000 rw-p 00000000 00:00 0 
7f45ca194000-7f45ca197000 ---p 00000000 00:00 0 
7f45ca197000-7f45ca295000 rw-p 00000000 00:00 0 
7f45ca295000-7f45ca430000 r--p 00000000 08:08 1711771                    /usr/lib/locale/locale-archive
7f45ca430000-7f45ca433000 ---p 00000000 00:00 0 
7f45ca433000-7f45ca531000 rw-p 00000000 00:00 0 
7f45ca531000-7f45ca534000 ---p 00000000 00:00 0 
7f45ca534000-7f45ca632000 rw-p 00000000 00:00 0 
7f45ca632000-7f45ca633000 ---p 00000000 00:00 0 
7f45ca633000-7f45cb0cc000 rw-p 00000000 00:00 0 
7f45cb0cc000-7f45cb29b000 r--s 03c33000 08:08 1715207                    /usr/lib/jvm/java-8-openjdk-amd64/jre/lib/rt.jar
7f45cb29b000-7f45cfb9e000 rw-p 00000000 00:00 0 
7f45cfb9e000-7f45cfb9f000 ---p 00000000 00:00 0 
7f45cfb9f000-7f45cfc9f000 rw-p 00000000 00:00 0 
7f45cfc9f000-7f45cfca0000 ---p 00000000 00:00 0 
7f45cfca0000-7f45cfdca000 rw-p 00000000 00:00 0 
7f45cfdca000-7f45d002d000 ---p 00000000 00:00 0 
7f45d002d000-7f45d0057000 rw-p 00000000 00:00 0 
7f45d0057000-7f45d02b9000 ---p 00000000 00:00 0 
7f45d02b9000-7f45d02de000 rw-p 00000000 00:00 0 
7f45d02de000-7f45d0400000 ---p 00000000 00:00 0 
7f45d0400000-7f45d041c000 rw-p 00000000 00:00 0 
7f45d041c000-7f45d07c1000 ---p 00000000 00:00 0 
7f45d07c1000-7f45d0e71000 rwxp 00000000 00:00 0 
7f45d0e71000-7f45df7c1000 ---p 00000000 00:00 0 
7f45df7c1000-7f45df7c9000 r-xp 00000000 08:08 1715164                    /usr/lib/jvm/java-8-openjdk-amd64/jre/lib/amd64/libzip.so
7f45df7c9000-7f45df9c8000 ---p 00008000 08:08 1715164                    /usr/lib/jvm/java-8-openjdk-amd64/jre/lib/amd64/libzip.so
7f45df9c8000-7f45df9c9000 r--p 00007000 08:08 1715164                    /usr/lib/jvm/java-8-openjdk-amd64/jre/lib/amd64/libzip.so
7f45df9c9000-7f45df9ca000 rw-p 00008000 08:08 1715164                    /usr/lib/jvm/java-8-openjdk-amd64/jre/lib/amd64/libzip.so
7f45df9ca000-7f45df9d4000 r-xp 00000000 08:08 1974648                    /usr/lib/x86_64-linux-gnu/libnss_files-2.24.so
7f45df9d4000-7f45dfbd4000 ---p 0000a000 08:08 1974648                    /usr/lib/x86_64-linux-gnu/libnss_files-2.24.so
7f45dfbd4000-7f45dfbd5000 r--p 0000a000 08:08 1974648                    /usr/lib/x86_64-linux-gnu/libnss_files-2.24.so
7f45dfbd5000-7f45dfbd6000 rw-p 0000b000 08:08 1974648                    /usr/lib/x86_64-linux-gnu/libnss_files-2.24.so
7f45dfbd6000-7f45dfbdc000 rw-p 00000000 00:00 0 
7f45dfbdc000-7f45dfbe7000 r-xp 00000000 08:08 1974654                    /usr/lib/x86_64-linux-gnu/libnss_nis-2.24.so
7f45dfbe7000-7f45dfde6000 ---p 0000b000 08:08 1974654                    /usr/lib/x86_64-linux-gnu/libnss_nis-2.24.so
7f45dfde6000-7f45dfde7000 r--p 0000a000 08:08 1974654                    /usr/lib/x86_64-linux-gnu/libnss_nis-2.24.so
7f45dfde7000-7f45dfde8000 rw-p 0000b000 08:08 1974654                    /usr/lib/x86_64-linux-gnu/libnss_nis-2.24.so
7f45dfde8000-7f45dfdfc000 r-xp 00000000 08:08 1974636                    /usr/lib/x86_64-linux-gnu/libnsl-2.24.so
7f45dfdfc000-7f45dfffc000 ---p 00014000 08:08 1974636                    /usr/lib/x86_64-linux-gnu/libnsl-2.24.so
7f45dfffc000-7f45dfffd000 r--p 00014000 08:08 1974636                    /usr/lib/x86_64-linux-gnu/libnsl-2.24.so
7f45dfffd000-7f45dfffe000 rw-p 00015000 08:08 1974636                    /usr/lib/x86_64-linux-gnu/libnsl-2.24.so
7f45dfffe000-7f45e0000000 rw-p 00000000 00:00 0 
7f45e0000000-7f45e0298000 rw-p 00000000 00:00 0 
7f45e0298000-7f45e4000000 ---p 00000000 00:00 0 
7f45e4000000-7f45e4001000 r--s 00000000 08:08 1572912                    /var/cache/fontconfig/16c2fda60d1b4b719f4b3d06fd951d25-le64.cache-4
7f45e4001000-7f45e4002000 r--s 00000000 08:08 1590384                    /var/cache/fontconfig/2736766d4907c6828b9382ebdbe3064b-le64.cache-4
7f45e4002000-7f45e4006000 rw-s 00000000 00:18 134                        /i915 (deleted)
7f45e4006000-7f45e400a000 rw-s 00000000 00:18 112                        /i915 (deleted)
7f45e400a000-7f45e400f000 rw-s 00000000 00:18 103                        /i915 (deleted)
7f45e400f000-7f45e4085000 rw-p 00000000 00:00 0 
7f45e4085000-7f45e408c000 r-xp 00000000 08:08 1974642                    /usr/lib/x86_64-linux-gnu/libnss_compat-2.24.so
7f45e408c000-7f45e428b000 ---p 00007000 08:08 1974642                    /usr/lib/x86_64-linux-gnu/libnss_compat-2.24.so
7f45e428b000-7f45e428c000 r--p 00006000 08:08 1974642                    /usr/lib/x86_64-linux-gnu/libnss_compat-2.24.so
7f45e428c000-7f45e428d000 rw-p 00007000 08:08 1974642                    /usr/lib/x86_64-linux-gnu/libnss_compat-2.24.so
7f45e428d000-7f45e42ba000 r-xp 00000000 08:08 1715145                    /usr/lib/jvm/java-8-openjdk-amd64/jre/lib/amd64/libjava.so
7f45e42ba000-7f45e44ba000 ---p 0002d000 08:08 1715145                    /usr/lib/jvm/java-8-openjdk-amd64/jre/lib/amd64/libjava.so
7f45e44ba000-7f45e44bb000 r--p 0002d000 08:08 1715145                    /usr/lib/jvm/java-8-openjdk-amd64/jre/lib/amd64/libjava.so
7f45e44bb000-7f45e44bd000 rw-p 0002e000 08:08 1715145                    /usr/lib/jvm/java-8-openjdk-amd64/jre/lib/amd64/libjava.so
7f45e44bd000-7f45e44cc000 r-xp 00000000 08:08 1715163                    /usr/lib/jvm/java-8-openjdk-amd64/jre/lib/amd64/libverify.so
7f45e44cc000-7f45e46cc000 ---p 0000f000 08:08 1715163                    /usr/lib/jvm/java-8-openjdk-amd64/jre/lib/amd64/libverify.so
7f45e46cc000-7f45e46ce000 r--p 0000f000 08:08 1715163                    /usr/lib/jvm/java-8-openjdk-amd64/jre/lib/amd64/libverify.so
7f45e46ce000-7f45e46cf000 rw-p 00011000 08:08 1715163                    /usr/lib/jvm/java-8-openjdk-amd64/jre/lib/amd64/libverify.so
7f45e46cf000-7f45e46d6000 r-xp 00000000 08:08 1974898                    /usr/lib/x86_64-linux-gnu/librt-2.24.so
7f45e46d6000-7f45e48d5000 ---p 00007000 08:08 1974898                    /usr/lib/x86_64-linux-gnu/librt-2.24.so
7f45e48d5000-7f45e48d6000 r--p 00006000 08:08 1974898                    /usr/lib/x86_64-linux-gnu/librt-2.24.so
7f45e48d6000-7f45e48d7000 rw-p 00007000 08:08 1974898                    /usr/lib/x86_64-linux-gnu/librt-2.24.so
7f45e48d7000-7f45e48ed000 r-xp 00000000 08:08 1974006                    /usr/lib/x86_64-linux-gnu/libgcc_s.so.1
7f45e48ed000-7f45e4aec000 ---p 00016000 08:08 1974006                    /usr/lib/x86_64-linux-gnu/libgcc_s.so.1
7f45e4aec000-7f45e4aed000 r--p 00015000 08:08 1974006                    /usr/lib/x86_64-linux-gnu/libgcc_s.so.1
7f45e4aed000-7f45e4aee000 rw-p 00016000 08:08 1974006                    /usr/lib/x86_64-linux-gnu/libgcc_s.so.1
7f45e4aee000-7f45e4bf1000 r-xp 00000000 08:08 1974512                    /usr/lib/x86_64-linux-gnu/libm-2.24.so
7f45e4bf1000-7f45e4df0000 ---p 00103000 08:08 1974512                    /usr/lib/x86_64-linux-gnu/libm-2.24.so
7f45e4df0000-7f45e4df1000 r--p 00102000 08:08 1974512                    /usr/lib/x86_64-linux-gnu/libm-2.24.so
7f45e4df1000-7f45e4df2000 rw-p 00103000 08:08 1974512                    /usr/lib/x86_64-linux-gnu/libm-2.24.so
7f45e4df2000-7f45e4f64000 r-xp 00000000 08:08 1975001                    /usr/lib/x86_64-linux-gnu/libstdc++.so.6.0.22
7f45e4f64000-7f45e5164000 ---p 00172000 08:08 1975001                    /usr/lib/x86_64-linux-gnu/libstdc++.so.6.0.22
7f45e5164000-7f45e516e000 r--p 00172000 08:08 1975001                    /usr/lib/x86_64-linux-gnu/libstdc++.so.6.0.22
7f45e516e000-7f45e5170000 rw-p 0017c000 08:08 1975001                    /usr/lib/x86_64-linux-gnu/libstdc++.so.6.0.22
7f45e5170000-7f45e5174000 rw-p 00000000 00:00 0 
7f45e5174000-7f45e5dd3000 r-xp 00000000 08:08 1715167                    /usr/lib/jvm/java-8-openjdk-amd64/jre/lib/amd64/server/libjvm.so
7f45e5dd3000-7f45e5fd2000 ---p 00c5f000 08:08 1715167                    /usr/lib/jvm/java-8-openjdk-amd64/jre/lib/amd64/server/libjvm.so
7f45e5fd2000-7f45e6066000 r--p 00c5e000 08:08 1715167                    /usr/lib/jvm/java-8-openjdk-amd64/jre/lib/amd64/server/libjvm.so
7f45e6066000-7f45e608f000 rw-p 00cf2000 08:08 1715167                    /usr/lib/jvm/java-8-openjdk-amd64/jre/lib/amd64/server/libjvm.so
7f45e608f000-7f45e60bf000 rw-p 00000000 00:00 0 
7f45e60bf000-7f45e6254000 r-xp 00000000 08:08 1973682                    /usr/lib/x86_64-linux-gnu/libc-2.24.so
7f45e6254000-7f45e6454000 ---p 00195000 08:08 1973682                    /usr/lib/x86_64-linux-gnu/libc-2.24.so
7f45e6454000-7f45e6458000 r--p 00195000 08:08 1973682                    /usr/lib/x86_64-linux-gnu/libc-2.24.so
7f45e6458000-7f45e645a000 rw-p 00199000 08:08 1973682                    /usr/lib/x86_64-linux-gnu/libc-2.24.so
7f45e645a000-7f45e645e000 rw-p 00000000 00:00 0 
7f45e645e000-7f45e6461000 r-xp 00000000 08:08 1973821                    /usr/lib/x86_64-linux-gnu/libdl-2.24.so
7f45e6461000-7f45e6660000 ---p 00003000 08:08 1973821                    /usr/lib/x86_64-linux-gnu/libdl-2.24.so
7f45e6660000-7f45e6661000 r--p 00002000 08:08 1973821                    /usr/lib/x86_64-linux-gnu/libdl-2.24.so
7f45e6661000-7f45e6662000 rw-p 00003000 08:08 1973821                    /usr/lib/x86_64-linux-gnu/libdl-2.24.so
7f45e6662000-7f45e666f000 r-xp 00000000 08:08 1715131                    /usr/lib/jvm/java-8-openjdk-amd64/jre/lib/amd64/jli/libjli.so
7f45e666f000-7f45e686f000 ---p 0000d000 08:08 1715131                    /usr/lib/jvm/java-8-openjdk-amd64/jre/lib/amd64/jli/libjli.so
7f45e686f000-7f45e6870000 r--p 0000d000 08:08 1715131                    /usr/lib/jvm/java-8-openjdk-amd64/jre/lib/amd64/jli/libjli.so
7f45e6870000-7f45e6871000 rw-p 0000e000 08:08 1715131                    /usr/lib/jvm/java-8-openjdk-amd64/jre/lib/amd64/jli/libjli.so
7f45e6871000-7f45e688a000 r-xp 00000000 08:08 1975262                    /usr/lib/x86_64-linux-gnu/libz.so.1.2.8
7f45e688a000-7f45e6a89000 ---p 00019000 08:08 1975262                    /usr/lib/x86_64-linux-gnu/libz.so.1.2.8
7f45e6a89000-7f45e6a8a000 r--p 00018000 08:08 1975262                    /usr/lib/x86_64-linux-gnu/libz.so.1.2.8
7f45e6a8a000-7f45e6a8b000 rw-p 00019000 08:08 1975262                    /usr/lib/x86_64-linux-gnu/libz.so.1.2.8
7f45e6a8b000-7f45e6aa3000 r-xp 00000000 08:08 1974838                    /usr/lib/x86_64-linux-gnu/libpthread-2.24.so
7f45e6aa3000-7f45e6ca2000 ---p 00018000 08:08 1974838                    /usr/lib/x86_64-linux-gnu/libpthread-2.24.so
7f45e6ca2000-7f45e6ca3000 r--p 00017000 08:08 1974838                    /usr/lib/x86_64-linux-gnu/libpthread-2.24.so
7f45e6ca3000-7f45e6ca4000 rw-p 00018000 08:08 1974838                    /usr/lib/x86_64-linux-gnu/libpthread-2.24.so
7f45e6ca4000-7f45e6ca8000 rw-p 00000000 00:00 0 
7f45e6ca8000-7f45e6ccb000 r-xp 00000000 08:08 1973230                    /usr/lib/x86_64-linux-gnu/ld-2.24.so
7f45e6ccb000-7f45e6ccc000 r--s 00008000 08:09 13369446                   /home/atomx/.eclipse/org.eclipse.platform_4.12.0_1473617060_linux_gtk_x86_64/plugins/org.eclipse.fx.ide.css.jfx8_3.5.0.201902220800.jar
7f45e6ccc000-7f45e6ccd000 rw-s 1009d4000 00:06 344                       /dev/dri/card0
7f45e6ccd000-7f45e6cce000 rwxp 00000000 00:00 0 
7f45e6cce000-7f45e6cd2000 rw-s 00000000 00:18 114                        /i915 (deleted)
7f45e6cd2000-7f45e6cd5000 r--s 0000f000 08:08 1715180                    /usr/lib/jvm/java-8-openjdk-amd64/jre/lib/ext/icedtea-sound.jar
7f45e6cd5000-7f45e6cd7000 r--s 00001000 08:08 1715179                    /usr/lib/jvm/java-8-openjdk-amd64/jre/lib/ext/dnsns.jar
7f45e6cd7000-7f45e6cd9000 r--s 00008000 08:08 1715184                    /usr/lib/jvm/java-8-openjdk-amd64/jre/lib/ext/sunec.jar
7f45e6cd9000-7f45e6cdf000 r--s 0003b000 08:08 1715185                    /usr/lib/jvm/java-8-openjdk-amd64/jre/lib/ext/sunjce_provider.jar
7f45e6cdf000-7f45e6ce1000 r--s 00007000 08:08 2654545                    /usr/share/java/java-atk-wrapper.jar
7f45e6ce1000-7f45e6dac000 rw-p 00000000 00:00 0 
7f45e6dac000-7f45e6daf000 ---p 00000000 00:00 0 
7f45e6daf000-7f45e6eaf000 rw-p 00000000 00:00 0 
7f45e6eaf000-7f45e6eb0000 r--s 00010000 08:08 1715187                    /usr/lib/jvm/java-8-openjdk-amd64/jre/lib/ext/zipfs.jar
7f45e6eb0000-7f45e6eb1000 r--s 0000a000 08:08 1715181                    /usr/lib/jvm/java-8-openjdk-amd64/jre/lib/ext/jaccess.jar
7f45e6eb1000-7f45e6eb4000 r--s 00038000 08:08 1715186                    /usr/lib/jvm/java-8-openjdk-amd64/jre/lib/ext/sunpkcs11.jar
7f45e6eb4000-7f45e6ebe000 r--s 00116000 08:08 1715182                    /usr/lib/jvm/java-8-openjdk-amd64/jre/lib/ext/localedata.jar
7f45e6ebe000-7f45e6ec6000 rw-s 00000000 08:08 2104380                    /tmp/hsperfdata_atomx/27124
7f45e6ec6000-7f45e6ec7000 rw-p 00000000 00:00 0 
7f45e6ec7000-7f45e6ec8000 r--p 00000000 00:00 0 
7f45e6ec8000-7f45e6ecb000 rw-p 00000000 00:00 0 
7f45e6ecb000-7f45e6ecc000 r--p 00023000 08:08 1973230                    /usr/lib/x86_64-linux-gnu/ld-2.24.so
7f45e6ecc000-7f45e6ecd000 rw-p 00024000 08:08 1973230                    /usr/lib/x86_64-linux-gnu/ld-2.24.so
7f45e6ecd000-7f45e6ece000 rw-p 00000000 00:00 0 
7ffeb6444000-7ffeb6465000 rw-p 00000000 00:00 0                          [stack]
7ffeb652c000-7ffeb652f000 r--p 00000000 00:00 0                          [vvar]
7ffeb652f000-7ffeb6531000 r-xp 00000000 00:00 0                          [vdso]
ffffffffff600000-ffffffffff601000 r-xp 00000000 00:00 0                  [vsyscall]

VM Arguments:
jvm_args: -Dfile.encoding=UTF-8 
java_command: application.Main
java_class_path (initial): /home/atomx/eclipse-workspace/Library/bin:/home/atomx/.eclipse/org.eclipse.platform_4.12.0_1473617060_linux_gtk_x86_64/plugins/org.eclipse.fx.ide.css.jfx8_3.5.0.201902220800.jar:/home/atomx/eclipse-workspace/Library/lib/jfxrt.jar:/home/atomx/eclipse-workspace/Library/lib/mysql-connector-java-8.0.17.jar
Launcher Type: SUN_STANDARD

Environment Variables:
PATH=/usr/local/bin:/usr/bin:/bin:/usr/local/games:/usr/games:/sbin:/usr/sbin
SHELL=/bin/bash
DISPLAY=:0

Signal Handlers:
SIGSEGV: [libjvm.so+0xa74b40], sa_mask[0]=11111111011111111101111111111110, sa_flags=SA_RESTART|SA_SIGINFO
SIGBUS: [libjvm.so+0xa74b40], sa_mask[0]=11111111011111111101111111111110, sa_flags=SA_RESTART|SA_SIGINFO
SIGFPE: [libjvm.so+0x8bd510], sa_mask[0]=11111111011111111101111111111110, sa_flags=SA_RESTART|SA_SIGINFO
SIGPIPE: SIG_IGN, sa_mask[0]=00000000000010000000000000000000, sa_flags=SA_RESTART
SIGXFSZ: [libjvm.so+0x8bd510], sa_mask[0]=11111111011111111101111111111110, sa_flags=SA_RESTART|SA_SIGINFO
SIGILL: [libjvm.so+0x8bd510], sa_mask[0]=11111111011111111101111111111110, sa_flags=SA_RESTART|SA_SIGINFO
SIGUSR1: SIG_DFL, sa_mask[0]=00000000000000000000000000000000, sa_flags=none
SIGUSR2: [libjvm.so+0x8bd3c0], sa_mask[0]=00100000000000000000000000000000, sa_flags=SA_RESTART|SA_SIGINFO
SIGHUP: SIG_IGN, sa_mask[0]=00000000000000000000000000000000, sa_flags=none
SIGINT: [libjvm.so+0x8bd870], sa_mask[0]=11111111011111111101111111111110, sa_flags=SA_RESTART|SA_SIGINFO
SIGTERM: [libjvm.so+0x8bd870], sa_mask[0]=11111111011111111101111111111110, sa_flags=SA_RESTART|SA_SIGINFO
SIGQUIT: [libjvm.so+0x8bd870], sa_mask[0]=11111111011111111101111111111110, sa_flags=SA_RESTART|SA_SIGINFO


---------------  S Y S T E M  ---------------

OS:DISTRIB_ID=Deepin
DISTRIB_RELEASE="15.11"
DISTRIB_DESCRIPTION="Deepin 15.11 "
DISTRIB_CODENAME=stable

uname:Linux 4.15.0-30deepin-generic #31 SMP Fri Nov 30 04:29:02 UTC 2018 x86_64
libc:glibc 2.24 NPTL 2.24 
rlimit: STACK 8192k, CORE 0k, NPROC 30921, NOFILE 1048576, AS infinity
load average:2.17 1.48 1.38

/proc/meminfo:
MemTotal:        8018944 kB
MemFree:         1721688 kB
MemAvailable:    4425696 kB
Buffers:          392972 kB
Cached:          2539300 kB
SwapCached:            0 kB
Active:          4531588 kB
Inactive:        1364156 kB
Active(anon):    2964940 kB
Inactive(anon):   127324 kB
Active(file):    1566648 kB
Inactive(file):  1236832 kB
Unevictable:          96 kB
Mlocked:              96 kB
SwapTotal:       2097148 kB
SwapFree:        2097148 kB
Dirty:               428 kB
Writeback:             0 kB
AnonPages:       2963588 kB
Mapped:           531520 kB
Shmem:            128804 kB
Slab:             276324 kB
SReclaimable:     210592 kB
SUnreclaim:        65732 kB
KernelStack:       13264 kB
PageTables:        50008 kB
NFS_Unstable:          0 kB
Bounce:                0 kB
WritebackTmp:          0 kB
CommitLimit:     6106620 kB
Committed_AS:    9084124 kB
VmallocTotal:   34359738367 kB
VmallocUsed:           0 kB
VmallocChunk:          0 kB
HardwareCorrupted:     0 kB
AnonHugePages:      2048 kB
ShmemHugePages:        0 kB
ShmemPmdMapped:        0 kB
CmaTotal:              0 kB
CmaFree:               0 kB
HugePages_Total:       0
HugePages_Free:        0
HugePages_Rsvd:        0
HugePages_Surp:        0
Hugepagesize:       2048 kB
DirectMap4k:      453564 kB
DirectMap2M:     7784448 kB


CPU:total 2 (initial active 2) (2 cores per cpu, 1 threads per core) family 6 model 76 stepping 4, cmov, cx8, fxsr, mmx, sse, sse2, sse3, ssse3, sse4.1, sse4.2, popcnt, aes, clmul, erms, 3dnowpref, tsc, tscinvbit

/proc/cpuinfo:
processor	: 0
vendor_id	: GenuineIntel
cpu family	: 6
model		: 76
model name	: Intel(R) Celeron(R) CPU  N3010  @ 1.04GHz
stepping	: 4
microcode	: 0x404
cpu MHz		: 2240.000
cache size	: 1024 KB
physical id	: 0
siblings	: 2
core id		: 0
cpu cores	: 2
apicid		: 0
initial apicid	: 0
fpu		: yes
fpu_exception	: yes
cpuid level	: 11
wp		: yes
flags		: fpu vme de pse tsc msr pae mce cx8 apic sep mtrr pge mca cmov pat pse36 clflush dts acpi mmx fxsr sse sse2 ss ht tm pbe syscall nx rdtscp lm constant_tsc arch_perfmon pebs bts rep_good nopl xtopology tsc_reliable nonstop_tsc cpuid aperfmperf tsc_known_freq pni pclmulqdq dtes64 monitor ds_cpl vmx est tm2 ssse3 cx16 xtpr pdcm sse4_1 sse4_2 movbe popcnt tsc_deadline_timer aes rdrand lahf_lm 3dnowprefetch epb pti tpr_shadow vnmi flexpriority ept vpid tsc_adjust smep erms dtherm ida arat
bugs		: cpu_meltdown spectre_v1 spectre_v2
bogomips	: 2080.00
clflush size	: 64
cache_alignment	: 64
address sizes	: 36 bits physical, 48 bits virtual
power management:

processor	: 1
vendor_id	: GenuineIntel
cpu family	: 6
model		: 76
model name	: Intel(R) Celeron(R) CPU  N3010  @ 1.04GHz
stepping	: 4
microcode	: 0x404
cpu MHz		: 2240.000
cache size	: 1024 KB
physical id	: 0
siblings	: 2
core id		: 2
cpu cores	: 2
apicid		: 4
initial apicid	: 4
fpu		: yes
fpu_exception	: yes
cpuid level	: 11
wp		: yes
flags		: fpu vme de pse tsc msr pae mce cx8 apic sep mtrr pge mca cmov pat pse36 clflush dts acpi mmx fxsr sse sse2 ss ht tm pbe syscall nx rdtscp lm constant_tsc arch_perfmon pebs bts rep_good nopl xtopology tsc_reliable nonstop_tsc cpuid aperfmperf tsc_known_freq pni pclmulqdq dtes64 monitor ds_cpl vmx est tm2 ssse3 cx16 xtpr pdcm sse4_1 sse4_2 movbe popcnt tsc_deadline_timer aes rdrand lahf_lm 3dnowprefetch epb pti tpr_shadow vnmi flexpriority ept vpid tsc_adjust smep erms dtherm ida arat
bugs		: cpu_meltdown spectre_v1 spectre_v2
bogomips	: 2080.00
clflush size	: 64
cache_alignment	: 64
address sizes	: 36 bits physical, 48 bits virtual
power management:



Memory: 4k page, physical 8018944k(1721688k free), swap 2097148k(2097148k free)

vm_info: OpenJDK 64-Bit Server VM (25.181-b13) for linux-amd64 JRE (1.8.0_181-8u181-b13-2~deb9u1-b13), built on Oct 22 2018 18:05:23 by "pbuilder" with gcc 6.3.0 20170516

time: Sat Aug 31 14:32:40 2019
elapsed time: 21 seconds (0d 0h 0m 21s)

